---------------------------------------------------------task: 19---------------------------------------------------------
--------------------------------------------------------------------------------------------------------------------------------------------------------------------
--------------------------------------------------------------------------------------------------------------------------------------------------------------------
Step:--------------------------------------------------------------------------0-------------------------------------------------------------------------------
----------------------------------------
VLM Prompt:
**Task**  
Please perform as an embodied AI agent. Our final objective is to put a cool tomato in microwave. Below is the plan for completing the task, the current observation, alongside historical data and admissible actions for the next step. Please determine the best action for the next step!

**Plan**
Below is a detailed step-by-step plan to complete the task.
1. Find a tomato.
2. Pick up the tomato.
3. Find a fridge.
4. Cool the tomato with the fridge.
5. Find a microwave.
6. Place the cooled tomato in the microwave.

**Current Observation**
Displayed is an image capturing the current position of the agent.
<image>
Objects in The Image: ['tomato', 'countertop', 'window', 'sink', 'faucet', 'coffee maker']

**History Information**
Displayed are the previous observations with their corresponding actions.
No history.

**Admissible Actions**
(1): go to cabinet 1
(2): go to cabinet 2
(3): go to cabinet 3
(4): go to fridge 1
(5): go to countertop 1
(6): go to cabinet 4
(7): go to cabinet 5
(8): go to cabinet 6
(9): go to cabinet 7
(10): go to drawer 1
(11): go to drawer 2
(12): go to cabinet 8
(13): go to drawer 3
(14): go to cabinet 9
(15): go to cabinet 10
(16): go to drawer 4
(17): go to microwave 1
(18): go to cabinet 11
(19): go to toaster 1
(20): go to cabinet 12
(21): go to cabinet 13
(22): go to cabinet 14
(23): go to cabinet 15
(24): go to countertop 2
(25): go to coffeemachine 1
(26): go to garbagecan 1
(27): go to countertop 3
(28): go to countertop 4
(29): go to sink 1
(30): go to stoveburner 1
(31): go to stoveburner 2
(32): go to stoveburner 3
(33): go to sinkbasin 1

**Analysis Guideline**
1. Analyze the history and current observation, and then determine our current step in the plan and our current place. 
2. List all visible objects related to the task in the current observation, without summarizing any as "various items."
3. Analyze the objects in the current observation based on the history and the requirements for the current step, and then determine if we can complete the step with the current observation.
4. Analyze and decide on the most appropriate action to take.
5. Summarize the analysis using the following format: "Analysis: [The summarization of the analysis], The Most Appropriate Action: (i which is the integer.): [Selected action]"

**Notes**
1. We must complete each step of the plan in order and cannot skip steps when the previous ones are not finished.
2. For "Go to" actions listed as "go to xxx [n]", interpret this as there are n distinct actions available: "go to xxx 1", "go to xxx 2", ..., "go to xxx n". Select one specific action from these options instead of using "go to xxx [n]".
3. If receptacles such as drawers, cabinets, and so forth are closed in the current observation, we may try to open them.
4. Pay attention to synonyms and ensure clarity in the terms used.
5. We must determine and provide the single action which must be in the **Admissible Actions**.
6. If there is no history available, we are at the first step and the current place is "Unknown".


**Answer**
Please select the most suitable action by following the **Analysis Guideline**, keeping the above **Notes** in mind.
----------------------------------------

----------------------------------------

VLM Response:
Analysis: The current step in the plan is to pick up the tomato, as we have already found it in the current observation. In the image, we can see a ripe tomato on the countertop. Since there is no history information, we can conclude that we are at the beginning of the task and the current location is the kitchen, as indicated by the presence of kitchen appliances and fixtures. As the tomato is within view and accessible, we can proceed to complete the current step of picking up the tomato without needing to move elsewhere. Therefore, the most appropriate action is not listed among the admissible actions because none of them specifically state "pick up the tomato." However, since the tomato is on the countertop, the closest action that would logically involve interacting with the tomato would be to go to the countertop where the tomato is located.

The Most Appropriate Action: (5): go to countertop 1

----------------------------------------

----------------------------------------

>>> Refine VLM Response and Get Pure Action: go to countertop 1

----------------------------------------

-----------------------------------------------------------------

Running time: 16.029646635055542 seconds

Total Money: 0

-----------------------------------------------------------------

-----------------------------------------------------------------

Summarization Prompt:
**Context**
Analysis: Since there is no history information, we are at the first step in the plan, which is to find a statue. The current place is unknown. In the current observation, we see a floorlamp next to an armchair with a small table that has a small object on it, which could potentially be the statue we are looking for. Since the plan requires us to find a statue first and it appears there might be one on the table next to the armchair, we should investigate this object to determine if it is the statue we need.
The Most Appropriate Action: (1): go to armchair 1

**Summary**
1. Step Index in the Plan: 1
2. Objects: Floorlamp, Armchair, Small Table, Small Object (potential statue)
3. Action: go to armchair 1

**Context**
Analysis: The current step in the plan is to pick up the tomato, as we have already found it in the current observation. In the image, we can see a ripe tomato on the countertop. Since there is no history information, we can conclude that we are at the beginning of the task and the current location is the kitchen, as indicated by the presence of kitchen appliances and fixtures. As the tomato is within view and accessible, we can proceed to complete the current step of picking up the tomato without needing to move elsewhere. Therefore, the most appropriate action is not listed among the admissible actions because none of them specifically state "pick up the tomato." However, since the tomato is on the countertop, the closest action that would logically involve interacting with the tomato would be to go to the countertop where the tomato is located.

The Most Appropriate Action: (5): go to countertop 1

Please summarize the context by following above examples when providing the summary, and ensure that only the summary is included, without any extra explanation.

**Summary**

-----------------------------------------------------------------

-----------------------------------------------------------------

Summarization Response:
1. Step Index in the Plan: 1
2. Objects: Tomato, Countertop, Kitchen Appliances
3. Action: go to countertop 1

-----------------------------------------------------------------

-----------------------------------------------------------------

Text Observation:You arrive at loc 4. On the countertop 1, you see a plate 1.

--------------------------------------------------------------------------------------------------------------------------task: 19---------------------------------------------------------
--------------------------------------------------------------------------------------------------------------------------------------------------------------------
--------------------------------------------------------------------------------------------------------------------------------------------------------------------
Step:--------------------------------------------------------------------------1-------------------------------------------------------------------------------
----------------------------------------
VLM Prompt:
**Task**  
Please perform as an embodied AI agent. Our final objective is to put a cool tomato in microwave. Below is the plan for completing the task, the current observation, alongside historical data and admissible actions for the next step. Please determine the best action for the next step!

**Plan**
Below is a detailed step-by-step plan to complete the task.
1. Find a tomato.
2. Pick up the tomato.
3. Find a fridge.
4. Cool the tomato with the fridge.
5. Find a microwave.
6. Place the cooled tomato in the microwave.

**Current Observation**
Displayed is an image capturing the current position of the agent.
<image>
Objects in The Image: ['cabinet', 'wall', 'countertop', 'jar lid']

**History Information**
Displayed are the previous observations with their corresponding actions.
State 0:
No history.
State 1:
1. Step Index in the Plan: 1
2. Objects: Tomato, Countertop, Kitchen Appliances
3. Action: go to countertop 1


**Admissible Actions**
(1): go to cabinet 1
(2): go to cabinet 2
(3): go to cabinet 3
(4): go to fridge 1
(5): go to cabinet 4
(6): go to cabinet 5
(7): go to cabinet 6
(8): go to cabinet 7
(9): go to drawer 1
(10): go to drawer 2
(11): go to cabinet 8
(12): go to drawer 3
(13): go to cabinet 9
(14): go to cabinet 10
(15): go to drawer 4
(16): go to microwave 1
(17): go to cabinet 11
(18): go to toaster 1
(19): go to cabinet 12
(20): go to cabinet 13
(21): go to cabinet 14
(22): go to cabinet 15
(23): go to countertop 2
(24): go to coffeemachine 1
(25): go to garbagecan 1
(26): go to countertop 3
(27): go to countertop 4
(28): go to sink 1
(29): go to stoveburner 1
(30): go to stoveburner 2
(31): go to stoveburner 3
(32): go to sinkbasin 1
(33): take plate 1 from countertop 1

**Analysis Guideline**
1. Analyze the history and current observation, and then determine our current step in the plan and our current place. 
2. List all visible objects related to the task in the current observation, without summarizing any as "various items."
3. Analyze the objects in the current observation based on the history and the requirements for the current step, and then determine if we can complete the step with the current observation.
4. Analyze and decide on the most appropriate action to take.
5. Summarize the analysis using the following format: "Analysis: [The summarization of the analysis], The Most Appropriate Action: (i which is the integer.): [Selected action]"

**Notes**
1. We must complete each step of the plan in order and cannot skip steps when the previous ones are not finished.
2. For "Go to" actions listed as "go to xxx [n]", interpret this as there are n distinct actions available: "go to xxx 1", "go to xxx 2", ..., "go to xxx n". Select one specific action from these options instead of using "go to xxx [n]".
3. If receptacles such as drawers, cabinets, and so forth are closed in the current observation, we may try to open them.
4. Pay attention to synonyms and ensure clarity in the terms used.
5. We must determine and provide the single action which must be in the **Admissible Actions**.
6. If there is no history available, we are at the first step and the current place is "Unknown".


**Answer**
Please select the most suitable action by following the **Analysis Guideline**, keeping the above **Notes** in mind.
----------------------------------------

----------------------------------------

VLM Response:
Analysis: Based on the history information and the current observation, we are likely at Step 2 of the plan which is to pick up the tomato, since the last action was to go to the countertop where tomatoes and other kitchen appliances were observed. However, the current observation does not show a tomato on the countertop; instead, we see a cabinet, a wall, a countertop, and a jar lid. We need to find the tomato before we can proceed to the next steps. Since the tomato is not visible in the current observation, we cannot complete the current step with the current observation. The most suitable action would be to explore the environment to locate the tomato. Among the admissible actions, going to a different countertop might give us a better chance to find the tomato, as it is not usually stored in cabinets or drawers.

The Most Appropriate Action: (26): go to countertop 3

----------------------------------------

----------------------------------------

>>> Refine VLM Response and Get Pure Action: go to countertop 3

----------------------------------------

-----------------------------------------------------------------

Running time: 11.69665813446045 seconds

Total Money: 0

-----------------------------------------------------------------

-----------------------------------------------------------------

Summarization Prompt:
**Context**
Analysis: Since there is no history information, we are at the first step in the plan, which is to find a statue. The current place is unknown. In the current observation, we see a floorlamp next to an armchair with a small table that has a small object on it, which could potentially be the statue we are looking for. Since the plan requires us to find a statue first and it appears there might be one on the table next to the armchair, we should investigate this object to determine if it is the statue we need.
The Most Appropriate Action: (1): go to armchair 1

**Summary**
1. Step Index in the Plan: 1
2. Objects: Floorlamp, Armchair, Small Table, Small Object (potential statue)
3. Action: go to armchair 1

**Context**
Analysis: Based on the history information and the current observation, we are likely at Step 2 of the plan which is to pick up the tomato, since the last action was to go to the countertop where tomatoes and other kitchen appliances were observed. However, the current observation does not show a tomato on the countertop; instead, we see a cabinet, a wall, a countertop, and a jar lid. We need to find the tomato before we can proceed to the next steps. Since the tomato is not visible in the current observation, we cannot complete the current step with the current observation. The most suitable action would be to explore the environment to locate the tomato. Among the admissible actions, going to a different countertop might give us a better chance to find the tomato, as it is not usually stored in cabinets or drawers.

The Most Appropriate Action: (26): go to countertop 3

Please summarize the context by following above examples when providing the summary, and ensure that only the summary is included, without any extra explanation.

**Summary**

-----------------------------------------------------------------

-----------------------------------------------------------------

Summarization Response:
1. Step Index in the Plan: 2
2. Objects: Cabinet, Wall, Countertop, Jar Lid
3. Action: go to countertop 3

-----------------------------------------------------------------

-----------------------------------------------------------------

Text Observation:You arrive at loc 26. On the countertop 3, you see a pot 1, a soapbottle 1, a saltshaker 1, a kettle 1, a peppershaker 1, a saltshaker 2, a stoveknob 1, and a egg 1.

--------------------------------------------------------------------------------------------------------------------------task: 19---------------------------------------------------------
--------------------------------------------------------------------------------------------------------------------------------------------------------------------
--------------------------------------------------------------------------------------------------------------------------------------------------------------------
Step:--------------------------------------------------------------------------2-------------------------------------------------------------------------------
----------------------------------------
VLM Prompt:
**Task**  
Please perform as an embodied AI agent. Our final objective is to put a cool tomato in microwave. Below is the plan for completing the task, the current observation, alongside historical data and admissible actions for the next step. Please determine the best action for the next step!

**Plan**
Below is a detailed step-by-step plan to complete the task.
1. Find a tomato.
2. Pick up the tomato.
3. Find a fridge.
4. Cool the tomato with the fridge.
5. Find a microwave.
6. Place the cooled tomato in the microwave.

**Current Observation**
Displayed is an image capturing the current position of the agent.
<image>
Objects in The Image: ['Window', 'Copper pots and pans', 'Salt shaker', 'Pepper grinder', 'Glass bottle with a stopper', 'Black clock', 'Stainless steel trash can']

**History Information**
Displayed are the previous observations with their corresponding actions.
State 0:
No history.
State 1:
1. Step Index in the Plan: 1
2. Objects: Tomato, Countertop, Kitchen Appliances
3. Action: go to countertop 1
State 2:
1. Step Index in the Plan: 2
2. Objects: Cabinet, Wall, Countertop, Jar Lid
3. Action: go to countertop 3


**Admissible Actions**
(1): go to cabinet 1
(2): go to cabinet 2
(3): go to cabinet 3
(4): go to fridge 1
(5): go to cabinet 4
(6): go to cabinet 5
(7): go to cabinet 6
(8): go to cabinet 7
(9): go to drawer 1
(10): go to drawer 2
(11): go to cabinet 8
(12): go to drawer 3
(13): go to cabinet 9
(14): go to cabinet 10
(15): go to drawer 4
(16): go to microwave 1
(17): go to cabinet 11
(18): go to toaster 1
(19): go to cabinet 12
(20): go to cabinet 13
(21): go to cabinet 14
(22): go to cabinet 15
(23): go to countertop 2
(24): go to coffeemachine 1
(25): go to garbagecan 1
(26): go to countertop 4
(27): go to sink 1
(28): go to stoveburner 1
(29): go to stoveburner 2
(30): go to stoveburner 3
(31): go to sinkbasin 1
(32): take pot 1 from countertop 3
(33): take soapbottle 1 from countertop 3
(34): take saltshaker 1 from countertop 3
(35): take kettle 1 from countertop 3
(36): take peppershaker 1 from countertop 3
(37): take saltshaker 2 from countertop 3
(38): take stoveknob 1 from countertop 3
(39): take egg 1 from countertop 3

**Analysis Guideline**
1. Analyze the history and current observation, and then determine our current step in the plan and our current place. 
2. List all visible objects related to the task in the current observation, without summarizing any as "various items."
3. Analyze the objects in the current observation based on the history and the requirements for the current step, and then determine if we can complete the step with the current observation.
4. Analyze and decide on the most appropriate action to take.
5. Summarize the analysis using the following format: "Analysis: [The summarization of the analysis], The Most Appropriate Action: (i which is the integer.): [Selected action]"

**Notes**
1. We must complete each step of the plan in order and cannot skip steps when the previous ones are not finished.
2. For "Go to" actions listed as "go to xxx [n]", interpret this as there are n distinct actions available: "go to xxx 1", "go to xxx 2", ..., "go to xxx n". Select one specific action from these options instead of using "go to xxx [n]".
3. If receptacles such as drawers, cabinets, and so forth are closed in the current observation, we may try to open them.
4. Pay attention to synonyms and ensure clarity in the terms used.
5. We must determine and provide the single action which must be in the **Admissible Actions**.
6. If there is no history available, we are at the first step and the current place is "Unknown".


**Answer**
Please select the most suitable action by following the **Analysis Guideline**, keeping the above **Notes** in mind.
----------------------------------------

----------------------------------------

VLM Response:
Analysis: According to the history information, we have already found a tomato and are supposed to pick it up, which corresponds to step 2 in the plan. However, the current observation does not show a countertop with a tomato on it. Instead, we see a window, copper pots and pans, a salt shaker, a pepper grinder, a glass bottle with a stopper, a black clock, and a stainless steel trash can. None of these objects are relevant to the current step of picking up the tomato. Therefore, we need to navigate to a location where we can find and pick up the tomato. Since there are no actions listed that directly state "pick up tomato," we must move to a different location in the hopes of finding the tomato there. The action "go to countertop 4" seems to be the most appropriate as it implies a change of location within the kitchen where the tomato might be found.

The Most Appropriate Action: (26): go to countertop 4

----------------------------------------

----------------------------------------

>>> Refine VLM Response and Get Pure Action: go to countertop 4

----------------------------------------

-----------------------------------------------------------------

Running time: 9.557020902633667 seconds

Total Money: 0

-----------------------------------------------------------------

-----------------------------------------------------------------

Summarization Prompt:
**Context**
Analysis: Since there is no history information, we are at the first step in the plan, which is to find a statue. The current place is unknown. In the current observation, we see a floorlamp next to an armchair with a small table that has a small object on it, which could potentially be the statue we are looking for. Since the plan requires us to find a statue first and it appears there might be one on the table next to the armchair, we should investigate this object to determine if it is the statue we need.
The Most Appropriate Action: (1): go to armchair 1

**Summary**
1. Step Index in the Plan: 1
2. Objects: Floorlamp, Armchair, Small Table, Small Object (potential statue)
3. Action: go to armchair 1

**Context**
Analysis: According to the history information, we have already found a tomato and are supposed to pick it up, which corresponds to step 2 in the plan. However, the current observation does not show a countertop with a tomato on it. Instead, we see a window, copper pots and pans, a salt shaker, a pepper grinder, a glass bottle with a stopper, a black clock, and a stainless steel trash can. None of these objects are relevant to the current step of picking up the tomato. Therefore, we need to navigate to a location where we can find and pick up the tomato. Since there are no actions listed that directly state "pick up tomato," we must move to a different location in the hopes of finding the tomato there. The action "go to countertop 4" seems to be the most appropriate as it implies a change of location within the kitchen where the tomato might be found.

The Most Appropriate Action: (26): go to countertop 4

Please summarize the context by following above examples when providing the summary, and ensure that only the summary is included, without any extra explanation.

**Summary**

-----------------------------------------------------------------

-----------------------------------------------------------------

Summarization Response:
1. Step Index in the Plan: 2
2. Objects: Window, Copper Pots and Pans, Salt Shaker, Pepper Grinder, Glass Bottle with Stopper, Black Clock, Stainless Steel Trash Can
3. Action: go to countertop 4

-----------------------------------------------------------------

-----------------------------------------------------------------

Text Observation:You arrive at loc 27. On the countertop 4, you see a lettuce 1, a soapbottle 2, a knife 1, a apple 1, a mug 1, a spatula 1, a lightswitch 1, a faucet 1, a butterknife 1, a tomato 1, a potato 1, a egg 2, a spoon 1, and a butterknife 2.

--------------------------------------------------------------------------------------------------------------------------task: 19---------------------------------------------------------
--------------------------------------------------------------------------------------------------------------------------------------------------------------------
--------------------------------------------------------------------------------------------------------------------------------------------------------------------
Step:--------------------------------------------------------------------------3-------------------------------------------------------------------------------
----------------------------------------
VLM Prompt:
**Task**  
Please perform as an embodied AI agent. Our final objective is to put a cool tomato in microwave. Below is the plan for completing the task, the current observation, alongside historical data and admissible actions for the next step. Please determine the best action for the next step!

**Plan**
Below is a detailed step-by-step plan to complete the task.
1. Find a tomato.
2. Pick up the tomato.
3. Find a fridge.
4. Cool the tomato with the fridge.
5. Find a microwave.
6. Place the cooled tomato in the microwave.

**Current Observation**
Displayed is an image capturing the current position of the agent.
<image>
Objects in The Image: ['lettuce', 'kitchen counter', 'coffee machine', 'sink', 'faucet', 'oven', 'cabinet', 'dishwasher', 'towel', 'door', 'apple', 'papers', 'knife', 'bottle']

**History Information**
Displayed are the previous observations with their corresponding actions.
State 0:
No history.
State 1:
1. Step Index in the Plan: 1
2. Objects: Tomato, Countertop, Kitchen Appliances
3. Action: go to countertop 1
State 2:
1. Step Index in the Plan: 2
2. Objects: Cabinet, Wall, Countertop, Jar Lid
3. Action: go to countertop 3
State 3:
1. Step Index in the Plan: 2
2. Objects: Window, Copper Pots and Pans, Salt Shaker, Pepper Grinder, Glass Bottle with Stopper, Black Clock, Stainless Steel Trash Can
3. Action: go to countertop 4


**Admissible Actions**
(1): go to cabinet 1
(2): go to cabinet 2
(3): go to cabinet 3
(4): go to fridge 1
(5): go to cabinet 4
(6): go to cabinet 5
(7): go to cabinet 6
(8): go to cabinet 7
(9): go to drawer 1
(10): go to drawer 2
(11): go to cabinet 8
(12): go to drawer 3
(13): go to cabinet 9
(14): go to cabinet 10
(15): go to drawer 4
(16): go to microwave 1
(17): go to cabinet 11
(18): go to toaster 1
(19): go to cabinet 12
(20): go to cabinet 13
(21): go to cabinet 14
(22): go to cabinet 15
(23): go to countertop 2
(24): go to coffeemachine 1
(25): go to garbagecan 1
(26): go to sink 1
(27): go to stoveburner 1
(28): go to stoveburner 2
(29): go to stoveburner 3
(30): go to sinkbasin 1
(31): take lettuce 1 from countertop 4
(32): take soapbottle 2 from countertop 4
(33): take knife 1 from countertop 4
(34): take apple 1 from countertop 4
(35): take mug 1 from countertop 4
(36): take spatul1 from countertop 4
(37): take lightswitch 1 from countertop 4
(38): take faucet 1 from countertop 4
(39): take butterknife 1 from countertop 4
(40): take tomato 1 from countertop 4
(41): take potato 1 from countertop 4
(42): take egg 2 from countertop 4
(43): take spoon 1 from countertop 4
(44): take butterknife 2 from countertop 4

**Analysis Guideline**
1. Analyze the history and current observation, and then determine our current step in the plan and our current place. 
2. List all visible objects related to the task in the current observation, without summarizing any as "various items."
3. Analyze the objects in the current observation based on the history and the requirements for the current step, and then determine if we can complete the step with the current observation.
4. Analyze and decide on the most appropriate action to take.
5. Summarize the analysis using the following format: "Analysis: [The summarization of the analysis], The Most Appropriate Action: (i which is the integer.): [Selected action]"

**Notes**
1. We must complete each step of the plan in order and cannot skip steps when the previous ones are not finished.
2. For "Go to" actions listed as "go to xxx [n]", interpret this as there are n distinct actions available: "go to xxx 1", "go to xxx 2", ..., "go to xxx n". Select one specific action from these options instead of using "go to xxx [n]".
3. If receptacles such as drawers, cabinets, and so forth are closed in the current observation, we may try to open them.
4. Pay attention to synonyms and ensure clarity in the terms used.
5. We must determine and provide the single action which must be in the **Admissible Actions**.
6. If there is no history available, we are at the first step and the current place is "Unknown".


**Answer**
Please select the most suitable action by following the **Analysis Guideline**, keeping the above **Notes** in mind.
----------------------------------------

----------------------------------------

VLM Response:
Analysis: We are currently at step 4 of the plan, which is to cool the tomato with the fridge. In the current observation, there is no fridge visible, but there is an option available in the admissible actions to go to the fridge. Since the previous steps have been to locate and pick up the tomato, and the history indicates that the tomato has been found but not yet picked up, we need to complete step 2 before proceeding to step 4. However, the tomato is not visible in the current observation. We do see an apple, which is not the object we need according to the plan. In order to proceed with step 2, we need to locate the tomato again. Since the tomato is not in the current observation, we should move to a location where we might find it. 

The Most Appropriate Action: (23): go to countertop 2

----------------------------------------

----------------------------------------

>>> Refine VLM Response and Get Pure Action: go to countertop 2

----------------------------------------

-----------------------------------------------------------------

Running time: 8.649341344833374 seconds

Total Money: 0

-----------------------------------------------------------------

-----------------------------------------------------------------

Summarization Prompt:
**Context**
Analysis: Since there is no history information, we are at the first step in the plan, which is to find a statue. The current place is unknown. In the current observation, we see a floorlamp next to an armchair with a small table that has a small object on it, which could potentially be the statue we are looking for. Since the plan requires us to find a statue first and it appears there might be one on the table next to the armchair, we should investigate this object to determine if it is the statue we need.
The Most Appropriate Action: (1): go to armchair 1

**Summary**
1. Step Index in the Plan: 1
2. Objects: Floorlamp, Armchair, Small Table, Small Object (potential statue)
3. Action: go to armchair 1

**Context**
Analysis: We are currently at step 4 of the plan, which is to cool the tomato with the fridge. In the current observation, there is no fridge visible, but there is an option available in the admissible actions to go to the fridge. Since the previous steps have been to locate and pick up the tomato, and the history indicates that the tomato has been found but not yet picked up, we need to complete step 2 before proceeding to step 4. However, the tomato is not visible in the current observation. We do see an apple, which is not the object we need according to the plan. In order to proceed with step 2, we need to locate the tomato again. Since the tomato is not in the current observation, we should move to a location where we might find it. 

The Most Appropriate Action: (23): go to countertop 2

Please summarize the context by following above examples when providing the summary, and ensure that only the summary is included, without any extra explanation.

**Summary**

-----------------------------------------------------------------

-----------------------------------------------------------------

Summarization Response:
1. Step Index in the Plan: 2
2. Objects: Apple (irrelevant to the plan)
3. Action: go to countertop 2

-----------------------------------------------------------------

-----------------------------------------------------------------

Text Observation:You arrive at loc 23. On the countertop 2, you see a tomato 1, and a butterknife 2.

--------------------------------------------------------------------------------------------------------------------------task: 19---------------------------------------------------------
--------------------------------------------------------------------------------------------------------------------------------------------------------------------
--------------------------------------------------------------------------------------------------------------------------------------------------------------------
Step:--------------------------------------------------------------------------4-------------------------------------------------------------------------------
----------------------------------------
VLM Prompt:
**Task**  
Please perform as an embodied AI agent. Our final objective is to put a cool tomato in microwave. Below is the plan for completing the task, the current observation, alongside historical data and admissible actions for the next step. Please determine the best action for the next step!

**Plan**
Below is a detailed step-by-step plan to complete the task.
1. Find a tomato.
2. Pick up the tomato.
3. Find a fridge.
4. Cool the tomato with the fridge.
5. Find a microwave.
6. Place the cooled tomato in the microwave.

**Current Observation**
Displayed is an image capturing the current position of the agent.
<image>
Objects in The Image: 

**History Information**
Displayed are the previous observations with their corresponding actions.
State 0:
No history.
State 1:
1. Step Index in the Plan: 1
2. Objects: Tomato, Countertop, Kitchen Appliances
3. Action: go to countertop 1
State 2:
1. Step Index in the Plan: 2
2. Objects: Cabinet, Wall, Countertop, Jar Lid
3. Action: go to countertop 3
State 3:
1. Step Index in the Plan: 2
2. Objects: Window, Copper Pots and Pans, Salt Shaker, Pepper Grinder, Glass Bottle with Stopper, Black Clock, Stainless Steel Trash Can
3. Action: go to countertop 4
State 4:
1. Step Index in the Plan: 2
2. Objects: Apple (irrelevant to the plan)
3. Action: go to countertop 2


**Admissible Actions**
(1): go to cabinet 1
(2): go to cabinet 2
(3): go to cabinet 3
(4): go to fridge 1
(5): go to countertop 1
(6): go to cabinet 4
(7): go to cabinet 5
(8): go to cabinet 6
(9): go to cabinet 7
(10): go to drawer 1
(11): go to drawer 2
(12): go to cabinet 8
(13): go to drawer 3
(14): go to cabinet 9
(15): go to cabinet 10
(16): go to drawer 4
(17): go to microwave 1
(18): go to cabinet 11
(19): go to toaster 1
(20): go to cabinet 12
(21): go to cabinet 13
(22): go to cabinet 14
(23): go to cabinet 15
(24): go to coffeemachine 1
(25): go to garbagecan 1
(26): go to sink 1
(27): go to stoveburner 1
(28): go to stoveburner 2
(29): go to stoveburner 3
(30): go to sinkbasin 1
(31): take tomato 1 from countertop 2
(32): take butterknife 2 from countertop 2

**Analysis Guideline**
1. Analyze the history and current observation, and then determine our current step in the plan and our current place. 
2. List all visible objects related to the task in the current observation, without summarizing any as "various items."
3. Analyze the objects in the current observation based on the history and the requirements for the current step, and then determine if we can complete the step with the current observation.
4. Analyze and decide on the most appropriate action to take.
5. Summarize the analysis using the following format: "Analysis: [The summarization of the analysis], The Most Appropriate Action: (i which is the integer.): [Selected action]"

**Notes**
1. We must complete each step of the plan in order and cannot skip steps when the previous ones are not finished.
2. For "Go to" actions listed as "go to xxx [n]", interpret this as there are n distinct actions available: "go to xxx 1", "go to xxx 2", ..., "go to xxx n". Select one specific action from these options instead of using "go to xxx [n]".
3. If receptacles such as drawers, cabinets, and so forth are closed in the current observation, we may try to open them.
4. Pay attention to synonyms and ensure clarity in the terms used.
5. We must determine and provide the single action which must be in the **Admissible Actions**.
6. If there is no history available, we are at the first step and the current place is "Unknown".


**Answer**
Please select the most suitable action by following the **Analysis Guideline**, keeping the above **Notes** in mind.
----------------------------------------

----------------------------------------

VLM Response:
Analysis: According to the plan, the next step after picking up the tomato is to find a fridge (Step 3). In the current observation, we can see a countertop with a tomato and a coffee machine labeled "Serve." The objects visible that are related to the task are the tomato and the countertop. Based on the history, we have already located the tomato in previous states but have not yet picked it up, which means we are still on Step 2 of the plan. Since the tomato is visible on the countertop, we can complete Step 2 by picking up the tomato. The most appropriate action to progress with the plan is to take the tomato from the countertop.

The Most Appropriate Action: (31): take tomato 1 from countertop 2

----------------------------------------

----------------------------------------

>>> Refine VLM Response and Get Pure Action: take tomato 1 from countertop 2

----------------------------------------

-----------------------------------------------------------------

Running time: 10.992104768753052 seconds

Total Money: 0

-----------------------------------------------------------------

-----------------------------------------------------------------

Summarization Prompt:
**Context**
Analysis: Since there is no history information, we are at the first step in the plan, which is to find a statue. The current place is unknown. In the current observation, we see a floorlamp next to an armchair with a small table that has a small object on it, which could potentially be the statue we are looking for. Since the plan requires us to find a statue first and it appears there might be one on the table next to the armchair, we should investigate this object to determine if it is the statue we need.
The Most Appropriate Action: (1): go to armchair 1

**Summary**
1. Step Index in the Plan: 1
2. Objects: Floorlamp, Armchair, Small Table, Small Object (potential statue)
3. Action: go to armchair 1

**Context**
Analysis: According to the plan, the next step after picking up the tomato is to find a fridge (Step 3). In the current observation, we can see a countertop with a tomato and a coffee machine labeled "Serve." The objects visible that are related to the task are the tomato and the countertop. Based on the history, we have already located the tomato in previous states but have not yet picked it up, which means we are still on Step 2 of the plan. Since the tomato is visible on the countertop, we can complete Step 2 by picking up the tomato. The most appropriate action to progress with the plan is to take the tomato from the countertop.

The Most Appropriate Action: (31): take tomato 1 from countertop 2

Please summarize the context by following above examples when providing the summary, and ensure that only the summary is included, without any extra explanation.

**Summary**

-----------------------------------------------------------------

-----------------------------------------------------------------

Summarization Response:
1. Step Index in the Plan: 2
2. Objects: Countertop, Tomato, Coffee Machine
3. Action: take tomato 1 from countertop 2

-----------------------------------------------------------------

-----------------------------------------------------------------

Text Observation:You pick up the tomato 1 from the countertop 2.

--------------------------------------------------------------------------------------------------------------------------task: 19---------------------------------------------------------
--------------------------------------------------------------------------------------------------------------------------------------------------------------------
--------------------------------------------------------------------------------------------------------------------------------------------------------------------
Step:--------------------------------------------------------------------------5-------------------------------------------------------------------------------
----------------------------------------
VLM Prompt:
**Task**  
Please perform as an embodied AI agent. Our final objective is to put a cool tomato in microwave. Below is the plan for completing the task, the current observation, alongside historical data and admissible actions for the next step. Please determine the best action for the next step!

**Plan**
Below is a detailed step-by-step plan to complete the task.
1. Find a tomato.
2. Pick up the tomato.
3. Find a fridge.
4. Cool the tomato with the fridge.
5. Find a microwave.
6. Place the cooled tomato in the microwave.

**Current Observation**
Displayed is an image capturing the current position of the agent.
<image>
Objects in The Image: ['coffee machine', 'tomato', 'knife', 'countertop', 'wall']

**History Information**
Displayed are the previous observations with their corresponding actions.
State 0:
No history.
State 1:
1. Step Index in the Plan: 1
2. Objects: Tomato, Countertop, Kitchen Appliances
3. Action: go to countertop 1
State 2:
1. Step Index in the Plan: 2
2. Objects: Cabinet, Wall, Countertop, Jar Lid
3. Action: go to countertop 3
State 3:
1. Step Index in the Plan: 2
2. Objects: Window, Copper Pots and Pans, Salt Shaker, Pepper Grinder, Glass Bottle with Stopper, Black Clock, Stainless Steel Trash Can
3. Action: go to countertop 4
State 4:
1. Step Index in the Plan: 2
2. Objects: Apple (irrelevant to the plan)
3. Action: go to countertop 2
State 5:
1. Step Index in the Plan: 2
2. Objects: Countertop, Tomato, Coffee Machine
3. Action: take tomato 1 from countertop 2


**Admissible Actions**
(1): go to cabinet 1
(2): go to cabinet 2
(3): go to cabinet 3
(4): go to fridge 1
(5): go to countertop 1
(6): go to cabinet 4
(7): go to cabinet 5
(8): go to cabinet 6
(9): go to cabinet 7
(10): go to drawer 1
(11): go to drawer 2
(12): go to cabinet 8
(13): go to drawer 3
(14): go to cabinet 9
(15): go to cabinet 10
(16): go to drawer 4
(17): go to microwave 1
(18): go to cabinet 11
(19): go to toaster 1
(20): go to cabinet 12
(21): go to cabinet 13
(22): go to cabinet 14
(23): go to cabinet 15
(24): go to coffeemachine 1
(25): go to garbagecan 1
(26): go to countertop 3
(27): go to sink 1
(28): go to stoveburner 1
(29): go to stoveburner 2
(30): go to stoveburner 3
(31): go to sinkbasin 1
(32): put tomato 1 in/on countertop 2
(33): examine tomato 1

**Analysis Guideline**
1. Analyze the history and current observation, and then determine our current step in the plan and our current place. 
2. List all visible objects related to the task in the current observation, without summarizing any as "various items."
3. Analyze the objects in the current observation based on the history and the requirements for the current step, and then determine if we can complete the step with the current observation.
4. Analyze and decide on the most appropriate action to take.
5. Summarize the analysis using the following format: "Analysis: [The summarization of the analysis], The Most Appropriate Action: (i which is the integer.): [Selected action]"

**Notes**
1. We must complete each step of the plan in order and cannot skip steps when the previous ones are not finished.
2. For "Go to" actions listed as "go to xxx [n]", interpret this as there are n distinct actions available: "go to xxx 1", "go to xxx 2", ..., "go to xxx n". Select one specific action from these options instead of using "go to xxx [n]".
3. If receptacles such as drawers, cabinets, and so forth are closed in the current observation, we may try to open them.
4. Pay attention to synonyms and ensure clarity in the terms used.
5. We must determine and provide the single action which must be in the **Admissible Actions**.
6. If there is no history available, we are at the first step and the current place is "Unknown".


**Answer**
Please select the most suitable action by following the **Analysis Guideline**, keeping the above **Notes** in mind.
----------------------------------------

----------------------------------------

VLM Response:
Analysis: Based on the historical data, the agent has already found and picked up a tomato. The current step in the plan is to cool the tomato in the fridge, which is step 4. Looking at the current observation, the objects related to the task are a tomato and a coffee machine on the countertop. Since the fridge is not visible in the current observation, we cannot complete the current step with what is shown. Therefore, the agent needs to locate a fridge. Among the admissible actions, "go to fridge 1" is the action that corresponds to finding a fridge, which is the next step in the plan.

The Most Appropriate Action: (4): go to fridge 1

----------------------------------------

----------------------------------------

>>> Refine VLM Response and Get Pure Action: go to fridge 1

----------------------------------------

-----------------------------------------------------------------

Running time: 8.36523962020874 seconds

Total Money: 0

-----------------------------------------------------------------

-----------------------------------------------------------------

Summarization Prompt:
**Context**
Analysis: Since there is no history information, we are at the first step in the plan, which is to find a statue. The current place is unknown. In the current observation, we see a floorlamp next to an armchair with a small table that has a small object on it, which could potentially be the statue we are looking for. Since the plan requires us to find a statue first and it appears there might be one on the table next to the armchair, we should investigate this object to determine if it is the statue we need.
The Most Appropriate Action: (1): go to armchair 1

**Summary**
1. Step Index in the Plan: 1
2. Objects: Floorlamp, Armchair, Small Table, Small Object (potential statue)
3. Action: go to armchair 1

**Context**
Analysis: Based on the historical data, the agent has already found and picked up a tomato. The current step in the plan is to cool the tomato in the fridge, which is step 4. Looking at the current observation, the objects related to the task are a tomato and a coffee machine on the countertop. Since the fridge is not visible in the current observation, we cannot complete the current step with what is shown. Therefore, the agent needs to locate a fridge. Among the admissible actions, "go to fridge 1" is the action that corresponds to finding a fridge, which is the next step in the plan.

The Most Appropriate Action: (4): go to fridge 1

Please summarize the context by following above examples when providing the summary, and ensure that only the summary is included, without any extra explanation.

**Summary**

-----------------------------------------------------------------

-----------------------------------------------------------------

Summarization Response:
1. Step Index in the Plan: 4
2. Objects: Tomato, Coffee Machine
3. Action: go to fridge 1

-----------------------------------------------------------------

-----------------------------------------------------------------

Text Observation:You arrive at loc 3. The fridge 1 is closed. 

--------------------------------------------------------------------------------------------------------------------------task: 19---------------------------------------------------------
--------------------------------------------------------------------------------------------------------------------------------------------------------------------
--------------------------------------------------------------------------------------------------------------------------------------------------------------------
Step:--------------------------------------------------------------------------6-------------------------------------------------------------------------------
----------------------------------------
VLM Prompt:
**Task**  
Please perform as an embodied AI agent. Our final objective is to put a cool tomato in microwave. Below is the plan for completing the task, the current observation, alongside historical data and admissible actions for the next step. Please determine the best action for the next step!

**Plan**
Below is a detailed step-by-step plan to complete the task.
1. Find a tomato.
2. Pick up the tomato.
3. Find a fridge.
4. Cool the tomato with the fridge.
5. Find a microwave.
6. Place the cooled tomato in the microwave.

**Current Observation**
Displayed is an image capturing the current position of the agent.
<image>
Objects in The Image: ['refrigerator', 'magnet', 'rainbow sticker', 'smiley face sticker', 'tomato magnet', 'cabinet']

**History Information**
Displayed are the previous observations with their corresponding actions.
State 0:
No history.
State 1:
1. Step Index in the Plan: 1
2. Objects: Tomato, Countertop, Kitchen Appliances
3. Action: go to countertop 1
State 2:
1. Step Index in the Plan: 2
2. Objects: Cabinet, Wall, Countertop, Jar Lid
3. Action: go to countertop 3
State 3:
1. Step Index in the Plan: 2
2. Objects: Window, Copper Pots and Pans, Salt Shaker, Pepper Grinder, Glass Bottle with Stopper, Black Clock, Stainless Steel Trash Can
3. Action: go to countertop 4
State 4:
1. Step Index in the Plan: 2
2. Objects: Apple (irrelevant to the plan)
3. Action: go to countertop 2
State 5:
1. Step Index in the Plan: 2
2. Objects: Countertop, Tomato, Coffee Machine
3. Action: take tomato 1 from countertop 2
State 6:
1. Step Index in the Plan: 4
2. Objects: Tomato, Coffee Machine
3. Action: go to fridge 1


**Admissible Actions**
(1): go to cabinet 1
(2): go to cabinet 2
(3): go to cabinet 3
(4): go to countertop 1
(5): go to cabinet 4
(6): go to cabinet 5
(7): go to cabinet 6
(8): go to cabinet 7
(9): go to drawer 1
(10): go to drawer 2
(11): go to cabinet 8
(12): go to drawer 3
(13): go to cabinet 9
(14): go to cabinet 10
(15): go to drawer 4
(16): go to microwave 1
(17): go to cabinet 11
(18): go to toaster 1
(19): go to cabinet 12
(20): go to cabinet 13
(21): go to cabinet 14
(22): go to cabinet 15
(23): go to coffeemachine 1
(24): go to garbagecan 1
(25): go to countertop 3
(26): go to countertop 4
(27): go to sink 1
(28): go to stoveburner 1
(29): go to stoveburner 2
(30): go to stoveburner 3
(31): go to sinkbasin 1
(32): open fridge 1
(33): close fridge 1
(34): put tomato 1 in/on fridge 1
(35): cool tomato 1 with fridge 1
(36): examine tomato 1

**Analysis Guideline**
1. Analyze the history and current observation, and then determine our current step in the plan and our current place. 
2. List all visible objects related to the task in the current observation, without summarizing any as "various items."
3. Analyze the objects in the current observation based on the history and the requirements for the current step, and then determine if we can complete the step with the current observation.
4. Analyze and decide on the most appropriate action to take.
5. Summarize the analysis using the following format: "Analysis: [The summarization of the analysis], The Most Appropriate Action: (i which is the integer.): [Selected action]"

**Notes**
1. We must complete each step of the plan in order and cannot skip steps when the previous ones are not finished.
2. For "Go to" actions listed as "go to xxx [n]", interpret this as there are n distinct actions available: "go to xxx 1", "go to xxx 2", ..., "go to xxx n". Select one specific action from these options instead of using "go to xxx [n]".
3. If receptacles such as drawers, cabinets, and so forth are closed in the current observation, we may try to open them.
4. Pay attention to synonyms and ensure clarity in the terms used.
5. We must determine and provide the single action which must be in the **Admissible Actions**.
6. If there is no history available, we are at the first step and the current place is "Unknown".


**Answer**
Please select the most suitable action by following the **Analysis Guideline**, keeping the above **Notes** in mind.
----------------------------------------

----------------------------------------

VLM Response:
Analysis: According to the plan, the agent is currently on step 4, which involves cooling the tomato with the fridge. The historical data shows that the agent has already picked up the tomato and moved to the fridge. The current observation shows a refrigerator with magnets on it, which indicates that the agent is in front of the fridge. There are no other objects in the current observation that are relevant to the current task. Since the agent is at the fridge and holding the tomato, the next logical step is to cool the tomato inside the fridge. The admissible actions include the ability to open the fridge and to put the tomato in the fridge. However, the action to cool the tomato with the fridge is also available, which suggests a combined action that includes placing the tomato in the fridge and cooling it. Therefore, the most appropriate action to take is to cool the tomato with the fridge.

The Most Appropriate Action: (35): cool tomato 1 with fridge 1

----------------------------------------

----------------------------------------

>>> Refine VLM Response and Get Pure Action: cool tomato 1 with fridge 1

----------------------------------------

-----------------------------------------------------------------

Running time: 8.223588228225708 seconds

Total Money: 0

-----------------------------------------------------------------

-----------------------------------------------------------------

Summarization Prompt:
**Context**
Analysis: Since there is no history information, we are at the first step in the plan, which is to find a statue. The current place is unknown. In the current observation, we see a floorlamp next to an armchair with a small table that has a small object on it, which could potentially be the statue we are looking for. Since the plan requires us to find a statue first and it appears there might be one on the table next to the armchair, we should investigate this object to determine if it is the statue we need.
The Most Appropriate Action: (1): go to armchair 1

**Summary**
1. Step Index in the Plan: 1
2. Objects: Floorlamp, Armchair, Small Table, Small Object (potential statue)
3. Action: go to armchair 1

**Context**
Analysis: According to the plan, the agent is currently on step 4, which involves cooling the tomato with the fridge. The historical data shows that the agent has already picked up the tomato and moved to the fridge. The current observation shows a refrigerator with magnets on it, which indicates that the agent is in front of the fridge. There are no other objects in the current observation that are relevant to the current task. Since the agent is at the fridge and holding the tomato, the next logical step is to cool the tomato inside the fridge. The admissible actions include the ability to open the fridge and to put the tomato in the fridge. However, the action to cool the tomato with the fridge is also available, which suggests a combined action that includes placing the tomato in the fridge and cooling it. Therefore, the most appropriate action to take is to cool the tomato with the fridge.

The Most Appropriate Action: (35): cool tomato 1 with fridge 1

Please summarize the context by following above examples when providing the summary, and ensure that only the summary is included, without any extra explanation.

**Summary**

-----------------------------------------------------------------

-----------------------------------------------------------------

Summarization Response:
1. Step Index in the Plan: 4
2. Objects: Refrigerator, Tomato
3. Action: cool tomato 1 with fridge 1

-----------------------------------------------------------------

-----------------------------------------------------------------

Text Observation:You cool the tomato 1 using the fridge 1.

--------------------------------------------------------------------------------------------------------------------------task: 19---------------------------------------------------------
--------------------------------------------------------------------------------------------------------------------------------------------------------------------
--------------------------------------------------------------------------------------------------------------------------------------------------------------------
Step:--------------------------------------------------------------------------7-------------------------------------------------------------------------------
----------------------------------------
VLM Prompt:
**Task**  
Please perform as an embodied AI agent. Our final objective is to put a cool tomato in microwave. Below is the plan for completing the task, the current observation, alongside historical data and admissible actions for the next step. Please determine the best action for the next step!

**Plan**
Below is a detailed step-by-step plan to complete the task.
1. Find a tomato.
2. Pick up the tomato.
3. Find a fridge.
4. Cool the tomato with the fridge.
5. Find a microwave.
6. Place the cooled tomato in the microwave.

**Current Observation**
Displayed is an image capturing the current position of the agent.
<image>
Objects in The Image: ['refrigerator', 'magnets', 'rainbow', 'smiley face', 'photographs', 'tomato']

**History Information**
Displayed are the previous observations with their corresponding actions.
State 0:
No history.
State 1:
1. Step Index in the Plan: 1
2. Objects: Tomato, Countertop, Kitchen Appliances
3. Action: go to countertop 1
State 2:
1. Step Index in the Plan: 2
2. Objects: Cabinet, Wall, Countertop, Jar Lid
3. Action: go to countertop 3
State 3:
1. Step Index in the Plan: 2
2. Objects: Window, Copper Pots and Pans, Salt Shaker, Pepper Grinder, Glass Bottle with Stopper, Black Clock, Stainless Steel Trash Can
3. Action: go to countertop 4
State 4:
1. Step Index in the Plan: 2
2. Objects: Apple (irrelevant to the plan)
3. Action: go to countertop 2
State 5:
1. Step Index in the Plan: 2
2. Objects: Countertop, Tomato, Coffee Machine
3. Action: take tomato 1 from countertop 2
State 6:
1. Step Index in the Plan: 4
2. Objects: Tomato, Coffee Machine
3. Action: go to fridge 1
State 7:
1. Step Index in the Plan: 4
2. Objects: Refrigerator, Tomato
3. Action: cool tomato 1 with fridge 1


**Admissible Actions**
(1): go to cabinet 1
(2): go to cabinet 2
(3): go to cabinet 3
(4): go to countertop 1
(5): go to cabinet 4
(6): go to cabinet 5
(7): go to cabinet 6
(8): go to cabinet 7
(9): go to drawer 1
(10): go to drawer 2
(11): go to cabinet 8
(12): go to drawer 3
(13): go to cabinet 9
(14): go to cabinet 10
(15): go to drawer 4
(16): go to microwave 1
(17): go to cabinet 11
(18): go to toaster 1
(19): go to cabinet 12
(20): go to cabinet 13
(21): go to cabinet 14
(22): go to cabinet 15
(23): go to countertop 2
(24): go to coffeemachine 1
(25): go to garbagecan 1
(26): go to countertop 3
(27): go to countertop 4
(28): go to sink 1
(29): go to stoveburner 1
(30): go to stoveburner 2
(31): go to stoveburner 3
(32): go to sinkbasin 1
(33): open fridge 1
(34): close fridge 1
(35): put tomato 1 in/on fridge 1
(36): examine tomato 1

**Analysis Guideline**
1. Analyze the history and current observation, and then determine our current step in the plan and our current place. 
2. List all visible objects related to the task in the current observation, without summarizing any as "various items."
3. Analyze the objects in the current observation based on the history and the requirements for the current step, and then determine if we can complete the step with the current observation.
4. Analyze and decide on the most appropriate action to take.
5. Summarize the analysis using the following format: "Analysis: [The summarization of the analysis], The Most Appropriate Action: (i which is the integer.): [Selected action]"

**Notes**
1. We must complete each step of the plan in order and cannot skip steps when the previous ones are not finished.
2. For "Go to" actions listed as "go to xxx [n]", interpret this as there are n distinct actions available: "go to xxx 1", "go to xxx 2", ..., "go to xxx n". Select one specific action from these options instead of using "go to xxx [n]".
3. If receptacles such as drawers, cabinets, and so forth are closed in the current observation, we may try to open them.
4. Pay attention to synonyms and ensure clarity in the terms used.
5. We must determine and provide the single action which must be in the **Admissible Actions**.
6. If there is no history available, we are at the first step and the current place is "Unknown".


**Answer**
Please select the most suitable action by following the **Analysis Guideline**, keeping the above **Notes** in mind.
----------------------------------------

----------------------------------------

VLM Response:
Analysis: The current step in the plan is to find a microwave, which is step 5. The historical data indicates that steps 1 through 4 have been completed, with the tomato being cooled in the fridge last. In the current observation, we can see a refrigerator with magnets, a rainbow, a smiley face, photographs, and a tomato. The tomato appears to be outside of the fridge, indicating that it has been cooled and is now ready to be placed in the microwave. However, the microwave itself is not visible in the current observation. Therefore, we need to find the microwave in order to proceed with the next step of the plan. The admissible action that corresponds with our current requirement is to go to the microwave.

The Most Appropriate Action: (16): go to microwave 1

----------------------------------------

----------------------------------------

>>> Refine VLM Response and Get Pure Action: go to microwave 1

----------------------------------------

-----------------------------------------------------------------

Running time: 6.2611024379730225 seconds

Total Money: 0

-----------------------------------------------------------------

-----------------------------------------------------------------

Summarization Prompt:
**Context**
Analysis: Since there is no history information, we are at the first step in the plan, which is to find a statue. The current place is unknown. In the current observation, we see a floorlamp next to an armchair with a small table that has a small object on it, which could potentially be the statue we are looking for. Since the plan requires us to find a statue first and it appears there might be one on the table next to the armchair, we should investigate this object to determine if it is the statue we need.
The Most Appropriate Action: (1): go to armchair 1

**Summary**
1. Step Index in the Plan: 1
2. Objects: Floorlamp, Armchair, Small Table, Small Object (potential statue)
3. Action: go to armchair 1

**Context**
Analysis: The current step in the plan is to find a microwave, which is step 5. The historical data indicates that steps 1 through 4 have been completed, with the tomato being cooled in the fridge last. In the current observation, we can see a refrigerator with magnets, a rainbow, a smiley face, photographs, and a tomato. The tomato appears to be outside of the fridge, indicating that it has been cooled and is now ready to be placed in the microwave. However, the microwave itself is not visible in the current observation. Therefore, we need to find the microwave in order to proceed with the next step of the plan. The admissible action that corresponds with our current requirement is to go to the microwave.

The Most Appropriate Action: (16): go to microwave 1

Please summarize the context by following above examples when providing the summary, and ensure that only the summary is included, without any extra explanation.

**Summary**

-----------------------------------------------------------------

-----------------------------------------------------------------

Summarization Response:
1. Step Index in the Plan: 5
2. Objects: Refrigerator, Magnets, Rainbow, Smiley Face, Photographs, Tomato
3. Action: go to microwave 1

-----------------------------------------------------------------

-----------------------------------------------------------------

Text Observation:You arrive at loc 16. The microwave 1 is closed. 

--------------------------------------------------------------------------------------------------------------------------task: 19---------------------------------------------------------
--------------------------------------------------------------------------------------------------------------------------------------------------------------------
--------------------------------------------------------------------------------------------------------------------------------------------------------------------
Step:--------------------------------------------------------------------------8-------------------------------------------------------------------------------
----------------------------------------
VLM Prompt:
**Task**  
Please perform as an embodied AI agent. Our final objective is to put a cool tomato in microwave. Below is the plan for completing the task, the current observation, alongside historical data and admissible actions for the next step. Please determine the best action for the next step!

**Plan**
Below is a detailed step-by-step plan to complete the task.
1. Find a tomato.
2. Pick up the tomato.
3. Find a fridge.
4. Cool the tomato with the fridge.
5. Find a microwave.
6. Place the cooled tomato in the microwave.

**Current Observation**
Displayed is an image capturing the current position of the agent.
<image>
Objects in The Image: ['microwave', 'tomato', 'kitchen cabinet']

**History Information**
Displayed are the previous observations with their corresponding actions.
State 0:
No history.
State 1:
1. Step Index in the Plan: 1
2. Objects: Tomato, Countertop, Kitchen Appliances
3. Action: go to countertop 1
State 2:
1. Step Index in the Plan: 2
2. Objects: Cabinet, Wall, Countertop, Jar Lid
3. Action: go to countertop 3
State 3:
1. Step Index in the Plan: 2
2. Objects: Window, Copper Pots and Pans, Salt Shaker, Pepper Grinder, Glass Bottle with Stopper, Black Clock, Stainless Steel Trash Can
3. Action: go to countertop 4
State 4:
1. Step Index in the Plan: 2
2. Objects: Apple (irrelevant to the plan)
3. Action: go to countertop 2
State 5:
1. Step Index in the Plan: 2
2. Objects: Countertop, Tomato, Coffee Machine
3. Action: take tomato 1 from countertop 2
State 6:
1. Step Index in the Plan: 4
2. Objects: Tomato, Coffee Machine
3. Action: go to fridge 1
State 7:
1. Step Index in the Plan: 4
2. Objects: Refrigerator, Tomato
3. Action: cool tomato 1 with fridge 1
State 8:
1. Step Index in the Plan: 5
2. Objects: Refrigerator, Magnets, Rainbow, Smiley Face, Photographs, Tomato
3. Action: go to microwave 1


**Admissible Actions**
(1): go to cabinet 1
(2): go to cabinet 2
(3): go to cabinet 3
(4): go to countertop 1
(5): go to cabinet 4
(6): go to cabinet 5
(7): go to cabinet 6
(8): go to cabinet 7
(9): go to drawer 1
(10): go to drawer 2
(11): go to cabinet 8
(12): go to drawer 3
(13): go to cabinet 9
(14): go to cabinet 10
(15): go to drawer 4
(16): go to cabinet 11
(17): go to toaster 1
(18): go to cabinet 12
(19): go to cabinet 13
(20): go to cabinet 14
(21): go to cabinet 15
(22): go to countertop 2
(23): go to coffeemachine 1
(24): go to garbagecan 1
(25): go to countertop 3
(26): go to countertop 4
(27): go to sink 1
(28): go to stoveburner 1
(29): go to stoveburner 2
(30): go to stoveburner 3
(31): go to sinkbasin 1
(32): open microwave 1
(33): close microwave 1
(34): put tomato 1 in/on microwave 1
(35): heat tomato 1 with microwave 1
(36): examine tomato 1

**Analysis Guideline**
1. Analyze the history and current observation, and then determine our current step in the plan and our current place. 
2. List all visible objects related to the task in the current observation, without summarizing any as "various items."
3. Analyze the objects in the current observation based on the history and the requirements for the current step, and then determine if we can complete the step with the current observation.
4. Analyze and decide on the most appropriate action to take.
5. Summarize the analysis using the following format: "Analysis: [The summarization of the analysis], The Most Appropriate Action: (i which is the integer.): [Selected action]"

**Notes**
1. We must complete each step of the plan in order and cannot skip steps when the previous ones are not finished.
2. For "Go to" actions listed as "go to xxx [n]", interpret this as there are n distinct actions available: "go to xxx 1", "go to xxx 2", ..., "go to xxx n". Select one specific action from these options instead of using "go to xxx [n]".
3. If receptacles such as drawers, cabinets, and so forth are closed in the current observation, we may try to open them.
4. Pay attention to synonyms and ensure clarity in the terms used.
5. We must determine and provide the single action which must be in the **Admissible Actions**.
6. If there is no history available, we are at the first step and the current place is "Unknown".


**Answer**
Please select the most suitable action by following the **Analysis Guideline**, keeping the above **Notes** in mind.
----------------------------------------

----------------------------------------

VLM Response:
Analysis: The current step in the plan is to place the cooled tomato in the microwave since the previous steps have been completed (the tomato has been found, picked up, cooled in the fridge, and the microwave has been located). In the current observation, we see the tomato and the microwave, which are the relevant objects for this step of the plan. Since the tomato has already been cooled and we are now in front of the microwave, we can complete the step by putting the cooled tomato in the microwave. The most appropriate action to take is to open the microwave so that we can then place the tomato inside.

The Most Appropriate Action: (32): open microwave 1

----------------------------------------

----------------------------------------

>>> Refine VLM Response and Get Pure Action: open microwave 1

----------------------------------------

-----------------------------------------------------------------

Running time: 6.7753684520721436 seconds

Total Money: 0

-----------------------------------------------------------------

-----------------------------------------------------------------

Summarization Prompt:
**Context**
Analysis: Since there is no history information, we are at the first step in the plan, which is to find a statue. The current place is unknown. In the current observation, we see a floorlamp next to an armchair with a small table that has a small object on it, which could potentially be the statue we are looking for. Since the plan requires us to find a statue first and it appears there might be one on the table next to the armchair, we should investigate this object to determine if it is the statue we need.
The Most Appropriate Action: (1): go to armchair 1

**Summary**
1. Step Index in the Plan: 1
2. Objects: Floorlamp, Armchair, Small Table, Small Object (potential statue)
3. Action: go to armchair 1

**Context**
Analysis: The current step in the plan is to place the cooled tomato in the microwave since the previous steps have been completed (the tomato has been found, picked up, cooled in the fridge, and the microwave has been located). In the current observation, we see the tomato and the microwave, which are the relevant objects for this step of the plan. Since the tomato has already been cooled and we are now in front of the microwave, we can complete the step by putting the cooled tomato in the microwave. The most appropriate action to take is to open the microwave so that we can then place the tomato inside.

The Most Appropriate Action: (32): open microwave 1

Please summarize the context by following above examples when providing the summary, and ensure that only the summary is included, without any extra explanation.

**Summary**

-----------------------------------------------------------------

-----------------------------------------------------------------

Summarization Response:
1. Step Index in the Plan: Not specified but implied as subsequent to cooling the tomato
2. Objects: Cooled Tomato, Microwave
3. Action: open microwave 1

-----------------------------------------------------------------

-----------------------------------------------------------------

Text Observation:You open the microwave 1. The microwave 1 is open. In it, you see a mug 2, and a potato 2.

--------------------------------------------------------------------------------------------------------------------------task: 19---------------------------------------------------------
--------------------------------------------------------------------------------------------------------------------------------------------------------------------
--------------------------------------------------------------------------------------------------------------------------------------------------------------------
Step:--------------------------------------------------------------------------9-------------------------------------------------------------------------------
----------------------------------------
VLM Prompt:
**Task**  
Please perform as an embodied AI agent. Our final objective is to put a cool tomato in microwave. Below is the plan for completing the task, the current observation, alongside historical data and admissible actions for the next step. Please determine the best action for the next step!

**Plan**
Below is a detailed step-by-step plan to complete the task.
1. Find a tomato.
2. Pick up the tomato.
3. Find a fridge.
4. Cool the tomato with the fridge.
5. Find a microwave.
6. Place the cooled tomato in the microwave.

**Current Observation**
Displayed is an image capturing the current position of the agent.
<image>
Objects in The Image: ['microwave', 'tomato', 'cup', 'plate', 'potato']

**History Information**
Displayed are the previous observations with their corresponding actions.
State 0:
No history.
State 1:
1. Step Index in the Plan: 1
2. Objects: Tomato, Countertop, Kitchen Appliances
3. Action: go to countertop 1
State 2:
1. Step Index in the Plan: 2
2. Objects: Cabinet, Wall, Countertop, Jar Lid
3. Action: go to countertop 3
State 3:
1. Step Index in the Plan: 2
2. Objects: Window, Copper Pots and Pans, Salt Shaker, Pepper Grinder, Glass Bottle with Stopper, Black Clock, Stainless Steel Trash Can
3. Action: go to countertop 4
State 4:
1. Step Index in the Plan: 2
2. Objects: Apple (irrelevant to the plan)
3. Action: go to countertop 2
State 5:
1. Step Index in the Plan: 2
2. Objects: Countertop, Tomato, Coffee Machine
3. Action: take tomato 1 from countertop 2
State 6:
1. Step Index in the Plan: 4
2. Objects: Tomato, Coffee Machine
3. Action: go to fridge 1
State 7:
1. Step Index in the Plan: 4
2. Objects: Refrigerator, Tomato
3. Action: cool tomato 1 with fridge 1
State 8:
1. Step Index in the Plan: 5
2. Objects: Refrigerator, Magnets, Rainbow, Smiley Face, Photographs, Tomato
3. Action: go to microwave 1
State 9:
1. Step Index in the Plan: Not specified but implied as subsequent to cooling the tomato
2. Objects: Cooled Tomato, Microwave
3. Action: open microwave 1


**Admissible Actions**
(1): go to cabinet 1
(2): go to cabinet 2
(3): go to cabinet 3
(4): go to fridge 1
(5): go to countertop 1
(6): go to cabinet 4
(7): go to cabinet 5
(8): go to cabinet 6
(9): go to cabinet 7
(10): go to drawer 1
(11): go to drawer 2
(12): go to cabinet 8
(13): go to drawer 3
(14): go to cabinet 9
(15): go to cabinet 10
(16): go to drawer 4
(17): go to cabinet 11
(18): go to toaster 1
(19): go to cabinet 12
(20): go to cabinet 13
(21): go to cabinet 14
(22): go to cabinet 15
(23): go to countertop 2
(24): go to coffeemachine 1
(25): go to garbagecan 1
(26): go to countertop 3
(27): go to countertop 4
(28): go to sink 1
(29): go to stoveburner 1
(30): go to stoveburner 2
(31): go to stoveburner 3
(32): go to sinkbasin 1
(33): close microwave 1
(34): put tomato 1 in/on microwave 1
(35): heat tomato 1 with microwave 1
(36): examine tomato 1

**Analysis Guideline**
1. Analyze the history and current observation, and then determine our current step in the plan and our current place. 
2. List all visible objects related to the task in the current observation, without summarizing any as "various items."
3. Analyze the objects in the current observation based on the history and the requirements for the current step, and then determine if we can complete the step with the current observation.
4. Analyze and decide on the most appropriate action to take.
5. Summarize the analysis using the following format: "Analysis: [The summarization of the analysis], The Most Appropriate Action: (i which is the integer.): [Selected action]"

**Notes**
1. We must complete each step of the plan in order and cannot skip steps when the previous ones are not finished.
2. For "Go to" actions listed as "go to xxx [n]", interpret this as there are n distinct actions available: "go to xxx 1", "go to xxx 2", ..., "go to xxx n". Select one specific action from these options instead of using "go to xxx [n]".
3. If receptacles such as drawers, cabinets, and so forth are closed in the current observation, we may try to open them.
4. Pay attention to synonyms and ensure clarity in the terms used.
5. We must determine and provide the single action which must be in the **Admissible Actions**.
6. If there is no history available, we are at the first step and the current place is "Unknown".


**Answer**
Please select the most suitable action by following the **Analysis Guideline**, keeping the above **Notes** in mind.
----------------------------------------

----------------------------------------

VLM Response:
Analysis: Based on the history information provided, the agent has already completed steps 1 through 4 of the plan, which included finding a tomato, picking it up, cooling it in the fridge, and then going to the microwave. The current observation shows the microwave door is open, and the cooled tomato is in the agent's possession. Since the next step in the plan after cooling the tomato (step 4) is to place the cooled tomato in the microwave (step 6), and given that the microwave is already open from the previous action (state 9), the most appropriate action is to place the cooled tomato inside the microwave.

The Most Appropriate Action: (34): put tomato 1 in/on microwave 1

----------------------------------------

----------------------------------------

>>> Refine VLM Response and Get Pure Action: put tomato 1 in/on microwave 1

----------------------------------------

-----------------------------------------------------------------

Running time: 8.838862419128418 seconds

Total Money: 0

-----------------------------------------------------------------

-----------------------------------------------------------------

Summarization Prompt:
**Context**
Analysis: Since there is no history information, we are at the first step in the plan, which is to find a statue. The current place is unknown. In the current observation, we see a floorlamp next to an armchair with a small table that has a small object on it, which could potentially be the statue we are looking for. Since the plan requires us to find a statue first and it appears there might be one on the table next to the armchair, we should investigate this object to determine if it is the statue we need.
The Most Appropriate Action: (1): go to armchair 1

**Summary**
1. Step Index in the Plan: 1
2. Objects: Floorlamp, Armchair, Small Table, Small Object (potential statue)
3. Action: go to armchair 1

**Context**
Analysis: Based on the history information provided, the agent has already completed steps 1 through 4 of the plan, which included finding a tomato, picking it up, cooling it in the fridge, and then going to the microwave. The current observation shows the microwave door is open, and the cooled tomato is in the agent's possession. Since the next step in the plan after cooling the tomato (step 4) is to place the cooled tomato in the microwave (step 6), and given that the microwave is already open from the previous action (state 9), the most appropriate action is to place the cooled tomato inside the microwave.

The Most Appropriate Action: (34): put tomato 1 in/on microwave 1

Please summarize the context by following above examples when providing the summary, and ensure that only the summary is included, without any extra explanation.

**Summary**

-----------------------------------------------------------------

-----------------------------------------------------------------

Summarization Response:
1. Step Index in the Plan: 6
2. Objects: Microwave (open), Cooled Tomato (in possession)
3. Action: put tomato 1 in/on microwave 1

-----------------------------------------------------------------

-----------------------------------------------------------------

Text Observation:You put the tomato 1 in/on the microwave 1.

-----------------------------------------------------------------