---------------------------------------------------------task: 9---------------------------------------------------------
--------------------------------------------------------------------------------------------------------------------------------------------------------------------
--------------------------------------------------------------------------------------------------------------------------------------------------------------------
Step:--------------------------------------------------------------------------0-------------------------------------------------------------------------------
----------------------------------------
VLM Prompt:
Image1:
<image>
**Instruction**
1. Analyze the provided image to identify all visible household objects, focusing on those relevant to the task description "put some soapbottle on toilet."
2. Use the analysis of the image and the task hint "The agent must find an object of the desired type, pick it up, find the correct location to place it, and put it down there." to answer the question: what is the most reasonable action in the choices for the task description "put some soapbottle on toilet"?
4. Decide and write the answer using the template: The answer is: (i): <selected_action>, where i is the real number. If there is no desired object in the image, search every place based on **Initial Observation** to find the object. And if no one is exactly correct, choose a similar answer.

**Initial Observation**
You are in the middle of a room. Looking quickly around you, you can see bathtub (1), bathtubbasin (1), toilet (1), cabinet (1-4), sink (1-2), countertop (1), sinkbasin (1-2), toiletpaperhanger (1), towelholder (1), garbagecan (1), handtowelholder (1)

**Answer Choices**
(1): go to bathtub 1
(2): go to bathtubbasin 1
(3): go to toilet 1
(4): go to cabinet 1
(5): go to cabinet 2
(6): go to cabinet 3
(7): go to sink 1
(8): go to sink 2
(9): go to countertop 1
(10): go to cabinet 4
(11): go to sinkbasin 1
(12): go to sinkbasin 2
(13): go to toiletpaperhanger 1
(14): go to towelholder 1
(15): go to garbagecan 1
(16): go to handtowelholder 1

**Answer**
Let's think step by step by following the instructions.
----------------------------------------

----------------------------------------

Original Response:
The task is to "put some soapbottle on toilet." From the image, there is no visible soap bottle. According to the initial observation, we must search every place to find the soap bottle which is likely to be in a cabinet or on the countertop. Since the countertop is visible in the image and there is no soap bottle on it, we can eliminate that option.

The next logical step is to check the cabinets, which are typical storage places for such items in a bathroom. The image shows cabinet 2, but it is closed, and we cannot see inside it. Therefore, we should check all cabinets starting from cabinet 1.

The answer is: (4): go to cabinet 1.

----------------------------------------

----------------------------------------

>>> Refine Original VLM Response and Get Pure Action: go to cabinet 1

----------------------------------------

-----------------------------------------------------------------

Running time: 6.09046745300293 seconds

Total Money: 3.7111899999999984

-----------------------------------------------------------------

-----------------------------------------------------------------

Text Observation:You arrive at loc 3. The cabinet 1 is closed. 

--------------------------------------------------------------------------------------------------------------------------task: 9---------------------------------------------------------
--------------------------------------------------------------------------------------------------------------------------------------------------------------------
--------------------------------------------------------------------------------------------------------------------------------------------------------------------
Step:--------------------------------------------------------------------------1-------------------------------------------------------------------------------
----------------------------------------
VLM Prompt:
Image1:
<image>
Image2:
<image>
**Instruction**
1. Analyze the provided image to identify all visible household objects, focusing on those relevant to the task description "put some soapbottle on toilet."
2. Use the analysis of the image and the task hint "The agent must find an object of the desired type, pick it up, find the correct location to place it, and put it down there." to answer the question: what is the most reasonable action in the choices for the task description "put some soapbottle on toilet"?
4. Decide and write the answer using the template: The answer is: (i): <selected_action>, where i is the real number. If there is no desired object in the image, search every place based on **Initial Observation** to find the object. And if no one is exactly correct, choose a similar answer.

**Initial Observation**
You are in the middle of a room. Looking quickly around you, you can see bathtub (1), bathtubbasin (1), toilet (1), cabinet (1-4), sink (1-2), countertop (1), sinkbasin (1-2), toiletpaperhanger (1), towelholder (1), garbagecan (1), handtowelholder (1)

**Answer Choices**
(1): go to bathtub 1
(2): go to bathtubbasin 1
(3): go to toilet 1
(4): go to cabinet 2
(5): go to cabinet 3
(6): go to sink 1
(7): go to sink 2
(8): go to countertop 1
(9): go to cabinet 4
(10): go to sinkbasin 1
(11): go to sinkbasin 2
(12): go to toiletpaperhanger 1
(13): go to towelholder 1
(14): go to garbagecan 1
(15): go to handtowelholder 1
(16): open cabinet 1
(17): close cabinet 1
(18): examine cabinet 1

**Answer**
Let's think step by step by following the instructions.
----------------------------------------

----------------------------------------

Original Response:
The task is to "put some soapbottle on toilet." To complete this task, we need to find a soap bottle first. Looking at both images, we do not see any soap bottle on the countertops, sink basins, or any other visible surface. Therefore, the soap bottle might be inside one of the cabinets. 

The most reasonable action to find the soap bottle would be to open a cabinet. Since cabinet 1 is centrally located under the sinks, it would be a logical first place to search. 

The answer is: (16): open cabinet 1.

----------------------------------------

----------------------------------------

>>> Refine Original VLM Response and Get Pure Action: open cabinet 1

----------------------------------------

-----------------------------------------------------------------

Running time: 13.548179626464844 seconds

Total Money: 3.7346299999999983

-----------------------------------------------------------------

-----------------------------------------------------------------

Text Observation:You open the cabinet 1. The cabinet 1 is open. In it, you see a faucet 1, a faucet 2, a candle 1, and a spraybottle 1.

--------------------------------------------------------------------------------------------------------------------------task: 9---------------------------------------------------------
--------------------------------------------------------------------------------------------------------------------------------------------------------------------
--------------------------------------------------------------------------------------------------------------------------------------------------------------------
Step:--------------------------------------------------------------------------2-------------------------------------------------------------------------------
----------------------------------------
VLM Prompt:
Image1:
<image>
Image2:
<image>
**Instruction**
1. Analyze the provided image to identify all visible household objects, focusing on those relevant to the task description "put some soapbottle on toilet."
2. Use the analysis of the image and the task hint "The agent must find an object of the desired type, pick it up, find the correct location to place it, and put it down there." to answer the question: what is the most reasonable action in the choices for the task description "put some soapbottle on toilet"?
4. Decide and write the answer using the template: The answer is: (i): <selected_action>, where i is the real number. If there is no desired object in the image, search every place based on **Initial Observation** to find the object. And if no one is exactly correct, choose a similar answer.

**Initial Observation**
You are in the middle of a room. Looking quickly around you, you can see bathtub (1), bathtubbasin (1), toilet (1), cabinet (1-4), sink (1-2), countertop (1), sinkbasin (1-2), toiletpaperhanger (1), towelholder (1), garbagecan (1), handtowelholder (1)

**Answer Choices**
(1): go to bathtub 1
(2): go to bathtubbasin 1
(3): go to toilet 1
(4): go to cabinet 2
(5): go to cabinet 3
(6): go to sink 1
(7): go to sink 2
(8): go to countertop 1
(9): go to cabinet 4
(10): go to sinkbasin 1
(11): go to sinkbasin 2
(12): go to toiletpaperhanger 1
(13): go to towelholder 1
(14): go to garbagecan 1
(15): go to handtowelholder 1
(16): close cabinet 1
(17): take faucet 1 from cabinet 1
(18): take faucet 2 from cabinet 1
(19): take candle 1 from cabinet 1
(20): take spraybottle 1 from cabinet 1
(21): examine cabinet 1

**Answer**
Let's think step by step by following the instructions.
----------------------------------------

----------------------------------------

Original Response:
The task is to "put some soapbottle on toilet." From the initial observation, we can infer that we should look for a soap bottle, which is likely to be in a cabinet or on a countertop near the sink. Since no soap bottle is visible on the countertop 1 or near the sinks in the provided images, we should check inside the cabinets.

The most reasonable action to find the soap bottle would be to open a cabinet that hasn't been opened yet. Cabinet 1 is already open, and we don't see any soap bottle inside, so we should move on to the next ones. The choices to open a cabinet are (4): go to cabinet 2, (5): go to cabinet 3, and (9): go to cabinet 4.

Since no specific cabinet is mentioned to contain the soap bottle, we can choose any of the unopened cabinets. However, to keep it organized, we can start with the one closest to the sink, which is cabinet 2.

The answer is: (4): go to cabinet 2.

----------------------------------------

----------------------------------------

>>> Refine Original VLM Response and Get Pure Action: go to cabinet 2

----------------------------------------

-----------------------------------------------------------------

Running time: 8.497525691986084 seconds

Total Money: 3.761519999999998

-----------------------------------------------------------------

-----------------------------------------------------------------

Text Observation:You arrive at loc 4. The cabinet 2 is closed. 

--------------------------------------------------------------------------------------------------------------------------task: 9---------------------------------------------------------
--------------------------------------------------------------------------------------------------------------------------------------------------------------------
--------------------------------------------------------------------------------------------------------------------------------------------------------------------
Step:--------------------------------------------------------------------------3-------------------------------------------------------------------------------
----------------------------------------
VLM Prompt:
Image1:
<image>
Image2:
<image>
**Instruction**
1. Analyze the provided image to identify all visible household objects, focusing on those relevant to the task description "put some soapbottle on toilet."
2. Use the analysis of the image and the task hint "The agent must find an object of the desired type, pick it up, find the correct location to place it, and put it down there." to answer the question: what is the most reasonable action in the choices for the task description "put some soapbottle on toilet"?
4. Decide and write the answer using the template: The answer is: (i): <selected_action>, where i is the real number. If there is no desired object in the image, search every place based on **Initial Observation** to find the object. And if no one is exactly correct, choose a similar answer.

**Initial Observation**
You are in the middle of a room. Looking quickly around you, you can see bathtub (1), bathtubbasin (1), toilet (1), cabinet (1-4), sink (1-2), countertop (1), sinkbasin (1-2), toiletpaperhanger (1), towelholder (1), garbagecan (1), handtowelholder (1)

**Answer Choices**
(1): go to bathtub 1
(2): go to bathtubbasin 1
(3): go to toilet 1
(4): go to cabinet 3
(5): go to sink 1
(6): go to sink 2
(7): go to countertop 1
(8): go to cabinet 4
(9): go to sinkbasin 1
(10): go to sinkbasin 2
(11): go to toiletpaperhanger 1
(12): go to towelholder 1
(13): go to garbagecan 1
(14): go to handtowelholder 1
(15): open cabinet 2
(16): close cabinet 2
(17): examine cabinet 2

**Answer**
Let's think step by step by following the instructions.
----------------------------------------

----------------------------------------

Original Response:
The task requires putting a soap bottle on the toilet. To do that, the agent must first find a soap bottle. The initial observation mentions various objects, but there is no mention of a soap bottle in the visible area. Therefore, the agent must search the area to find a soap bottle.

Looking at the provided images, the soap bottle is not immediately visible on the countertops or other open surfaces. The logical place to look for a soap bottle would be inside one of the cabinets.

Out of the answer choices, the one that involves searching inside a cabinet is (15): open cabinet 2. This action aligns with the task of finding a soap bottle, as it may be stored inside the cabinet. 

The answer is: (15): open cabinet 2.

----------------------------------------

----------------------------------------

>>> Refine Original VLM Response and Get Pure Action: open cabinet 2

----------------------------------------

-----------------------------------------------------------------

Running time: 13.158599853515625 seconds

Total Money: 3.7860099999999983

-----------------------------------------------------------------

-----------------------------------------------------------------

Text Observation:You open the cabinet 2. The cabinet 2 is open. In it, you see a faucet 1, a faucet 2, a cloth 1, a candle 1, and a spraybottle 1.

--------------------------------------------------------------------------------------------------------------------------task: 9---------------------------------------------------------
--------------------------------------------------------------------------------------------------------------------------------------------------------------------
--------------------------------------------------------------------------------------------------------------------------------------------------------------------
Step:--------------------------------------------------------------------------4-------------------------------------------------------------------------------
----------------------------------------
VLM Prompt:
Image1:
<image>
Image2:
<image>
**Instruction**
1. Analyze the provided image to identify all visible household objects, focusing on those relevant to the task description "put some soapbottle on toilet."
2. Use the analysis of the image and the task hint "The agent must find an object of the desired type, pick it up, find the correct location to place it, and put it down there." to answer the question: what is the most reasonable action in the choices for the task description "put some soapbottle on toilet"?
4. Decide and write the answer using the template: The answer is: (i): <selected_action>, where i is the real number. If there is no desired object in the image, search every place based on **Initial Observation** to find the object. And if no one is exactly correct, choose a similar answer.

**Initial Observation**
You are in the middle of a room. Looking quickly around you, you can see bathtub (1), bathtubbasin (1), toilet (1), cabinet (1-4), sink (1-2), countertop (1), sinkbasin (1-2), toiletpaperhanger (1), towelholder (1), garbagecan (1), handtowelholder (1)

**Answer Choices**
(1): go to bathtub 1
(2): go to bathtubbasin 1
(3): go to toilet 1
(4): go to cabinet 1
(5): go to cabinet 3
(6): go to sink 1
(7): go to sink 2
(8): go to countertop 1
(9): go to cabinet 4
(10): go to sinkbasin 1
(11): go to sinkbasin 2
(12): go to toiletpaperhanger 1
(13): go to towelholder 1
(14): go to garbagecan 1
(15): go to handtowelholder 1
(16): close cabinet 2
(17): take faucet 1 from cabinet 2
(18): take faucet 2 from cabinet 2
(19): take cloth 1 from cabinet 2
(20): take candle 1 from cabinet 2
(21): take spraybottle 1 from cabinet 2
(22): examine cabinet 2

**Answer**
Let's think step by step by following the instructions.
----------------------------------------

----------------------------------------

Original Response:
The task is to "put some soapbottle on toilet." Therefore, we need to find a soap bottle. In both images, there is no soap bottle visible on the countertop, sink basins, or other areas in plain sight. The likely place where a soap bottle could be is inside a cabinet. 

In Image 2, we see cabinet 2 is open, revealing a purple cloth (cloth 1), and no soap bottle is visible there. The task hint suggests that we might need to search for the object if it's not in plain sight. Therefore, it would be reasonable to check the other cabinets.

Considering the initial observation and the visible items in both images, the most reasonable action would be to search the remaining cabinets for a soap bottle.

The answer is: (4): go to cabinet 1.

----------------------------------------

----------------------------------------

>>> Refine Original VLM Response and Get Pure Action: go to cabinet 1

----------------------------------------

-----------------------------------------------------------------

Running time: 9.65252137184143 seconds

Total Money: 3.8115199999999985

-----------------------------------------------------------------

-----------------------------------------------------------------

Text Observation:You arrive at loc 3. The cabinet 1 is open. On the cabinet 1, you see a faucet 1, a faucet 2, a cloth 1, a candle 1, and a spraybottle 1.

--------------------------------------------------------------------------------------------------------------------------task: 9---------------------------------------------------------
--------------------------------------------------------------------------------------------------------------------------------------------------------------------
--------------------------------------------------------------------------------------------------------------------------------------------------------------------
Step:--------------------------------------------------------------------------5-------------------------------------------------------------------------------
----------------------------------------
VLM Prompt:
Image1:
<image>
Image2:
<image>
**Instruction**
1. Analyze the provided image to identify all visible household objects, focusing on those relevant to the task description "put some soapbottle on toilet."
2. Use the analysis of the image and the task hint "The agent must find an object of the desired type, pick it up, find the correct location to place it, and put it down there." to answer the question: what is the most reasonable action in the choices for the task description "put some soapbottle on toilet"?
4. Decide and write the answer using the template: The answer is: (i): <selected_action>, where i is the real number. If there is no desired object in the image, search every place based on **Initial Observation** to find the object. And if no one is exactly correct, choose a similar answer.

**Initial Observation**
You are in the middle of a room. Looking quickly around you, you can see bathtub (1), bathtubbasin (1), toilet (1), cabinet (1-4), sink (1-2), countertop (1), sinkbasin (1-2), toiletpaperhanger (1), towelholder (1), garbagecan (1), handtowelholder (1)

**Answer Choices**
(1): go to bathtub 1
(2): go to bathtubbasin 1
(3): go to toilet 1
(4): go to cabinet 3
(5): go to sink 1
(6): go to sink 2
(7): go to countertop 1
(8): go to cabinet 4
(9): go to sinkbasin 1
(10): go to sinkbasin 2
(11): go to toiletpaperhanger 1
(12): go to towelholder 1
(13): go to garbagecan 1
(14): go to handtowelholder 1
(15): open cabinet 1
(16): close cabinet 1
(17): take faucet 1 from cabinet 1
(18): take faucet 2 from cabinet 1
(19): take cloth 1 from cabinet 1
(20): take candle 1 from cabinet 1
(21): take spraybottle 1 from cabinet 1
(22): examine cabinet 1

**Answer**
Let's think step by step by following the instructions.
----------------------------------------

----------------------------------------

Original Response:
First, we need to identify all visible household objects relevant to the task "put some soapbottle on toilet." In the images provided, we do not see any soap bottles on the countertops, sinkbasins, or visible inside the open cabinets. Based on the initial observation, there are cabinets that have not been checked yet.

Next, considering the task hint, we must find an object of the desired type (soapbottle), pick it up, find the correct location (toilet 1), and put it down there. Since the soapbottle is not visible, we need to search the cabinets.

The most reasonable action from the choices given would be to open a cabinet that has not been checked yet to search for the soapbottle. Cabinet 3 is slightly ajar, and we can see a cloth inside, but it doesn't mean there isn't a soapbottle also inside. Cabinet 4 is closed, and we have not seen inside it yet; therefore, it is a potential place where the soapbottle could be.

The answer is: (8): go to cabinet 4.

----------------------------------------

----------------------------------------

>>> Refine Original VLM Response and Get Pure Action: go to cabinet 4

----------------------------------------

-----------------------------------------------------------------

Running time: 11.23097562789917 seconds

Total Money: 3.8387299999999986

-----------------------------------------------------------------

-----------------------------------------------------------------

Text Observation:You arrive at loc 9. The cabinet 4 is closed. 

--------------------------------------------------------------------------------------------------------------------------task: 9---------------------------------------------------------
--------------------------------------------------------------------------------------------------------------------------------------------------------------------
--------------------------------------------------------------------------------------------------------------------------------------------------------------------
Step:--------------------------------------------------------------------------6-------------------------------------------------------------------------------
----------------------------------------
VLM Prompt:
Image1:
<image>
Image2:
<image>
**Instruction**
1. Analyze the provided image to identify all visible household objects, focusing on those relevant to the task description "put some soapbottle on toilet."
2. Use the analysis of the image and the task hint "The agent must find an object of the desired type, pick it up, find the correct location to place it, and put it down there." to answer the question: what is the most reasonable action in the choices for the task description "put some soapbottle on toilet"?
4. Decide and write the answer using the template: The answer is: (i): <selected_action>, where i is the real number. If there is no desired object in the image, search every place based on **Initial Observation** to find the object. And if no one is exactly correct, choose a similar answer.

**Initial Observation**
You are in the middle of a room. Looking quickly around you, you can see bathtub (1), bathtubbasin (1), toilet (1), cabinet (1-4), sink (1-2), countertop (1), sinkbasin (1-2), toiletpaperhanger (1), towelholder (1), garbagecan (1), handtowelholder (1)

**Answer Choices**
(1): go to bathtub 1
(2): go to bathtubbasin 1
(3): go to toilet 1
(4): go to cabinet 2
(5): go to cabinet 3
(6): go to sink 1
(7): go to sink 2
(8): go to countertop 1
(9): go to sinkbasin 1
(10): go to sinkbasin 2
(11): go to toiletpaperhanger 1
(12): go to towelholder 1
(13): go to garbagecan 1
(14): go to handtowelholder 1
(15): open cabinet 4
(16): close cabinet 4
(17): examine cabinet 4

**Answer**
Let's think step by step by following the instructions.
----------------------------------------

----------------------------------------

Original Response:
Firstly, we need to identify all visible household objects relevant to the task "put some soapbottle on toilet." In the image, we can see a toilet, two sinks with sink basins, cabinets, a countertop, and various other bathroom fixtures. However, there is no visible soap bottle in the image.

Given the task description and the hint provided, the agent must find an object of the desired type (soap bottle), pick it up, find the correct location (toilet), and put it down there.

Since there is no soap bottle visible in the image, we must search every place based on the Initial Observation to find the object. The most likely place to find a soap bottle in a bathroom setting would be in or on a cabinet or possibly on the countertop.

Examining the image, we can see that cabinet 4 is slightly open, which might indicate that the soap bottle is inside. Therefore, the most reasonable action to find the soap bottle would be to examine cabinet 4.

The answer is: (17): examine cabinet 4.

----------------------------------------

----------------------------------------

>>> Refine Original VLM Response and Get Pure Action: examine cabinet 4

----------------------------------------

-----------------------------------------------------------------

Running time: 11.42525315284729 seconds

Total Money: 3.8650499999999988

-----------------------------------------------------------------

-----------------------------------------------------------------

Text Observation:On the cabinet 4, you see a faucet 1, a faucet 2, a cloth 1, a candle 1, and a spraybottle 1.

--------------------------------------------------------------------------------------------------------------------------task: 9---------------------------------------------------------
--------------------------------------------------------------------------------------------------------------------------------------------------------------------
--------------------------------------------------------------------------------------------------------------------------------------------------------------------
Step:--------------------------------------------------------------------------7-------------------------------------------------------------------------------
----------------------------------------
VLM Prompt:
Image1:
<image>
Image2:
<image>
**Instruction**
1. Analyze the provided image to identify all visible household objects, focusing on those relevant to the task description "put some soapbottle on toilet."
2. Use the analysis of the image and the task hint "The agent must find an object of the desired type, pick it up, find the correct location to place it, and put it down there." to answer the question: what is the most reasonable action in the choices for the task description "put some soapbottle on toilet"?
4. Decide and write the answer using the template: The answer is: (i): <selected_action>, where i is the real number. If there is no desired object in the image, search every place based on **Initial Observation** to find the object. And if no one is exactly correct, choose a similar answer.

**Initial Observation**
You are in the middle of a room. Looking quickly around you, you can see bathtub (1), bathtubbasin (1), toilet (1), cabinet (1-4), sink (1-2), countertop (1), sinkbasin (1-2), toiletpaperhanger (1), towelholder (1), garbagecan (1), handtowelholder (1)

**Answer Choices**
(1): go to bathtub 1
(2): go to bathtubbasin 1
(3): go to toilet 1
(4): go to cabinet 2
(5): go to cabinet 3
(6): go to sink 1
(7): go to sink 2
(8): go to countertop 1
(9): go to sinkbasin 1
(10): go to sinkbasin 2
(11): go to toiletpaperhanger 1
(12): go to towelholder 1
(13): go to garbagecan 1
(14): go to handtowelholder 1
(15): open cabinet 4
(16): close cabinet 4
(17): take faucet 1 from cabinet 4
(18): take faucet 2 from cabinet 4
(19): take cloth 1 from cabinet 4
(20): take candle 1 from cabinet 4
(21): take spraybottle 1 from cabinet 4

**Answer**
Let's think step by step by following the instructions.
----------------------------------------

----------------------------------------

Original Response:
The task is to "put some soapbottle on toilet." From the initial observation, no soapbottle is mentioned, so we need to look for it. In the images provided, none of the objects are labeled as soapbottles. However, there is an object inside cabinet 4 that looks like it could be a soapbottle or a similar container, but it is not labeled.

Since the task description specifies "put some soapbottle on toilet," the most logical place to start would be to search for the soapbottle. The object that could be a soapbottle or similar is in cabinet 4, and cabinet 4 is slightly open, revealing something that could potentially be a soapbottle.

The answer is: (15): open cabinet 4.

----------------------------------------

----------------------------------------

>>> Refine Original VLM Response and Get Pure Action: open cabinet 4

----------------------------------------

-----------------------------------------------------------------

Running time: 11.331395387649536 seconds

Total Money: 3.8901999999999988

-----------------------------------------------------------------

-----------------------------------------------------------------

Text Observation:You open the cabinet 4. The cabinet 4 is open. In it, you see a faucet 1, a faucet 2, a cloth 1, a candle 1, and a spraybottle 1.

--------------------------------------------------------------------------------------------------------------------------task: 9---------------------------------------------------------
--------------------------------------------------------------------------------------------------------------------------------------------------------------------
--------------------------------------------------------------------------------------------------------------------------------------------------------------------
Step:--------------------------------------------------------------------------8-------------------------------------------------------------------------------
----------------------------------------
VLM Prompt:
Image1:
<image>
Image2:
<image>
**Instruction**
1. Analyze the provided image to identify all visible household objects, focusing on those relevant to the task description "put some soapbottle on toilet."
2. Use the analysis of the image and the task hint "The agent must find an object of the desired type, pick it up, find the correct location to place it, and put it down there." to answer the question: what is the most reasonable action in the choices for the task description "put some soapbottle on toilet"?
4. Decide and write the answer using the template: The answer is: (i): <selected_action>, where i is the real number. If there is no desired object in the image, search every place based on **Initial Observation** to find the object. And if no one is exactly correct, choose a similar answer.

**Initial Observation**
You are in the middle of a room. Looking quickly around you, you can see bathtub (1), bathtubbasin (1), toilet (1), cabinet (1-4), sink (1-2), countertop (1), sinkbasin (1-2), toiletpaperhanger (1), towelholder (1), garbagecan (1), handtowelholder (1)

**Answer Choices**
(1): go to bathtub 1
(2): go to bathtubbasin 1
(3): go to toilet 1
(4): go to cabinet 1
(5): go to cabinet 2
(6): go to cabinet 3
(7): go to sink 1
(8): go to sink 2
(9): go to countertop 1
(10): go to sinkbasin 1
(11): go to sinkbasin 2
(12): go to toiletpaperhanger 1
(13): go to towelholder 1
(14): go to garbagecan 1
(15): go to handtowelholder 1
(16): close cabinet 4
(17): take faucet 1 from cabinet 4
(18): take faucet 2 from cabinet 4
(19): take cloth 1 from cabinet 4
(20): take candle 1 from cabinet 4
(21): take spraybottle 1 from cabinet 4

**Answer**
Let's think step by step by following the instructions.
----------------------------------------

----------------------------------------

Original Response:
The task is to "put some soapbottle on toilet." Looking at the images, there is no visible soap bottle. Based on the Initial Observation, a soap bottle could be in one of the cabinets as it is a common place to store such items in a bathroom.

The most reasonable action from the choices would be to search the cabinets. Since cabinet 4 is already open and does not contain a soap bottle, the next logical step would be to check the other cabinets.

The answer is: (4): go to cabinet 1.

----------------------------------------

----------------------------------------

>>> Refine Original VLM Response and Get Pure Action: go to cabinet 1

----------------------------------------

-----------------------------------------------------------------

Running time: 9.454940795898438 seconds

Total Money: 3.913859999999999

-----------------------------------------------------------------

-----------------------------------------------------------------

Text Observation:You arrive at loc 3. The cabinet 1 is open. On the cabinet 1, you see a faucet 1, a faucet 2, a cloth 1, a candle 1, and a spraybottle 1.

--------------------------------------------------------------------------------------------------------------------------task: 9---------------------------------------------------------
--------------------------------------------------------------------------------------------------------------------------------------------------------------------
--------------------------------------------------------------------------------------------------------------------------------------------------------------------
Step:--------------------------------------------------------------------------9-------------------------------------------------------------------------------
----------------------------------------
VLM Prompt:
Image1:
<image>
Image2:
<image>
**Instruction**
1. Analyze the provided image to identify all visible household objects, focusing on those relevant to the task description "put some soapbottle on toilet."
2. Use the analysis of the image and the task hint "The agent must find an object of the desired type, pick it up, find the correct location to place it, and put it down there." to answer the question: what is the most reasonable action in the choices for the task description "put some soapbottle on toilet"?
4. Decide and write the answer using the template: The answer is: (i): <selected_action>, where i is the real number. If there is no desired object in the image, search every place based on **Initial Observation** to find the object. And if no one is exactly correct, choose a similar answer.

**Initial Observation**
You are in the middle of a room. Looking quickly around you, you can see bathtub (1), bathtubbasin (1), toilet (1), cabinet (1-4), sink (1-2), countertop (1), sinkbasin (1-2), toiletpaperhanger (1), towelholder (1), garbagecan (1), handtowelholder (1)

**Answer Choices**
(1): go to bathtub 1
(2): go to bathtubbasin 1
(3): go to toilet 1
(4): go to cabinet 2
(5): go to cabinet 3
(6): go to sink 1
(7): go to sink 2
(8): go to countertop 1
(9): go to cabinet 4
(10): go to sinkbasin 1
(11): go to sinkbasin 2
(12): go to toiletpaperhanger 1
(13): go to towelholder 1
(14): go to garbagecan 1
(15): go to handtowelholder 1
(16): open cabinet 1
(17): close cabinet 1
(18): take faucet 1 from cabinet 1
(19): take faucet 2 from cabinet 1
(20): take cloth 1 from cabinet 1
(21): take candle 1 from cabinet 1
(22): take spraybottle 1 from cabinet 1
(23): examine cabinet 1

**Answer**
Let's think step by step by following the instructions.
----------------------------------------

----------------------------------------

Original Response:
First, we need to find a soapbottle to complete the task of putting it on the toilet. By analyzing the image, we can see various objects, such as faucets, sinks, a candle, and cabinets, but there is no visible soapbottle. Based on the initial observation provided, there is no mention of a soapbottle being in sight either.

To find the soapbottle, we must search the places where it is most likely to be stored, such as cabinets or countertops. In the image, cabinet 1 is open, showing a faucet, a cloth, and a candle, but no soapbottle. Given this information, the most reasonable action to find the soapbottle is to check inside the other cabinets that are not open.

The answer is: (5): go to cabinet 3.

----------------------------------------

----------------------------------------

>>> Refine Original VLM Response and Get Pure Action: go to cabinet 3

----------------------------------------

-----------------------------------------------------------------

Running time: 35.83691191673279 seconds

Total Money: 3.9394499999999986

-----------------------------------------------------------------

-----------------------------------------------------------------

Text Observation:You arrive at loc 5. The cabinet 3 is closed. 

--------------------------------------------------------------------------------------------------------------------------task: 9---------------------------------------------------------
--------------------------------------------------------------------------------------------------------------------------------------------------------------------
--------------------------------------------------------------------------------------------------------------------------------------------------------------------
Step:--------------------------------------------------------------------------10-------------------------------------------------------------------------------
----------------------------------------
VLM Prompt:
Image1:
<image>
Image2:
<image>
**Instruction**
1. Analyze the provided image to identify all visible household objects, focusing on those relevant to the task description "put some soapbottle on toilet."
2. Use the analysis of the image and the task hint "The agent must find an object of the desired type, pick it up, find the correct location to place it, and put it down there." to answer the question: what is the most reasonable action in the choices for the task description "put some soapbottle on toilet"?
4. Decide and write the answer using the template: The answer is: (i): <selected_action>, where i is the real number. If there is no desired object in the image, search every place based on **Initial Observation** to find the object. And if no one is exactly correct, choose a similar answer.

**Initial Observation**
You are in the middle of a room. Looking quickly around you, you can see bathtub (1), bathtubbasin (1), toilet (1), cabinet (1-4), sink (1-2), countertop (1), sinkbasin (1-2), toiletpaperhanger (1), towelholder (1), garbagecan (1), handtowelholder (1)

**Answer Choices**
(1): go to bathtub 1
(2): go to bathtubbasin 1
(3): go to toilet 1
(4): go to cabinet 2
(5): go to sink 1
(6): go to sink 2
(7): go to countertop 1
(8): go to cabinet 4
(9): go to sinkbasin 1
(10): go to sinkbasin 2
(11): go to toiletpaperhanger 1
(12): go to towelholder 1
(13): go to garbagecan 1
(14): go to handtowelholder 1
(15): open cabinet 3
(16): close cabinet 3
(17): examine cabinet 3

**Answer**
Let's think step by step by following the instructions.
----------------------------------------

----------------------------------------

Original Response:
The task is to put some soapbottle on the toilet. From the initial observation, we know there's a toilet (1) and several cabinets (1-4) in the room. Soap bottles are typically found in cabinets or on countertops in a bathroom.

Looking at the provided images, we do not see any soapbottle visibly placed on countertops or around the sink area. Therefore, we should check inside the cabinets for a soapbottle. 

Since cabinet 3 is partially open and there's a cloth visible, it's a reasonable place to start searching for a soapbottle. The most reasonable action from the choices would be to further examine cabinet 3 to find a soapbottle. 

The answer is: (17): examine cabinet 3.

----------------------------------------

----------------------------------------

>>> Refine Original VLM Response and Get Pure Action: examine cabinet 3

----------------------------------------

-----------------------------------------------------------------

Running time: 10.539680480957031 seconds

Total Money: 3.9639399999999987

-----------------------------------------------------------------

-----------------------------------------------------------------

Text Observation:On the cabinet 3, you see a faucet 1, a faucet 2, a cloth 1, a candle 1, and a spraybottle 1.

--------------------------------------------------------------------------------------------------------------------------task: 9---------------------------------------------------------
--------------------------------------------------------------------------------------------------------------------------------------------------------------------
--------------------------------------------------------------------------------------------------------------------------------------------------------------------
Step:--------------------------------------------------------------------------11-------------------------------------------------------------------------------
----------------------------------------
VLM Prompt:
Image1:
<image>
Image2:
<image>
**Instruction**
1. Analyze the provided image to identify all visible household objects, focusing on those relevant to the task description "put some soapbottle on toilet."
2. Use the analysis of the image and the task hint "The agent must find an object of the desired type, pick it up, find the correct location to place it, and put it down there." to answer the question: what is the most reasonable action in the choices for the task description "put some soapbottle on toilet"?
4. Decide and write the answer using the template: The answer is: (i): <selected_action>, where i is the real number. If there is no desired object in the image, search every place based on **Initial Observation** to find the object. And if no one is exactly correct, choose a similar answer.

**Initial Observation**
You are in the middle of a room. Looking quickly around you, you can see bathtub (1), bathtubbasin (1), toilet (1), cabinet (1-4), sink (1-2), countertop (1), sinkbasin (1-2), toiletpaperhanger (1), towelholder (1), garbagecan (1), handtowelholder (1)

**Answer Choices**
(1): go to bathtub 1
(2): go to bathtubbasin 1
(3): go to toilet 1
(4): go to cabinet 2
(5): go to sink 1
(6): go to sink 2
(7): go to countertop 1
(8): go to cabinet 4
(9): go to sinkbasin 1
(10): go to sinkbasin 2
(11): go to toiletpaperhanger 1
(12): go to towelholder 1
(13): go to garbagecan 1
(14): go to handtowelholder 1
(15): open cabinet 3
(16): close cabinet 3
(17): take faucet 1 from cabinet 3
(18): take faucet 2 from cabinet 3
(19): take cloth 1 from cabinet 3
(20): take candle 1 from cabinet 3
(21): take spraybottle 1 from cabinet 3

**Answer**
Let's think step by step by following the instructions.
----------------------------------------

----------------------------------------

Original Response:
First, we need to identify all visible household objects relevant to the task description "put some soapbottle on toilet." From the initial observation, we can see that there is a toilet (toilet 1) and several cabinets (cabinet 1-4).

Next, based on the task hint, we need to find an object of the desired type, which in this case is a soap bottle. Looking at the images provided, we do not see any soap bottles on the countertops, sinks, or visible in the open cabinet (cabinet 3). Therefore, we must search every place based on the initial observation to find the object.

Since the soap bottle is not immediately visible, the most reasonable action would be to look inside the cabinets that are not yet open. Cabinet 2 is slightly ajar, suggesting it may have been recently accessed or contains frequently used items such as a soap bottle. Therefore, the most logical next step is to open cabinet 2 and search for the soap bottle.

The answer is: (4): go to cabinet 2.

----------------------------------------

----------------------------------------

>>> Refine Original VLM Response and Get Pure Action: go to cabinet 2

----------------------------------------

-----------------------------------------------------------------

Running time: 10.614905834197998 seconds

Total Money: 3.9907699999999986

-----------------------------------------------------------------

-----------------------------------------------------------------

Text Observation:You arrive at loc 4. The cabinet 2 is open. On the cabinet 2, you see a faucet 1, a faucet 2, a cloth 1, a candle 1, and a spraybottle 1.

--------------------------------------------------------------------------------------------------------------------------task: 9---------------------------------------------------------
--------------------------------------------------------------------------------------------------------------------------------------------------------------------
--------------------------------------------------------------------------------------------------------------------------------------------------------------------
Step:--------------------------------------------------------------------------12-------------------------------------------------------------------------------
----------------------------------------
VLM Prompt:
Image1:
<image>
Image2:
<image>
**Instruction**
1. Analyze the provided image to identify all visible household objects, focusing on those relevant to the task description "put some soapbottle on toilet."
2. Use the analysis of the image and the task hint "The agent must find an object of the desired type, pick it up, find the correct location to place it, and put it down there." to answer the question: what is the most reasonable action in the choices for the task description "put some soapbottle on toilet"?
4. Decide and write the answer using the template: The answer is: (i): <selected_action>, where i is the real number. If there is no desired object in the image, search every place based on **Initial Observation** to find the object. And if no one is exactly correct, choose a similar answer.

**Initial Observation**
You are in the middle of a room. Looking quickly around you, you can see bathtub (1), bathtubbasin (1), toilet (1), cabinet (1-4), sink (1-2), countertop (1), sinkbasin (1-2), toiletpaperhanger (1), towelholder (1), garbagecan (1), handtowelholder (1)

**Answer Choices**
(1): go to bathtub 1
(2): go to bathtubbasin 1
(3): go to toilet 1
(4): go to cabinet 1
(5): go to sink 1
(6): go to sink 2
(7): go to countertop 1
(8): go to cabinet 4
(9): go to sinkbasin 1
(10): go to sinkbasin 2
(11): go to toiletpaperhanger 1
(12): go to towelholder 1
(13): go to garbagecan 1
(14): go to handtowelholder 1
(15): open cabinet 2
(16): close cabinet 2
(17): take faucet 1 from cabinet 2
(18): take faucet 2 from cabinet 2
(19): take cloth 1 from cabinet 2
(20): take candle 1 from cabinet 2
(21): take spraybottle 1 from cabinet 2
(22): examine cabinet 2

**Answer**
Let's think step by step by following the instructions.
----------------------------------------

----------------------------------------

Original Response:
First, we need to identify all visible household objects relevant to the task description "put some soapbottle on toilet." From the images and initial observation, we do not see any soapbottle present.

Next, the task hint suggests that the agent must find an object of the desired type, pick it up, find the correct location to place it, and put it down there. Since we do not see a soapbottle in the image, the most reasonable action would be to search every place based on the initial observation to find the object.

The most likely location for a soapbottle would be inside a cabinet, as they are often stored there in a bathroom setting. Given the choices, the best action would be to open a cabinet to search for the soapbottle.

The answer is: (15): open cabinet 2.

----------------------------------------

----------------------------------------

>>> Refine Original VLM Response and Get Pure Action: open cabinet 2

----------------------------------------

-----------------------------------------------------------------

Running time: 9.630239963531494 seconds

Total Money: 4.016299999999998

-----------------------------------------------------------------

-----------------------------------------------------------------

Text Observation:Nothing happens.

--------------------------------------------------------------------------------------------------------------------------task: 9---------------------------------------------------------
--------------------------------------------------------------------------------------------------------------------------------------------------------------------
--------------------------------------------------------------------------------------------------------------------------------------------------------------------
Step:--------------------------------------------------------------------------13-------------------------------------------------------------------------------
----------------------------------------
VLM Prompt:
Image1:
<image>
Image2:
<image>
**Instruction**
1. Analyze the provided image to identify all visible household objects, focusing on those relevant to the task description "put some soapbottle on toilet."
2. Use the analysis of the image and the task hint "The agent must find an object of the desired type, pick it up, find the correct location to place it, and put it down there." to answer the question: what is the most reasonable action in the choices for the task description "put some soapbottle on toilet"?
4. Decide and write the answer using the template: The answer is: (i): <selected_action>, where i is the real number. If there is no desired object in the image, search every place based on **Initial Observation** to find the object. And if no one is exactly correct, choose a similar answer.

**Initial Observation**
You are in the middle of a room. Looking quickly around you, you can see bathtub (1), bathtubbasin (1), toilet (1), cabinet (1-4), sink (1-2), countertop (1), sinkbasin (1-2), toiletpaperhanger (1), towelholder (1), garbagecan (1), handtowelholder (1)

**Answer Choices**
(1): go to bathtub 1
(2): go to bathtubbasin 1
(3): go to toilet 1
(4): go to cabinet 1
(5): go to cabinet 3
(6): go to sink 1
(7): go to sink 2
(8): go to countertop 1
(9): go to cabinet 4
(10): go to sinkbasin 1
(11): go to sinkbasin 2
(12): go to toiletpaperhanger 1
(13): go to towelholder 1
(14): go to garbagecan 1
(15): go to handtowelholder 1
(16): close cabinet 2
(17): take faucet 1 from cabinet 2
(18): take faucet 2 from cabinet 2
(19): take cloth 1 from cabinet 2
(20): take candle 1 from cabinet 2
(21): take spraybottle 1 from cabinet 2
(22): examine cabinet 2

**Answer**
Let's think step by step by following the instructions.
----------------------------------------

----------------------------------------

Original Response:
The task is to "put some soapbottle on toilet." From the initial observation, we know that there are cabinets 1-4 available to search for objects, such as a soap bottle. None of the answer choices explicitly mention finding or taking a soap bottle. However, choice (22) "examine cabinet 2" seems like the most reasonable action to take, as it may reveal the presence of a soap bottle inside cabinet 2. Since we are looking for a soap bottle and not any of the objects mentioned in the answer choices, examining the cabinet to find it is the best action to take before we can place it on the toilet.

The answer is: (22): examine cabinet 2.

----------------------------------------

----------------------------------------

>>> Refine Original VLM Response and Get Pure Action: examine cabinet 2

----------------------------------------

-----------------------------------------------------------------

Running time: 13.131102323532104 seconds

Total Money: 4.041089999999999

-----------------------------------------------------------------

-----------------------------------------------------------------

Text Observation:On the cabinet 2, you see a faucet 1, a faucet 2, a cloth 1, a candle 1, and a spraybottle 1.

--------------------------------------------------------------------------------------------------------------------------task: 9---------------------------------------------------------
--------------------------------------------------------------------------------------------------------------------------------------------------------------------
--------------------------------------------------------------------------------------------------------------------------------------------------------------------
Step:--------------------------------------------------------------------------14-------------------------------------------------------------------------------
----------------------------------------
VLM Prompt:
Image1:
<image>
Image2:
<image>
**Instruction**
1. Analyze the provided image to identify all visible household objects, focusing on those relevant to the task description "put some soapbottle on toilet."
2. Use the analysis of the image and the task hint "The agent must find an object of the desired type, pick it up, find the correct location to place it, and put it down there." to answer the question: what is the most reasonable action in the choices for the task description "put some soapbottle on toilet"?
4. Decide and write the answer using the template: The answer is: (i): <selected_action>, where i is the real number. If there is no desired object in the image, search every place based on **Initial Observation** to find the object. And if no one is exactly correct, choose a similar answer.

**Initial Observation**
You are in the middle of a room. Looking quickly around you, you can see bathtub (1), bathtubbasin (1), toilet (1), cabinet (1-4), sink (1-2), countertop (1), sinkbasin (1-2), toiletpaperhanger (1), towelholder (1), garbagecan (1), handtowelholder (1)

**Answer Choices**
(1): go to bathtub 1
(2): go to bathtubbasin 1
(3): go to toilet 1
(4): go to cabinet 1
(5): go to cabinet 3
(6): go to sink 1
(7): go to sink 2
(8): go to countertop 1
(9): go to cabinet 4
(10): go to sinkbasin 1
(11): go to sinkbasin 2
(12): go to toiletpaperhanger 1
(13): go to towelholder 1
(14): go to garbagecan 1
(15): go to handtowelholder 1
(16): close cabinet 2
(17): take faucet 1 from cabinet 2
(18): take faucet 2 from cabinet 2
(19): take cloth 1 from cabinet 2
(20): take candle 1 from cabinet 2
(21): take spraybottle 1 from cabinet 2

**Answer**
Let's think step by step by following the instructions.
----------------------------------------

----------------------------------------

Original Response:
The task is to "put some soapbottle on toilet." From the initial observation, we can note that there's no mention of a soapbottle in the visible items. Therefore, we must search the cabinets to find the soapbottle. 

Looking at the image, cabinet 2 is open, and inside we can see cloth 1 and spraybottle 1, but no soapbottle is visible. The other cabinets (1, 3, and 4) are closed, and we don't have information about their contents.

Based on the task description and the hint, the most reasonable action would be to search the cabinets for the soapbottle. Since cabinet 2 is already open and we can see there's no soapbottle, we should check the other cabinets.

The answer is: (4): go to cabinet 1.

----------------------------------------

----------------------------------------

>>> Refine Original VLM Response and Get Pure Action: go to cabinet 1

----------------------------------------

-----------------------------------------------------------------

Running time: 8.411549806594849 seconds

Total Money: 4.066699999999999

-----------------------------------------------------------------

-----------------------------------------------------------------

Text Observation:You arrive at loc 3. The cabinet 1 is open. On the cabinet 1, you see a faucet 1, a faucet 2, a cloth 1, a candle 1, and a spraybottle 1.

--------------------------------------------------------------------------------------------------------------------------task: 9---------------------------------------------------------
--------------------------------------------------------------------------------------------------------------------------------------------------------------------
--------------------------------------------------------------------------------------------------------------------------------------------------------------------
Step:--------------------------------------------------------------------------15-------------------------------------------------------------------------------
----------------------------------------
VLM Prompt:
Image1:
<image>
Image2:
<image>
**Instruction**
1. Analyze the provided image to identify all visible household objects, focusing on those relevant to the task description "put some soapbottle on toilet."
2. Use the analysis of the image and the task hint "The agent must find an object of the desired type, pick it up, find the correct location to place it, and put it down there." to answer the question: what is the most reasonable action in the choices for the task description "put some soapbottle on toilet"?
4. Decide and write the answer using the template: The answer is: (i): <selected_action>, where i is the real number. If there is no desired object in the image, search every place based on **Initial Observation** to find the object. And if no one is exactly correct, choose a similar answer.

**Initial Observation**
You are in the middle of a room. Looking quickly around you, you can see bathtub (1), bathtubbasin (1), toilet (1), cabinet (1-4), sink (1-2), countertop (1), sinkbasin (1-2), toiletpaperhanger (1), towelholder (1), garbagecan (1), handtowelholder (1)

**Answer Choices**
(1): go to bathtub 1
(2): go to bathtubbasin 1
(3): go to toilet 1
(4): go to cabinet 2
(5): go to cabinet 3
(6): go to sink 1
(7): go to sink 2
(8): go to countertop 1
(9): go to cabinet 4
(10): go to sinkbasin 1
(11): go to sinkbasin 2
(12): go to toiletpaperhanger 1
(13): go to towelholder 1
(14): go to garbagecan 1
(15): go to handtowelholder 1
(16): open cabinet 1
(17): close cabinet 1
(18): take faucet 1 from cabinet 1
(19): take faucet 2 from cabinet 1
(20): take cloth 1 from cabinet 1
(21): take candle 1 from cabinet 1
(22): take spraybottle 1 from cabinet 1
(23): examine cabinet 1

**Answer**
Let's think step by step by following the instructions.
----------------------------------------

----------------------------------------

Original Response:
First, we need to identify all visible household objects. From the image, we can see two sinks, sinkbasins, faucets, cabinets, a toilet, and a candle on the countertop. There are also other objects mentioned in the initial observation, but they are not visible in the image.

Next, considering the task description "put some soapbottle on toilet," we need to find a soapbottle. Looking at the image and the initial observation, there is no soapbottle visible. Therefore, we need to search the cabinets where such an item might be stored.

Based on the initial observation, cabinet 1 is already open, and we can see its content: a faucet, a cloth, a candle, and a spraybottle. There is no soapbottle there. 

The most reasonable action is to continue searching the other cabinets for a soapbottle. Since cabinet 1 does not contain the desired object, we should check the other cabinets.

The answer is: (5): go to cabinet 3.

----------------------------------------

----------------------------------------

>>> Refine Original VLM Response and Get Pure Action: go to cabinet 3

----------------------------------------

-----------------------------------------------------------------

Running time: 9.551734924316406 seconds

Total Money: 4.093549999999999

-----------------------------------------------------------------

-----------------------------------------------------------------

Text Observation:You arrive at loc 5. The cabinet 3 is closed. 

--------------------------------------------------------------------------------------------------------------------------task: 9---------------------------------------------------------
--------------------------------------------------------------------------------------------------------------------------------------------------------------------
--------------------------------------------------------------------------------------------------------------------------------------------------------------------
Step:--------------------------------------------------------------------------16-------------------------------------------------------------------------------
----------------------------------------
VLM Prompt:
Image1:
<image>
Image2:
<image>
**Instruction**
1. Analyze the provided image to identify all visible household objects, focusing on those relevant to the task description "put some soapbottle on toilet."
2. Use the analysis of the image and the task hint "The agent must find an object of the desired type, pick it up, find the correct location to place it, and put it down there." to answer the question: what is the most reasonable action in the choices for the task description "put some soapbottle on toilet"?
4. Decide and write the answer using the template: The answer is: (i): <selected_action>, where i is the real number. If there is no desired object in the image, search every place based on **Initial Observation** to find the object. And if no one is exactly correct, choose a similar answer.

**Initial Observation**
You are in the middle of a room. Looking quickly around you, you can see bathtub (1), bathtubbasin (1), toilet (1), cabinet (1-4), sink (1-2), countertop (1), sinkbasin (1-2), toiletpaperhanger (1), towelholder (1), garbagecan (1), handtowelholder (1)

**Answer Choices**
(1): go to bathtub 1
(2): go to bathtubbasin 1
(3): go to toilet 1
(4): go to cabinet 2
(5): go to sink 1
(6): go to sink 2
(7): go to countertop 1
(8): go to cabinet 4
(9): go to sinkbasin 1
(10): go to sinkbasin 2
(11): go to toiletpaperhanger 1
(12): go to towelholder 1
(13): go to garbagecan 1
(14): go to handtowelholder 1
(15): open cabinet 3
(16): close cabinet 3
(17): examine cabinet 3

**Answer**
Let's think step by step by following the instructions.
----------------------------------------

----------------------------------------

Original Response:
The task is to "put some soapbottle on toilet," which means we need to find a soap bottle first. From the initial observation, we can infer that soap bottles are most likely to be found near a sink or in a cabinet in a bathroom setting.

Analyzing the image, there are no visible soap bottles on the countertops, sinkbasins, or around the toilet. Therefore, we should check inside the cabinets. Cabinet 3 is slightly open, and there could be a soap bottle inside.

The most reasonable action based on the task description and the initial observation would be to further examine cabinet 3 to find the soap bottle.

The answer is: (17): examine cabinet 3.

----------------------------------------

----------------------------------------

>>> Refine Original VLM Response and Get Pure Action: examine cabinet 3

----------------------------------------

-----------------------------------------------------------------

Running time: 7.371277570724487 seconds

Total Money: 4.1176499999999985

-----------------------------------------------------------------

-----------------------------------------------------------------

Text Observation:On the cabinet 3, you see a faucet 1, a faucet 2, a cloth 1, a candle 1, and a spraybottle 1.

--------------------------------------------------------------------------------------------------------------------------task: 9---------------------------------------------------------
--------------------------------------------------------------------------------------------------------------------------------------------------------------------
--------------------------------------------------------------------------------------------------------------------------------------------------------------------
Step:--------------------------------------------------------------------------17-------------------------------------------------------------------------------
----------------------------------------
VLM Prompt:
Image1:
<image>
Image2:
<image>
**Instruction**
1. Analyze the provided image to identify all visible household objects, focusing on those relevant to the task description "put some soapbottle on toilet."
2. Use the analysis of the image and the task hint "The agent must find an object of the desired type, pick it up, find the correct location to place it, and put it down there." to answer the question: what is the most reasonable action in the choices for the task description "put some soapbottle on toilet"?
4. Decide and write the answer using the template: The answer is: (i): <selected_action>, where i is the real number. If there is no desired object in the image, search every place based on **Initial Observation** to find the object. And if no one is exactly correct, choose a similar answer.

**Initial Observation**
You are in the middle of a room. Looking quickly around you, you can see bathtub (1), bathtubbasin (1), toilet (1), cabinet (1-4), sink (1-2), countertop (1), sinkbasin (1-2), toiletpaperhanger (1), towelholder (1), garbagecan (1), handtowelholder (1)

**Answer Choices**
(1): go to bathtub 1
(2): go to bathtubbasin 1
(3): go to toilet 1
(4): go to cabinet 2
(5): go to sink 1
(6): go to sink 2
(7): go to countertop 1
(8): go to cabinet 4
(9): go to sinkbasin 1
(10): go to sinkbasin 2
(11): go to toiletpaperhanger 1
(12): go to towelholder 1
(13): go to garbagecan 1
(14): go to handtowelholder 1
(15): open cabinet 3
(16): close cabinet 3
(17): take faucet 1 from cabinet 3
(18): take faucet 2 from cabinet 3
(19): take cloth 1 from cabinet 3
(20): take candle 1 from cabinet 3
(21): take spraybottle 1 from cabinet 3

**Answer**
Let's think step by step by following the instructions.
----------------------------------------

----------------------------------------

Original Response:
The task is to "put some soapbottle on toilet." From the initial observation, there is no mention of a "soapbottle" being visible in the room. Therefore, the agent must search for the soapbottle. The most likely place to find a soapbottle would be in a cabinet near the sink area as that is a common storage area for such items in a bathroom.

Looking at the image, cabinet 3 is open, and we can see inside it, but there is no soapbottle, only a cloth and a candle. The other cabinets are closed, so the soapbottle might be in one of them.

Based on this analysis, the most reasonable action would be to search the cabinets that have not been looked in yet. Since cabinet 3 has been opened and the soapbottle is not there, the next logical step is to open another cabinet. 

The answer is: (15): open cabinet 3. However, since we can already see inside cabinet 3 and there is no soapbottle, we need to choose a different cabinet to open. The task hint suggests that if the desired object is not visible, we should search every place. Therefore, we should choose to open a different cabinet.

The answer is: (4): go to cabinet 2. This action will bring the agent to cabinet 2, which can then be opened to search for the soapbottle. If the soapbottle is found, the next steps would involve taking the soapbottle and placing it on the toilet as per the task description.

----------------------------------------

----------------------------------------

>>> Refine Original VLM Response and Get Pure Action: open cabinet 3

----------------------------------------

-----------------------------------------------------------------

Running time: 12.882867097854614 seconds

Total Money: 4.147599999999999

-----------------------------------------------------------------

-----------------------------------------------------------------

Text Observation:You open the cabinet 3. The cabinet 3 is open. In it, you see a faucet 1, a faucet 2, a toiletpaper 1, a cloth 2, a cloth 1, a candle 1, and a spraybottle 1.

--------------------------------------------------------------------------------------------------------------------------task: 9---------------------------------------------------------
--------------------------------------------------------------------------------------------------------------------------------------------------------------------
--------------------------------------------------------------------------------------------------------------------------------------------------------------------
Step:--------------------------------------------------------------------------18-------------------------------------------------------------------------------
----------------------------------------
VLM Prompt:
Image1:
<image>
Image2:
<image>
**Instruction**
1. Analyze the provided image to identify all visible household objects, focusing on those relevant to the task description "put some soapbottle on toilet."
2. Use the analysis of the image and the task hint "The agent must find an object of the desired type, pick it up, find the correct location to place it, and put it down there." to answer the question: what is the most reasonable action in the choices for the task description "put some soapbottle on toilet"?
4. Decide and write the answer using the template: The answer is: (i): <selected_action>, where i is the real number. If there is no desired object in the image, search every place based on **Initial Observation** to find the object. And if no one is exactly correct, choose a similar answer.

**Initial Observation**
You are in the middle of a room. Looking quickly around you, you can see bathtub (1), bathtubbasin (1), toilet (1), cabinet (1-4), sink (1-2), countertop (1), sinkbasin (1-2), toiletpaperhanger (1), towelholder (1), garbagecan (1), handtowelholder (1)

**Answer Choices**
(1): go to bathtub 1
(2): go to bathtubbasin 1
(3): go to toilet 1
(4): go to cabinet 1
(5): go to cabinet 2
(6): go to sink 1
(7): go to sink 2
(8): go to countertop 1
(9): go to cabinet 4
(10): go to sinkbasin 1
(11): go to sinkbasin 2
(12): go to toiletpaperhanger 1
(13): go to towelholder 1
(14): go to garbagecan 1
(15): go to handtowelholder 1
(16): close cabinet 3
(17): take faucet 1 from cabinet 3
(18): take faucet 2 from cabinet 3
(19): take toiletpaper 1 from cabinet 3
(20): take cloth 2 from cabinet 3
(21): take cloth 1 from cabinet 3
(22): take candle 1 from cabinet 3
(23): take spraybottle 1 from cabinet 3

**Answer**
Let's think step by step by following the instructions.
----------------------------------------

----------------------------------------

Original Response:
Firstly, we need to identify all visible household objects related to the task "put some soapbottle on toilet." According to the initial observation list, there is no mention of a "soapbottle." However, looking at the images provided, we can see a "spraybottle 1" inside cabinet 3 in Image 2.

Given the task "put some soapbottle on toilet," the most reasonable action would be to first obtain the spraybottle, which is similar to a soapbottle, from cabinet 3 since that's the closest object resembling a soapbottle and then place it on the toilet.

Therefore, the most reasonable action in the choices for the task description "put some soapbottle on toilet" is:
The answer is: (23): take spraybottle 1 from cabinet 3.

----------------------------------------

----------------------------------------

>>> Refine Original VLM Response and Get Pure Action: take spraybottle 1 from cabinet 3

----------------------------------------

-----------------------------------------------------------------

Running time: 10.294103384017944 seconds

Total Money: 4.173379999999999

-----------------------------------------------------------------

-----------------------------------------------------------------

Text Observation:You pick up the spraybottle 1 from the cabinet 3.

--------------------------------------------------------------------------------------------------------------------------task: 9---------------------------------------------------------
--------------------------------------------------------------------------------------------------------------------------------------------------------------------
--------------------------------------------------------------------------------------------------------------------------------------------------------------------
Step:--------------------------------------------------------------------------19-------------------------------------------------------------------------------
----------------------------------------
VLM Prompt:
Image1:
<image>
Image2:
<image>
**Instruction**
1. Analyze the provided image to identify all visible household objects, focusing on those relevant to the task description "put some soapbottle on toilet."
2. Use the analysis of the image and the task hint "The agent must find an object of the desired type, pick it up, find the correct location to place it, and put it down there." to answer the question: what is the most reasonable action in the choices for the task description "put some soapbottle on toilet"?
4. Decide and write the answer using the template: The answer is: (i): <selected_action>, where i is the real number. If there is no desired object in the image, search every place based on **Initial Observation** to find the object. And if no one is exactly correct, choose a similar answer.

**Initial Observation**
You are in the middle of a room. Looking quickly around you, you can see bathtub (1), bathtubbasin (1), toilet (1), cabinet (1-4), sink (1-2), countertop (1), sinkbasin (1-2), toiletpaperhanger (1), towelholder (1), garbagecan (1), handtowelholder (1)

**Answer Choices**
(1): go to bathtub 1
(2): go to bathtubbasin 1
(3): go to toilet 1
(4): go to cabinet 1
(5): go to cabinet 2
(6): go to sink 1
(7): go to sink 2
(8): go to countertop 1
(9): go to cabinet 4
(10): go to sinkbasin 1
(11): go to sinkbasin 2
(12): go to toiletpaperhanger 1
(13): go to towelholder 1
(14): go to garbagecan 1
(15): go to handtowelholder 1
(16): close cabinet 3
(17): put spraybottle 1 in/on cabinet 3
(18): examine spraybottle 1

**Answer**
Let's think step by step by following the instructions.
----------------------------------------

----------------------------------------

Original Response:
The task is to "put some soapbottle on toilet." Based on this, we need to find a soap bottle. Looking at the initial observation, there is no mention of a soap bottle. Examining Image 1, we see various objects, but none of them appear to be a soap bottle. Image 2, however, clearly shows a spray bottle (labeled "spraybottle 1") in the foreground. While a spray bottle is not exactly a soap bottle, it could potentially be a similar item if it contains soap. 

Given the task description and the objects available, the most reasonable action from the choices would be to go to the location of the spray bottle and examine it to determine if it contains soap, as it is the closest object to a soap bottle visible in the images. 

Therefore, the answer is: (18): examine spraybottle 1.

----------------------------------------

----------------------------------------

>>> Refine Original VLM Response and Get Pure Action: No action

----------------------------------------

-----------------------------------------------------------------

Running time: 42.804429054260254 seconds

Total Money: 4.198829999999999

-----------------------------------------------------------------

-----------------------------------------------------------------

Text Observation:Nothing happens.

-----------------------------------------------------------------