---------------------------------------------------------task: 17---------------------------------------------------------
--------------------------------------------------------------------------------------------------------------------------------------------------------------------
--------------------------------------------------------------------------------------------------------------------------------------------------------------------
Step:--------------------------------------------------------------------------0-------------------------------------------------------------------------------
----------------------------------------
VLM Prompt:
Image1:
<image>
**Instruction**
1. Analyze the provided image to identify all visible household objects, focusing on those relevant to the task description "cool some pan and put it in stoveburner."
2. Use the analysis of the image and the task hint "The agent must find an object of the desired type, pick it up, go to a fridge, cool the object with the fridge, then find the correct location to place it, and put it down there. The agent does not need to use the fridge button or open the fridge to cool the object, and the agent just needs to do action that is "cool the object with the fridge"." to answer the question: what is the most reasonable action in the choices for the task description "cool some pan and put it in stoveburner"?
4. Decide and write the answer using the template: The answer is: (i): <selected_action>, where i is the real number. If there is no desired object in the image, search every place based on **Initial Observation** to find the object. And if no one is exactly correct, choose a similar answer.

**Initial Observation**
You are in the middle of a room. Looking quickly around you, you can see cabinet (1-14), countertop (1-2), microwave (1), drawer (1-5), sink (1), sinkbasin (1), coffeemachine (1), stoveburner (1-4), toaster (1), fridge (1), diningtable (1), garbagecan (1), safe (1)

**Answer Choices**
(1): go to cabinet 1
(2): go to cabinet 2
(3): go to cabinet 3
(4): go to countertop 1
(5): go to cabinet 4
(6): go to cabinet 5
(7): go to microwave 1
(8): go to cabinet 6
(9): go to drawer 1
(10): go to drawer 2
(11): go to drawer 3
(12): go to cabinet 7
(13): go to cabinet 8
(14): go to sink 1
(15): go to sinkbasin 1
(16): go to coffeemachine 1
(17): go to cabinet 9
(18): go to cabinet 10
(19): go to drawer 4
(20): go to cabinet 11
(21): go to stoveburner 1
(22): go to stoveburner 2
(23): go to stoveburner 3
(24): go to stoveburner 4
(25): go to cabinet 12
(26): go to toaster 1
(27): go to drawer 5
(28): go to countertop 2
(29): go to fridge 1
(30): go to cabinet 13
(31): go to cabinet 14
(32): go to diningtable 1
(33): go to garbagecan 1
(34): go to safe 1

**Answer**
Let's think step by step by following the instructions.
----------------------------------------

----------------------------------------

Original Response:
The task is to cool a pan and put it on a stove burner. 

From the image analysis, we can see no pan or stovetop in the image. We must search for these objects based on the Initial Observation. 

The most logical first step would be to find a pan, which is likely to be stored in a cabinet or drawer. Then we need to cool it using the fridge. Finally, we need to put the cooled pan on a stove burner.

Out of the given options, the first step should be to find a pan. Since we don't have specific information about which cabinet or drawer might contain a pan, we need to make an educated guess. Cabinets are more commonly used for storing pans than drawers. Thus, we should start by checking the cabinets.

The answer is: (1): go to cabinet 1.

----------------------------------------

----------------------------------------

>>> Refine Original VLM Response and Get Pure Action: go to cabinet 1

----------------------------------------

-----------------------------------------------------------------

Running time: 10.553049564361572 seconds

Total Money: 5.664300000000002

-----------------------------------------------------------------

-----------------------------------------------------------------

Text Observation:You arrive at loc 0. The cabinet 1 is closed. 

--------------------------------------------------------------------------------------------------------------------------task: 17---------------------------------------------------------
--------------------------------------------------------------------------------------------------------------------------------------------------------------------
--------------------------------------------------------------------------------------------------------------------------------------------------------------------
Step:--------------------------------------------------------------------------1-------------------------------------------------------------------------------
----------------------------------------
VLM Prompt:
Image1:
<image>
**Instruction**
1. Analyze the provided image to identify all visible household objects, focusing on those relevant to the task description "cool some pan and put it in stoveburner."
2. Use the analysis of the image and the task hint "The agent must find an object of the desired type, pick it up, go to a fridge, cool the object with the fridge, then find the correct location to place it, and put it down there. The agent does not need to use the fridge button or open the fridge to cool the object, and the agent just needs to do action that is "cool the object with the fridge"." to answer the question: what is the most reasonable action in the choices for the task description "cool some pan and put it in stoveburner"?
4. Decide and write the answer using the template: The answer is: (i): <selected_action>, where i is the real number. If there is no desired object in the image, search every place based on **Initial Observation** to find the object. And if no one is exactly correct, choose a similar answer.

**Initial Observation**
You are in the middle of a room. Looking quickly around you, you can see cabinet (1-14), countertop (1-2), microwave (1), drawer (1-5), sink (1), sinkbasin (1), coffeemachine (1), stoveburner (1-4), toaster (1), fridge (1), diningtable (1), garbagecan (1), safe (1)

**Answer Choices**
(1): go to cabinet 2
(2): go to cabinet 3
(3): go to countertop 1
(4): go to cabinet 4
(5): go to cabinet 5
(6): go to microwave 1
(7): go to cabinet 6
(8): go to drawer 1
(9): go to drawer 2
(10): go to drawer 3
(11): go to cabinet 7
(12): go to cabinet 8
(13): go to sink 1
(14): go to sinkbasin 1
(15): go to coffeemachine 1
(16): go to cabinet 9
(17): go to cabinet 10
(18): go to drawer 4
(19): go to cabinet 11
(20): go to stoveburner 1
(21): go to stoveburner 2
(22): go to stoveburner 3
(23): go to stoveburner 4
(24): go to cabinet 12
(25): go to toaster 1
(26): go to drawer 5
(27): go to countertop 2
(28): go to fridge 1
(29): go to cabinet 13
(30): go to cabinet 14
(31): go to diningtable 1
(32): go to garbagecan 1
(33): go to safe 1
(34): open cabinet 1
(35): close cabinet 1
(36): examine cabinet 1

**Answer**
Let's think step by step by following the instructions.
----------------------------------------

----------------------------------------

Original Response:
The task is to cool some pan and put it in stoveburner. From the initial observation, we know that there are cabinets, countertops, and a fridge available, among other objects. Since we need to find a pan to cool, we should look in places where a pan is likely to be stored, such as a cabinet or a drawer. The image shows cabinet 1, cabinet 2, and cabinet 8.

Since the task does not specify which cabinet the pan is in, we should check the cabinets one by one starting from cabinet 1 as it is the first in numerical order. Therefore, the most reasonable action would be to go to cabinet 1 and look for a pan there.

The answer is: (1): go to cabinet 2.

----------------------------------------

----------------------------------------

>>> Refine Original VLM Response and Get Pure Action: go to cabinet 2

----------------------------------------

-----------------------------------------------------------------

Running time: 8.765950918197632 seconds

Total Money: 5.683420000000002

-----------------------------------------------------------------

-----------------------------------------------------------------

Text Observation:You arrive at loc 1. The cabinet 2 is closed. 

--------------------------------------------------------------------------------------------------------------------------task: 17---------------------------------------------------------
--------------------------------------------------------------------------------------------------------------------------------------------------------------------
--------------------------------------------------------------------------------------------------------------------------------------------------------------------
Step:--------------------------------------------------------------------------2-------------------------------------------------------------------------------
----------------------------------------
VLM Prompt:
Image1:
<image>
**Instruction**
1. Analyze the provided image to identify all visible household objects, focusing on those relevant to the task description "cool some pan and put it in stoveburner."
2. Use the analysis of the image and the task hint "The agent must find an object of the desired type, pick it up, go to a fridge, cool the object with the fridge, then find the correct location to place it, and put it down there. The agent does not need to use the fridge button or open the fridge to cool the object, and the agent just needs to do action that is "cool the object with the fridge"." to answer the question: what is the most reasonable action in the choices for the task description "cool some pan and put it in stoveburner"?
4. Decide and write the answer using the template: The answer is: (i): <selected_action>, where i is the real number. If there is no desired object in the image, search every place based on **Initial Observation** to find the object. And if no one is exactly correct, choose a similar answer.

**Initial Observation**
You are in the middle of a room. Looking quickly around you, you can see cabinet (1-14), countertop (1-2), microwave (1), drawer (1-5), sink (1), sinkbasin (1), coffeemachine (1), stoveburner (1-4), toaster (1), fridge (1), diningtable (1), garbagecan (1), safe (1)

**Answer Choices**
(1): go to cabinet 3
(2): go to countertop 1
(3): go to cabinet 4
(4): go to cabinet 5
(5): go to microwave 1
(6): go to cabinet 6
(7): go to drawer 1
(8): go to drawer 2
(9): go to drawer 3
(10): go to cabinet 7
(11): go to cabinet 8
(12): go to sink 1
(13): go to sinkbasin 1
(14): go to coffeemachine 1
(15): go to cabinet 9
(16): go to cabinet 10
(17): go to drawer 4
(18): go to cabinet 11
(19): go to stoveburner 1
(20): go to stoveburner 2
(21): go to stoveburner 3
(22): go to stoveburner 4
(23): go to cabinet 12
(24): go to toaster 1
(25): go to drawer 5
(26): go to countertop 2
(27): go to fridge 1
(28): go to cabinet 13
(29): go to cabinet 14
(30): go to diningtable 1
(31): go to garbagecan 1
(32): go to safe 1
(33): open cabinet 2
(34): close cabinet 2
(35): examine cabinet 2

**Answer**
Let's think step by step by following the instructions.
----------------------------------------

----------------------------------------

Original Response:
The task is to "cool some pan and put it in stoveburner." According to the initial observation, there are cabinets, countertops, and drawers where a pan might be found. However, the image only shows cabinet 1 and cabinet 2. The task also requires cooling the pan, which involves the fridge, and then placing it on a stoveburner.

Since we cannot see any pans in the image provided, we must search for one. Cabinets and drawers are common places to find pans. The fridge is also mentioned for the cooling step. Thus, we can ignore options related to the microwave, sink, coffee machine, toaster, dining table, garbage can, and safe as those are not relevant to the task.

Among the remaining options, we need to prioritize finding a pan. We should check the cabinets and drawers first. Since we don't see any pans in cabinet 2 in the image, we can eliminate option 33 (open cabinet 2), 34 (close cabinet 2), and 35 (examine cabinet 2).

Considering the task and the initial observation, we should go to a cabinet or drawer that is likely to contain a pan. None of the options directly mention picking up a pan, so we have to choose the next closest action. 

The answer is: (1): go to cabinet 3.

----------------------------------------

----------------------------------------

>>> Refine Original VLM Response and Get Pure Action: go to cabinet 3

----------------------------------------

-----------------------------------------------------------------

Running time: 22.39022660255432 seconds

Total Money: 5.705960000000002

-----------------------------------------------------------------

-----------------------------------------------------------------

Text Observation:You arrive at loc 2. The cabinet 3 is closed. 

--------------------------------------------------------------------------------------------------------------------------task: 17---------------------------------------------------------
--------------------------------------------------------------------------------------------------------------------------------------------------------------------
--------------------------------------------------------------------------------------------------------------------------------------------------------------------
Step:--------------------------------------------------------------------------3-------------------------------------------------------------------------------
----------------------------------------
VLM Prompt:
Image1:
<image>
**Instruction**
1. Analyze the provided image to identify all visible household objects, focusing on those relevant to the task description "cool some pan and put it in stoveburner."
2. Use the analysis of the image and the task hint "The agent must find an object of the desired type, pick it up, go to a fridge, cool the object with the fridge, then find the correct location to place it, and put it down there. The agent does not need to use the fridge button or open the fridge to cool the object, and the agent just needs to do action that is "cool the object with the fridge"." to answer the question: what is the most reasonable action in the choices for the task description "cool some pan and put it in stoveburner"?
4. Decide and write the answer using the template: The answer is: (i): <selected_action>, where i is the real number. If there is no desired object in the image, search every place based on **Initial Observation** to find the object. And if no one is exactly correct, choose a similar answer.

**Initial Observation**
You are in the middle of a room. Looking quickly around you, you can see cabinet (1-14), countertop (1-2), microwave (1), drawer (1-5), sink (1), sinkbasin (1), coffeemachine (1), stoveburner (1-4), toaster (1), fridge (1), diningtable (1), garbagecan (1), safe (1)

**Answer Choices**
(1): go to countertop 1
(2): go to cabinet 4
(3): go to cabinet 5
(4): go to microwave 1
(5): go to cabinet 6
(6): go to drawer 1
(7): go to drawer 2
(8): go to drawer 3
(9): go to cabinet 7
(10): go to cabinet 8
(11): go to sink 1
(12): go to sinkbasin 1
(13): go to coffeemachine 1
(14): go to cabinet 9
(15): go to cabinet 10
(16): go to drawer 4
(17): go to cabinet 11
(18): go to stoveburner 1
(19): go to stoveburner 2
(20): go to stoveburner 3
(21): go to stoveburner 4
(22): go to cabinet 12
(23): go to toaster 1
(24): go to drawer 5
(25): go to countertop 2
(26): go to fridge 1
(27): go to cabinet 13
(28): go to cabinet 14
(29): go to diningtable 1
(30): go to garbagecan 1
(31): go to safe 1
(32): open cabinet 3
(33): close cabinet 3
(34): examine cabinet 3

**Answer**
Let's think step by step by following the instructions.
----------------------------------------

----------------------------------------

Original Response:
First, we need to find a pan to cool. Since the image shows cabinet 3, 6, and 1, and none of them contain a pan, we should search every place based on the Initial Observation. Pans are typically found in cabinets or drawers in a kitchen. From the answer choices, the most reasonable action to find a pan would be to check the cabinets and drawers that are typically used to store such items. 

After finding a pan, we would then need to go to the fridge to cool it. The task hint specifies that we don't need to use the fridge button or open the fridge; we just need to perform the action of cooling the object with the fridge. Therefore, the action related to the fridge is important.

Lastly, we have to put the cooled pan on the stoveburner. This means after cooling the pan, we should go to one of the stoveburners.

Based on this analysis, the most reasonable action from the choices given would be to first find a pan. Since we cannot see inside the cabinets from the image, we must search the cabinets and drawers. We can eliminate actions related to countertop, microwave, sink, sinkbasin, coffeemachine, toaster, diningtable, garbagecan, and safe as these are not typical storage locations for pans. The remaining relevant choices are to go to various cabinets and drawers.

The answer is: (5): go to cabinet 6, as it is the closest cabinet and a likely place to find a pan based on typical kitchen organization. If the pan is not there, we would continue searching the other cabinets and drawers until we find one. After finding the pan, we would then go to the fridge (26) to cool it, and finally to a stoveburner (18-21) to place it.

----------------------------------------

----------------------------------------

>>> Refine Original VLM Response and Get Pure Action: go to cabinet 6, as it is the closest cabinet and a likely place to find a pan based on typical kitchen organization

----------------------------------------

-----------------------------------------------------------------

Running time: 11.550076007843018 seconds

Total Money: 5.731290000000002

-----------------------------------------------------------------

-----------------------------------------------------------------

Text Observation:Nothing happens.

--------------------------------------------------------------------------------------------------------------------------task: 17---------------------------------------------------------
--------------------------------------------------------------------------------------------------------------------------------------------------------------------
--------------------------------------------------------------------------------------------------------------------------------------------------------------------
Step:--------------------------------------------------------------------------4-------------------------------------------------------------------------------
----------------------------------------
VLM Prompt:
Image1:
<image>
**Instruction**
1. Analyze the provided image to identify all visible household objects, focusing on those relevant to the task description "cool some pan and put it in stoveburner."
2. Use the analysis of the image and the task hint "The agent must find an object of the desired type, pick it up, go to a fridge, cool the object with the fridge, then find the correct location to place it, and put it down there. The agent does not need to use the fridge button or open the fridge to cool the object, and the agent just needs to do action that is "cool the object with the fridge"." to answer the question: what is the most reasonable action in the choices for the task description "cool some pan and put it in stoveburner"?
4. Decide and write the answer using the template: The answer is: (i): <selected_action>, where i is the real number. If there is no desired object in the image, search every place based on **Initial Observation** to find the object. And if no one is exactly correct, choose a similar answer.

**Initial Observation**
You are in the middle of a room. Looking quickly around you, you can see cabinet (1-14), countertop (1-2), microwave (1), drawer (1-5), sink (1), sinkbasin (1), coffeemachine (1), stoveburner (1-4), toaster (1), fridge (1), diningtable (1), garbagecan (1), safe (1)

**Answer Choices**
(1): go to cabinet 1
(2): go to countertop 1
(3): go to cabinet 4
(4): go to cabinet 5
(5): go to microwave 1
(6): go to cabinet 6
(7): go to drawer 1
(8): go to drawer 2
(9): go to drawer 3
(10): go to cabinet 7
(11): go to cabinet 8
(12): go to sink 1
(13): go to sinkbasin 1
(14): go to coffeemachine 1
(15): go to cabinet 9
(16): go to cabinet 10
(17): go to drawer 4
(18): go to cabinet 11
(19): go to stoveburner 1
(20): go to stoveburner 2
(21): go to stoveburner 3
(22): go to stoveburner 4
(23): go to cabinet 12
(24): go to toaster 1
(25): go to drawer 5
(26): go to countertop 2
(27): go to fridge 1
(28): go to cabinet 13
(29): go to cabinet 14
(30): go to diningtable 1
(31): go to garbagecan 1
(32): go to safe 1
(33): open cabinet 3
(34): close cabinet 3
(35): examine cabinet 3

**Answer**
Let's think step by step by following the instructions.
----------------------------------------

----------------------------------------

Original Response:
The task is to "cool some pan and put it in stoveburner." Based on this, the agent must first find a pan. Pans are typically stored in cabinets or drawers in a kitchen. The image shows cabinets 1, 6, and 14. Since no specific cabinet is mentioned for storing pans, we can assume that any of these cabinets could contain a pan. The next step is to cool the pan, which involves going to the fridge. The final step is to place the cooled pan on a stoveburner.

Based on the answer choices provided and the task description, the most reasonable action for the agent to take first would be to find a pan. Since the task does not specify which cabinet to check, we can choose any of the visible cabinets—1, 6, or 14. However, since the image only shows the labels for these cabinets and we cannot confirm the presence of a pan, we will rely on the **Initial Observation** which suggests checking every place to find the object. Therefore, the agent should go to the nearest cabinet or drawer to search for a pan.

The answer is: (6): go to cabinet 6. This is because cabinet 6 is visible in the image, making it a reasonable first place to search for a pan before proceeding to cool it in the fridge and then place it on the stoveburner.

----------------------------------------

----------------------------------------

>>> Refine Original VLM Response and Get Pure Action: go to cabinet 6

----------------------------------------

-----------------------------------------------------------------

Running time: 12.140410900115967 seconds

Total Money: 5.7540400000000025

-----------------------------------------------------------------

-----------------------------------------------------------------

Text Observation:You arrive at loc 7. The cabinet 6 is closed. 

--------------------------------------------------------------------------------------------------------------------------task: 17---------------------------------------------------------
--------------------------------------------------------------------------------------------------------------------------------------------------------------------
--------------------------------------------------------------------------------------------------------------------------------------------------------------------
Step:--------------------------------------------------------------------------5-------------------------------------------------------------------------------
----------------------------------------
VLM Prompt:
Image1:
<image>
**Instruction**
1. Analyze the provided image to identify all visible household objects, focusing on those relevant to the task description "cool some pan and put it in stoveburner."
2. Use the analysis of the image and the task hint "The agent must find an object of the desired type, pick it up, go to a fridge, cool the object with the fridge, then find the correct location to place it, and put it down there. The agent does not need to use the fridge button or open the fridge to cool the object, and the agent just needs to do action that is "cool the object with the fridge"." to answer the question: what is the most reasonable action in the choices for the task description "cool some pan and put it in stoveburner"?
4. Decide and write the answer using the template: The answer is: (i): <selected_action>, where i is the real number. If there is no desired object in the image, search every place based on **Initial Observation** to find the object. And if no one is exactly correct, choose a similar answer.

**Initial Observation**
You are in the middle of a room. Looking quickly around you, you can see cabinet (1-14), countertop (1-2), microwave (1), drawer (1-5), sink (1), sinkbasin (1), coffeemachine (1), stoveburner (1-4), toaster (1), fridge (1), diningtable (1), garbagecan (1), safe (1)

**Answer Choices**
(1): go to cabinet 1
(2): go to cabinet 2
(3): go to countertop 1
(4): go to cabinet 4
(5): go to cabinet 5
(6): go to microwave 1
(7): go to drawer 1
(8): go to drawer 2
(9): go to drawer 3
(10): go to cabinet 7
(11): go to cabinet 8
(12): go to sink 1
(13): go to sinkbasin 1
(14): go to coffeemachine 1
(15): go to cabinet 9
(16): go to cabinet 10
(17): go to drawer 4
(18): go to cabinet 11
(19): go to stoveburner 1
(20): go to stoveburner 2
(21): go to stoveburner 3
(22): go to stoveburner 4
(23): go to cabinet 12
(24): go to toaster 1
(25): go to drawer 5
(26): go to countertop 2
(27): go to fridge 1
(28): go to cabinet 13
(29): go to cabinet 14
(30): go to diningtable 1
(31): go to garbagecan 1
(32): go to safe 1
(33): open cabinet 6
(34): close cabinet 6
(35): examine cabinet 6

**Answer**
Let's think step by step by following the instructions.
----------------------------------------

----------------------------------------

Original Response:
Firstly, the agent must find a pan. The image does not show any pan, so the agent must search other places. According to the initial observation, good places to find a pan could be in cabinets or drawers, as these are typical storage places for such items.

Secondly, after obtaining the pan, the agent needs to cool it with the fridge. However, there's no need to interact with the fridge, just perform the action of cooling.

Thirdly, the agent must put the cooled pan on a stoveburner. The image provided does not show a stoveburner, but according to the initial observation, there are stoveburners available (stoveburner 1-4).

Based on the process above, the most reasonable action for the agent to start with is to search for the pan. Since cabinets are common places to store pans, the agent should begin by searching there. 

The answer is: (1): go to cabinet 1.

----------------------------------------

----------------------------------------

>>> Refine Original VLM Response and Get Pure Action: go to cabinet 1

----------------------------------------

-----------------------------------------------------------------

Running time: 6.980705738067627 seconds

Total Money: 5.774300000000003

-----------------------------------------------------------------

-----------------------------------------------------------------

Text Observation:You arrive at loc 0. The cabinet 1 is closed. 

--------------------------------------------------------------------------------------------------------------------------task: 17---------------------------------------------------------
--------------------------------------------------------------------------------------------------------------------------------------------------------------------
--------------------------------------------------------------------------------------------------------------------------------------------------------------------
Step:--------------------------------------------------------------------------6-------------------------------------------------------------------------------
----------------------------------------
VLM Prompt:
Image1:
<image>
**Instruction**
1. Analyze the provided image to identify all visible household objects, focusing on those relevant to the task description "cool some pan and put it in stoveburner."
2. Use the analysis of the image and the task hint "The agent must find an object of the desired type, pick it up, go to a fridge, cool the object with the fridge, then find the correct location to place it, and put it down there. The agent does not need to use the fridge button or open the fridge to cool the object, and the agent just needs to do action that is "cool the object with the fridge"." to answer the question: what is the most reasonable action in the choices for the task description "cool some pan and put it in stoveburner"?
4. Decide and write the answer using the template: The answer is: (i): <selected_action>, where i is the real number. If there is no desired object in the image, search every place based on **Initial Observation** to find the object. And if no one is exactly correct, choose a similar answer.

**Initial Observation**
You are in the middle of a room. Looking quickly around you, you can see cabinet (1-14), countertop (1-2), microwave (1), drawer (1-5), sink (1), sinkbasin (1), coffeemachine (1), stoveburner (1-4), toaster (1), fridge (1), diningtable (1), garbagecan (1), safe (1)

**Answer Choices**
(1): go to cabinet 2
(2): go to cabinet 3
(3): go to countertop 1
(4): go to cabinet 4
(5): go to cabinet 5
(6): go to microwave 1
(7): go to drawer 1
(8): go to drawer 2
(9): go to drawer 3
(10): go to cabinet 7
(11): go to cabinet 8
(12): go to sink 1
(13): go to sinkbasin 1
(14): go to coffeemachine 1
(15): go to cabinet 9
(16): go to cabinet 10
(17): go to drawer 4
(18): go to cabinet 11
(19): go to stoveburner 1
(20): go to stoveburner 2
(21): go to stoveburner 3
(22): go to stoveburner 4
(23): go to cabinet 12
(24): go to toaster 1
(25): go to drawer 5
(26): go to countertop 2
(27): go to fridge 1
(28): go to cabinet 13
(29): go to cabinet 14
(30): go to diningtable 1
(31): go to garbagecan 1
(32): go to safe 1
(33): open cabinet 1
(34): close cabinet 1
(35): examine cabinet 1

**Answer**
Let's think step by step by following the instructions.
----------------------------------------

----------------------------------------

Original Response:
First, we need to find an object of the desired type, which in this case is a pan. The image provided shows cabinet 1, cabinet 2, and cabinet 8. Since pans are typically stored in cabinets or drawers near the stove, cabinet 2 is the closest to the stoveburner and is a reasonable place to start looking.

Next, we need to cool the pan with the fridge. However, the task hint specifies that the agent does not need to use the fridge button or open the fridge to cool the object. Therefore, we can skip the step of physically interacting with the fridge.

Finally, we need to place the cooled pan on the stoveburner. The stoveburners are not visible in the image, but based on the "Initial Observation," we know there are four stoveburners (1-4).

Considering these steps, the most reasonable action from the choices provided would be to first go to cabinet 2 to find a pan.

The answer is: (1): go to cabinet 2.

----------------------------------------

----------------------------------------

>>> Refine Original VLM Response and Get Pure Action: go to cabinet 2

----------------------------------------

-----------------------------------------------------------------

Running time: 8.38604736328125 seconds

Total Money: 5.794950000000003

-----------------------------------------------------------------

-----------------------------------------------------------------

Text Observation:You arrive at loc 1. The cabinet 2 is closed. 

--------------------------------------------------------------------------------------------------------------------------task: 17---------------------------------------------------------
--------------------------------------------------------------------------------------------------------------------------------------------------------------------
--------------------------------------------------------------------------------------------------------------------------------------------------------------------
Step:--------------------------------------------------------------------------7-------------------------------------------------------------------------------
----------------------------------------
VLM Prompt:
Image1:
<image>
**Instruction**
1. Analyze the provided image to identify all visible household objects, focusing on those relevant to the task description "cool some pan and put it in stoveburner."
2. Use the analysis of the image and the task hint "The agent must find an object of the desired type, pick it up, go to a fridge, cool the object with the fridge, then find the correct location to place it, and put it down there. The agent does not need to use the fridge button or open the fridge to cool the object, and the agent just needs to do action that is "cool the object with the fridge"." to answer the question: what is the most reasonable action in the choices for the task description "cool some pan and put it in stoveburner"?
4. Decide and write the answer using the template: The answer is: (i): <selected_action>, where i is the real number. If there is no desired object in the image, search every place based on **Initial Observation** to find the object. And if no one is exactly correct, choose a similar answer.

**Initial Observation**
You are in the middle of a room. Looking quickly around you, you can see cabinet (1-14), countertop (1-2), microwave (1), drawer (1-5), sink (1), sinkbasin (1), coffeemachine (1), stoveburner (1-4), toaster (1), fridge (1), diningtable (1), garbagecan (1), safe (1)

**Answer Choices**
(1): go to cabinet 3
(2): go to countertop 1
(3): go to cabinet 4
(4): go to cabinet 5
(5): go to microwave 1
(6): go to drawer 1
(7): go to drawer 2
(8): go to drawer 3
(9): go to cabinet 7
(10): go to cabinet 8
(11): go to sink 1
(12): go to sinkbasin 1
(13): go to coffeemachine 1
(14): go to cabinet 9
(15): go to cabinet 10
(16): go to drawer 4
(17): go to cabinet 11
(18): go to stoveburner 1
(19): go to stoveburner 2
(20): go to stoveburner 3
(21): go to stoveburner 4
(22): go to cabinet 12
(23): go to toaster 1
(24): go to drawer 5
(25): go to countertop 2
(26): go to fridge 1
(27): go to cabinet 13
(28): go to cabinet 14
(29): go to diningtable 1
(30): go to garbagecan 1
(31): go to safe 1
(32): open cabinet 2
(33): close cabinet 2
(34): examine cabinet 2

**Answer**
Let's think step by step by following the instructions.
----------------------------------------

----------------------------------------

Original Response:
The task description is "cool some pan and put it in stoveburner." First, we need to find a pan. Pans are typically found in cabinets or drawers in a kitchen. The image provided shows cabinet 1 and cabinet 2, but we cannot see inside them to identify if there's a pan. Therefore, we must search every place based on the Initial Observation to find the object.

Since the task requires cooling the pan, we must go to the fridge (26) after acquiring the pan. Finally, we need to put the cooled pan on a stoveburner (18-21). However, our first priority is to find a pan, and the most reasonable place to start looking would be in the cabinets or drawers. 

Looking at the answer choices, the options to go to a cabinet or drawer are (1), (3), (4), (5), (6), (7), (8), (9), (10), (14), (15), (16), (17), (22), (24), (27), (28), and (32)-(34), which involve interacting with cabinet 2. Since we can see cabinet 2 in the image and it is closed, it is a reasonable place to start looking for a pan.

The answer is: (32): open cabinet 2.

----------------------------------------

----------------------------------------

>>> Refine Original VLM Response and Get Pure Action: open cabinet 2

----------------------------------------

-----------------------------------------------------------------

Running time: 20.876963138580322 seconds

Total Money: 5.817340000000002

-----------------------------------------------------------------

-----------------------------------------------------------------

Text Observation:You open the cabinet 2. The cabinet 2 is open. In it, you see a pan 1.

--------------------------------------------------------------------------------------------------------------------------task: 17---------------------------------------------------------
--------------------------------------------------------------------------------------------------------------------------------------------------------------------
--------------------------------------------------------------------------------------------------------------------------------------------------------------------
Step:--------------------------------------------------------------------------8-------------------------------------------------------------------------------
----------------------------------------
VLM Prompt:
Image1:
<image>
**Instruction**
1. Analyze the provided image to identify all visible household objects, focusing on those relevant to the task description "cool some pan and put it in stoveburner."
2. Use the analysis of the image and the task hint "The agent must find an object of the desired type, pick it up, go to a fridge, cool the object with the fridge, then find the correct location to place it, and put it down there. The agent does not need to use the fridge button or open the fridge to cool the object, and the agent just needs to do action that is "cool the object with the fridge"." to answer the question: what is the most reasonable action in the choices for the task description "cool some pan and put it in stoveburner"?
4. Decide and write the answer using the template: The answer is: (i): <selected_action>, where i is the real number. If there is no desired object in the image, search every place based on **Initial Observation** to find the object. And if no one is exactly correct, choose a similar answer.

**Initial Observation**
You are in the middle of a room. Looking quickly around you, you can see cabinet (1-14), countertop (1-2), microwave (1), drawer (1-5), sink (1), sinkbasin (1), coffeemachine (1), stoveburner (1-4), toaster (1), fridge (1), diningtable (1), garbagecan (1), safe (1)

**Answer Choices**
(1): go to cabinet 3
(2): go to countertop 1
(3): go to cabinet 4
(4): go to cabinet 5
(5): go to microwave 1
(6): go to cabinet 6
(7): go to drawer 1
(8): go to drawer 2
(9): go to drawer 3
(10): go to cabinet 7
(11): go to cabinet 8
(12): go to sink 1
(13): go to sinkbasin 1
(14): go to coffeemachine 1
(15): go to cabinet 9
(16): go to cabinet 10
(17): go to drawer 4
(18): go to cabinet 11
(19): go to stoveburner 1
(20): go to stoveburner 2
(21): go to stoveburner 3
(22): go to stoveburner 4
(23): go to cabinet 12
(24): go to toaster 1
(25): go to drawer 5
(26): go to countertop 2
(27): go to fridge 1
(28): go to cabinet 13
(29): go to cabinet 14
(30): go to diningtable 1
(31): go to garbagecan 1
(32): go to safe 1
(33): close cabinet 2
(34): take pan 1 from cabinet 2
(35): examine cabinet 2

**Answer**
Let's think step by step by following the instructions.
----------------------------------------

----------------------------------------

Original Response:
The task is to cool a pan and then put it in a stoveburner. From the initial observation, we know that there is a fridge in the room which can be used to cool the pan. The image shows a pan (pan 1) inside cabinet 2, which is relevant to the task.

Given that the agent does not need to use the fridge button or open the fridge to cool the object, the most reasonable action is to first take the pan from cabinet 2 and then go to the fridge to cool it. After cooling the pan, the agent will need to go to a stoveburner to place it there.

Analyzing the answer choices, the action that allows the agent to take the pan is:
(34): take pan 1 from cabinet 2

Then, the action to go to the fridge to cool the pan is:
(27): go to fridge 1

And finally, the action to put the cooled pan in a stoveburner is one of the stoveburner options:
(19): go to stoveburner 1
(20): go to stoveburner 2
(21): go to stoveburner 3
(22): go to stoveburner 4

Since the specific stoveburner is not mentioned in the task, we can select any of them. For this example, we will choose stoveburner 1.

Therefore, the sequence of actions would be: take the pan, cool it with the fridge, and place it in a stoveburner. 

The answer is: (34): take pan 1 from cabinet 2, then (27): go to fridge 1, and then (19): go to stoveburner 1.

----------------------------------------

----------------------------------------

>>> Refine Original VLM Response and Get Pure Action: take pan 1 from cabinet 2, then (27): go to fridge 1, and then (19): go to stoveburner 1

----------------------------------------

-----------------------------------------------------------------

Running time: 16.380664110183716 seconds

Total Money: 5.842320000000003

-----------------------------------------------------------------

-----------------------------------------------------------------

Text Observation:Nothing happens.

--------------------------------------------------------------------------------------------------------------------------task: 17---------------------------------------------------------
--------------------------------------------------------------------------------------------------------------------------------------------------------------------
--------------------------------------------------------------------------------------------------------------------------------------------------------------------
Step:--------------------------------------------------------------------------9-------------------------------------------------------------------------------
----------------------------------------
VLM Prompt:
Image1:
<image>
**Instruction**
1. Analyze the provided image to identify all visible household objects, focusing on those relevant to the task description "cool some pan and put it in stoveburner."
2. Use the analysis of the image and the task hint "The agent must find an object of the desired type, pick it up, go to a fridge, cool the object with the fridge, then find the correct location to place it, and put it down there. The agent does not need to use the fridge button or open the fridge to cool the object, and the agent just needs to do action that is "cool the object with the fridge"." to answer the question: what is the most reasonable action in the choices for the task description "cool some pan and put it in stoveburner"?
4. Decide and write the answer using the template: The answer is: (i): <selected_action>, where i is the real number. If there is no desired object in the image, search every place based on **Initial Observation** to find the object. And if no one is exactly correct, choose a similar answer.

**Initial Observation**
You are in the middle of a room. Looking quickly around you, you can see cabinet (1-14), countertop (1-2), microwave (1), drawer (1-5), sink (1), sinkbasin (1), coffeemachine (1), stoveburner (1-4), toaster (1), fridge (1), diningtable (1), garbagecan (1), safe (1)

**Answer Choices**
(1): go to cabinet 1
(2): go to cabinet 3
(3): go to countertop 1
(4): go to cabinet 4
(5): go to cabinet 5
(6): go to microwave 1
(7): go to cabinet 6
(8): go to drawer 1
(9): go to drawer 2
(10): go to drawer 3
(11): go to cabinet 7
(12): go to cabinet 8
(13): go to sink 1
(14): go to sinkbasin 1
(15): go to coffeemachine 1
(16): go to cabinet 9
(17): go to cabinet 10
(18): go to drawer 4
(19): go to cabinet 11
(20): go to stoveburner 1
(21): go to stoveburner 2
(22): go to stoveburner 3
(23): go to stoveburner 4
(24): go to cabinet 12
(25): go to toaster 1
(26): go to drawer 5
(27): go to countertop 2
(28): go to fridge 1
(29): go to cabinet 13
(30): go to cabinet 14
(31): go to diningtable 1
(32): go to garbagecan 1
(33): go to safe 1
(34): close cabinet 2
(35): take pan 1 from cabinet 2
(36): examine cabinet 2

**Answer**
Let's think step by step by following the instructions.
----------------------------------------

----------------------------------------

Original Response:
First, we need to find a pan to cool and then put it on the stoveburner. From the image and initial observation, we can see that there is a "pan 1" visible in the image, which is located in "cabinet 2." Since the task description is to cool the pan and put it on the stoveburner, we must first take the pan. 

Therefore, the most reasonable action from the choices that aligns with the task description is to take the pan from where it is located. 

The answer is: (35): take pan 1 from cabinet 2.

----------------------------------------

----------------------------------------

>>> Refine Original VLM Response and Get Pure Action: take pan 1 from cabinet 2

----------------------------------------

-----------------------------------------------------------------

Running time: 7.469359874725342 seconds

Total Money: 5.860550000000003

-----------------------------------------------------------------

-----------------------------------------------------------------

Text Observation:You pick up the pan 1 from the cabinet 2.

--------------------------------------------------------------------------------------------------------------------------task: 17---------------------------------------------------------
--------------------------------------------------------------------------------------------------------------------------------------------------------------------
--------------------------------------------------------------------------------------------------------------------------------------------------------------------
Step:--------------------------------------------------------------------------10-------------------------------------------------------------------------------
----------------------------------------
VLM Prompt:
Image1:
<image>
**Instruction**
1. Analyze the provided image to identify all visible household objects, focusing on those relevant to the task description "cool some pan and put it in stoveburner."
2. Use the analysis of the image and the task hint "The agent must find an object of the desired type, pick it up, go to a fridge, cool the object with the fridge, then find the correct location to place it, and put it down there. The agent does not need to use the fridge button or open the fridge to cool the object, and the agent just needs to do action that is "cool the object with the fridge"." to answer the question: what is the most reasonable action in the choices for the task description "cool some pan and put it in stoveburner"?
4. Decide and write the answer using the template: The answer is: (i): <selected_action>, where i is the real number. If there is no desired object in the image, search every place based on **Initial Observation** to find the object. And if no one is exactly correct, choose a similar answer.

**Initial Observation**
You are in the middle of a room. Looking quickly around you, you can see cabinet (1-14), countertop (1-2), microwave (1), drawer (1-5), sink (1), sinkbasin (1), coffeemachine (1), stoveburner (1-4), toaster (1), fridge (1), diningtable (1), garbagecan (1), safe (1)

**Answer Choices**
(1): go to cabinet 1
(2): go to cabinet 3
(3): go to countertop 1
(4): go to cabinet 4
(5): go to cabinet 5
(6): go to microwave 1
(7): go to cabinet 6
(8): go to drawer 1
(9): go to drawer 2
(10): go to drawer 3
(11): go to cabinet 7
(12): go to cabinet 8
(13): go to sink 1
(14): go to sinkbasin 1
(15): go to coffeemachine 1
(16): go to cabinet 9
(17): go to cabinet 10
(18): go to drawer 4
(19): go to cabinet 11
(20): go to stoveburner 1
(21): go to stoveburner 2
(22): go to stoveburner 3
(23): go to stoveburner 4
(24): go to cabinet 12
(25): go to toaster 1
(26): go to drawer 5
(27): go to countertop 2
(28): go to fridge 1
(29): go to cabinet 13
(30): go to cabinet 14
(31): go to diningtable 1
(32): go to garbagecan 1
(33): go to safe 1
(34): close cabinet 2
(35): put pan 1 in/on cabinet 2
(36): examine pan 1
(37): examine cabinet 2

**Answer**
Let's think step by step by following the instructions.
----------------------------------------

----------------------------------------

Original Response:
First, we need to identify the pan to cool it. In the image, we can see an object labeled "pan 1", which is the object we need for the task. The next step is to go to the fridge to cool the pan; however, the instruction specifies that the agent does not need to use the fridge button or open the fridge to cool the object, and just needs to do the action "cool the object with the fridge". After cooling the pan, we need to place it on a stoveburner.

Considering the available answer choices, there are no actions directly stating to cool the pan with the fridge. However, we have options to approach different stoveburners. Since the task is to put the cooled pan on a stoveburner, the most reasonable action is to go to one of them.

The answer is: (20): go to stoveburner 1

----------------------------------------

----------------------------------------

>>> Refine Original VLM Response and Get Pure Action: go to stoveburner 1

----------------------------------------

-----------------------------------------------------------------

Running time: 10.161977291107178 seconds

Total Money: 5.880550000000002

-----------------------------------------------------------------

-----------------------------------------------------------------

Text Observation:You arrive at loc 20. On the stoveburner 1, you see a pan 2, a soapbottle 1, a stoveknob 1, and a egg 1.

--------------------------------------------------------------------------------------------------------------------------task: 17---------------------------------------------------------
--------------------------------------------------------------------------------------------------------------------------------------------------------------------
--------------------------------------------------------------------------------------------------------------------------------------------------------------------
Step:--------------------------------------------------------------------------11-------------------------------------------------------------------------------
----------------------------------------
VLM Prompt:
Image1:
<image>
**Instruction**
1. Analyze the provided image to identify all visible household objects, focusing on those relevant to the task description "cool some pan and put it in stoveburner."
2. Use the analysis of the image and the task hint "The agent must find an object of the desired type, pick it up, go to a fridge, cool the object with the fridge, then find the correct location to place it, and put it down there. The agent does not need to use the fridge button or open the fridge to cool the object, and the agent just needs to do action that is "cool the object with the fridge"." to answer the question: what is the most reasonable action in the choices for the task description "cool some pan and put it in stoveburner"?
4. Decide and write the answer using the template: The answer is: (i): <selected_action>, where i is the real number. If there is no desired object in the image, search every place based on **Initial Observation** to find the object. And if no one is exactly correct, choose a similar answer.

**Initial Observation**
You are in the middle of a room. Looking quickly around you, you can see cabinet (1-14), countertop (1-2), microwave (1), drawer (1-5), sink (1), sinkbasin (1), coffeemachine (1), stoveburner (1-4), toaster (1), fridge (1), diningtable (1), garbagecan (1), safe (1)

**Answer Choices**
(1): go to cabinet 1
(2): go to cabinet 2
(3): go to cabinet 3
(4): go to countertop 1
(5): go to cabinet 4
(6): go to cabinet 5
(7): go to microwave 1
(8): go to cabinet 6
(9): go to drawer 1
(10): go to drawer 2
(11): go to drawer 3
(12): go to cabinet 7
(13): go to cabinet 8
(14): go to sink 1
(15): go to sinkbasin 1
(16): go to coffeemachine 1
(17): go to cabinet 9
(18): go to cabinet 10
(19): go to drawer 4
(20): go to cabinet 11
(21): go to stoveburner 2
(22): go to stoveburner 3
(23): go to stoveburner 4
(24): go to cabinet 12
(25): go to toaster 1
(26): go to drawer 5
(27): go to countertop 2
(28): go to fridge 1
(29): go to cabinet 13
(30): go to cabinet 14
(31): go to diningtable 1
(32): go to garbagecan 1
(33): go to safe 1
(34): put pan 1 in/on stoveburner 1
(35): examine pan 1
(36): examine stoveburner 1

**Answer**
Let's think step by step by following the instructions.
----------------------------------------

----------------------------------------

Original Response:
The task is to cool some pan and put it in stoveburner. From the initial observation, we know there is a fridge and stoveburners in the room. In the image, we can see pan 1 and stoveburner 1, which are related to the task.

First, we need to cool the pan using the fridge. The instruction states that the agent doesn't need to use the fridge button or open the fridge to cool the object. Therefore, we can skip the action of opening the fridge and go directly to cooling the pan.

After cooling the pan, we need to place it in a stoveburner. In the image, pan 1 is already on countertop 2, and stoveburner 1 is visible and presumably available to use.

Based on these observations, the most reasonable action from the choices provided would be to cool pan 1 (even though the exact action of cooling is not listed, we can assume it's part of the task) and then put it in/on stoveburner 1. Since there is no explicit action to cool the pan in the answer choices, we will choose the action that involves putting the pan in the stoveburner after assuming it has been cooled.

The answer is: (34): put pan 1 in/on stoveburner 1.

----------------------------------------

----------------------------------------

>>> Refine Original VLM Response and Get Pure Action: put pan 1 in/on stoveburner 1

----------------------------------------

-----------------------------------------------------------------

Running time: 17.125852823257446 seconds

Total Money: 5.903100000000002

-----------------------------------------------------------------

-----------------------------------------------------------------

Text Observation:Nothing happens.

--------------------------------------------------------------------------------------------------------------------------task: 17---------------------------------------------------------
--------------------------------------------------------------------------------------------------------------------------------------------------------------------
--------------------------------------------------------------------------------------------------------------------------------------------------------------------
Step:--------------------------------------------------------------------------12-------------------------------------------------------------------------------
----------------------------------------
VLM Prompt:
Image1:
<image>
**Instruction**
1. Analyze the provided image to identify all visible household objects, focusing on those relevant to the task description "cool some pan and put it in stoveburner."
2. Use the analysis of the image and the task hint "The agent must find an object of the desired type, pick it up, go to a fridge, cool the object with the fridge, then find the correct location to place it, and put it down there. The agent does not need to use the fridge button or open the fridge to cool the object, and the agent just needs to do action that is "cool the object with the fridge"." to answer the question: what is the most reasonable action in the choices for the task description "cool some pan and put it in stoveburner"?
4. Decide and write the answer using the template: The answer is: (i): <selected_action>, where i is the real number. If there is no desired object in the image, search every place based on **Initial Observation** to find the object. And if no one is exactly correct, choose a similar answer.

**Initial Observation**
You are in the middle of a room. Looking quickly around you, you can see cabinet (1-14), countertop (1-2), microwave (1), drawer (1-5), sink (1), sinkbasin (1), coffeemachine (1), stoveburner (1-4), toaster (1), fridge (1), diningtable (1), garbagecan (1), safe (1)

**Answer Choices**
(1): go to cabinet 1
(2): go to cabinet 2
(3): go to cabinet 3
(4): go to countertop 1
(5): go to cabinet 4
(6): go to cabinet 5
(7): go to microwave 1
(8): go to cabinet 6
(9): go to drawer 1
(10): go to drawer 2
(11): go to drawer 3
(12): go to cabinet 7
(13): go to cabinet 8
(14): go to sink 1
(15): go to sinkbasin 1
(16): go to coffeemachine 1
(17): go to cabinet 9
(18): go to cabinet 10
(19): go to drawer 4
(20): go to cabinet 11
(21): go to stoveburner 2
(22): go to stoveburner 3
(23): go to stoveburner 4
(24): go to cabinet 12
(25): go to toaster 1
(26): go to drawer 5
(27): go to countertop 2
(28): go to fridge 1
(29): go to cabinet 13
(30): go to cabinet 14
(31): go to diningtable 1
(32): go to garbagecan 1
(33): go to safe 1
(34): examine pan 1
(35): examine stoveburner 1

**Answer**
Let's think step by step by following the instructions.
----------------------------------------

----------------------------------------

Original Response:
Firstly, we need to find a pan to cool. From the image, we can see "pan 1" on the countertop right beside "stoveburner 1." Secondly, after picking up the pan, we will need to cool it with the fridge, which is labeled as "fridge 1" in the image. Lastly, we need to put the cooled pan on a stoveburner, and since "stoveburner 1" is right next to where we found the pan, it seems to be the correct location to place it.

Based on these steps, the most reasonable action from the choices would be to first examine the pan to pick it up and then go to the fridge to cool it, followed by placing it on the stoveburner. Since the task does not require us to actually cool the object with the fridge button or by opening it and the pan is already next to a stoveburner, we can skip going to the fridge as per the task hint.

Therefore, the answer is: (34): examine pan 1.

----------------------------------------

----------------------------------------

>>> Refine Original VLM Response and Get Pure Action: No action

----------------------------------------

-----------------------------------------------------------------

Running time: 15.198935985565186 seconds

Total Money: 5.924030000000002

-----------------------------------------------------------------

-----------------------------------------------------------------

Text Observation:Nothing happens.

--------------------------------------------------------------------------------------------------------------------------task: 17---------------------------------------------------------
--------------------------------------------------------------------------------------------------------------------------------------------------------------------
--------------------------------------------------------------------------------------------------------------------------------------------------------------------
Step:--------------------------------------------------------------------------13-------------------------------------------------------------------------------
----------------------------------------
VLM Prompt:
Image1:
<image>
**Instruction**
1. Analyze the provided image to identify all visible household objects, focusing on those relevant to the task description "cool some pan and put it in stoveburner."
2. Use the analysis of the image and the task hint "The agent must find an object of the desired type, pick it up, go to a fridge, cool the object with the fridge, then find the correct location to place it, and put it down there. The agent does not need to use the fridge button or open the fridge to cool the object, and the agent just needs to do action that is "cool the object with the fridge"." to answer the question: what is the most reasonable action in the choices for the task description "cool some pan and put it in stoveburner"?
4. Decide and write the answer using the template: The answer is: (i): <selected_action>, where i is the real number. If there is no desired object in the image, search every place based on **Initial Observation** to find the object. And if no one is exactly correct, choose a similar answer.

**Initial Observation**
You are in the middle of a room. Looking quickly around you, you can see cabinet (1-14), countertop (1-2), microwave (1), drawer (1-5), sink (1), sinkbasin (1), coffeemachine (1), stoveburner (1-4), toaster (1), fridge (1), diningtable (1), garbagecan (1), safe (1)

**Answer Choices**
(1): go to cabinet 1
(2): go to cabinet 2
(3): go to cabinet 3
(4): go to countertop 1
(5): go to cabinet 4
(6): go to cabinet 5
(7): go to microwave 1
(8): go to cabinet 6
(9): go to drawer 1
(10): go to drawer 2
(11): go to drawer 3
(12): go to cabinet 7
(13): go to cabinet 8
(14): go to sink 1
(15): go to sinkbasin 1
(16): go to coffeemachine 1
(17): go to cabinet 9
(18): go to cabinet 10
(19): go to drawer 4
(20): go to cabinet 11
(21): go to stoveburner 2
(22): go to stoveburner 3
(23): go to stoveburner 4
(24): go to cabinet 12
(25): go to toaster 1
(26): go to drawer 5
(27): go to countertop 2
(28): go to fridge 1
(29): go to cabinet 13
(30): go to cabinet 14
(31): go to diningtable 1
(32): go to garbagecan 1
(33): go to safe 1
(34): examine pan 1
(35): examine stoveburner 1

**Answer**
Let's think step by step by following the instructions.
----------------------------------------

----------------------------------------

Original Response:
The task is to "cool some pan and put it in stoveburner." Initially, we need to identify a pan in the image. We can see "pan 1" on the countertop 2. The next step is to cool the pan with the fridge, which is also visible as "fridge 1" in the image. After cooling the pan, we need to put it on a stoveburner, which are labeled as "stoveburner 1" to "stoveburner 4" in the image. 

Based on the task description and the initial observation, the most reasonable action to take is to first examine "pan 1" to pick it up, then go to the "fridge 1" to cool it, and finally, place it on one of the stoveburners. Among the answer choices, examining "pan 1" is the first action we should take.

The answer is: (34): examine pan 1.

----------------------------------------

----------------------------------------

>>> Refine Original VLM Response and Get Pure Action: examine pan 1

----------------------------------------

-----------------------------------------------------------------

Running time: 8.342749834060669 seconds

Total Money: 5.944420000000002

-----------------------------------------------------------------

-----------------------------------------------------------------

Text Observation:This is a normal pan 1

--------------------------------------------------------------------------------------------------------------------------task: 17---------------------------------------------------------
--------------------------------------------------------------------------------------------------------------------------------------------------------------------
--------------------------------------------------------------------------------------------------------------------------------------------------------------------
Step:--------------------------------------------------------------------------14-------------------------------------------------------------------------------
----------------------------------------
VLM Prompt:
Image1:
<image>
**Instruction**
1. Analyze the provided image to identify all visible household objects, focusing on those relevant to the task description "cool some pan and put it in stoveburner."
2. Use the analysis of the image and the task hint "The agent must find an object of the desired type, pick it up, go to a fridge, cool the object with the fridge, then find the correct location to place it, and put it down there. The agent does not need to use the fridge button or open the fridge to cool the object, and the agent just needs to do action that is "cool the object with the fridge"." to answer the question: what is the most reasonable action in the choices for the task description "cool some pan and put it in stoveburner"?
4. Decide and write the answer using the template: The answer is: (i): <selected_action>, where i is the real number. If there is no desired object in the image, search every place based on **Initial Observation** to find the object. And if no one is exactly correct, choose a similar answer.

**Initial Observation**
You are in the middle of a room. Looking quickly around you, you can see cabinet (1-14), countertop (1-2), microwave (1), drawer (1-5), sink (1), sinkbasin (1), coffeemachine (1), stoveburner (1-4), toaster (1), fridge (1), diningtable (1), garbagecan (1), safe (1)

**Answer Choices**
(1): go to cabinet 1
(2): go to cabinet 2
(3): go to cabinet 3
(4): go to countertop 1
(5): go to cabinet 4
(6): go to cabinet 5
(7): go to microwave 1
(8): go to cabinet 6
(9): go to drawer 1
(10): go to drawer 2
(11): go to drawer 3
(12): go to cabinet 7
(13): go to cabinet 8
(14): go to sink 1
(15): go to sinkbasin 1
(16): go to coffeemachine 1
(17): go to cabinet 9
(18): go to cabinet 10
(19): go to drawer 4
(20): go to cabinet 11
(21): go to stoveburner 2
(22): go to stoveburner 3
(23): go to stoveburner 4
(24): go to cabinet 12
(25): go to toaster 1
(26): go to drawer 5
(27): go to countertop 2
(28): go to fridge 1
(29): go to cabinet 13
(30): go to cabinet 14
(31): go to diningtable 1
(32): go to garbagecan 1
(33): go to safe 1
(34): examine stoveburner 1

**Answer**
Let's think step by step by following the instructions.
----------------------------------------

----------------------------------------

Original Response:
The task is to "cool some pan and put it in stoveburner." Based on the image provided, we can see that there is a pan labeled "pan 1" on the countertop. There is also a fridge labeled "fridge 1" which is relevant to the task of cooling the pan. Since the task description does not require the agent to use the fridge button or open the fridge, we will assume the agent can cool the pan by simply going to the fridge with the pan.

Based on the **Initial Observation**, we know there are multiple stoveburners, but in the image, we can see "stoveburner 1" which is closest to the pan and the fridge.

Considering the instructions and the task description, the most reasonable action would be to pick up the pan from the countertop, go to the fridge to cool it, and then put it on stoveburner 1.

The action closest to this description is:
(27): go to countertop 2 (to pick up the pan)
(28): go to fridge 1 (to cool the pan)
(34): examine stoveburner 1 (to place the cooled pan)

However, we need to select one action that is most pertinent to the immediate next step. Given that the pan is on "countertop 2," the first logical action would be to pick up the pan.

The answer is: (27): go to countertop 2.

----------------------------------------

----------------------------------------

>>> Refine Original VLM Response and Get Pure Action: go to countertop 2

----------------------------------------

-----------------------------------------------------------------

Running time: 12.174091339111328 seconds

Total Money: 5.967670000000002

-----------------------------------------------------------------

-----------------------------------------------------------------

Text Observation:Nothing happens.

--------------------------------------------------------------------------------------------------------------------------task: 17---------------------------------------------------------
--------------------------------------------------------------------------------------------------------------------------------------------------------------------
--------------------------------------------------------------------------------------------------------------------------------------------------------------------
Step:--------------------------------------------------------------------------15-------------------------------------------------------------------------------
----------------------------------------
VLM Prompt:
Image1:
<image>
**Instruction**
1. Analyze the provided image to identify all visible household objects, focusing on those relevant to the task description "cool some pan and put it in stoveburner."
2. Use the analysis of the image and the task hint "The agent must find an object of the desired type, pick it up, go to a fridge, cool the object with the fridge, then find the correct location to place it, and put it down there. The agent does not need to use the fridge button or open the fridge to cool the object, and the agent just needs to do action that is "cool the object with the fridge"." to answer the question: what is the most reasonable action in the choices for the task description "cool some pan and put it in stoveburner"?
4. Decide and write the answer using the template: The answer is: (i): <selected_action>, where i is the real number. If there is no desired object in the image, search every place based on **Initial Observation** to find the object. And if no one is exactly correct, choose a similar answer.

**Initial Observation**
You are in the middle of a room. Looking quickly around you, you can see cabinet (1-14), countertop (1-2), microwave (1), drawer (1-5), sink (1), sinkbasin (1), coffeemachine (1), stoveburner (1-4), toaster (1), fridge (1), diningtable (1), garbagecan (1), safe (1)

**Answer Choices**
(1): go to cabinet 1
(2): go to cabinet 2
(3): go to cabinet 3
(4): go to countertop 1
(5): go to cabinet 4
(6): go to cabinet 5
(7): go to microwave 1
(8): go to cabinet 6
(9): go to drawer 1
(10): go to drawer 2
(11): go to drawer 3
(12): go to cabinet 7
(13): go to cabinet 8
(14): go to sink 1
(15): go to sinkbasin 1
(16): go to coffeemachine 1
(17): go to cabinet 9
(18): go to cabinet 10
(19): go to drawer 4
(20): go to cabinet 11
(21): go to stoveburner 1
(22): go to stoveburner 2
(23): go to stoveburner 3
(24): go to stoveburner 4
(25): go to cabinet 12
(26): go to toaster 1
(27): go to drawer 5
(28): go to fridge 1
(29): go to cabinet 13
(30): go to cabinet 14
(31): go to diningtable 1
(32): go to garbagecan 1
(33): go to safe 1
(34): put pan 1 in/on countertop 2
(35): examine countertop 2

**Answer**
Let's think step by step by following the instructions.
----------------------------------------

----------------------------------------

Original Response:
The task is to "cool some pan and put it in stoveburner." According to the image, there is a pan (pan 1) located on the stoveburner already. So, no need to find a pan. However, the task requires cooling the pan with the fridge (fridge 1) first. Given that the agent does not need to use the fridge button or open the fridge to cool the object, the agent just needs to do an action that is "cool the object with the fridge". 

The most reasonable action from the choices provided would be to take the pan to the fridge to cool it. However, none of the answer choices directly state "cool pan 1 with fridge 1." The closest action that would allow the agent to interact with both the pan and the fridge is to "go to fridge 1" to cool the pan. 

Therefore, the answer is: (28): go to fridge 1.

----------------------------------------

----------------------------------------

>>> Refine Original VLM Response and Get Pure Action: No action

----------------------------------------

-----------------------------------------------------------------

Running time: 7.642420768737793 seconds

Total Money: 5.987910000000002

-----------------------------------------------------------------

-----------------------------------------------------------------

Text Observation:Nothing happens.

--------------------------------------------------------------------------------------------------------------------------task: 17---------------------------------------------------------
--------------------------------------------------------------------------------------------------------------------------------------------------------------------
--------------------------------------------------------------------------------------------------------------------------------------------------------------------
Step:--------------------------------------------------------------------------16-------------------------------------------------------------------------------
----------------------------------------
VLM Prompt:
Image1:
<image>
**Instruction**
1. Analyze the provided image to identify all visible household objects, focusing on those relevant to the task description "cool some pan and put it in stoveburner."
2. Use the analysis of the image and the task hint "The agent must find an object of the desired type, pick it up, go to a fridge, cool the object with the fridge, then find the correct location to place it, and put it down there. The agent does not need to use the fridge button or open the fridge to cool the object, and the agent just needs to do action that is "cool the object with the fridge"." to answer the question: what is the most reasonable action in the choices for the task description "cool some pan and put it in stoveburner"?
4. Decide and write the answer using the template: The answer is: (i): <selected_action>, where i is the real number. If there is no desired object in the image, search every place based on **Initial Observation** to find the object. And if no one is exactly correct, choose a similar answer.

**Initial Observation**
You are in the middle of a room. Looking quickly around you, you can see cabinet (1-14), countertop (1-2), microwave (1), drawer (1-5), sink (1), sinkbasin (1), coffeemachine (1), stoveburner (1-4), toaster (1), fridge (1), diningtable (1), garbagecan (1), safe (1)

**Answer Choices**
(1): go to cabinet 1
(2): go to cabinet 2
(3): go to cabinet 3
(4): go to countertop 1
(5): go to cabinet 4
(6): go to cabinet 5
(7): go to microwave 1
(8): go to cabinet 6
(9): go to drawer 1
(10): go to drawer 2
(11): go to drawer 3
(12): go to cabinet 7
(13): go to cabinet 8
(14): go to sink 1
(15): go to sinkbasin 1
(16): go to coffeemachine 1
(17): go to cabinet 9
(18): go to cabinet 10
(19): go to drawer 4
(20): go to cabinet 11
(21): go to stoveburner 1
(22): go to stoveburner 2
(23): go to stoveburner 3
(24): go to stoveburner 4
(25): go to cabinet 12
(26): go to toaster 1
(27): go to drawer 5
(28): go to fridge 1
(29): go to cabinet 13
(30): go to cabinet 14
(31): go to diningtable 1
(32): go to garbagecan 1
(33): go to safe 1
(34): put pan 1 in/on countertop 2
(35): examine countertop 2

**Answer**
Let's think step by step by following the instructions.
----------------------------------------

----------------------------------------

Original Response:
First, we need to identify a pan in the image to cool it. There is a pan labeled "pan 1" on the countertop 2. According to the task hint, we do not need to interact with the fridge directly, so we can skip going to the fridge 1. After cooling the pan, we need to put it in a stoveburner. In the image, we can see "stoveburner 1" right next to the pan. 

The most reasonable action from the choices provided for the task description "cool some pan and put it in stoveburner" is to put the already visible pan 1 in the stoveburner 1.

The answer is: (21): go to stoveburner 1.

----------------------------------------

----------------------------------------

>>> Refine Original VLM Response and Get Pure Action: go to stoveburner 1

----------------------------------------

-----------------------------------------------------------------

Running time: 7.533440113067627 seconds

Total Money: 6.006980000000002

-----------------------------------------------------------------

-----------------------------------------------------------------

Text Observation:You arrive at loc 20. On the stoveburner 1, you see a pan 2, a soapbottle 1, a stoveknob 1, and a egg 1.

--------------------------------------------------------------------------------------------------------------------------task: 17---------------------------------------------------------
--------------------------------------------------------------------------------------------------------------------------------------------------------------------
--------------------------------------------------------------------------------------------------------------------------------------------------------------------
Step:--------------------------------------------------------------------------17-------------------------------------------------------------------------------
----------------------------------------
VLM Prompt:
Image1:
<image>
**Instruction**
1. Analyze the provided image to identify all visible household objects, focusing on those relevant to the task description "cool some pan and put it in stoveburner."
2. Use the analysis of the image and the task hint "The agent must find an object of the desired type, pick it up, go to a fridge, cool the object with the fridge, then find the correct location to place it, and put it down there. The agent does not need to use the fridge button or open the fridge to cool the object, and the agent just needs to do action that is "cool the object with the fridge"." to answer the question: what is the most reasonable action in the choices for the task description "cool some pan and put it in stoveburner"?
4. Decide and write the answer using the template: The answer is: (i): <selected_action>, where i is the real number. If there is no desired object in the image, search every place based on **Initial Observation** to find the object. And if no one is exactly correct, choose a similar answer.

**Initial Observation**
You are in the middle of a room. Looking quickly around you, you can see cabinet (1-14), countertop (1-2), microwave (1), drawer (1-5), sink (1), sinkbasin (1), coffeemachine (1), stoveburner (1-4), toaster (1), fridge (1), diningtable (1), garbagecan (1), safe (1)

**Answer Choices**
(1): go to cabinet 1
(2): go to cabinet 2
(3): go to cabinet 3
(4): go to countertop 1
(5): go to cabinet 4
(6): go to cabinet 5
(7): go to microwave 1
(8): go to cabinet 6
(9): go to drawer 1
(10): go to drawer 2
(11): go to drawer 3
(12): go to cabinet 7
(13): go to cabinet 8
(14): go to sink 1
(15): go to sinkbasin 1
(16): go to coffeemachine 1
(17): go to cabinet 9
(18): go to cabinet 10
(19): go to drawer 4
(20): go to cabinet 11
(21): go to stoveburner 2
(22): go to stoveburner 3
(23): go to stoveburner 4
(24): go to cabinet 12
(25): go to toaster 1
(26): go to drawer 5
(27): go to fridge 1
(28): go to cabinet 13
(29): go to cabinet 14
(30): go to diningtable 1
(31): go to garbagecan 1
(32): go to safe 1
(33): put pan 1 in/on stoveburner 1
(34): examine pan 1
(35): examine stoveburner 1

**Answer**
Let's think step by step by following the instructions.
----------------------------------------

----------------------------------------

Original Response:
Firstly, we need to find a pan, which is visible in the image and is labeled as "pan 1." So we do not need to search for it in cabinets or drawers as per the initial observation.

Next, we need to cool the pan with the fridge. The fridge is also visible in the image and is labeled as "fridge 1."

Finally, we need to place the cooled pan on a stoveburner. In the image, we can see four stoveburners labeled as "stoveburner 1," "stoveburner 2," "stoveburner 3," and "stoveburner 4."

Based on the task description and hints, the most reasonable action would be to cool the pan with the fridge and then put it on a stoveburner. Since we do not need to use the fridge button or open the fridge, and we just need to perform the action "cool the object with the fridge," the answer would be to put the pan on a stoveburner after cooling it with the fridge.

The answer is: (33): put pan 1 in/on stoveburner 1.

----------------------------------------

----------------------------------------

>>> Refine Original VLM Response and Get Pure Action: put pan 1 in/on stoveburner 1

----------------------------------------

-----------------------------------------------------------------

Running time: 10.221490859985352 seconds

Total Money: 6.028500000000002

-----------------------------------------------------------------

-----------------------------------------------------------------

Text Observation:Nothing happens.

--------------------------------------------------------------------------------------------------------------------------task: 17---------------------------------------------------------
--------------------------------------------------------------------------------------------------------------------------------------------------------------------
--------------------------------------------------------------------------------------------------------------------------------------------------------------------
Step:--------------------------------------------------------------------------18-------------------------------------------------------------------------------
----------------------------------------
VLM Prompt:
Image1:
<image>
**Instruction**
1. Analyze the provided image to identify all visible household objects, focusing on those relevant to the task description "cool some pan and put it in stoveburner."
2. Use the analysis of the image and the task hint "The agent must find an object of the desired type, pick it up, go to a fridge, cool the object with the fridge, then find the correct location to place it, and put it down there. The agent does not need to use the fridge button or open the fridge to cool the object, and the agent just needs to do action that is "cool the object with the fridge"." to answer the question: what is the most reasonable action in the choices for the task description "cool some pan and put it in stoveburner"?
4. Decide and write the answer using the template: The answer is: (i): <selected_action>, where i is the real number. If there is no desired object in the image, search every place based on **Initial Observation** to find the object. And if no one is exactly correct, choose a similar answer.

**Initial Observation**
You are in the middle of a room. Looking quickly around you, you can see cabinet (1-14), countertop (1-2), microwave (1), drawer (1-5), sink (1), sinkbasin (1), coffeemachine (1), stoveburner (1-4), toaster (1), fridge (1), diningtable (1), garbagecan (1), safe (1)

**Answer Choices**
(1): go to cabinet 1
(2): go to cabinet 2
(3): go to cabinet 3
(4): go to countertop 1
(5): go to cabinet 4
(6): go to cabinet 5
(7): go to microwave 1
(8): go to cabinet 6
(9): go to drawer 1
(10): go to drawer 2
(11): go to drawer 3
(12): go to cabinet 7
(13): go to cabinet 8
(14): go to sink 1
(15): go to sinkbasin 1
(16): go to coffeemachine 1
(17): go to cabinet 9
(18): go to cabinet 10
(19): go to drawer 4
(20): go to cabinet 11
(21): go to stoveburner 2
(22): go to stoveburner 3
(23): go to stoveburner 4
(24): go to cabinet 12
(25): go to toaster 1
(26): go to drawer 5
(27): go to countertop 2
(28): go to fridge 1
(29): go to cabinet 13
(30): go to cabinet 14
(31): go to diningtable 1
(32): go to garbagecan 1
(33): go to safe 1
(34): examine pan 1
(35): examine stoveburner 1

**Answer**
Let's think step by step by following the instructions.
----------------------------------------

----------------------------------------

Original Response:
First, we need to find a pan that can be cooled and then put on a stoveburner. In the image, we can see "pan 1" is located on the countertop near "stoveburner 1". Since the agent does not need to use the fridge button or open the fridge to cool the object, the agent just needs to perform an action that is "cool the object with the fridge". Therefore, the most reasonable action would be to pick up "pan 1" and then go to "fridge 1" to cool it. After cooling the pan, the agent must find the correct stoveburner to place it on. Since "stoveburner 1" is the closest to the pan's original location, it would be the logical choice to place the cooled pan there.

The answer is: (34): examine pan 1, followed by (28): go to fridge 1, and then (35): examine stoveburner 1.

----------------------------------------

----------------------------------------

>>> Refine Original VLM Response and Get Pure Action: examine pan 1, followed by (28): go to fridge 1, and then (35): examine stoveburner 1

----------------------------------------

-----------------------------------------------------------------

Running time: 12.276129961013794 seconds

Total Money: 6.048950000000002

-----------------------------------------------------------------

-----------------------------------------------------------------

Text Observation:Nothing happens.

--------------------------------------------------------------------------------------------------------------------------task: 17---------------------------------------------------------
--------------------------------------------------------------------------------------------------------------------------------------------------------------------
--------------------------------------------------------------------------------------------------------------------------------------------------------------------
Step:--------------------------------------------------------------------------19-------------------------------------------------------------------------------
----------------------------------------
VLM Prompt:
Image1:
<image>
**Instruction**
1. Analyze the provided image to identify all visible household objects, focusing on those relevant to the task description "cool some pan and put it in stoveburner."
2. Use the analysis of the image and the task hint "The agent must find an object of the desired type, pick it up, go to a fridge, cool the object with the fridge, then find the correct location to place it, and put it down there. The agent does not need to use the fridge button or open the fridge to cool the object, and the agent just needs to do action that is "cool the object with the fridge"." to answer the question: what is the most reasonable action in the choices for the task description "cool some pan and put it in stoveburner"?
4. Decide and write the answer using the template: The answer is: (i): <selected_action>, where i is the real number. If there is no desired object in the image, search every place based on **Initial Observation** to find the object. And if no one is exactly correct, choose a similar answer.

**Initial Observation**
You are in the middle of a room. Looking quickly around you, you can see cabinet (1-14), countertop (1-2), microwave (1), drawer (1-5), sink (1), sinkbasin (1), coffeemachine (1), stoveburner (1-4), toaster (1), fridge (1), diningtable (1), garbagecan (1), safe (1)

**Answer Choices**
(1): go to cabinet 1
(2): go to cabinet 2
(3): go to cabinet 3
(4): go to countertop 1
(5): go to cabinet 4
(6): go to cabinet 5
(7): go to microwave 1
(8): go to cabinet 6
(9): go to drawer 1
(10): go to drawer 2
(11): go to drawer 3
(12): go to cabinet 7
(13): go to cabinet 8
(14): go to sink 1
(15): go to sinkbasin 1
(16): go to coffeemachine 1
(17): go to cabinet 9
(18): go to cabinet 10
(19): go to drawer 4
(20): go to cabinet 11
(21): go to stoveburner 2
(22): go to stoveburner 3
(23): go to stoveburner 4
(24): go to cabinet 12
(25): go to toaster 1
(26): go to drawer 5
(27): go to countertop 2
(28): go to fridge 1
(29): go to cabinet 13
(30): go to cabinet 14
(31): go to diningtable 1
(32): go to garbagecan 1
(33): go to safe 1
(34): examine pan 1
(35): examine stoveburner 1

**Answer**
Let's think step by step by following the instructions.
----------------------------------------

----------------------------------------

Original Response:
The task is to cool some pan and put it in stoveburner. According to the task hint, the agent needs to find a pan, cool it with the fridge, and then place it on a stoveburner.

From the image, we can see that there is a pan (pan 1) on the countertop 2 next to the toaster. This pan is likely the object needed for the task. The fridge (fridge 1) is also visible in the image. Therefore, the agent needs to cool pan 1 with fridge 1 and then place it on a stoveburner.

Since the task involves cooling the pan and then placing it on a stoveburner, the most reasonable actions from the answer choices would be to first examine the pan to pick it up and then go to the fridge to cool it. After cooling the pan, the agent should then go to a stoveburner to place the pan.

Looking at the answer choices, the action that aligns with this process is:

(34): examine pan 1 - to pick up the pan.
(28): go to fridge 1 - to cool the pan.
(21), (22), or (23): go to stoveburner 2, 3, or 4 - to place the pan.

However, since we can only choose one action, the first logical step would be to pick up the pan. Therefore, the most reasonable action to start with would be:

The answer is: (34): examine pan 1.

----------------------------------------

----------------------------------------

>>> Refine Original VLM Response and Get Pure Action: examine pan 1

----------------------------------------

-----------------------------------------------------------------

Running time: 16.30636215209961 seconds

Total Money: 6.072610000000002

-----------------------------------------------------------------

-----------------------------------------------------------------

Text Observation:This is a normal pan 1

-----------------------------------------------------------------