---------------------------------------------------------task: 6---------------------------------------------------------
--------------------------------------------------------------------------------------------------------------------------------------------------------------------
--------------------------------------------------------------------------------------------------------------------------------------------------------------------
Step:--------------------------------------------------------------------------0-------------------------------------------------------------------------------
----------------------------------------
VLM Prompt:
Image1:
<image>
**Instruction**
1. Analyze the provided image to identify all visible household objects, focusing on those relevant to the task description "put some cd on safe."
2. Use the analysis of the image and the task hint "The agent must find an object of the desired type, pick it up, find the correct location to place it, and put it down there." to answer the question: what is the most reasonable action in the choices for the task description "put some cd on safe"?
4. Decide and write the answer using the template: The answer is: (i): <selected_action>, where i is the real number. If there is no desired object in the image, search every place based on **Initial Observation** to find the object. And if no one is exactly correct, choose a similar answer.

**Initial Observation**
You are in the middle of a room. Looking quickly around you, you can see bed (1-2), dresser (1), sidetable (1-2), drawer (1-11), desk (1), garbagecan (1), safe (1)

**Answer Choices**
(1): go to bed 1
(2): go to dresser 1
(3): go to bed 2
(4): go to sidetable 1
(5): go to drawer 1
(6): go to drawer 2
(7): go to sidetable 2
(8): go to drawer 3
(9): go to drawer 4
(10): go to desk 1
(11): go to garbagecan 1
(12): go to drawer 5
(13): go to drawer 6
(14): go to drawer 7
(15): go to drawer 8
(16): go to drawer 9
(17): go to drawer 10
(18): go to drawer 11
(19): go to safe 1

**Answer**
Let's think step by step by following the instructions.
----------------------------------------

----------------------------------------

Original Response:
First, we analyze the image provided. We can see a sidetable labeled as "sidetable 1" and a bed labeled as "bed 2". There are no CDs visible on the sidetable or the bed.

Next, we use the analysis and the task hint to determine the most reasonable action. The task is to "put some cd on safe," implying that we must find CDs first and then place them on the safe. Since there are no CDs visible in the image, we must search other locations based on the Initial Observation provided.

Based on the Initial Observation, we know there is a safe labeled as "safe 1". Given that drawers are typical places to find small items like CDs, the most logical action would be to search the drawers first to find a CD. Therefore, we should start with "drawer 1" and proceed sequentially if the CDs are not found there.

The answer is: (5): go to drawer 1.

----------------------------------------

----------------------------------------

>>> Refine Original VLM Response and Get Pure Action: go to drawer 1

----------------------------------------

-----------------------------------------------------------------

Running time: 13.3993501663208 seconds

Total Money: 3.0207699999999997

-----------------------------------------------------------------

-----------------------------------------------------------------

Text Observation:You arrive at loc 4. The drawer 1 is closed. 

--------------------------------------------------------------------------------------------------------------------------task: 6---------------------------------------------------------
--------------------------------------------------------------------------------------------------------------------------------------------------------------------
--------------------------------------------------------------------------------------------------------------------------------------------------------------------
Step:--------------------------------------------------------------------------1-------------------------------------------------------------------------------
----------------------------------------
VLM Prompt:
Image1:
<image>
Image2:
<image>
**Instruction**
1. Analyze the provided image to identify all visible household objects, focusing on those relevant to the task description "put some cd on safe."
2. Use the analysis of the image and the task hint "The agent must find an object of the desired type, pick it up, find the correct location to place it, and put it down there." to answer the question: what is the most reasonable action in the choices for the task description "put some cd on safe"?
4. Decide and write the answer using the template: The answer is: (i): <selected_action>, where i is the real number. If there is no desired object in the image, search every place based on **Initial Observation** to find the object. And if no one is exactly correct, choose a similar answer.

**Initial Observation**
You are in the middle of a room. Looking quickly around you, you can see bed (1-2), dresser (1), sidetable (1-2), drawer (1-11), desk (1), garbagecan (1), safe (1)

**Answer Choices**
(1): go to bed 1
(2): go to dresser 1
(3): go to bed 2
(4): go to sidetable 1
(5): go to drawer 2
(6): go to sidetable 2
(7): go to drawer 3
(8): go to drawer 4
(9): go to desk 1
(10): go to garbagecan 1
(11): go to drawer 5
(12): go to drawer 6
(13): go to drawer 7
(14): go to drawer 8
(15): go to drawer 9
(16): go to drawer 10
(17): go to drawer 11
(18): go to safe 1
(19): open drawer 1
(20): close drawer 1
(21): examine drawer 1

**Answer**
Let's think step by step by following the instructions.
----------------------------------------

----------------------------------------

Original Response:
First, we analyze the provided images. In Image 1, we see a sidetable (sidetable 1) with a creditcard on it and part of bed 2. There are no CDs visible in this image. In Image 2, we see sidetable 1 again with items on it, including a cellphone, a pencil, and a creditcard, as well as two drawers (drawer 1 and drawer 2) and part of bed 2. There are no CDs visible in this image either.

Based on the Initial Observation, we know there is a safe (safe 1) in the room, but it is not visible in the provided images. Since we need to "put some cd on safe," we must first find a CD.

None of the answer choices directly suggest looking for a CD; they all involve going to or interacting with other objects. However, since drawers are common places to store items like CDs, it would be reasonable to start searching there.

The task hint suggests finding the correct location to place the CD after picking it up, which would be the safe (safe 1). However, we must first find the CD before we can place it on the safe.

Therefore, the most reasonable action from the provided choices, given that no CDs are visible in the images, would be to search the drawers.

The answer is: (19): open drawer 1.

----------------------------------------

----------------------------------------

>>> Refine Original VLM Response and Get Pure Action: open drawer 1

----------------------------------------

-----------------------------------------------------------------

Running time: 13.076619148254395 seconds

Total Money: 3.0490399999999998

-----------------------------------------------------------------

-----------------------------------------------------------------

Text Observation:You open the drawer 1. The drawer 1 is open. In it, you see a pillow 1, a cellphone 1, a cellphone 2, a creditcard 1, and a pencil 1.

--------------------------------------------------------------------------------------------------------------------------task: 6---------------------------------------------------------
--------------------------------------------------------------------------------------------------------------------------------------------------------------------
--------------------------------------------------------------------------------------------------------------------------------------------------------------------
Step:--------------------------------------------------------------------------2-------------------------------------------------------------------------------
----------------------------------------
VLM Prompt:
Image1:
<image>
Image2:
<image>
Image3:
<image>
**Instruction**
1. Analyze the provided image to identify all visible household objects, focusing on those relevant to the task description "put some cd on safe."
2. Use the analysis of the image and the task hint "The agent must find an object of the desired type, pick it up, find the correct location to place it, and put it down there." to answer the question: what is the most reasonable action in the choices for the task description "put some cd on safe"?
4. Decide and write the answer using the template: The answer is: (i): <selected_action>, where i is the real number. If there is no desired object in the image, search every place based on **Initial Observation** to find the object. And if no one is exactly correct, choose a similar answer.

**Initial Observation**
You are in the middle of a room. Looking quickly around you, you can see bed (1-2), dresser (1), sidetable (1-2), drawer (1-11), desk (1), garbagecan (1), safe (1)

**Answer Choices**
(1): go to bed 1
(2): go to dresser 1
(3): go to bed 2
(4): go to sidetable 1
(5): go to drawer 2
(6): go to sidetable 2
(7): go to drawer 3
(8): go to drawer 4
(9): go to desk 1
(10): go to garbagecan 1
(11): go to drawer 5
(12): go to drawer 6
(13): go to drawer 7
(14): go to drawer 8
(15): go to drawer 9
(16): go to drawer 10
(17): go to drawer 11
(18): go to safe 1
(19): close drawer 1
(20): take pillow 1 from drawer 1
(21): take cellphone 1 from drawer 1
(22): take cellphone 2 from drawer 1
(23): take creditcard 1 from drawer 1
(24): take pencil 1 from drawer 1
(25): examine drawer 1

**Answer**
Let's think step by step by following the instructions.
----------------------------------------

----------------------------------------

Original Response:
- First, we identify all visible household objects relevant to the task of "put some cd on safe." In the images provided, we can see a sidetable with drawers and items on top of it, such as a cellphone, a pencil, and a credit card. There is no visible CD or safe in the images.
- Based on the initial observation, we know there is a safe (safe 1) in the room.
- Since the task description is to "put some cd on safe," and we do not see any CDs in the images provided, the agent must search the places where a CD could be found.
- Looking at the answer choices, none explicitly mentions finding or picking up a CD. Therefore, the agent should search every place based on the initial observation to find the object, which in this case, would be a CD.

The answer is: (18): go to safe 1. If there are CDs near the safe or in a location not mentioned in the answer choices, this action would bring the agent closer to completing the task. If the CDs are not there, the agent can continue searching the listed locations.

----------------------------------------

----------------------------------------

>>> Refine Original VLM Response and Get Pure Action: go to safe 1

----------------------------------------

-----------------------------------------------------------------

Running time: 11.96583342552185 seconds

Total Money: 3.08391

-----------------------------------------------------------------

-----------------------------------------------------------------

Text Observation:You arrive at loc 18. The safe 1 is closed. 

--------------------------------------------------------------------------------------------------------------------------task: 6---------------------------------------------------------
--------------------------------------------------------------------------------------------------------------------------------------------------------------------
--------------------------------------------------------------------------------------------------------------------------------------------------------------------
Step:--------------------------------------------------------------------------3-------------------------------------------------------------------------------
----------------------------------------
VLM Prompt:
Image1:
<image>
Image2:
<image>
Image3:
<image>
**Instruction**
1. Analyze the provided image to identify all visible household objects, focusing on those relevant to the task description "put some cd on safe."
2. Use the analysis of the image and the task hint "The agent must find an object of the desired type, pick it up, find the correct location to place it, and put it down there." to answer the question: what is the most reasonable action in the choices for the task description "put some cd on safe"?
4. Decide and write the answer using the template: The answer is: (i): <selected_action>, where i is the real number. If there is no desired object in the image, search every place based on **Initial Observation** to find the object. And if no one is exactly correct, choose a similar answer.

**Initial Observation**
You are in the middle of a room. Looking quickly around you, you can see bed (1-2), dresser (1), sidetable (1-2), drawer (1-11), desk (1), garbagecan (1), safe (1)

**Answer Choices**
(1): go to bed 1
(2): go to dresser 1
(3): go to bed 2
(4): go to sidetable 1
(5): go to drawer 2
(6): go to sidetable 2
(7): go to drawer 3
(8): go to drawer 4
(9): go to desk 1
(10): go to garbagecan 1
(11): go to drawer 5
(12): go to drawer 6
(13): go to drawer 7
(14): go to drawer 8
(15): go to drawer 9
(16): go to drawer 10
(17): go to drawer 11
(18): open safe 1
(19): close safe 1
(20): examine safe 1

**Answer**
Let's think step by step by following the instructions.
----------------------------------------

----------------------------------------

Original Response:
First, we need to identify all visible household objects relevant to the task description "put some cd on safe." From the provided images, we can see that Image3 shows a safe labeled "safe 1."

Next, according to the task hint, the agent must find an object of the desired type, which in this case would be a CD. None of the provided images show a CD.

Based on the **Initial Observation**, we haven't looked in drawer 3 to drawer 11 yet. So the next reasonable action would be to search these places to find a CD.

Since we cannot see a CD in the provided images, the next step is to search the unexplored drawers.

The answer is: (7): go to drawer 3. If we don't find a CD there, we continue to the next drawer until we find one.

----------------------------------------

----------------------------------------

>>> Refine Original VLM Response and Get Pure Action: go to drawer 3

----------------------------------------

-----------------------------------------------------------------

Running time: 8.529686450958252 seconds

Total Money: 3.1164199999999997

-----------------------------------------------------------------

-----------------------------------------------------------------

Text Observation:You arrive at loc 7. The drawer 3 is closed. 

--------------------------------------------------------------------------------------------------------------------------task: 6---------------------------------------------------------
--------------------------------------------------------------------------------------------------------------------------------------------------------------------
--------------------------------------------------------------------------------------------------------------------------------------------------------------------
Step:--------------------------------------------------------------------------4-------------------------------------------------------------------------------
----------------------------------------
VLM Prompt:
Image1:
<image>
Image2:
<image>
Image3:
<image>
**Instruction**
1. Analyze the provided image to identify all visible household objects, focusing on those relevant to the task description "put some cd on safe."
2. Use the analysis of the image and the task hint "The agent must find an object of the desired type, pick it up, find the correct location to place it, and put it down there." to answer the question: what is the most reasonable action in the choices for the task description "put some cd on safe"?
4. Decide and write the answer using the template: The answer is: (i): <selected_action>, where i is the real number. If there is no desired object in the image, search every place based on **Initial Observation** to find the object. And if no one is exactly correct, choose a similar answer.

**Initial Observation**
You are in the middle of a room. Looking quickly around you, you can see bed (1-2), dresser (1), sidetable (1-2), drawer (1-11), desk (1), garbagecan (1), safe (1)

**Answer Choices**
(1): go to bed 1
(2): go to dresser 1
(3): go to bed 2
(4): go to sidetable 1
(5): go to drawer 1
(6): go to drawer 2
(7): go to sidetable 2
(8): go to drawer 4
(9): go to desk 1
(10): go to garbagecan 1
(11): go to drawer 5
(12): go to drawer 6
(13): go to drawer 7
(14): go to drawer 8
(15): go to drawer 9
(16): go to drawer 10
(17): go to drawer 11
(18): open drawer 3
(19): close drawer 3
(20): examine drawer 3

**Answer**
Let's think step by step by following the instructions.
----------------------------------------

----------------------------------------

Original Response:
We need to "put some cd on safe," so we are looking for a CD (compact disc) in the images. 

Upon examining Image 1, we do not see any CDs on the sidetable or in the open drawer.
In Image 2, there are various items on the dresser top, but no CDs are visible there either.
Image 3 also does not show any CDs on the sidetable or in the vicinity of the bed.

Since no CDs are visible in the images provided, we should search every place based on the Initial Observation to find the object.

The answer is: (2): go to dresser 1.

----------------------------------------

----------------------------------------

>>> Refine Original VLM Response and Get Pure Action: go to dresser 1

----------------------------------------

-----------------------------------------------------------------

Running time: 12.130566358566284 seconds

Total Money: 3.1476399999999995

-----------------------------------------------------------------

-----------------------------------------------------------------

Text Observation:You arrive at loc 1. On the dresser 1, you see a bowl 1, a mug 1, a cd 1, and a pen 1.

--------------------------------------------------------------------------------------------------------------------------task: 6---------------------------------------------------------
--------------------------------------------------------------------------------------------------------------------------------------------------------------------
--------------------------------------------------------------------------------------------------------------------------------------------------------------------
Step:--------------------------------------------------------------------------5-------------------------------------------------------------------------------
----------------------------------------
VLM Prompt:
Image1:
<image>
Image2:
<image>
Image3:
<image>
**Instruction**
1. Analyze the provided image to identify all visible household objects, focusing on those relevant to the task description "put some cd on safe."
2. Use the analysis of the image and the task hint "The agent must find an object of the desired type, pick it up, find the correct location to place it, and put it down there." to answer the question: what is the most reasonable action in the choices for the task description "put some cd on safe"?
4. Decide and write the answer using the template: The answer is: (i): <selected_action>, where i is the real number. If there is no desired object in the image, search every place based on **Initial Observation** to find the object. And if no one is exactly correct, choose a similar answer.

**Initial Observation**
You are in the middle of a room. Looking quickly around you, you can see bed (1-2), dresser (1), sidetable (1-2), drawer (1-11), desk (1), garbagecan (1), safe (1)

**Answer Choices**
(1): go to bed 1
(2): go to bed 2
(3): go to sidetable 1
(4): go to drawer 1
(5): go to drawer 2
(6): go to sidetable 2
(7): go to drawer 4
(8): go to desk 1
(9): go to garbagecan 1
(10): go to drawer 5
(11): go to drawer 6
(12): go to drawer 7
(13): go to drawer 8
(14): go to drawer 9
(15): go to drawer 10
(16): go to drawer 11
(17): take bowl 1 from dresser 1
(18): take mug 1 from dresser 1
(19): take cd 1 from dresser 1
(20): take pen 1 from dresser 1
(21): examine dresser 1

**Answer**
Let's think step by step by following the instructions.
----------------------------------------

----------------------------------------

Original Response:
First, we need to identify all visible household objects relevant to the task description "put some cd on safe." In the provided images, we can see a dresser with various objects on top of it, including a bowl, a pen, a mug, and a cd (labeled as "cd 1"). Since the task is to put a CD on the safe, and we can see "cd 1" on the dresser, this is the object we are interested in.

Next, considering the task hint, the agent must find the CD, pick it up, and then put it on the safe. Given the initial observation, the agent is in the middle of the room with a dresser and a safe in proximity. The most reasonable action for the task description "put some cd on safe" is to pick up the CD that is already visible on the dresser.

Therefore, the answer is: (19): take cd 1 from dresser 1.

----------------------------------------

----------------------------------------

>>> Refine Original VLM Response and Get Pure Action: No action

----------------------------------------

-----------------------------------------------------------------

Running time: 15.195765495300293 seconds

Total Money: 3.1809799999999995

-----------------------------------------------------------------

-----------------------------------------------------------------

Text Observation:Nothing happens.

--------------------------------------------------------------------------------------------------------------------------task: 6---------------------------------------------------------
--------------------------------------------------------------------------------------------------------------------------------------------------------------------
--------------------------------------------------------------------------------------------------------------------------------------------------------------------
Step:--------------------------------------------------------------------------6-------------------------------------------------------------------------------
----------------------------------------
VLM Prompt:
Image1:
<image>
Image2:
<image>
Image3:
<image>
**Instruction**
1. Analyze the provided image to identify all visible household objects, focusing on those relevant to the task description "put some cd on safe."
2. Use the analysis of the image and the task hint "The agent must find an object of the desired type, pick it up, find the correct location to place it, and put it down there." to answer the question: what is the most reasonable action in the choices for the task description "put some cd on safe"?
4. Decide and write the answer using the template: The answer is: (i): <selected_action>, where i is the real number. If there is no desired object in the image, search every place based on **Initial Observation** to find the object. And if no one is exactly correct, choose a similar answer.

**Initial Observation**
You are in the middle of a room. Looking quickly around you, you can see bed (1-2), dresser (1), sidetable (1-2), drawer (1-11), desk (1), garbagecan (1), safe (1)

**Answer Choices**
(1): go to bed 1
(2): go to bed 2
(3): go to sidetable 1
(4): go to drawer 1
(5): go to drawer 2
(6): go to sidetable 2
(7): go to drawer 4
(8): go to desk 1
(9): go to garbagecan 1
(10): go to drawer 5
(11): go to drawer 6
(12): go to drawer 7
(13): go to drawer 8
(14): go to drawer 9
(15): go to drawer 10
(16): go to drawer 11
(17): go to safe 1
(18): take bowl 1 from dresser 1
(19): take mug 1 from dresser 1
(20): take cd 1 from dresser 1
(21): take pen 1 from dresser 1
(22): examine dresser 1

**Answer**
Let's think step by step by following the instructions.
----------------------------------------

----------------------------------------

Original Response:
First, we analyze the provided images to identify all visible household objects. In Image 1, we can see a bed (bed 2), a sidetable (sidetable 2), a desk lamp (desklamp 1), and a cellphone. In Image 2, we can see a dresser (dresser 1), a bowl (bowl 1), a pen (pen 1), a mug (mug 1), and a CD (cd 1) on top of the dresser. Image 3 is identical to Image 2.

Next, we use the analysis of the image and the task hint to determine the most reasonable action for the task description "put some cd on safe." Looking at the images, we can see that there is a CD (cd 1) on top of the dresser (dresser 1). Since the task is to put a CD on the safe (safe 1), the most reasonable action would be to first take the CD from the dresser.

Finally, we use the template to write the answer:
The answer is: (20): take cd 1 from dresser 1.

----------------------------------------

----------------------------------------

>>> Refine Original VLM Response and Get Pure Action: take cd 1 from dresser 1

----------------------------------------

-----------------------------------------------------------------

Running time: 13.266866207122803 seconds

Total Money: 3.2156099999999994

-----------------------------------------------------------------

-----------------------------------------------------------------

Text Observation:You pick up the cd 1 from the dresser 1.

--------------------------------------------------------------------------------------------------------------------------task: 6---------------------------------------------------------
--------------------------------------------------------------------------------------------------------------------------------------------------------------------
--------------------------------------------------------------------------------------------------------------------------------------------------------------------
Step:--------------------------------------------------------------------------7-------------------------------------------------------------------------------
----------------------------------------
VLM Prompt:
Image1:
<image>
Image2:
<image>
Image3:
<image>
**Instruction**
1. Analyze the provided image to identify all visible household objects, focusing on those relevant to the task description "put some cd on safe."
2. Use the analysis of the image and the task hint "The agent must find an object of the desired type, pick it up, find the correct location to place it, and put it down there." to answer the question: what is the most reasonable action in the choices for the task description "put some cd on safe"?
4. Decide and write the answer using the template: The answer is: (i): <selected_action>, where i is the real number. If there is no desired object in the image, search every place based on **Initial Observation** to find the object. And if no one is exactly correct, choose a similar answer.

**Initial Observation**
You are in the middle of a room. Looking quickly around you, you can see bed (1-2), dresser (1), sidetable (1-2), drawer (1-11), desk (1), garbagecan (1), safe (1)

**Answer Choices**
(1): go to bed 1
(2): go to bed 2
(3): go to sidetable 1
(4): go to drawer 1
(5): go to drawer 2
(6): go to sidetable 2
(7): go to drawer 3
(8): go to drawer 4
(9): go to desk 1
(10): go to garbagecan 1
(11): go to drawer 5
(12): go to drawer 6
(13): go to drawer 7
(14): go to drawer 8
(15): go to drawer 9
(16): go to drawer 10
(17): go to drawer 11
(18): go to safe 1
(19): put cd 1 in/on dresser 1
(20): examine cd 1
(21): examine dresser 1

**Answer**
Let's think step by step by following the instructions.
----------------------------------------

----------------------------------------

Original Response:
First, we need to identify all visible household objects relevant to the task description "put some cd on safe." In Image 3, we can see a CD labeled "cd 1" placed on the floor in front of drawer 8. There is also a safe labeled "safe 1" on top of dresser 1. 

The task description hints that the agent must find an object of the desired type, which is a CD in this case. Since the CD is already visible and identifiable in the image, the agent does not need to search for it. 

The next step is to find the correct location to place it, which is on the safe. The safe is also visible in the image, so the agent does not need to search for it either.

Considering the visible objects and their locations, the most reasonable action for the task "put some cd on safe" is to pick up the CD and put it on the safe. 

Among the answer choices, the closest action that matches this description is (19): put cd 1 in/on dresser 1. Even though the task specifies putting the CD on the safe, the option to put it directly on the safe is not provided. Therefore, we choose the most similar action available, which involves placing the CD on the dresser where the safe is located.

The answer is: (19): put cd 1 in/on dresser 1.

----------------------------------------

----------------------------------------

>>> Refine Original VLM Response and Get Pure Action: put cd 1 in/on dresser 1

----------------------------------------

-----------------------------------------------------------------

Running time: 14.729094743728638 seconds

Total Money: 3.2515899999999993

-----------------------------------------------------------------

-----------------------------------------------------------------

Text Observation:You put the cd 1 in/on the dresser 1.

--------------------------------------------------------------------------------------------------------------------------task: 6---------------------------------------------------------
--------------------------------------------------------------------------------------------------------------------------------------------------------------------
--------------------------------------------------------------------------------------------------------------------------------------------------------------------
Step:--------------------------------------------------------------------------8-------------------------------------------------------------------------------
----------------------------------------
VLM Prompt:
Image1:
<image>
Image2:
<image>
Image3:
<image>
**Instruction**
1. Analyze the provided image to identify all visible household objects, focusing on those relevant to the task description "put some cd on safe."
2. Use the analysis of the image and the task hint "The agent must find an object of the desired type, pick it up, find the correct location to place it, and put it down there." to answer the question: what is the most reasonable action in the choices for the task description "put some cd on safe"?
4. Decide and write the answer using the template: The answer is: (i): <selected_action>, where i is the real number. If there is no desired object in the image, search every place based on **Initial Observation** to find the object. And if no one is exactly correct, choose a similar answer.

**Initial Observation**
You are in the middle of a room. Looking quickly around you, you can see bed (1-2), dresser (1), sidetable (1-2), drawer (1-11), desk (1), garbagecan (1), safe (1)

**Answer Choices**
(1): go to bed 1
(2): go to bed 2
(3): go to sidetable 1
(4): go to drawer 1
(5): go to drawer 2
(6): go to sidetable 2
(7): go to drawer 3
(8): go to drawer 4
(9): go to desk 1
(10): go to garbagecan 1
(11): go to drawer 5
(12): go to drawer 6
(13): go to drawer 7
(14): go to drawer 8
(15): go to drawer 9
(16): go to drawer 10
(17): go to drawer 11
(18): go to safe 1
(19): take bowl 1 from dresser 1
(20): take mug 1 from dresser 1
(21): take pen 1 from dresser 1
(22): examine dresser 1

**Answer**
Let's think step by step by following the instructions.
----------------------------------------

----------------------------------------

Original Response:
Firstly, we need to identify all visible household objects relevant to the task description "put some cd on safe." In the images provided, we can see a cd labeled "cd 1" on top of a dresser labeled "dresser 1". This is the object we need for the task.

Next, we need to consider the task hint, which tells us that the agent must find an object of the desired type, pick it up, find the correct location to place it, and put it down there. The desired object is already located on the dresser, so the agent does not need to search for it in other places.

Given the task description and the object's location, the most reasonable action would be to take the cd from the dresser and then go to the safe to put it on top of it. However, the answer choices do not include a direct action to take the cd. Instead, there's an action to examine the dresser, which could imply checking the dresser for any objects on top of it.

Therefore, the most reasonable action from the given choices that aligns with the task description would be to examine the dresser, which may lead to the agent discovering the cd and proceeding with the task.

The answer is: (22): examine dresser 1.

----------------------------------------

----------------------------------------

>>> Refine Original VLM Response and Get Pure Action: examine dresser 1

----------------------------------------

-----------------------------------------------------------------

Running time: 12.186523675918579 seconds

Total Money: 3.2869399999999995

-----------------------------------------------------------------

-----------------------------------------------------------------

Text Observation:On the dresser 1, you see a bowl 1, a mug 1, a cd 1, and a pen 1.

--------------------------------------------------------------------------------------------------------------------------task: 6---------------------------------------------------------
--------------------------------------------------------------------------------------------------------------------------------------------------------------------
--------------------------------------------------------------------------------------------------------------------------------------------------------------------
Step:--------------------------------------------------------------------------9-------------------------------------------------------------------------------
----------------------------------------
VLM Prompt:
Image1:
<image>
Image2:
<image>
Image3:
<image>
**Instruction**
1. Analyze the provided image to identify all visible household objects, focusing on those relevant to the task description "put some cd on safe."
2. Use the analysis of the image and the task hint "The agent must find an object of the desired type, pick it up, find the correct location to place it, and put it down there." to answer the question: what is the most reasonable action in the choices for the task description "put some cd on safe"?
4. Decide and write the answer using the template: The answer is: (i): <selected_action>, where i is the real number. If there is no desired object in the image, search every place based on **Initial Observation** to find the object. And if no one is exactly correct, choose a similar answer.

**Initial Observation**
You are in the middle of a room. Looking quickly around you, you can see bed (1-2), dresser (1), sidetable (1-2), drawer (1-11), desk (1), garbagecan (1), safe (1)

**Answer Choices**
(1): go to bed 1
(2): go to bed 2
(3): go to sidetable 1
(4): go to drawer 1
(5): go to drawer 2
(6): go to sidetable 2
(7): go to drawer 3
(8): go to drawer 4
(9): go to desk 1
(10): go to garbagecan 1
(11): go to drawer 5
(12): go to drawer 6
(13): go to drawer 7
(14): go to drawer 8
(15): go to drawer 9
(16): go to drawer 10
(17): go to drawer 11
(18): go to safe 1
(19): take bowl 1 from dresser 1
(20): take mug 1 from dresser 1
(21): take pen 1 from dresser 1

**Answer**
Let's think step by step by following the instructions.
----------------------------------------

----------------------------------------

Original Response:
First, we need to identify all visible household objects relevant to the task "put some cd on safe." In the images provided, we can see a CD labeled "cd 1" on the surface of dresser 1. This object is relevant to our task.

Next, we need to consider the task hint, which suggests that the agent must pick up the desired object and place it in the correct location. In this case, the desired object is the CD, and the correct location is on the safe.

Based on the initial observation, we know that there is a safe (safe 1) in the room. Therefore, the most reasonable action for the task "put some cd on safe" is to first take the CD from where it is and then go to the safe to place it on top.

Looking at the answer choices, there is no direct option to take the CD. However, we can infer that taking the CD would be the first step before going to the safe. Since the CD is on the dresser and there is no option to take the CD, we must choose an action that involves going to the dresser.

The closest action that involves interacting with the dresser is (19): take bowl 1 from dresser 1, as it implies being at the dresser where the CD is located. However, this action specifies taking the bowl, not the CD. Since there is no exact action for taking the CD, we choose the closest action that involves being at the correct location, the dresser.

The answer is: (19): take bowl 1 from dresser 1.

----------------------------------------

----------------------------------------

>>> Refine Original VLM Response and Get Pure Action: take bowl 1 from dresser 1

----------------------------------------

-----------------------------------------------------------------

Running time: 32.0029981136322 seconds

Total Money: 3.3240399999999997

-----------------------------------------------------------------

-----------------------------------------------------------------

Text Observation:You pick up the bowl 1 from the dresser 1.

--------------------------------------------------------------------------------------------------------------------------task: 6---------------------------------------------------------
--------------------------------------------------------------------------------------------------------------------------------------------------------------------
--------------------------------------------------------------------------------------------------------------------------------------------------------------------
Step:--------------------------------------------------------------------------10-------------------------------------------------------------------------------
----------------------------------------
VLM Prompt:
Image1:
<image>
Image2:
<image>
Image3:
<image>
**Instruction**
1. Analyze the provided image to identify all visible household objects, focusing on those relevant to the task description "put some cd on safe."
2. Use the analysis of the image and the task hint "The agent must find an object of the desired type, pick it up, find the correct location to place it, and put it down there." to answer the question: what is the most reasonable action in the choices for the task description "put some cd on safe"?
4. Decide and write the answer using the template: The answer is: (i): <selected_action>, where i is the real number. If there is no desired object in the image, search every place based on **Initial Observation** to find the object. And if no one is exactly correct, choose a similar answer.

**Initial Observation**
You are in the middle of a room. Looking quickly around you, you can see bed (1-2), dresser (1), sidetable (1-2), drawer (1-11), desk (1), garbagecan (1), safe (1)

**Answer Choices**
(1): go to bed 1
(2): go to bed 2
(3): go to sidetable 1
(4): go to drawer 1
(5): go to drawer 2
(6): go to sidetable 2
(7): go to drawer 3
(8): go to drawer 4
(9): go to desk 1
(10): go to garbagecan 1
(11): go to drawer 5
(12): go to drawer 6
(13): go to drawer 7
(14): go to drawer 8
(15): go to drawer 9
(16): go to drawer 10
(17): go to drawer 11
(18): go to safe 1
(19): put bowl 1 in/on dresser 1
(20): examine bowl 1

**Answer**
Let's think step by step by following the instructions.
----------------------------------------

----------------------------------------

Original Response:
The task is to "put some cd on safe." From the initial observation, we know that the room contains a safe (safe 1). In the provided images, we can see a cd labeled "cd 1" on top of dresser 1. Since our task is to put a cd on the safe, we need to pick up the cd first and then go to the safe to place it there.

The most reasonable action from the choices that aligns with our task description is to first pick up the cd. However, none of the answer choices explicitly mention picking up the cd. Since the cd is on dresser 1 and we need to interact with it, the closest action that would allow us to eventually pick up the cd is:

The answer is: (14): go to drawer 8.

This action will bring the agent closer to the dresser where the cd is located, allowing the agent to then pick up the cd and complete the task.

----------------------------------------

----------------------------------------

>>> Refine Original VLM Response and Get Pure Action: go to drawer 8

----------------------------------------

-----------------------------------------------------------------

Running time: 9.809686183929443 seconds

Total Money: 3.3572399999999996

-----------------------------------------------------------------

-----------------------------------------------------------------

Text Observation:You arrive at loc 14. The drawer 8 is closed. 

--------------------------------------------------------------------------------------------------------------------------task: 6---------------------------------------------------------
--------------------------------------------------------------------------------------------------------------------------------------------------------------------
--------------------------------------------------------------------------------------------------------------------------------------------------------------------
Step:--------------------------------------------------------------------------11-------------------------------------------------------------------------------
----------------------------------------
VLM Prompt:
Image1:
<image>
Image2:
<image>
Image3:
<image>
**Instruction**
1. Analyze the provided image to identify all visible household objects, focusing on those relevant to the task description "put some cd on safe."
2. Use the analysis of the image and the task hint "The agent must find an object of the desired type, pick it up, find the correct location to place it, and put it down there." to answer the question: what is the most reasonable action in the choices for the task description "put some cd on safe"?
4. Decide and write the answer using the template: The answer is: (i): <selected_action>, where i is the real number. If there is no desired object in the image, search every place based on **Initial Observation** to find the object. And if no one is exactly correct, choose a similar answer.

**Initial Observation**
You are in the middle of a room. Looking quickly around you, you can see bed (1-2), dresser (1), sidetable (1-2), drawer (1-11), desk (1), garbagecan (1), safe (1)

**Answer Choices**
(1): go to bed 1
(2): go to dresser 1
(3): go to bed 2
(4): go to sidetable 1
(5): go to drawer 1
(6): go to drawer 2
(7): go to sidetable 2
(8): go to drawer 3
(9): go to drawer 4
(10): go to desk 1
(11): go to garbagecan 1
(12): go to drawer 5
(13): go to drawer 6
(14): go to drawer 7
(15): go to drawer 9
(16): go to drawer 10
(17): go to drawer 11
(18): go to safe 1
(19): open drawer 8
(20): close drawer 8
(21): put bowl 1 in/on drawer 8
(22): examine bowl 1
(23): examine drawer 8

**Answer**
Let's think step by step by following the instructions.
----------------------------------------

----------------------------------------

Original Response:
First, we need to identify all visible household objects relevant to the task "put some cd on safe." In the images, we can see a safe labeled as "safe 1," a dresser labeled as "dresser 1," and a CD labeled as "cd 1" on the dresser's surface.

Next, based on the task hint, the agent must find the CD, pick it up, and place it on the safe. Since the CD is already visible in the images, there's no need to search every place. The most reasonable action would be to go to the CD's location, pick it up, and then go to the safe to place it there.

The only action that directly relates to the CD and the safe is going to the safe. However, before going to the safe, the agent needs to pick up the CD from the dresser. Since there are no actions described as "pick up cd 1," we need to select the action that would logically precede putting the CD on the safe, which is going to the location of the CD.

The answer is: (2): go to dresser 1.

----------------------------------------

----------------------------------------

>>> Refine Original VLM Response and Get Pure Action: go to dresser 1

----------------------------------------

-----------------------------------------------------------------

Running time: 19.18085551261902 seconds

Total Money: 3.3917899999999994

-----------------------------------------------------------------

-----------------------------------------------------------------

Text Observation:You arrive at loc 1. On the dresser 1, you see a mug 1, a cd 1, and a pen 1.

--------------------------------------------------------------------------------------------------------------------------task: 6---------------------------------------------------------
--------------------------------------------------------------------------------------------------------------------------------------------------------------------
--------------------------------------------------------------------------------------------------------------------------------------------------------------------
Step:--------------------------------------------------------------------------12-------------------------------------------------------------------------------
----------------------------------------
VLM Prompt:
Image1:
<image>
Image2:
<image>
Image3:
<image>
**Instruction**
1. Analyze the provided image to identify all visible household objects, focusing on those relevant to the task description "put some cd on safe."
2. Use the analysis of the image and the task hint "The agent must find an object of the desired type, pick it up, find the correct location to place it, and put it down there." to answer the question: what is the most reasonable action in the choices for the task description "put some cd on safe"?
4. Decide and write the answer using the template: The answer is: (i): <selected_action>, where i is the real number. If there is no desired object in the image, search every place based on **Initial Observation** to find the object. And if no one is exactly correct, choose a similar answer.

**Initial Observation**
You are in the middle of a room. Looking quickly around you, you can see bed (1-2), dresser (1), sidetable (1-2), drawer (1-11), desk (1), garbagecan (1), safe (1)

**Answer Choices**
(1): go to bed 1
(2): go to bed 2
(3): go to sidetable 1
(4): go to drawer 1
(5): go to drawer 2
(6): go to sidetable 2
(7): go to drawer 3
(8): go to drawer 4
(9): go to desk 1
(10): go to garbagecan 1
(11): go to drawer 5
(12): go to drawer 6
(13): go to drawer 7
(14): go to drawer 9
(15): go to drawer 10
(16): go to drawer 11
(17): go to safe 1
(18): put bowl 1 in/on dresser 1
(19): examine bowl 1
(20): examine dresser 1

**Answer**
Let's think step by step by following the instructions.
----------------------------------------

----------------------------------------

Original Response:
First, we identify all visible household objects relevant to the task "put some cd on safe." In the images provided, we can see a safe (safe 1), a dresser (dresser 1), a bowl (bowl 1), and some other objects like a pen and a mug that are not relevant to the task. There is no visible CD in the images.

Considering the task hint, we need to find an object of the desired type, which is a CD in this case. Since no CD is visible in the images, we must search other places based on the Initial Observation.

The Initial Observation lists various objects and furniture in the room, including drawers and a desk, which are common places where CDs might be stored. Therefore, the most reasonable action would be to search the drawers or the desk.

The answer is: (4): go to drawer 1. If the CD is not found there, the agent can continue searching the subsequent drawers or the desk as those are also common places to find CDs.

----------------------------------------

----------------------------------------

>>> Refine Original VLM Response and Get Pure Action: go to drawer 1

----------------------------------------

-----------------------------------------------------------------

Running time: 11.953564882278442 seconds

Total Money: 3.4253999999999993

-----------------------------------------------------------------

-----------------------------------------------------------------

Text Observation:You arrive at loc 4. The drawer 1 is open. On the drawer 1, you see a pillow 1, a cellphone 1, a cellphone 2, a creditcard 1, and a pencil 1.

--------------------------------------------------------------------------------------------------------------------------task: 6---------------------------------------------------------
--------------------------------------------------------------------------------------------------------------------------------------------------------------------
--------------------------------------------------------------------------------------------------------------------------------------------------------------------
Step:--------------------------------------------------------------------------13-------------------------------------------------------------------------------
----------------------------------------
VLM Prompt:
Image1:
<image>
Image2:
<image>
Image3:
<image>
**Instruction**
1. Analyze the provided image to identify all visible household objects, focusing on those relevant to the task description "put some cd on safe."
2. Use the analysis of the image and the task hint "The agent must find an object of the desired type, pick it up, find the correct location to place it, and put it down there." to answer the question: what is the most reasonable action in the choices for the task description "put some cd on safe"?
4. Decide and write the answer using the template: The answer is: (i): <selected_action>, where i is the real number. If there is no desired object in the image, search every place based on **Initial Observation** to find the object. And if no one is exactly correct, choose a similar answer.

**Initial Observation**
You are in the middle of a room. Looking quickly around you, you can see bed (1-2), dresser (1), sidetable (1-2), drawer (1-11), desk (1), garbagecan (1), safe (1)

**Answer Choices**
(1): go to bed 1
(2): go to bed 2
(3): go to sidetable 1
(4): go to drawer 2
(5): go to sidetable 2
(6): go to drawer 3
(7): go to drawer 4
(8): go to desk 1
(9): go to garbagecan 1
(10): go to drawer 5
(11): go to drawer 6
(12): go to drawer 7
(13): go to drawer 9
(14): go to drawer 10
(15): go to drawer 11
(16): go to safe 1
(17): open drawer 1
(18): close drawer 1
(19): put bowl 1 in/on drawer 1
(20): examine bowl 1
(21): examine drawer 1

**Answer**
Let's think step by step by following the instructions.
----------------------------------------

----------------------------------------

Original Response:
The task is to "put some cd on safe." From the initial observation, we know there is a safe (safe 1) in the room. Looking at the images provided, we can see a cd (cd 1) on the dresser in Image1 and Image2. 

The most reasonable action to complete the task would be to pick up the cd from the dresser and place it on the safe. However, none of the answer choices directly state "pick up cd 1" or "put cd 1 on safe 1." Therefore, we need to choose the closest action that will allow us to complete the task.

Since the cd is on the dresser and we need to place it on the safe, the first step would be to go to the dresser where the cd is located. The dresser is labeled as "dresser 1" in the initial observation. However, there is no direct action to "go to dresser 1" in the answer choices.

The closest action that would allow us to eventually pick up the cd and place it on the safe would be to go to the location where the cd is located, which is "drawer 1," as it is part of the dresser where the cd is placed.

The answer is: (17): open drawer 1.

----------------------------------------

----------------------------------------

>>> Refine Original VLM Response and Get Pure Action: open drawer 1

----------------------------------------

-----------------------------------------------------------------

Running time: 24.594563245773315 seconds

Total Money: 3.460699999999999

-----------------------------------------------------------------

-----------------------------------------------------------------

Text Observation:Nothing happens.

--------------------------------------------------------------------------------------------------------------------------task: 6---------------------------------------------------------
--------------------------------------------------------------------------------------------------------------------------------------------------------------------
--------------------------------------------------------------------------------------------------------------------------------------------------------------------
Step:--------------------------------------------------------------------------14-------------------------------------------------------------------------------
----------------------------------------
VLM Prompt:
Image1:
<image>
Image2:
<image>
Image3:
<image>
**Instruction**
1. Analyze the provided image to identify all visible household objects, focusing on those relevant to the task description "put some cd on safe."
2. Use the analysis of the image and the task hint "The agent must find an object of the desired type, pick it up, find the correct location to place it, and put it down there." to answer the question: what is the most reasonable action in the choices for the task description "put some cd on safe"?
4. Decide and write the answer using the template: The answer is: (i): <selected_action>, where i is the real number. If there is no desired object in the image, search every place based on **Initial Observation** to find the object. And if no one is exactly correct, choose a similar answer.

**Initial Observation**
You are in the middle of a room. Looking quickly around you, you can see bed (1-2), dresser (1), sidetable (1-2), drawer (1-11), desk (1), garbagecan (1), safe (1)

**Answer Choices**
(1): go to bed 1
(2): go to bed 2
(3): go to sidetable 1
(4): go to drawer 2
(5): go to sidetable 2
(6): go to drawer 3
(7): go to drawer 4
(8): go to desk 1
(9): go to garbagecan 1
(10): go to drawer 5
(11): go to drawer 6
(12): go to drawer 7
(13): go to drawer 8
(14): go to drawer 9
(15): go to drawer 10
(16): go to drawer 11
(17): go to safe 1
(18): close drawer 1
(19): put bowl 1 in/on drawer 1
(20): examine bowl 1
(21): examine drawer 1

**Answer**
Let's think step by step by following the instructions.
----------------------------------------

----------------------------------------

Original Response:
First, we analyze the provided images to identify all visible household objects. From the images, we can see the following objects:
- Image 1: dresser 1, safe 1, mug 1, pen 1, cd 1, bowl 1, drawer 8, drawer 9
- Image 2: sidetable 1, postcard 1, cellphone 1, pencil 1, bowl 1, bed 2
- Image 3: sidetable 2, postcard 1, cellphone 1, pencil 1, bowl 1, bed 2

The task description is "put some cd on safe." From the initial observation, we are informed there is a safe (safe 1) in the room. In Image 1, we can see there is a cd (cd 1) on the dresser 1, which is likely the object we need to put on the safe.

Based on the task hint, the agent must find the cd, pick it up, find the safe, and put the cd on it. Since we can see the cd in Image 1, the most reasonable next action would be to pick up the cd.

None of the provided answer choices directly indicate picking up the cd. However, since the cd is on the dresser 1, the closest action that would lead to the cd is going to the dresser. As there is no specific action to "go to dresser 1," we must choose an action that involves interacting with an object close to the cd, which is on dresser 1.

The answer choices do not list dresser 1, but we see drawer 8 and drawer 9, which are part of dresser 1. Since we need to be at the dresser to pick up the cd, the most reasonable action from the choices provided would be to go to one of these drawers, which are part of the dresser 1.

The answer is: (13): go to drawer 8.

----------------------------------------

----------------------------------------

>>> Refine Original VLM Response and Get Pure Action: go to drawer 8

----------------------------------------

-----------------------------------------------------------------

Running time: 17.111237287521362 seconds

Total Money: 3.5002999999999993

-----------------------------------------------------------------

-----------------------------------------------------------------

Text Observation:You arrive at loc 14. The drawer 8 is closed. 

--------------------------------------------------------------------------------------------------------------------------task: 6---------------------------------------------------------
--------------------------------------------------------------------------------------------------------------------------------------------------------------------
--------------------------------------------------------------------------------------------------------------------------------------------------------------------
Step:--------------------------------------------------------------------------15-------------------------------------------------------------------------------
----------------------------------------
VLM Prompt:
Image1:
<image>
Image2:
<image>
Image3:
<image>
**Instruction**
1. Analyze the provided image to identify all visible household objects, focusing on those relevant to the task description "put some cd on safe."
2. Use the analysis of the image and the task hint "The agent must find an object of the desired type, pick it up, find the correct location to place it, and put it down there." to answer the question: what is the most reasonable action in the choices for the task description "put some cd on safe"?
4. Decide and write the answer using the template: The answer is: (i): <selected_action>, where i is the real number. If there is no desired object in the image, search every place based on **Initial Observation** to find the object. And if no one is exactly correct, choose a similar answer.

**Initial Observation**
You are in the middle of a room. Looking quickly around you, you can see bed (1-2), dresser (1), sidetable (1-2), drawer (1-11), desk (1), garbagecan (1), safe (1)

**Answer Choices**
(1): go to bed 1
(2): go to dresser 1
(3): go to bed 2
(4): go to sidetable 1
(5): go to drawer 2
(6): go to sidetable 2
(7): go to drawer 3
(8): go to drawer 4
(9): go to desk 1
(10): go to garbagecan 1
(11): go to drawer 5
(12): go to drawer 6
(13): go to drawer 7
(14): go to drawer 9
(15): go to drawer 10
(16): go to drawer 11
(17): go to safe 1
(18): open drawer 8
(19): close drawer 8
(20): put bowl 1 in/on drawer 8
(21): examine bowl 1
(22): examine drawer 8

**Answer**
Let's think step by step by following the instructions.
----------------------------------------

----------------------------------------

Original Response:
The task is to "put some cd on safe." In Image3, we can see a cd on the dresser next to pen 1 and mug 1. Given the task, the most reasonable action is to first go to the location where the cd is, pick it up, and then go to the safe to place it there.

The answer is: (2): go to dresser 1

----------------------------------------

----------------------------------------

>>> Refine Original VLM Response and Get Pure Action: go to dresser 1

----------------------------------------

-----------------------------------------------------------------

Running time: 6.887530565261841 seconds

Total Money: 3.5302599999999993

-----------------------------------------------------------------

-----------------------------------------------------------------

Text Observation:You arrive at loc 1. On the dresser 1, you see a mug 1, a cd 1, and a pen 1.

--------------------------------------------------------------------------------------------------------------------------task: 6---------------------------------------------------------
--------------------------------------------------------------------------------------------------------------------------------------------------------------------
--------------------------------------------------------------------------------------------------------------------------------------------------------------------
Step:--------------------------------------------------------------------------16-------------------------------------------------------------------------------
----------------------------------------
VLM Prompt:
Image1:
<image>
Image2:
<image>
Image3:
<image>
**Instruction**
1. Analyze the provided image to identify all visible household objects, focusing on those relevant to the task description "put some cd on safe."
2. Use the analysis of the image and the task hint "The agent must find an object of the desired type, pick it up, find the correct location to place it, and put it down there." to answer the question: what is the most reasonable action in the choices for the task description "put some cd on safe"?
4. Decide and write the answer using the template: The answer is: (i): <selected_action>, where i is the real number. If there is no desired object in the image, search every place based on **Initial Observation** to find the object. And if no one is exactly correct, choose a similar answer.

**Initial Observation**
You are in the middle of a room. Looking quickly around you, you can see bed (1-2), dresser (1), sidetable (1-2), drawer (1-11), desk (1), garbagecan (1), safe (1)

**Answer Choices**
(1): go to bed 1
(2): go to bed 2
(3): go to sidetable 1
(4): go to drawer 1
(5): go to drawer 2
(6): go to sidetable 2
(7): go to drawer 3
(8): go to drawer 4
(9): go to desk 1
(10): go to garbagecan 1
(11): go to drawer 5
(12): go to drawer 6
(13): go to drawer 7
(14): go to drawer 9
(15): go to drawer 10
(16): go to drawer 11
(17): go to safe 1
(18): put bowl 1 in/on dresser 1
(19): examine bowl 1
(20): examine dresser 1

**Answer**
Let's think step by step by following the instructions.
----------------------------------------

----------------------------------------

Original Response:
First, we need to identify all visible household objects relevant to the task description "put some cd on safe." In Image2 and Image3, we can spot a "cd 1" on the dresser. This is the object needed to complete the task.

Next, we need to use the task hint to determine the most reasonable action. The agent must find the CD, pick it up, find the safe, and put the CD on it. Since the CD is already visible and located on the dresser, the agent does not need to search other locations.

Therefore, the most reasonable action from the choices provided would be to go to the dresser where the CD is located and then interact with the safe to place the CD on it.

The answer is: (9): go to dresser 1

----------------------------------------

----------------------------------------

>>> Refine Original VLM Response and Get Pure Action: go to dresser 1

----------------------------------------

-----------------------------------------------------------------

Running time: 10.117172241210938 seconds

Total Money: 3.562429999999999

-----------------------------------------------------------------

-----------------------------------------------------------------

Text Observation:Nothing happens.

--------------------------------------------------------------------------------------------------------------------------task: 6---------------------------------------------------------
--------------------------------------------------------------------------------------------------------------------------------------------------------------------
--------------------------------------------------------------------------------------------------------------------------------------------------------------------
Step:--------------------------------------------------------------------------17-------------------------------------------------------------------------------
----------------------------------------
VLM Prompt:
Image1:
<image>
Image2:
<image>
Image3:
<image>
**Instruction**
1. Analyze the provided image to identify all visible household objects, focusing on those relevant to the task description "put some cd on safe."
2. Use the analysis of the image and the task hint "The agent must find an object of the desired type, pick it up, find the correct location to place it, and put it down there." to answer the question: what is the most reasonable action in the choices for the task description "put some cd on safe"?
4. Decide and write the answer using the template: The answer is: (i): <selected_action>, where i is the real number. If there is no desired object in the image, search every place based on **Initial Observation** to find the object. And if no one is exactly correct, choose a similar answer.

**Initial Observation**
You are in the middle of a room. Looking quickly around you, you can see bed (1-2), dresser (1), sidetable (1-2), drawer (1-11), desk (1), garbagecan (1), safe (1)

**Answer Choices**
(1): go to bed 1
(2): go to bed 2
(3): go to sidetable 1
(4): go to drawer 1
(5): go to drawer 2
(6): go to sidetable 2
(7): go to drawer 3
(8): go to drawer 4
(9): go to desk 1
(10): go to garbagecan 1
(11): go to drawer 5
(12): go to drawer 6
(13): go to drawer 7
(14): go to drawer 9
(15): go to drawer 10
(16): go to drawer 11
(17): go to safe 1
(18): put bowl 1 in/on dresser 1
(19): examine bowl 1
(20): examine dresser 1

**Answer**
Let's think step by step by following the instructions.
----------------------------------------

----------------------------------------

Original Response:
Firstly, we need to identify all visible household objects. In the images provided, we can see a safe (labelled as "safe 1"), a dresser (labelled as "dresser 1"), a mug (labelled as "mug 1"), a pen (labelled as "pen 1"), a CD (labelled as "cd 1"), and a bowl (labelled as "bowl 1").

The task description is "put some cd on safe." From the objects identified, we can see there is a CD on the dresser next to the safe. The agent must pick up this CD and place it on the safe.

Looking at the answer choices, the most reasonable action to accomplish this task would be to pick up the CD and put it on the safe. However, there is no direct action listed for picking up the CD. The closest action related to the CD is examining it (option 19), which might be a step before picking it up.

Therefore, the most reasonable action in the choices for the task description "put some cd on safe" is to first examine the CD. The answer is: (19): examine bowl 1.

----------------------------------------

----------------------------------------

>>> Refine Original VLM Response and Get Pure Action: examine bowl 1

----------------------------------------

-----------------------------------------------------------------

Running time: 15.351731300354004 seconds

Total Money: 3.597059999999999

-----------------------------------------------------------------

-----------------------------------------------------------------

Text Observation:This is a normal bowl 1

--------------------------------------------------------------------------------------------------------------------------task: 6---------------------------------------------------------
--------------------------------------------------------------------------------------------------------------------------------------------------------------------
--------------------------------------------------------------------------------------------------------------------------------------------------------------------
Step:--------------------------------------------------------------------------18-------------------------------------------------------------------------------
----------------------------------------
VLM Prompt:
Image1:
<image>
Image2:
<image>
Image3:
<image>
**Instruction**
1. Analyze the provided image to identify all visible household objects, focusing on those relevant to the task description "put some cd on safe."
2. Use the analysis of the image and the task hint "The agent must find an object of the desired type, pick it up, find the correct location to place it, and put it down there." to answer the question: what is the most reasonable action in the choices for the task description "put some cd on safe"?
4. Decide and write the answer using the template: The answer is: (i): <selected_action>, where i is the real number. If there is no desired object in the image, search every place based on **Initial Observation** to find the object. And if no one is exactly correct, choose a similar answer.

**Initial Observation**
You are in the middle of a room. Looking quickly around you, you can see bed (1-2), dresser (1), sidetable (1-2), drawer (1-11), desk (1), garbagecan (1), safe (1)

**Answer Choices**
(1): go to bed 1
(2): go to bed 2
(3): go to sidetable 1
(4): go to drawer 1
(5): go to drawer 2
(6): go to sidetable 2
(7): go to drawer 3
(8): go to drawer 4
(9): go to desk 1
(10): go to garbagecan 1
(11): go to drawer 5
(12): go to drawer 6
(13): go to drawer 7
(14): go to drawer 8
(15): go to drawer 9
(16): go to drawer 10
(17): go to drawer 11
(18): go to safe 1
(19): put bowl 1 in/on dresser 1
(20): examine dresser 1

**Answer**
Let's think step by step by following the instructions.
----------------------------------------

----------------------------------------

Original Response:
The task is to "put some cd on safe." From the images provided, we can see a cd labeled "cd 1" lying on the dresser next to the safe. The safe is labeled "safe 1," and it's on top of "dresser 1." Since we have identified the cd and the safe in the image, there is no need to search other locations mentioned in the initial observation.

Now, according to the task hint, the agent needs to pick up the desired object (the cd) and place it on the correct location (the safe). Therefore, the most reasonable action from the choices given for the task "put some cd on safe" is to pick up the cd and place it on the safe.

The answer is: (18): go to safe 1.

----------------------------------------

----------------------------------------

>>> Refine Original VLM Response and Get Pure Action: go to safe 1

----------------------------------------

-----------------------------------------------------------------

Running time: 9.69713544845581 seconds

Total Money: 3.629329999999999

-----------------------------------------------------------------

-----------------------------------------------------------------

Text Observation:You arrive at loc 18. The safe 1 is closed. 

--------------------------------------------------------------------------------------------------------------------------task: 6---------------------------------------------------------
--------------------------------------------------------------------------------------------------------------------------------------------------------------------
--------------------------------------------------------------------------------------------------------------------------------------------------------------------
Step:--------------------------------------------------------------------------19-------------------------------------------------------------------------------
----------------------------------------
VLM Prompt:
Image1:
<image>
Image2:
<image>
Image3:
<image>
**Instruction**
1. Analyze the provided image to identify all visible household objects, focusing on those relevant to the task description "put some cd on safe."
2. Use the analysis of the image and the task hint "The agent must find an object of the desired type, pick it up, find the correct location to place it, and put it down there." to answer the question: what is the most reasonable action in the choices for the task description "put some cd on safe"?
4. Decide and write the answer using the template: The answer is: (i): <selected_action>, where i is the real number. If there is no desired object in the image, search every place based on **Initial Observation** to find the object. And if no one is exactly correct, choose a similar answer.

**Initial Observation**
You are in the middle of a room. Looking quickly around you, you can see bed (1-2), dresser (1), sidetable (1-2), drawer (1-11), desk (1), garbagecan (1), safe (1)

**Answer Choices**
(1): go to bed 1
(2): go to bed 2
(3): go to sidetable 1
(4): go to drawer 1
(5): go to drawer 2
(6): go to sidetable 2
(7): go to drawer 3
(8): go to drawer 4
(9): go to desk 1
(10): go to garbagecan 1
(11): go to drawer 5
(12): go to drawer 6
(13): go to drawer 7
(14): go to drawer 8
(15): go to drawer 9
(16): go to drawer 10
(17): go to drawer 11
(18): open safe 1
(19): close safe 1
(20): put bowl 1 in/on safe 1
(21): examine safe 1

**Answer**
Let's think step by step by following the instructions.
----------------------------------------

----------------------------------------

Original Response:
The task is to put some CDs on safe 1. From the initial observation, we know that there is a dresser with drawers, a desk, and a safe in the room. Analyzing the images, we can see a safe (safe 1) on top of dresser 1, a bowl (bowl 1) on top of dresser 1, and a CD (cd 1) on the desk next to pen 1 and mug 1. 

Based on the task description and the initial observation, the agent must first find a CD. Since we can see cd 1 on the desk in the images, the most reasonable action from the choices would be to go to the desk where the CD is located.

The answer is: (9): go to desk 1

----------------------------------------

----------------------------------------

>>> Refine Original VLM Response and Get Pure Action: go to desk 1

----------------------------------------

-----------------------------------------------------------------

Running time: 9.843575954437256 seconds

Total Money: 3.661609999999999

-----------------------------------------------------------------

-----------------------------------------------------------------

Text Observation:You arrive at loc 9. On the desk 1, you see a bowl 2, a alarmclock 1, a mug 2, and a pencil 2.

-----------------------------------------------------------------