---------------------------------------------------------task: 24---------------------------------------------------------
--------------------------------------------------------------------------------------------------------------------------------------------------------------------
--------------------------------------------------------------------------------------------------------------------------------------------------------------------
Step:--------------------------------------------------------------------------0-------------------------------------------------------------------------------
----------------------------------------
VLM Prompt:
Image1:
<image>
**Instruction**
1. Analyze the provided images to identify all visible household objects and compare the difference between images (e.h. whether the object is opened or not and taken on hand or not), focusing on those relevant to the task description "heat some tomato and put it in fridge."
2. Use the analysis of images and the task hint "The agent must find an object of the desired type, pick it up, go to a microwave, heat the object with the microwave, then find the correct location to place it, and put it down there. The agent does not need to use the microwave button or open the microwave to heat the object, and the agent just needs to do action that is "heat the object with the microwave"." to answer the question: what is the most reasonable action in the choices for the task description "heat some tomato and put it in fridge"?
3. Decide and write the answer using the template: The answer is: (i): <selected_action>, where i is the real number. If there is no desired object in images, search every place based on **Initial Observation** to find the object. And if no one is exactly correct, choose a similar answer.

**Initial Observation**
You are in the middle of a room. Looking quickly around you, you can see cabinet (1-14), countertop (1-2), microwave (1), drawer (1-5), sink (1), sinkbasin (1), coffeemachine (1), stoveburner (1-4), toaster (1), fridge (1), diningtable (1), garbagecan (1), safe (1)

**Answer Choices**
(1): go to cabinet 1
(2): go to cabinet 2
(3): go to cabinet 3
(4): go to countertop 1
(5): go to cabinet 4
(6): go to cabinet 5
(7): go to microwave 1
(8): go to cabinet 6
(9): go to drawer 1
(10): go to drawer 2
(11): go to drawer 3
(12): go to cabinet 7
(13): go to cabinet 8
(14): go to sink 1
(15): go to sinkbasin 1
(16): go to coffeemachine 1
(17): go to cabinet 9
(18): go to cabinet 10
(19): go to drawer 4
(20): go to cabinet 11
(21): go to stoveburner 1
(22): go to stoveburner 2
(23): go to stoveburner 3
(24): go to stoveburner 4
(25): go to cabinet 12
(26): go to toaster 1
(27): go to drawer 5
(28): go to countertop 2
(29): go to fridge 1
(30): go to cabinet 13
(31): go to cabinet 14
(32): go to diningtable 1
(33): go to garbagecan 1
(34): go to safe 1


**Answer**
Let's think step by step by following the instructions.
----------------------------------------

----------------------------------------

Original Response:
Firstly, the task is to heat some tomato and put it in the fridge. The images provided do not show any tomatoes or a microwave, so we must use the initial observation to decide the next step.

Based on the task hint, the agent must find an object of the desired type (tomato), pick it up, go to a microwave, heat the object with the microwave, then find the correct location to place it (fridge), and put it down there.

Considering that tomatoes are usually stored in a fridge or sometimes in a cabinet, the most reasonable first action would be to look for the tomato in the fridge or in one of the cabinets.

The answer is: (29): go to fridge 1. If the tomato is not found there, the next reasonable actions could be to check the cabinets.

----------------------------------------

----------------------------------------

>>> Refine Original VLM Response and Get Pure Action: go to fridge 1

----------------------------------------

-----------------------------------------------------------------

Running time: 8.327269315719604 seconds

Total Money: 14.612579999999998

-----------------------------------------------------------------

-----------------------------------------------------------------

Text Observation:You arrive at loc 28. The fridge 1 is closed. 

--------------------------------------------------------------------------------------------------------------------------task: 24---------------------------------------------------------
--------------------------------------------------------------------------------------------------------------------------------------------------------------------
--------------------------------------------------------------------------------------------------------------------------------------------------------------------
Step:--------------------------------------------------------------------------1-------------------------------------------------------------------------------
----------------------------------------
VLM Prompt:
Image1:
<image>
Image2:
<image>
**Instruction**
1. Analyze the provided images to identify all visible household objects and compare the difference between images (e.h. whether the object is opened or not and taken on hand or not), focusing on those relevant to the task description "heat some tomato and put it in fridge."
2. Use the analysis of images and the task hint "The agent must find an object of the desired type, pick it up, go to a microwave, heat the object with the microwave, then find the correct location to place it, and put it down there. The agent does not need to use the microwave button or open the microwave to heat the object, and the agent just needs to do action that is "heat the object with the microwave"." to answer the question: what is the most reasonable action in the choices for the task description "heat some tomato and put it in fridge"?
3. Decide and write the answer using the template: The answer is: (i): <selected_action>, where i is the real number. If there is no desired object in images, search every place based on **Initial Observation** to find the object. And if no one is exactly correct, choose a similar answer.

**Initial Observation**
You are in the middle of a room. Looking quickly around you, you can see cabinet (1-14), countertop (1-2), microwave (1), drawer (1-5), sink (1), sinkbasin (1), coffeemachine (1), stoveburner (1-4), toaster (1), fridge (1), diningtable (1), garbagecan (1), safe (1)

**Answer Choices**
(1): go to cabinet 1
(2): go to cabinet 2
(3): go to cabinet 3
(4): go to countertop 1
(5): go to cabinet 4
(6): go to cabinet 5
(7): go to microwave 1
(8): go to cabinet 6
(9): go to drawer 1
(10): go to drawer 2
(11): go to drawer 3
(12): go to cabinet 7
(13): go to cabinet 8
(14): go to sink 1
(15): go to sinkbasin 1
(16): go to coffeemachine 1
(17): go to cabinet 9
(18): go to cabinet 10
(19): go to drawer 4
(20): go to cabinet 11
(21): go to stoveburner 1
(22): go to stoveburner 2
(23): go to stoveburner 3
(24): go to stoveburner 4
(25): go to cabinet 12
(26): go to toaster 1
(27): go to drawer 5
(28): go to countertop 2
(29): go to cabinet 13
(30): go to cabinet 14
(31): go to diningtable 1
(32): go to garbagecan 1
(33): go to safe 1
(34): open fridge 1
(35): close fridge 1
(36): examine fridge 1


**Answer**
Let's think step by step by following the instructions.
----------------------------------------

----------------------------------------

Original Response:
Image Analysis:
- Image1 shows a sink with a faucet, and a countertop with nothing on it. There is also an object next to the sink, which looks like a decorative vase, not relevant to the task.
- Image2 shows two vertical lines, which could be the edges of a cabinet or appliance, but it's not clear what the object is.

Task Analysis:
The task requires the agent to heat some tomato and put it in the fridge. To accomplish this, the agent must first find a tomato, then go to the microwave to heat it, and finally go to the fridge to store it.

There are no tomatoes visible in the provided images, so the agent must search for them in the locations listed in the Initial Observation.

Considering the Initial Observation and the task hint, the most reasonable action for the agent to start with would be to search for a tomato in the cabinets, as that's a common storage place for food items.

The answer is: (1): go to cabinet 1

----------------------------------------

----------------------------------------

>>> Refine Original VLM Response and Get Pure Action: go to cabinet 1

----------------------------------------

-----------------------------------------------------------------

Running time: 40.1378276348114 seconds

Total Money: 14.640999999999998

-----------------------------------------------------------------

-----------------------------------------------------------------

Text Observation:You arrive at loc 0. The cabinet 1 is closed. 

--------------------------------------------------------------------------------------------------------------------------task: 24---------------------------------------------------------
--------------------------------------------------------------------------------------------------------------------------------------------------------------------
--------------------------------------------------------------------------------------------------------------------------------------------------------------------
Step:--------------------------------------------------------------------------2-------------------------------------------------------------------------------
----------------------------------------
VLM Prompt:
Image1:
<image>
Image2:
<image>
Image3:
<image>
**Instruction**
1. Analyze the provided images to identify all visible household objects and compare the difference between images (e.h. whether the object is opened or not and taken on hand or not), focusing on those relevant to the task description "heat some tomato and put it in fridge."
2. Use the analysis of images and the task hint "The agent must find an object of the desired type, pick it up, go to a microwave, heat the object with the microwave, then find the correct location to place it, and put it down there. The agent does not need to use the microwave button or open the microwave to heat the object, and the agent just needs to do action that is "heat the object with the microwave"." to answer the question: what is the most reasonable action in the choices for the task description "heat some tomato and put it in fridge"?
3. Decide and write the answer using the template: The answer is: (i): <selected_action>, where i is the real number. If there is no desired object in images, search every place based on **Initial Observation** to find the object. And if no one is exactly correct, choose a similar answer.

**Initial Observation**
You are in the middle of a room. Looking quickly around you, you can see cabinet (1-14), countertop (1-2), microwave (1), drawer (1-5), sink (1), sinkbasin (1), coffeemachine (1), stoveburner (1-4), toaster (1), fridge (1), diningtable (1), garbagecan (1), safe (1)

**Answer Choices**
(1): go to cabinet 2
(2): go to cabinet 3
(3): go to countertop 1
(4): go to cabinet 4
(5): go to cabinet 5
(6): go to microwave 1
(7): go to cabinet 6
(8): go to drawer 1
(9): go to drawer 2
(10): go to drawer 3
(11): go to cabinet 7
(12): go to cabinet 8
(13): go to sink 1
(14): go to sinkbasin 1
(15): go to coffeemachine 1
(16): go to cabinet 9
(17): go to cabinet 10
(18): go to drawer 4
(19): go to cabinet 11
(20): go to stoveburner 1
(21): go to stoveburner 2
(22): go to stoveburner 3
(23): go to stoveburner 4
(24): go to cabinet 12
(25): go to toaster 1
(26): go to drawer 5
(27): go to countertop 2
(28): go to cabinet 13
(29): go to cabinet 14
(30): go to diningtable 1
(31): go to garbagecan 1
(32): go to safe 1
(33): open cabinet 1
(34): close cabinet 1
(35): examine cabinet 1


**Answer**
Let's think step by step by following the instructions.
----------------------------------------

----------------------------------------

Original Response:
First, we analyze the images:

Image 1: We can see a sink with a faucet and a floating decorative object, which appears to be a vase, but no tomatoes or objects related to the task.

Image 2: There is nothing in this image except for two vertical lines that could be the edge of a cabinet or a wall.

Image 3: This image shows a wooden floor, which is not relevant to the task at hand.

Comparing the images, there are no visible changes, such as objects being opened or taken on hand, nor are there any items related to the task of heating a tomato.

Based on the task hint and initial observation, the agent needs to find a tomato, heat it in the microwave, and then put it in the fridge. There is no direct mention of where the tomatoes are located, but it's reasonable to assume they might be stored in a cabinet or refrigerator.

Since the images provided do not contain any relevant objects, we must search the environment based on the initial observation.

The most reasonable action among the choices would be to first find the tomato, which is likely stored in a cabinet or the fridge. Since the fridge is directly mentioned in the task, it makes sense to check there first. Therefore, the most reasonable action to start with would be:

The answer is: (1): go to cabinet 2

----------------------------------------

----------------------------------------

>>> Refine Original VLM Response and Get Pure Action: go to cabinet 2

----------------------------------------

-----------------------------------------------------------------

Running time: 15.423216819763184 seconds

Total Money: 14.679149999999998

-----------------------------------------------------------------

-----------------------------------------------------------------

Text Observation:You arrive at loc 1. The cabinet 2 is closed. 

--------------------------------------------------------------------------------------------------------------------------task: 24---------------------------------------------------------
--------------------------------------------------------------------------------------------------------------------------------------------------------------------
--------------------------------------------------------------------------------------------------------------------------------------------------------------------
Step:--------------------------------------------------------------------------3-------------------------------------------------------------------------------
----------------------------------------
VLM Prompt:
Image1:
<image>
Image2:
<image>
Image3:
<image>
**Instruction**
1. Analyze the provided images to identify all visible household objects and compare the difference between images (e.h. whether the object is opened or not and taken on hand or not), focusing on those relevant to the task description "heat some tomato and put it in fridge."
2. Use the analysis of images and the task hint "The agent must find an object of the desired type, pick it up, go to a microwave, heat the object with the microwave, then find the correct location to place it, and put it down there. The agent does not need to use the microwave button or open the microwave to heat the object, and the agent just needs to do action that is "heat the object with the microwave"." to answer the question: what is the most reasonable action in the choices for the task description "heat some tomato and put it in fridge"?
3. Decide and write the answer using the template: The answer is: (i): <selected_action>, where i is the real number. If there is no desired object in images, search every place based on **Initial Observation** to find the object. And if no one is exactly correct, choose a similar answer.

**Initial Observation**
You are in the middle of a room. Looking quickly around you, you can see cabinet (1-14), countertop (1-2), microwave (1), drawer (1-5), sink (1), sinkbasin (1), coffeemachine (1), stoveburner (1-4), toaster (1), fridge (1), diningtable (1), garbagecan (1), safe (1)

**Answer Choices**
(1): go to cabinet 3
(2): go to countertop 1
(3): go to cabinet 4
(4): go to cabinet 5
(5): go to microwave 1
(6): go to cabinet 6
(7): go to drawer 1
(8): go to drawer 2
(9): go to drawer 3
(10): go to cabinet 7
(11): go to cabinet 8
(12): go to sink 1
(13): go to sinkbasin 1
(14): go to coffeemachine 1
(15): go to cabinet 9
(16): go to cabinet 10
(17): go to drawer 4
(18): go to cabinet 11
(19): go to stoveburner 1
(20): go to stoveburner 2
(21): go to stoveburner 3
(22): go to stoveburner 4
(23): go to cabinet 12
(24): go to toaster 1
(25): go to drawer 5
(26): go to countertop 2
(27): go to cabinet 13
(28): go to cabinet 14
(29): go to diningtable 1
(30): go to garbagecan 1
(31): go to safe 1
(32): open cabinet 2
(33): close cabinet 2
(34): examine cabinet 2


**Answer**
Let's think step by step by following the instructions.
----------------------------------------

----------------------------------------

Original Response:
First, we have to analyze the provided images. In Image 1, we see what appears to be a closed door or a cabinet, there are no clear indicators of objects or contents inside. In Image 2, we see a wooden surface, likely a countertop or a table with no objects on it. Image 3 shows the same wooden surface at a different angle with a wall or cabinet in the background. None of the images show any tomato or microwave, which are necessary for the task.

Based on the initial observation, we know the location of the microwave (1) and the fridge (1). Since we need to heat some tomato, our first step would be to find the tomato. The tomato could be stored in cabinets, drawers, or the fridge. The answer choices do not include "go to fridge," so we can assume the agent already knows the tomato is not there.

Given the answer choices and the task description, the most reasonable action would be to search the cabinets or drawers, as these are common places to store food items such as tomatoes. Since the task description does not specify which cabinet or drawer may contain the tomato, we have to make an educated guess. Cabinets are more likely to contain food items, so we will prioritize them over drawers.

Out of the available cabinet options, cabinet 3 and cabinet 4 are the closest numbers to the microwave (1) mentioned in the initial observation, which could indicate proximity and thus higher likelihood of containing food items for cooking.

The answer is: (1): go to cabinet 3. If the tomato is not there, the agent should continue searching other cabinets and drawers based on the initial observation.

----------------------------------------

----------------------------------------

>>> Refine Original VLM Response and Get Pure Action: go to cabinet 3

----------------------------------------

-----------------------------------------------------------------

Running time: 12.369312286376953 seconds

Total Money: 14.719069999999999

-----------------------------------------------------------------

-----------------------------------------------------------------

Text Observation:You arrive at loc 2. The cabinet 3 is closed. 

--------------------------------------------------------------------------------------------------------------------------task: 24---------------------------------------------------------
--------------------------------------------------------------------------------------------------------------------------------------------------------------------
--------------------------------------------------------------------------------------------------------------------------------------------------------------------
Step:--------------------------------------------------------------------------4-------------------------------------------------------------------------------
----------------------------------------
VLM Prompt:
Image1:
<image>
Image2:
<image>
Image3:
<image>
**Instruction**
1. Analyze the provided images to identify all visible household objects and compare the difference between images (e.h. whether the object is opened or not and taken on hand or not), focusing on those relevant to the task description "heat some tomato and put it in fridge."
2. Use the analysis of images and the task hint "The agent must find an object of the desired type, pick it up, go to a microwave, heat the object with the microwave, then find the correct location to place it, and put it down there. The agent does not need to use the microwave button or open the microwave to heat the object, and the agent just needs to do action that is "heat the object with the microwave"." to answer the question: what is the most reasonable action in the choices for the task description "heat some tomato and put it in fridge"?
3. Decide and write the answer using the template: The answer is: (i): <selected_action>, where i is the real number. If there is no desired object in images, search every place based on **Initial Observation** to find the object. And if no one is exactly correct, choose a similar answer.

**Initial Observation**
You are in the middle of a room. Looking quickly around you, you can see cabinet (1-14), countertop (1-2), microwave (1), drawer (1-5), sink (1), sinkbasin (1), coffeemachine (1), stoveburner (1-4), toaster (1), fridge (1), diningtable (1), garbagecan (1), safe (1)

**Answer Choices**
(1): go to countertop 1
(2): go to cabinet 4
(3): go to cabinet 5
(4): go to microwave 1
(5): go to cabinet 6
(6): go to drawer 1
(7): go to drawer 2
(8): go to drawer 3
(9): go to cabinet 7
(10): go to cabinet 8
(11): go to sink 1
(12): go to sinkbasin 1
(13): go to coffeemachine 1
(14): go to cabinet 9
(15): go to cabinet 10
(16): go to drawer 4
(17): go to cabinet 11
(18): go to stoveburner 1
(19): go to stoveburner 2
(20): go to stoveburner 3
(21): go to stoveburner 4
(22): go to cabinet 12
(23): go to toaster 1
(24): go to drawer 5
(25): go to countertop 2
(26): go to fridge 1
(27): go to cabinet 13
(28): go to cabinet 14
(29): go to diningtable 1
(30): go to garbagecan 1
(31): go to safe 1
(32): open cabinet 3
(33): close cabinet 3
(34): examine cabinet 3


**Answer**
Let's think step by step by following the instructions.
----------------------------------------

----------------------------------------

Original Response:
Firstly, we need to identify the visible household objects in the provided images. However, all three images only show a wooden surface, possibly a door or panel, with no distinguishable features or objects relevant to the task of heating a tomato and putting it in the fridge.

Since the task requires us to heat some tomato and put it in the fridge, we must first find the tomato. The initial observation does not mention where the tomatoes are located, but common sense suggests they could be stored in the fridge or a cabinet where food is typically kept. Therefore, we should first search for the tomato in likely locations before proceeding to heat it in the microwave and then place it back in the fridge.

Based on the given options and the task at hand, the most reasonable action would be to first go to the fridge or a cabinet where tomatoes might be stored. As the fridge is explicitly mentioned in the task, it is the most logical first step. Thus, the answer is:

The answer is: (26): go to fridge 1

If the tomatoes are not found in the fridge, the next step would be to search the cabinets. 

(Note: Since the images provided do not show any objects or the interior of the room, we cannot use them to determine the current location of the tomatoes or any other objects. The answer is based on the Initial Observation and logical assumptions about where tomatoes are commonly stored.)

----------------------------------------

----------------------------------------

>>> Refine Original VLM Response and Get Pure Action: go to fridge 1

If the tomatoes are not found in the fridge, the next step would be to search the cabinets

----------------------------------------

-----------------------------------------------------------------

Running time: 13.849502801895142 seconds

Total Money: 14.757369999999998

-----------------------------------------------------------------

-----------------------------------------------------------------

Text Observation:Nothing happens.

--------------------------------------------------------------------------------------------------------------------------task: 24---------------------------------------------------------
--------------------------------------------------------------------------------------------------------------------------------------------------------------------
--------------------------------------------------------------------------------------------------------------------------------------------------------------------
Step:--------------------------------------------------------------------------5-------------------------------------------------------------------------------
----------------------------------------
VLM Prompt:
Image1:
<image>
Image2:
<image>
Image3:
<image>
**Instruction**
1. Analyze the provided images to identify all visible household objects and compare the difference between images (e.h. whether the object is opened or not and taken on hand or not), focusing on those relevant to the task description "heat some tomato and put it in fridge."
2. Use the analysis of images and the task hint "The agent must find an object of the desired type, pick it up, go to a microwave, heat the object with the microwave, then find the correct location to place it, and put it down there. The agent does not need to use the microwave button or open the microwave to heat the object, and the agent just needs to do action that is "heat the object with the microwave"." to answer the question: what is the most reasonable action in the choices for the task description "heat some tomato and put it in fridge"?
3. Decide and write the answer using the template: The answer is: (i): <selected_action>, where i is the real number. If there is no desired object in images, search every place based on **Initial Observation** to find the object. And if no one is exactly correct, choose a similar answer.

**Initial Observation**
You are in the middle of a room. Looking quickly around you, you can see cabinet (1-14), countertop (1-2), microwave (1), drawer (1-5), sink (1), sinkbasin (1), coffeemachine (1), stoveburner (1-4), toaster (1), fridge (1), diningtable (1), garbagecan (1), safe (1)

**Answer Choices**
(1): go to cabinet 1
(2): go to countertop 1
(3): go to cabinet 4
(4): go to cabinet 5
(5): go to microwave 1
(6): go to cabinet 6
(7): go to drawer 1
(8): go to drawer 2
(9): go to drawer 3
(10): go to cabinet 7
(11): go to cabinet 8
(12): go to sink 1
(13): go to sinkbasin 1
(14): go to coffeemachine 1
(15): go to cabinet 9
(16): go to cabinet 10
(17): go to drawer 4
(18): go to cabinet 11
(19): go to stoveburner 1
(20): go to stoveburner 2
(21): go to stoveburner 3
(22): go to stoveburner 4
(23): go to cabinet 12
(24): go to toaster 1
(25): go to drawer 5
(26): go to countertop 2
(27): go to fridge 1
(28): go to cabinet 13
(29): go to cabinet 14
(30): go to diningtable 1
(31): go to garbagecan 1
(32): go to safe 1
(33): open cabinet 3
(34): close cabinet 3
(35): examine cabinet 3


**Answer**
Let's think step by step by following the instructions.
----------------------------------------

----------------------------------------

Original Response:
Firstly, we need to identify if there are any visible household objects in the provided images that are relevant to the task description "heat some tomato and put it in fridge." However, all three images show the same object, which is a wooden cabinet door, and there is no visible difference between the images regarding the state of the object (it is neither open nor being taken by hand in any of the images).

Given that we do not see any tomatoes or other relevant objects in the images, we must rely on the initial observation to decide the next course of action. The task requires us to find a tomato, heat it in the microwave, and then place it in the fridge. Since we cannot see the tomato in the images, we must search for it.

The most logical places to look for a tomato would be in the fridge or the cabinets where food is typically stored. The task does not specify where the tomato is located, so we will need to search potential locations.

Based on the initial observation, the most reasonable actions from the answer choices would be to first go to the fridge or cabinets to find the tomato. Among the answer choices, the closest related actions are to go to the fridge (27) and the cabinets (1, 3, 4, 5, 6, 7, 8, 9, 10, 11, 12, 13, 14, 15, 16, 18, 23, 28, 29).

Since the fridge is the most common place to store fresh produce like tomatoes, the most reasonable action would be to check the fridge first.

The answer is: (27): go to fridge 1

----------------------------------------

----------------------------------------

>>> Refine Original VLM Response and Get Pure Action: go to fridge 1

----------------------------------------

-----------------------------------------------------------------

Running time: 14.857924461364746 seconds

Total Money: 14.797559999999999

-----------------------------------------------------------------

-----------------------------------------------------------------

Text Observation:You arrive at loc 28. The fridge 1 is closed. 

--------------------------------------------------------------------------------------------------------------------------task: 24---------------------------------------------------------
--------------------------------------------------------------------------------------------------------------------------------------------------------------------
--------------------------------------------------------------------------------------------------------------------------------------------------------------------
Step:--------------------------------------------------------------------------6-------------------------------------------------------------------------------
----------------------------------------
VLM Prompt:
Image1:
<image>
Image2:
<image>
Image3:
<image>
**Instruction**
1. Analyze the provided images to identify all visible household objects and compare the difference between images (e.h. whether the object is opened or not and taken on hand or not), focusing on those relevant to the task description "heat some tomato and put it in fridge."
2. Use the analysis of images and the task hint "The agent must find an object of the desired type, pick it up, go to a microwave, heat the object with the microwave, then find the correct location to place it, and put it down there. The agent does not need to use the microwave button or open the microwave to heat the object, and the agent just needs to do action that is "heat the object with the microwave"." to answer the question: what is the most reasonable action in the choices for the task description "heat some tomato and put it in fridge"?
3. Decide and write the answer using the template: The answer is: (i): <selected_action>, where i is the real number. If there is no desired object in images, search every place based on **Initial Observation** to find the object. And if no one is exactly correct, choose a similar answer.

**Initial Observation**
You are in the middle of a room. Looking quickly around you, you can see cabinet (1-14), countertop (1-2), microwave (1), drawer (1-5), sink (1), sinkbasin (1), coffeemachine (1), stoveburner (1-4), toaster (1), fridge (1), diningtable (1), garbagecan (1), safe (1)

**Answer Choices**
(1): go to cabinet 1
(2): go to cabinet 2
(3): go to countertop 1
(4): go to cabinet 4
(5): go to cabinet 5
(6): go to microwave 1
(7): go to cabinet 6
(8): go to drawer 1
(9): go to drawer 2
(10): go to drawer 3
(11): go to cabinet 7
(12): go to cabinet 8
(13): go to sink 1
(14): go to sinkbasin 1
(15): go to coffeemachine 1
(16): go to cabinet 9
(17): go to cabinet 10
(18): go to drawer 4
(19): go to cabinet 11
(20): go to stoveburner 1
(21): go to stoveburner 2
(22): go to stoveburner 3
(23): go to stoveburner 4
(24): go to cabinet 12
(25): go to toaster 1
(26): go to drawer 5
(27): go to countertop 2
(28): go to cabinet 13
(29): go to cabinet 14
(30): go to diningtable 1
(31): go to garbagecan 1
(32): go to safe 1
(33): open fridge 1
(34): close fridge 1
(35): examine fridge 1


**Answer**
Let's think step by step by following the instructions.
----------------------------------------

----------------------------------------

Original Response:
The task requires the agent to heat some tomato and then put it in the fridge. The images provided are not showing any objects related to the task, as they only depict wooden textures and what appears to be a wall or door frame. There are no visible tomatoes, microwaves, or fridges in these images.

Based on the initial observation, the agent is in a room with various household objects, including a microwave and a fridge, which are essential for completing the task. The agent must first find a tomato, which is likely to be stored in a cabinet or a fridge. Since the task begins with heating the tomato, it is reasonable to assume that the tomato is not yet in the fridge; therefore, the agent should first look for the tomato in the cabinets.

The answer is: (1): go to cabinet 1. If the tomato is not found there, the agent should continue to search the other cabinets based on the initial observation until the tomato is located. Once the tomato is found, the agent can proceed to the microwave to heat it and then to the fridge to complete the task.

----------------------------------------

----------------------------------------

>>> Refine Original VLM Response and Get Pure Action: go to cabinet 1

----------------------------------------

-----------------------------------------------------------------

Running time: 11.921647548675537 seconds

Total Money: 14.83415

-----------------------------------------------------------------

-----------------------------------------------------------------

Text Observation:You arrive at loc 0. The cabinet 1 is closed. 

--------------------------------------------------------------------------------------------------------------------------task: 24---------------------------------------------------------
--------------------------------------------------------------------------------------------------------------------------------------------------------------------
--------------------------------------------------------------------------------------------------------------------------------------------------------------------
Step:--------------------------------------------------------------------------7-------------------------------------------------------------------------------
----------------------------------------
VLM Prompt:
Image1:
<image>
Image2:
<image>
Image3:
<image>
**Instruction**
1. Analyze the provided images to identify all visible household objects and compare the difference between images (e.h. whether the object is opened or not and taken on hand or not), focusing on those relevant to the task description "heat some tomato and put it in fridge."
2. Use the analysis of images and the task hint "The agent must find an object of the desired type, pick it up, go to a microwave, heat the object with the microwave, then find the correct location to place it, and put it down there. The agent does not need to use the microwave button or open the microwave to heat the object, and the agent just needs to do action that is "heat the object with the microwave"." to answer the question: what is the most reasonable action in the choices for the task description "heat some tomato and put it in fridge"?
3. Decide and write the answer using the template: The answer is: (i): <selected_action>, where i is the real number. If there is no desired object in images, search every place based on **Initial Observation** to find the object. And if no one is exactly correct, choose a similar answer.

**Initial Observation**
You are in the middle of a room. Looking quickly around you, you can see cabinet (1-14), countertop (1-2), microwave (1), drawer (1-5), sink (1), sinkbasin (1), coffeemachine (1), stoveburner (1-4), toaster (1), fridge (1), diningtable (1), garbagecan (1), safe (1)

**Answer Choices**
(1): go to cabinet 2
(2): go to cabinet 3
(3): go to countertop 1
(4): go to cabinet 4
(5): go to cabinet 5
(6): go to microwave 1
(7): go to cabinet 6
(8): go to drawer 1
(9): go to drawer 2
(10): go to drawer 3
(11): go to cabinet 7
(12): go to cabinet 8
(13): go to sink 1
(14): go to sinkbasin 1
(15): go to coffeemachine 1
(16): go to cabinet 9
(17): go to cabinet 10
(18): go to drawer 4
(19): go to cabinet 11
(20): go to stoveburner 1
(21): go to stoveburner 2
(22): go to stoveburner 3
(23): go to stoveburner 4
(24): go to cabinet 12
(25): go to toaster 1
(26): go to drawer 5
(27): go to countertop 2
(28): go to cabinet 13
(29): go to cabinet 14
(30): go to diningtable 1
(31): go to garbagecan 1
(32): go to safe 1
(33): open cabinet 1
(34): close cabinet 1
(35): examine cabinet 1


**Answer**
Let's think step by step by following the instructions.
----------------------------------------

----------------------------------------

Original Response:
The task description is "heat some tomato and put it in fridge." Therefore, we need to find a tomato, heat it in the microwave, and then put it in the fridge.

From the images provided, we can't identify any household objects because all three images show only wooden and plain textures which do not resemble a tomato or any other objects that are relevant to the task description.

Based on the initial observation, the agent is in the middle of a room with various cabinets, countertop, microwave, drawers, etc. Since we can't see any tomato in the images, we need to search every place to find the object. 

First, we need to find a tomato, which could most likely be in a cabinet or a fridge. Then, we need to heat the tomato with the microwave. Lastly, we need to put the heated tomato back in the fridge.

Considering the task hint, the agent does not need to use the microwave button or open the microwave to heat the object, just needs to do the action "heat the object with the microwave."

The most reasonable action from the choices given would be to first find the tomato. Since the images do not show where the tomato is, we need to search for it. Starting with the cabinets would be a logical step as tomatoes are usually stored in a pantry or refrigerator.

The answer is: (1): go to cabinet 2. If the tomato is not found there, continue searching the cabinets and the fridge until the tomato is located, then proceed with the task of heating it in the microwave and placing it back in the fridge.

----------------------------------------

----------------------------------------

>>> Refine Original VLM Response and Get Pure Action: go to cabinet 2

----------------------------------------

-----------------------------------------------------------------

Running time: 18.382233142852783 seconds

Total Money: 14.873679999999998

-----------------------------------------------------------------

-----------------------------------------------------------------

Text Observation:You arrive at loc 1. The cabinet 2 is closed. 

--------------------------------------------------------------------------------------------------------------------------task: 24---------------------------------------------------------
--------------------------------------------------------------------------------------------------------------------------------------------------------------------
--------------------------------------------------------------------------------------------------------------------------------------------------------------------
Step:--------------------------------------------------------------------------8-------------------------------------------------------------------------------
----------------------------------------
VLM Prompt:
Image1:
<image>
Image2:
<image>
Image3:
<image>
**Instruction**
1. Analyze the provided images to identify all visible household objects and compare the difference between images (e.h. whether the object is opened or not and taken on hand or not), focusing on those relevant to the task description "heat some tomato and put it in fridge."
2. Use the analysis of images and the task hint "The agent must find an object of the desired type, pick it up, go to a microwave, heat the object with the microwave, then find the correct location to place it, and put it down there. The agent does not need to use the microwave button or open the microwave to heat the object, and the agent just needs to do action that is "heat the object with the microwave"." to answer the question: what is the most reasonable action in the choices for the task description "heat some tomato and put it in fridge"?
3. Decide and write the answer using the template: The answer is: (i): <selected_action>, where i is the real number. If there is no desired object in images, search every place based on **Initial Observation** to find the object. And if no one is exactly correct, choose a similar answer.

**Initial Observation**
You are in the middle of a room. Looking quickly around you, you can see cabinet (1-14), countertop (1-2), microwave (1), drawer (1-5), sink (1), sinkbasin (1), coffeemachine (1), stoveburner (1-4), toaster (1), fridge (1), diningtable (1), garbagecan (1), safe (1)

**Answer Choices**
(1): go to cabinet 3
(2): go to countertop 1
(3): go to cabinet 4
(4): go to cabinet 5
(5): go to microwave 1
(6): go to cabinet 6
(7): go to drawer 1
(8): go to drawer 2
(9): go to drawer 3
(10): go to cabinet 7
(11): go to cabinet 8
(12): go to sink 1
(13): go to sinkbasin 1
(14): go to coffeemachine 1
(15): go to cabinet 9
(16): go to cabinet 10
(17): go to drawer 4
(18): go to cabinet 11
(19): go to stoveburner 1
(20): go to stoveburner 2
(21): go to stoveburner 3
(22): go to stoveburner 4
(23): go to cabinet 12
(24): go to toaster 1
(25): go to drawer 5
(26): go to countertop 2
(27): go to cabinet 13
(28): go to cabinet 14
(29): go to diningtable 1
(30): go to garbagecan 1
(31): go to safe 1
(32): open cabinet 2
(33): close cabinet 2
(34): examine cabinet 2


**Answer**
Let's think step by step by following the instructions.
----------------------------------------

----------------------------------------

Original Response:
Firstly, we need to identify if there are any visible household objects related to the task of heating a tomato and putting it in the fridge. In the provided images, we can see two different perspectives of the same scene: a closed cabinet (Image 1) and a wooden surface which could be a countertop or a cabinet door (Image 2 and Image 3).

There is no visible tomato or fridge in any of the images, so we can't directly pick up a tomato to heat it. Hence, we need to search for the tomato based on the initial observation.

According to the initial observation, we are in the middle of a room with various household objects around. Tomatoes are typically found in a fridge or a cabinet. Since the task involves heating the tomato, we will first need to find it.

The most logical place to start searching for a tomato in a household setting would be the fridge. Therefore, the most reasonable action from the choices would be to go to the fridge to find a tomato.

The answer is: (1): go to fridge 1.

----------------------------------------

----------------------------------------

>>> Refine Original VLM Response and Get Pure Action: go to fridge 1

----------------------------------------

-----------------------------------------------------------------

Running time: 14.900709390640259 seconds

Total Money: 14.910059999999998

-----------------------------------------------------------------

-----------------------------------------------------------------

Text Observation:You arrive at loc 28. The fridge 1 is closed. 

--------------------------------------------------------------------------------------------------------------------------task: 24---------------------------------------------------------
--------------------------------------------------------------------------------------------------------------------------------------------------------------------
--------------------------------------------------------------------------------------------------------------------------------------------------------------------
Step:--------------------------------------------------------------------------9-------------------------------------------------------------------------------
----------------------------------------
VLM Prompt:
Image1:
<image>
Image2:
<image>
Image3:
<image>
**Instruction**
1. Analyze the provided images to identify all visible household objects and compare the difference between images (e.h. whether the object is opened or not and taken on hand or not), focusing on those relevant to the task description "heat some tomato and put it in fridge."
2. Use the analysis of images and the task hint "The agent must find an object of the desired type, pick it up, go to a microwave, heat the object with the microwave, then find the correct location to place it, and put it down there. The agent does not need to use the microwave button or open the microwave to heat the object, and the agent just needs to do action that is "heat the object with the microwave"." to answer the question: what is the most reasonable action in the choices for the task description "heat some tomato and put it in fridge"?
3. Decide and write the answer using the template: The answer is: (i): <selected_action>, where i is the real number. If there is no desired object in images, search every place based on **Initial Observation** to find the object. And if no one is exactly correct, choose a similar answer.

**Initial Observation**
You are in the middle of a room. Looking quickly around you, you can see cabinet (1-14), countertop (1-2), microwave (1), drawer (1-5), sink (1), sinkbasin (1), coffeemachine (1), stoveburner (1-4), toaster (1), fridge (1), diningtable (1), garbagecan (1), safe (1)

**Answer Choices**
(1): go to cabinet 3
(2): go to countertop 1
(3): go to cabinet 4
(4): go to cabinet 5
(5): go to microwave 1
(6): go to cabinet 6
(7): go to drawer 1
(8): go to drawer 2
(9): go to drawer 3
(10): go to cabinet 7
(11): go to cabinet 8
(12): go to sink 1
(13): go to sinkbasin 1
(14): go to coffeemachine 1
(15): go to cabinet 9
(16): go to cabinet 10
(17): go to drawer 4
(18): go to cabinet 11
(19): go to stoveburner 1
(20): go to stoveburner 2
(21): go to stoveburner 3
(22): go to stoveburner 4
(23): go to cabinet 12
(24): go to toaster 1
(25): go to drawer 5
(26): go to countertop 2
(27): go to cabinet 13
(28): go to cabinet 14
(29): go to diningtable 1
(30): go to garbagecan 1
(31): go to safe 1
(32): open fridge 1
(33): close fridge 1
(34): examine fridge 1


**Answer**
Let's think step by step by following the instructions.
----------------------------------------

----------------------------------------

Original Response:
First, we need to analyze the provided images for any visible household objects relevant to the task of heating some tomato and putting it in the fridge.

Image1 and Image2 show a wooden door, which might be a cabinet or a fridge door, but it is closed, so we cannot confirm if there is a tomato or any other object inside it. Image3 shows a plain wall with no visible objects.

Since we cannot spot any tomatoes or any other relevant objects in the images, according to the **Initial Observation**, we should search every place to find the object.

The task requires us to heat the tomato, so once we find it, we would need to go to the microwave to heat it. However, the task also indicates that we do not need to use the microwave button or open the microwave; we just need to perform the action "heat the object with the microwave."

Based on the task description and initial observation, the most reasonable action would be to first find the tomato. We should search the cabinets, as they are common places where food items are stored.

The answer is: (1): go to cabinet 3. If the tomato is not there, we should continue searching the cabinets sequentially.

----------------------------------------

----------------------------------------

>>> Refine Original VLM Response and Get Pure Action: go to cabinet 3

----------------------------------------

-----------------------------------------------------------------

Running time: 12.406929731369019 seconds

Total Money: 14.947159999999998

-----------------------------------------------------------------

-----------------------------------------------------------------

Text Observation:You arrive at loc 2. The cabinet 3 is closed. 

--------------------------------------------------------------------------------------------------------------------------task: 24---------------------------------------------------------
--------------------------------------------------------------------------------------------------------------------------------------------------------------------
--------------------------------------------------------------------------------------------------------------------------------------------------------------------
Step:--------------------------------------------------------------------------10-------------------------------------------------------------------------------
----------------------------------------
VLM Prompt:
Image1:
<image>
Image2:
<image>
Image3:
<image>
**Instruction**
1. Analyze the provided images to identify all visible household objects and compare the difference between images (e.h. whether the object is opened or not and taken on hand or not), focusing on those relevant to the task description "heat some tomato and put it in fridge."
2. Use the analysis of images and the task hint "The agent must find an object of the desired type, pick it up, go to a microwave, heat the object with the microwave, then find the correct location to place it, and put it down there. The agent does not need to use the microwave button or open the microwave to heat the object, and the agent just needs to do action that is "heat the object with the microwave"." to answer the question: what is the most reasonable action in the choices for the task description "heat some tomato and put it in fridge"?
3. Decide and write the answer using the template: The answer is: (i): <selected_action>, where i is the real number. If there is no desired object in images, search every place based on **Initial Observation** to find the object. And if no one is exactly correct, choose a similar answer.

**Initial Observation**
You are in the middle of a room. Looking quickly around you, you can see cabinet (1-14), countertop (1-2), microwave (1), drawer (1-5), sink (1), sinkbasin (1), coffeemachine (1), stoveburner (1-4), toaster (1), fridge (1), diningtable (1), garbagecan (1), safe (1)

**Answer Choices**
(1): go to cabinet 1
(2): go to countertop 1
(3): go to cabinet 4
(4): go to cabinet 5
(5): go to microwave 1
(6): go to cabinet 6
(7): go to drawer 1
(8): go to drawer 2
(9): go to drawer 3
(10): go to cabinet 7
(11): go to cabinet 8
(12): go to sink 1
(13): go to sinkbasin 1
(14): go to coffeemachine 1
(15): go to cabinet 9
(16): go to cabinet 10
(17): go to drawer 4
(18): go to cabinet 11
(19): go to stoveburner 1
(20): go to stoveburner 2
(21): go to stoveburner 3
(22): go to stoveburner 4
(23): go to cabinet 12
(24): go to toaster 1
(25): go to drawer 5
(26): go to countertop 2
(27): go to cabinet 13
(28): go to cabinet 14
(29): go to diningtable 1
(30): go to garbagecan 1
(31): go to safe 1
(32): open cabinet 3
(33): close cabinet 3
(34): examine cabinet 3


**Answer**
Let's think step by step by following the instructions.
----------------------------------------

----------------------------------------

Original Response:
Firstly, analyzing the images, we can see that they all depict what appears to be a wooden surface, possibly a cabinet or a drawer. The first and third images show a similar object slightly opened, while the second image shows a different pair of objects, possibly a part of the sink or another type of cabinet/drawer, but they are closed and no object is being taken on hand in any of the images. 

Based on the task description "heat some tomato and put it in the fridge," we need to find a tomato, heat it in the microwave, and then place it in the fridge. Since none of the images show a tomato, we need to search for it. 

Looking at the initial observation, tomatoes are likely to be found in a cabinet or on a countertop, not in drawers, sink, sinkbasin, coffeemachine, stoveburner, toaster, garbagecan, safe, or dining table. 

Considering the answer choices and the task hint that we don't need to use the microwave button or open the microwave to heat the object, the agent just needs to do action that is "heat the object with the microwave," the most reasonable action would be to first find the tomato.

Since cabinets are a common place to store food items such as tomatoes and the images suggest cabinets 3, 4, and 5 might be relevant (with one being slightly open), we should check these first. However, choice (32) suggests opening cabinet 3, which is already slightly open according to the images, so this action is irrelevant. Therefore, the next reasonable action would be to either check the other cabinets or go to the countertop where tomatoes may also be placed.

The answer is: (2): go to countertop 1, as it is a common place for food preparation and tomatoes may be placed there ready to be heated. If the tomato is not found there, the next step would be to check the cabinets starting with cabinet 4, following the initial observation list.

----------------------------------------

----------------------------------------

>>> Refine Original VLM Response and Get Pure Action: go to countertop 1, as it is a common place for food preparation and tomatoes may be placed there ready to be heated

----------------------------------------

-----------------------------------------------------------------

Running time: 17.085585117340088 seconds

Total Money: 14.989209999999998

-----------------------------------------------------------------

-----------------------------------------------------------------

Text Observation:Nothing happens.

--------------------------------------------------------------------------------------------------------------------------task: 24---------------------------------------------------------
--------------------------------------------------------------------------------------------------------------------------------------------------------------------
--------------------------------------------------------------------------------------------------------------------------------------------------------------------
Step:--------------------------------------------------------------------------11-------------------------------------------------------------------------------
----------------------------------------
VLM Prompt:
Image1:
<image>
Image2:
<image>
Image3:
<image>
**Instruction**
1. Analyze the provided images to identify all visible household objects and compare the difference between images (e.h. whether the object is opened or not and taken on hand or not), focusing on those relevant to the task description "heat some tomato and put it in fridge."
2. Use the analysis of images and the task hint "The agent must find an object of the desired type, pick it up, go to a microwave, heat the object with the microwave, then find the correct location to place it, and put it down there. The agent does not need to use the microwave button or open the microwave to heat the object, and the agent just needs to do action that is "heat the object with the microwave"." to answer the question: what is the most reasonable action in the choices for the task description "heat some tomato and put it in fridge"?
3. Decide and write the answer using the template: The answer is: (i): <selected_action>, where i is the real number. If there is no desired object in images, search every place based on **Initial Observation** to find the object. And if no one is exactly correct, choose a similar answer.

**Initial Observation**
You are in the middle of a room. Looking quickly around you, you can see cabinet (1-14), countertop (1-2), microwave (1), drawer (1-5), sink (1), sinkbasin (1), coffeemachine (1), stoveburner (1-4), toaster (1), fridge (1), diningtable (1), garbagecan (1), safe (1)

**Answer Choices**
(1): go to cabinet 1
(2): go to cabinet 2
(3): go to countertop 1
(4): go to cabinet 4
(5): go to cabinet 5
(6): go to microwave 1
(7): go to cabinet 6
(8): go to drawer 1
(9): go to drawer 2
(10): go to drawer 3
(11): go to cabinet 7
(12): go to cabinet 8
(13): go to sink 1
(14): go to sinkbasin 1
(15): go to coffeemachine 1
(16): go to cabinet 9
(17): go to cabinet 10
(18): go to drawer 4
(19): go to cabinet 11
(20): go to stoveburner 1
(21): go to stoveburner 2
(22): go to stoveburner 3
(23): go to stoveburner 4
(24): go to cabinet 12
(25): go to toaster 1
(26): go to drawer 5
(27): go to countertop 2
(28): go to cabinet 13
(29): go to cabinet 14
(30): go to diningtable 1
(31): go to garbagecan 1
(32): go to safe 1
(33): open cabinet 3
(34): close cabinet 3
(35): examine cabinet 3


**Answer**
Let's think step by step by following the instructions.
----------------------------------------

----------------------------------------

Original Response:
The provided images (Image1, Image2, and Image3) do not show any visible household objects relevant to the task description "heat some tomato and put it in fridge." All images seem to show wooden textures or surfaces, which could be part of furniture or flooring but do not provide any information on where a tomato or a microwave might be located.

Based on the Initial Observation, the agent is in the middle of a room with various household objects around, including a microwave and a fridge. Given the task description and hint, the agent must first find a tomato. Since there are no visible tomatoes in the provided images, the agent should search in places where food items are typically stored, such as cabinets or the fridge.

Considering the task hint, which specifies that the agent does not need to interact with the microwave buttons or open it, the agent should first locate a tomato before proceeding to heat it with the microwave.

Since cabinets are common storage areas for food items, the most reasonable action for the agent would be to start searching the cabinets. The answer is not explicitly provided in the images or Initial Observation, so searching every place is necessary.

The answer is: (1): go to cabinet 1. This choice is selected because it is the first cabinet and a logical starting point for the search. If the tomato is not found in cabinet 1, the agent should continue searching the cabinets in numerical order until the tomato is found. Once the tomato is located, the agent can then proceed to heat it with the microwave and place it in the fridge as per the task description.

----------------------------------------

----------------------------------------

>>> Refine Original VLM Response and Get Pure Action: go to cabinet 1

----------------------------------------

-----------------------------------------------------------------

Running time: 29.001495361328125 seconds

Total Money: 15.028649999999999

-----------------------------------------------------------------

-----------------------------------------------------------------

Text Observation:You arrive at loc 0. The cabinet 1 is closed. 

--------------------------------------------------------------------------------------------------------------------------task: 24---------------------------------------------------------
--------------------------------------------------------------------------------------------------------------------------------------------------------------------
--------------------------------------------------------------------------------------------------------------------------------------------------------------------
Step:--------------------------------------------------------------------------12-------------------------------------------------------------------------------
----------------------------------------
VLM Prompt:
Image1:
<image>
Image2:
<image>
Image3:
<image>
**Instruction**
1. Analyze the provided images to identify all visible household objects and compare the difference between images (e.h. whether the object is opened or not and taken on hand or not), focusing on those relevant to the task description "heat some tomato and put it in fridge."
2. Use the analysis of images and the task hint "The agent must find an object of the desired type, pick it up, go to a microwave, heat the object with the microwave, then find the correct location to place it, and put it down there. The agent does not need to use the microwave button or open the microwave to heat the object, and the agent just needs to do action that is "heat the object with the microwave"." to answer the question: what is the most reasonable action in the choices for the task description "heat some tomato and put it in fridge"?
3. Decide and write the answer using the template: The answer is: (i): <selected_action>, where i is the real number. If there is no desired object in images, search every place based on **Initial Observation** to find the object. And if no one is exactly correct, choose a similar answer.

**Initial Observation**
You are in the middle of a room. Looking quickly around you, you can see cabinet (1-14), countertop (1-2), microwave (1), drawer (1-5), sink (1), sinkbasin (1), coffeemachine (1), stoveburner (1-4), toaster (1), fridge (1), diningtable (1), garbagecan (1), safe (1)

**Answer Choices**
(1): go to cabinet 2
(2): go to countertop 1
(3): go to cabinet 4
(4): go to cabinet 5
(5): go to microwave 1
(6): go to cabinet 6
(7): go to drawer 1
(8): go to drawer 2
(9): go to drawer 3
(10): go to cabinet 7
(11): go to cabinet 8
(12): go to sink 1
(13): go to sinkbasin 1
(14): go to coffeemachine 1
(15): go to cabinet 9
(16): go to cabinet 10
(17): go to drawer 4
(18): go to cabinet 11
(19): go to stoveburner 1
(20): go to stoveburner 2
(21): go to stoveburner 3
(22): go to stoveburner 4
(23): go to cabinet 12
(24): go to toaster 1
(25): go to drawer 5
(26): go to countertop 2
(27): go to fridge 1
(28): go to cabinet 13
(29): go to cabinet 14
(30): go to diningtable 1
(31): go to garbagecan 1
(32): go to safe 1
(33): open cabinet 1
(34): close cabinet 1
(35): examine cabinet 1


**Answer**
Let's think step by step by following the instructions.
----------------------------------------

----------------------------------------

Original Response:
First, we need to find a tomato to heat. As the images provided only show a wooden surface, they do not contain any visible household objects or tomatoes. Therefore, we must search every place based on the Initial Observation to find the tomato.

Once the tomato is found, we will need to heat it with the microwave according to the task description. However, the task hint specifies that the agent does not need to use the microwave button or open the microwave to heat the object. Therefore, the action of "go to microwave 1" would be the next reasonable step after finding the tomato.

After heating the tomato, the task description states to put it in the fridge. Therefore, the action of "go to fridge 1" would be the final step after heating the tomato.

Since the images do not help us find the tomato, we need to search for it. A reasonable place to find a tomato could be in the fridge or a cabinet where food items might be stored.

The answer is: (27): go to fridge 1, to find the tomato, then (5): go to microwave 1 to heat the tomato, and finally (27): go to fridge 1 again to put the heated tomato inside.

----------------------------------------

----------------------------------------

>>> Refine Original VLM Response and Get Pure Action: go to fridge 1, to find the tomato, then (5): go to microwave 1 to heat the tomato, and finally (27): go to fridge 1 again to put the heated tomato inside

----------------------------------------

-----------------------------------------------------------------

Running time: 57.99793744087219 seconds

Total Money: 15.06599

-----------------------------------------------------------------

-----------------------------------------------------------------

Text Observation:Nothing happens.

--------------------------------------------------------------------------------------------------------------------------task: 24---------------------------------------------------------
--------------------------------------------------------------------------------------------------------------------------------------------------------------------
--------------------------------------------------------------------------------------------------------------------------------------------------------------------
Step:--------------------------------------------------------------------------13-------------------------------------------------------------------------------
----------------------------------------
VLM Prompt:
Image1:
<image>
Image2:
<image>
Image3:
<image>
**Instruction**
1. Analyze the provided images to identify all visible household objects and compare the difference between images (e.h. whether the object is opened or not and taken on hand or not), focusing on those relevant to the task description "heat some tomato and put it in fridge."
2. Use the analysis of images and the task hint "The agent must find an object of the desired type, pick it up, go to a microwave, heat the object with the microwave, then find the correct location to place it, and put it down there. The agent does not need to use the microwave button or open the microwave to heat the object, and the agent just needs to do action that is "heat the object with the microwave"." to answer the question: what is the most reasonable action in the choices for the task description "heat some tomato and put it in fridge"?
3. Decide and write the answer using the template: The answer is: (i): <selected_action>, where i is the real number. If there is no desired object in images, search every place based on **Initial Observation** to find the object. And if no one is exactly correct, choose a similar answer.

**Initial Observation**
You are in the middle of a room. Looking quickly around you, you can see cabinet (1-14), countertop (1-2), microwave (1), drawer (1-5), sink (1), sinkbasin (1), coffeemachine (1), stoveburner (1-4), toaster (1), fridge (1), diningtable (1), garbagecan (1), safe (1)

**Answer Choices**
(1): go to cabinet 2
(2): go to cabinet 3
(3): go to countertop 1
(4): go to cabinet 4
(5): go to cabinet 5
(6): go to microwave 1
(7): go to cabinet 6
(8): go to drawer 1
(9): go to drawer 2
(10): go to drawer 3
(11): go to cabinet 7
(12): go to cabinet 8
(13): go to sink 1
(14): go to sinkbasin 1
(15): go to coffeemachine 1
(16): go to cabinet 9
(17): go to cabinet 10
(18): go to drawer 4
(19): go to cabinet 11
(20): go to stoveburner 1
(21): go to stoveburner 2
(22): go to stoveburner 3
(23): go to stoveburner 4
(24): go to cabinet 12
(25): go to toaster 1
(26): go to drawer 5
(27): go to countertop 2
(28): go to fridge 1
(29): go to cabinet 13
(30): go to cabinet 14
(31): go to diningtable 1
(32): go to garbagecan 1
(33): go to safe 1
(34): open cabinet 1
(35): close cabinet 1
(36): examine cabinet 1


**Answer**
Let's think step by step by following the instructions.
----------------------------------------

----------------------------------------

Original Response:
The task description is "heat some tomato and put it in fridge." Based on the task hint, the agent needs to find a tomato, heat it with the microwave, and then place it in the fridge.

From the initial observation, we know the locations of different objects in the room, including the microwave and fridge. Since the images provided only show a wooden surface with no visible objects, we can assume that the tomato is not in sight.

Since there is no tomato visible in the images, the agent needs to search for the tomato. There is no specific location mentioned for where the tomato might be, so the agent should start by searching in common places where food items are stored, such as the cabinets or fridge.

The answer is: (1): go to cabinet 2. This is the first cabinet the agent can check to find the tomato. If the tomato is not there, the agent can then proceed to check other cabinets or the fridge as per the initial observation list.

----------------------------------------

----------------------------------------

>>> Refine Original VLM Response and Get Pure Action: go to cabinet 2

----------------------------------------

-----------------------------------------------------------------

Running time: 14.086120843887329 seconds

Total Money: 15.10192

-----------------------------------------------------------------

-----------------------------------------------------------------

Text Observation:You arrive at loc 1. The cabinet 2 is closed. 

--------------------------------------------------------------------------------------------------------------------------task: 24---------------------------------------------------------
--------------------------------------------------------------------------------------------------------------------------------------------------------------------
--------------------------------------------------------------------------------------------------------------------------------------------------------------------
Step:--------------------------------------------------------------------------14-------------------------------------------------------------------------------
----------------------------------------
VLM Prompt:
Image1:
<image>
Image2:
<image>
Image3:
<image>
**Instruction**
1. Analyze the provided images to identify all visible household objects and compare the difference between images (e.h. whether the object is opened or not and taken on hand or not), focusing on those relevant to the task description "heat some tomato and put it in fridge."
2. Use the analysis of images and the task hint "The agent must find an object of the desired type, pick it up, go to a microwave, heat the object with the microwave, then find the correct location to place it, and put it down there. The agent does not need to use the microwave button or open the microwave to heat the object, and the agent just needs to do action that is "heat the object with the microwave"." to answer the question: what is the most reasonable action in the choices for the task description "heat some tomato and put it in fridge"?
3. Decide and write the answer using the template: The answer is: (i): <selected_action>, where i is the real number. If there is no desired object in images, search every place based on **Initial Observation** to find the object. And if no one is exactly correct, choose a similar answer.

**Initial Observation**
You are in the middle of a room. Looking quickly around you, you can see cabinet (1-14), countertop (1-2), microwave (1), drawer (1-5), sink (1), sinkbasin (1), coffeemachine (1), stoveburner (1-4), toaster (1), fridge (1), diningtable (1), garbagecan (1), safe (1)

**Answer Choices**
(1): go to cabinet 3
(2): go to countertop 1
(3): go to cabinet 4
(4): go to cabinet 5
(5): go to microwave 1
(6): go to cabinet 6
(7): go to drawer 1
(8): go to drawer 2
(9): go to drawer 3
(10): go to cabinet 7
(11): go to cabinet 8
(12): go to sink 1
(13): go to sinkbasin 1
(14): go to coffeemachine 1
(15): go to cabinet 9
(16): go to cabinet 10
(17): go to drawer 4
(18): go to cabinet 11
(19): go to stoveburner 1
(20): go to stoveburner 2
(21): go to stoveburner 3
(22): go to stoveburner 4
(23): go to cabinet 12
(24): go to toaster 1
(25): go to drawer 5
(26): go to countertop 2
(27): go to fridge 1
(28): go to cabinet 13
(29): go to cabinet 14
(30): go to diningtable 1
(31): go to garbagecan 1
(32): go to safe 1
(33): open cabinet 2
(34): close cabinet 2
(35): examine cabinet 2


**Answer**
Let's think step by step by following the instructions.
----------------------------------------

----------------------------------------

Original Response:
First, we analyze the provided images. All three images are identical and show a wooden surface with no visible household objects. There is no evidence of a tomato or any other object related to the task description "heat some tomato and put it in the fridge."

Based on the task hint, the agent must find a tomato, heat it in the microwave, and then put it in the fridge. Since no tomato is visible in the images, the agent must search the household based on the initial observation.

The most reasonable action for the agent would be to first locate the tomato. Since tomatoes are typically stored in a fridge or cabinet, the agent should check those locations. The agent does not need to use the microwave button or open the microwave to heat the object. Therefore, the agent should go to the fridge first to find the tomato.

The answer is: (27): go to fridge 1.

----------------------------------------

----------------------------------------

>>> Refine Original VLM Response and Get Pure Action: go to fridge 1

----------------------------------------

-----------------------------------------------------------------

Running time: 9.19541621208191 seconds

Total Money: 15.13722

-----------------------------------------------------------------

-----------------------------------------------------------------

Text Observation:You arrive at loc 28. The fridge 1 is closed. 

--------------------------------------------------------------------------------------------------------------------------task: 24---------------------------------------------------------
--------------------------------------------------------------------------------------------------------------------------------------------------------------------
--------------------------------------------------------------------------------------------------------------------------------------------------------------------
Step:--------------------------------------------------------------------------15-------------------------------------------------------------------------------
----------------------------------------
VLM Prompt:
Image1:
<image>
Image2:
<image>
Image3:
<image>
**Instruction**
1. Analyze the provided images to identify all visible household objects and compare the difference between images (e.h. whether the object is opened or not and taken on hand or not), focusing on those relevant to the task description "heat some tomato and put it in fridge."
2. Use the analysis of images and the task hint "The agent must find an object of the desired type, pick it up, go to a microwave, heat the object with the microwave, then find the correct location to place it, and put it down there. The agent does not need to use the microwave button or open the microwave to heat the object, and the agent just needs to do action that is "heat the object with the microwave"." to answer the question: what is the most reasonable action in the choices for the task description "heat some tomato and put it in fridge"?
3. Decide and write the answer using the template: The answer is: (i): <selected_action>, where i is the real number. If there is no desired object in images, search every place based on **Initial Observation** to find the object. And if no one is exactly correct, choose a similar answer.

**Initial Observation**
You are in the middle of a room. Looking quickly around you, you can see cabinet (1-14), countertop (1-2), microwave (1), drawer (1-5), sink (1), sinkbasin (1), coffeemachine (1), stoveburner (1-4), toaster (1), fridge (1), diningtable (1), garbagecan (1), safe (1)

**Answer Choices**
(1): go to cabinet 1
(2): go to cabinet 3
(3): go to countertop 1
(4): go to cabinet 4
(5): go to cabinet 5
(6): go to microwave 1
(7): go to cabinet 6
(8): go to drawer 1
(9): go to drawer 2
(10): go to drawer 3
(11): go to cabinet 7
(12): go to cabinet 8
(13): go to sink 1
(14): go to sinkbasin 1
(15): go to coffeemachine 1
(16): go to cabinet 9
(17): go to cabinet 10
(18): go to drawer 4
(19): go to cabinet 11
(20): go to stoveburner 1
(21): go to stoveburner 2
(22): go to stoveburner 3
(23): go to stoveburner 4
(24): go to cabinet 12
(25): go to toaster 1
(26): go to drawer 5
(27): go to countertop 2
(28): go to cabinet 13
(29): go to cabinet 14
(30): go to diningtable 1
(31): go to garbagecan 1
(32): go to safe 1
(33): open fridge 1
(34): close fridge 1
(35): examine fridge 1


**Answer**
Let's think step by step by following the instructions.
----------------------------------------

----------------------------------------

Original Response:
First, we need to identify the objects in the provided images. However, all three images show parts of a door or a cabinet, none of which are directly relevant to the task of heating a tomato and placing it in the fridge. We do not see any tomatoes or microwaves in the images provided.

Based on the task description and the initial observation, the agent first needs to find a tomato. Since tomatoes are typically stored in a fridge or on a countertop, and since the images provided do not give us any information about where a tomato might be, we need to search the likely locations based on the initial observation.

The task then requires the agent to heat the tomato with the microwave. The agent does not need to use the microwave button or open the microwave to heat the object, which simplifies the action to just "heat the object with the microwave."

Finally, the agent needs to put the heated tomato in the fridge.

Since we do not have the location of the tomato from the images, we should start by searching the places where tomatoes are likely to be found, such as the fridge or the countertop.

The most reasonable actions from the choices provided would be to first find the tomato by going to the fridge or countertop and then heat it with the microwave. Since we need to heat the tomato first, the action should be to go to the microwave.

The answer is: (6): go to microwave 1.

----------------------------------------

----------------------------------------

>>> Refine Original VLM Response and Get Pure Action: go to microwave 1

----------------------------------------

-----------------------------------------------------------------

Running time: 11.478853940963745 seconds

Total Money: 15.17582

-----------------------------------------------------------------

-----------------------------------------------------------------

Text Observation:You arrive at loc 6. The microwave 1 is closed. 

--------------------------------------------------------------------------------------------------------------------------task: 24---------------------------------------------------------
--------------------------------------------------------------------------------------------------------------------------------------------------------------------
--------------------------------------------------------------------------------------------------------------------------------------------------------------------
Step:--------------------------------------------------------------------------16-------------------------------------------------------------------------------
----------------------------------------
VLM Prompt:
Image1:
<image>
Image2:
<image>
Image3:
<image>
**Instruction**
1. Analyze the provided images to identify all visible household objects and compare the difference between images (e.h. whether the object is opened or not and taken on hand or not), focusing on those relevant to the task description "heat some tomato and put it in fridge."
2. Use the analysis of images and the task hint "The agent must find an object of the desired type, pick it up, go to a microwave, heat the object with the microwave, then find the correct location to place it, and put it down there. The agent does not need to use the microwave button or open the microwave to heat the object, and the agent just needs to do action that is "heat the object with the microwave"." to answer the question: what is the most reasonable action in the choices for the task description "heat some tomato and put it in fridge"?
3. Decide and write the answer using the template: The answer is: (i): <selected_action>, where i is the real number. If there is no desired object in images, search every place based on **Initial Observation** to find the object. And if no one is exactly correct, choose a similar answer.

**Initial Observation**
You are in the middle of a room. Looking quickly around you, you can see cabinet (1-14), countertop (1-2), microwave (1), drawer (1-5), sink (1), sinkbasin (1), coffeemachine (1), stoveburner (1-4), toaster (1), fridge (1), diningtable (1), garbagecan (1), safe (1)

**Answer Choices**
(1): go to cabinet 1
(2): go to cabinet 3
(3): go to countertop 1
(4): go to cabinet 4
(5): go to cabinet 5
(6): go to cabinet 6
(7): go to drawer 1
(8): go to drawer 2
(9): go to drawer 3
(10): go to cabinet 7
(11): go to cabinet 8
(12): go to sink 1
(13): go to sinkbasin 1
(14): go to coffeemachine 1
(15): go to cabinet 9
(16): go to cabinet 10
(17): go to drawer 4
(18): go to cabinet 11
(19): go to stoveburner 1
(20): go to stoveburner 2
(21): go to stoveburner 3
(22): go to stoveburner 4
(23): go to cabinet 12
(24): go to toaster 1
(25): go to drawer 5
(26): go to countertop 2
(27): go to cabinet 13
(28): go to cabinet 14
(29): go to diningtable 1
(30): go to garbagecan 1
(31): go to safe 1
(32): open microwave 1
(33): close microwave 1
(34): examine microwave 1


**Answer**
Let's think step by step by following the instructions.
----------------------------------------

----------------------------------------

Original Response:
First, we need to identify the household objects in the images that are relevant to the task of heating some tomato and putting it in the fridge.

Image 1 shows a wooden cabinet, which could potentially contain tomatoes or other food items, but we cannot see inside the cabinet from this image.
Image 2 does not show any relevant objects, only a wall with some shadows.
Image 3 shows a countertop with a microwave and some other objects, but no tomatoes are visible.

Based on the task description, we need to find tomatoes, heat them in the microwave, and then put them in the fridge. Since we cannot see any tomatoes in the provided images, we must search every place based on the initial observation to find them.

The most reasonable action to take first would be to search the cabinets, as that is a common place to store food items such as tomatoes. We do not need to use the microwave buttons or open the microwave for this task, as per the hint provided.

The answer is: (1): go to cabinet 1. If no tomatoes are found there, the next reasonable actions would be to check other cabinets or drawers where food might be stored.

----------------------------------------

----------------------------------------

>>> Refine Original VLM Response and Get Pure Action: go to cabinet 1

----------------------------------------

-----------------------------------------------------------------

Running time: 9.723198890686035 seconds

Total Money: 15.21274

-----------------------------------------------------------------

-----------------------------------------------------------------

Text Observation:You arrive at loc 0. The cabinet 1 is closed. 

--------------------------------------------------------------------------------------------------------------------------task: 24---------------------------------------------------------
--------------------------------------------------------------------------------------------------------------------------------------------------------------------
--------------------------------------------------------------------------------------------------------------------------------------------------------------------
Step:--------------------------------------------------------------------------17-------------------------------------------------------------------------------
----------------------------------------
VLM Prompt:
Image1:
<image>
Image2:
<image>
Image3:
<image>
**Instruction**
1. Analyze the provided images to identify all visible household objects and compare the difference between images (e.h. whether the object is opened or not and taken on hand or not), focusing on those relevant to the task description "heat some tomato and put it in fridge."
2. Use the analysis of images and the task hint "The agent must find an object of the desired type, pick it up, go to a microwave, heat the object with the microwave, then find the correct location to place it, and put it down there. The agent does not need to use the microwave button or open the microwave to heat the object, and the agent just needs to do action that is "heat the object with the microwave"." to answer the question: what is the most reasonable action in the choices for the task description "heat some tomato and put it in fridge"?
3. Decide and write the answer using the template: The answer is: (i): <selected_action>, where i is the real number. If there is no desired object in images, search every place based on **Initial Observation** to find the object. And if no one is exactly correct, choose a similar answer.

**Initial Observation**
You are in the middle of a room. Looking quickly around you, you can see cabinet (1-14), countertop (1-2), microwave (1), drawer (1-5), sink (1), sinkbasin (1), coffeemachine (1), stoveburner (1-4), toaster (1), fridge (1), diningtable (1), garbagecan (1), safe (1)

**Answer Choices**
(1): go to cabinet 2
(2): go to cabinet 3
(3): go to countertop 1
(4): go to cabinet 4
(5): go to cabinet 5
(6): go to cabinet 6
(7): go to drawer 1
(8): go to drawer 2
(9): go to drawer 3
(10): go to cabinet 7
(11): go to cabinet 8
(12): go to sink 1
(13): go to sinkbasin 1
(14): go to coffeemachine 1
(15): go to cabinet 9
(16): go to cabinet 10
(17): go to drawer 4
(18): go to cabinet 11
(19): go to stoveburner 1
(20): go to stoveburner 2
(21): go to stoveburner 3
(22): go to stoveburner 4
(23): go to cabinet 12
(24): go to toaster 1
(25): go to drawer 5
(26): go to countertop 2
(27): go to cabinet 13
(28): go to cabinet 14
(29): go to diningtable 1
(30): go to garbagecan 1
(31): go to safe 1
(32): open cabinet 1
(33): close cabinet 1
(34): examine cabinet 1


**Answer**
Let's think step by step by following the instructions.
----------------------------------------

----------------------------------------

Original Response:
First, we need to identify the household objects relevant to the task "heat some tomato and put it in the fridge." In Image1, we don't see any relevant objects; it appears to be a close-up of a cabinet or door. In Image2, we can see a microwave and a countertop. In Image3, we see what appears to be another close-up of a cabinet, likely cabinet 1, which does not contain any tomatoes based on the provided images.

Given the task hint, we know that the agent needs to find a tomato, heat it in the microwave, and then put it in the fridge. However, since we cannot see a tomato in any of the provided images, we must search every place based on the Initial Observation to find the object.

According to the Initial Observation list, tomatoes are most likely to be found in a cabinet or a refrigerator rather than in drawers, the sink, or with kitchen appliances like a coffee machine or toaster.

Based on the most reasonable process of elimination and the knowledge that tomatoes are often stored in cabinets or the fridge before being used:

The answer is: (1): go to cabinet 2. 

Cabinet 2 is chosen as the first option to search for tomatoes because it is the first cabinet mentioned in the answer choices that have not been visualized in the provided images. If cabinet 2 does not contain tomatoes, we would proceed to the next cabinets in numerical order until the tomatoes are found.

----------------------------------------

----------------------------------------

>>> Refine Original VLM Response and Get Pure Action: go to cabinet 2

----------------------------------------

-----------------------------------------------------------------

Running time: 14.42197561264038 seconds

Total Money: 15.25146

-----------------------------------------------------------------

-----------------------------------------------------------------

Text Observation:You arrive at loc 1. The cabinet 2 is closed. 

--------------------------------------------------------------------------------------------------------------------------task: 24---------------------------------------------------------
--------------------------------------------------------------------------------------------------------------------------------------------------------------------
--------------------------------------------------------------------------------------------------------------------------------------------------------------------
Step:--------------------------------------------------------------------------18-------------------------------------------------------------------------------
----------------------------------------
VLM Prompt:
Image1:
<image>
Image2:
<image>
Image3:
<image>
**Instruction**
1. Analyze the provided images to identify all visible household objects and compare the difference between images (e.h. whether the object is opened or not and taken on hand or not), focusing on those relevant to the task description "heat some tomato and put it in fridge."
2. Use the analysis of images and the task hint "The agent must find an object of the desired type, pick it up, go to a microwave, heat the object with the microwave, then find the correct location to place it, and put it down there. The agent does not need to use the microwave button or open the microwave to heat the object, and the agent just needs to do action that is "heat the object with the microwave"." to answer the question: what is the most reasonable action in the choices for the task description "heat some tomato and put it in fridge"?
3. Decide and write the answer using the template: The answer is: (i): <selected_action>, where i is the real number. If there is no desired object in images, search every place based on **Initial Observation** to find the object. And if no one is exactly correct, choose a similar answer.

**Initial Observation**
You are in the middle of a room. Looking quickly around you, you can see cabinet (1-14), countertop (1-2), microwave (1), drawer (1-5), sink (1), sinkbasin (1), coffeemachine (1), stoveburner (1-4), toaster (1), fridge (1), diningtable (1), garbagecan (1), safe (1)

**Answer Choices**
(1): go to cabinet 3
(2): go to countertop 1
(3): go to cabinet 4
(4): go to cabinet 5
(5): go to cabinet 6
(6): go to drawer 1
(7): go to drawer 2
(8): go to drawer 3
(9): go to cabinet 7
(10): go to cabinet 8
(11): go to sink 1
(12): go to sinkbasin 1
(13): go to coffeemachine 1
(14): go to cabinet 9
(15): go to cabinet 10
(16): go to drawer 4
(17): go to cabinet 11
(18): go to stoveburner 1
(19): go to stoveburner 2
(20): go to stoveburner 3
(21): go to stoveburner 4
(22): go to cabinet 12
(23): go to toaster 1
(24): go to drawer 5
(25): go to countertop 2
(26): go to fridge 1
(27): go to cabinet 13
(28): go to cabinet 14
(29): go to diningtable 1
(30): go to garbagecan 1
(31): go to safe 1
(32): open cabinet 2
(33): close cabinet 2
(34): examine cabinet 2


**Answer**
Let's think step by step by following the instructions.
----------------------------------------

----------------------------------------

Original Response:
First, we need to find a tomato to heat. From the initial observation, we know there are multiple cabinets and drawers where the tomato could be stored. The images provided show a microwave and a cabinet above it. 

Image 1 shows the microwave (closed) on the countertop 1 and the cabinet 2 above it also closed. Image 2 shows the cabinet 2 opened, but we cannot see inside it from the angle provided. Image 3 shows the cabinet 2 closed again.

Since the task is to heat some tomato, we need to find the tomato first. The images do not show any tomato on the countertop or inside the cabinet 2 when it was open. Therefore, we need to search for the tomato in the other cabinets or drawers.

The most reasonable next action would be to continue searching for the tomato by examining or opening other cabinets or drawers. The answer choices do not include actions like "search cabinet" or "search drawer," but they do include actions to go to various cabinets and drawers. 

Since the tomato is not in cabinet 2, we can eliminate choices (32), (33), and (34). We know it is also not on countertop 1, so we can eliminate choice (2). We also know that the microwave is on countertop 1 and can assume that the agent knows how to use it without specifying the action to heat the tomato.

With the information provided, the most reasonable action would be to search the nearest cabinets and drawers for the tomato. Since we don't have any specific information on where the tomato is, we should choose a cabinet or drawer close to the microwave for efficiency. 

Choice (3): go to cabinet 4 seems to be the nearest next cabinet to check, making it the most reasonable next action to find the tomato.

The answer is: (3): go to cabinet 4.

----------------------------------------

----------------------------------------

>>> Refine Original VLM Response and Get Pure Action: go to cabinet 4

----------------------------------------

-----------------------------------------------------------------

Running time: 13.757455348968506 seconds

Total Money: 15.2927

-----------------------------------------------------------------

-----------------------------------------------------------------

Text Observation:You arrive at loc 4. The cabinet 4 is closed. 

--------------------------------------------------------------------------------------------------------------------------task: 24---------------------------------------------------------
--------------------------------------------------------------------------------------------------------------------------------------------------------------------
--------------------------------------------------------------------------------------------------------------------------------------------------------------------
Step:--------------------------------------------------------------------------19-------------------------------------------------------------------------------
----------------------------------------
VLM Prompt:
Image1:
<image>
Image2:
<image>
Image3:
<image>
**Instruction**
1. Analyze the provided images to identify all visible household objects and compare the difference between images (e.h. whether the object is opened or not and taken on hand or not), focusing on those relevant to the task description "heat some tomato and put it in fridge."
2. Use the analysis of images and the task hint "The agent must find an object of the desired type, pick it up, go to a microwave, heat the object with the microwave, then find the correct location to place it, and put it down there. The agent does not need to use the microwave button or open the microwave to heat the object, and the agent just needs to do action that is "heat the object with the microwave"." to answer the question: what is the most reasonable action in the choices for the task description "heat some tomato and put it in fridge"?
3. Decide and write the answer using the template: The answer is: (i): <selected_action>, where i is the real number. If there is no desired object in images, search every place based on **Initial Observation** to find the object. And if no one is exactly correct, choose a similar answer.

**Initial Observation**
You are in the middle of a room. Looking quickly around you, you can see cabinet (1-14), countertop (1-2), microwave (1), drawer (1-5), sink (1), sinkbasin (1), coffeemachine (1), stoveburner (1-4), toaster (1), fridge (1), diningtable (1), garbagecan (1), safe (1)

**Answer Choices**
(1): go to cabinet 3
(2): go to countertop 1
(3): go to cabinet 5
(4): go to microwave 1
(5): go to cabinet 6
(6): go to drawer 1
(7): go to drawer 2
(8): go to drawer 3
(9): go to cabinet 7
(10): go to cabinet 8
(11): go to sink 1
(12): go to sinkbasin 1
(13): go to coffeemachine 1
(14): go to cabinet 9
(15): go to cabinet 10
(16): go to drawer 4
(17): go to cabinet 11
(18): go to stoveburner 1
(19): go to stoveburner 2
(20): go to stoveburner 3
(21): go to stoveburner 4
(22): go to cabinet 12
(23): go to toaster 1
(24): go to drawer 5
(25): go to countertop 2
(26): go to fridge 1
(27): go to cabinet 13
(28): go to cabinet 14
(29): go to diningtable 1
(30): go to garbagecan 1
(31): go to safe 1
(32): open cabinet 4
(33): close cabinet 4
(34): examine cabinet 4


**Answer**
Let's think step by step by following the instructions.
----------------------------------------

----------------------------------------

Original Response:
First, we need to find a tomato to heat, so we should check the places where a tomato could be stored, such as the cabinets or the fridge. There is no tomato visible on the countertops or inside the microwave in the images provided.

Since we do not see a tomato in the images, we must search the cabinets and the fridge based on the Initial Observation.

The most logical place to store a tomato before it is heated would be in the fridge or a cabinet. Therefore, we should first go to the fridge to check if there is a tomato there.

The answer is: (26): go to fridge 1.

----------------------------------------

----------------------------------------

>>> Refine Original VLM Response and Get Pure Action: go to fridge 1

----------------------------------------

-----------------------------------------------------------------

Running time: 11.64095664024353 seconds

Total Money: 15.32632

-----------------------------------------------------------------

-----------------------------------------------------------------

Text Observation:You arrive at loc 28. The fridge 1 is closed. 

-----------------------------------------------------------------