---------------------------------------------------------task: 23---------------------------------------------------------
--------------------------------------------------------------------------------------------------------------------------------------------------------------------
--------------------------------------------------------------------------------------------------------------------------------------------------------------------
Step:--------------------------------------------------------------------------0-------------------------------------------------------------------------------
----------------------------------------
VLM Prompt:
Image1:
<image>
**Instruction**
1. Analyze the provided image to identify all visible household objects, focusing on those relevant to the task description "heat some mug and put it in coffeemachine."
2. Use the analysis of the image and the task hint "The agent must find an object of the desired type, pick it up, go to a microwave, heat the object with the microwave, then find the correct location to place it, and put it down there. The agent does not need to use the microwave button or open the microwave to heat the object, and the agent just needs to do action that is "heat the object with the microwave"." to answer the question: what is the most reasonable action in the choices for the task description "heat some mug and put it in coffeemachine"?
4. Decide and write the answer using the template: The answer is: (i): <selected_action>, where i is the real number. If there is no desired object in the image, search every place based on **Initial Observation** to find the object. And if no one is exactly correct, choose a similar answer.

**Initial Observation**
You are in the middle of a room. Looking quickly around you, you can see cabinet (1-15), fridge (1), countertop (1-4), drawer (1-4), microwave (1), toaster (1), coffeemachine (1), garbagecan (1), sink (1), stoveburner (1-3), sinkbasin (1)

**Answer Choices**
(1): go to cabinet 1
(2): go to cabinet 2
(3): go to cabinet 3
(4): go to fridge 1
(5): go to countertop 1
(6): go to cabinet 4
(7): go to cabinet 5
(8): go to cabinet 6
(9): go to cabinet 7
(10): go to drawer 1
(11): go to drawer 2
(12): go to cabinet 8
(13): go to drawer 3
(14): go to cabinet 9
(15): go to cabinet 10
(16): go to drawer 4
(17): go to microwave 1
(18): go to cabinet 11
(19): go to toaster 1
(20): go to cabinet 12
(21): go to cabinet 13
(22): go to cabinet 14
(23): go to cabinet 15
(24): go to countertop 2
(25): go to coffeemachine 1
(26): go to garbagecan 1
(27): go to countertop 3
(28): go to countertop 4
(29): go to sink 1
(30): go to stoveburner 1
(31): go to stoveburner 2
(32): go to stoveburner 3
(33): go to sinkbasin 1

**Answer**
Let's think step by step by following the instructions.
----------------------------------------

----------------------------------------

Original Response:
Firstly, we need to find a mug to heat. Mugs are commonly found in cabinets or on countertops near a coffeemachine. In the image provided, there is no visible mug on countertop 2 where the coffeemachine 1 is placed. Therefore, we need to search the cabinets.

The most reasonable action to find a mug would be to check the cabinets closest to the coffeemachine, as mugs are often stored near where they are used.

The answer is: (1): go to cabinet 1

----------------------------------------

----------------------------------------

>>> Refine Original VLM Response and Get Pure Action: go to cabinet 1

----------------------------------------

-----------------------------------------------------------------

Running time: 10.018531322479248 seconds

Total Money: 11.152530000000004

-----------------------------------------------------------------

-----------------------------------------------------------------

Text Observation:You arrive at loc 0. The cabinet 1 is closed. 

--------------------------------------------------------------------------------------------------------------------------task: 23---------------------------------------------------------
--------------------------------------------------------------------------------------------------------------------------------------------------------------------
--------------------------------------------------------------------------------------------------------------------------------------------------------------------
Step:--------------------------------------------------------------------------1-------------------------------------------------------------------------------
----------------------------------------
VLM Prompt:
Image1:
<image>
Image2:
<image>
**Instruction**
1. Analyze the provided image to identify all visible household objects, focusing on those relevant to the task description "heat some mug and put it in coffeemachine."
2. Use the analysis of the image and the task hint "The agent must find an object of the desired type, pick it up, go to a microwave, heat the object with the microwave, then find the correct location to place it, and put it down there. The agent does not need to use the microwave button or open the microwave to heat the object, and the agent just needs to do action that is "heat the object with the microwave"." to answer the question: what is the most reasonable action in the choices for the task description "heat some mug and put it in coffeemachine"?
4. Decide and write the answer using the template: The answer is: (i): <selected_action>, where i is the real number. If there is no desired object in the image, search every place based on **Initial Observation** to find the object. And if no one is exactly correct, choose a similar answer.

**Initial Observation**
You are in the middle of a room. Looking quickly around you, you can see cabinet (1-15), fridge (1), countertop (1-4), drawer (1-4), microwave (1), toaster (1), coffeemachine (1), garbagecan (1), sink (1), stoveburner (1-3), sinkbasin (1)

**Answer Choices**
(1): go to cabinet 2
(2): go to cabinet 3
(3): go to fridge 1
(4): go to countertop 1
(5): go to cabinet 4
(6): go to cabinet 5
(7): go to cabinet 6
(8): go to cabinet 7
(9): go to drawer 1
(10): go to drawer 2
(11): go to cabinet 8
(12): go to drawer 3
(13): go to cabinet 9
(14): go to cabinet 10
(15): go to drawer 4
(16): go to microwave 1
(17): go to cabinet 11
(18): go to toaster 1
(19): go to cabinet 12
(20): go to cabinet 13
(21): go to cabinet 14
(22): go to cabinet 15
(23): go to countertop 2
(24): go to coffeemachine 1
(25): go to garbagecan 1
(26): go to countertop 3
(27): go to countertop 4
(28): go to sink 1
(29): go to stoveburner 1
(30): go to stoveburner 2
(31): go to stoveburner 3
(32): go to sinkbasin 1
(33): open cabinet 1
(34): close cabinet 1
(35): examine cabinet 1

**Answer**
Let's think step by step by following the instructions.
----------------------------------------

----------------------------------------

Original Response:
Firstly, we need to find a mug to heat, which is typically found in a cabinet or drawer near the coffeemachine. Since the coffeemachine is labeled as coffeemachine 1, we should look for a nearby cabinet or drawer. 

Looking at the initial observation, we have cabinet 1-15 and drawer 1-4 as options. Based on the proximity to the coffeemachine, it's reasonable to start with the closest options. 

Cabinet 1 is visible in Image 2 and seems to be above the countertop and near to the coffeemachine, making it a likely place to find a mug. Therefore, the most reasonable action would be to go to cabinet 1 and open it to find a mug.

However, there is no option to go to cabinet 1 directly. The closest action we can take that aligns with our reasoning is to open cabinet 1, which is option (33): open cabinet 1.

The answer is: (33): open cabinet 1.

----------------------------------------

----------------------------------------

>>> Refine Original VLM Response and Get Pure Action: open cabinet 1

----------------------------------------

-----------------------------------------------------------------

Running time: 13.846096754074097 seconds

Total Money: 11.180770000000004

-----------------------------------------------------------------

-----------------------------------------------------------------

Text Observation:You open the cabinet 1. The cabinet 1 is open. In it, you see a plate 1.

--------------------------------------------------------------------------------------------------------------------------task: 23---------------------------------------------------------
--------------------------------------------------------------------------------------------------------------------------------------------------------------------
--------------------------------------------------------------------------------------------------------------------------------------------------------------------
Step:--------------------------------------------------------------------------2-------------------------------------------------------------------------------
----------------------------------------
VLM Prompt:
Image1:
<image>
Image2:
<image>
**Instruction**
1. Analyze the provided image to identify all visible household objects, focusing on those relevant to the task description "heat some mug and put it in coffeemachine."
2. Use the analysis of the image and the task hint "The agent must find an object of the desired type, pick it up, go to a microwave, heat the object with the microwave, then find the correct location to place it, and put it down there. The agent does not need to use the microwave button or open the microwave to heat the object, and the agent just needs to do action that is "heat the object with the microwave"." to answer the question: what is the most reasonable action in the choices for the task description "heat some mug and put it in coffeemachine"?
4. Decide and write the answer using the template: The answer is: (i): <selected_action>, where i is the real number. If there is no desired object in the image, search every place based on **Initial Observation** to find the object. And if no one is exactly correct, choose a similar answer.

**Initial Observation**
You are in the middle of a room. Looking quickly around you, you can see cabinet (1-15), fridge (1), countertop (1-4), drawer (1-4), microwave (1), toaster (1), coffeemachine (1), garbagecan (1), sink (1), stoveburner (1-3), sinkbasin (1)

**Answer Choices**
(1): go to cabinet 2
(2): go to cabinet 3
(3): go to fridge 1
(4): go to countertop 1
(5): go to cabinet 4
(6): go to cabinet 5
(7): go to cabinet 6
(8): go to cabinet 7
(9): go to drawer 1
(10): go to drawer 2
(11): go to cabinet 8
(12): go to drawer 3
(13): go to cabinet 9
(14): go to cabinet 10
(15): go to drawer 4
(16): go to microwave 1
(17): go to cabinet 11
(18): go to toaster 1
(19): go to cabinet 12
(20): go to cabinet 13
(21): go to cabinet 14
(22): go to cabinet 15
(23): go to countertop 2
(24): go to coffeemachine 1
(25): go to garbagecan 1
(26): go to countertop 3
(27): go to countertop 4
(28): go to sink 1
(29): go to stoveburner 1
(30): go to stoveburner 2
(31): go to stoveburner 3
(32): go to sinkbasin 1
(33): close cabinet 1
(34): take plate 1 from cabinet 1
(35): examine cabinet 1

**Answer**
Let's think step by step by following the instructions.
----------------------------------------

----------------------------------------

Original Response:
The task is to heat a mug and put it in the coffeemachine. Since the image shows cabinet 1 open with a plate inside, it's not relevant to the task. There is no mug visible in the provided images, so we must search for it based on the Initial Observation. Typically, mugs are kept in cabinets or on countertops.

Based on the options given, we should start by searching the cabinets and drawers, as these are common storage locations for mugs. We can eliminate options related to appliances and other objects that are not relevant to finding a mug (like fridge, toaster, garbagecan, sink, stoveburner, sinkbasin). We also exclude actions like closing the cabinet or examining it further since we are looking for a mug, not a plate.

The most reasonable action from the choices to find a mug would be to check inside another cabinet since mugs are not usually stored in drawers or other appliances listed.

The answer is: (2): go to cabinet 3.

----------------------------------------

----------------------------------------

>>> Refine Original VLM Response and Get Pure Action: go to cabinet 3

----------------------------------------

-----------------------------------------------------------------

Running time: 10.193679332733154 seconds

Total Money: 11.208870000000005

-----------------------------------------------------------------

-----------------------------------------------------------------

Text Observation:You arrive at loc 2. The cabinet 3 is closed. 

--------------------------------------------------------------------------------------------------------------------------task: 23---------------------------------------------------------
--------------------------------------------------------------------------------------------------------------------------------------------------------------------
--------------------------------------------------------------------------------------------------------------------------------------------------------------------
Step:--------------------------------------------------------------------------3-------------------------------------------------------------------------------
----------------------------------------
VLM Prompt:
Image1:
<image>
Image2:
<image>
**Instruction**
1. Analyze the provided image to identify all visible household objects, focusing on those relevant to the task description "heat some mug and put it in coffeemachine."
2. Use the analysis of the image and the task hint "The agent must find an object of the desired type, pick it up, go to a microwave, heat the object with the microwave, then find the correct location to place it, and put it down there. The agent does not need to use the microwave button or open the microwave to heat the object, and the agent just needs to do action that is "heat the object with the microwave"." to answer the question: what is the most reasonable action in the choices for the task description "heat some mug and put it in coffeemachine"?
4. Decide and write the answer using the template: The answer is: (i): <selected_action>, where i is the real number. If there is no desired object in the image, search every place based on **Initial Observation** to find the object. And if no one is exactly correct, choose a similar answer.

**Initial Observation**
You are in the middle of a room. Looking quickly around you, you can see cabinet (1-15), fridge (1), countertop (1-4), drawer (1-4), microwave (1), toaster (1), coffeemachine (1), garbagecan (1), sink (1), stoveburner (1-3), sinkbasin (1)

**Answer Choices**
(1): go to cabinet 2
(2): go to fridge 1
(3): go to countertop 1
(4): go to cabinet 4
(5): go to cabinet 5
(6): go to cabinet 6
(7): go to cabinet 7
(8): go to drawer 1
(9): go to drawer 2
(10): go to cabinet 8
(11): go to drawer 3
(12): go to cabinet 9
(13): go to cabinet 10
(14): go to drawer 4
(15): go to microwave 1
(16): go to cabinet 11
(17): go to toaster 1
(18): go to cabinet 12
(19): go to cabinet 13
(20): go to cabinet 14
(21): go to cabinet 15
(22): go to countertop 2
(23): go to coffeemachine 1
(24): go to garbagecan 1
(25): go to countertop 3
(26): go to countertop 4
(27): go to sink 1
(28): go to stoveburner 1
(29): go to stoveburner 2
(30): go to stoveburner 3
(31): go to sinkbasin 1
(32): open cabinet 3
(33): close cabinet 3
(34): examine cabinet 3

**Answer**
Let's think step by step by following the instructions.
----------------------------------------

----------------------------------------

Original Response:
The task is to heat a mug and put it in the coffee machine. To heat the mug, we need to find a mug first and then use the microwave to heat it. Based on the initial observation, we know there's a microwave (1) that we can use for heating the mug.

Looking at the provided images, we do not see any mug or coffee machine. However, mugs are usually kept in cabinets or on countertops in a household setting.

Since the task description specifically mentions "heat some mug," we can rule out options related to the fridge, toaster, garbage can, sink, stove burners, and sink basin as they are not relevant to heating a mug.

Among the remaining options, we should first look for a mug in the cabinets or drawers as these are the most likely places to find one. Since we cannot see inside the cabinets or drawers from the provided images, we must search every place based on initial observation.

The most reasonable action would be to start by going to the nearest cabinet or drawer to search for a mug. Cabinet 2 is mentioned in the images, so it is a reasonable starting point.

The answer is: (1): go to cabinet 2

----------------------------------------

----------------------------------------

>>> Refine Original VLM Response and Get Pure Action: go to cabinet 2

----------------------------------------

-----------------------------------------------------------------

Running time: 10.697393894195557 seconds

Total Money: 11.237980000000004

-----------------------------------------------------------------

-----------------------------------------------------------------

Text Observation:You arrive at loc 1. The cabinet 2 is closed. 

--------------------------------------------------------------------------------------------------------------------------task: 23---------------------------------------------------------
--------------------------------------------------------------------------------------------------------------------------------------------------------------------
--------------------------------------------------------------------------------------------------------------------------------------------------------------------
Step:--------------------------------------------------------------------------4-------------------------------------------------------------------------------
----------------------------------------
VLM Prompt:
Image1:
<image>
Image2:
<image>
**Instruction**
1. Analyze the provided image to identify all visible household objects, focusing on those relevant to the task description "heat some mug and put it in coffeemachine."
2. Use the analysis of the image and the task hint "The agent must find an object of the desired type, pick it up, go to a microwave, heat the object with the microwave, then find the correct location to place it, and put it down there. The agent does not need to use the microwave button or open the microwave to heat the object, and the agent just needs to do action that is "heat the object with the microwave"." to answer the question: what is the most reasonable action in the choices for the task description "heat some mug and put it in coffeemachine"?
4. Decide and write the answer using the template: The answer is: (i): <selected_action>, where i is the real number. If there is no desired object in the image, search every place based on **Initial Observation** to find the object. And if no one is exactly correct, choose a similar answer.

**Initial Observation**
You are in the middle of a room. Looking quickly around you, you can see cabinet (1-15), fridge (1), countertop (1-4), drawer (1-4), microwave (1), toaster (1), coffeemachine (1), garbagecan (1), sink (1), stoveburner (1-3), sinkbasin (1)

**Answer Choices**
(1): go to cabinet 1
(2): go to fridge 1
(3): go to countertop 1
(4): go to cabinet 4
(5): go to cabinet 5
(6): go to cabinet 6
(7): go to cabinet 7
(8): go to drawer 1
(9): go to drawer 2
(10): go to cabinet 8
(11): go to drawer 3
(12): go to cabinet 9
(13): go to cabinet 10
(14): go to drawer 4
(15): go to microwave 1
(16): go to cabinet 11
(17): go to toaster 1
(18): go to cabinet 12
(19): go to cabinet 13
(20): go to cabinet 14
(21): go to cabinet 15
(22): go to countertop 2
(23): go to coffeemachine 1
(24): go to garbagecan 1
(25): go to countertop 3
(26): go to countertop 4
(27): go to sink 1
(28): go to stoveburner 1
(29): go to stoveburner 2
(30): go to stoveburner 3
(31): go to sinkbasin 1
(32): open cabinet 2
(33): close cabinet 2
(34): examine cabinet 2

**Answer**
Let's think step by step by following the instructions.
----------------------------------------

----------------------------------------

Original Response:
First, we need to find a mug to heat. From the initial observation, it's mentioned that there are cabinets, drawers, and a microwave to interact with, along with other kitchen appliances and areas. The images provided show cabinet 2 and cabinet 3, but no mugs are visible on the countertops or inside the open cabinets.

Since mugs are typically stored in cabinets or drawers in a kitchen, the most reasonable action would be to search the cabinets and drawers that are not visible in the images provided. Starting with the closest storage areas would be the most efficient.

The answer is: (4): go to cabinet 4.

----------------------------------------

----------------------------------------

>>> Refine Original VLM Response and Get Pure Action: go to cabinet 4

----------------------------------------

-----------------------------------------------------------------

Running time: 44.97533559799194 seconds

Total Money: 11.263700000000004

-----------------------------------------------------------------

-----------------------------------------------------------------

Text Observation:You arrive at loc 5. The cabinet 4 is closed. 

--------------------------------------------------------------------------------------------------------------------------task: 23---------------------------------------------------------
--------------------------------------------------------------------------------------------------------------------------------------------------------------------
--------------------------------------------------------------------------------------------------------------------------------------------------------------------
Step:--------------------------------------------------------------------------5-------------------------------------------------------------------------------
----------------------------------------
VLM Prompt:
Image1:
<image>
Image2:
<image>
**Instruction**
1. Analyze the provided image to identify all visible household objects, focusing on those relevant to the task description "heat some mug and put it in coffeemachine."
2. Use the analysis of the image and the task hint "The agent must find an object of the desired type, pick it up, go to a microwave, heat the object with the microwave, then find the correct location to place it, and put it down there. The agent does not need to use the microwave button or open the microwave to heat the object, and the agent just needs to do action that is "heat the object with the microwave"." to answer the question: what is the most reasonable action in the choices for the task description "heat some mug and put it in coffeemachine"?
4. Decide and write the answer using the template: The answer is: (i): <selected_action>, where i is the real number. If there is no desired object in the image, search every place based on **Initial Observation** to find the object. And if no one is exactly correct, choose a similar answer.

**Initial Observation**
You are in the middle of a room. Looking quickly around you, you can see cabinet (1-15), fridge (1), countertop (1-4), drawer (1-4), microwave (1), toaster (1), coffeemachine (1), garbagecan (1), sink (1), stoveburner (1-3), sinkbasin (1)

**Answer Choices**
(1): go to cabinet 1
(2): go to fridge 1
(3): go to countertop 1
(4): go to cabinet 5
(5): go to cabinet 6
(6): go to cabinet 7
(7): go to drawer 1
(8): go to drawer 2
(9): go to cabinet 8
(10): go to drawer 3
(11): go to cabinet 9
(12): go to cabinet 10
(13): go to drawer 4
(14): go to microwave 1
(15): go to cabinet 11
(16): go to toaster 1
(17): go to cabinet 12
(18): go to cabinet 13
(19): go to cabinet 14
(20): go to cabinet 15
(21): go to countertop 2
(22): go to coffeemachine 1
(23): go to garbagecan 1
(24): go to countertop 3
(25): go to countertop 4
(26): go to sink 1
(27): go to stoveburner 1
(28): go to stoveburner 2
(29): go to stoveburner 3
(30): go to sinkbasin 1
(31): open cabinet 4
(32): close cabinet 4
(33): examine cabinet 4

**Answer**
Let's think step by step by following the instructions.
----------------------------------------

----------------------------------------

Original Response:
The task is to "heat some mug and put it in coffeemachine." The agent needs to find a mug, heat it in a microwave, and then put it in the coffeemachine.

From the initial observation, we know there is a microwave (1) present in the room. However, we need to find a mug first before we can use the microwave. In the images provided, we don't see any mug on the countertops or inside the visible cabinets.

Given that mugs are usually stored in cabinets or on countertops near a coffeemachine or sink, we can eliminate options that are less likely to contain a mug, such as the fridge, toaster, garbage can, sink basin, and stove burners.

The most reasonable action to take first would be to search the cabinets closest to the coffeemachine for a mug. Cabinet 4 is directly under the countertop with the coffeemachine, but it is closed in Image2, so we cannot see inside it. Since we need to find a mug and cabinet 4 is the closest cabinet to the coffeemachine, the most reasonable action would be to open it and check for a mug inside.

The answer is: (31): open cabinet 4.

----------------------------------------

----------------------------------------

>>> Refine Original VLM Response and Get Pure Action: open cabinet 4

----------------------------------------

-----------------------------------------------------------------

Running time: 18.340702772140503 seconds

Total Money: 11.292930000000004

-----------------------------------------------------------------

-----------------------------------------------------------------

Text Observation:You open the cabinet 4. The cabinet 4 is open. In it, you see a lettuce 1, a peppershaker 1, a soapbottle 1, a spatula 1, a spoon 1, and a butterknife 1.

--------------------------------------------------------------------------------------------------------------------------task: 23---------------------------------------------------------
--------------------------------------------------------------------------------------------------------------------------------------------------------------------
--------------------------------------------------------------------------------------------------------------------------------------------------------------------
Step:--------------------------------------------------------------------------6-------------------------------------------------------------------------------
----------------------------------------
VLM Prompt:
Image1:
<image>
Image2:
<image>
**Instruction**
1. Analyze the provided image to identify all visible household objects, focusing on those relevant to the task description "heat some mug and put it in coffeemachine."
2. Use the analysis of the image and the task hint "The agent must find an object of the desired type, pick it up, go to a microwave, heat the object with the microwave, then find the correct location to place it, and put it down there. The agent does not need to use the microwave button or open the microwave to heat the object, and the agent just needs to do action that is "heat the object with the microwave"." to answer the question: what is the most reasonable action in the choices for the task description "heat some mug and put it in coffeemachine"?
4. Decide and write the answer using the template: The answer is: (i): <selected_action>, where i is the real number. If there is no desired object in the image, search every place based on **Initial Observation** to find the object. And if no one is exactly correct, choose a similar answer.

**Initial Observation**
You are in the middle of a room. Looking quickly around you, you can see cabinet (1-15), fridge (1), countertop (1-4), drawer (1-4), microwave (1), toaster (1), coffeemachine (1), garbagecan (1), sink (1), stoveburner (1-3), sinkbasin (1)

**Answer Choices**
(1): go to cabinet 1
(2): go to cabinet 3
(3): go to fridge 1
(4): go to countertop 1
(5): go to cabinet 5
(6): go to cabinet 6
(7): go to cabinet 7
(8): go to drawer 1
(9): go to drawer 2
(10): go to cabinet 8
(11): go to drawer 3
(12): go to cabinet 9
(13): go to cabinet 10
(14): go to drawer 4
(15): go to microwave 1
(16): go to cabinet 11
(17): go to toaster 1
(18): go to cabinet 12
(19): go to cabinet 13
(20): go to cabinet 14
(21): go to cabinet 15
(22): go to countertop 2
(23): go to coffeemachine 1
(24): go to garbagecan 1
(25): go to countertop 3
(26): go to countertop 4
(27): go to sink 1
(28): go to stoveburner 1
(29): go to stoveburner 2
(30): go to stoveburner 3
(31): go to sinkbasin 1
(32): close cabinet 4
(33): take lettuce 1 from cabinet 4
(34): take peppershaker 1 from cabinet 4
(35): take soapbottle 1 from cabinet 4
(36): take spatul1 from cabinet 4
(37): take spoon 1 from cabinet 4
(38): take butterknife 1 from cabinet 4
(39): examine cabinet 4

**Answer**
Let's think step by step by following the instructions.
----------------------------------------

----------------------------------------

Original Response:
First, we need to identify all visible household objects relevant to the task "heat some mug and put it in coffeemachine." In the provided images, there is no visible mug, microwave, or coffeemachine. Therefore, we need to search every place based on the Initial Observation to find these objects.

The task description suggests that we need to find a mug, heat it in the microwave, and then put it in the coffeemachine. The analysis of the image and the task hint indicates that the agent does not need to use the microwave button or open the microwave to heat the object; they just need to do the action that is "heat the object with the microwave."

Considering the Initial Observation and the fact that we cannot see the mug in the provided image, the most reasonable action would be to search the cabinets, as mugs are commonly stored in cabinets in a household.

The answer is: (1): go to cabinet 1.

----------------------------------------

----------------------------------------

>>> Refine Original VLM Response and Get Pure Action: go to cabinet 1

----------------------------------------

-----------------------------------------------------------------

Running time: 10.511902570724487 seconds

Total Money: 11.321220000000004

-----------------------------------------------------------------

-----------------------------------------------------------------

Text Observation:You arrive at loc 0. The cabinet 1 is open. On the cabinet 1, you see a plate 1.

--------------------------------------------------------------------------------------------------------------------------task: 23---------------------------------------------------------
--------------------------------------------------------------------------------------------------------------------------------------------------------------------
--------------------------------------------------------------------------------------------------------------------------------------------------------------------
Step:--------------------------------------------------------------------------7-------------------------------------------------------------------------------
----------------------------------------
VLM Prompt:
Image1:
<image>
Image2:
<image>
**Instruction**
1. Analyze the provided image to identify all visible household objects, focusing on those relevant to the task description "heat some mug and put it in coffeemachine."
2. Use the analysis of the image and the task hint "The agent must find an object of the desired type, pick it up, go to a microwave, heat the object with the microwave, then find the correct location to place it, and put it down there. The agent does not need to use the microwave button or open the microwave to heat the object, and the agent just needs to do action that is "heat the object with the microwave"." to answer the question: what is the most reasonable action in the choices for the task description "heat some mug and put it in coffeemachine"?
4. Decide and write the answer using the template: The answer is: (i): <selected_action>, where i is the real number. If there is no desired object in the image, search every place based on **Initial Observation** to find the object. And if no one is exactly correct, choose a similar answer.

**Initial Observation**
You are in the middle of a room. Looking quickly around you, you can see cabinet (1-15), fridge (1), countertop (1-4), drawer (1-4), microwave (1), toaster (1), coffeemachine (1), garbagecan (1), sink (1), stoveburner (1-3), sinkbasin (1)

**Answer Choices**
(1): go to cabinet 2
(2): go to cabinet 3
(3): go to fridge 1
(4): go to countertop 1
(5): go to cabinet 5
(6): go to cabinet 6
(7): go to cabinet 7
(8): go to drawer 1
(9): go to drawer 2
(10): go to cabinet 8
(11): go to drawer 3
(12): go to cabinet 9
(13): go to cabinet 10
(14): go to drawer 4
(15): go to microwave 1
(16): go to cabinet 11
(17): go to toaster 1
(18): go to cabinet 12
(19): go to cabinet 13
(20): go to cabinet 14
(21): go to cabinet 15
(22): go to countertop 2
(23): go to coffeemachine 1
(24): go to garbagecan 1
(25): go to countertop 3
(26): go to countertop 4
(27): go to sink 1
(28): go to stoveburner 1
(29): go to stoveburner 2
(30): go to stoveburner 3
(31): go to sinkbasin 1
(32): open cabinet 1
(33): close cabinet 1
(34): take plate 1 from cabinet 1
(35): examine cabinet 1

**Answer**
Let's think step by step by following the instructions.
----------------------------------------

----------------------------------------

Original Response:
First, we need to identify a mug to heat in the microwave as per the task description "heat some mug and put it in coffeemachine." Analyzing the images provided, Image 1 shows various kitchen items and cabinets, but there is no visible mug on the countertop or inside the open cabinet (cabinet 5). Image 2 shows cabinet 1 with a plate inside, but no mug is visible.

Based on the Initial Observation, there are more cabinets (1-15) that can be checked for the mug. The most reasonable action would be to search the cabinets one by one to find a mug. Cabinet 1 has already been shown in Image 2 without a mug, so the next logical step would be to check the next cabinet in sequence.

The answer is: (2): go to cabinet 3

----------------------------------------

----------------------------------------

>>> Refine Original VLM Response and Get Pure Action: go to cabinet 3

----------------------------------------

-----------------------------------------------------------------

Running time: 10.420462846755981 seconds

Total Money: 11.348260000000003

-----------------------------------------------------------------

-----------------------------------------------------------------

Text Observation:You arrive at loc 2. The cabinet 3 is closed. 

--------------------------------------------------------------------------------------------------------------------------task: 23---------------------------------------------------------
--------------------------------------------------------------------------------------------------------------------------------------------------------------------
--------------------------------------------------------------------------------------------------------------------------------------------------------------------
Step:--------------------------------------------------------------------------8-------------------------------------------------------------------------------
----------------------------------------
VLM Prompt:
Image1:
<image>
Image2:
<image>
**Instruction**
1. Analyze the provided image to identify all visible household objects, focusing on those relevant to the task description "heat some mug and put it in coffeemachine."
2. Use the analysis of the image and the task hint "The agent must find an object of the desired type, pick it up, go to a microwave, heat the object with the microwave, then find the correct location to place it, and put it down there. The agent does not need to use the microwave button or open the microwave to heat the object, and the agent just needs to do action that is "heat the object with the microwave"." to answer the question: what is the most reasonable action in the choices for the task description "heat some mug and put it in coffeemachine"?
4. Decide and write the answer using the template: The answer is: (i): <selected_action>, where i is the real number. If there is no desired object in the image, search every place based on **Initial Observation** to find the object. And if no one is exactly correct, choose a similar answer.

**Initial Observation**
You are in the middle of a room. Looking quickly around you, you can see cabinet (1-15), fridge (1), countertop (1-4), drawer (1-4), microwave (1), toaster (1), coffeemachine (1), garbagecan (1), sink (1), stoveburner (1-3), sinkbasin (1)

**Answer Choices**
(1): go to cabinet 2
(2): go to fridge 1
(3): go to countertop 1
(4): go to cabinet 4
(5): go to cabinet 5
(6): go to cabinet 6
(7): go to cabinet 7
(8): go to drawer 1
(9): go to drawer 2
(10): go to cabinet 8
(11): go to drawer 3
(12): go to cabinet 9
(13): go to cabinet 10
(14): go to drawer 4
(15): go to microwave 1
(16): go to cabinet 11
(17): go to toaster 1
(18): go to cabinet 12
(19): go to cabinet 13
(20): go to cabinet 14
(21): go to cabinet 15
(22): go to countertop 2
(23): go to coffeemachine 1
(24): go to garbagecan 1
(25): go to countertop 3
(26): go to countertop 4
(27): go to sink 1
(28): go to stoveburner 1
(29): go to stoveburner 2
(30): go to stoveburner 3
(31): go to sinkbasin 1
(32): open cabinet 3
(33): close cabinet 3
(34): examine cabinet 3

**Answer**
Let's think step by step by following the instructions.
----------------------------------------

----------------------------------------

Original Response:
First, we need to find a mug to heat in the microwave. The images provided show the inside of cabinet 3 and cabinet 2, both of which are empty. Therefore, we cannot select a mug from these cabinets.

Based on the Initial Observation, we know there are more cabinets (1-15) and drawers (1-4) to search for a mug. The most reasonable next step would be to continue searching the cabinets and drawers for a mug since we have not found one yet in the images provided.

The answer is: (4): go to cabinet 4.

----------------------------------------

----------------------------------------

>>> Refine Original VLM Response and Get Pure Action: go to cabinet 4

----------------------------------------

-----------------------------------------------------------------

Running time: 8.469309091567993 seconds

Total Money: 11.373680000000004

-----------------------------------------------------------------

-----------------------------------------------------------------

Text Observation:You arrive at loc 5. The cabinet 4 is open. On the cabinet 4, you see a lettuce 1, a peppershaker 1, a soapbottle 1, a spatula 1, a spoon 1, and a butterknife 1.

--------------------------------------------------------------------------------------------------------------------------task: 23---------------------------------------------------------
--------------------------------------------------------------------------------------------------------------------------------------------------------------------
--------------------------------------------------------------------------------------------------------------------------------------------------------------------
Step:--------------------------------------------------------------------------9-------------------------------------------------------------------------------
----------------------------------------
VLM Prompt:
Image1:
<image>
Image2:
<image>
**Instruction**
1. Analyze the provided image to identify all visible household objects, focusing on those relevant to the task description "heat some mug and put it in coffeemachine."
2. Use the analysis of the image and the task hint "The agent must find an object of the desired type, pick it up, go to a microwave, heat the object with the microwave, then find the correct location to place it, and put it down there. The agent does not need to use the microwave button or open the microwave to heat the object, and the agent just needs to do action that is "heat the object with the microwave"." to answer the question: what is the most reasonable action in the choices for the task description "heat some mug and put it in coffeemachine"?
4. Decide and write the answer using the template: The answer is: (i): <selected_action>, where i is the real number. If there is no desired object in the image, search every place based on **Initial Observation** to find the object. And if no one is exactly correct, choose a similar answer.

**Initial Observation**
You are in the middle of a room. Looking quickly around you, you can see cabinet (1-15), fridge (1), countertop (1-4), drawer (1-4), microwave (1), toaster (1), coffeemachine (1), garbagecan (1), sink (1), stoveburner (1-3), sinkbasin (1)

**Answer Choices**
(1): go to cabinet 2
(2): go to fridge 1
(3): go to countertop 1
(4): go to cabinet 5
(5): go to cabinet 6
(6): go to cabinet 7
(7): go to drawer 1
(8): go to drawer 2
(9): go to cabinet 8
(10): go to drawer 3
(11): go to cabinet 9
(12): go to cabinet 10
(13): go to drawer 4
(14): go to microwave 1
(15): go to cabinet 11
(16): go to toaster 1
(17): go to cabinet 12
(18): go to cabinet 13
(19): go to cabinet 14
(20): go to cabinet 15
(21): go to countertop 2
(22): go to coffeemachine 1
(23): go to garbagecan 1
(24): go to countertop 3
(25): go to countertop 4
(26): go to sink 1
(27): go to stoveburner 1
(28): go to stoveburner 2
(29): go to stoveburner 3
(30): go to sinkbasin 1
(31): open cabinet 4
(32): close cabinet 4
(33): take lettuce 1 from cabinet 4
(34): take peppershaker 1 from cabinet 4
(35): take soapbottle 1 from cabinet 4
(36): take spatul1 from cabinet 4
(37): take spoon 1 from cabinet 4
(38): take butterknife 1 from cabinet 4
(39): examine cabinet 4

**Answer**
Let's think step by step by following the instructions.
----------------------------------------

----------------------------------------

Original Response:
Firstly, we need to find a mug to heat. Mugs are typically stored in cabinets or on countertops near a coffeemachine or a sink. In Image1, we cannot see any mugs on the visible countertops or inside the open cabinets. In Image2, we can see cabinet 4 is open, but there are no mugs inside; instead, there is lettuce, a peppershaker, soapbottle, spatula, spoon, and butterknife.

Based on the Initial Observation, we have not yet checked all the cabinets. Since we need a mug and it is not visible on the countertops or in the open cabinet (cabinet 4), we should check the other cabinets.

Among the answer choices, the ones that involve checking cabinets are:
(1): go to cabinet 2
(4): go to cabinet 5
(5): go to cabinet 6
(6): go to cabinet 7
(9): go to cabinet 8
(11): go to cabinet 9
(12): go to cabinet 10
(15): go to cabinet 11
(17): go to cabinet 12
(18): go to cabinet 13
(19): go to cabinet 14
(20): go to cabinet 15

Since we are looking for a mug, it would be reasonable to check the cabinets nearest to the coffeemachine or other kitchen appliances. Cabinet 4 is already open and does not contain a mug, so we can eliminate that option.

The most reasonable action from the choices would be to check another cabinet close to the coffeemachine. Since we do not have a direct view of the coffeemachine's location in the images, we will choose a cabinet that is commonly used for storing mugs.

The answer is: (1): go to cabinet 2.

----------------------------------------

----------------------------------------

>>> Refine Original VLM Response and Get Pure Action: go to cabinet 2

----------------------------------------

-----------------------------------------------------------------

Running time: 16.141662120819092 seconds

Total Money: 11.407480000000003

-----------------------------------------------------------------

-----------------------------------------------------------------

Text Observation:You arrive at loc 1. The cabinet 2 is closed. 

--------------------------------------------------------------------------------------------------------------------------task: 23---------------------------------------------------------
--------------------------------------------------------------------------------------------------------------------------------------------------------------------
--------------------------------------------------------------------------------------------------------------------------------------------------------------------
Step:--------------------------------------------------------------------------10-------------------------------------------------------------------------------
----------------------------------------
VLM Prompt:
Image1:
<image>
Image2:
<image>
**Instruction**
1. Analyze the provided image to identify all visible household objects, focusing on those relevant to the task description "heat some mug and put it in coffeemachine."
2. Use the analysis of the image and the task hint "The agent must find an object of the desired type, pick it up, go to a microwave, heat the object with the microwave, then find the correct location to place it, and put it down there. The agent does not need to use the microwave button or open the microwave to heat the object, and the agent just needs to do action that is "heat the object with the microwave"." to answer the question: what is the most reasonable action in the choices for the task description "heat some mug and put it in coffeemachine"?
4. Decide and write the answer using the template: The answer is: (i): <selected_action>, where i is the real number. If there is no desired object in the image, search every place based on **Initial Observation** to find the object. And if no one is exactly correct, choose a similar answer.

**Initial Observation**
You are in the middle of a room. Looking quickly around you, you can see cabinet (1-15), fridge (1), countertop (1-4), drawer (1-4), microwave (1), toaster (1), coffeemachine (1), garbagecan (1), sink (1), stoveburner (1-3), sinkbasin (1)

**Answer Choices**
(1): go to cabinet 1
(2): go to fridge 1
(3): go to countertop 1
(4): go to cabinet 5
(5): go to cabinet 6
(6): go to cabinet 7
(7): go to drawer 1
(8): go to drawer 2
(9): go to cabinet 8
(10): go to drawer 3
(11): go to cabinet 9
(12): go to cabinet 10
(13): go to drawer 4
(14): go to microwave 1
(15): go to cabinet 11
(16): go to toaster 1
(17): go to cabinet 12
(18): go to cabinet 13
(19): go to cabinet 14
(20): go to cabinet 15
(21): go to countertop 2
(22): go to coffeemachine 1
(23): go to garbagecan 1
(24): go to countertop 3
(25): go to countertop 4
(26): go to sink 1
(27): go to stoveburner 1
(28): go to stoveburner 2
(29): go to stoveburner 3
(30): go to sinkbasin 1
(31): open cabinet 2
(32): close cabinet 2
(33): examine cabinet 2

**Answer**
Let's think step by step by following the instructions.
----------------------------------------

----------------------------------------

Original Response:
First, we need to find a mug to heat. Mugs are usually kept in cabinets or on countertops near the coffeemachine. In Image 1, we can see countertop 1, but there is no mug visible on it. Therefore, we can eliminate option (3): go to countertop 1.

Next, we should check the cabinets, as they are common places to store mugs. The cabinets in Image 1 are mostly closed, so we cannot see inside them. However, in Image 2, we see cabinet 2 and cabinet 3. Cabinet 2 is partially open, and we can see a plate inside, but no mug. Therefore, option (31): open cabinet 2, is not the most reasonable action for our task of heating a mug.

Since we can't see a mug in the images provided and none of the actions listed involve directly picking up or interacting with a mug, we must search every place based on the Initial Observation to find the object.

The most reasonable next action would be to start searching the cabinets near the coffeemachine, as that is where a mug is most likely to be found. Cabinet 6 is closest to the coffeemachine in Image 1, although the coffeemachine is not visible in the provided images. Therefore, the most reasonable action based on the information we have would be to check the cabinets near the coffeemachine.

The answer is: (5): go to cabinet 6.

----------------------------------------

----------------------------------------

>>> Refine Original VLM Response and Get Pure Action: go to cabinet 6

----------------------------------------

-----------------------------------------------------------------

Running time: 14.437970161437988 seconds

Total Money: 11.438240000000004

-----------------------------------------------------------------

-----------------------------------------------------------------

Text Observation:You arrive at loc 7. The cabinet 6 is closed. 

--------------------------------------------------------------------------------------------------------------------------task: 23---------------------------------------------------------
--------------------------------------------------------------------------------------------------------------------------------------------------------------------
--------------------------------------------------------------------------------------------------------------------------------------------------------------------
Step:--------------------------------------------------------------------------11-------------------------------------------------------------------------------
----------------------------------------
VLM Prompt:
Image1:
<image>
Image2:
<image>
**Instruction**
1. Analyze the provided image to identify all visible household objects, focusing on those relevant to the task description "heat some mug and put it in coffeemachine."
2. Use the analysis of the image and the task hint "The agent must find an object of the desired type, pick it up, go to a microwave, heat the object with the microwave, then find the correct location to place it, and put it down there. The agent does not need to use the microwave button or open the microwave to heat the object, and the agent just needs to do action that is "heat the object with the microwave"." to answer the question: what is the most reasonable action in the choices for the task description "heat some mug and put it in coffeemachine"?
4. Decide and write the answer using the template: The answer is: (i): <selected_action>, where i is the real number. If there is no desired object in the image, search every place based on **Initial Observation** to find the object. And if no one is exactly correct, choose a similar answer.

**Initial Observation**
You are in the middle of a room. Looking quickly around you, you can see cabinet (1-15), fridge (1), countertop (1-4), drawer (1-4), microwave (1), toaster (1), coffeemachine (1), garbagecan (1), sink (1), stoveburner (1-3), sinkbasin (1)

**Answer Choices**
(1): go to cabinet 1
(2): go to cabinet 3
(3): go to fridge 1
(4): go to countertop 1
(5): go to cabinet 5
(6): go to cabinet 7
(7): go to drawer 1
(8): go to drawer 2
(9): go to cabinet 8
(10): go to drawer 3
(11): go to cabinet 9
(12): go to cabinet 10
(13): go to drawer 4
(14): go to microwave 1
(15): go to cabinet 11
(16): go to toaster 1
(17): go to cabinet 12
(18): go to cabinet 13
(19): go to cabinet 14
(20): go to cabinet 15
(21): go to countertop 2
(22): go to coffeemachine 1
(23): go to garbagecan 1
(24): go to countertop 3
(25): go to countertop 4
(26): go to sink 1
(27): go to stoveburner 1
(28): go to stoveburner 2
(29): go to stoveburner 3
(30): go to sinkbasin 1
(31): open cabinet 6
(32): close cabinet 6
(33): examine cabinet 6

**Answer**
Let's think step by step by following the instructions.
----------------------------------------

----------------------------------------

Original Response:
First, we need to find a mug to heat. Mugs are typically found in cabinets or on countertops near a coffeemaker. In Image 1, we do not see any mugs on the countertop. In Image 2, we see various items on the countertop, but no mug is visible. Therefore, we need to search the cabinets.

Based on the Initial Observation, the agent can see cabinets (1-15). Since we do not have visibility inside the cabinets from the provided images, we should start by searching the cabinets closest to the coffeemachine for efficiency. The coffeemachine is mentioned in the Initial Observation, so we know it is in the room, and typically mugs would be stored nearby.

Given the answer choices, the most reasonable action to find a mug would be to go to the cabinet closest to the coffeemachine, which is not specified by number in the Initial Observation.

Since we cannot determine the exact position of the coffeemachine from the provided images and answer choices, we must choose the best possible action. The closest cabinet number to the coffeemachine cannot be determined with the given information. However, examining a cabinet is the most logical next step to find a mug.

The answer is: (33): examine cabinet 6.

----------------------------------------

----------------------------------------

>>> Refine Original VLM Response and Get Pure Action: examine cabinet 6

----------------------------------------

-----------------------------------------------------------------

Running time: 11.128831624984741 seconds

Total Money: 11.467800000000004

-----------------------------------------------------------------

-----------------------------------------------------------------

Text Observation:On the cabinet 6, you see a bread 1, a lettuce 1, a soapbottle 1, a peppershaker 1, a spatula 1, a plate 3, a spoon 1, and a butterknife 1.

--------------------------------------------------------------------------------------------------------------------------task: 23---------------------------------------------------------
--------------------------------------------------------------------------------------------------------------------------------------------------------------------
--------------------------------------------------------------------------------------------------------------------------------------------------------------------
Step:--------------------------------------------------------------------------12-------------------------------------------------------------------------------
----------------------------------------
VLM Prompt:
Image1:
<image>
Image2:
<image>
**Instruction**
1. Analyze the provided image to identify all visible household objects, focusing on those relevant to the task description "heat some mug and put it in coffeemachine."
2. Use the analysis of the image and the task hint "The agent must find an object of the desired type, pick it up, go to a microwave, heat the object with the microwave, then find the correct location to place it, and put it down there. The agent does not need to use the microwave button or open the microwave to heat the object, and the agent just needs to do action that is "heat the object with the microwave"." to answer the question: what is the most reasonable action in the choices for the task description "heat some mug and put it in coffeemachine"?
4. Decide and write the answer using the template: The answer is: (i): <selected_action>, where i is the real number. If there is no desired object in the image, search every place based on **Initial Observation** to find the object. And if no one is exactly correct, choose a similar answer.

**Initial Observation**
You are in the middle of a room. Looking quickly around you, you can see cabinet (1-15), fridge (1), countertop (1-4), drawer (1-4), microwave (1), toaster (1), coffeemachine (1), garbagecan (1), sink (1), stoveburner (1-3), sinkbasin (1)

**Answer Choices**
(1): go to cabinet 1
(2): go to cabinet 3
(3): go to fridge 1
(4): go to countertop 1
(5): go to cabinet 4
(6): go to cabinet 5
(7): go to cabinet 7
(8): go to drawer 1
(9): go to drawer 2
(10): go to cabinet 8
(11): go to drawer 3
(12): go to cabinet 9
(13): go to cabinet 10
(14): go to drawer 4
(15): go to microwave 1
(16): go to cabinet 11
(17): go to toaster 1
(18): go to cabinet 12
(19): go to cabinet 13
(20): go to cabinet 14
(21): go to cabinet 15
(22): go to countertop 2
(23): go to coffeemachine 1
(24): go to garbagecan 1
(25): go to countertop 3
(26): go to countertop 4
(27): go to sink 1
(28): go to stoveburner 1
(29): go to stoveburner 2
(30): go to stoveburner 3
(31): go to sinkbasin 1
(32): open cabinet 6
(33): close cabinet 6
(34): take bread 1 from cabinet 6
(35): take lettuce 1 from cabinet 6
(36): take soapbottle 1 from cabinet 6
(37): take peppershaker 1 from cabinet 6
(38): take spatul1 from cabinet 6
(39): take plate 3 from cabinet 6
(40): take spoon 1 from cabinet 6
(41): take butterknife 1 from cabinet 6

**Answer**
Let's think step by step by following the instructions.
----------------------------------------

----------------------------------------

Original Response:
The task is to "heat some mug and put it in coffeemachine." Mugs are typically stored in cabinets or on countertops. In the image, we do not see any mugs on the visible countertop or inside the open cabinet 6. Since there is no mug in sight, we need to search other locations based on the Initial Observation.

The most reasonable action from the choices given would be to look in the cabinets first, as that is a common storage area for mugs. We should start with the cabinets closest to the coffeemachine and microwave for efficiency.

The answer is: (7): go to cabinet 7.

----------------------------------------

----------------------------------------

>>> Refine Original VLM Response and Get Pure Action: go to cabinet 7

----------------------------------------

-----------------------------------------------------------------

Running time: 8.124737024307251 seconds

Total Money: 11.494470000000003

-----------------------------------------------------------------

-----------------------------------------------------------------

Text Observation:You arrive at loc 8. The cabinet 7 is closed. 

--------------------------------------------------------------------------------------------------------------------------task: 23---------------------------------------------------------
--------------------------------------------------------------------------------------------------------------------------------------------------------------------
--------------------------------------------------------------------------------------------------------------------------------------------------------------------
Step:--------------------------------------------------------------------------13-------------------------------------------------------------------------------
----------------------------------------
VLM Prompt:
Image1:
<image>
Image2:
<image>
**Instruction**
1. Analyze the provided image to identify all visible household objects, focusing on those relevant to the task description "heat some mug and put it in coffeemachine."
2. Use the analysis of the image and the task hint "The agent must find an object of the desired type, pick it up, go to a microwave, heat the object with the microwave, then find the correct location to place it, and put it down there. The agent does not need to use the microwave button or open the microwave to heat the object, and the agent just needs to do action that is "heat the object with the microwave"." to answer the question: what is the most reasonable action in the choices for the task description "heat some mug and put it in coffeemachine"?
4. Decide and write the answer using the template: The answer is: (i): <selected_action>, where i is the real number. If there is no desired object in the image, search every place based on **Initial Observation** to find the object. And if no one is exactly correct, choose a similar answer.

**Initial Observation**
You are in the middle of a room. Looking quickly around you, you can see cabinet (1-15), fridge (1), countertop (1-4), drawer (1-4), microwave (1), toaster (1), coffeemachine (1), garbagecan (1), sink (1), stoveburner (1-3), sinkbasin (1)

**Answer Choices**
(1): go to cabinet 1
(2): go to cabinet 2
(3): go to cabinet 3
(4): go to fridge 1
(5): go to countertop 1
(6): go to cabinet 4
(7): go to cabinet 5
(8): go to drawer 1
(9): go to drawer 2
(10): go to cabinet 8
(11): go to drawer 3
(12): go to cabinet 9
(13): go to cabinet 10
(14): go to drawer 4
(15): go to microwave 1
(16): go to cabinet 11
(17): go to toaster 1
(18): go to cabinet 12
(19): go to cabinet 13
(20): go to cabinet 14
(21): go to cabinet 15
(22): go to countertop 2
(23): go to coffeemachine 1
(24): go to garbagecan 1
(25): go to countertop 3
(26): go to countertop 4
(27): go to sink 1
(28): go to stoveburner 1
(29): go to stoveburner 2
(30): go to stoveburner 3
(31): go to sinkbasin 1
(32): open cabinet 7
(33): close cabinet 7
(34): examine cabinet 7

**Answer**
Let's think step by step by following the instructions.
----------------------------------------

----------------------------------------

Original Response:
Firstly, we need to find a mug to heat. Mugs are typically stored in cabinets or sometimes on countertops. In the images provided, we do not see any mug on the visible parts of the countertops. So, we should search the cabinets. 

Since we don't have visibility inside the cabinets in the images provided, we need to search every cabinet based on the Initial Observation until we find a mug. Once we find the mug, we will then go to the microwave to heat it as per the task hint.

The answer is: (1): go to cabinet 1. If the mug is not found there, we will continue with the subsequent cabinets until we find one.

----------------------------------------

----------------------------------------

>>> Refine Original VLM Response and Get Pure Action: go to cabinet 1

----------------------------------------

-----------------------------------------------------------------

Running time: 8.050235986709595 seconds

Total Money: 11.520490000000004

-----------------------------------------------------------------

-----------------------------------------------------------------

Text Observation:You arrive at loc 0. The cabinet 1 is open. On the cabinet 1, you see a plate 1.

--------------------------------------------------------------------------------------------------------------------------task: 23---------------------------------------------------------
--------------------------------------------------------------------------------------------------------------------------------------------------------------------
--------------------------------------------------------------------------------------------------------------------------------------------------------------------
Step:--------------------------------------------------------------------------14-------------------------------------------------------------------------------
----------------------------------------
VLM Prompt:
Image1:
<image>
Image2:
<image>
**Instruction**
1. Analyze the provided image to identify all visible household objects, focusing on those relevant to the task description "heat some mug and put it in coffeemachine."
2. Use the analysis of the image and the task hint "The agent must find an object of the desired type, pick it up, go to a microwave, heat the object with the microwave, then find the correct location to place it, and put it down there. The agent does not need to use the microwave button or open the microwave to heat the object, and the agent just needs to do action that is "heat the object with the microwave"." to answer the question: what is the most reasonable action in the choices for the task description "heat some mug and put it in coffeemachine"?
4. Decide and write the answer using the template: The answer is: (i): <selected_action>, where i is the real number. If there is no desired object in the image, search every place based on **Initial Observation** to find the object. And if no one is exactly correct, choose a similar answer.

**Initial Observation**
You are in the middle of a room. Looking quickly around you, you can see cabinet (1-15), fridge (1), countertop (1-4), drawer (1-4), microwave (1), toaster (1), coffeemachine (1), garbagecan (1), sink (1), stoveburner (1-3), sinkbasin (1)

**Answer Choices**
(1): go to cabinet 2
(2): go to cabinet 3
(3): go to fridge 1
(4): go to countertop 1
(5): go to cabinet 4
(6): go to cabinet 5
(7): go to cabinet 6
(8): go to drawer 1
(9): go to drawer 2
(10): go to cabinet 8
(11): go to drawer 3
(12): go to cabinet 9
(13): go to cabinet 10
(14): go to drawer 4
(15): go to microwave 1
(16): go to cabinet 11
(17): go to toaster 1
(18): go to cabinet 12
(19): go to cabinet 13
(20): go to cabinet 14
(21): go to cabinet 15
(22): go to countertop 2
(23): go to coffeemachine 1
(24): go to garbagecan 1
(25): go to countertop 3
(26): go to countertop 4
(27): go to sink 1
(28): go to stoveburner 1
(29): go to stoveburner 2
(30): go to stoveburner 3
(31): go to sinkbasin 1
(32): open cabinet 1
(33): close cabinet 1
(34): take plate 1 from cabinet 1
(35): examine cabinet 1

**Answer**
Let's think step by step by following the instructions.
----------------------------------------

----------------------------------------

Original Response:
Firstly, we need to find a mug to heat. Mugs are usually kept in cabinets or sometimes on countertops. The images provided do not show any mug on the countertop 1, and cabinet 1 has a plate, which is not what we are looking for. We need to search the cabinets because that's the most likely place where a mug would be kept.

Since we cannot directly see a mug in the images provided, we need to search the cabinets based on the **Initial Observation** which lists cabinets 1-15.

The most reasonable action to take for the task description "heat some mug and put it in coffeemachine" would then be to start searching the cabinets one by one.

The answer is: (1): go to cabinet 2

----------------------------------------

----------------------------------------

>>> Refine Original VLM Response and Get Pure Action: go to cabinet 2

----------------------------------------

-----------------------------------------------------------------

Running time: 9.922018766403198 seconds

Total Money: 11.547140000000004

-----------------------------------------------------------------

-----------------------------------------------------------------

Text Observation:You arrive at loc 1. The cabinet 2 is closed. 

--------------------------------------------------------------------------------------------------------------------------task: 23---------------------------------------------------------
--------------------------------------------------------------------------------------------------------------------------------------------------------------------
--------------------------------------------------------------------------------------------------------------------------------------------------------------------
Step:--------------------------------------------------------------------------15-------------------------------------------------------------------------------
----------------------------------------
VLM Prompt:
Image1:
<image>
Image2:
<image>
**Instruction**
1. Analyze the provided image to identify all visible household objects, focusing on those relevant to the task description "heat some mug and put it in coffeemachine."
2. Use the analysis of the image and the task hint "The agent must find an object of the desired type, pick it up, go to a microwave, heat the object with the microwave, then find the correct location to place it, and put it down there. The agent does not need to use the microwave button or open the microwave to heat the object, and the agent just needs to do action that is "heat the object with the microwave"." to answer the question: what is the most reasonable action in the choices for the task description "heat some mug and put it in coffeemachine"?
4. Decide and write the answer using the template: The answer is: (i): <selected_action>, where i is the real number. If there is no desired object in the image, search every place based on **Initial Observation** to find the object. And if no one is exactly correct, choose a similar answer.

**Initial Observation**
You are in the middle of a room. Looking quickly around you, you can see cabinet (1-15), fridge (1), countertop (1-4), drawer (1-4), microwave (1), toaster (1), coffeemachine (1), garbagecan (1), sink (1), stoveburner (1-3), sinkbasin (1)

**Answer Choices**
(1): go to cabinet 3
(2): go to fridge 1
(3): go to countertop 1
(4): go to cabinet 4
(5): go to cabinet 5
(6): go to cabinet 6
(7): go to drawer 1
(8): go to drawer 2
(9): go to cabinet 8
(10): go to drawer 3
(11): go to cabinet 9
(12): go to cabinet 10
(13): go to drawer 4
(14): go to microwave 1
(15): go to cabinet 11
(16): go to toaster 1
(17): go to cabinet 12
(18): go to cabinet 13
(19): go to cabinet 14
(20): go to cabinet 15
(21): go to countertop 2
(22): go to coffeemachine 1
(23): go to garbagecan 1
(24): go to countertop 3
(25): go to countertop 4
(26): go to sink 1
(27): go to stoveburner 1
(28): go to stoveburner 2
(29): go to stoveburner 3
(30): go to sinkbasin 1
(31): open cabinet 2
(32): close cabinet 2
(33): examine cabinet 2

**Answer**
Let's think step by step by following the instructions.
----------------------------------------

----------------------------------------

Original Response:
Firstly, we need to identify the objects relevant to the task "heat some mug and put it in coffeemachine." In the images provided, we can see cabinet 1, cabinet 2, cabinet 3, and plate 1 and plate 2. However, none of these objects are mugs, nor is there any indication of a microwave or coffeemachine in the images. 

Based on the Initial Observation, we know there is a microwave (1) and a coffeemachine (1) in the room. We need to find a mug, heat it in the microwave, and then place it in the coffeemachine. Since the images do not show any mugs, we must search other locations.

The most reasonable action from the choices provided, considering the task description and the hint given, would be to go to the location of the microwave first, in order to heat the mug once we find it. Therefore, the answer is: (14): go to microwave 1. 

Once at the microwave, we can search nearby cabinets or drawers to find a mug. If we find one, we follow the rest of the task by heating the mug and then placing it in the coffeemachine.

----------------------------------------

----------------------------------------

>>> Refine Original VLM Response and Get Pure Action: No action

----------------------------------------

-----------------------------------------------------------------

Running time: 10.236594676971436 seconds

Total Money: 11.576340000000004

-----------------------------------------------------------------

-----------------------------------------------------------------

Text Observation:Nothing happens.

--------------------------------------------------------------------------------------------------------------------------task: 23---------------------------------------------------------
--------------------------------------------------------------------------------------------------------------------------------------------------------------------
--------------------------------------------------------------------------------------------------------------------------------------------------------------------
Step:--------------------------------------------------------------------------16-------------------------------------------------------------------------------
----------------------------------------
VLM Prompt:
Image1:
<image>
Image2:
<image>
**Instruction**
1. Analyze the provided image to identify all visible household objects, focusing on those relevant to the task description "heat some mug and put it in coffeemachine."
2. Use the analysis of the image and the task hint "The agent must find an object of the desired type, pick it up, go to a microwave, heat the object with the microwave, then find the correct location to place it, and put it down there. The agent does not need to use the microwave button or open the microwave to heat the object, and the agent just needs to do action that is "heat the object with the microwave"." to answer the question: what is the most reasonable action in the choices for the task description "heat some mug and put it in coffeemachine"?
4. Decide and write the answer using the template: The answer is: (i): <selected_action>, where i is the real number. If there is no desired object in the image, search every place based on **Initial Observation** to find the object. And if no one is exactly correct, choose a similar answer.

**Initial Observation**
You are in the middle of a room. Looking quickly around you, you can see cabinet (1-15), fridge (1), countertop (1-4), drawer (1-4), microwave (1), toaster (1), coffeemachine (1), garbagecan (1), sink (1), stoveburner (1-3), sinkbasin (1)

**Answer Choices**
(1): go to cabinet 3
(2): go to fridge 1
(3): go to countertop 1
(4): go to cabinet 4
(5): go to cabinet 5
(6): go to cabinet 6
(7): go to cabinet 7
(8): go to drawer 1
(9): go to drawer 2
(10): go to cabinet 8
(11): go to drawer 3
(12): go to cabinet 9
(13): go to cabinet 10
(14): go to drawer 4
(15): go to microwave 1
(16): go to cabinet 11
(17): go to toaster 1
(18): go to cabinet 12
(19): go to cabinet 13
(20): go to cabinet 14
(21): go to cabinet 15
(22): go to countertop 2
(23): go to coffeemachine 1
(24): go to garbagecan 1
(25): go to countertop 3
(26): go to countertop 4
(27): go to sink 1
(28): go to stoveburner 1
(29): go to stoveburner 2
(30): go to stoveburner 3
(31): go to sinkbasin 1
(32): open cabinet 2
(33): close cabinet 2
(34): examine cabinet 2

**Answer**
Let's think step by step by following the instructions.
----------------------------------------

----------------------------------------

Original Response:
The task description "heat some mug and put it in coffeemachine" implies that the agent needs to find a mug, heat it in the microwave, and then place it in the coffeemachine. However, no mugs are visible in the provided image. Therefore, the agent must search for a mug in locations where it is likely to be found based on the initial observation.

Mugs are typically found in cabinets or sometimes on countertops. Since countertops are not mentioned in the answer choices, the next reasonable location to check would be the cabinets. Cabinet 3 is the closest cabinet to the initial observation, and it is also mentioned in the answer choices.

The answer is: (1): go to cabinet 3

----------------------------------------

----------------------------------------

>>> Refine Original VLM Response and Get Pure Action: go to cabinet 3

----------------------------------------

-----------------------------------------------------------------

Running time: 15.342466115951538 seconds

Total Money: 11.602540000000003

-----------------------------------------------------------------

-----------------------------------------------------------------

Text Observation:You arrive at loc 2. The cabinet 3 is closed. 

--------------------------------------------------------------------------------------------------------------------------task: 23---------------------------------------------------------
--------------------------------------------------------------------------------------------------------------------------------------------------------------------
--------------------------------------------------------------------------------------------------------------------------------------------------------------------
Step:--------------------------------------------------------------------------17-------------------------------------------------------------------------------
----------------------------------------
VLM Prompt:
Image1:
<image>
Image2:
<image>
**Instruction**
1. Analyze the provided image to identify all visible household objects, focusing on those relevant to the task description "heat some mug and put it in coffeemachine."
2. Use the analysis of the image and the task hint "The agent must find an object of the desired type, pick it up, go to a microwave, heat the object with the microwave, then find the correct location to place it, and put it down there. The agent does not need to use the microwave button or open the microwave to heat the object, and the agent just needs to do action that is "heat the object with the microwave"." to answer the question: what is the most reasonable action in the choices for the task description "heat some mug and put it in coffeemachine"?
4. Decide and write the answer using the template: The answer is: (i): <selected_action>, where i is the real number. If there is no desired object in the image, search every place based on **Initial Observation** to find the object. And if no one is exactly correct, choose a similar answer.

**Initial Observation**
You are in the middle of a room. Looking quickly around you, you can see cabinet (1-15), fridge (1), countertop (1-4), drawer (1-4), microwave (1), toaster (1), coffeemachine (1), garbagecan (1), sink (1), stoveburner (1-3), sinkbasin (1)

**Answer Choices**
(1): go to cabinet 1
(2): go to fridge 1
(3): go to countertop 1
(4): go to cabinet 4
(5): go to cabinet 5
(6): go to cabinet 6
(7): go to cabinet 7
(8): go to drawer 1
(9): go to drawer 2
(10): go to cabinet 8
(11): go to drawer 3
(12): go to cabinet 9
(13): go to cabinet 10
(14): go to drawer 4
(15): go to microwave 1
(16): go to cabinet 11
(17): go to toaster 1
(18): go to cabinet 12
(19): go to cabinet 13
(20): go to cabinet 14
(21): go to cabinet 15
(22): go to countertop 2
(23): go to coffeemachine 1
(24): go to garbagecan 1
(25): go to countertop 3
(26): go to countertop 4
(27): go to sink 1
(28): go to stoveburner 1
(29): go to stoveburner 2
(30): go to stoveburner 3
(31): go to sinkbasin 1
(32): open cabinet 3
(33): close cabinet 3
(34): examine cabinet 3

**Answer**
Let's think step by step by following the instructions.
----------------------------------------

----------------------------------------

Original Response:
The task description is "heat some mug and put it in coffeemachine." This means we need to find a mug, heat it in the microwave, and then place it in the coffeemachine. From the initial observation, we know that there are cabinets, a fridge, countertops, drawers, a microwave, a toaster, a coffeemachine, a garbage can, a sink, stove burners, and a sink basin in the room.

Looking at Image 1 and Image 2, we can see cabinet 2 and cabinet 3, but there are no visible mugs or objects that can be associated with the task of heating and placing in a coffeemachine. Since the mug is not visible in the provided images, we need to search every place based on the initial observation to find the object.

Among the answer choices, the logical first step would be to look for a mug in the cabinets or drawers, as these are typical storage places for such items. The microwave is also mentioned, but we need the mug before we can use the microwave.

The answer is: (1): go to cabinet 1. This is because cabinet 1 is the first cabinet we could logically check for a mug based on the initial observation and the typical layout of a kitchen. If a mug is not found in cabinet 1, we would continue to check the other cabinets and drawers in numerical order until the mug is found, then proceed to the microwave to heat it, and finally go to the coffeemachine to complete the task.

----------------------------------------

----------------------------------------

>>> Refine Original VLM Response and Get Pure Action: go to cabinet 1

----------------------------------------

-----------------------------------------------------------------

Running time: 19.73281216621399 seconds

Total Money: 11.633690000000003

-----------------------------------------------------------------

-----------------------------------------------------------------

Text Observation:You arrive at loc 0. The cabinet 1 is open. On the cabinet 1, you see a plate 1.

--------------------------------------------------------------------------------------------------------------------------task: 23---------------------------------------------------------
--------------------------------------------------------------------------------------------------------------------------------------------------------------------
--------------------------------------------------------------------------------------------------------------------------------------------------------------------
Step:--------------------------------------------------------------------------18-------------------------------------------------------------------------------
----------------------------------------
VLM Prompt:
Image1:
<image>
Image2:
<image>
**Instruction**
1. Analyze the provided image to identify all visible household objects, focusing on those relevant to the task description "heat some mug and put it in coffeemachine."
2. Use the analysis of the image and the task hint "The agent must find an object of the desired type, pick it up, go to a microwave, heat the object with the microwave, then find the correct location to place it, and put it down there. The agent does not need to use the microwave button or open the microwave to heat the object, and the agent just needs to do action that is "heat the object with the microwave"." to answer the question: what is the most reasonable action in the choices for the task description "heat some mug and put it in coffeemachine"?
4. Decide and write the answer using the template: The answer is: (i): <selected_action>, where i is the real number. If there is no desired object in the image, search every place based on **Initial Observation** to find the object. And if no one is exactly correct, choose a similar answer.

**Initial Observation**
You are in the middle of a room. Looking quickly around you, you can see cabinet (1-15), fridge (1), countertop (1-4), drawer (1-4), microwave (1), toaster (1), coffeemachine (1), garbagecan (1), sink (1), stoveburner (1-3), sinkbasin (1)

**Answer Choices**
(1): go to cabinet 2
(2): go to fridge 1
(3): go to countertop 1
(4): go to cabinet 4
(5): go to cabinet 5
(6): go to cabinet 6
(7): go to cabinet 7
(8): go to drawer 1
(9): go to drawer 2
(10): go to cabinet 8
(11): go to drawer 3
(12): go to cabinet 9
(13): go to cabinet 10
(14): go to drawer 4
(15): go to microwave 1
(16): go to cabinet 11
(17): go to toaster 1
(18): go to cabinet 12
(19): go to cabinet 13
(20): go to cabinet 14
(21): go to cabinet 15
(22): go to countertop 2
(23): go to coffeemachine 1
(24): go to garbagecan 1
(25): go to countertop 3
(26): go to countertop 4
(27): go to sink 1
(28): go to stoveburner 1
(29): go to stoveburner 2
(30): go to stoveburner 3
(31): go to sinkbasin 1
(32): open cabinet 1
(33): close cabinet 1
(34): take plate 1 from cabinet 1
(35): examine cabinet 1

**Answer**
Let's think step by step by following the instructions.
----------------------------------------

----------------------------------------

Original Response:
The task is to heat a mug and put it in the coffee machine. Firstly, we need to find a mug. Since mugs are usually kept in cabinets, we should look into the cabinets. Based on the initial observation, there are many cabinets in the room, so we need to find the correct one that may contain a mug. 

From the images provided, we can see the insides of cabinet 1 and cabinet 2. Cabinet 1 seems to have plates, and cabinet 2 is empty. Therefore, there is no mug visible in these images. Since we cannot see a mug in the provided images, we need to search other cabinets based on the initial observation.

The most reasonable next action would be to go to the next cabinet in the sequence to look for a mug. Since we have seen inside cabinet 1 and cabinet 2, the next cabinet would be cabinet 3.

The answer is: (1): go to cabinet 3.

----------------------------------------

----------------------------------------

>>> Refine Original VLM Response and Get Pure Action: go to cabinet 3

----------------------------------------

-----------------------------------------------------------------

Running time: 9.248977422714233 seconds

Total Money: 11.661540000000004

-----------------------------------------------------------------

-----------------------------------------------------------------

Text Observation:You arrive at loc 2. The cabinet 3 is closed. 

--------------------------------------------------------------------------------------------------------------------------task: 23---------------------------------------------------------
--------------------------------------------------------------------------------------------------------------------------------------------------------------------
--------------------------------------------------------------------------------------------------------------------------------------------------------------------
Step:--------------------------------------------------------------------------19-------------------------------------------------------------------------------
----------------------------------------
VLM Prompt:
Image1:
<image>
Image2:
<image>
**Instruction**
1. Analyze the provided image to identify all visible household objects, focusing on those relevant to the task description "heat some mug and put it in coffeemachine."
2. Use the analysis of the image and the task hint "The agent must find an object of the desired type, pick it up, go to a microwave, heat the object with the microwave, then find the correct location to place it, and put it down there. The agent does not need to use the microwave button or open the microwave to heat the object, and the agent just needs to do action that is "heat the object with the microwave"." to answer the question: what is the most reasonable action in the choices for the task description "heat some mug and put it in coffeemachine"?
4. Decide and write the answer using the template: The answer is: (i): <selected_action>, where i is the real number. If there is no desired object in the image, search every place based on **Initial Observation** to find the object. And if no one is exactly correct, choose a similar answer.

**Initial Observation**
You are in the middle of a room. Looking quickly around you, you can see cabinet (1-15), fridge (1), countertop (1-4), drawer (1-4), microwave (1), toaster (1), coffeemachine (1), garbagecan (1), sink (1), stoveburner (1-3), sinkbasin (1)

**Answer Choices**
(1): go to cabinet 2
(2): go to fridge 1
(3): go to countertop 1
(4): go to cabinet 4
(5): go to cabinet 5
(6): go to cabinet 6
(7): go to cabinet 7
(8): go to drawer 1
(9): go to drawer 2
(10): go to cabinet 8
(11): go to drawer 3
(12): go to cabinet 9
(13): go to cabinet 10
(14): go to drawer 4
(15): go to microwave 1
(16): go to cabinet 11
(17): go to toaster 1
(18): go to cabinet 12
(19): go to cabinet 13
(20): go to cabinet 14
(21): go to cabinet 15
(22): go to countertop 2
(23): go to coffeemachine 1
(24): go to garbagecan 1
(25): go to countertop 3
(26): go to countertop 4
(27): go to sink 1
(28): go to stoveburner 1
(29): go to stoveburner 2
(30): go to stoveburner 3
(31): go to sinkbasin 1
(32): open cabinet 3
(33): close cabinet 3
(34): examine cabinet 3

**Answer**
Let's think step by step by following the instructions.
----------------------------------------

----------------------------------------

Original Response:
First, we need to find a mug to heat. The mug is likely to be found in a cabinet or a drawer near the coffeemachine. The images provided show the inside of cabinet 1, which is empty, and cabinet 3, which is closed. Since we cannot see inside the closed cabinet, we cannot determine if there is a mug there without further action.

Based on the initial observation, the agent has not yet checked cabinets (2, 4-15) or drawers (1-4). Since cabinet 3 is closed in the image, it could potentially have a mug inside. However, the task requires us to "search every place" if there is no desired object in the image. Since we have not seen inside cabinet 3, it is reasonable to examine it to check for the mug.

Therefore, the most reasonable action from the choices given for the task description "heat some mug and put it in coffeemachine" would be to examine cabinet 3, as it is a likely location for storing mugs and has not been checked yet.

The answer is: (34): examine cabinet 3.

----------------------------------------

----------------------------------------

>>> Refine Original VLM Response and Get Pure Action: examine cabinet 3

----------------------------------------

-----------------------------------------------------------------

Running time: 11.27376675605774 seconds

Total Money: 11.690290000000005

-----------------------------------------------------------------

-----------------------------------------------------------------

Text Observation:

-----------------------------------------------------------------