---------------------------------------------------------task: 20---------------------------------------------------------
--------------------------------------------------------------------------------------------------------------------------------------------------------------------
--------------------------------------------------------------------------------------------------------------------------------------------------------------------
Step:--------------------------------------------------------------------------0-------------------------------------------------------------------------------
----------------------------------------
VLM Prompt:
**Task**  
Please perform as an embodied AI agent. Our final objective is to put a hot apple in garbagecan. Below is the plan for completing the task, the current observation, alongside historical data and admissible actions for the next step. Please determine the best action for the next step!

**Plan**
Below is a detailed step-by-step plan to complete the task.
1. Find an apple.
2. Pick up the apple.
3. Find a microwave.
4. Heat the apple with the microwave.
5. Find a garbage can.
6. Place the heated apple in the garbage can.

**Current Observation**
Displayed is an image capturing the current position of the agent.
<image>

**History Information**
Displayed are the previous observations with their corresponding actions.
No history.

**Admissible Actions**
(1): go to cabinet 1
(2): go to cabinet 2
(3): go to countertop 1
(4): go to cabinet 3
(5): go to cabinet 4
(6): go to cabinet 5
(7): go to sink 1
(8): go to cabinet 6
(9): go to drawer 1
(10): go to drawer 2
(11): go to sinkbasin 1
(12): go to cabinet 7
(13): go to cabinet 8
(14): go to coffeemachine 1
(15): go to microwave 1
(16): go to cabinet 9
(17): go to countertop 2
(18): go to cabinet 10
(19): go to drawer 3
(20): go to drawer 4
(21): go to garbagecan 1
(22): go to drawer 5
(23): go to cabinet 11
(24): go to cabinet 12
(25): go to cabinet 13
(26): go to cabinet 14
(27): go to stoveburner 1
(28): go to countertop 3
(29): go to stoveburner 2
(30): go to stoveburner 3
(31): go to stoveburner 4
(32): go to drawer 6
(33): go to cabinet 15
(34): go to cabinet 16
(35): go to cabinet 17
(36): go to cabinet 18
(37): go to toaster 1
(38): go to drawer 7
(39): go to countertop 4
(40): go to fridge 1

**Analysis Guideline**
1. Analyze the **History Information** and determine our current step in the plan and our current place. 
2. List all visible objects related to the task in the current observation.
3. Analyze the objects in the current observation based on the history and the requirements for the current step, and then determine if we can complete the step with the current observation.
4. Analyze and decide on the most appropriate action to take.
5. Summarize the analysis using the following format: "Analysis: [The summarization of the analysis], The Most Appropriate Action: (i which is the integer.): [Selected action]"

**Notes**
1. We must complete each step of the plan in order and cannot skip steps when the previous ones are not finished.
2. For "Go to" actions listed as "go to xxx [n]", interpret this as there are n distinct actions available: "go to xxx 1", "go to xxx 2", ..., "go to xxx n". Select one specific action from these options instead of using "go to xxx [n]".
3. If receptacles such as drawers, cabinets, and so forth are closed in the current observation, we may try to open them.
4. Pay attention to synonyms and ensure clarity in the terms used.
5. If there is no history available, we are at the first step and the current place is "Unknown".
6. The most appropriate action must be in the **Admissible Actions**, and we cannot generate a new action that is not in the **Admissible Actions**.

**Answer**
Please select the most suitable action by following the **Analysis Guideline**, keeping the above **Notes** in mind.
----------------------------------------

----------------------------------------

VLM Response:
Analysis: Since there is no history available, we are at the first step of the plan which is, "Find an apple." In the current observation, we can see an apple on the tray next to the sink. This means we can complete the first step with the current observation. 

The Most Appropriate Action: (7): go to sink 1

----------------------------------------

----------------------------------------

>>> Refine VLM Response and Get Pure Action: go to sink 1

----------------------------------------

-----------------------------------------------------------------

Running time: 5.270867109298706 seconds

Total Money: 9.985399999999995

-----------------------------------------------------------------

-----------------------------------------------------------------

Summarization Prompt:
**Context**
Analysis: Since there is no history available, we are at the first step of the plan which is, "Find an apple." In the current observation, we can see an apple on the tray next to the sink. This means we can complete the first step with the current observation. 

The Most Appropriate Action: (7): go to sink 1

**Summary Format**
1. Place: [Specify the current location]
2. Step Index in Plan: [Dispkay the current step number in the plan before taking the current action]
3. Objects: [List the objects relevant to the task]
4. Action: [Describe the most appropriate action without the "(x)" and keep the integer of the object]

Please analyze the **Context** and summarize the analysis using the **Summary Format**.

-----------------------------------------------------------------

-----------------------------------------------------------------

Summarization Response:
1. Place: Unspecified (no specific location given in the context)
2. Step Index in Plan: 1
3. Objects: Apple, Tray, Sink
4. Action: go to sink 1

-----------------------------------------------------------------

-----------------------------------------------------------------

Text Observation:You arrive at loc 6. On the sink 1, you see a potato 1, a apple 1, a knife 1, a faucet 1, a fork 1, and a fork 2.

--------------------------------------------------------------------------------------------------------------------------task: 20---------------------------------------------------------
--------------------------------------------------------------------------------------------------------------------------------------------------------------------
--------------------------------------------------------------------------------------------------------------------------------------------------------------------
Step:--------------------------------------------------------------------------1-------------------------------------------------------------------------------
----------------------------------------
VLM Prompt:
**Task**  
Please perform as an embodied AI agent. Our final objective is to put a hot apple in garbagecan. Below is the plan for completing the task, the current observation, alongside historical data and admissible actions for the next step. Please determine the best action for the next step!

**Plan**
Below is a detailed step-by-step plan to complete the task.
1. Find an apple.
2. Pick up the apple.
3. Find a microwave.
4. Heat the apple with the microwave.
5. Find a garbage can.
6. Place the heated apple in the garbage can.

**Current Observation**
Displayed is an image capturing the current position of the agent.
<image>

**History Information**
Displayed are the previous observations with their corresponding actions.
Current State 1:
1. Place: Unspecified (no specific location given in the context)
2. Step Index in Plan: 1
3. Objects: Apple, Tray, Sink
4. Action: go to sink 1


**Admissible Actions**
(1): go to cabinet 1
(2): go to cabinet 2
(3): go to countertop 1
(4): go to cabinet 3
(5): go to cabinet 4
(6): go to cabinet 5
(7): go to cabinet 6
(8): go to drawer 1
(9): go to drawer 2
(10): go to sinkbasin 1
(11): go to cabinet 7
(12): go to cabinet 8
(13): go to coffeemachine 1
(14): go to microwave 1
(15): go to cabinet 9
(16): go to countertop 2
(17): go to cabinet 10
(18): go to drawer 3
(19): go to drawer 4
(20): go to garbagecan 1
(21): go to drawer 5
(22): go to cabinet 11
(23): go to cabinet 12
(24): go to cabinet 13
(25): go to cabinet 14
(26): go to stoveburner 1
(27): go to countertop 3
(28): go to stoveburner 2
(29): go to stoveburner 3
(30): go to stoveburner 4
(31): go to drawer 6
(32): go to cabinet 15
(33): go to cabinet 16
(34): go to cabinet 17
(35): go to cabinet 18
(36): go to toaster 1
(37): go to drawer 7
(38): go to countertop 4
(39): go to fridge 1
(40): take potato 1 from sink 1
(41): take apple 1 from sink 1
(42): take knife 1 from sink 1
(43): take faucet 1 from sink 1
(44): take fork 1 from sink 1
(45): take fork 2 from sink 1

**Analysis Guideline**
1. Analyze the **History Information** and determine our current step in the plan and our current place. 
2. List all visible objects related to the task in the current observation.
3. Analyze the objects in the current observation based on the history and the requirements for the current step, and then determine if we can complete the step with the current observation.
4. Analyze and decide on the most appropriate action to take.
5. Summarize the analysis using the following format: "Analysis: [The summarization of the analysis], The Most Appropriate Action: (i which is the integer.): [Selected action]"

**Notes**
1. We must complete each step of the plan in order and cannot skip steps when the previous ones are not finished.
2. For "Go to" actions listed as "go to xxx [n]", interpret this as there are n distinct actions available: "go to xxx 1", "go to xxx 2", ..., "go to xxx n". Select one specific action from these options instead of using "go to xxx [n]".
3. If receptacles such as drawers, cabinets, and so forth are closed in the current observation, we may try to open them.
4. Pay attention to synonyms and ensure clarity in the terms used.
5. If there is no history available, we are at the first step and the current place is "Unknown".
6. The most appropriate action must be in the **Admissible Actions**, and we cannot generate a new action that is not in the **Admissible Actions**.

**Answer**
Please select the most suitable action by following the **Analysis Guideline**, keeping the above **Notes** in mind.
----------------------------------------

----------------------------------------

VLM Response:
Analysis: According to the History Information, we are currently at step 1 of the plan, which is to find an apple. The current observation shows that we are at the sink, where there is an apple present. Thus, we can complete the step with the current observation. The next step in the plan is to pick up the apple. Among the admissible actions, the one that allows us to pick up the apple is action (41): take apple 1 from sink 1.

The Most Appropriate Action: (41): take apple 1 from sink 1

----------------------------------------

----------------------------------------

>>> Refine VLM Response and Get Pure Action: take apple 1 from sink 1

----------------------------------------

-----------------------------------------------------------------

Running time: 8.886932373046875 seconds

Total Money: 10.009979999999995

-----------------------------------------------------------------

-----------------------------------------------------------------

Summarization Prompt:
**Context**
Analysis: According to the History Information, we are currently at step 1 of the plan, which is to find an apple. The current observation shows that we are at the sink, where there is an apple present. Thus, we can complete the step with the current observation. The next step in the plan is to pick up the apple. Among the admissible actions, the one that allows us to pick up the apple is action (41): take apple 1 from sink 1.

The Most Appropriate Action: (41): take apple 1 from sink 1

**Summary Format**
1. Place: [Specify the current location]
2. Step Index in Plan: [Dispkay the current step number in the plan before taking the current action]
3. Objects: [List the objects relevant to the task]
4. Action: [Describe the most appropriate action without the "(x)" and keep the integer of the object]

Please analyze the **Context** and summarize the analysis using the **Summary Format**.

-----------------------------------------------------------------

-----------------------------------------------------------------

Summarization Response:
1. Place: Sink
2. Step Index in Plan: 1
3. Objects: Apple 1, Sink 1
4. Action: Take apple 1 from sink 1

-----------------------------------------------------------------

-----------------------------------------------------------------

Text Observation:You pick up the apple 1 from the sink 1.

--------------------------------------------------------------------------------------------------------------------------task: 20---------------------------------------------------------
--------------------------------------------------------------------------------------------------------------------------------------------------------------------
--------------------------------------------------------------------------------------------------------------------------------------------------------------------
Step:--------------------------------------------------------------------------2-------------------------------------------------------------------------------
----------------------------------------
VLM Prompt:
**Task**  
Please perform as an embodied AI agent. Our final objective is to put a hot apple in garbagecan. Below is the plan for completing the task, the current observation, alongside historical data and admissible actions for the next step. Please determine the best action for the next step!

**Plan**
Below is a detailed step-by-step plan to complete the task.
1. Find an apple.
2. Pick up the apple.
3. Find a microwave.
4. Heat the apple with the microwave.
5. Find a garbage can.
6. Place the heated apple in the garbage can.

**Current Observation**
Displayed is an image capturing the current position of the agent.
<image>

**History Information**
Displayed are the previous observations with their corresponding actions.
Current State 1:
1. Place: Unspecified (no specific location given in the context)
2. Step Index in Plan: 1
3. Objects: Apple, Tray, Sink
4. Action: go to sink 1
Current State 2:
1. Place: Sink
2. Step Index in Plan: 1
3. Objects: Apple 1, Sink 1
4. Action: Take apple 1 from sink 1


**Admissible Actions**
(1): go to cabinet 1
(2): go to cabinet 2
(3): go to countertop 1
(4): go to cabinet 3
(5): go to cabinet 4
(6): go to cabinet 5
(7): go to cabinet 6
(8): go to drawer 1
(9): go to drawer 2
(10): go to sinkbasin 1
(11): go to cabinet 7
(12): go to cabinet 8
(13): go to coffeemachine 1
(14): go to microwave 1
(15): go to cabinet 9
(16): go to countertop 2
(17): go to cabinet 10
(18): go to drawer 3
(19): go to drawer 4
(20): go to garbagecan 1
(21): go to drawer 5
(22): go to cabinet 11
(23): go to cabinet 12
(24): go to cabinet 13
(25): go to cabinet 14
(26): go to stoveburner 1
(27): go to countertop 3
(28): go to stoveburner 2
(29): go to stoveburner 3
(30): go to stoveburner 4
(31): go to drawer 6
(32): go to cabinet 15
(33): go to cabinet 16
(34): go to cabinet 17
(35): go to cabinet 18
(36): go to toaster 1
(37): go to drawer 7
(38): go to countertop 4
(39): go to fridge 1
(40): put apple 1 in/on sink 1
(41): clean apple 1 with sink 1
(42): clean apple 1 with sinkbasin 1
(43): examine apple 1

**Analysis Guideline**
1. Analyze the **History Information** and determine our current step in the plan and our current place. 
2. List all visible objects related to the task in the current observation.
3. Analyze the objects in the current observation based on the history and the requirements for the current step, and then determine if we can complete the step with the current observation.
4. Analyze and decide on the most appropriate action to take.
5. Summarize the analysis using the following format: "Analysis: [The summarization of the analysis], The Most Appropriate Action: (i which is the integer.): [Selected action]"

**Notes**
1. We must complete each step of the plan in order and cannot skip steps when the previous ones are not finished.
2. For "Go to" actions listed as "go to xxx [n]", interpret this as there are n distinct actions available: "go to xxx 1", "go to xxx 2", ..., "go to xxx n". Select one specific action from these options instead of using "go to xxx [n]".
3. If receptacles such as drawers, cabinets, and so forth are closed in the current observation, we may try to open them.
4. Pay attention to synonyms and ensure clarity in the terms used.
5. If there is no history available, we are at the first step and the current place is "Unknown".
6. The most appropriate action must be in the **Admissible Actions**, and we cannot generate a new action that is not in the **Admissible Actions**.

**Answer**
Please select the most suitable action by following the **Analysis Guideline**, keeping the above **Notes** in mind.
----------------------------------------

----------------------------------------

VLM Response:
Analysis: Based on the History Information, we have completed Step 2 of the plan, which was to pick up the apple. The current observation shows an apple on the tray next to the sink, indicating that we are still at the sink and ready to move onto Step 3 of the plan, which is to find a microwave. The objects related to the task in the current observation are the apple and the sink. Since we have the apple, we can now proceed to find a microwave to heat the apple. 

The Most Appropriate Action: (14): go to microwave 1

----------------------------------------

----------------------------------------

>>> Refine VLM Response and Get Pure Action: go to microwave 1

----------------------------------------

-----------------------------------------------------------------

Running time: 8.326326370239258 seconds

Total Money: 10.034729999999996

-----------------------------------------------------------------

-----------------------------------------------------------------

Summarization Prompt:
**Context**
Analysis: Based on the History Information, we have completed Step 2 of the plan, which was to pick up the apple. The current observation shows an apple on the tray next to the sink, indicating that we are still at the sink and ready to move onto Step 3 of the plan, which is to find a microwave. The objects related to the task in the current observation are the apple and the sink. Since we have the apple, we can now proceed to find a microwave to heat the apple. 

The Most Appropriate Action: (14): go to microwave 1

**Summary Format**
1. Place: [Specify the current location]
2. Step Index in Plan: [Dispkay the current step number in the plan before taking the current action]
3. Objects: [List the objects relevant to the task]
4. Action: [Describe the most appropriate action without the "(x)" and keep the integer of the object]

Please analyze the **Context** and summarize the analysis using the **Summary Format**.

-----------------------------------------------------------------

-----------------------------------------------------------------

Summarization Response:
1. Place: At the sink
2. Step Index in Plan: Step 3
3. Objects: Apple, Sink
4. Action: Go to microwave 1

-----------------------------------------------------------------

-----------------------------------------------------------------

Text Observation:You arrive at loc 14. The microwave 1 is closed. 

--------------------------------------------------------------------------------------------------------------------------task: 20---------------------------------------------------------
--------------------------------------------------------------------------------------------------------------------------------------------------------------------
--------------------------------------------------------------------------------------------------------------------------------------------------------------------
Step:--------------------------------------------------------------------------3-------------------------------------------------------------------------------
----------------------------------------
VLM Prompt:
**Task**  
Please perform as an embodied AI agent. Our final objective is to put a hot apple in garbagecan. Below is the plan for completing the task, the current observation, alongside historical data and admissible actions for the next step. Please determine the best action for the next step!

**Plan**
Below is a detailed step-by-step plan to complete the task.
1. Find an apple.
2. Pick up the apple.
3. Find a microwave.
4. Heat the apple with the microwave.
5. Find a garbage can.
6. Place the heated apple in the garbage can.

**Current Observation**
Displayed is an image capturing the current position of the agent.
<image>

**History Information**
Displayed are the previous observations with their corresponding actions.
Current State 1:
1. Place: Unspecified (no specific location given in the context)
2. Step Index in Plan: 1
3. Objects: Apple, Tray, Sink
4. Action: go to sink 1
Current State 2:
1. Place: Sink
2. Step Index in Plan: 1
3. Objects: Apple 1, Sink 1
4. Action: Take apple 1 from sink 1
Current State 3:
1. Place: At the sink
2. Step Index in Plan: Step 3
3. Objects: Apple, Sink
4. Action: Go to microwave 1


**Admissible Actions**
(1): go to cabinet 1
(2): go to cabinet 2
(3): go to countertop 1
(4): go to cabinet 3
(5): go to cabinet 4
(6): go to cabinet 5
(7): go to cabinet 6
(8): go to drawer 1
(9): go to drawer 2
(10): go to sinkbasin 1
(11): go to cabinet 7
(12): go to cabinet 8
(13): go to coffeemachine 1
(14): go to cabinet 9
(15): go to countertop 2
(16): go to cabinet 10
(17): go to drawer 3
(18): go to drawer 4
(19): go to garbagecan 1
(20): go to drawer 5
(21): go to cabinet 11
(22): go to cabinet 12
(23): go to cabinet 13
(24): go to cabinet 14
(25): go to stoveburner 1
(26): go to countertop 3
(27): go to stoveburner 2
(28): go to stoveburner 3
(29): go to stoveburner 4
(30): go to drawer 6
(31): go to cabinet 15
(32): go to cabinet 16
(33): go to cabinet 17
(34): go to cabinet 18
(35): go to toaster 1
(36): go to drawer 7
(37): go to countertop 4
(38): go to fridge 1
(39): open microwave 1
(40): close microwave 1
(41): put apple 1 in/on microwave 1
(42): heat apple 1 with microwave 1
(43): examine apple 1

**Analysis Guideline**
1. Analyze the **History Information** and determine our current step in the plan and our current place. 
2. List all visible objects related to the task in the current observation.
3. Analyze the objects in the current observation based on the history and the requirements for the current step, and then determine if we can complete the step with the current observation.
4. Analyze and decide on the most appropriate action to take.
5. Summarize the analysis using the following format: "Analysis: [The summarization of the analysis], The Most Appropriate Action: (i which is the integer.): [Selected action]"

**Notes**
1. We must complete each step of the plan in order and cannot skip steps when the previous ones are not finished.
2. For "Go to" actions listed as "go to xxx [n]", interpret this as there are n distinct actions available: "go to xxx 1", "go to xxx 2", ..., "go to xxx n". Select one specific action from these options instead of using "go to xxx [n]".
3. If receptacles such as drawers, cabinets, and so forth are closed in the current observation, we may try to open them.
4. Pay attention to synonyms and ensure clarity in the terms used.
5. If there is no history available, we are at the first step and the current place is "Unknown".
6. The most appropriate action must be in the **Admissible Actions**, and we cannot generate a new action that is not in the **Admissible Actions**.

**Answer**
Please select the most suitable action by following the **Analysis Guideline**, keeping the above **Notes** in mind.
----------------------------------------

----------------------------------------

VLM Response:
Analysis: According to the History Information, we are currently at step 4 of the plan, which is "Heat the apple with the microwave." The current place is in front of the microwave. The current observation shows a microwave and an apple, which are relevant to the current step. The apple has already been picked up from the sink, and we are now in front of the microwave, so we can proceed with heating the apple. The most appropriate action to take next is to open the microwave, place the apple inside, and then use the microwave to heat the apple. However, the action to open the microwave is not listed in the Admissible Actions, so we will have to select the action to put the apple in the microwave, assuming the microwave is already open or will open automatically when we perform the action.

The Most Appropriate Action: (41): put apple 1 in/on microwave 1

----------------------------------------

----------------------------------------

>>> Refine VLM Response and Get Pure Action: put apple 1 in/on microwave 1

----------------------------------------

-----------------------------------------------------------------

Running time: 68.0359365940094 seconds

Total Money: 10.062569999999996

-----------------------------------------------------------------

-----------------------------------------------------------------

Summarization Prompt:
**Context**
Analysis: According to the History Information, we are currently at step 4 of the plan, which is "Heat the apple with the microwave." The current place is in front of the microwave. The current observation shows a microwave and an apple, which are relevant to the current step. The apple has already been picked up from the sink, and we are now in front of the microwave, so we can proceed with heating the apple. The most appropriate action to take next is to open the microwave, place the apple inside, and then use the microwave to heat the apple. However, the action to open the microwave is not listed in the Admissible Actions, so we will have to select the action to put the apple in the microwave, assuming the microwave is already open or will open automatically when we perform the action.

The Most Appropriate Action: (41): put apple 1 in/on microwave 1

**Summary Format**
1. Place: [Specify the current location]
2. Step Index in Plan: [Dispkay the current step number in the plan before taking the current action]
3. Objects: [List the objects relevant to the task]
4. Action: [Describe the most appropriate action without the "(x)" and keep the integer of the object]

Please analyze the **Context** and summarize the analysis using the **Summary Format**.

-----------------------------------------------------------------

-----------------------------------------------------------------

Summarization Response:
1. Place: In front of the microwave
2. Step Index in Plan: Step 4
3. Objects: Apple, Microwave
4. Action: Put apple 1 in/on microwave 1

-----------------------------------------------------------------

-----------------------------------------------------------------

Text Observation:Nothing happens.

--------------------------------------------------------------------------------------------------------------------------task: 20---------------------------------------------------------
--------------------------------------------------------------------------------------------------------------------------------------------------------------------
--------------------------------------------------------------------------------------------------------------------------------------------------------------------
Step:--------------------------------------------------------------------------4-------------------------------------------------------------------------------
----------------------------------------
VLM Prompt:
**Task**  
Please perform as an embodied AI agent. Our final objective is to put a hot apple in garbagecan. Below is the plan for completing the task, the current observation, alongside historical data and admissible actions for the next step. Please determine the best action for the next step!

**Plan**
Below is a detailed step-by-step plan to complete the task.
1. Find an apple.
2. Pick up the apple.
3. Find a microwave.
4. Heat the apple with the microwave.
5. Find a garbage can.
6. Place the heated apple in the garbage can.

**Current Observation**
Displayed is an image capturing the current position of the agent.
<image>

**History Information**
Displayed are the previous observations with their corresponding actions.
Current State 1:
1. Place: Unspecified (no specific location given in the context)
2. Step Index in Plan: 1
3. Objects: Apple, Tray, Sink
4. Action: go to sink 1
Current State 2:
1. Place: Sink
2. Step Index in Plan: 1
3. Objects: Apple 1, Sink 1
4. Action: Take apple 1 from sink 1
Current State 3:
1. Place: At the sink
2. Step Index in Plan: Step 3
3. Objects: Apple, Sink
4. Action: Go to microwave 1
Current State 4:
1. Place: In front of the microwave
2. Step Index in Plan: Step 4
3. Objects: Apple, Microwave
4. Action: Put apple 1 in/on microwave 1


**Admissible Actions**
(1): go to cabinet 1
(2): go to cabinet 2
(3): go to countertop 1
(4): go to cabinet 3
(5): go to cabinet 4
(6): go to cabinet 5
(7): go to sink 1
(8): go to cabinet 6
(9): go to drawer 1
(10): go to drawer 2
(11): go to sinkbasin 1
(12): go to cabinet 7
(13): go to cabinet 8
(14): go to coffeemachine 1
(15): go to cabinet 9
(16): go to countertop 2
(17): go to cabinet 10
(18): go to drawer 3
(19): go to drawer 4
(20): go to garbagecan 1
(21): go to drawer 5
(22): go to cabinet 11
(23): go to cabinet 12
(24): go to cabinet 13
(25): go to cabinet 14
(26): go to stoveburner 1
(27): go to countertop 3
(28): go to stoveburner 2
(29): go to stoveburner 3
(30): go to stoveburner 4
(31): go to drawer 6
(32): go to cabinet 15
(33): go to cabinet 16
(34): go to cabinet 17
(35): go to cabinet 18
(36): go to toaster 1
(37): go to drawer 7
(38): go to countertop 4
(39): go to fridge 1
(40): open microwave 1
(41): close microwave 1
(42): heat apple 1 with microwave 1
(43): examine apple 1

**Analysis Guideline**
1. Analyze the **History Information** and determine our current step in the plan and our current place. 
2. List all visible objects related to the task in the current observation.
3. Analyze the objects in the current observation based on the history and the requirements for the current step, and then determine if we can complete the step with the current observation.
4. Analyze and decide on the most appropriate action to take.
5. Summarize the analysis using the following format: "Analysis: [The summarization of the analysis], The Most Appropriate Action: (i which is the integer.): [Selected action]"

**Notes**
1. We must complete each step of the plan in order and cannot skip steps when the previous ones are not finished.
2. For "Go to" actions listed as "go to xxx [n]", interpret this as there are n distinct actions available: "go to xxx 1", "go to xxx 2", ..., "go to xxx n". Select one specific action from these options instead of using "go to xxx [n]".
3. If receptacles such as drawers, cabinets, and so forth are closed in the current observation, we may try to open them.
4. Pay attention to synonyms and ensure clarity in the terms used.
5. If there is no history available, we are at the first step and the current place is "Unknown".
6. The most appropriate action must be in the **Admissible Actions**, and we cannot generate a new action that is not in the **Admissible Actions**.

**Answer**
Please select the most suitable action by following the **Analysis Guideline**, keeping the above **Notes** in mind.
----------------------------------------

----------------------------------------

VLM Response:
Analysis: According to the History Information, we are currently at Step 4 of the plan, which is to heat the apple with the microwave. The current observation shows the microwave, which indicates that we are in front of the microwave. The visible object related to the task in the current observation is the microwave. Since we are at the correct place and have the necessary object (the microwave) to complete the current step, we can proceed with the plan. The apple is not visible in the observation, but as per the last action taken, it has been put in/on the microwave. The next step is to heat the apple, and the admissible actions include an option to heat the apple with the microwave.

The Most Appropriate Action: (42): heat apple 1 with microwave 1

----------------------------------------

----------------------------------------

>>> Refine VLM Response and Get Pure Action: heat apple 1 with microwave 1

----------------------------------------

-----------------------------------------------------------------

Running time: 14.43210768699646 seconds

Total Money: 10.090139999999996

-----------------------------------------------------------------

-----------------------------------------------------------------

Summarization Prompt:
**Context**
Analysis: According to the History Information, we are currently at Step 4 of the plan, which is to heat the apple with the microwave. The current observation shows the microwave, which indicates that we are in front of the microwave. The visible object related to the task in the current observation is the microwave. Since we are at the correct place and have the necessary object (the microwave) to complete the current step, we can proceed with the plan. The apple is not visible in the observation, but as per the last action taken, it has been put in/on the microwave. The next step is to heat the apple, and the admissible actions include an option to heat the apple with the microwave.

The Most Appropriate Action: (42): heat apple 1 with microwave 1

**Summary Format**
1. Place: [Specify the current location]
2. Step Index in Plan: [Dispkay the current step number in the plan before taking the current action]
3. Objects: [List the objects relevant to the task]
4. Action: [Describe the most appropriate action without the "(x)" and keep the integer of the object]

Please analyze the **Context** and summarize the analysis using the **Summary Format**.

-----------------------------------------------------------------

-----------------------------------------------------------------

Summarization Response:
1. Place: In front of the microwave
2. Step Index in Plan: 4
3. Objects: Microwave, apple (assumed to be in/on the microwave)
4. Action: Heat apple 1 with microwave 1

-----------------------------------------------------------------

-----------------------------------------------------------------

Text Observation:You heat the apple 1 using the microwave 1.

--------------------------------------------------------------------------------------------------------------------------task: 20---------------------------------------------------------
--------------------------------------------------------------------------------------------------------------------------------------------------------------------
--------------------------------------------------------------------------------------------------------------------------------------------------------------------
Step:--------------------------------------------------------------------------5-------------------------------------------------------------------------------
----------------------------------------
VLM Prompt:
**Task**  
Please perform as an embodied AI agent. Our final objective is to put a hot apple in garbagecan. Below is the plan for completing the task, the current observation, alongside historical data and admissible actions for the next step. Please determine the best action for the next step!

**Plan**
Below is a detailed step-by-step plan to complete the task.
1. Find an apple.
2. Pick up the apple.
3. Find a microwave.
4. Heat the apple with the microwave.
5. Find a garbage can.
6. Place the heated apple in the garbage can.

**Current Observation**
Displayed is an image capturing the current position of the agent.
<image>

**History Information**
Displayed are the previous observations with their corresponding actions.
Current State 1:
1. Place: Unspecified (no specific location given in the context)
2. Step Index in Plan: 1
3. Objects: Apple, Tray, Sink
4. Action: go to sink 1
Current State 2:
1. Place: Sink
2. Step Index in Plan: 1
3. Objects: Apple 1, Sink 1
4. Action: Take apple 1 from sink 1
Current State 3:
1. Place: At the sink
2. Step Index in Plan: Step 3
3. Objects: Apple, Sink
4. Action: Go to microwave 1
Current State 4:
1. Place: In front of the microwave
2. Step Index in Plan: Step 4
3. Objects: Apple, Microwave
4. Action: Put apple 1 in/on microwave 1
Current State 5:
1. Place: In front of the microwave
2. Step Index in Plan: 4
3. Objects: Microwave, apple (assumed to be in/on the microwave)
4. Action: Heat apple 1 with microwave 1


**Admissible Actions**
(1): go to cabinet 1
(2): go to cabinet 2
(3): go to countertop 1
(4): go to cabinet 3
(5): go to cabinet 4
(6): go to cabinet 5
(7): go to sink 1
(8): go to cabinet 6
(9): go to drawer 1
(10): go to drawer 2
(11): go to sinkbasin 1
(12): go to cabinet 7
(13): go to cabinet 8
(14): go to coffeemachine 1
(15): go to cabinet 9
(16): go to countertop 2
(17): go to cabinet 10
(18): go to drawer 3
(19): go to drawer 4
(20): go to garbagecan 1
(21): go to drawer 5
(22): go to cabinet 11
(23): go to cabinet 12
(24): go to cabinet 13
(25): go to cabinet 14
(26): go to stoveburner 1
(27): go to countertop 3
(28): go to stoveburner 2
(29): go to stoveburner 3
(30): go to stoveburner 4
(31): go to drawer 6
(32): go to cabinet 15
(33): go to cabinet 16
(34): go to cabinet 17
(35): go to cabinet 18
(36): go to toaster 1
(37): go to drawer 7
(38): go to countertop 4
(39): go to fridge 1
(40): open microwave 1
(41): close microwave 1
(42): examine apple 1

**Analysis Guideline**
1. Analyze the **History Information** and determine our current step in the plan and our current place. 
2. List all visible objects related to the task in the current observation.
3. Analyze the objects in the current observation based on the history and the requirements for the current step, and then determine if we can complete the step with the current observation.
4. Analyze and decide on the most appropriate action to take.
5. Summarize the analysis using the following format: "Analysis: [The summarization of the analysis], The Most Appropriate Action: (i which is the integer.): [Selected action]"

**Notes**
1. We must complete each step of the plan in order and cannot skip steps when the previous ones are not finished.
2. For "Go to" actions listed as "go to xxx [n]", interpret this as there are n distinct actions available: "go to xxx 1", "go to xxx 2", ..., "go to xxx n". Select one specific action from these options instead of using "go to xxx [n]".
3. If receptacles such as drawers, cabinets, and so forth are closed in the current observation, we may try to open them.
4. Pay attention to synonyms and ensure clarity in the terms used.
5. If there is no history available, we are at the first step and the current place is "Unknown".
6. The most appropriate action must be in the **Admissible Actions**, and we cannot generate a new action that is not in the **Admissible Actions**.

**Answer**
Please select the most suitable action by following the **Analysis Guideline**, keeping the above **Notes** in mind.
----------------------------------------

----------------------------------------

VLM Response:
Analysis: According to the History Information, the current step in the plan is Step 5: "Find a garbage can." The previous action was to heat the apple with the microwave, which is Step 4. Since the plan is sequential, and there's no indication in history or observation that the apple has been heated, we can assume that the current step is now Step 5. In the current observation, we see a microwave with a red light, which indicates that the apple inside might have been heated. However, the plan requires us to find a garbage can next, which is not visible in the current observation. Therefore, we need to move to a location where we can find a garbage can.

The Most Appropriate Action: (20): go to garbagecan 1

----------------------------------------

----------------------------------------

>>> Refine VLM Response and Get Pure Action: go to garbagecan 1

----------------------------------------

-----------------------------------------------------------------

Running time: 9.158283710479736 seconds

Total Money: 10.117699999999997

-----------------------------------------------------------------

-----------------------------------------------------------------

Summarization Prompt:
**Context**
Analysis: According to the History Information, the current step in the plan is Step 5: "Find a garbage can." The previous action was to heat the apple with the microwave, which is Step 4. Since the plan is sequential, and there's no indication in history or observation that the apple has been heated, we can assume that the current step is now Step 5. In the current observation, we see a microwave with a red light, which indicates that the apple inside might have been heated. However, the plan requires us to find a garbage can next, which is not visible in the current observation. Therefore, we need to move to a location where we can find a garbage can.

The Most Appropriate Action: (20): go to garbagecan 1

**Summary Format**
1. Place: [Specify the current location]
2. Step Index in Plan: [Dispkay the current step number in the plan before taking the current action]
3. Objects: [List the objects relevant to the task]
4. Action: [Describe the most appropriate action without the "(x)" and keep the integer of the object]

Please analyze the **Context** and summarize the analysis using the **Summary Format**.

-----------------------------------------------------------------

-----------------------------------------------------------------

Summarization Response:
1. Place: Room with the microwave
2. Step Index in Plan: 5
3. Objects: Microwave, apple
4. Action: go to garbagecan 1

-----------------------------------------------------------------

-----------------------------------------------------------------

Text Observation:You arrive at loc 20. On the garbagecan 1, you see a apple 3, and a tomato 1.

--------------------------------------------------------------------------------------------------------------------------task: 20---------------------------------------------------------
--------------------------------------------------------------------------------------------------------------------------------------------------------------------
--------------------------------------------------------------------------------------------------------------------------------------------------------------------
Step:--------------------------------------------------------------------------6-------------------------------------------------------------------------------
----------------------------------------
VLM Prompt:
**Task**  
Please perform as an embodied AI agent. Our final objective is to put a hot apple in garbagecan. Below is the plan for completing the task, the current observation, alongside historical data and admissible actions for the next step. Please determine the best action for the next step!

**Plan**
Below is a detailed step-by-step plan to complete the task.
1. Find an apple.
2. Pick up the apple.
3. Find a microwave.
4. Heat the apple with the microwave.
5. Find a garbage can.
6. Place the heated apple in the garbage can.

**Current Observation**
Displayed is an image capturing the current position of the agent.
<image>

**History Information**
Displayed are the previous observations with their corresponding actions.
Current State 1:
1. Place: Unspecified (no specific location given in the context)
2. Step Index in Plan: 1
3. Objects: Apple, Tray, Sink
4. Action: go to sink 1
Current State 2:
1. Place: Sink
2. Step Index in Plan: 1
3. Objects: Apple 1, Sink 1
4. Action: Take apple 1 from sink 1
Current State 3:
1. Place: At the sink
2. Step Index in Plan: Step 3
3. Objects: Apple, Sink
4. Action: Go to microwave 1
Current State 4:
1. Place: In front of the microwave
2. Step Index in Plan: Step 4
3. Objects: Apple, Microwave
4. Action: Put apple 1 in/on microwave 1
Current State 5:
1. Place: In front of the microwave
2. Step Index in Plan: 4
3. Objects: Microwave, apple (assumed to be in/on the microwave)
4. Action: Heat apple 1 with microwave 1
Current State 6:
1. Place: Room with the microwave
2. Step Index in Plan: 5
3. Objects: Microwave, apple
4. Action: go to garbagecan 1


**Admissible Actions**
(1): go to cabinet 1
(2): go to cabinet 2
(3): go to countertop 1
(4): go to cabinet 3
(5): go to cabinet 4
(6): go to cabinet 5
(7): go to sink 1
(8): go to cabinet 6
(9): go to drawer 1
(10): go to drawer 2
(11): go to sinkbasin 1
(12): go to cabinet 7
(13): go to cabinet 8
(14): go to coffeemachine 1
(15): go to microwave 1
(16): go to cabinet 9
(17): go to countertop 2
(18): go to cabinet 10
(19): go to drawer 3
(20): go to drawer 4
(21): go to drawer 5
(22): go to cabinet 11
(23): go to cabinet 12
(24): go to cabinet 13
(25): go to cabinet 14
(26): go to stoveburner 1
(27): go to countertop 3
(28): go to stoveburner 2
(29): go to stoveburner 3
(30): go to stoveburner 4
(31): go to drawer 6
(32): go to cabinet 15
(33): go to cabinet 16
(34): go to cabinet 17
(35): go to cabinet 18
(36): go to toaster 1
(37): go to drawer 7
(38): go to countertop 4
(39): go to fridge 1
(40): put apple 1 in/on garbagecan 1
(41): examine apple 1

**Analysis Guideline**
1. Analyze the **History Information** and determine our current step in the plan and our current place. 
2. List all visible objects related to the task in the current observation.
3. Analyze the objects in the current observation based on the history and the requirements for the current step, and then determine if we can complete the step with the current observation.
4. Analyze and decide on the most appropriate action to take.
5. Summarize the analysis using the following format: "Analysis: [The summarization of the analysis], The Most Appropriate Action: (i which is the integer.): [Selected action]"

**Notes**
1. We must complete each step of the plan in order and cannot skip steps when the previous ones are not finished.
2. For "Go to" actions listed as "go to xxx [n]", interpret this as there are n distinct actions available: "go to xxx 1", "go to xxx 2", ..., "go to xxx n". Select one specific action from these options instead of using "go to xxx [n]".
3. If receptacles such as drawers, cabinets, and so forth are closed in the current observation, we may try to open them.
4. Pay attention to synonyms and ensure clarity in the terms used.
5. If there is no history available, we are at the first step and the current place is "Unknown".
6. The most appropriate action must be in the **Admissible Actions**, and we cannot generate a new action that is not in the **Admissible Actions**.

**Answer**
Please select the most suitable action by following the **Analysis Guideline**, keeping the above **Notes** in mind.
----------------------------------------

----------------------------------------

VLM Response:
Analysis: According to the History Information, we are currently on step 5 of the plan, which is to find a garbage can. The Current Observation shows an image with a garbage can visible on the right side of the image with an apple already inside it, and a heated apple in the foreground, presumably held by the agent. Since the plan requires placing the heated apple in the garbage can, and the garbage can is visible in the current observation, we can complete this step without needing to go anywhere else.

The Most Appropriate Action: (40): put apple 1 in/on garbagecan 1

----------------------------------------

----------------------------------------

>>> Refine VLM Response and Get Pure Action: put apple 1 in/on garbagecan 1

----------------------------------------

-----------------------------------------------------------------

Running time: 26.523210048675537 seconds

Total Money: 10.144609999999997

-----------------------------------------------------------------

-----------------------------------------------------------------

Summarization Prompt:
**Context**
Analysis: According to the History Information, we are currently on step 5 of the plan, which is to find a garbage can. The Current Observation shows an image with a garbage can visible on the right side of the image with an apple already inside it, and a heated apple in the foreground, presumably held by the agent. Since the plan requires placing the heated apple in the garbage can, and the garbage can is visible in the current observation, we can complete this step without needing to go anywhere else.

The Most Appropriate Action: (40): put apple 1 in/on garbagecan 1

**Summary Format**
1. Place: [Specify the current location]
2. Step Index in Plan: [Dispkay the current step number in the plan before taking the current action]
3. Objects: [List the objects relevant to the task]
4. Action: [Describe the most appropriate action without the "(x)" and keep the integer of the object]

Please analyze the **Context** and summarize the analysis using the **Summary Format**.

-----------------------------------------------------------------

-----------------------------------------------------------------

Summarization Response:
1. Place: Unspecified (the current location is not provided in the context)
2. Step Index in Plan: 5
3. Objects: heated apple, garbage can
4. Action: put apple 1 in garbage can 1

-----------------------------------------------------------------

-----------------------------------------------------------------

Text Observation:You put the apple 1 in/on the garbagecan 1.

-----------------------------------------------------------------