---------------------------------------------------------task: 21---------------------------------------------------------
--------------------------------------------------------------------------------------------------------------------------------------------------------------------
--------------------------------------------------------------------------------------------------------------------------------------------------------------------
Step:--------------------------------------------------------------------------0-------------------------------------------------------------------------------
----------------------------------------
VLM Prompt:
Image1:
<image>
**Instruction**
1. Analyze the provided image to identify all visible household objects, focusing on those relevant to the task description "heat some cup and put it in countertop."
2. Use the analysis of the image and the task hint "The agent must find an object of the desired type, pick it up, go to a microwave, heat the object with the microwave, then find the correct location to place it, and put it down there. The agent does not need to use the microwave button or open the microwave to heat the object, and the agent just needs to do action that is "heat the object with the microwave"." to answer the question: what is the most reasonable action in the choices for the task description "heat some cup and put it in countertop"?
4. Decide and write the answer using the template: The answer is: (i): <selected_action>, where i is the real number. If there is no desired object in the image, search every place based on **Initial Observation** to find the object. And if no one is exactly correct, choose a similar answer.

**Initial Observation**
You are in the middle of a room. Looking quickly around you, you can see cabinet (1-6), microwave (1), countertop (1-2), coffeemachine (1), toaster (1), sink (1), sinkbasin (1), fridge (1)

**Answer Choices**
(1): go to cabinet 1
(2): go to cabinet 2
(3): go to cabinet 3
(4): go to microwave 1
(5): go to cabinet 4
(6): go to cabinet 5
(7): go to cabinet 6
(8): go to countertop 1
(9): go to coffeemachine 1
(10): go to toaster 1
(11): go to countertop 2
(12): go to sink 1
(13): go to sinkbasin 1
(14): go to fridge 1

**Answer**
Let's think step by step by following the instructions.
----------------------------------------

----------------------------------------

Original Response:
The task is to heat some cup and put it on the countertop. From the image, there is no cup visible in the sink or on the visible countertop. Therefore, the agent needs to find a cup.

The Initial Observation mentions that there are cabinets, a microwave, a coffeemachine, a toaster, a sink, a sinkbasin, a fridge, and countertops in the room. Cups are usually kept in cabinets or sometimes in a dishwasher which is not mentioned here.  Since the agent does not need to use the microwave button or open the microwave to heat the object, the agent's first step should be to find a cup. 

The most reasonable action would be to go to one of the cabinets to look for a cup. Since the image does not give any hints about which cabinet might contain cups, any choice of cabinet could be correct. However, it's common to find cups in upper cabinets rather than lower ones due to ease of access. Unfortunately, the image does not indicate which cabinets are upper or lower.

The answer is: (1): go to cabinet 1. If the cup is not found there, the agent can proceed to check the other cabinets in sequence.

----------------------------------------

----------------------------------------

>>> Refine Original VLM Response and Get Pure Action: go to cabinet 1

----------------------------------------

-----------------------------------------------------------------

Running time: 7.946918487548828 seconds

Total Money: 13.175590000000003

-----------------------------------------------------------------

-----------------------------------------------------------------

Text Observation:You arrive at loc 0. The cabinet 1 is closed. 

--------------------------------------------------------------------------------------------------------------------------task: 21---------------------------------------------------------
--------------------------------------------------------------------------------------------------------------------------------------------------------------------
--------------------------------------------------------------------------------------------------------------------------------------------------------------------
Step:--------------------------------------------------------------------------1-------------------------------------------------------------------------------
----------------------------------------
VLM Prompt:
Image1:
<image>
Image2:
<image>
**Instruction**
1. Analyze the provided image to identify all visible household objects, focusing on those relevant to the task description "heat some cup and put it in countertop."
2. Use the analysis of the image and the task hint "The agent must find an object of the desired type, pick it up, go to a microwave, heat the object with the microwave, then find the correct location to place it, and put it down there. The agent does not need to use the microwave button or open the microwave to heat the object, and the agent just needs to do action that is "heat the object with the microwave"." to answer the question: what is the most reasonable action in the choices for the task description "heat some cup and put it in countertop"?
4. Decide and write the answer using the template: The answer is: (i): <selected_action>, where i is the real number. If there is no desired object in the image, search every place based on **Initial Observation** to find the object. And if no one is exactly correct, choose a similar answer.

**Initial Observation**
You are in the middle of a room. Looking quickly around you, you can see cabinet (1-6), microwave (1), countertop (1-2), coffeemachine (1), toaster (1), sink (1), sinkbasin (1), fridge (1)

**Answer Choices**
(1): go to cabinet 2
(2): go to cabinet 3
(3): go to microwave 1
(4): go to cabinet 4
(5): go to cabinet 5
(6): go to cabinet 6
(7): go to countertop 1
(8): go to coffeemachine 1
(9): go to toaster 1
(10): go to countertop 2
(11): go to sink 1
(12): go to sinkbasin 1
(13): go to fridge 1
(14): open cabinet 1
(15): close cabinet 1
(16): examine cabinet 1

**Answer**
Let's think step by step by following the instructions.
----------------------------------------

----------------------------------------

Original Response:
Firstly, we need to find a cup to heat. Cups are commonly found in cabinets. Therefore, the most reasonable first action would be to open a cabinet to look for a cup. Since the image does not show the content inside the cabinets, we should search them based on the initial observation provided.

Looking at the answer choices, the actions related to cabinets are numbers (1), (2), (4), (5), (6), (14), (15), and (16). The actions (1), (2), (4), (5), and (6) are to go to cabinets, but these do not specify opening them. Action (15) is to close a cabinet, which is not the current requirement. Action (16) is to examine cabinet 1, but it is not clear if examining involves opening the cabinet. Therefore, the most reasonable action to take would be action (14), which is to open cabinet 1 to search for a cup.

The answer is: (14): open cabinet 1.

----------------------------------------

----------------------------------------

>>> Refine Original VLM Response and Get Pure Action: open cabinet 1

----------------------------------------

-----------------------------------------------------------------

Running time: 13.09095573425293 seconds

Total Money: 13.201850000000004

-----------------------------------------------------------------

-----------------------------------------------------------------

Text Observation:You open the cabinet 1. The cabinet 1 is open. In it, you see a plate 1.

--------------------------------------------------------------------------------------------------------------------------task: 21---------------------------------------------------------
--------------------------------------------------------------------------------------------------------------------------------------------------------------------
--------------------------------------------------------------------------------------------------------------------------------------------------------------------
Step:--------------------------------------------------------------------------2-------------------------------------------------------------------------------
----------------------------------------
VLM Prompt:
Image1:
<image>
Image2:
<image>
Image3:
<image>
**Instruction**
1. Analyze the provided image to identify all visible household objects, focusing on those relevant to the task description "heat some cup and put it in countertop."
2. Use the analysis of the image and the task hint "The agent must find an object of the desired type, pick it up, go to a microwave, heat the object with the microwave, then find the correct location to place it, and put it down there. The agent does not need to use the microwave button or open the microwave to heat the object, and the agent just needs to do action that is "heat the object with the microwave"." to answer the question: what is the most reasonable action in the choices for the task description "heat some cup and put it in countertop"?
4. Decide and write the answer using the template: The answer is: (i): <selected_action>, where i is the real number. If there is no desired object in the image, search every place based on **Initial Observation** to find the object. And if no one is exactly correct, choose a similar answer.

**Initial Observation**
You are in the middle of a room. Looking quickly around you, you can see cabinet (1-6), microwave (1), countertop (1-2), coffeemachine (1), toaster (1), sink (1), sinkbasin (1), fridge (1)

**Answer Choices**
(1): go to cabinet 2
(2): go to cabinet 3
(3): go to microwave 1
(4): go to cabinet 4
(5): go to cabinet 5
(6): go to cabinet 6
(7): go to countertop 1
(8): go to coffeemachine 1
(9): go to toaster 1
(10): go to countertop 2
(11): go to sink 1
(12): go to sinkbasin 1
(13): go to fridge 1
(14): close cabinet 1
(15): take plate 1 from cabinet 1
(16): examine cabinet 1

**Answer**
Let's think step by step by following the instructions.
----------------------------------------

----------------------------------------

Original Response:
The task requires heating a cup and placing it on the countertop. From the initial observation, we know there is a microwave in the room, which will be essential for heating the cup. However, we have not identified a cup in any of the provided images. Therefore, the first action should be to search for the cup in the cabinets that haven't been opened yet, as cups are commonly stored in cabinets.

The answer is: (1): go to cabinet 2

----------------------------------------

----------------------------------------

>>> Refine Original VLM Response and Get Pure Action: go to cabinet 2

----------------------------------------

-----------------------------------------------------------------

Running time: 5.594681024551392 seconds

Total Money: 13.232390000000004

-----------------------------------------------------------------

-----------------------------------------------------------------

Text Observation:You arrive at loc 1. The cabinet 2 is closed. 

--------------------------------------------------------------------------------------------------------------------------task: 21---------------------------------------------------------
--------------------------------------------------------------------------------------------------------------------------------------------------------------------
--------------------------------------------------------------------------------------------------------------------------------------------------------------------
Step:--------------------------------------------------------------------------3-------------------------------------------------------------------------------
----------------------------------------
VLM Prompt:
Image1:
<image>
Image2:
<image>
Image3:
<image>
**Instruction**
1. Analyze the provided image to identify all visible household objects, focusing on those relevant to the task description "heat some cup and put it in countertop."
2. Use the analysis of the image and the task hint "The agent must find an object of the desired type, pick it up, go to a microwave, heat the object with the microwave, then find the correct location to place it, and put it down there. The agent does not need to use the microwave button or open the microwave to heat the object, and the agent just needs to do action that is "heat the object with the microwave"." to answer the question: what is the most reasonable action in the choices for the task description "heat some cup and put it in countertop"?
4. Decide and write the answer using the template: The answer is: (i): <selected_action>, where i is the real number. If there is no desired object in the image, search every place based on **Initial Observation** to find the object. And if no one is exactly correct, choose a similar answer.

**Initial Observation**
You are in the middle of a room. Looking quickly around you, you can see cabinet (1-6), microwave (1), countertop (1-2), coffeemachine (1), toaster (1), sink (1), sinkbasin (1), fridge (1)

**Answer Choices**
(1): go to cabinet 3
(2): go to microwave 1
(3): go to cabinet 4
(4): go to cabinet 5
(5): go to cabinet 6
(6): go to countertop 1
(7): go to coffeemachine 1
(8): go to toaster 1
(9): go to countertop 2
(10): go to sink 1
(11): go to sinkbasin 1
(12): go to fridge 1
(13): open cabinet 2
(14): close cabinet 2
(15): examine cabinet 2

**Answer**
Let's think step by step by following the instructions.
----------------------------------------

----------------------------------------

Original Response:
Firstly, we need to find a cup to heat. The provided images show cabinet 2 partially open with a plate labeled "plate 1" inside, but no cup is visible. According to the initial observation, we are in a room with multiple cabinets, a microwave, and other household items.

The task description mentions heating a cup and not a plate. Therefore, we should search for a cabinet that likely contains cups. Cabinets near a microwave or coffeemachine are often used to store cups in a household setting.

Given the options, the most reasonable action to find a cup would be to open or examine cabinets that have not been checked yet. Since we can see inside cabinet 2 and no cup is visible, we can rule out choices (13), (14), and (15). The next logical step is to check another cabinet.

The answer is: (1): go to cabinet 3

----------------------------------------

----------------------------------------

>>> Refine Original VLM Response and Get Pure Action: go to cabinet 3

----------------------------------------

-----------------------------------------------------------------

Running time: 14.796488285064697 seconds

Total Money: 13.265410000000005

-----------------------------------------------------------------

-----------------------------------------------------------------

Text Observation:You arrive at loc 2. The cabinet 3 is closed. 

--------------------------------------------------------------------------------------------------------------------------task: 21---------------------------------------------------------
--------------------------------------------------------------------------------------------------------------------------------------------------------------------
--------------------------------------------------------------------------------------------------------------------------------------------------------------------
Step:--------------------------------------------------------------------------4-------------------------------------------------------------------------------
----------------------------------------
VLM Prompt:
Image1:
<image>
Image2:
<image>
Image3:
<image>
**Instruction**
1. Analyze the provided image to identify all visible household objects, focusing on those relevant to the task description "heat some cup and put it in countertop."
2. Use the analysis of the image and the task hint "The agent must find an object of the desired type, pick it up, go to a microwave, heat the object with the microwave, then find the correct location to place it, and put it down there. The agent does not need to use the microwave button or open the microwave to heat the object, and the agent just needs to do action that is "heat the object with the microwave"." to answer the question: what is the most reasonable action in the choices for the task description "heat some cup and put it in countertop"?
4. Decide and write the answer using the template: The answer is: (i): <selected_action>, where i is the real number. If there is no desired object in the image, search every place based on **Initial Observation** to find the object. And if no one is exactly correct, choose a similar answer.

**Initial Observation**
You are in the middle of a room. Looking quickly around you, you can see cabinet (1-6), microwave (1), countertop (1-2), coffeemachine (1), toaster (1), sink (1), sinkbasin (1), fridge (1)

**Answer Choices**
(1): go to cabinet 1
(2): go to microwave 1
(3): go to cabinet 4
(4): go to cabinet 5
(5): go to cabinet 6
(6): go to countertop 1
(7): go to coffeemachine 1
(8): go to toaster 1
(9): go to countertop 2
(10): go to sink 1
(11): go to sinkbasin 1
(12): go to fridge 1
(13): open cabinet 3
(14): close cabinet 3
(15): examine cabinet 3

**Answer**
Let's think step by step by following the instructions.
----------------------------------------

----------------------------------------

Original Response:
First, we need to find a cup to heat. From the initial observation, we know there are several cabinets in the room, but the provided images do not show the inside of the cabinets where cups are typically stored. Therefore, we need to search the cabinets.

Starting with the closest cabinets to the microwave (for efficiency), we would first check cabinet 3, as it is not visible in the image, and it's common to store cups in upper cabinets near a microwave.

The answer is: (13): open cabinet 3.

----------------------------------------

----------------------------------------

>>> Refine Original VLM Response and Get Pure Action: open cabinet 3

----------------------------------------

-----------------------------------------------------------------

Running time: 7.2452404499053955 seconds

Total Money: 13.296210000000004

-----------------------------------------------------------------

-----------------------------------------------------------------

Text Observation:You open the cabinet 3. The cabinet 3 is open. In it, you see a bowl 1, and a plate 1.

--------------------------------------------------------------------------------------------------------------------------task: 21---------------------------------------------------------
--------------------------------------------------------------------------------------------------------------------------------------------------------------------
--------------------------------------------------------------------------------------------------------------------------------------------------------------------
Step:--------------------------------------------------------------------------5-------------------------------------------------------------------------------
----------------------------------------
VLM Prompt:
Image1:
<image>
Image2:
<image>
Image3:
<image>
**Instruction**
1. Analyze the provided image to identify all visible household objects, focusing on those relevant to the task description "heat some cup and put it in countertop."
2. Use the analysis of the image and the task hint "The agent must find an object of the desired type, pick it up, go to a microwave, heat the object with the microwave, then find the correct location to place it, and put it down there. The agent does not need to use the microwave button or open the microwave to heat the object, and the agent just needs to do action that is "heat the object with the microwave"." to answer the question: what is the most reasonable action in the choices for the task description "heat some cup and put it in countertop"?
4. Decide and write the answer using the template: The answer is: (i): <selected_action>, where i is the real number. If there is no desired object in the image, search every place based on **Initial Observation** to find the object. And if no one is exactly correct, choose a similar answer.

**Initial Observation**
You are in the middle of a room. Looking quickly around you, you can see cabinet (1-6), microwave (1), countertop (1-2), coffeemachine (1), toaster (1), sink (1), sinkbasin (1), fridge (1)

**Answer Choices**
(1): go to cabinet 1
(2): go to microwave 1
(3): go to cabinet 4
(4): go to cabinet 5
(5): go to cabinet 6
(6): go to countertop 1
(7): go to coffeemachine 1
(8): go to toaster 1
(9): go to countertop 2
(10): go to sink 1
(11): go to sinkbasin 1
(12): go to fridge 1
(13): close cabinet 3
(14): take bowl 1 from cabinet 3
(15): take plate 1 from cabinet 3
(16): examine cabinet 3

**Answer**
Let's think step by step by following the instructions.
----------------------------------------

----------------------------------------

Original Response:
First, we need to find a cup to heat. The provided images show cabinet 1, cabinet 2, and cabinet 3. Cabinet 3 is open and contains a plate and a bowl, neither of which is a cup. Since the task requires us to heat a cup, we should look for it in the other cabinets that are not visible in the images. 

The most reasonable next action according to the task description and initial observation is to search the other cabinets for a cup. Therefore, we should go to the next cabinets in numerical order.

The answer is: (3): go to cabinet 4.

----------------------------------------

----------------------------------------

>>> Refine Original VLM Response and Get Pure Action: go to cabinet 4

----------------------------------------

-----------------------------------------------------------------

Running time: 9.30170726776123 seconds

Total Money: 13.327680000000004

-----------------------------------------------------------------

-----------------------------------------------------------------

Text Observation:You arrive at loc 4. The cabinet 4 is closed. 

--------------------------------------------------------------------------------------------------------------------------task: 21---------------------------------------------------------
--------------------------------------------------------------------------------------------------------------------------------------------------------------------
--------------------------------------------------------------------------------------------------------------------------------------------------------------------
Step:--------------------------------------------------------------------------6-------------------------------------------------------------------------------
----------------------------------------
VLM Prompt:
Image1:
<image>
Image2:
<image>
Image3:
<image>
**Instruction**
1. Analyze the provided image to identify all visible household objects, focusing on those relevant to the task description "heat some cup and put it in countertop."
2. Use the analysis of the image and the task hint "The agent must find an object of the desired type, pick it up, go to a microwave, heat the object with the microwave, then find the correct location to place it, and put it down there. The agent does not need to use the microwave button or open the microwave to heat the object, and the agent just needs to do action that is "heat the object with the microwave"." to answer the question: what is the most reasonable action in the choices for the task description "heat some cup and put it in countertop"?
4. Decide and write the answer using the template: The answer is: (i): <selected_action>, where i is the real number. If there is no desired object in the image, search every place based on **Initial Observation** to find the object. And if no one is exactly correct, choose a similar answer.

**Initial Observation**
You are in the middle of a room. Looking quickly around you, you can see cabinet (1-6), microwave (1), countertop (1-2), coffeemachine (1), toaster (1), sink (1), sinkbasin (1), fridge (1)

**Answer Choices**
(1): go to cabinet 1
(2): go to cabinet 2
(3): go to microwave 1
(4): go to cabinet 5
(5): go to cabinet 6
(6): go to countertop 1
(7): go to coffeemachine 1
(8): go to toaster 1
(9): go to countertop 2
(10): go to sink 1
(11): go to sinkbasin 1
(12): go to fridge 1
(13): open cabinet 4
(14): close cabinet 4
(15): examine cabinet 4

**Answer**
Let's think step by step by following the instructions.
----------------------------------------

----------------------------------------

Original Response:
Firstly, we need to find a cup to heat in the microwave. Looking at the images provided, there are no cups visible in the open cabinets or on the countertops. Therefore, we need to search inside the cabinets for a cup.

The most logical place to start looking for a cup would be in the cabinets where we typically store cups and other dishware. Cabinet 1 is already open, and it contains no cups. Cabinet 2 is also open and contains a plate but no cup. Cabinet 3 is partially open, and we can see a bowl but no cup. Cabinet 4 and 5 are closed, so we cannot see inside them. Cabinet 6 is not visible in the images provided.

Since cabinets 1, 2, and 3 are open and do not contain a cup, and we cannot see inside cabinet 6, the next reasonable action would be to search inside the closed cabinets, starting with cabinet 4.

The answer is: (13): open cabinet 4

----------------------------------------

----------------------------------------

>>> Refine Original VLM Response and Get Pure Action: open cabinet 4

----------------------------------------

-----------------------------------------------------------------

Running time: 20.124388694763184 seconds

Total Money: 13.361330000000004

-----------------------------------------------------------------

-----------------------------------------------------------------

Text Observation:You open the cabinet 4. The cabinet 4 is open. In it, you see a saltshaker 1.

--------------------------------------------------------------------------------------------------------------------------task: 21---------------------------------------------------------
--------------------------------------------------------------------------------------------------------------------------------------------------------------------
--------------------------------------------------------------------------------------------------------------------------------------------------------------------
Step:--------------------------------------------------------------------------7-------------------------------------------------------------------------------
----------------------------------------
VLM Prompt:
Image1:
<image>
Image2:
<image>
Image3:
<image>
**Instruction**
1. Analyze the provided image to identify all visible household objects, focusing on those relevant to the task description "heat some cup and put it in countertop."
2. Use the analysis of the image and the task hint "The agent must find an object of the desired type, pick it up, go to a microwave, heat the object with the microwave, then find the correct location to place it, and put it down there. The agent does not need to use the microwave button or open the microwave to heat the object, and the agent just needs to do action that is "heat the object with the microwave"." to answer the question: what is the most reasonable action in the choices for the task description "heat some cup and put it in countertop"?
4. Decide and write the answer using the template: The answer is: (i): <selected_action>, where i is the real number. If there is no desired object in the image, search every place based on **Initial Observation** to find the object. And if no one is exactly correct, choose a similar answer.

**Initial Observation**
You are in the middle of a room. Looking quickly around you, you can see cabinet (1-6), microwave (1), countertop (1-2), coffeemachine (1), toaster (1), sink (1), sinkbasin (1), fridge (1)

**Answer Choices**
(1): go to cabinet 1
(2): go to cabinet 2
(3): go to cabinet 3
(4): go to microwave 1
(5): go to cabinet 5
(6): go to cabinet 6
(7): go to countertop 1
(8): go to coffeemachine 1
(9): go to toaster 1
(10): go to countertop 2
(11): go to sink 1
(12): go to sinkbasin 1
(13): go to fridge 1
(14): close cabinet 4
(15): take saltshaker 1 from cabinet 4
(16): examine cabinet 4

**Answer**
Let's think step by step by following the instructions.
----------------------------------------

----------------------------------------

Original Response:
The task is to heat some cup and put it on the countertop. 

Initial Observation tells us there are cabinets (1-6), a microwave (1), and countertops (1-2). 

Looking at the images provided: 
- Image 1 shows us the inside of cabinet 1, cabinet 2, and cabinet 3. There is a plate in cabinet 2 but no cup.
- Image 2 and Image 3 show us the outside of cabinet 4 and cabinet 5 and a microwave. Also, there's a saltshaker in cabinet 4, but again no cup.

To complete the task, we first need to find a cup. Since no cup is visible in the images provided, we must search every place based on Initial Observation. The most reasonable action would be to search the cabinets that we have not seen inside yet, which are cabinet 4, cabinet 5, and cabinet 6. 

Since we can see the outside of cabinet 4 and cabinet 5 in Image 2 and Image 3, and considering the agent does not need to use the microwave button or open the microwave to heat the object, the next best action is to search the one cabinet we have not seen inside or outside yet, which is cabinet 6.

The answer is: (6): go to cabinet 6.

----------------------------------------

----------------------------------------

>>> Refine Original VLM Response and Get Pure Action: go to cabinet 6

----------------------------------------

-----------------------------------------------------------------

Running time: 14.378192901611328 seconds

Total Money: 13.397230000000004

-----------------------------------------------------------------

-----------------------------------------------------------------

Text Observation:You arrive at loc 6. The cabinet 6 is closed. 

--------------------------------------------------------------------------------------------------------------------------task: 21---------------------------------------------------------
--------------------------------------------------------------------------------------------------------------------------------------------------------------------
--------------------------------------------------------------------------------------------------------------------------------------------------------------------
Step:--------------------------------------------------------------------------8-------------------------------------------------------------------------------
----------------------------------------
VLM Prompt:
Image1:
<image>
Image2:
<image>
Image3:
<image>
**Instruction**
1. Analyze the provided image to identify all visible household objects, focusing on those relevant to the task description "heat some cup and put it in countertop."
2. Use the analysis of the image and the task hint "The agent must find an object of the desired type, pick it up, go to a microwave, heat the object with the microwave, then find the correct location to place it, and put it down there. The agent does not need to use the microwave button or open the microwave to heat the object, and the agent just needs to do action that is "heat the object with the microwave"." to answer the question: what is the most reasonable action in the choices for the task description "heat some cup and put it in countertop"?
4. Decide and write the answer using the template: The answer is: (i): <selected_action>, where i is the real number. If there is no desired object in the image, search every place based on **Initial Observation** to find the object. And if no one is exactly correct, choose a similar answer.

**Initial Observation**
You are in the middle of a room. Looking quickly around you, you can see cabinet (1-6), microwave (1), countertop (1-2), coffeemachine (1), toaster (1), sink (1), sinkbasin (1), fridge (1)

**Answer Choices**
(1): go to cabinet 1
(2): go to cabinet 2
(3): go to cabinet 3
(4): go to microwave 1
(5): go to cabinet 5
(6): go to countertop 1
(7): go to coffeemachine 1
(8): go to toaster 1
(9): go to countertop 2
(10): go to sink 1
(11): go to sinkbasin 1
(12): go to fridge 1
(13): open cabinet 6
(14): close cabinet 6
(15): examine cabinet 6

**Answer**
Let's think step by step by following the instructions.
----------------------------------------

----------------------------------------

Original Response:
First, we need to identify the objects relevant to the task "heat some cup and put it in countertop." From the initial observation, we know there are cabinets, a microwave, and countertops present.

In Image 1, we see cabinet 4 and cabinet 5, and a microwave on the countertop. No cups are visible.
In Image 2, we see the same cabinets and microwave with a saltshaker on the countertop, but still no cups.
In Image 3, we see cabinets 2 and 3 open with a plate and bowl visible, but no cups.

Since we need to find a cup to heat, the most logical step would be to search the cabinets that we have not seen inside yet. Cabinet 6 is partially open, which suggests it may contain the desired object.

Therefore, the most reasonable action is to further explore cabinet 6 for the cup. Since it is already partially open, the next step would be to examine the contents of the cabinet.

The answer is: (15): examine cabinet 6.

----------------------------------------

----------------------------------------

>>> Refine Original VLM Response and Get Pure Action: examine cabinet 6

----------------------------------------

-----------------------------------------------------------------

Running time: 9.875668287277222 seconds

Total Money: 13.431210000000004

-----------------------------------------------------------------

-----------------------------------------------------------------

Text Observation:On the cabinet 6, you see a bowl 1, and a plate 1.

--------------------------------------------------------------------------------------------------------------------------task: 21---------------------------------------------------------
--------------------------------------------------------------------------------------------------------------------------------------------------------------------
--------------------------------------------------------------------------------------------------------------------------------------------------------------------
Step:--------------------------------------------------------------------------9-------------------------------------------------------------------------------
----------------------------------------
VLM Prompt:
Image1:
<image>
Image2:
<image>
Image3:
<image>
**Instruction**
1. Analyze the provided image to identify all visible household objects, focusing on those relevant to the task description "heat some cup and put it in countertop."
2. Use the analysis of the image and the task hint "The agent must find an object of the desired type, pick it up, go to a microwave, heat the object with the microwave, then find the correct location to place it, and put it down there. The agent does not need to use the microwave button or open the microwave to heat the object, and the agent just needs to do action that is "heat the object with the microwave"." to answer the question: what is the most reasonable action in the choices for the task description "heat some cup and put it in countertop"?
4. Decide and write the answer using the template: The answer is: (i): <selected_action>, where i is the real number. If there is no desired object in the image, search every place based on **Initial Observation** to find the object. And if no one is exactly correct, choose a similar answer.

**Initial Observation**
You are in the middle of a room. Looking quickly around you, you can see cabinet (1-6), microwave (1), countertop (1-2), coffeemachine (1), toaster (1), sink (1), sinkbasin (1), fridge (1)

**Answer Choices**
(1): go to cabinet 1
(2): go to cabinet 2
(3): go to cabinet 3
(4): go to microwave 1
(5): go to cabinet 4
(6): go to cabinet 5
(7): go to countertop 1
(8): go to coffeemachine 1
(9): go to toaster 1
(10): go to countertop 2
(11): go to sink 1
(12): go to sinkbasin 1
(13): go to fridge 1
(14): open cabinet 6
(15): close cabinet 6
(16): take bowl 1 from cabinet 6
(17): take plate 1 from cabinet 6

**Answer**
Let's think step by step by following the instructions.
----------------------------------------

----------------------------------------

Original Response:
The task is to heat some cup and put it on the countertop. To achieve this, we need to find a cup, heat it in the microwave, and then place it on the countertop.

From the initial observation, we know where the microwave is located, but we need to find a cup. There are no cups visible in the provided images; however, we can see that cabinet 6 is open, and it contains a bowl and a plate, which are not the objects we are looking for.

Our best course of action is to search other cabinets that might contain a cup. Since we know the location of the cabinets and the microwave, we do not need to move to the microwave or countertop yet.

The most reasonable action from the choices given to find a cup would be to go to another cabinet. Cabinet 1, 2, 3, 4, and 5 are closed, so any of these could potentially contain a cup.

The answer is: (1): go to cabinet 1

----------------------------------------

----------------------------------------

>>> Refine Original VLM Response and Get Pure Action: go to cabinet 1

----------------------------------------

-----------------------------------------------------------------

Running time: 11.620150327682495 seconds

Total Money: 13.465200000000003

-----------------------------------------------------------------

-----------------------------------------------------------------

Text Observation:You arrive at loc 0. The cabinet 1 is open. On the cabinet 1, you see a bowl 1, and a plate 1.

--------------------------------------------------------------------------------------------------------------------------task: 21---------------------------------------------------------
--------------------------------------------------------------------------------------------------------------------------------------------------------------------
--------------------------------------------------------------------------------------------------------------------------------------------------------------------
Step:--------------------------------------------------------------------------10-------------------------------------------------------------------------------
----------------------------------------
VLM Prompt:
Image1:
<image>
Image2:
<image>
Image3:
<image>
**Instruction**
1. Analyze the provided image to identify all visible household objects, focusing on those relevant to the task description "heat some cup and put it in countertop."
2. Use the analysis of the image and the task hint "The agent must find an object of the desired type, pick it up, go to a microwave, heat the object with the microwave, then find the correct location to place it, and put it down there. The agent does not need to use the microwave button or open the microwave to heat the object, and the agent just needs to do action that is "heat the object with the microwave"." to answer the question: what is the most reasonable action in the choices for the task description "heat some cup and put it in countertop"?
4. Decide and write the answer using the template: The answer is: (i): <selected_action>, where i is the real number. If there is no desired object in the image, search every place based on **Initial Observation** to find the object. And if no one is exactly correct, choose a similar answer.

**Initial Observation**
You are in the middle of a room. Looking quickly around you, you can see cabinet (1-6), microwave (1), countertop (1-2), coffeemachine (1), toaster (1), sink (1), sinkbasin (1), fridge (1)

**Answer Choices**
(1): go to cabinet 2
(2): go to cabinet 3
(3): go to microwave 1
(4): go to cabinet 4
(5): go to cabinet 5
(6): go to countertop 1
(7): go to coffeemachine 1
(8): go to toaster 1
(9): go to countertop 2
(10): go to sink 1
(11): go to sinkbasin 1
(12): go to fridge 1
(13): open cabinet 1
(14): close cabinet 1
(15): take bowl 1 from cabinet 1
(16): take plate 1 from cabinet 1
(17): examine cabinet 1

**Answer**
Let's think step by step by following the instructions.
----------------------------------------

----------------------------------------

Original Response:
Firstly, we need to find a cup to heat, as per the task description "heat some cup and put it in countertop." From the initial observation, we know there are several cabinets in the room. We should check inside the cabinets for a cup because that's a common place where cups are stored. 

Looking at the images provided, Image 1 and Image 2 are identical, and Image 3 shows only one cabinet (cabinet 1) opened with a plate and a bowl inside. There is no cup visible in the open cabinet. Since we haven't found a cup yet, we should continue searching the cabinets.

Based on the task hint, we do not need to perform any actions with the microwave other than the "heat the object with the microwave" action, and we do not need to concern ourselves with the coffee machine, toaster, sink, sink basin, or fridge at this time. 

Therefore, the most reasonable action from the choices provided would be to continue searching the cabinets for a cup. The next step is to open another cabinet since we have already examined cabinet 1 and found no cup there.

The answer is: (13): open cabinet 1.

----------------------------------------

----------------------------------------

>>> Refine Original VLM Response and Get Pure Action: open cabinet 1

----------------------------------------

-----------------------------------------------------------------

Running time: 12.432805061340332 seconds

Total Money: 13.500230000000004

-----------------------------------------------------------------

-----------------------------------------------------------------

Text Observation:Nothing happens.

--------------------------------------------------------------------------------------------------------------------------task: 21---------------------------------------------------------
--------------------------------------------------------------------------------------------------------------------------------------------------------------------
--------------------------------------------------------------------------------------------------------------------------------------------------------------------
Step:--------------------------------------------------------------------------11-------------------------------------------------------------------------------
----------------------------------------
VLM Prompt:
Image1:
<image>
Image2:
<image>
Image3:
<image>
**Instruction**
1. Analyze the provided image to identify all visible household objects, focusing on those relevant to the task description "heat some cup and put it in countertop."
2. Use the analysis of the image and the task hint "The agent must find an object of the desired type, pick it up, go to a microwave, heat the object with the microwave, then find the correct location to place it, and put it down there. The agent does not need to use the microwave button or open the microwave to heat the object, and the agent just needs to do action that is "heat the object with the microwave"." to answer the question: what is the most reasonable action in the choices for the task description "heat some cup and put it in countertop"?
4. Decide and write the answer using the template: The answer is: (i): <selected_action>, where i is the real number. If there is no desired object in the image, search every place based on **Initial Observation** to find the object. And if no one is exactly correct, choose a similar answer.

**Initial Observation**
You are in the middle of a room. Looking quickly around you, you can see cabinet (1-6), microwave (1), countertop (1-2), coffeemachine (1), toaster (1), sink (1), sinkbasin (1), fridge (1)

**Answer Choices**
(1): go to cabinet 2
(2): go to cabinet 3
(3): go to microwave 1
(4): go to cabinet 4
(5): go to cabinet 5
(6): go to cabinet 6
(7): go to countertop 1
(8): go to coffeemachine 1
(9): go to toaster 1
(10): go to countertop 2
(11): go to sink 1
(12): go to sinkbasin 1
(13): go to fridge 1
(14): close cabinet 1
(15): take bowl 1 from cabinet 1
(16): take plate 1 from cabinet 1
(17): examine cabinet 1

**Answer**
Let's think step by step by following the instructions.
----------------------------------------

----------------------------------------

Original Response:
The task is to "heat some cup and put it in countertop." Looking at the images provided, we can see that there is no cup visible inside cabinet 1. Since the task specifies heating a cup, we need to find a cup first. Cabinet 1 has a bowl and a plate, but no cup. 

Based on the **Initial Observation**, there are more cabinets to check (cabinet 2-6). We should search every place to find the cup. The most reasonable next action would be to go to the next cabinet to continue the search for a cup.

The answer is: (1): go to cabinet 2

----------------------------------------

----------------------------------------

>>> Refine Original VLM Response and Get Pure Action: go to cabinet 2

----------------------------------------

-----------------------------------------------------------------

Running time: 8.414184093475342 seconds

Total Money: 13.531940000000004

-----------------------------------------------------------------

-----------------------------------------------------------------

Text Observation:You arrive at loc 1. The cabinet 2 is closed. 

--------------------------------------------------------------------------------------------------------------------------task: 21---------------------------------------------------------
--------------------------------------------------------------------------------------------------------------------------------------------------------------------
--------------------------------------------------------------------------------------------------------------------------------------------------------------------
Step:--------------------------------------------------------------------------12-------------------------------------------------------------------------------
----------------------------------------
VLM Prompt:
Image1:
<image>
Image2:
<image>
Image3:
<image>
**Instruction**
1. Analyze the provided image to identify all visible household objects, focusing on those relevant to the task description "heat some cup and put it in countertop."
2. Use the analysis of the image and the task hint "The agent must find an object of the desired type, pick it up, go to a microwave, heat the object with the microwave, then find the correct location to place it, and put it down there. The agent does not need to use the microwave button or open the microwave to heat the object, and the agent just needs to do action that is "heat the object with the microwave"." to answer the question: what is the most reasonable action in the choices for the task description "heat some cup and put it in countertop"?
4. Decide and write the answer using the template: The answer is: (i): <selected_action>, where i is the real number. If there is no desired object in the image, search every place based on **Initial Observation** to find the object. And if no one is exactly correct, choose a similar answer.

**Initial Observation**
You are in the middle of a room. Looking quickly around you, you can see cabinet (1-6), microwave (1), countertop (1-2), coffeemachine (1), toaster (1), sink (1), sinkbasin (1), fridge (1)

**Answer Choices**
(1): go to cabinet 3
(2): go to microwave 1
(3): go to cabinet 4
(4): go to cabinet 5
(5): go to cabinet 6
(6): go to countertop 1
(7): go to coffeemachine 1
(8): go to toaster 1
(9): go to countertop 2
(10): go to sink 1
(11): go to sinkbasin 1
(12): go to fridge 1
(13): open cabinet 2
(14): close cabinet 2
(15): examine cabinet 2

**Answer**
Let's think step by step by following the instructions.
----------------------------------------

----------------------------------------

Original Response:
The task description is "heat some cup and put it in countertop." First, we need to find a cup. The initial observation mentions several cabinets, so it's reasonable to search there for a cup. 

Analyzing the image, no cup is visible; only a plate and a bowl are seen on the shelf. Following the initial observation, we will search the cabinets for a cup.

The most reasonable action would be to open a cabinet to find a cup. Since we are already facing cabinet 2, we should start there.

The answer is: (13): open cabinet 2.

----------------------------------------

----------------------------------------

>>> Refine Original VLM Response and Get Pure Action: open cabinet 2

----------------------------------------

-----------------------------------------------------------------

Running time: 5.9264538288116455 seconds

Total Money: 13.563100000000004

-----------------------------------------------------------------

-----------------------------------------------------------------

Text Observation:You open the cabinet 2. The cabinet 2 is open. In it, you see a bowl 1, and a plate 1.

--------------------------------------------------------------------------------------------------------------------------task: 21---------------------------------------------------------
--------------------------------------------------------------------------------------------------------------------------------------------------------------------
--------------------------------------------------------------------------------------------------------------------------------------------------------------------
Step:--------------------------------------------------------------------------13-------------------------------------------------------------------------------
----------------------------------------
VLM Prompt:
Image1:
<image>
Image2:
<image>
Image3:
<image>
**Instruction**
1. Analyze the provided image to identify all visible household objects, focusing on those relevant to the task description "heat some cup and put it in countertop."
2. Use the analysis of the image and the task hint "The agent must find an object of the desired type, pick it up, go to a microwave, heat the object with the microwave, then find the correct location to place it, and put it down there. The agent does not need to use the microwave button or open the microwave to heat the object, and the agent just needs to do action that is "heat the object with the microwave"." to answer the question: what is the most reasonable action in the choices for the task description "heat some cup and put it in countertop"?
4. Decide and write the answer using the template: The answer is: (i): <selected_action>, where i is the real number. If there is no desired object in the image, search every place based on **Initial Observation** to find the object. And if no one is exactly correct, choose a similar answer.

**Initial Observation**
You are in the middle of a room. Looking quickly around you, you can see cabinet (1-6), microwave (1), countertop (1-2), coffeemachine (1), toaster (1), sink (1), sinkbasin (1), fridge (1)

**Answer Choices**
(1): go to cabinet 1
(2): go to cabinet 3
(3): go to microwave 1
(4): go to cabinet 4
(5): go to cabinet 5
(6): go to cabinet 6
(7): go to countertop 1
(8): go to coffeemachine 1
(9): go to toaster 1
(10): go to countertop 2
(11): go to sink 1
(12): go to sinkbasin 1
(13): go to fridge 1
(14): close cabinet 2
(15): take bowl 1 from cabinet 2
(16): take plate 1 from cabinet 2
(17): examine cabinet 2

**Answer**
Let's think step by step by following the instructions.
----------------------------------------

----------------------------------------

Original Response:
The task description is to "heat some cup and put it in countertop." There is no cup visible in the provided image within cabinet 2. Since we need to heat a cup with the microwave, we need to first find a cup. The image shows cabinet 2 open with no cup, so we need to search other cabinets.

The most reasonable action would be to go to the other cabinets to find a cup. Since cabinet 1 and cabinet 3 are not mentioned to have been searched in the initial observation, it is reasonable to check these next.

The answer is: (1): go to cabinet 1

----------------------------------------

----------------------------------------

>>> Refine Original VLM Response and Get Pure Action: go to cabinet 1

----------------------------------------

-----------------------------------------------------------------

Running time: 9.425639867782593 seconds

Total Money: 13.594660000000005

-----------------------------------------------------------------

-----------------------------------------------------------------

Text Observation:You arrive at loc 0. The cabinet 1 is open. On the cabinet 1, you see a bowl 1, and a plate 1.

--------------------------------------------------------------------------------------------------------------------------task: 21---------------------------------------------------------
--------------------------------------------------------------------------------------------------------------------------------------------------------------------
--------------------------------------------------------------------------------------------------------------------------------------------------------------------
Step:--------------------------------------------------------------------------14-------------------------------------------------------------------------------
----------------------------------------
VLM Prompt:
Image1:
<image>
Image2:
<image>
Image3:
<image>
**Instruction**
1. Analyze the provided image to identify all visible household objects, focusing on those relevant to the task description "heat some cup and put it in countertop."
2. Use the analysis of the image and the task hint "The agent must find an object of the desired type, pick it up, go to a microwave, heat the object with the microwave, then find the correct location to place it, and put it down there. The agent does not need to use the microwave button or open the microwave to heat the object, and the agent just needs to do action that is "heat the object with the microwave"." to answer the question: what is the most reasonable action in the choices for the task description "heat some cup and put it in countertop"?
4. Decide and write the answer using the template: The answer is: (i): <selected_action>, where i is the real number. If there is no desired object in the image, search every place based on **Initial Observation** to find the object. And if no one is exactly correct, choose a similar answer.

**Initial Observation**
You are in the middle of a room. Looking quickly around you, you can see cabinet (1-6), microwave (1), countertop (1-2), coffeemachine (1), toaster (1), sink (1), sinkbasin (1), fridge (1)

**Answer Choices**
(1): go to cabinet 3
(2): go to microwave 1
(3): go to cabinet 4
(4): go to cabinet 5
(5): go to cabinet 6
(6): go to countertop 1
(7): go to coffeemachine 1
(8): go to toaster 1
(9): go to countertop 2
(10): go to sink 1
(11): go to sinkbasin 1
(12): go to fridge 1
(13): open cabinet 1
(14): close cabinet 1
(15): take bowl 1 from cabinet 1
(16): take plate 1 from cabinet 1
(17): examine cabinet 1

**Answer**
Let's think step by step by following the instructions.
----------------------------------------

----------------------------------------

Original Response:
First, we need to identify a cup to heat, but in the provided image, there are no visible cups. There are only a plate and a bowl labeled as "plate 1" and "bowl 1" respectively, and they are not suitable for heating liquids like a cup would be. Since we are instructed to find a cup, we need to search every place based on the initial observation.

The initial observation mentions cabinets (1-6), which are typical places where cups are stored. Since cabinet 1 is already open and does not contain a cup, we can rule it out. The next logical step would be to look into the other cabinets.

Given the task description and the task hint, the most reasonable action from the choices provided would be to go to the next closest cabinet to search for a cup. Since we can't see the contents of cabinets 3, 4, 5, and 6 in the image, we must choose one of them to continue our search.

The answer is: (1): go to cabinet 3.

----------------------------------------

----------------------------------------

>>> Refine Original VLM Response and Get Pure Action: go to cabinet 3

----------------------------------------

-----------------------------------------------------------------

Running time: 9.612580299377441 seconds

Total Money: 13.628910000000005

-----------------------------------------------------------------

-----------------------------------------------------------------

Text Observation:You arrive at loc 2. The cabinet 3 is open. On the cabinet 3, you see a bowl 1, and a plate 1.

--------------------------------------------------------------------------------------------------------------------------task: 21---------------------------------------------------------
--------------------------------------------------------------------------------------------------------------------------------------------------------------------
--------------------------------------------------------------------------------------------------------------------------------------------------------------------
Step:--------------------------------------------------------------------------15-------------------------------------------------------------------------------
----------------------------------------
VLM Prompt:
Image1:
<image>
Image2:
<image>
Image3:
<image>
**Instruction**
1. Analyze the provided image to identify all visible household objects, focusing on those relevant to the task description "heat some cup and put it in countertop."
2. Use the analysis of the image and the task hint "The agent must find an object of the desired type, pick it up, go to a microwave, heat the object with the microwave, then find the correct location to place it, and put it down there. The agent does not need to use the microwave button or open the microwave to heat the object, and the agent just needs to do action that is "heat the object with the microwave"." to answer the question: what is the most reasonable action in the choices for the task description "heat some cup and put it in countertop"?
4. Decide and write the answer using the template: The answer is: (i): <selected_action>, where i is the real number. If there is no desired object in the image, search every place based on **Initial Observation** to find the object. And if no one is exactly correct, choose a similar answer.

**Initial Observation**
You are in the middle of a room. Looking quickly around you, you can see cabinet (1-6), microwave (1), countertop (1-2), coffeemachine (1), toaster (1), sink (1), sinkbasin (1), fridge (1)

**Answer Choices**
(1): go to cabinet 2
(2): go to microwave 1
(3): go to cabinet 4
(4): go to cabinet 5
(5): go to cabinet 6
(6): go to countertop 1
(7): go to coffeemachine 1
(8): go to toaster 1
(9): go to countertop 2
(10): go to sink 1
(11): go to sinkbasin 1
(12): go to fridge 1
(13): open cabinet 3
(14): close cabinet 3
(15): take bowl 1 from cabinet 3
(16): take plate 1 from cabinet 3
(17): examine cabinet 3

**Answer**
Let's think step by step by following the instructions.
----------------------------------------

----------------------------------------

Original Response:
First, we need to find a cup to heat as per the task description "heat some cup and put it in countertop." In the images provided, we can see cabinet 3 is open, revealing a bowl (bowl 1) and a plate (plate 1). However, there is no cup visible in the open cabinet or elsewhere in the images.

Based on the initial observation, there are multiple cabinets that have not been checked yet (cabinet 1, 2, 4, 5, 6). Since the task requires a cup, and cabinet 3 does not contain a cup, we should search the other cabinets. 

The most reasonable next action would be to go to another cabinet to find a cup. Among the available options, going to cabinet 2 is the closest logical step since it is next to cabinet 3, which is already open.

The answer is: (1): go to cabinet 2.

----------------------------------------

----------------------------------------

>>> Refine Original VLM Response and Get Pure Action: go to cabinet 2

----------------------------------------

-----------------------------------------------------------------

Running time: 9.09998106956482 seconds

Total Money: 13.662470000000004

-----------------------------------------------------------------

-----------------------------------------------------------------

Text Observation:You arrive at loc 1. The cabinet 2 is open. On the cabinet 2, you see a bowl 1, and a plate 1.

--------------------------------------------------------------------------------------------------------------------------task: 21---------------------------------------------------------
--------------------------------------------------------------------------------------------------------------------------------------------------------------------
--------------------------------------------------------------------------------------------------------------------------------------------------------------------
Step:--------------------------------------------------------------------------16-------------------------------------------------------------------------------
----------------------------------------
VLM Prompt:
Image1:
<image>
Image2:
<image>
Image3:
<image>
**Instruction**
1. Analyze the provided image to identify all visible household objects, focusing on those relevant to the task description "heat some cup and put it in countertop."
2. Use the analysis of the image and the task hint "The agent must find an object of the desired type, pick it up, go to a microwave, heat the object with the microwave, then find the correct location to place it, and put it down there. The agent does not need to use the microwave button or open the microwave to heat the object, and the agent just needs to do action that is "heat the object with the microwave"." to answer the question: what is the most reasonable action in the choices for the task description "heat some cup and put it in countertop"?
4. Decide and write the answer using the template: The answer is: (i): <selected_action>, where i is the real number. If there is no desired object in the image, search every place based on **Initial Observation** to find the object. And if no one is exactly correct, choose a similar answer.

**Initial Observation**
You are in the middle of a room. Looking quickly around you, you can see cabinet (1-6), microwave (1), countertop (1-2), coffeemachine (1), toaster (1), sink (1), sinkbasin (1), fridge (1)

**Answer Choices**
(1): go to microwave 1
(2): go to cabinet 4
(3): go to cabinet 5
(4): go to cabinet 6
(5): go to countertop 1
(6): go to coffeemachine 1
(7): go to toaster 1
(8): go to countertop 2
(9): go to sink 1
(10): go to sinkbasin 1
(11): go to fridge 1
(12): open cabinet 2
(13): close cabinet 2
(14): take bowl 1 from cabinet 2
(15): take plate 1 from cabinet 2
(16): examine cabinet 2

**Answer**
Let's think step by step by following the instructions.
----------------------------------------

----------------------------------------

Original Response:
Firstly, we need to identify a "cup" as it is the object we want to heat and place on the countertop. In the images provided, we can see cabinet 2 is open, revealing a plate and a bowl, but no cup is visible. Since the task description specifically mentions a cup, we'll need to search the cabinets that are not visible in the image provided, as per the initial observation, there might be more cabinets (cabinet 4, 5, and 6) that could contain a cup.

Given the task description and the hint provided, the most reasonable action would be to first find a cup. Since we cannot see a cup in the open cabinet 2, we should check other cabinets. 

The answer is: (2): go to cabinet 4.

----------------------------------------

----------------------------------------

>>> Refine Original VLM Response and Get Pure Action: go to cabinet 4

----------------------------------------

-----------------------------------------------------------------

Running time: 9.033319473266602 seconds

Total Money: 13.695070000000005

-----------------------------------------------------------------

-----------------------------------------------------------------

Text Observation:You arrive at loc 4. The cabinet 4 is open. On the cabinet 4, you see a saltshaker 1.

--------------------------------------------------------------------------------------------------------------------------task: 21---------------------------------------------------------
--------------------------------------------------------------------------------------------------------------------------------------------------------------------
--------------------------------------------------------------------------------------------------------------------------------------------------------------------
Step:--------------------------------------------------------------------------17-------------------------------------------------------------------------------
----------------------------------------
VLM Prompt:
Image1:
<image>
Image2:
<image>
Image3:
<image>
**Instruction**
1. Analyze the provided image to identify all visible household objects, focusing on those relevant to the task description "heat some cup and put it in countertop."
2. Use the analysis of the image and the task hint "The agent must find an object of the desired type, pick it up, go to a microwave, heat the object with the microwave, then find the correct location to place it, and put it down there. The agent does not need to use the microwave button or open the microwave to heat the object, and the agent just needs to do action that is "heat the object with the microwave"." to answer the question: what is the most reasonable action in the choices for the task description "heat some cup and put it in countertop"?
4. Decide and write the answer using the template: The answer is: (i): <selected_action>, where i is the real number. If there is no desired object in the image, search every place based on **Initial Observation** to find the object. And if no one is exactly correct, choose a similar answer.

**Initial Observation**
You are in the middle of a room. Looking quickly around you, you can see cabinet (1-6), microwave (1), countertop (1-2), coffeemachine (1), toaster (1), sink (1), sinkbasin (1), fridge (1)

**Answer Choices**
(1): go to cabinet 1
(2): go to microwave 1
(3): go to cabinet 5
(4): go to cabinet 6
(5): go to countertop 1
(6): go to coffeemachine 1
(7): go to toaster 1
(8): go to countertop 2
(9): go to sink 1
(10): go to sinkbasin 1
(11): go to fridge 1
(12): open cabinet 4
(13): close cabinet 4
(14): take saltshaker 1 from cabinet 4
(15): examine cabinet 4

**Answer**
Let's think step by step by following the instructions.
----------------------------------------

----------------------------------------

Original Response:
First, analyze the images to find a cup. Image1 and Image2 show cabinet 1, cabinet 2, cabinet 3, plate 1, and bowl 1. There is no cup visible in these images. Image3 shows cabinet 4, cabinet 5, a saltshaker, and a microwave. There is no cup visible in this image either.

Since the task is to "heat some cup and put it in countertop," we need to find a cup. The initial observation mentions that you can see cabinet (1-6), so the next logical step would be to search the cabinets that haven't been shown in the provided images (cabinet 6).

The answer is: (4): go to cabinet 6.

----------------------------------------

----------------------------------------

>>> Refine Original VLM Response and Get Pure Action: go to cabinet 6

----------------------------------------

-----------------------------------------------------------------

Running time: 265.88267707824707 seconds

Total Money: 13.727240000000005

-----------------------------------------------------------------

-----------------------------------------------------------------

Text Observation:You arrive at loc 6. The cabinet 6 is closed. 

--------------------------------------------------------------------------------------------------------------------------task: 21---------------------------------------------------------
--------------------------------------------------------------------------------------------------------------------------------------------------------------------
--------------------------------------------------------------------------------------------------------------------------------------------------------------------
Step:--------------------------------------------------------------------------18-------------------------------------------------------------------------------
----------------------------------------
VLM Prompt:
Image1:
<image>
Image2:
<image>
Image3:
<image>
**Instruction**
1. Analyze the provided image to identify all visible household objects, focusing on those relevant to the task description "heat some cup and put it in countertop."
2. Use the analysis of the image and the task hint "The agent must find an object of the desired type, pick it up, go to a microwave, heat the object with the microwave, then find the correct location to place it, and put it down there. The agent does not need to use the microwave button or open the microwave to heat the object, and the agent just needs to do action that is "heat the object with the microwave"." to answer the question: what is the most reasonable action in the choices for the task description "heat some cup and put it in countertop"?
4. Decide and write the answer using the template: The answer is: (i): <selected_action>, where i is the real number. If there is no desired object in the image, search every place based on **Initial Observation** to find the object. And if no one is exactly correct, choose a similar answer.

**Initial Observation**
You are in the middle of a room. Looking quickly around you, you can see cabinet (1-6), microwave (1), countertop (1-2), coffeemachine (1), toaster (1), sink (1), sinkbasin (1), fridge (1)

**Answer Choices**
(1): go to cabinet 1
(2): go to cabinet 3
(3): go to microwave 1
(4): go to cabinet 5
(5): go to countertop 1
(6): go to coffeemachine 1
(7): go to toaster 1
(8): go to countertop 2
(9): go to sink 1
(10): go to sinkbasin 1
(11): go to fridge 1
(12): open cabinet 6
(13): close cabinet 6
(14): examine cabinet 6

**Answer**
Let's think step by step by following the instructions.
----------------------------------------

----------------------------------------

Original Response:
The task is to heat some cup and put it on the countertop. First, we need to find a cup. From the initial observation, we know there are cabinets in the room. Looking at the provided images, we don't see any cups in the visible cabinets 1, 2, 3, 4, or 5. Since the task doesn't require us to see the cup before we act and no cup is visible, we need to search the cabinets based on the initial observation.

Cabinet 6 hasn't been checked yet, so the most reasonable action would be to open cabinet 6 and search for a cup there. Therefore, the answer is: (12): open cabinet 6.

----------------------------------------

----------------------------------------

>>> Refine Original VLM Response and Get Pure Action: No action

----------------------------------------

-----------------------------------------------------------------

Running time: 53.74707055091858 seconds

Total Money: 13.759060000000005

-----------------------------------------------------------------

-----------------------------------------------------------------

Text Observation:Nothing happens.

--------------------------------------------------------------------------------------------------------------------------task: 21---------------------------------------------------------
--------------------------------------------------------------------------------------------------------------------------------------------------------------------
--------------------------------------------------------------------------------------------------------------------------------------------------------------------
Step:--------------------------------------------------------------------------19-------------------------------------------------------------------------------
----------------------------------------
VLM Prompt:
Image1:
<image>
Image2:
<image>
Image3:
<image>
**Instruction**
1. Analyze the provided image to identify all visible household objects, focusing on those relevant to the task description "heat some cup and put it in countertop."
2. Use the analysis of the image and the task hint "The agent must find an object of the desired type, pick it up, go to a microwave, heat the object with the microwave, then find the correct location to place it, and put it down there. The agent does not need to use the microwave button or open the microwave to heat the object, and the agent just needs to do action that is "heat the object with the microwave"." to answer the question: what is the most reasonable action in the choices for the task description "heat some cup and put it in countertop"?
4. Decide and write the answer using the template: The answer is: (i): <selected_action>, where i is the real number. If there is no desired object in the image, search every place based on **Initial Observation** to find the object. And if no one is exactly correct, choose a similar answer.

**Initial Observation**
You are in the middle of a room. Looking quickly around you, you can see cabinet (1-6), microwave (1), countertop (1-2), coffeemachine (1), toaster (1), sink (1), sinkbasin (1), fridge (1)

**Answer Choices**
(1): go to cabinet 1
(2): go to cabinet 2
(3): go to cabinet 3
(4): go to microwave 1
(5): go to cabinet 5
(6): go to countertop 1
(7): go to coffeemachine 1
(8): go to toaster 1
(9): go to countertop 2
(10): go to sink 1
(11): go to sinkbasin 1
(12): go to fridge 1
(13): open cabinet 6
(14): close cabinet 6
(15): examine cabinet 6

**Answer**
Let's think step by step by following the instructions.
----------------------------------------

----------------------------------------

Original Response:
First, the task is to "heat some cup and put it in countertop." In order to do this, we need to find a cup, heat it in the microwave, and place it on the countertop. From the initial observation, we know there is a microwave (1) present in the room.

Looking at the provided images, we do not see a cup in Image 1 or Image 3. Image 2 and Image 3 are identical, and there is no cup visible in either of them. However, we see a plate and a bowl in cabinet 3. Since the task specifically mentions a cup, these objects are not relevant to the task.

According to the initial observation, we have not checked cabinets 1, 4, 5, and 6. Since we need to find a cup first before we can heat it, the most reasonable action from the choices provided would be to search the cabinets we have not seen inside yet.

The answer is: (1): go to cabinet 1.

----------------------------------------

----------------------------------------

>>> Refine Original VLM Response and Get Pure Action: go to cabinet 1

----------------------------------------

-----------------------------------------------------------------

Running time: 15.239922285079956 seconds

Total Money: 13.792860000000005

-----------------------------------------------------------------

-----------------------------------------------------------------

Text Observation:You arrive at loc 0. The cabinet 1 is open. On the cabinet 1, you see a bowl 1, and a plate 1.

-----------------------------------------------------------------