---------------------------------------------------------task: 0---------------------------------------------------------
--------------------------------------------------------------------------------------------------------------------------------------------------------------------
--------------------------------------------------------------------------------------------------------------------------------------------------------------------
Step:--------------------------------------------------------------------------0-------------------------------------------------------------------------------
----------------------------------------
VLM Prompt:
Image1:
<image>
**Instruction**
1. Analyze the provided image to identify all visible household objects, focusing on those relevant to the task description "examine the alarmclock with the desklamp."
2. Use the analysis of the image and the task hint "The agent must find an object of the desired type, locate and turn on a light source with the desired object in-hand." to answer the question: what is the most reasonable action in the choices for the task description "examine the alarmclock with the desklamp"?
4. Decide and write the answer using the template: The answer is: (i): <selected_action>, where i is the real number. If there is no desired object in the image, search every place based on **Initial Observation** to find the object. And if no one is exactly correct, choose a similar answer.

**Initial Observation**
You are in the middle of a room. Looking quickly around you, you can see bed (1), sidetable (1), drawer (1-11), dresser (1), safe (1), laundryhamper (1), garbagecan (1)

**Answer Choices**
(1): go to bed 1
(2): go to sidetable 1
(3): go to drawer 1
(4): go to dresser 1
(5): go to drawer 2
(6): go to drawer 3
(7): go to drawer 4
(8): go to drawer 5
(9): go to drawer 6
(10): go to drawer 7
(11): go to drawer 8
(12): go to drawer 9
(13): go to drawer 10
(14): go to drawer 11
(15): go to safe 1
(16): go to laundryhamper 1
(17): go to garbagecan 1

**Answer**
Let's think step by step by following the instructions.
----------------------------------------

----------------------------------------

Original Response:
The task is to examine the alarm clock with the desk lamp. The image shows a sidetable with what appears to be a lamp on it. Since the task mentions using a desk lamp, it is reasonable to assume that the lamp on the sidetable is the one in question. There is no visible alarm clock in the image, but it may be reasonable to assume it could be in the drawer of the sidetable since that is a common place to keep an alarm clock. 

Based on the initial observation list provided, if the alarm clock is not on the sidetable, it could potentially be in one of the drawers mentioned. The most logical place to start would be the drawer of the sidetable since it is closest to the lamp, and the task is to examine the alarm clock with the desk lamp.

The answer is: (3): go to drawer 1.

----------------------------------------

----------------------------------------

>>> Refine Original VLM Response and Get Pure Action: go to drawer 1

----------------------------------------

-----------------------------------------------------------------

Running time: 10.03950572013855 seconds

Total Money: 0.01703

-----------------------------------------------------------------

-----------------------------------------------------------------

Text Observation:You arrive at loc 2. The drawer 1 is closed. 

--------------------------------------------------------------------------------------------------------------------------task: 0---------------------------------------------------------
--------------------------------------------------------------------------------------------------------------------------------------------------------------------
--------------------------------------------------------------------------------------------------------------------------------------------------------------------
Step:--------------------------------------------------------------------------1-------------------------------------------------------------------------------
----------------------------------------
VLM Prompt:
Image1:
<image>
Image2:
<image>
**Instruction**
1. Analyze the provided image to identify all visible household objects, focusing on those relevant to the task description "examine the alarmclock with the desklamp."
2. Use the analysis of the image and the task hint "The agent must find an object of the desired type, locate and turn on a light source with the desired object in-hand." to answer the question: what is the most reasonable action in the choices for the task description "examine the alarmclock with the desklamp"?
4. Decide and write the answer using the template: The answer is: (i): <selected_action>, where i is the real number. If there is no desired object in the image, search every place based on **Initial Observation** to find the object. And if no one is exactly correct, choose a similar answer.

**Initial Observation**
You are in the middle of a room. Looking quickly around you, you can see bed (1), sidetable (1), drawer (1-11), dresser (1), safe (1), laundryhamper (1), garbagecan (1)

**Answer Choices**
(1): go to bed 1
(2): go to sidetable 1
(3): go to dresser 1
(4): go to drawer 2
(5): go to drawer 3
(6): go to drawer 4
(7): go to drawer 5
(8): go to drawer 6
(9): go to drawer 7
(10): go to drawer 8
(11): go to drawer 9
(12): go to drawer 10
(13): go to drawer 11
(14): go to safe 1
(15): go to laundryhamper 1
(16): go to garbagecan 1
(17): open drawer 1
(18): close drawer 1
(19): examine drawer 1

**Answer**
Let's think step by step by following the instructions.
----------------------------------------

----------------------------------------

Original Response:
First, we need to identify all visible household objects related to the task. In the images provided, we can see a sidetable labeled "sidetable 1," a lamp labeled "desklamp 1," and what appears to be an alarm clock labeled "cellphone 1" on the sidetable. 

Based on the task description "examine the alarmclock with the desklamp," we need to find an alarm clock and use the desklamp to examine it. From the initial observation, we are instructed to find an object of the desired type (in this case, an alarm clock) and locate and turn on a light source with the desired object in hand. 

Given that the alarm clock is already present and labeled as "cellphone 1" on the sidetable and the desklamp is also on the same sidetable, the most reasonable action would be to go to the sidetable where both the alarm clock and the desklamp are located. 

Therefore, the answer is: (2): go to sidetable 1.

----------------------------------------

----------------------------------------

>>> Refine Original VLM Response and Get Pure Action: No action

----------------------------------------

-----------------------------------------------------------------

Running time: 17.605093955993652 seconds

Total Money: 0.0431

-----------------------------------------------------------------

-----------------------------------------------------------------

Text Observation:Nothing happens.

--------------------------------------------------------------------------------------------------------------------------task: 0---------------------------------------------------------
--------------------------------------------------------------------------------------------------------------------------------------------------------------------
--------------------------------------------------------------------------------------------------------------------------------------------------------------------
Step:--------------------------------------------------------------------------2-------------------------------------------------------------------------------
----------------------------------------
VLM Prompt:
Image1:
<image>
Image2:
<image>
**Instruction**
1. Analyze the provided image to identify all visible household objects, focusing on those relevant to the task description "examine the alarmclock with the desklamp."
2. Use the analysis of the image and the task hint "The agent must find an object of the desired type, locate and turn on a light source with the desired object in-hand." to answer the question: what is the most reasonable action in the choices for the task description "examine the alarmclock with the desklamp"?
4. Decide and write the answer using the template: The answer is: (i): <selected_action>, where i is the real number. If there is no desired object in the image, search every place based on **Initial Observation** to find the object. And if no one is exactly correct, choose a similar answer.

**Initial Observation**
You are in the middle of a room. Looking quickly around you, you can see bed (1), sidetable (1), drawer (1-11), dresser (1), safe (1), laundryhamper (1), garbagecan (1)

**Answer Choices**
(1): go to bed 1
(2): go to sidetable 1
(3): go to dresser 1
(4): go to drawer 2
(5): go to drawer 3
(6): go to drawer 4
(7): go to drawer 5
(8): go to drawer 6
(9): go to drawer 7
(10): go to drawer 8
(11): go to drawer 9
(12): go to drawer 10
(13): go to drawer 11
(14): go to safe 1
(15): go to laundryhamper 1
(16): go to garbagecan 1
(17): open drawer 1
(18): close drawer 1
(19): examine drawer 1

**Answer**
Let's think step by step by following the instructions.
----------------------------------------

----------------------------------------

Original Response:
The task is to "examine the alarmclock with the desklamp." This means we need to find an alarm clock and use the desklamp to see it better. In the image, we can see a desklamp on the sidetable, but we don't see an alarm clock. 

According to the initial observation, we could potentially find the alarm clock in a drawer, dresser, or another place in the room. However, since the task specifically mentions using the desklamp, it is most likely that the alarm clock is near the desklamp, which is on the sidetable.

The most reasonable action from the choices provided would be to interact with the sidetable or the drawer in the sidetable because that is where the desklamp is located, and it's likely where the alarm clock would be placed.

Among the choices, action (2): go to sidetable 1 is the most relevant to the task description. There is also an action to open drawer 1, which is part of the sidetable, so that could also be a reasonable action.

The answer is: (2): go to sidetable 1. If the alarm clock is not there, the next logical step would be to (17): open drawer 1.

----------------------------------------

----------------------------------------

>>> Refine Original VLM Response and Get Pure Action: go to sidetable 1

----------------------------------------

-----------------------------------------------------------------

Running time: 11.011216878890991 seconds

Total Money: 0.07042999999999999

-----------------------------------------------------------------

-----------------------------------------------------------------

Text Observation:You arrive at loc 1. On the sidetable 1, you see a pillow 1, a desklamp 1, a cellphone 1, and a pencil 1.

--------------------------------------------------------------------------------------------------------------------------task: 0---------------------------------------------------------
--------------------------------------------------------------------------------------------------------------------------------------------------------------------
--------------------------------------------------------------------------------------------------------------------------------------------------------------------
Step:--------------------------------------------------------------------------3-------------------------------------------------------------------------------
----------------------------------------
VLM Prompt:
Image1:
<image>
Image2:
<image>
**Instruction**
1. Analyze the provided image to identify all visible household objects, focusing on those relevant to the task description "examine the alarmclock with the desklamp."
2. Use the analysis of the image and the task hint "The agent must find an object of the desired type, locate and turn on a light source with the desired object in-hand." to answer the question: what is the most reasonable action in the choices for the task description "examine the alarmclock with the desklamp"?
4. Decide and write the answer using the template: The answer is: (i): <selected_action>, where i is the real number. If there is no desired object in the image, search every place based on **Initial Observation** to find the object. And if no one is exactly correct, choose a similar answer.

**Initial Observation**
You are in the middle of a room. Looking quickly around you, you can see bed (1), sidetable (1), drawer (1-11), dresser (1), safe (1), laundryhamper (1), garbagecan (1)

**Answer Choices**
(1): go to bed 1
(2): go to dresser 1
(3): go to drawer 2
(4): go to drawer 3
(5): go to drawer 4
(6): go to drawer 5
(7): go to drawer 6
(8): go to drawer 7
(9): go to drawer 8
(10): go to drawer 9
(11): go to drawer 10
(12): go to drawer 11
(13): go to safe 1
(14): go to laundryhamper 1
(15): go to garbagecan 1
(16): take pillow 1 from sidetable 1
(17): take cellphone 1 from sidetable 1
(18): take pencil 1 from sidetable 1
(19): use desklamp 1
(20): examine sidetable 1

**Answer**
Let's think step by step by following the instructions.
----------------------------------------

----------------------------------------

Original Response:
First, we need to identify all visible household objects in the image that are relevant to the task description "examine the alarmclock with the desklamp." In the image provided, we can see a bed (bed 1), sidetable (sidetable 1), and on the sidetable, there is a desklamp (desklamp 1), a cellphone (cellphone 1), and a pencil (pencil 1). There is no visible alarm clock on the sidetable or anywhere else in the image.

Based on the task hint, the agent must find an object of the desired type, which is an alarm clock, and then locate and turn on a light source (desklamp) with the desired object in-hand. Since there is no alarm clock visible in the image, the agent must search every place based on the initial observation to find the object.

Considering the answer choices, none of them directly mentions taking or examining an alarm clock. However, since the agent needs to find the alarm clock first, the most reasonable action would be to go to a location where an alarm clock might be stored, such as in a drawer.

Since the desklamp is already on the sidetable, it's not necessary to take any action related to the desklamp or other items on the sidetable (cellphone, pencil) at this moment. The answer choices related to the bed, dresser, safe, laundry hamper, and garbage can are less likely to contain an alarm clock compared to the drawers.

Therefore, the most reasonable action to find the alarm clock would be to go to one of the drawers. Since the image does not provide any clues about which drawer to check first, the agent can start with the first drawer and proceed from there.

The answer is: (3): go to drawer 2.

----------------------------------------

----------------------------------------

>>> Refine Original VLM Response and Get Pure Action: go to drawer 2

----------------------------------------

-----------------------------------------------------------------

Running time: 19.082496404647827 seconds

Total Money: 0.10141999999999998

-----------------------------------------------------------------

-----------------------------------------------------------------

Text Observation:You arrive at loc 4. The drawer 2 is closed. 

--------------------------------------------------------------------------------------------------------------------------task: 0---------------------------------------------------------
--------------------------------------------------------------------------------------------------------------------------------------------------------------------
--------------------------------------------------------------------------------------------------------------------------------------------------------------------
Step:--------------------------------------------------------------------------4-------------------------------------------------------------------------------
----------------------------------------
VLM Prompt:
Image1:
<image>
Image2:
<image>
**Instruction**
1. Analyze the provided image to identify all visible household objects, focusing on those relevant to the task description "examine the alarmclock with the desklamp."
2. Use the analysis of the image and the task hint "The agent must find an object of the desired type, locate and turn on a light source with the desired object in-hand." to answer the question: what is the most reasonable action in the choices for the task description "examine the alarmclock with the desklamp"?
4. Decide and write the answer using the template: The answer is: (i): <selected_action>, where i is the real number. If there is no desired object in the image, search every place based on **Initial Observation** to find the object. And if no one is exactly correct, choose a similar answer.

**Initial Observation**
You are in the middle of a room. Looking quickly around you, you can see bed (1), sidetable (1), drawer (1-11), dresser (1), safe (1), laundryhamper (1), garbagecan (1)

**Answer Choices**
(1): go to bed 1
(2): go to drawer 1
(3): go to dresser 1
(4): go to drawer 3
(5): go to drawer 4
(6): go to drawer 5
(7): go to drawer 6
(8): go to drawer 7
(9): go to drawer 8
(10): go to drawer 9
(11): go to drawer 10
(12): go to drawer 11
(13): go to safe 1
(14): go to laundryhamper 1
(15): go to garbagecan 1
(16): open drawer 2
(17): close drawer 2
(18): examine drawer 2

**Answer**
Let's think step by step by following the instructions.
----------------------------------------

----------------------------------------

Original Response:
First, we need to identify all visible household objects relevant to the task description "examine the alarmclock with the desklamp." From Image 1, we can see a desklamp labeled "desklamp 1" on the sidetable labeled "sidetable 1." There is also a bed labeled "bed 1" and a pillow labeled "pillow 1." There is no visible alarm clock in this image. In Image 2, we can see an alarm clock labeled "alarmclock 1" on the dresser labeled "dresser 1." There are also drawers labeled from "drawer 2" to "drawer 11," a bowl labeled "bowl 1," pencils labeled "pencil 1" and "pencil 2," and a keychain labeled "keychain 1."

Next, based on the task hint that the agent must find the alarm clock, locate and turn on a light source with the desired object in-hand, we can deduce that the agent should first find and grab the alarm clock and then use the desklamp to examine it.

Based on the Initial Observation, the desklamp is not in any of the drawers, so we can eliminate the choices that involve going to or examining drawers (2-12, 16-18). There is also no need to go to the bed (1), safe (1), laundry hamper (1), or garbage can (1) as they are not relevant to the task. 

Given the analysis above, the most reasonable action from the choices provided would be to go to the dresser where the alarm clock is located.

The answer is: (3): go to dresser 1.

----------------------------------------

----------------------------------------

>>> Refine Original VLM Response and Get Pure Action: go to dresser 1

----------------------------------------

-----------------------------------------------------------------

Running time: 13.531554937362671 seconds

Total Money: 0.13129

-----------------------------------------------------------------

-----------------------------------------------------------------

Text Observation:You arrive at loc 3. On the dresser 1, you see a bowl 1, a alarmclock 1, a keychain 1, a pen 1, and a pencil 2.

--------------------------------------------------------------------------------------------------------------------------task: 0---------------------------------------------------------
--------------------------------------------------------------------------------------------------------------------------------------------------------------------
--------------------------------------------------------------------------------------------------------------------------------------------------------------------
Step:--------------------------------------------------------------------------5-------------------------------------------------------------------------------
----------------------------------------
VLM Prompt:
Image1:
<image>
Image2:
<image>
**Instruction**
1. Analyze the provided image to identify all visible household objects, focusing on those relevant to the task description "examine the alarmclock with the desklamp."
2. Use the analysis of the image and the task hint "The agent must find an object of the desired type, locate and turn on a light source with the desired object in-hand." to answer the question: what is the most reasonable action in the choices for the task description "examine the alarmclock with the desklamp"?
4. Decide and write the answer using the template: The answer is: (i): <selected_action>, where i is the real number. If there is no desired object in the image, search every place based on **Initial Observation** to find the object. And if no one is exactly correct, choose a similar answer.

**Initial Observation**
You are in the middle of a room. Looking quickly around you, you can see bed (1), sidetable (1), drawer (1-11), dresser (1), safe (1), laundryhamper (1), garbagecan (1)

**Answer Choices**
(1): go to bed 1
(2): go to drawer 1
(3): go to drawer 3
(4): go to drawer 4
(5): go to drawer 5
(6): go to drawer 6
(7): go to drawer 7
(8): go to drawer 8
(9): go to drawer 9
(10): go to drawer 10
(11): go to drawer 11
(12): go to safe 1
(13): go to laundryhamper 1
(14): go to garbagecan 1
(15): take bowl 1 from dresser 1
(16): take alarmclock 1 from dresser 1
(17): take keychain 1 from dresser 1
(18): take pen 1 from dresser 1
(19): take pencil 2 from dresser 1
(20): examine dresser 1

**Answer**
Let's think step by step by following the instructions.
----------------------------------------

----------------------------------------

Original Response:
The task is to "examine the alarmclock with the desklamp." From the images, we can see an alarm clock labeled "alarmclock 1" on dresser 1. However, there is no desklamp visible in the images provided.

Based on the Initial Observation, there is no mention of a desklamp either, but there could be one inside the drawers, or it might be elsewhere in the room not visible in the images.

Given the task description and the available answer choices, the most reasonable action would be to take the alarm clock to examine it. There's no action given to locate or turn on a desklamp, so we can only complete the first part of the task with the given options.

The answer is: (16): take alarmclock 1 from dresser 1.

----------------------------------------

----------------------------------------

>>> Refine Original VLM Response and Get Pure Action: take alarmclock 1 from dresser 1

----------------------------------------

-----------------------------------------------------------------

Running time: 10.338081121444702 seconds

Total Money: 0.15613

-----------------------------------------------------------------

-----------------------------------------------------------------

Text Observation:You pick up the alarmclock 1 from the dresser 1.

--------------------------------------------------------------------------------------------------------------------------task: 0---------------------------------------------------------
--------------------------------------------------------------------------------------------------------------------------------------------------------------------
--------------------------------------------------------------------------------------------------------------------------------------------------------------------
Step:--------------------------------------------------------------------------6-------------------------------------------------------------------------------
----------------------------------------
VLM Prompt:
Image1:
<image>
Image2:
<image>
**Instruction**
1. Analyze the provided image to identify all visible household objects, focusing on those relevant to the task description "examine the alarmclock with the desklamp."
2. Use the analysis of the image and the task hint "The agent must find an object of the desired type, locate and turn on a light source with the desired object in-hand." to answer the question: what is the most reasonable action in the choices for the task description "examine the alarmclock with the desklamp"?
4. Decide and write the answer using the template: The answer is: (i): <selected_action>, where i is the real number. If there is no desired object in the image, search every place based on **Initial Observation** to find the object. And if no one is exactly correct, choose a similar answer.

**Initial Observation**
You are in the middle of a room. Looking quickly around you, you can see bed (1), sidetable (1), drawer (1-11), dresser (1), safe (1), laundryhamper (1), garbagecan (1)

**Answer Choices**
(1): go to bed 1
(2): go to sidetable 1
(3): go to drawer 1
(4): go to drawer 3
(5): go to drawer 4
(6): go to drawer 5
(7): go to drawer 6
(8): go to drawer 7
(9): go to drawer 8
(10): go to drawer 9
(11): go to drawer 10
(12): go to drawer 11
(13): go to safe 1
(14): go to laundryhamper 1
(15): go to garbagecan 1
(16): put alarmclock 1 in/on dresser 1
(17): examine alarmclock 1
(18): examine dresser 1

**Answer**
Let's think step by step by following the instructions.
----------------------------------------

----------------------------------------

Original Response:
The task description is to "examine the alarmclock with the desklamp." From the images provided, we can identify the following objects: dresser, bowl, keychain, alarmclock, pencil, and pen. 

The task hint suggests that the agent needs to find the alarmclock and turn on a light source to examine it. There is no desklamp visible in the provided images. However, based on the initial observation, there is no mention of a desklamp either. Since the task description specifically asks to examine the alarmclock with the desklamp, and we can see the alarmclock in the image, the most reasonable action would be to search for the desklamp in the places not visible in the image, as it may be on the sidetable, which is a common place for a desklamp, or inside one of the drawers.

The answer is: (2): go to sidetable 1.

----------------------------------------

----------------------------------------

>>> Refine Original VLM Response and Get Pure Action: go to sidetable 1

----------------------------------------

-----------------------------------------------------------------

Running time: 9.492845296859741 seconds

Total Money: 0.18142999999999998

-----------------------------------------------------------------

-----------------------------------------------------------------

Text Observation:You arrive at loc 1. On the sidetable 1, you see a pillow 1, a desklamp 1, and a cellphone 1.

--------------------------------------------------------------------------------------------------------------------------task: 0---------------------------------------------------------
--------------------------------------------------------------------------------------------------------------------------------------------------------------------
--------------------------------------------------------------------------------------------------------------------------------------------------------------------
Step:--------------------------------------------------------------------------7-------------------------------------------------------------------------------
----------------------------------------
VLM Prompt:
Image1:
<image>
Image2:
<image>
**Instruction**
1. Analyze the provided image to identify all visible household objects, focusing on those relevant to the task description "examine the alarmclock with the desklamp."
2. Use the analysis of the image and the task hint "The agent must find an object of the desired type, locate and turn on a light source with the desired object in-hand." to answer the question: what is the most reasonable action in the choices for the task description "examine the alarmclock with the desklamp"?
4. Decide and write the answer using the template: The answer is: (i): <selected_action>, where i is the real number. If there is no desired object in the image, search every place based on **Initial Observation** to find the object. And if no one is exactly correct, choose a similar answer.

**Initial Observation**
You are in the middle of a room. Looking quickly around you, you can see bed (1), sidetable (1), drawer (1-11), dresser (1), safe (1), laundryhamper (1), garbagecan (1)

**Answer Choices**
(1): go to bed 1
(2): go to drawer 1
(3): go to drawer 2
(4): go to drawer 3
(5): go to drawer 4
(6): go to drawer 5
(7): go to drawer 6
(8): go to drawer 7
(9): go to drawer 8
(10): go to drawer 9
(11): go to drawer 10
(12): go to drawer 11
(13): go to safe 1
(14): go to laundryhamper 1
(15): go to garbagecan 1
(16): put alarmclock 1 in/on sidetable 1
(17): use desklamp 1
(18): examine alarmclock 1
(19): examine sidetable 1

**Answer**
Let's think step by step by following the instructions.
----------------------------------------

----------------------------------------

Original Response:
Firstly, we need to identify all visible household objects relevant to the task description "examine the alarmclock with the desklamp." In Image 1, we can see an alarmclock labeled "alarmclock 1" on a surface labeled "drawer 2". In Image 2, we can see a desklamp labeled "desklamp 1" on a surface labeled "sidetable 1".

Now, according to the task hint, the agent must find an object of the desired type, which is the alarmclock, locate and turn on a light source, which is the desklamp, with the desired object in-hand. Since we have already identified both objects, the most reasonable action would be to turn on the desklamp to examine the alarmclock.

Therefore, the answer is: (17): use desklamp 1.

----------------------------------------

----------------------------------------

>>> Refine Original VLM Response and Get Pure Action: No action

----------------------------------------

-----------------------------------------------------------------

Running time: 11.385810613632202 seconds

Total Money: 0.20639

-----------------------------------------------------------------

-----------------------------------------------------------------

Text Observation:Nothing happens.

--------------------------------------------------------------------------------------------------------------------------task: 0---------------------------------------------------------
--------------------------------------------------------------------------------------------------------------------------------------------------------------------
--------------------------------------------------------------------------------------------------------------------------------------------------------------------
Step:--------------------------------------------------------------------------8-------------------------------------------------------------------------------
----------------------------------------
VLM Prompt:
Image1:
<image>
Image2:
<image>
**Instruction**
1. Analyze the provided image to identify all visible household objects, focusing on those relevant to the task description "examine the alarmclock with the desklamp."
2. Use the analysis of the image and the task hint "The agent must find an object of the desired type, locate and turn on a light source with the desired object in-hand." to answer the question: what is the most reasonable action in the choices for the task description "examine the alarmclock with the desklamp"?
4. Decide and write the answer using the template: The answer is: (i): <selected_action>, where i is the real number. If there is no desired object in the image, search every place based on **Initial Observation** to find the object. And if no one is exactly correct, choose a similar answer.

**Initial Observation**
You are in the middle of a room. Looking quickly around you, you can see bed (1), sidetable (1), drawer (1-11), dresser (1), safe (1), laundryhamper (1), garbagecan (1)

**Answer Choices**
(1): go to bed 1
(2): go to drawer 1
(3): go to dresser 1
(4): go to drawer 2
(5): go to drawer 3
(6): go to drawer 4
(7): go to drawer 5
(8): go to drawer 6
(9): go to drawer 7
(10): go to drawer 8
(11): go to drawer 9
(12): go to drawer 10
(13): go to drawer 11
(14): go to safe 1
(15): go to laundryhamper 1
(16): go to garbagecan 1
(17): put alarmclock 1 in/on sidetable 1
(18): use desklamp 1
(19): examine alarmclock 1
(20): examine sidetable 1

**Answer**
Let's think step by step by following the instructions.
----------------------------------------

----------------------------------------

Original Response:
The task is to examine the alarmclock with the desklamp. From the image, we can see that the alarmclock is already on the sidetable, and the desklamp is also on the sidetable. According to the task hint, the agent must find an object of the desired type (in this case, the alarmclock), locate and turn on a light source (desklamp) with the desired object in-hand (alarmclock). Since the alarmclock is already in the correct location, and the desklamp is also present, the most reasonable action would be to turn on the desklamp to examine the alarmclock. 

The answer is: (18): use desklamp 1

----------------------------------------

----------------------------------------

>>> Refine Original VLM Response and Get Pure Action: use desklamp 1

----------------------------------------

-----------------------------------------------------------------

Running time: 10.909532308578491 seconds

Total Money: 0.23051

-----------------------------------------------------------------

-----------------------------------------------------------------

Text Observation:You turn on the desklamp 1.

-----------------------------------------------------------------