---------------------------------------------------------task: 15---------------------------------------------------------
--------------------------------------------------------------------------------------------------------------------------------------------------------------------
--------------------------------------------------------------------------------------------------------------------------------------------------------------------
Step:--------------------------------------------------------------------------0-------------------------------------------------------------------------------
----------------------------------------
VLM Prompt:
Image1:
<image>
**Instruction**
1. Analyze the provided images to identify all visible household objects and compare the difference between images (e.h. whether the object is opened or not and taken on hand or not), focusing on those relevant to the task description "cool some mug and put it in coffeemachine."
2. Use the analysis of images and the task hint "The agent must find an object of the desired type, pick it up, go to a fridge, cool the object with the fridge, then find the correct location to place it, and put it down there. The agent does not need to use the fridge button or open the fridge to cool the object, and the agent just needs to do action that is "cool the object with the fridge"." to answer the question: what is the most reasonable action in the choices for the task description "cool some mug and put it in coffeemachine"?
3. Decide and write the answer using the template: The answer is: (i): <selected_action>, where i is the real number. If there is no desired object in images, search every place based on **Initial Observation** to find the object. And if no one is exactly correct, choose a similar answer.

**Initial Observation**
You are in the middle of a room. Looking quickly around you, you can see cabinet (1-15), fridge (1), countertop (1-4), drawer (1-4), microwave (1), toaster (1), coffeemachine (1), garbagecan (1), sink (1), stoveburner (1-3), sinkbasin (1)

**Answer Choices**
(1): go to cabinet 1
(2): go to cabinet 2
(3): go to cabinet 3
(4): go to fridge 1
(5): go to countertop 1
(6): go to cabinet 4
(7): go to cabinet 5
(8): go to cabinet 6
(9): go to cabinet 7
(10): go to drawer 1
(11): go to drawer 2
(12): go to cabinet 8
(13): go to drawer 3
(14): go to cabinet 9
(15): go to cabinet 10
(16): go to drawer 4
(17): go to microwave 1
(18): go to cabinet 11
(19): go to toaster 1
(20): go to cabinet 12
(21): go to cabinet 13
(22): go to cabinet 14
(23): go to cabinet 15
(24): go to countertop 2
(25): go to coffeemachine 1
(26): go to garbagecan 1
(27): go to countertop 3
(28): go to countertop 4
(29): go to sink 1
(30): go to stoveburner 1
(31): go to stoveburner 2
(32): go to stoveburner 3
(33): go to sinkbasin 1


**Answer**
Let's think step by step by following the instructions.
----------------------------------------

----------------------------------------

Original Response:
Image 1 Analysis:
- No mug is visible on the countertop near the coffeemachine or sink.
- The coffeemachine is visible on the countertop.
- No cabinets or drawers are open, so we cannot see inside them.

Task Analysis:
- We need to cool a mug and place it in the coffeemachine.
- The task does not require using the fridge button or opening the fridge to cool the mug.

Based on the initial observation, mugs are typically found in cabinets or drawers near the coffeemachine.

Given the options, and since no mug is visible on the countertops or near the coffeemachine, the most reasonable action would be to search the cabinets or drawers for a mug.

The answer is: (1): go to cabinet 1. If the mug is not found there, the agent should continue searching the other cabinets or drawers sequentially.

----------------------------------------

----------------------------------------

>>> Refine Original VLM Response and Get Pure Action: go to cabinet 1

----------------------------------------

-----------------------------------------------------------------

Running time: 8.090097188949585 seconds

Total Money: 6.780680000000004

-----------------------------------------------------------------

-----------------------------------------------------------------

Text Observation:You arrive at loc 0. The cabinet 1 is closed. 

--------------------------------------------------------------------------------------------------------------------------task: 15---------------------------------------------------------
--------------------------------------------------------------------------------------------------------------------------------------------------------------------
--------------------------------------------------------------------------------------------------------------------------------------------------------------------
Step:--------------------------------------------------------------------------1-------------------------------------------------------------------------------
----------------------------------------
VLM Prompt:
Image1:
<image>
Image2:
<image>
**Instruction**
1. Analyze the provided images to identify all visible household objects and compare the difference between images (e.h. whether the object is opened or not and taken on hand or not), focusing on those relevant to the task description "cool some mug and put it in coffeemachine."
2. Use the analysis of images and the task hint "The agent must find an object of the desired type, pick it up, go to a fridge, cool the object with the fridge, then find the correct location to place it, and put it down there. The agent does not need to use the fridge button or open the fridge to cool the object, and the agent just needs to do action that is "cool the object with the fridge"." to answer the question: what is the most reasonable action in the choices for the task description "cool some mug and put it in coffeemachine"?
3. Decide and write the answer using the template: The answer is: (i): <selected_action>, where i is the real number. If there is no desired object in images, search every place based on **Initial Observation** to find the object. And if no one is exactly correct, choose a similar answer.

**Initial Observation**
You are in the middle of a room. Looking quickly around you, you can see cabinet (1-15), fridge (1), countertop (1-4), drawer (1-4), microwave (1), toaster (1), coffeemachine (1), garbagecan (1), sink (1), stoveburner (1-3), sinkbasin (1)

**Answer Choices**
(1): go to cabinet 2
(2): go to cabinet 3
(3): go to fridge 1
(4): go to countertop 1
(5): go to cabinet 4
(6): go to cabinet 5
(7): go to cabinet 6
(8): go to cabinet 7
(9): go to drawer 1
(10): go to drawer 2
(11): go to cabinet 8
(12): go to drawer 3
(13): go to cabinet 9
(14): go to cabinet 10
(15): go to drawer 4
(16): go to microwave 1
(17): go to cabinet 11
(18): go to toaster 1
(19): go to cabinet 12
(20): go to cabinet 13
(21): go to cabinet 14
(22): go to cabinet 15
(23): go to countertop 2
(24): go to coffeemachine 1
(25): go to garbagecan 1
(26): go to countertop 3
(27): go to countertop 4
(28): go to sink 1
(29): go to stoveburner 1
(30): go to stoveburner 2
(31): go to stoveburner 3
(32): go to sinkbasin 1
(33): open cabinet 1
(34): close cabinet 1
(35): examine cabinet 1


**Answer**
Let's think step by step by following the instructions.
----------------------------------------

----------------------------------------

Original Response:
Image Analysis:
- In Image1, we can see part of a countertop with a sink and what appears to be a coffeemachine on the right side. There are no mugs visible in this image.
- In Image2, we see the front of a cabinet that is closed. No objects are visible inside or outside the cabinet.

Task Analysis:
Since the task is to "cool some mug and put it in coffeemachine," we need to find a mug, cool it in the fridge, and then place it in the coffeemachine.

Based on the Initial Observation, we know there are multiple cabinets, a fridge, countertops, drawers, and other appliances. Mugs are typically found in cabinets or on countertops.

Answer Choices Analysis:
Since no mug is visible on the countertop in Image1, we would need to look for a mug in the cabinets or drawers. The fridge is also mentioned in the task, but since we need to find a mug first, we should not go to the fridge yet.

The most reasonable actions from the choices would be to look inside a cabinet or a drawer where a mug might be stored. Therefore, we can eliminate actions related to appliances and locations that wouldn't typically contain a mug (like the garbagecan or stoveburner).

Based on this analysis, the most reasonable action would be to open a cabinet to search for a mug. Since cabinet 1 is the first cabinet, it's a logical place to start. However, since the action "open cabinet 1" is not an option, we must choose the action to examine cabinet 1, which would imply looking at it and potentially opening it to find a mug.

The answer is: (35): examine cabinet 1.

----------------------------------------

----------------------------------------

>>> Refine Original VLM Response and Get Pure Action: examine cabinet 1

----------------------------------------

-----------------------------------------------------------------

Running time: 16.383484601974487 seconds

Total Money: 6.813360000000004

-----------------------------------------------------------------

-----------------------------------------------------------------

Text Observation:

--------------------------------------------------------------------------------------------------------------------------task: 15---------------------------------------------------------
--------------------------------------------------------------------------------------------------------------------------------------------------------------------
--------------------------------------------------------------------------------------------------------------------------------------------------------------------
Step:--------------------------------------------------------------------------2-------------------------------------------------------------------------------
----------------------------------------
VLM Prompt:
Image1:
<image>
Image2:
<image>
**Instruction**
1. Analyze the provided images to identify all visible household objects and compare the difference between images (e.h. whether the object is opened or not and taken on hand or not), focusing on those relevant to the task description "cool some mug and put it in coffeemachine."
2. Use the analysis of images and the task hint "The agent must find an object of the desired type, pick it up, go to a fridge, cool the object with the fridge, then find the correct location to place it, and put it down there. The agent does not need to use the fridge button or open the fridge to cool the object, and the agent just needs to do action that is "cool the object with the fridge"." to answer the question: what is the most reasonable action in the choices for the task description "cool some mug and put it in coffeemachine"?
3. Decide and write the answer using the template: The answer is: (i): <selected_action>, where i is the real number. If there is no desired object in images, search every place based on **Initial Observation** to find the object. And if no one is exactly correct, choose a similar answer.

**Initial Observation**
You are in the middle of a room. Looking quickly around you, you can see cabinet (1-15), fridge (1), countertop (1-4), drawer (1-4), microwave (1), toaster (1), coffeemachine (1), garbagecan (1), sink (1), stoveburner (1-3), sinkbasin (1)

**Answer Choices**
(1): go to cabinet 2
(2): go to cabinet 3
(3): go to fridge 1
(4): go to countertop 1
(5): go to cabinet 4
(6): go to cabinet 5
(7): go to cabinet 6
(8): go to cabinet 7
(9): go to drawer 1
(10): go to drawer 2
(11): go to cabinet 8
(12): go to drawer 3
(13): go to cabinet 9
(14): go to cabinet 10
(15): go to drawer 4
(16): go to microwave 1
(17): go to cabinet 11
(18): go to toaster 1
(19): go to cabinet 12
(20): go to cabinet 13
(21): go to cabinet 14
(22): go to cabinet 15
(23): go to countertop 2
(24): go to coffeemachine 1
(25): go to garbagecan 1
(26): go to countertop 3
(27): go to countertop 4
(28): go to sink 1
(29): go to stoveburner 1
(30): go to stoveburner 2
(31): go to stoveburner 3
(32): go to sinkbasin 1
(33): open cabinet 1
(34): close cabinet 1


**Answer**
Let's think step by step by following the instructions.
----------------------------------------

----------------------------------------

Original Response:
Firstly, we need to identify all visible household objects in the provided images. Both images show the same scene with a closed wooden cabinet. There are no visible mugs or coffee machines in the images. Since we need to "cool some mug and put it in coffeemachine," we must find a mug and a fridge to cool it before placing it in the coffee machine.

Based on the **Initial Observation**, the fridge is mentioned, so we can assume that is where we need to cool the mug. However, we first need to find a mug. Cabinets are common places to store mugs, so we should check the cabinets first.

Since the provided images show cabinets but do not provide clear information on their contents, we should go to the cabinets closest to the coffee machine to find a mug. The task does not specify which cabinet contains the mug, so we must search the cabinets.

Given that the images do not show the inside of the cabinets and no mug is in hand, it is reasonable to search the cabinets for a mug. The closest action to search for a mug in the cabinets would be to go to the cabinet closest to the coffee machine.

Looking at the answer choices, there is no option to "search" the cabinet, but we have options to go to different cabinets. Since we are looking for a mug to cool and then place in the coffee machine, we should check the cabinets closest to the coffee machine first.

The answer is: (1): go to cabinet 2

----------------------------------------

----------------------------------------

>>> Refine Original VLM Response and Get Pure Action: go to cabinet 2

----------------------------------------

-----------------------------------------------------------------

Running time: 15.990846395492554 seconds

Total Money: 6.844490000000004

-----------------------------------------------------------------

-----------------------------------------------------------------

Text Observation:You arrive at loc 1. The cabinet 2 is closed. 

--------------------------------------------------------------------------------------------------------------------------task: 15---------------------------------------------------------
--------------------------------------------------------------------------------------------------------------------------------------------------------------------
--------------------------------------------------------------------------------------------------------------------------------------------------------------------
Step:--------------------------------------------------------------------------3-------------------------------------------------------------------------------
----------------------------------------
VLM Prompt:
Image1:
<image>
Image2:
<image>
**Instruction**
1. Analyze the provided images to identify all visible household objects and compare the difference between images (e.h. whether the object is opened or not and taken on hand or not), focusing on those relevant to the task description "cool some mug and put it in coffeemachine."
2. Use the analysis of images and the task hint "The agent must find an object of the desired type, pick it up, go to a fridge, cool the object with the fridge, then find the correct location to place it, and put it down there. The agent does not need to use the fridge button or open the fridge to cool the object, and the agent just needs to do action that is "cool the object with the fridge"." to answer the question: what is the most reasonable action in the choices for the task description "cool some mug and put it in coffeemachine"?
3. Decide and write the answer using the template: The answer is: (i): <selected_action>, where i is the real number. If there is no desired object in images, search every place based on **Initial Observation** to find the object. And if no one is exactly correct, choose a similar answer.

**Initial Observation**
You are in the middle of a room. Looking quickly around you, you can see cabinet (1-15), fridge (1), countertop (1-4), drawer (1-4), microwave (1), toaster (1), coffeemachine (1), garbagecan (1), sink (1), stoveburner (1-3), sinkbasin (1)

**Answer Choices**
(1): go to cabinet 3
(2): go to fridge 1
(3): go to countertop 1
(4): go to cabinet 4
(5): go to cabinet 5
(6): go to cabinet 6
(7): go to cabinet 7
(8): go to drawer 1
(9): go to drawer 2
(10): go to cabinet 8
(11): go to drawer 3
(12): go to cabinet 9
(13): go to cabinet 10
(14): go to drawer 4
(15): go to microwave 1
(16): go to cabinet 11
(17): go to toaster 1
(18): go to cabinet 12
(19): go to cabinet 13
(20): go to cabinet 14
(21): go to cabinet 15
(22): go to countertop 2
(23): go to coffeemachine 1
(24): go to garbagecan 1
(25): go to countertop 3
(26): go to countertop 4
(27): go to sink 1
(28): go to stoveburner 1
(29): go to stoveburner 2
(30): go to stoveburner 3
(31): go to sinkbasin 1
(32): open cabinet 2
(33): close cabinet 2
(34): examine cabinet 2


**Answer**
Let's think step by step by following the instructions.
----------------------------------------

----------------------------------------

Original Response:
Image Analysis:
- Image 1 shows a closed cabinet, likely cabinet 2 based on its position in the room.
- Image 2 shows the same cabinet, but it is now open, revealing two compartments with no visible objects inside.

Task Description Analysis:
- The task is to cool a mug and put it in a coffee machine. 
- The agent does not need to use the fridge button or open the fridge but just needs to perform an action that is "cool the object with the fridge".
- The agent must find a mug first, then cool it, and finally place it in the coffee machine.

Initial Observation Analysis:
- The agent is in the middle of a room with several cabinets, a fridge, countertops, drawers, and appliances.
- There is no mention of a mug being in plain sight, so the agent may need to search for it.

Decision:
- The first step is to find a mug, which is likely to be in a cabinet or drawer.
- Since the images show cabinet 2 being opened with no mug inside, we can rule out options (32), (33), and (34).
- The agent must search other cabinets or drawers for the mug.

The answer is: (1): go to cabinet 3

----------------------------------------

----------------------------------------

>>> Refine Original VLM Response and Get Pure Action: go to cabinet 3

----------------------------------------

-----------------------------------------------------------------

Running time: 10.291899919509888 seconds

Total Money: 6.874140000000004

-----------------------------------------------------------------

-----------------------------------------------------------------

Text Observation:You arrive at loc 2. The cabinet 3 is closed. 

--------------------------------------------------------------------------------------------------------------------------task: 15---------------------------------------------------------
--------------------------------------------------------------------------------------------------------------------------------------------------------------------
--------------------------------------------------------------------------------------------------------------------------------------------------------------------
Step:--------------------------------------------------------------------------4-------------------------------------------------------------------------------
----------------------------------------
VLM Prompt:
Image1:
<image>
Image2:
<image>
**Instruction**
1. Analyze the provided images to identify all visible household objects and compare the difference between images (e.h. whether the object is opened or not and taken on hand or not), focusing on those relevant to the task description "cool some mug and put it in coffeemachine."
2. Use the analysis of images and the task hint "The agent must find an object of the desired type, pick it up, go to a fridge, cool the object with the fridge, then find the correct location to place it, and put it down there. The agent does not need to use the fridge button or open the fridge to cool the object, and the agent just needs to do action that is "cool the object with the fridge"." to answer the question: what is the most reasonable action in the choices for the task description "cool some mug and put it in coffeemachine"?
3. Decide and write the answer using the template: The answer is: (i): <selected_action>, where i is the real number. If there is no desired object in images, search every place based on **Initial Observation** to find the object. And if no one is exactly correct, choose a similar answer.

**Initial Observation**
You are in the middle of a room. Looking quickly around you, you can see cabinet (1-15), fridge (1), countertop (1-4), drawer (1-4), microwave (1), toaster (1), coffeemachine (1), garbagecan (1), sink (1), stoveburner (1-3), sinkbasin (1)

**Answer Choices**
(1): go to cabinet 1
(2): go to fridge 1
(3): go to countertop 1
(4): go to cabinet 4
(5): go to cabinet 5
(6): go to cabinet 6
(7): go to cabinet 7
(8): go to drawer 1
(9): go to drawer 2
(10): go to cabinet 8
(11): go to drawer 3
(12): go to cabinet 9
(13): go to cabinet 10
(14): go to drawer 4
(15): go to microwave 1
(16): go to cabinet 11
(17): go to toaster 1
(18): go to cabinet 12
(19): go to cabinet 13
(20): go to cabinet 14
(21): go to cabinet 15
(22): go to countertop 2
(23): go to coffeemachine 1
(24): go to garbagecan 1
(25): go to countertop 3
(26): go to countertop 4
(27): go to sink 1
(28): go to stoveburner 1
(29): go to stoveburner 2
(30): go to stoveburner 3
(31): go to sinkbasin 1
(32): open cabinet 3
(33): close cabinet 3
(34): examine cabinet 3


**Answer**
Let's think step by step by following the instructions.
----------------------------------------

----------------------------------------

Original Response:
Image Analysis:
- Both images show a closed cabinet, specifically cabinet 3 (based on the task description, which mentions cabinet 1-15 and the visible number 3 on the cabinet).
- There are no mugs or other objects visible in either image.
- No object is taken on hand in either image.
- The cabinet appears to be closed in both images, with no difference between them.

Task Description Analysis:
- The task requires finding a mug, cooling it in the fridge, and then placing it in the coffeemachine.
- The images do not show a mug, so we must search for it based on the initial observation.
- The agent does not need to use the fridge button or open the fridge to cool the object.

Decision:
Based on the initial observation, the most likely location to find a mug would be in a cabinet or on a countertop. Since the images show cabinet 3 and there is no mug visible, we should check other cabinets or countertops.

The answer is: (4): go to cabinet 4

----------------------------------------

----------------------------------------

>>> Refine Original VLM Response and Get Pure Action: go to cabinet 4

----------------------------------------

-----------------------------------------------------------------

Running time: 10.48494839668274 seconds

Total Money: 6.902560000000004

-----------------------------------------------------------------

-----------------------------------------------------------------

Text Observation:You arrive at loc 5. The cabinet 4 is closed. 

--------------------------------------------------------------------------------------------------------------------------task: 15---------------------------------------------------------
--------------------------------------------------------------------------------------------------------------------------------------------------------------------
--------------------------------------------------------------------------------------------------------------------------------------------------------------------
Step:--------------------------------------------------------------------------5-------------------------------------------------------------------------------
----------------------------------------
VLM Prompt:
Image1:
<image>
Image2:
<image>
**Instruction**
1. Analyze the provided images to identify all visible household objects and compare the difference between images (e.h. whether the object is opened or not and taken on hand or not), focusing on those relevant to the task description "cool some mug and put it in coffeemachine."
2. Use the analysis of images and the task hint "The agent must find an object of the desired type, pick it up, go to a fridge, cool the object with the fridge, then find the correct location to place it, and put it down there. The agent does not need to use the fridge button or open the fridge to cool the object, and the agent just needs to do action that is "cool the object with the fridge"." to answer the question: what is the most reasonable action in the choices for the task description "cool some mug and put it in coffeemachine"?
3. Decide and write the answer using the template: The answer is: (i): <selected_action>, where i is the real number. If there is no desired object in images, search every place based on **Initial Observation** to find the object. And if no one is exactly correct, choose a similar answer.

**Initial Observation**
You are in the middle of a room. Looking quickly around you, you can see cabinet (1-15), fridge (1), countertop (1-4), drawer (1-4), microwave (1), toaster (1), coffeemachine (1), garbagecan (1), sink (1), stoveburner (1-3), sinkbasin (1)

**Answer Choices**
(1): go to cabinet 1
(2): go to fridge 1
(3): go to countertop 1
(4): go to cabinet 5
(5): go to cabinet 6
(6): go to cabinet 7
(7): go to drawer 1
(8): go to drawer 2
(9): go to cabinet 8
(10): go to drawer 3
(11): go to cabinet 9
(12): go to cabinet 10
(13): go to drawer 4
(14): go to microwave 1
(15): go to cabinet 11
(16): go to toaster 1
(17): go to cabinet 12
(18): go to cabinet 13
(19): go to cabinet 14
(20): go to cabinet 15
(21): go to countertop 2
(22): go to coffeemachine 1
(23): go to garbagecan 1
(24): go to countertop 3
(25): go to countertop 4
(26): go to sink 1
(27): go to stoveburner 1
(28): go to stoveburner 2
(29): go to stoveburner 3
(30): go to sinkbasin 1
(31): open cabinet 4
(32): close cabinet 4
(33): examine cabinet 4


**Answer**
Let's think step by step by following the instructions.
----------------------------------------

----------------------------------------

Original Response:
First, we need to identify all visible household objects in the images and their state:

Image1:
- Cabinet (seems like cabinet 4 from the initial observation list) is open.

Image2:
- Fridge (fridge 1) is closed.
- Countertop 1 has a bread loaf and a salt shaker.
- Cabinet (possibly cabinet 1, 2, or 3 from initial observation) is closed.

Now, according to the task "cool some mug and put it in coffeemachine," we need to find a mug, cool it in the fridge, and then place it in the coffeemachine. 

From the provided images and initial observation, we cannot see any mugs, so we need to search the cabinets and drawers since those are the most likely places to find a mug. 

We can rule out the need to go to the fridge immediately, as we don't have the mug yet to cool. Also, we don't need to go to places like the garbage can, sink, stove burner, or sink basin, as those are not relevant to finding a mug.

Given the options and considering we don't see the mug in the open cabinet in Image1 (cabinet 4) or on the countertops, the most logical next step would be to search other cabinets. 

The answer is: (1): go to cabinet 1. If the mug is not there, continue searching cabinets in numerical order or as close to it as possible until the mug is found. Once found, the next step would be to go to the fridge to cool the mug and then to the coffeemachine to place it there.

----------------------------------------

----------------------------------------

>>> Refine Original VLM Response and Get Pure Action: go to cabinet 1

----------------------------------------

-----------------------------------------------------------------

Running time: 12.72331428527832 seconds

Total Money: 6.934670000000004

-----------------------------------------------------------------

-----------------------------------------------------------------

Text Observation:You arrive at loc 0. The cabinet 1 is closed. 

--------------------------------------------------------------------------------------------------------------------------task: 15---------------------------------------------------------
--------------------------------------------------------------------------------------------------------------------------------------------------------------------
--------------------------------------------------------------------------------------------------------------------------------------------------------------------
Step:--------------------------------------------------------------------------6-------------------------------------------------------------------------------
----------------------------------------
VLM Prompt:
Image1:
<image>
Image2:
<image>
**Instruction**
1. Analyze the provided images to identify all visible household objects and compare the difference between images (e.h. whether the object is opened or not and taken on hand or not), focusing on those relevant to the task description "cool some mug and put it in coffeemachine."
2. Use the analysis of images and the task hint "The agent must find an object of the desired type, pick it up, go to a fridge, cool the object with the fridge, then find the correct location to place it, and put it down there. The agent does not need to use the fridge button or open the fridge to cool the object, and the agent just needs to do action that is "cool the object with the fridge"." to answer the question: what is the most reasonable action in the choices for the task description "cool some mug and put it in coffeemachine"?
3. Decide and write the answer using the template: The answer is: (i): <selected_action>, where i is the real number. If there is no desired object in images, search every place based on **Initial Observation** to find the object. And if no one is exactly correct, choose a similar answer.

**Initial Observation**
You are in the middle of a room. Looking quickly around you, you can see cabinet (1-15), fridge (1), countertop (1-4), drawer (1-4), microwave (1), toaster (1), coffeemachine (1), garbagecan (1), sink (1), stoveburner (1-3), sinkbasin (1)

**Answer Choices**
(1): go to cabinet 2
(2): go to fridge 1
(3): go to countertop 1
(4): go to cabinet 5
(5): go to cabinet 6
(6): go to cabinet 7
(7): go to drawer 1
(8): go to drawer 2
(9): go to cabinet 8
(10): go to drawer 3
(11): go to cabinet 9
(12): go to cabinet 10
(13): go to drawer 4
(14): go to microwave 1
(15): go to cabinet 11
(16): go to toaster 1
(17): go to cabinet 12
(18): go to cabinet 13
(19): go to cabinet 14
(20): go to cabinet 15
(21): go to countertop 2
(22): go to coffeemachine 1
(23): go to garbagecan 1
(24): go to countertop 3
(25): go to countertop 4
(26): go to sink 1
(27): go to stoveburner 1
(28): go to stoveburner 2
(29): go to stoveburner 3
(30): go to sinkbasin 1
(31): open cabinet 1
(32): close cabinet 1
(33): examine cabinet 1


**Answer**
Let's think step by step by following the instructions.
----------------------------------------

----------------------------------------

Original Response:
First, we analyze the images. In image 1, we can see a fridge (fridge 1), a countertop (countertop 1), and some objects on the countertop, such as a loaf of bread and a salt shaker. However, there is no mug visible in this image. In image 2, we see a closed cabinet door, which could be any of the cabinets numbered 1-15.

Next, we consider the task description "cool some mug and put it in coffeemachine." Based on the task hint, the agent must find a mug, cool it with the fridge, and then place it in the coffeemachine. Since we do not see a mug in the provided images, we must search every place based on the initial observation to find the object.

Considering the most logical sequence of actions for the task, the agent would first need to find a mug. Cabinets are a common storage location for mugs, so the agent should check the cabinets first. Since the agent does not need to use the fridge button or open the fridge, and the action is just to "cool the object with the fridge," we can assume the cooling action is automatic once the object is in proximity to the fridge.

Given the options, going to the cabinets makes the most sense. Since we do not have specific information about which cabinet contains the mug, the agent should check them systematically. The closest cabinet number available in the answer choices after cabinet 1 (which we see closed in image 2) is cabinet 2.

The answer is: (1): go to cabinet 2

----------------------------------------

----------------------------------------

>>> Refine Original VLM Response and Get Pure Action: go to cabinet 2

----------------------------------------

-----------------------------------------------------------------

Running time: 21.573880195617676 seconds

Total Money: 6.9664500000000045

-----------------------------------------------------------------

-----------------------------------------------------------------

Text Observation:You arrive at loc 1. The cabinet 2 is closed. 

--------------------------------------------------------------------------------------------------------------------------task: 15---------------------------------------------------------
--------------------------------------------------------------------------------------------------------------------------------------------------------------------
--------------------------------------------------------------------------------------------------------------------------------------------------------------------
Step:--------------------------------------------------------------------------7-------------------------------------------------------------------------------
----------------------------------------
VLM Prompt:
Image1:
<image>
Image2:
<image>
**Instruction**
1. Analyze the provided images to identify all visible household objects and compare the difference between images (e.h. whether the object is opened or not and taken on hand or not), focusing on those relevant to the task description "cool some mug and put it in coffeemachine."
2. Use the analysis of images and the task hint "The agent must find an object of the desired type, pick it up, go to a fridge, cool the object with the fridge, then find the correct location to place it, and put it down there. The agent does not need to use the fridge button or open the fridge to cool the object, and the agent just needs to do action that is "cool the object with the fridge"." to answer the question: what is the most reasonable action in the choices for the task description "cool some mug and put it in coffeemachine"?
3. Decide and write the answer using the template: The answer is: (i): <selected_action>, where i is the real number. If there is no desired object in images, search every place based on **Initial Observation** to find the object. And if no one is exactly correct, choose a similar answer.

**Initial Observation**
You are in the middle of a room. Looking quickly around you, you can see cabinet (1-15), fridge (1), countertop (1-4), drawer (1-4), microwave (1), toaster (1), coffeemachine (1), garbagecan (1), sink (1), stoveburner (1-3), sinkbasin (1)

**Answer Choices**
(1): go to cabinet 3
(2): go to fridge 1
(3): go to countertop 1
(4): go to cabinet 5
(5): go to cabinet 6
(6): go to cabinet 7
(7): go to drawer 1
(8): go to drawer 2
(9): go to cabinet 8
(10): go to drawer 3
(11): go to cabinet 9
(12): go to cabinet 10
(13): go to drawer 4
(14): go to microwave 1
(15): go to cabinet 11
(16): go to toaster 1
(17): go to cabinet 12
(18): go to cabinet 13
(19): go to cabinet 14
(20): go to cabinet 15
(21): go to countertop 2
(22): go to coffeemachine 1
(23): go to garbagecan 1
(24): go to countertop 3
(25): go to countertop 4
(26): go to sink 1
(27): go to stoveburner 1
(28): go to stoveburner 2
(29): go to stoveburner 3
(30): go to sinkbasin 1
(31): open cabinet 2
(32): close cabinet 2
(33): examine cabinet 2


**Answer**
Let's think step by step by following the instructions.
----------------------------------------

----------------------------------------

Original Response:
First, we analyze the provided images. Both images depict a wooden cabinet, with Image1 showing the cabinet closed and Image2 showing the cabinet open with two doors. There is no mug or any other object visible in either of the images. 

Based on the task description, "cool some mug and put it in coffeemachine," and the hint provided, the agent must find a mug, cool it with the fridge, and then place it in the coffee machine. Since there is no mug visible in the images, we must search for it based on the Initial Observation.

Looking at the answer choices, none of them directly mention finding or picking up a mug. However, since mugs are typically stored in cabinets or on countertops, and we need to find one before we can cool it in the fridge, the most reasonable action to start with would be to search the cabinets.

The answer is: (1): go to cabinet 3. If the mug is not there, continue searching the cabinets and countertops as necessary.

----------------------------------------

----------------------------------------

>>> Refine Original VLM Response and Get Pure Action: go to cabinet 3

----------------------------------------

-----------------------------------------------------------------

Running time: 9.343821048736572 seconds

Total Money: 6.994600000000005

-----------------------------------------------------------------

-----------------------------------------------------------------

Text Observation:You arrive at loc 2. The cabinet 3 is closed. 

--------------------------------------------------------------------------------------------------------------------------task: 15---------------------------------------------------------
--------------------------------------------------------------------------------------------------------------------------------------------------------------------
--------------------------------------------------------------------------------------------------------------------------------------------------------------------
Step:--------------------------------------------------------------------------8-------------------------------------------------------------------------------
----------------------------------------
VLM Prompt:
Image1:
<image>
Image2:
<image>
**Instruction**
1. Analyze the provided images to identify all visible household objects and compare the difference between images (e.h. whether the object is opened or not and taken on hand or not), focusing on those relevant to the task description "cool some mug and put it in coffeemachine."
2. Use the analysis of images and the task hint "The agent must find an object of the desired type, pick it up, go to a fridge, cool the object with the fridge, then find the correct location to place it, and put it down there. The agent does not need to use the fridge button or open the fridge to cool the object, and the agent just needs to do action that is "cool the object with the fridge"." to answer the question: what is the most reasonable action in the choices for the task description "cool some mug and put it in coffeemachine"?
3. Decide and write the answer using the template: The answer is: (i): <selected_action>, where i is the real number. If there is no desired object in images, search every place based on **Initial Observation** to find the object. And if no one is exactly correct, choose a similar answer.

**Initial Observation**
You are in the middle of a room. Looking quickly around you, you can see cabinet (1-15), fridge (1), countertop (1-4), drawer (1-4), microwave (1), toaster (1), coffeemachine (1), garbagecan (1), sink (1), stoveburner (1-3), sinkbasin (1)

**Answer Choices**
(1): go to fridge 1
(2): go to countertop 1
(3): go to cabinet 4
(4): go to cabinet 5
(5): go to cabinet 6
(6): go to cabinet 7
(7): go to drawer 1
(8): go to drawer 2
(9): go to cabinet 8
(10): go to drawer 3
(11): go to cabinet 9
(12): go to cabinet 10
(13): go to drawer 4
(14): go to microwave 1
(15): go to cabinet 11
(16): go to toaster 1
(17): go to cabinet 12
(18): go to cabinet 13
(19): go to cabinet 14
(20): go to cabinet 15
(21): go to countertop 2
(22): go to coffeemachine 1
(23): go to garbagecan 1
(24): go to countertop 3
(25): go to countertop 4
(26): go to sink 1
(27): go to stoveburner 1
(28): go to stoveburner 2
(29): go to stoveburner 3
(30): go to sinkbasin 1
(31): open cabinet 3
(32): close cabinet 3
(33): examine cabinet 3


**Answer**
Let's think step by step by following the instructions.
----------------------------------------

----------------------------------------

Original Response:
The task is to "cool some mug and put it in coffeemachine." To accomplish this, we need to find a mug, cool it with the fridge, and then place it in the coffeemachine.

From the initial observation, we know where the fridge and coffeemachine are located, but we need to find the mug. The images provided show cabinet 3 from two different angles, and we do not see any mug or any object that has been cooled or taken on hand. 

Therefore, the most reasonable action would be to search for the mug in one of the locations that could contain such an item, which is likely to be in a cabinet or a drawer close to the coffeemachine for easy access. 

The answer is: (3): go to cabinet 4. This action is chosen because it is close to the coffeemachine and could logically contain mugs. If the mug is not there, we would continue searching the other cabinets or drawers based on the initial observation.

----------------------------------------

----------------------------------------

>>> Refine Original VLM Response and Get Pure Action: go to cabinet 4

----------------------------------------

-----------------------------------------------------------------

Running time: 8.934897899627686 seconds

Total Money: 7.022660000000005

-----------------------------------------------------------------

-----------------------------------------------------------------

Text Observation:You arrive at loc 5. The cabinet 4 is closed. 

--------------------------------------------------------------------------------------------------------------------------task: 15---------------------------------------------------------
--------------------------------------------------------------------------------------------------------------------------------------------------------------------
--------------------------------------------------------------------------------------------------------------------------------------------------------------------
Step:--------------------------------------------------------------------------9-------------------------------------------------------------------------------
----------------------------------------
VLM Prompt:
Image1:
<image>
Image2:
<image>
**Instruction**
1. Analyze the provided images to identify all visible household objects and compare the difference between images (e.h. whether the object is opened or not and taken on hand or not), focusing on those relevant to the task description "cool some mug and put it in coffeemachine."
2. Use the analysis of images and the task hint "The agent must find an object of the desired type, pick it up, go to a fridge, cool the object with the fridge, then find the correct location to place it, and put it down there. The agent does not need to use the fridge button or open the fridge to cool the object, and the agent just needs to do action that is "cool the object with the fridge"." to answer the question: what is the most reasonable action in the choices for the task description "cool some mug and put it in coffeemachine"?
3. Decide and write the answer using the template: The answer is: (i): <selected_action>, where i is the real number. If there is no desired object in images, search every place based on **Initial Observation** to find the object. And if no one is exactly correct, choose a similar answer.

**Initial Observation**
You are in the middle of a room. Looking quickly around you, you can see cabinet (1-15), fridge (1), countertop (1-4), drawer (1-4), microwave (1), toaster (1), coffeemachine (1), garbagecan (1), sink (1), stoveburner (1-3), sinkbasin (1)

**Answer Choices**
(1): go to cabinet 1
(2): go to fridge 1
(3): go to countertop 1
(4): go to cabinet 5
(5): go to cabinet 6
(6): go to cabinet 7
(7): go to drawer 1
(8): go to drawer 2
(9): go to cabinet 8
(10): go to drawer 3
(11): go to cabinet 9
(12): go to cabinet 10
(13): go to drawer 4
(14): go to microwave 1
(15): go to cabinet 11
(16): go to toaster 1
(17): go to cabinet 12
(18): go to cabinet 13
(19): go to cabinet 14
(20): go to cabinet 15
(21): go to countertop 2
(22): go to coffeemachine 1
(23): go to garbagecan 1
(24): go to countertop 3
(25): go to countertop 4
(26): go to sink 1
(27): go to stoveburner 1
(28): go to stoveburner 2
(29): go to stoveburner 3
(30): go to sinkbasin 1
(31): open cabinet 4
(32): close cabinet 4
(33): examine cabinet 4


**Answer**
Let's think step by step by following the instructions.
----------------------------------------

----------------------------------------

Original Response:
Firstly, we need to identify all visible household objects in the images provided. 

In Image 1, we can see the interior of a cabinet, which is cabinet 4, and it is open. There is no mug visible inside it. 

In Image 2, we can see a kitchen scene with a fridge, countertop, and cabinets. There is no mug visible on the countertop or inside the open cabinet.

Since the task is to "cool some mug and put it in the coffeemachine," we need to find a mug first. The mug is not visible in the provided images, so we need to search for it based on the initial observation.

The most reasonable action would be to search the cabinets, as mugs are typically stored there. However, we can see from the images that cabinet 4 is already open and does not contain a mug. Therefore, we should search the other cabinets.

The answer is: (1): go to cabinet 1. This is the first cabinet that we would check for a mug, following the sequence of cabinets listed in the initial observation. If the mug is not there, we would continue searching the other cabinets in order.

----------------------------------------

----------------------------------------

>>> Refine Original VLM Response and Get Pure Action: go to cabinet 1

----------------------------------------

-----------------------------------------------------------------

Running time: 10.104305028915405 seconds

Total Money: 7.051860000000005

-----------------------------------------------------------------

-----------------------------------------------------------------

Text Observation:You arrive at loc 0. The cabinet 1 is closed. 

--------------------------------------------------------------------------------------------------------------------------task: 15---------------------------------------------------------
--------------------------------------------------------------------------------------------------------------------------------------------------------------------
--------------------------------------------------------------------------------------------------------------------------------------------------------------------
Step:--------------------------------------------------------------------------10-------------------------------------------------------------------------------
----------------------------------------
VLM Prompt:
Image1:
<image>
Image2:
<image>
**Instruction**
1. Analyze the provided images to identify all visible household objects and compare the difference between images (e.h. whether the object is opened or not and taken on hand or not), focusing on those relevant to the task description "cool some mug and put it in coffeemachine."
2. Use the analysis of images and the task hint "The agent must find an object of the desired type, pick it up, go to a fridge, cool the object with the fridge, then find the correct location to place it, and put it down there. The agent does not need to use the fridge button or open the fridge to cool the object, and the agent just needs to do action that is "cool the object with the fridge"." to answer the question: what is the most reasonable action in the choices for the task description "cool some mug and put it in coffeemachine"?
3. Decide and write the answer using the template: The answer is: (i): <selected_action>, where i is the real number. If there is no desired object in images, search every place based on **Initial Observation** to find the object. And if no one is exactly correct, choose a similar answer.

**Initial Observation**
You are in the middle of a room. Looking quickly around you, you can see cabinet (1-15), fridge (1), countertop (1-4), drawer (1-4), microwave (1), toaster (1), coffeemachine (1), garbagecan (1), sink (1), stoveburner (1-3), sinkbasin (1)

**Answer Choices**
(1): go to cabinet 2
(2): go to fridge 1
(3): go to countertop 1
(4): go to cabinet 5
(5): go to cabinet 6
(6): go to cabinet 7
(7): go to drawer 1
(8): go to drawer 2
(9): go to cabinet 8
(10): go to drawer 3
(11): go to cabinet 9
(12): go to cabinet 10
(13): go to drawer 4
(14): go to microwave 1
(15): go to cabinet 11
(16): go to toaster 1
(17): go to cabinet 12
(18): go to cabinet 13
(19): go to cabinet 14
(20): go to cabinet 15
(21): go to countertop 2
(22): go to coffeemachine 1
(23): go to garbagecan 1
(24): go to countertop 3
(25): go to countertop 4
(26): go to sink 1
(27): go to stoveburner 1
(28): go to stoveburner 2
(29): go to stoveburner 3
(30): go to sinkbasin 1
(31): open cabinet 1
(32): close cabinet 1
(33): examine cabinet 1


**Answer**
Let's think step by step by following the instructions.
----------------------------------------

----------------------------------------

Original Response:
Image Analysis:
- In Image 1, we see a countertop with a loaf of bread and some kitchen items such as a salt shaker. No mug is visible on the countertop.
- In Image 2, we see a closed cabinet. No mug is visible.

Based on the task description "cool some mug and put it in coffeemachine," we need to find a mug, cool it with the fridge, and then place it in the coffee machine. The initial observation mentions a coffeemachine (1) and a fridge (1), but there is no mention of where the mugs are located. 

Since no mug is visible in the provided images, we need to search for it. A mug is most likely to be found in a cabinet or on a countertop. 

Among the answer choices, the most reasonable first action would be to look for the mug in the cabinets, as they are often stored there. 

The answer is: (1): go to cabinet 2. If the mug is not found there, we would continue searching in other cabinets or countertops following the initial observation.

----------------------------------------

----------------------------------------

>>> Refine Original VLM Response and Get Pure Action: go to cabinet 2

----------------------------------------

-----------------------------------------------------------------

Running time: 12.544257402420044 seconds

Total Money: 7.0806100000000045

-----------------------------------------------------------------

-----------------------------------------------------------------

Text Observation:You arrive at loc 1. The cabinet 2 is closed. 

--------------------------------------------------------------------------------------------------------------------------task: 15---------------------------------------------------------
--------------------------------------------------------------------------------------------------------------------------------------------------------------------
--------------------------------------------------------------------------------------------------------------------------------------------------------------------
Step:--------------------------------------------------------------------------11-------------------------------------------------------------------------------
----------------------------------------
VLM Prompt:
Image1:
<image>
Image2:
<image>
**Instruction**
1. Analyze the provided images to identify all visible household objects and compare the difference between images (e.h. whether the object is opened or not and taken on hand or not), focusing on those relevant to the task description "cool some mug and put it in coffeemachine."
2. Use the analysis of images and the task hint "The agent must find an object of the desired type, pick it up, go to a fridge, cool the object with the fridge, then find the correct location to place it, and put it down there. The agent does not need to use the fridge button or open the fridge to cool the object, and the agent just needs to do action that is "cool the object with the fridge"." to answer the question: what is the most reasonable action in the choices for the task description "cool some mug and put it in coffeemachine"?
3. Decide and write the answer using the template: The answer is: (i): <selected_action>, where i is the real number. If there is no desired object in images, search every place based on **Initial Observation** to find the object. And if no one is exactly correct, choose a similar answer.

**Initial Observation**
You are in the middle of a room. Looking quickly around you, you can see cabinet (1-15), fridge (1), countertop (1-4), drawer (1-4), microwave (1), toaster (1), coffeemachine (1), garbagecan (1), sink (1), stoveburner (1-3), sinkbasin (1)

**Answer Choices**
(1): go to cabinet 3
(2): go to fridge 1
(3): go to countertop 1
(4): go to cabinet 5
(5): go to cabinet 6
(6): go to cabinet 7
(7): go to drawer 1
(8): go to drawer 2
(9): go to cabinet 8
(10): go to drawer 3
(11): go to cabinet 9
(12): go to cabinet 10
(13): go to drawer 4
(14): go to microwave 1
(15): go to cabinet 11
(16): go to toaster 1
(17): go to cabinet 12
(18): go to cabinet 13
(19): go to cabinet 14
(20): go to cabinet 15
(21): go to countertop 2
(22): go to coffeemachine 1
(23): go to garbagecan 1
(24): go to countertop 3
(25): go to countertop 4
(26): go to sink 1
(27): go to stoveburner 1
(28): go to stoveburner 2
(29): go to stoveburner 3
(30): go to sinkbasin 1
(31): open cabinet 2
(32): close cabinet 2
(33): examine cabinet 2


**Answer**
Let's think step by step by following the instructions.
----------------------------------------

----------------------------------------

Original Response:
Image Analysis:
- Image1 shows a closed cabinet.
- Image2 shows the same cabinet opened with no visible mugs or cups inside.

Task Description Analysis:
- The task requires cooling a mug and placing it in a coffeemachine.
- The agent does not need to use the fridge button or open the fridge to cool the object.

Based on Initial Observation:
- The agent needs to find a mug, which is not visible in the images provided.
- The agent needs to find the correct location to place the cooled mug, which would be the coffeemachine.

Most Reasonable Action:
- Since the images do not show any mugs, the agent will need to search in places where a mug might be stored such as cabinets or countertops.
- Since the agent needs to go to the coffeemachine after cooling the mug, it is reasonable to choose an action that involves going to the coffeemachine.

The answer is: (22): go to coffeemachine 1

----------------------------------------

----------------------------------------

>>> Refine Original VLM Response and Get Pure Action: go to coffeemachine 1

----------------------------------------

-----------------------------------------------------------------

Running time: 11.659287929534912 seconds

Total Money: 7.108520000000005

-----------------------------------------------------------------

-----------------------------------------------------------------

Text Observation:You arrive at loc 24. On the coffeemachine 1, you see a mug 1, and a saltshaker 2.

--------------------------------------------------------------------------------------------------------------------------task: 15---------------------------------------------------------
--------------------------------------------------------------------------------------------------------------------------------------------------------------------
--------------------------------------------------------------------------------------------------------------------------------------------------------------------
Step:--------------------------------------------------------------------------12-------------------------------------------------------------------------------
----------------------------------------
VLM Prompt:
Image1:
<image>
Image2:
<image>
**Instruction**
1. Analyze the provided images to identify all visible household objects and compare the difference between images (e.h. whether the object is opened or not and taken on hand or not), focusing on those relevant to the task description "cool some mug and put it in coffeemachine."
2. Use the analysis of images and the task hint "The agent must find an object of the desired type, pick it up, go to a fridge, cool the object with the fridge, then find the correct location to place it, and put it down there. The agent does not need to use the fridge button or open the fridge to cool the object, and the agent just needs to do action that is "cool the object with the fridge"." to answer the question: what is the most reasonable action in the choices for the task description "cool some mug and put it in coffeemachine"?
3. Decide and write the answer using the template: The answer is: (i): <selected_action>, where i is the real number. If there is no desired object in images, search every place based on **Initial Observation** to find the object. And if no one is exactly correct, choose a similar answer.

**Initial Observation**
You are in the middle of a room. Looking quickly around you, you can see cabinet (1-15), fridge (1), countertop (1-4), drawer (1-4), microwave (1), toaster (1), coffeemachine (1), garbagecan (1), sink (1), stoveburner (1-3), sinkbasin (1)

**Answer Choices**
(1): go to cabinet 3
(2): go to fridge 1
(3): go to countertop 1
(4): go to cabinet 4
(5): go to cabinet 5
(6): go to cabinet 6
(7): go to cabinet 7
(8): go to drawer 1
(9): go to drawer 2
(10): go to cabinet 8
(11): go to drawer 3
(12): go to cabinet 9
(13): go to cabinet 10
(14): go to drawer 4
(15): go to microwave 1
(16): go to cabinet 11
(17): go to toaster 1
(18): go to cabinet 12
(19): go to cabinet 13
(20): go to cabinet 14
(21): go to cabinet 15
(22): go to countertop 2
(23): go to garbagecan 1
(24): go to countertop 3
(25): go to countertop 4
(26): go to sink 1
(27): go to stoveburner 1
(28): go to stoveburner 2
(29): go to stoveburner 3
(30): go to sinkbasin 1
(31): take mug 1 from coffeemachine 1
(32): take saltshaker 2 from coffeemachine 1
(33): examine coffeemachine 1


**Answer**
Let's think step by step by following the instructions.
----------------------------------------

----------------------------------------

Original Response:
First, we need to cool a mug. In Image2, we can see a mug placed in the coffeemachine. Since the task does not require using the fridge button or opening the fridge and we just need to perform an action to "cool the object with the fridge," we can assume the agent will perform a 'cool' action near the fridge.

The next step is to put the cooled mug in the coffeemachine. In Image2, we can see the coffeemachine with a mug already in place, but for the task, we need to assume that the mug needs to be cooled first and then placed in the coffeemachine.

Based on these steps and the Initial Observation provided, the most reasonable action to perform the task "cool some mug and put it in coffeemachine" would be to first take the mug from the coffeemachine and then go to the fridge to cool it.

Looking at the answer choices, taking the mug from the coffeemachine is option (31): take mug 1 from coffeemachine 1. The next step, going to the fridge, is option (2): go to fridge 1.

The answer is: (31): take mug 1 from coffeemachine 1, and then (2): go to fridge 1.

----------------------------------------

----------------------------------------

>>> Refine Original VLM Response and Get Pure Action: take mug 1 from coffeemachine 1, and then (2): go to fridge 1

----------------------------------------

-----------------------------------------------------------------

Running time: 20.97464871406555 seconds

Total Money: 7.138520000000005

-----------------------------------------------------------------

-----------------------------------------------------------------

Text Observation:Nothing happens.

--------------------------------------------------------------------------------------------------------------------------task: 15---------------------------------------------------------
--------------------------------------------------------------------------------------------------------------------------------------------------------------------
--------------------------------------------------------------------------------------------------------------------------------------------------------------------
Step:--------------------------------------------------------------------------13-------------------------------------------------------------------------------
----------------------------------------
VLM Prompt:
Image1:
<image>
Image2:
<image>
**Instruction**
1. Analyze the provided images to identify all visible household objects and compare the difference between images (e.h. whether the object is opened or not and taken on hand or not), focusing on those relevant to the task description "cool some mug and put it in coffeemachine."
2. Use the analysis of images and the task hint "The agent must find an object of the desired type, pick it up, go to a fridge, cool the object with the fridge, then find the correct location to place it, and put it down there. The agent does not need to use the fridge button or open the fridge to cool the object, and the agent just needs to do action that is "cool the object with the fridge"." to answer the question: what is the most reasonable action in the choices for the task description "cool some mug and put it in coffeemachine"?
3. Decide and write the answer using the template: The answer is: (i): <selected_action>, where i is the real number. If there is no desired object in images, search every place based on **Initial Observation** to find the object. And if no one is exactly correct, choose a similar answer.

**Initial Observation**
You are in the middle of a room. Looking quickly around you, you can see cabinet (1-15), fridge (1), countertop (1-4), drawer (1-4), microwave (1), toaster (1), coffeemachine (1), garbagecan (1), sink (1), stoveburner (1-3), sinkbasin (1)

**Answer Choices**
(1): go to cabinet 1
(2): go to cabinet 3
(3): go to fridge 1
(4): go to countertop 1
(5): go to cabinet 4
(6): go to cabinet 5
(7): go to cabinet 6
(8): go to cabinet 7
(9): go to drawer 1
(10): go to drawer 2
(11): go to cabinet 8
(12): go to drawer 3
(13): go to cabinet 9
(14): go to cabinet 10
(15): go to drawer 4
(16): go to microwave 1
(17): go to cabinet 11
(18): go to toaster 1
(19): go to cabinet 12
(20): go to cabinet 13
(21): go to cabinet 14
(22): go to cabinet 15
(23): go to countertop 2
(24): go to garbagecan 1
(25): go to countertop 3
(26): go to countertop 4
(27): go to sink 1
(28): go to stoveburner 1
(29): go to stoveburner 2
(30): go to stoveburner 3
(31): go to sinkbasin 1
(32): take mug 1 from coffeemachine 1
(33): take saltshaker 2 from coffeemachine 1
(34): examine coffeemachine 1


**Answer**
Let's think step by step by following the instructions.
----------------------------------------

----------------------------------------

Original Response:
First, we analyze the images provided. In both images, we can see a coffeemachine with a mug placed under the dispenser, and a saltshaker next to it on the countertop. There are no differences between the images, and no objects are opened or taken by hand. Since we are looking to cool a mug and put it in the coffeemachine, we can see that there is already a mug in the coffeemachine. However, the task description requires the mug to be cooled first.

Considering the task hint that the agent must cool the object with the fridge without needing to use the fridge button or open the fridge, the most reasonable next action would be to take the mug from the coffeemachine and then go to the fridge to cool it.

The answer is: (32): take mug 1 from coffeemachine 1

----------------------------------------

----------------------------------------

>>> Refine Original VLM Response and Get Pure Action: take mug 1 from coffeemachine 1

----------------------------------------

-----------------------------------------------------------------

Running time: 21.28891110420227 seconds

Total Money: 7.165910000000005

-----------------------------------------------------------------

-----------------------------------------------------------------

Text Observation:You pick up the mug 1 from the coffeemachine 1.

--------------------------------------------------------------------------------------------------------------------------task: 15---------------------------------------------------------
--------------------------------------------------------------------------------------------------------------------------------------------------------------------
--------------------------------------------------------------------------------------------------------------------------------------------------------------------
Step:--------------------------------------------------------------------------14-------------------------------------------------------------------------------
----------------------------------------
VLM Prompt:
Image1:
<image>
Image2:
<image>
**Instruction**
1. Analyze the provided images to identify all visible household objects and compare the difference between images (e.h. whether the object is opened or not and taken on hand or not), focusing on those relevant to the task description "cool some mug and put it in coffeemachine."
2. Use the analysis of images and the task hint "The agent must find an object of the desired type, pick it up, go to a fridge, cool the object with the fridge, then find the correct location to place it, and put it down there. The agent does not need to use the fridge button or open the fridge to cool the object, and the agent just needs to do action that is "cool the object with the fridge"." to answer the question: what is the most reasonable action in the choices for the task description "cool some mug and put it in coffeemachine"?
3. Decide and write the answer using the template: The answer is: (i): <selected_action>, where i is the real number. If there is no desired object in images, search every place based on **Initial Observation** to find the object. And if no one is exactly correct, choose a similar answer.

**Initial Observation**
You are in the middle of a room. Looking quickly around you, you can see cabinet (1-15), fridge (1), countertop (1-4), drawer (1-4), microwave (1), toaster (1), coffeemachine (1), garbagecan (1), sink (1), stoveburner (1-3), sinkbasin (1)

**Answer Choices**
(1): go to cabinet 1
(2): go to cabinet 2
(3): go to cabinet 3
(4): go to fridge 1
(5): go to countertop 1
(6): go to cabinet 4
(7): go to cabinet 5
(8): go to cabinet 6
(9): go to cabinet 7
(10): go to drawer 1
(11): go to drawer 2
(12): go to cabinet 8
(13): go to drawer 3
(14): go to cabinet 9
(15): go to cabinet 10
(16): go to drawer 4
(17): go to microwave 1
(18): go to cabinet 11
(19): go to toaster 1
(20): go to cabinet 12
(21): go to cabinet 13
(22): go to cabinet 14
(23): go to cabinet 15
(24): go to countertop 2
(25): go to garbagecan 1
(26): go to countertop 3
(27): go to countertop 4
(28): go to sink 1
(29): go to stoveburner 1
(30): go to stoveburner 2
(31): go to stoveburner 3
(32): go to sinkbasin 1
(33): put mug 1 in/on coffeemachine 1
(34): examine mug 1
(35): examine coffeemachine 1


**Answer**
Let's think step by step by following the instructions.
----------------------------------------

----------------------------------------

Original Response:
First, we analyze the provided images to identify all visible household objects relevant to the task description "cool some mug and put it in coffeemachine." In both Image1 and Image2, we can see a coffeemachine and a mug. In Image1, the mug is placed in the coffeemachine, while in Image2, the mug is placed on the countertop next to the coffeemachine.

The task hint suggests that the agent must find a mug, pick it up, go to a fridge, cool the object with the fridge, then find the correct location to place it, and put it down there. The agent does not need to use the fridge button or open the fridge to cool the object, and the agent just needs to do an action that is "cool the object with the fridge."

Given this information, the most reasonable action for the task description "cool some mug and put it in coffeemachine" is to first pick up the mug from the countertop, cool it with the fridge, and then put it in the coffeemachine. Since the mug is already visible on the countertop in Image2, the agent does not need to search for it in cabinets or drawers.

Therefore, the answer is: (4): go to fridge 1 to cool the mug, and then (33): put mug 1 in/on coffeemachine 1 to complete the task.

----------------------------------------

----------------------------------------

>>> Refine Original VLM Response and Get Pure Action: No action

----------------------------------------

-----------------------------------------------------------------

Running time: 12.284629583358765 seconds

Total Money: 7.196680000000005

-----------------------------------------------------------------

-----------------------------------------------------------------

Text Observation:Nothing happens.

--------------------------------------------------------------------------------------------------------------------------task: 15---------------------------------------------------------
--------------------------------------------------------------------------------------------------------------------------------------------------------------------
--------------------------------------------------------------------------------------------------------------------------------------------------------------------
Step:--------------------------------------------------------------------------15-------------------------------------------------------------------------------
----------------------------------------
VLM Prompt:
Image1:
<image>
Image2:
<image>
**Instruction**
1. Analyze the provided images to identify all visible household objects and compare the difference between images (e.h. whether the object is opened or not and taken on hand or not), focusing on those relevant to the task description "cool some mug and put it in coffeemachine."
2. Use the analysis of images and the task hint "The agent must find an object of the desired type, pick it up, go to a fridge, cool the object with the fridge, then find the correct location to place it, and put it down there. The agent does not need to use the fridge button or open the fridge to cool the object, and the agent just needs to do action that is "cool the object with the fridge"." to answer the question: what is the most reasonable action in the choices for the task description "cool some mug and put it in coffeemachine"?
3. Decide and write the answer using the template: The answer is: (i): <selected_action>, where i is the real number. If there is no desired object in images, search every place based on **Initial Observation** to find the object. And if no one is exactly correct, choose a similar answer.

**Initial Observation**
You are in the middle of a room. Looking quickly around you, you can see cabinet (1-15), fridge (1), countertop (1-4), drawer (1-4), microwave (1), toaster (1), coffeemachine (1), garbagecan (1), sink (1), stoveburner (1-3), sinkbasin (1)

**Answer Choices**
(1): go to cabinet 1
(2): go to cabinet 2
(3): go to cabinet 3
(4): go to fridge 1
(5): go to countertop 1
(6): go to cabinet 4
(7): go to cabinet 5
(8): go to cabinet 6
(9): go to cabinet 7
(10): go to drawer 1
(11): go to drawer 2
(12): go to cabinet 8
(13): go to drawer 3
(14): go to cabinet 9
(15): go to cabinet 10
(16): go to drawer 4
(17): go to microwave 1
(18): go to cabinet 11
(19): go to toaster 1
(20): go to cabinet 12
(21): go to cabinet 13
(22): go to cabinet 14
(23): go to cabinet 15
(24): go to countertop 2
(25): go to garbagecan 1
(26): go to countertop 3
(27): go to countertop 4
(28): go to sink 1
(29): go to stoveburner 1
(30): go to stoveburner 2
(31): go to stoveburner 3
(32): go to sinkbasin 1
(33): put mug 1 in/on coffeemachine 1
(34): examine mug 1
(35): examine coffeemachine 1


**Answer**
Let's think step by step by following the instructions.
----------------------------------------

----------------------------------------

Original Response:
Image Analysis:
- In both images, we see a coffee machine, a mug, and a pepper grinder on a countertop. There is no noticeable difference between the two images, and no objects appear to be opened, taken, or used.

Task Hint Analysis:
- The task is to cool a mug and then put it in the coffee machine.
- According to the task hint, the agent is not required to use the fridge button or open the fridge to cool the object. The agent simply needs to perform the action "cool the object with the fridge."

Based on the Initial Observation:
- The mug is already located on the countertop and does not need to be found or picked up from cabinets or drawers.

Decision:
- The next reasonable action, according to the task description, would be to cool the mug with the fridge and then place it in the coffee machine.
- Since there is no action listed that explicitly states "cool the mug with the fridge," the closest action that would allow the agent to interact with the fridge is (4): go to fridge 1. After this action, the agent could then proceed to (33): put mug 1 in/on coffeemachine 1 to complete the task.

The answer is: (4): go to fridge 1.

----------------------------------------

----------------------------------------

>>> Refine Original VLM Response and Get Pure Action: go to fridge 1

----------------------------------------

-----------------------------------------------------------------

Running time: 26.5355441570282 seconds

Total Money: 7.226670000000005

-----------------------------------------------------------------

-----------------------------------------------------------------

Text Observation:You arrive at loc 3. The fridge 1 is closed. 

--------------------------------------------------------------------------------------------------------------------------task: 15---------------------------------------------------------
--------------------------------------------------------------------------------------------------------------------------------------------------------------------
--------------------------------------------------------------------------------------------------------------------------------------------------------------------
Step:--------------------------------------------------------------------------16-------------------------------------------------------------------------------
----------------------------------------
VLM Prompt:
Image1:
<image>
Image2:
<image>
**Instruction**
1. Analyze the provided images to identify all visible household objects and compare the difference between images (e.h. whether the object is opened or not and taken on hand or not), focusing on those relevant to the task description "cool some mug and put it in coffeemachine."
2. Use the analysis of images and the task hint "The agent must find an object of the desired type, pick it up, go to a fridge, cool the object with the fridge, then find the correct location to place it, and put it down there. The agent does not need to use the fridge button or open the fridge to cool the object, and the agent just needs to do action that is "cool the object with the fridge"." to answer the question: what is the most reasonable action in the choices for the task description "cool some mug and put it in coffeemachine"?
3. Decide and write the answer using the template: The answer is: (i): <selected_action>, where i is the real number. If there is no desired object in images, search every place based on **Initial Observation** to find the object. And if no one is exactly correct, choose a similar answer.

**Initial Observation**
You are in the middle of a room. Looking quickly around you, you can see cabinet (1-15), fridge (1), countertop (1-4), drawer (1-4), microwave (1), toaster (1), coffeemachine (1), garbagecan (1), sink (1), stoveburner (1-3), sinkbasin (1)

**Answer Choices**
(1): go to cabinet 1
(2): go to cabinet 2
(3): go to cabinet 3
(4): go to countertop 1
(5): go to cabinet 4
(6): go to cabinet 5
(7): go to cabinet 6
(8): go to cabinet 7
(9): go to drawer 1
(10): go to drawer 2
(11): go to cabinet 8
(12): go to drawer 3
(13): go to cabinet 9
(14): go to cabinet 10
(15): go to drawer 4
(16): go to microwave 1
(17): go to cabinet 11
(18): go to toaster 1
(19): go to cabinet 12
(20): go to cabinet 13
(21): go to cabinet 14
(22): go to cabinet 15
(23): go to countertop 2
(24): go to coffeemachine 1
(25): go to garbagecan 1
(26): go to countertop 3
(27): go to countertop 4
(28): go to sink 1
(29): go to stoveburner 1
(30): go to stoveburner 2
(31): go to stoveburner 3
(32): go to sinkbasin 1
(33): open fridge 1
(34): close fridge 1
(35): put mug 1 in/on fridge 1
(36): cool mug 1 with fridge 1
(37): examine mug 1
(38): examine fridge 1


**Answer**
Let's think step by step by following the instructions.
----------------------------------------

----------------------------------------

Original Response:
The answer is: (36): cool mug 1 with fridge 1

----------------------------------------

----------------------------------------

>>> Refine Original VLM Response and Get Pure Action: cool mug 1 with fridge 1

----------------------------------------

-----------------------------------------------------------------

Running time: 4.485715866088867 seconds

Total Money: 7.249940000000005

-----------------------------------------------------------------

-----------------------------------------------------------------

Text Observation:You cool the mug 1 using the fridge 1.

--------------------------------------------------------------------------------------------------------------------------task: 15---------------------------------------------------------
--------------------------------------------------------------------------------------------------------------------------------------------------------------------
--------------------------------------------------------------------------------------------------------------------------------------------------------------------
Step:--------------------------------------------------------------------------17-------------------------------------------------------------------------------
----------------------------------------
VLM Prompt:
Image1:
<image>
Image2:
<image>
**Instruction**
1. Analyze the provided images to identify all visible household objects and compare the difference between images (e.h. whether the object is opened or not and taken on hand or not), focusing on those relevant to the task description "cool some mug and put it in coffeemachine."
2. Use the analysis of images and the task hint "The agent must find an object of the desired type, pick it up, go to a fridge, cool the object with the fridge, then find the correct location to place it, and put it down there. The agent does not need to use the fridge button or open the fridge to cool the object, and the agent just needs to do action that is "cool the object with the fridge"." to answer the question: what is the most reasonable action in the choices for the task description "cool some mug and put it in coffeemachine"?
3. Decide and write the answer using the template: The answer is: (i): <selected_action>, where i is the real number. If there is no desired object in images, search every place based on **Initial Observation** to find the object. And if no one is exactly correct, choose a similar answer.

**Initial Observation**
You are in the middle of a room. Looking quickly around you, you can see cabinet (1-15), fridge (1), countertop (1-4), drawer (1-4), microwave (1), toaster (1), coffeemachine (1), garbagecan (1), sink (1), stoveburner (1-3), sinkbasin (1)

**Answer Choices**
(1): go to cabinet 1
(2): go to cabinet 2
(3): go to cabinet 3
(4): go to countertop 1
(5): go to cabinet 4
(6): go to cabinet 5
(7): go to cabinet 6
(8): go to cabinet 7
(9): go to drawer 1
(10): go to drawer 2
(11): go to cabinet 8
(12): go to drawer 3
(13): go to cabinet 9
(14): go to cabinet 10
(15): go to drawer 4
(16): go to microwave 1
(17): go to cabinet 11
(18): go to toaster 1
(19): go to cabinet 12
(20): go to cabinet 13
(21): go to cabinet 14
(22): go to cabinet 15
(23): go to countertop 2
(24): go to coffeemachine 1
(25): go to garbagecan 1
(26): go to countertop 3
(27): go to countertop 4
(28): go to sink 1
(29): go to stoveburner 1
(30): go to stoveburner 2
(31): go to stoveburner 3
(32): go to sinkbasin 1
(33): open fridge 1
(34): close fridge 1
(35): put mug 1 in/on fridge 1
(36): examine mug 1
(37): examine fridge 1


**Answer**
Let's think step by step by following the instructions.
----------------------------------------

----------------------------------------

Original Response:
The answer is: (35): put mug 1 in/on fridge 1

----------------------------------------

----------------------------------------

>>> Refine Original VLM Response and Get Pure Action: put mug 1 in/on fridge 1

----------------------------------------

-----------------------------------------------------------------

Running time: 3.3754162788391113 seconds

Total Money: 7.273120000000005

-----------------------------------------------------------------

-----------------------------------------------------------------

Text Observation:Nothing happens.

--------------------------------------------------------------------------------------------------------------------------task: 15---------------------------------------------------------
--------------------------------------------------------------------------------------------------------------------------------------------------------------------
--------------------------------------------------------------------------------------------------------------------------------------------------------------------
Step:--------------------------------------------------------------------------18-------------------------------------------------------------------------------
----------------------------------------
VLM Prompt:
Image1:
<image>
Image2:
<image>
**Instruction**
1. Analyze the provided images to identify all visible household objects and compare the difference between images (e.h. whether the object is opened or not and taken on hand or not), focusing on those relevant to the task description "cool some mug and put it in coffeemachine."
2. Use the analysis of images and the task hint "The agent must find an object of the desired type, pick it up, go to a fridge, cool the object with the fridge, then find the correct location to place it, and put it down there. The agent does not need to use the fridge button or open the fridge to cool the object, and the agent just needs to do action that is "cool the object with the fridge"." to answer the question: what is the most reasonable action in the choices for the task description "cool some mug and put it in coffeemachine"?
3. Decide and write the answer using the template: The answer is: (i): <selected_action>, where i is the real number. If there is no desired object in images, search every place based on **Initial Observation** to find the object. And if no one is exactly correct, choose a similar answer.

**Initial Observation**
You are in the middle of a room. Looking quickly around you, you can see cabinet (1-15), fridge (1), countertop (1-4), drawer (1-4), microwave (1), toaster (1), coffeemachine (1), garbagecan (1), sink (1), stoveburner (1-3), sinkbasin (1)

**Answer Choices**
(1): go to cabinet 1
(2): go to cabinet 2
(3): go to cabinet 3
(4): go to countertop 1
(5): go to cabinet 4
(6): go to cabinet 5
(7): go to cabinet 6
(8): go to cabinet 7
(9): go to drawer 1
(10): go to drawer 2
(11): go to cabinet 8
(12): go to drawer 3
(13): go to cabinet 9
(14): go to cabinet 10
(15): go to drawer 4
(16): go to microwave 1
(17): go to cabinet 11
(18): go to toaster 1
(19): go to cabinet 12
(20): go to cabinet 13
(21): go to cabinet 14
(22): go to cabinet 15
(23): go to countertop 2
(24): go to coffeemachine 1
(25): go to garbagecan 1
(26): go to countertop 3
(27): go to countertop 4
(28): go to sink 1
(29): go to stoveburner 1
(30): go to stoveburner 2
(31): go to stoveburner 3
(32): go to sinkbasin 1
(33): open fridge 1
(34): close fridge 1
(35): examine mug 1
(36): examine fridge 1


**Answer**
Let's think step by step by following the instructions.
----------------------------------------

----------------------------------------

Original Response:
The answer is: (24): go to coffeemachine 1

----------------------------------------

----------------------------------------

>>> Refine Original VLM Response and Get Pure Action: go to coffeemachine 1

----------------------------------------

-----------------------------------------------------------------

Running time: 5.060765981674194 seconds

Total Money: 7.296110000000005

-----------------------------------------------------------------

-----------------------------------------------------------------

Text Observation:You arrive at loc 24. On the coffeemachine 1, you see a saltshaker 2.

--------------------------------------------------------------------------------------------------------------------------task: 15---------------------------------------------------------
--------------------------------------------------------------------------------------------------------------------------------------------------------------------
--------------------------------------------------------------------------------------------------------------------------------------------------------------------
Step:--------------------------------------------------------------------------19-------------------------------------------------------------------------------
----------------------------------------
VLM Prompt:
Image1:
<image>
Image2:
<image>
**Instruction**
1. Analyze the provided images to identify all visible household objects and compare the difference between images (e.h. whether the object is opened or not and taken on hand or not), focusing on those relevant to the task description "cool some mug and put it in coffeemachine."
2. Use the analysis of images and the task hint "The agent must find an object of the desired type, pick it up, go to a fridge, cool the object with the fridge, then find the correct location to place it, and put it down there. The agent does not need to use the fridge button or open the fridge to cool the object, and the agent just needs to do action that is "cool the object with the fridge"." to answer the question: what is the most reasonable action in the choices for the task description "cool some mug and put it in coffeemachine"?
3. Decide and write the answer using the template: The answer is: (i): <selected_action>, where i is the real number. If there is no desired object in images, search every place based on **Initial Observation** to find the object. And if no one is exactly correct, choose a similar answer.

**Initial Observation**
You are in the middle of a room. Looking quickly around you, you can see cabinet (1-15), fridge (1), countertop (1-4), drawer (1-4), microwave (1), toaster (1), coffeemachine (1), garbagecan (1), sink (1), stoveburner (1-3), sinkbasin (1)

**Answer Choices**
(1): go to cabinet 1
(2): go to cabinet 2
(3): go to cabinet 3
(4): go to fridge 1
(5): go to countertop 1
(6): go to cabinet 4
(7): go to cabinet 5
(8): go to cabinet 6
(9): go to cabinet 7
(10): go to drawer 1
(11): go to drawer 2
(12): go to cabinet 8
(13): go to drawer 3
(14): go to cabinet 9
(15): go to cabinet 10
(16): go to drawer 4
(17): go to microwave 1
(18): go to cabinet 11
(19): go to toaster 1
(20): go to cabinet 12
(21): go to cabinet 13
(22): go to cabinet 14
(23): go to cabinet 15
(24): go to countertop 2
(25): go to garbagecan 1
(26): go to countertop 3
(27): go to countertop 4
(28): go to sink 1
(29): go to stoveburner 1
(30): go to stoveburner 2
(31): go to stoveburner 3
(32): go to sinkbasin 1
(33): put mug 1 in/on coffeemachine 1
(34): examine mug 1
(35): examine coffeemachine 1


**Answer**
Let's think step by step by following the instructions.
----------------------------------------

----------------------------------------

Original Response:
Analyzing Image 1 and Image 2, we can see a mug present in both images. In Image 1, the mug is placed on what appears to be a refrigerator door, with the task hint suggesting that this is the action of cooling the mug. In Image 2, the mug is placed on a countertop next to a coffee machine, indicating the final step of the task.

Based on the task description "cool some mug and put it in coffeemachine" and the information provided in the task hint, the mug has already been cooled as shown in Image 1. The next logical step would be to place the cooled mug into the coffee machine as per the task description. Since the mug is already cooled and present in Image 2, the most reasonable action from the given choices would be to put the mug in the coffee machine.

The answer is: (33): put mug 1 in/on coffeemachine 1.

----------------------------------------

----------------------------------------

>>> Refine Original VLM Response and Get Pure Action: put mug 1 in/on coffeemachine 1

----------------------------------------

-----------------------------------------------------------------

Running time: 11.44241189956665 seconds

Total Money: 7.324400000000005

-----------------------------------------------------------------

-----------------------------------------------------------------

Text Observation:You put the mug 1 in/on the coffeemachine 1.

-----------------------------------------------------------------