---------------------------------------------------------task: 28---------------------------------------------------------
--------------------------------------------------------------------------------------------------------------------------------------------------------------------
--------------------------------------------------------------------------------------------------------------------------------------------------------------------
Step:--------------------------------------------------------------------------0-------------------------------------------------------------------------------
----------------------------------------
VLM Prompt:
Image1:
<image>
**Instruction**
1. Analyze the provided image to identify all visible household objects, focusing on those relevant to the task description "put two spraybottle in toilet."
2. Use the analysis of the image and the task hint "The agent must find an object of the desired type, pick it up, find the correct location to place it, put it down there, then look for another object of the desired type, pick it up, return to previous location, and put it down there with the other object." to answer the question: what is the most reasonable action in the choices for the task description "put two spraybottle in toilet"?
4. Decide and write the answer using the template: The answer is: (i): <selected_action>, where i is the real number. If there is no desired object in the image, search every place based on **Initial Observation** to find the object. And if no one is exactly correct, choose a similar answer.

**Initial Observation**
You are in the middle of a room. Looking quickly around you, you can see bathtub (1), bathtubbasin (1), cart (1), sink (1), garbagecan (1), sinkbasin (1), countertop (1), drawer (1-4), toilet (1), toiletpaperhanger (1)

**Answer Choices**
(1): go to bathtub 1
(2): go to bathtubbasin 1
(3): go to cart 1
(4): go to sink 1
(5): go to garbagecan 1
(6): go to sinkbasin 1
(7): go to countertop 1
(8): go to drawer 1
(9): go to drawer 2
(10): go to drawer 3
(11): go to drawer 4
(12): go to toilet 1
(13): go to toiletpaperhanger 1

**Answer**
Let's think step by step by following the instructions.
----------------------------------------

----------------------------------------

Original Response:
First, we need to identify any visible household objects in the image that are relevant to the task "put two spraybottle in toilet." In the image, we can see a toiletpaperhanger 1 and a toilet 1. However, there are no spray bottles visible in the image.

Based on the initial observation, we know that there are other objects and locations in the room, such as a bathtub, sink, garbage can, countertop, and drawers, which could potentially have the spray bottles we need for the task.

Given the task hint, the agent must find an object of the desired type (spray bottle), pick it up, find the correct location to place it (toilet 1), put it down there, then look for another object of the desired type, pick it up, return to the previous location, and put it down there with the other object.

Since no desired object is visible in the image, we should search every place based on the initial observation to find the object. The most common places to store spray bottles in a bathroom setting would be under the sink (in drawers or cabinets) or on a countertop or cart if they are used frequently.

The answer is: (10): go to drawer 3, as drawers are a likely place to find household objects such as spray bottles, and starting with drawer 3 is arbitrary as any drawer could potentially contain the item. If drawer 3 doesn't contain the spray bottle, the agent can then proceed to check the other drawers or locations listed in the initial observation.

----------------------------------------

----------------------------------------

>>> Refine Original VLM Response and Get Pure Action: go to drawer 3, as drawers are a likely place to find household objects such as spray bottles, and starting with drawer 3 is arbitrary as any drawer could potentially contain the item

----------------------------------------

-----------------------------------------------------------------

Running time: 11.243804931640625 seconds

Total Money: 17.895850000000003

-----------------------------------------------------------------

-----------------------------------------------------------------

Text Observation:Nothing happens.

--------------------------------------------------------------------------------------------------------------------------task: 28---------------------------------------------------------
--------------------------------------------------------------------------------------------------------------------------------------------------------------------
--------------------------------------------------------------------------------------------------------------------------------------------------------------------
Step:--------------------------------------------------------------------------1-------------------------------------------------------------------------------
----------------------------------------
VLM Prompt:
Image1:
<image>
Image2:
<image>
**Instruction**
1. Analyze the provided image to identify all visible household objects, focusing on those relevant to the task description "put two spraybottle in toilet."
2. Use the analysis of the image and the task hint "The agent must find an object of the desired type, pick it up, find the correct location to place it, put it down there, then look for another object of the desired type, pick it up, return to previous location, and put it down there with the other object." to answer the question: what is the most reasonable action in the choices for the task description "put two spraybottle in toilet"?
4. Decide and write the answer using the template: The answer is: (i): <selected_action>, where i is the real number. If there is no desired object in the image, search every place based on **Initial Observation** to find the object. And if no one is exactly correct, choose a similar answer.

**Initial Observation**
You are in the middle of a room. Looking quickly around you, you can see bathtub (1), bathtubbasin (1), cart (1), sink (1), garbagecan (1), sinkbasin (1), countertop (1), drawer (1-4), toilet (1), toiletpaperhanger (1)

**Answer Choices**
(1): go to bathtub 1
(2): go to bathtubbasin 1
(3): go to cart 1
(4): go to sink 1
(5): go to garbagecan 1
(6): go to sinkbasin 1
(7): go to countertop 1
(8): go to drawer 1
(9): go to drawer 2
(10): go to drawer 3
(11): go to drawer 4
(12): go to toilet 1
(13): go to toiletpaperhanger 1

**Answer**
Let's think step by step by following the instructions.
----------------------------------------

----------------------------------------

Original Response:
The task is to put two spray bottles in the toilet. In the provided images, there is one spray bottle visible on top of the toilet tank. Therefore, the first step is to pick up this spray bottle.

Since the spray bottle is already in close proximity to the toilet, the most reasonable next action would be to put this spray bottle in the toilet as it aligns with the task description. However, the task requires two spray bottles, and only one is visible in the image. Therefore, after placing the first spray bottle in the toilet, the agent would need to search for a second spray bottle.

According to the initial observation, there are several places where a second spray bottle could potentially be found, such as the cart, drawers, or countertop. However, since the first spray bottle was found on top of the toilet tank, it is reasonable to search areas that are similar or close by for the second spray bottle.

Out of the answer choices provided, going to areas like the countertop or drawers would be a reasonable next step to find another spray bottle. However, since the task is to put the spray bottles in the toilet, the most immediate action should be focused on the first spray bottle.

The answer is: (12): go to toilet 1

----------------------------------------

----------------------------------------

>>> Refine Original VLM Response and Get Pure Action: go to toilet 1

----------------------------------------

-----------------------------------------------------------------

Running time: 13.558105707168579 seconds

Total Money: 17.92311

-----------------------------------------------------------------

-----------------------------------------------------------------

Text Observation:You arrive at loc 11. On the toilet 1, you see a showerdoor 1, a soapbottle 1, and a scrubbrush 1.

--------------------------------------------------------------------------------------------------------------------------task: 28---------------------------------------------------------
--------------------------------------------------------------------------------------------------------------------------------------------------------------------
--------------------------------------------------------------------------------------------------------------------------------------------------------------------
Step:--------------------------------------------------------------------------2-------------------------------------------------------------------------------
----------------------------------------
VLM Prompt:
Image1:
<image>
Image2:
<image>
Image3:
<image>
**Instruction**
1. Analyze the provided image to identify all visible household objects, focusing on those relevant to the task description "put two spraybottle in toilet."
2. Use the analysis of the image and the task hint "The agent must find an object of the desired type, pick it up, find the correct location to place it, put it down there, then look for another object of the desired type, pick it up, return to previous location, and put it down there with the other object." to answer the question: what is the most reasonable action in the choices for the task description "put two spraybottle in toilet"?
4. Decide and write the answer using the template: The answer is: (i): <selected_action>, where i is the real number. If there is no desired object in the image, search every place based on **Initial Observation** to find the object. And if no one is exactly correct, choose a similar answer.

**Initial Observation**
You are in the middle of a room. Looking quickly around you, you can see bathtub (1), bathtubbasin (1), cart (1), sink (1), garbagecan (1), sinkbasin (1), countertop (1), drawer (1-4), toilet (1), toiletpaperhanger (1)

**Answer Choices**
(1): go to bathtub 1
(2): go to bathtubbasin 1
(3): go to cart 1
(4): go to sink 1
(5): go to garbagecan 1
(6): go to sinkbasin 1
(7): go to countertop 1
(8): go to drawer 1
(9): go to drawer 2
(10): go to drawer 3
(11): go to drawer 4
(12): go to toiletpaperhanger 1
(13): take showerdoor 1 from toilet 1
(14): take soapbottle 1 from toilet 1
(15): take scrubbrush 1 from toilet 1
(16): examine toilet 1

**Answer**
Let's think step by step by following the instructions.
----------------------------------------

----------------------------------------

Original Response:
First, we need to identify all visible household objects relevant to the task description "put two spraybottle in toilet." In the provided images, there is no spray bottle visible around the toilet. 

Based on the task hint, we need to search for the desired object, which in this case is a spray bottle. Since the Initial Observation provides a list of places where objects can be found, we should start searching in those places.

The answer is: (7): go to countertop 1.

----------------------------------------

----------------------------------------

>>> Refine Original VLM Response and Get Pure Action: go to countertop 1

----------------------------------------

-----------------------------------------------------------------

Running time: 7.082292318344116 seconds

Total Money: 17.95383

-----------------------------------------------------------------

-----------------------------------------------------------------

Text Observation:You arrive at loc 6. On the countertop 1, you see a tissuebox 1, a toiletpaper 1, a spraybottle 1, a handtowel 1, and a candle 1.

--------------------------------------------------------------------------------------------------------------------------task: 28---------------------------------------------------------
--------------------------------------------------------------------------------------------------------------------------------------------------------------------
--------------------------------------------------------------------------------------------------------------------------------------------------------------------
Step:--------------------------------------------------------------------------3-------------------------------------------------------------------------------
----------------------------------------
VLM Prompt:
Image1:
<image>
Image2:
<image>
Image3:
<image>
**Instruction**
1. Analyze the provided image to identify all visible household objects, focusing on those relevant to the task description "put two spraybottle in toilet."
2. Use the analysis of the image and the task hint "The agent must find an object of the desired type, pick it up, find the correct location to place it, put it down there, then look for another object of the desired type, pick it up, return to previous location, and put it down there with the other object." to answer the question: what is the most reasonable action in the choices for the task description "put two spraybottle in toilet"?
4. Decide and write the answer using the template: The answer is: (i): <selected_action>, where i is the real number. If there is no desired object in the image, search every place based on **Initial Observation** to find the object. And if no one is exactly correct, choose a similar answer.

**Initial Observation**
You are in the middle of a room. Looking quickly around you, you can see bathtub (1), bathtubbasin (1), cart (1), sink (1), garbagecan (1), sinkbasin (1), countertop (1), drawer (1-4), toilet (1), toiletpaperhanger (1)

**Answer Choices**
(1): go to bathtub 1
(2): go to bathtubbasin 1
(3): go to cart 1
(4): go to sink 1
(5): go to garbagecan 1
(6): go to sinkbasin 1
(7): go to drawer 1
(8): go to drawer 2
(9): go to drawer 3
(10): go to drawer 4
(11): go to toiletpaperhanger 1
(12): take tissuebox 1 from countertop 1
(13): take toiletpaper 1 from countertop 1
(14): take spraybottle 1 from countertop 1
(15): take handtowel 1 from countertop 1
(16): take candle 1 from countertop 1
(17): examine countertop 1

**Answer**
Let's think step by step by following the instructions.
----------------------------------------

----------------------------------------

Original Response:
The task is to "put two spraybottle in toilet." Based on the initial observation, we can see different household objects. From the provided images, we can see that Image3 shows a spraybottle on the countertop. This is relevant to the task at hand because we need to find spraybottles. 

Following the task hint, the agent must first find an object of the desired type, which in this case is a spraybottle. Since we can see a spraybottle on the countertop in Image3, the most reasonable action would be to take the spraybottle from the countertop. 

Looking at the answer choices, the action that corresponds to taking the spraybottle from the countertop is (14): take spraybottle 1 from countertop 1.

The answer is: (14): take spraybottle 1 from countertop 1.

----------------------------------------

----------------------------------------

>>> Refine Original VLM Response and Get Pure Action: take spraybottle 1 from countertop 1

----------------------------------------

-----------------------------------------------------------------

Running time: 10.660395860671997 seconds

Total Money: 17.98721

-----------------------------------------------------------------

-----------------------------------------------------------------

Text Observation:You pick up the spraybottle 1 from the countertop 1.

--------------------------------------------------------------------------------------------------------------------------task: 28---------------------------------------------------------
--------------------------------------------------------------------------------------------------------------------------------------------------------------------
--------------------------------------------------------------------------------------------------------------------------------------------------------------------
Step:--------------------------------------------------------------------------4-------------------------------------------------------------------------------
----------------------------------------
VLM Prompt:
Image1:
<image>
Image2:
<image>
Image3:
<image>
**Instruction**
1. Analyze the provided image to identify all visible household objects, focusing on those relevant to the task description "put two spraybottle in toilet."
2. Use the analysis of the image and the task hint "The agent must find an object of the desired type, pick it up, find the correct location to place it, put it down there, then look for another object of the desired type, pick it up, return to previous location, and put it down there with the other object." to answer the question: what is the most reasonable action in the choices for the task description "put two spraybottle in toilet"?
4. Decide and write the answer using the template: The answer is: (i): <selected_action>, where i is the real number. If there is no desired object in the image, search every place based on **Initial Observation** to find the object. And if no one is exactly correct, choose a similar answer.

**Initial Observation**
You are in the middle of a room. Looking quickly around you, you can see bathtub (1), bathtubbasin (1), cart (1), sink (1), garbagecan (1), sinkbasin (1), countertop (1), drawer (1-4), toilet (1), toiletpaperhanger (1)

**Answer Choices**
(1): go to bathtub 1
(2): go to bathtubbasin 1
(3): go to cart 1
(4): go to sink 1
(5): go to garbagecan 1
(6): go to sinkbasin 1
(7): go to drawer 1
(8): go to drawer 2
(9): go to drawer 3
(10): go to drawer 4
(11): go to toiletpaperhanger 1
(12): put spraybottle 1 in/on countertop 1
(13): examine spraybottle 1
(14): examine countertop 1

**Answer**
Let's think step by step by following the instructions.
----------------------------------------

----------------------------------------

Original Response:
First, we need to identify all visible household objects relevant to the task "put two spraybottle in toilet". In Image 1, we can see one spraybottle on the countertop, labeled as "spraybottle 1". There is no other spraybottle visible in Image 1. In Image 2, we can also see the same spraybottle on the countertop. Image 3 is a close-up of the spraybottle on the countertop. Since we only see one spraybottle, we need to find another one.

The task hint tells us that the agent must first find an object of the desired type, pick it up, and then find the correct location to place it. Since we have identified one spraybottle, the next reasonable action would be to pick it up. However, none of the answer choices involve picking up the spraybottle. The closest action we can take that aligns with the task hint is to examine the spraybottle, which may be a precursor to picking it up.

Therefore, the most reasonable action from the provided choices for the task description "put two spraybottle in toilet" is to first examine the spraybottle we have identified.

The answer is: (13): examine spraybottle 1.

----------------------------------------

----------------------------------------

>>> Refine Original VLM Response and Get Pure Action: examine spraybottle 1

----------------------------------------

-----------------------------------------------------------------

Running time: 11.786393880844116 seconds

Total Money: 18.02253

-----------------------------------------------------------------

-----------------------------------------------------------------

Text Observation:This is a normal spraybottle 1

--------------------------------------------------------------------------------------------------------------------------task: 28---------------------------------------------------------
--------------------------------------------------------------------------------------------------------------------------------------------------------------------
--------------------------------------------------------------------------------------------------------------------------------------------------------------------
Step:--------------------------------------------------------------------------5-------------------------------------------------------------------------------
----------------------------------------
VLM Prompt:
Image1:
<image>
Image2:
<image>
Image3:
<image>
**Instruction**
1. Analyze the provided image to identify all visible household objects, focusing on those relevant to the task description "put two spraybottle in toilet."
2. Use the analysis of the image and the task hint "The agent must find an object of the desired type, pick it up, find the correct location to place it, put it down there, then look for another object of the desired type, pick it up, return to previous location, and put it down there with the other object." to answer the question: what is the most reasonable action in the choices for the task description "put two spraybottle in toilet"?
4. Decide and write the answer using the template: The answer is: (i): <selected_action>, where i is the real number. If there is no desired object in the image, search every place based on **Initial Observation** to find the object. And if no one is exactly correct, choose a similar answer.

**Initial Observation**
You are in the middle of a room. Looking quickly around you, you can see bathtub (1), bathtubbasin (1), cart (1), sink (1), garbagecan (1), sinkbasin (1), countertop (1), drawer (1-4), toilet (1), toiletpaperhanger (1)

**Answer Choices**
(1): go to bathtub 1
(2): go to bathtubbasin 1
(3): go to cart 1
(4): go to sink 1
(5): go to garbagecan 1
(6): go to sinkbasin 1
(7): go to drawer 1
(8): go to drawer 2
(9): go to drawer 3
(10): go to drawer 4
(11): go to toilet 1
(12): go to toiletpaperhanger 1
(13): put spraybottle 1 in/on countertop 1
(14): examine countertop 1

**Answer**
Let's think step by step by following the instructions.
----------------------------------------

----------------------------------------

Original Response:
First, we need to identify all visible household objects relevant to the task. In the images provided, we can see one spraybottle on the countertop. According to the task description "put two spraybottle in toilet," we need to find another spraybottle.

Looking at the **Initial Observation** list, we can see there is no mention of a second spraybottle in the immediate vicinity. Therefore, we need to search for the second spraybottle. The drawers seem to be a likely place where an additional spraybottle might be found, as they are often used for storage.

The most reasonable action from the choices given would be to search the drawers for another spraybottle. Since we do not know which drawer it might be in, we should start with the first one and proceed in numerical order until we find what we're looking for.

The answer is: (7): go to drawer 1

----------------------------------------

----------------------------------------

>>> Refine Original VLM Response and Get Pure Action: go to drawer 1

----------------------------------------

-----------------------------------------------------------------

Running time: 8.275440454483032 seconds

Total Money: 18.05556

-----------------------------------------------------------------

-----------------------------------------------------------------

Text Observation:You arrive at loc 7. The drawer 1 is closed. 

--------------------------------------------------------------------------------------------------------------------------task: 28---------------------------------------------------------
--------------------------------------------------------------------------------------------------------------------------------------------------------------------
--------------------------------------------------------------------------------------------------------------------------------------------------------------------
Step:--------------------------------------------------------------------------6-------------------------------------------------------------------------------
----------------------------------------
VLM Prompt:
Image1:
<image>
Image2:
<image>
Image3:
<image>
**Instruction**
1. Analyze the provided image to identify all visible household objects, focusing on those relevant to the task description "put two spraybottle in toilet."
2. Use the analysis of the image and the task hint "The agent must find an object of the desired type, pick it up, find the correct location to place it, put it down there, then look for another object of the desired type, pick it up, return to previous location, and put it down there with the other object." to answer the question: what is the most reasonable action in the choices for the task description "put two spraybottle in toilet"?
4. Decide and write the answer using the template: The answer is: (i): <selected_action>, where i is the real number. If there is no desired object in the image, search every place based on **Initial Observation** to find the object. And if no one is exactly correct, choose a similar answer.

**Initial Observation**
You are in the middle of a room. Looking quickly around you, you can see bathtub (1), bathtubbasin (1), cart (1), sink (1), garbagecan (1), sinkbasin (1), countertop (1), drawer (1-4), toilet (1), toiletpaperhanger (1)

**Answer Choices**
(1): go to bathtub 1
(2): go to bathtubbasin 1
(3): go to cart 1
(4): go to sink 1
(5): go to garbagecan 1
(6): go to sinkbasin 1
(7): go to countertop 1
(8): go to drawer 2
(9): go to drawer 3
(10): go to drawer 4
(11): go to toilet 1
(12): go to toiletpaperhanger 1
(13): open drawer 1
(14): close drawer 1
(15): put spraybottle 1 in/on drawer 1
(16): examine drawer 1

**Answer**
Let's think step by step by following the instructions.
----------------------------------------

----------------------------------------

Original Response:
First, we need to identify all visible household objects relevant to the task. From the image, we can see a "spraybottle 1" on the countertop. Since the task is to "put two spraybottle in toilet," we need to find another spray bottle.

Now, following the task hint, the agent must first pick up the visible "spraybottle 1," then look for another spray bottle. Since there is only one spray bottle visible, the agent should search for another in places not visible in the image.

Based on the Initial Observation, the agent can search in the bathtub, cart, garbage can, sink basin, and drawers since these are the places not clearly visible in the image and could potentially contain another spray bottle.

Since the agent is already at the countertop where "spraybottle 1" is located, the next reasonable action would be to pick up "spraybottle 1" and then go to search for another spray bottle in the locations mentioned.

However, none of the answer choices directly involve picking up "spraybottle 1," so we must choose the next best action. The most reasonable action would be to start searching the drawers as they are common storage places for household items such as spray bottles. Therefore, the agent should go to one of the drawers.

The answer is: (13): open drawer 1.

----------------------------------------

----------------------------------------

>>> Refine Original VLM Response and Get Pure Action: open drawer 1

----------------------------------------

-----------------------------------------------------------------

Running time: 10.72450876235962 seconds

Total Money: 18.09165

-----------------------------------------------------------------

-----------------------------------------------------------------

Text Observation:You open the drawer 1. The drawer 1 is open. In it, you see a tissuebox 1, a toiletpaper 1, a handtowel 1, and a candle 1.

--------------------------------------------------------------------------------------------------------------------------task: 28---------------------------------------------------------
--------------------------------------------------------------------------------------------------------------------------------------------------------------------
--------------------------------------------------------------------------------------------------------------------------------------------------------------------
Step:--------------------------------------------------------------------------7-------------------------------------------------------------------------------
----------------------------------------
VLM Prompt:
Image1:
<image>
Image2:
<image>
Image3:
<image>
**Instruction**
1. Analyze the provided image to identify all visible household objects, focusing on those relevant to the task description "put two spraybottle in toilet."
2. Use the analysis of the image and the task hint "The agent must find an object of the desired type, pick it up, find the correct location to place it, put it down there, then look for another object of the desired type, pick it up, return to previous location, and put it down there with the other object." to answer the question: what is the most reasonable action in the choices for the task description "put two spraybottle in toilet"?
4. Decide and write the answer using the template: The answer is: (i): <selected_action>, where i is the real number. If there is no desired object in the image, search every place based on **Initial Observation** to find the object. And if no one is exactly correct, choose a similar answer.

**Initial Observation**
You are in the middle of a room. Looking quickly around you, you can see bathtub (1), bathtubbasin (1), cart (1), sink (1), garbagecan (1), sinkbasin (1), countertop (1), drawer (1-4), toilet (1), toiletpaperhanger (1)

**Answer Choices**
(1): go to bathtub 1
(2): go to bathtubbasin 1
(3): go to cart 1
(4): go to sink 1
(5): go to garbagecan 1
(6): go to sinkbasin 1
(7): go to countertop 1
(8): go to drawer 2
(9): go to drawer 3
(10): go to drawer 4
(11): go to toilet 1
(12): go to toiletpaperhanger 1
(13): close drawer 1
(14): put spraybottle 1 in/on drawer 1
(15): examine drawer 1

**Answer**
Let's think step by step by following the instructions.
----------------------------------------

----------------------------------------

Original Response:
Firstly, we need to identify all visible household objects relevant to the task. From the given images, we can see a spray bottle labeled as "spraybottle 1" on the countertop labeled as "countertop 1." 

The task description is "put two spraybottle in toilet." We have only identified one spray bottle in the image, so we need to find another one. The task hint indicates that we must find an object of the desired type and then place it in the correct location. Since we already see one spray bottle, we need to look for another one, which could be in a drawer or another location mentioned in the initial observation.

Since the images do not show the inside of the drawers, we cannot confirm the presence of another spray bottle there. However, based on the initial observation mentioning drawers, it would be reasonable to check the drawers for another spray bottle.

Therefore, we should first go to a drawer to look for another spray bottle. Checking the drawers closest to the countertop where the first spray bottle is located would be logical. Drawer 1 is already open, and we do not see a spray bottle there, so we should check another drawer. Let's choose drawer 2 as it is the next closest drawer.

The answer is: (8): go to drawer 2

----------------------------------------

----------------------------------------

>>> Refine Original VLM Response and Get Pure Action: go to drawer 2

----------------------------------------

-----------------------------------------------------------------

Running time: 11.806599378585815 seconds

Total Money: 18.12721

-----------------------------------------------------------------

-----------------------------------------------------------------

Text Observation:You arrive at loc 8. The drawer 2 is closed. 

--------------------------------------------------------------------------------------------------------------------------task: 28---------------------------------------------------------
--------------------------------------------------------------------------------------------------------------------------------------------------------------------
--------------------------------------------------------------------------------------------------------------------------------------------------------------------
Step:--------------------------------------------------------------------------8-------------------------------------------------------------------------------
----------------------------------------
VLM Prompt:
Image1:
<image>
Image2:
<image>
Image3:
<image>
**Instruction**
1. Analyze the provided image to identify all visible household objects, focusing on those relevant to the task description "put two spraybottle in toilet."
2. Use the analysis of the image and the task hint "The agent must find an object of the desired type, pick it up, find the correct location to place it, put it down there, then look for another object of the desired type, pick it up, return to previous location, and put it down there with the other object." to answer the question: what is the most reasonable action in the choices for the task description "put two spraybottle in toilet"?
4. Decide and write the answer using the template: The answer is: (i): <selected_action>, where i is the real number. If there is no desired object in the image, search every place based on **Initial Observation** to find the object. And if no one is exactly correct, choose a similar answer.

**Initial Observation**
You are in the middle of a room. Looking quickly around you, you can see bathtub (1), bathtubbasin (1), cart (1), sink (1), garbagecan (1), sinkbasin (1), countertop (1), drawer (1-4), toilet (1), toiletpaperhanger (1)

**Answer Choices**
(1): go to bathtub 1
(2): go to bathtubbasin 1
(3): go to cart 1
(4): go to sink 1
(5): go to garbagecan 1
(6): go to sinkbasin 1
(7): go to countertop 1
(8): go to drawer 3
(9): go to drawer 4
(10): go to toilet 1
(11): go to toiletpaperhanger 1
(12): open drawer 2
(13): close drawer 2
(14): put spraybottle 1 in/on drawer 2
(15): examine spraybottle 1
(16): examine drawer 2

**Answer**
Let's think step by step by following the instructions.
----------------------------------------

----------------------------------------

Original Response:
Firstly, we need to identify all visible household objects relevant to the task "put two spraybottle in toilet." From the initial observation and the provided images, we can see that there is one spraybottle visible on the countertop.

The next step is to follow the task hint, which suggests that the agent must find an object of the desired type, pick it up, find the correct location to place it, and put it down there. After that, the agent should look for another object of the desired type and repeat the process.

Given the task description and the initial observation, the most reasonable action from the choices provided would be to first go to the location where the visible spraybottle is located, pick it up, and then go to the toilet to place it.

In this case, the visible spraybottle is located on the countertop. So the first step towards completing the task would be to go to the countertop to pick up the spraybottle.

The answer is: (7): go to countertop 1

----------------------------------------

----------------------------------------

>>> Refine Original VLM Response and Get Pure Action: go to countertop 1

----------------------------------------

-----------------------------------------------------------------

Running time: 23.292117595672607 seconds

Total Money: 18.161150000000003

-----------------------------------------------------------------

-----------------------------------------------------------------

Text Observation:You arrive at loc 6. On the countertop 1, you see a tissuebox 1, a toiletpaper 1, a handtowel 1, and a candle 1.

--------------------------------------------------------------------------------------------------------------------------task: 28---------------------------------------------------------
--------------------------------------------------------------------------------------------------------------------------------------------------------------------
--------------------------------------------------------------------------------------------------------------------------------------------------------------------
Step:--------------------------------------------------------------------------9-------------------------------------------------------------------------------
----------------------------------------
VLM Prompt:
Image1:
<image>
Image2:
<image>
Image3:
<image>
**Instruction**
1. Analyze the provided image to identify all visible household objects, focusing on those relevant to the task description "put two spraybottle in toilet."
2. Use the analysis of the image and the task hint "The agent must find an object of the desired type, pick it up, find the correct location to place it, put it down there, then look for another object of the desired type, pick it up, return to previous location, and put it down there with the other object." to answer the question: what is the most reasonable action in the choices for the task description "put two spraybottle in toilet"?
4. Decide and write the answer using the template: The answer is: (i): <selected_action>, where i is the real number. If there is no desired object in the image, search every place based on **Initial Observation** to find the object. And if no one is exactly correct, choose a similar answer.

**Initial Observation**
You are in the middle of a room. Looking quickly around you, you can see bathtub (1), bathtubbasin (1), cart (1), sink (1), garbagecan (1), sinkbasin (1), countertop (1), drawer (1-4), toilet (1), toiletpaperhanger (1)

**Answer Choices**
(1): go to bathtub 1
(2): go to bathtubbasin 1
(3): go to cart 1
(4): go to sink 1
(5): go to garbagecan 1
(6): go to sinkbasin 1
(7): go to drawer 1
(8): go to drawer 3
(9): go to drawer 4
(10): go to toilet 1
(11): go to toiletpaperhanger 1
(12): put spraybottle 1 in/on countertop 1
(13): examine spraybottle 1
(14): examine countertop 1

**Answer**
Let's think step by step by following the instructions.
----------------------------------------

----------------------------------------

Original Response:
Firstly, we need to identify all visible household objects related to the task "put two spraybottle in toilet." In the image, we can see one spraybottle on the countertop, labeled as "spraybottle 1." As per the task, we need two spraybottles, but only one is visible in the image.

Following the task hint and the initial observation, the agent should first pick up the visible spraybottle, go to the toilet, and place it there. Then, the agent should look for another spraybottle. Since only one spraybottle is visible in the image and no other spraybottles are mentioned in the initial observation, the agent may need to search in places where objects are typically stored, such as drawers.

Based on the given information and the task at hand, the most reasonable first action would be to pick up the visible spraybottle.

The answer is: (13): examine spraybottle 1

----------------------------------------

----------------------------------------

>>> Refine Original VLM Response and Get Pure Action: examine spraybottle 1

----------------------------------------

-----------------------------------------------------------------

Running time: 10.804252862930298 seconds

Total Money: 18.194550000000003

-----------------------------------------------------------------

-----------------------------------------------------------------

Text Observation:This is a normal spraybottle 1

--------------------------------------------------------------------------------------------------------------------------task: 28---------------------------------------------------------
--------------------------------------------------------------------------------------------------------------------------------------------------------------------
--------------------------------------------------------------------------------------------------------------------------------------------------------------------
Step:--------------------------------------------------------------------------10-------------------------------------------------------------------------------
----------------------------------------
VLM Prompt:
Image1:
<image>
Image2:
<image>
Image3:
<image>
**Instruction**
1. Analyze the provided image to identify all visible household objects, focusing on those relevant to the task description "put two spraybottle in toilet."
2. Use the analysis of the image and the task hint "The agent must find an object of the desired type, pick it up, find the correct location to place it, put it down there, then look for another object of the desired type, pick it up, return to previous location, and put it down there with the other object." to answer the question: what is the most reasonable action in the choices for the task description "put two spraybottle in toilet"?
4. Decide and write the answer using the template: The answer is: (i): <selected_action>, where i is the real number. If there is no desired object in the image, search every place based on **Initial Observation** to find the object. And if no one is exactly correct, choose a similar answer.

**Initial Observation**
You are in the middle of a room. Looking quickly around you, you can see bathtub (1), bathtubbasin (1), cart (1), sink (1), garbagecan (1), sinkbasin (1), countertop (1), drawer (1-4), toilet (1), toiletpaperhanger (1)

**Answer Choices**
(1): go to bathtub 1
(2): go to bathtubbasin 1
(3): go to cart 1
(4): go to sink 1
(5): go to garbagecan 1
(6): go to sinkbasin 1
(7): go to drawer 1
(8): go to drawer 3
(9): go to drawer 4
(10): go to toilet 1
(11): go to toiletpaperhanger 1
(12): put spraybottle 1 in/on countertop 1
(13): examine countertop 1

**Answer**
Let's think step by step by following the instructions.
----------------------------------------

----------------------------------------

Original Response:
Firstly, we need to identify all visible household objects relevant to the task "put two spraybottle in toilet." In the images provided, we can see a spraybottle labeled "spraybottle 1" on the countertop. According to the task hint, the agent must first find an object of the desired type, which in this case is a spraybottle. Since there is already one spraybottle visible, the agent does not need to search for it. The next step would be to pick up the spraybottle and find the correct location to place it, which is the toilet. The agent would then need to put down the first spraybottle in the toilet and look for another one. However, there is no second spraybottle visible in the images provided. Therefore, the agent would need to search every place based on the Initial Observation to find the second spraybottle.

Since we are following the instructions step by step, the most reasonable action for the task "put two spraybottle in toilet" right now would be to pick up the visible spraybottle and go to the toilet to place it down there. The action that corresponds to this step is:

The answer is: (10): go to toilet 1

----------------------------------------

----------------------------------------

>>> Refine Original VLM Response and Get Pure Action: go to toilet 1

----------------------------------------

-----------------------------------------------------------------

Running time: 23.50722050666809 seconds

Total Money: 18.229530000000004

-----------------------------------------------------------------

-----------------------------------------------------------------

Text Observation:You arrive at loc 11. On the toilet 1, you see a showerdoor 1, and a soapbottle 1.

--------------------------------------------------------------------------------------------------------------------------task: 28---------------------------------------------------------
--------------------------------------------------------------------------------------------------------------------------------------------------------------------
--------------------------------------------------------------------------------------------------------------------------------------------------------------------
Step:--------------------------------------------------------------------------11-------------------------------------------------------------------------------
----------------------------------------
VLM Prompt:
Image1:
<image>
Image2:
<image>
Image3:
<image>
**Instruction**
1. Analyze the provided image to identify all visible household objects, focusing on those relevant to the task description "put two spraybottle in toilet."
2. Use the analysis of the image and the task hint "The agent must find an object of the desired type, pick it up, find the correct location to place it, put it down there, then look for another object of the desired type, pick it up, return to previous location, and put it down there with the other object." to answer the question: what is the most reasonable action in the choices for the task description "put two spraybottle in toilet"?
4. Decide and write the answer using the template: The answer is: (i): <selected_action>, where i is the real number. If there is no desired object in the image, search every place based on **Initial Observation** to find the object. And if no one is exactly correct, choose a similar answer.

**Initial Observation**
You are in the middle of a room. Looking quickly around you, you can see bathtub (1), bathtubbasin (1), cart (1), sink (1), garbagecan (1), sinkbasin (1), countertop (1), drawer (1-4), toilet (1), toiletpaperhanger (1)

**Answer Choices**
(1): go to bathtub 1
(2): go to bathtubbasin 1
(3): go to cart 1
(4): go to sink 1
(5): go to garbagecan 1
(6): go to sinkbasin 1
(7): go to drawer 1
(8): go to drawer 2
(9): go to drawer 3
(10): go to drawer 4
(11): go to toiletpaperhanger 1
(12): put spraybottle 1 in/on toilet 1
(13): examine toilet 1

**Answer**
Let's think step by step by following the instructions.
----------------------------------------

----------------------------------------

Original Response:
Firstly, we need to identify all visible household objects relevant to the task. From the images provided, we can see that there are two spraybottles visible: spraybottle 1 in Image1 and Image2, and another spraybottle 1 in Image3.

Now, according to the task description "put two spraybottle in toilet," we need to pick up these spraybottles and place them in the toilet. The images show that the spraybottles are already near the toilet, which means we do not need to move to another location to find them.

The most reasonable action to perform next, based on the task hint and the images, is to put spraybottle 1 in/on toilet 1.

Therefore, the answer is: (12): put spraybottle 1 in/on toilet 1.

----------------------------------------

----------------------------------------

>>> Refine Original VLM Response and Get Pure Action: No action

----------------------------------------

-----------------------------------------------------------------

Running time: 10.816157579421997 seconds

Total Money: 18.262030000000003

-----------------------------------------------------------------

-----------------------------------------------------------------

Text Observation:Nothing happens.

--------------------------------------------------------------------------------------------------------------------------task: 28---------------------------------------------------------
--------------------------------------------------------------------------------------------------------------------------------------------------------------------
--------------------------------------------------------------------------------------------------------------------------------------------------------------------
Step:--------------------------------------------------------------------------12-------------------------------------------------------------------------------
----------------------------------------
VLM Prompt:
Image1:
<image>
Image2:
<image>
Image3:
<image>
**Instruction**
1. Analyze the provided image to identify all visible household objects, focusing on those relevant to the task description "put two spraybottle in toilet."
2. Use the analysis of the image and the task hint "The agent must find an object of the desired type, pick it up, find the correct location to place it, put it down there, then look for another object of the desired type, pick it up, return to previous location, and put it down there with the other object." to answer the question: what is the most reasonable action in the choices for the task description "put two spraybottle in toilet"?
4. Decide and write the answer using the template: The answer is: (i): <selected_action>, where i is the real number. If there is no desired object in the image, search every place based on **Initial Observation** to find the object. And if no one is exactly correct, choose a similar answer.

**Initial Observation**
You are in the middle of a room. Looking quickly around you, you can see bathtub (1), bathtubbasin (1), cart (1), sink (1), garbagecan (1), sinkbasin (1), countertop (1), drawer (1-4), toilet (1), toiletpaperhanger (1)

**Answer Choices**
(1): go to bathtub 1
(2): go to bathtubbasin 1
(3): go to cart 1
(4): go to sink 1
(5): go to garbagecan 1
(6): go to sinkbasin 1
(7): go to countertop 1
(8): go to drawer 1
(9): go to drawer 2
(10): go to drawer 3
(11): go to drawer 4
(12): go to toiletpaperhanger 1
(13): put spraybottle 1 in/on toilet 1
(14): examine toilet 1

**Answer**
Let's think step by step by following the instructions.
----------------------------------------

----------------------------------------

Original Response:
First, we need to identify the spraybottles. In Image1 and Image2, we can see "spraybottle 1" clearly labeled on the yellow spray bottle. There is no second spray bottle visible in any of the images. 

Since we need to put two spray bottles in the toilet and we can only see one, the next logical step would be to search for another spray bottle. The initial observation lists a number of places where objects could be found. The most likely places to find a spray bottle would be either on the countertop, in a drawer, or perhaps on the cart if it holds cleaning supplies.

Since we are already at the countertop 1 in Image1 and there is no second spray bottle there, our next step should be to check the drawers or the cart. Checking the drawers might be more fruitful as they can store items, whereas the cart might not necessarily contain a spray bottle.

The answer is: (10): go to drawer 3

----------------------------------------

----------------------------------------

>>> Refine Original VLM Response and Get Pure Action: go to drawer 3

----------------------------------------

-----------------------------------------------------------------

Running time: 12.428097009658813 seconds

Total Money: 18.29547

-----------------------------------------------------------------

-----------------------------------------------------------------

Text Observation:You arrive at loc 9. The drawer 3 is closed. 

--------------------------------------------------------------------------------------------------------------------------task: 28---------------------------------------------------------
--------------------------------------------------------------------------------------------------------------------------------------------------------------------
--------------------------------------------------------------------------------------------------------------------------------------------------------------------
Step:--------------------------------------------------------------------------13-------------------------------------------------------------------------------
----------------------------------------
VLM Prompt:
Image1:
<image>
Image2:
<image>
Image3:
<image>
**Instruction**
1. Analyze the provided image to identify all visible household objects, focusing on those relevant to the task description "put two spraybottle in toilet."
2. Use the analysis of the image and the task hint "The agent must find an object of the desired type, pick it up, find the correct location to place it, put it down there, then look for another object of the desired type, pick it up, return to previous location, and put it down there with the other object." to answer the question: what is the most reasonable action in the choices for the task description "put two spraybottle in toilet"?
4. Decide and write the answer using the template: The answer is: (i): <selected_action>, where i is the real number. If there is no desired object in the image, search every place based on **Initial Observation** to find the object. And if no one is exactly correct, choose a similar answer.

**Initial Observation**
You are in the middle of a room. Looking quickly around you, you can see bathtub (1), bathtubbasin (1), cart (1), sink (1), garbagecan (1), sinkbasin (1), countertop (1), drawer (1-4), toilet (1), toiletpaperhanger (1)

**Answer Choices**
(1): go to bathtub 1
(2): go to bathtubbasin 1
(3): go to cart 1
(4): go to sink 1
(5): go to garbagecan 1
(6): go to sinkbasin 1
(7): go to countertop 1
(8): go to drawer 1
(9): go to drawer 2
(10): go to drawer 4
(11): go to toiletpaperhanger 1
(12): open drawer 3
(13): close drawer 3
(14): put spraybottle 1 in/on drawer 3
(15): examine spraybottle 1
(16): examine drawer 3

**Answer**
Let's think step by step by following the instructions.
----------------------------------------

----------------------------------------

Original Response:
The task is to put two spray bottles in the toilet. 

From Image1 and Image2, we can see one spray bottle on the countertop near the toilet. In Image3, we can see the same spray bottle from a different angle, reflected in the mirror, as well as the countertop and drawers.

Based on the initial observation, we know there are multiple drawers. Since we can see one spray bottle already, we need to find another one. The most reasonable action would be to look in places where the second spray bottle might be, such as inside a drawer.

The answer is: (12): open drawer 3.

----------------------------------------

----------------------------------------

>>> Refine Original VLM Response and Get Pure Action: open drawer 3

----------------------------------------

-----------------------------------------------------------------

Running time: 10.450186729431152 seconds

Total Money: 18.32695

-----------------------------------------------------------------

-----------------------------------------------------------------

Text Observation:You open the drawer 3. The drawer 3 is open. In it, you see a tissuebox 1, a toiletpaper 1, a handtowel 1, and a candle 1.

--------------------------------------------------------------------------------------------------------------------------task: 28---------------------------------------------------------
--------------------------------------------------------------------------------------------------------------------------------------------------------------------
--------------------------------------------------------------------------------------------------------------------------------------------------------------------
Step:--------------------------------------------------------------------------14-------------------------------------------------------------------------------
----------------------------------------
VLM Prompt:
Image1:
<image>
Image2:
<image>
Image3:
<image>
**Instruction**
1. Analyze the provided image to identify all visible household objects, focusing on those relevant to the task description "put two spraybottle in toilet."
2. Use the analysis of the image and the task hint "The agent must find an object of the desired type, pick it up, find the correct location to place it, put it down there, then look for another object of the desired type, pick it up, return to previous location, and put it down there with the other object." to answer the question: what is the most reasonable action in the choices for the task description "put two spraybottle in toilet"?
4. Decide and write the answer using the template: The answer is: (i): <selected_action>, where i is the real number. If there is no desired object in the image, search every place based on **Initial Observation** to find the object. And if no one is exactly correct, choose a similar answer.

**Initial Observation**
You are in the middle of a room. Looking quickly around you, you can see bathtub (1), bathtubbasin (1), cart (1), sink (1), garbagecan (1), sinkbasin (1), countertop (1), drawer (1-4), toilet (1), toiletpaperhanger (1)

**Answer Choices**
(1): go to bathtub 1
(2): go to bathtubbasin 1
(3): go to cart 1
(4): go to sink 1
(5): go to garbagecan 1
(6): go to sinkbasin 1
(7): go to countertop 1
(8): go to drawer 1
(9): go to drawer 2
(10): go to drawer 4
(11): go to toilet 1
(12): go to toiletpaperhanger 1
(13): close drawer 3
(14): put spraybottle 1 in/on drawer 3
(15): examine spraybottle 1
(16): examine drawer 3

**Answer**
Let's think step by step by following the instructions.
----------------------------------------

----------------------------------------

Original Response:
First, we need to analyze the images to identify the household objects relevant to the task "put two spraybottle in toilet." In Image 1, we can see a spraybottle on the tank of the toilet, which is labeled "spraybottle 1." Image 2 and Image 3 show the same scene from a different angle, also displaying "spraybottle 1" on the countertop. There is no second spray bottle visible in any of the images.

According to the initial observation, we are in the middle of a room with various objects around us. Our task is to find two spray bottles and put them in the toilet. From the images provided, we have identified one spray bottle.

The task hint tells us that the agent must find an object of the desired type, pick it up, and find the correct location to place it. Since we have identified "spraybottle 1," the next reasonable action would be to pick it up and move it to the toilet.

However, the answer choices do not include an action for picking up the spray bottle. Therefore, we must choose the next best action that aligns with our task. The most reasonable action would be to go to the location of "spraybottle 1" so that we can then pick it up and move it to the toilet.

"Spraybottle 1" is located on the countertop in Images 2 and 3. Thus, the most reasonable action from the choices provided would be to go to the countertop.

The answer is: (7): go to countertop 1.

----------------------------------------

----------------------------------------

>>> Refine Original VLM Response and Get Pure Action: go to countertop 1

----------------------------------------

-----------------------------------------------------------------

Running time: 17.16647720336914 seconds

Total Money: 18.36444

-----------------------------------------------------------------

-----------------------------------------------------------------

Text Observation:You arrive at loc 6. On the countertop 1, you see a tissuebox 1, a toiletpaper 1, a handtowel 1, and a candle 1.

--------------------------------------------------------------------------------------------------------------------------task: 28---------------------------------------------------------
--------------------------------------------------------------------------------------------------------------------------------------------------------------------
--------------------------------------------------------------------------------------------------------------------------------------------------------------------
Step:--------------------------------------------------------------------------15-------------------------------------------------------------------------------
----------------------------------------
VLM Prompt:
Image1:
<image>
Image2:
<image>
Image3:
<image>
**Instruction**
1. Analyze the provided image to identify all visible household objects, focusing on those relevant to the task description "put two spraybottle in toilet."
2. Use the analysis of the image and the task hint "The agent must find an object of the desired type, pick it up, find the correct location to place it, put it down there, then look for another object of the desired type, pick it up, return to previous location, and put it down there with the other object." to answer the question: what is the most reasonable action in the choices for the task description "put two spraybottle in toilet"?
4. Decide and write the answer using the template: The answer is: (i): <selected_action>, where i is the real number. If there is no desired object in the image, search every place based on **Initial Observation** to find the object. And if no one is exactly correct, choose a similar answer.

**Initial Observation**
You are in the middle of a room. Looking quickly around you, you can see bathtub (1), bathtubbasin (1), cart (1), sink (1), garbagecan (1), sinkbasin (1), countertop (1), drawer (1-4), toilet (1), toiletpaperhanger (1)

**Answer Choices**
(1): go to bathtub 1
(2): go to bathtubbasin 1
(3): go to cart 1
(4): go to sink 1
(5): go to garbagecan 1
(6): go to sinkbasin 1
(7): go to drawer 1
(8): go to drawer 2
(9): go to drawer 4
(10): go to toilet 1
(11): go to toiletpaperhanger 1
(12): put spraybottle 1 in/on countertop 1
(13): examine spraybottle 1
(14): examine countertop 1

**Answer**
Let's think step by step by following the instructions.
----------------------------------------

----------------------------------------

Original Response:
First, we need to identify the household objects visible in the image that are relevant to the task description "put two spraybottle in toilet." In the image, we can see one spraybottle on the countertop. 

Following the task hint, the agent must find an object of the desired type (spraybottle), pick it up, find the correct location to place it (toilet), put it down there, then look for another object of the desired type, pick it up, return to the previous location, and put it down there with the other object.

Since we have only one visible spraybottle in the image, the agent must first go to that spraybottle to pick it up and then proceed to the toilet to put it down. After that, the agent will need to search for another spraybottle, which could be in one of the drawers based on the initial observation.

The most reasonable action from the choices provided, based on the current state in the image and following the task hint, would be to go to the spraybottle and then to the toilet. However, the choice to pick up the spraybottle is not provided. Therefore, the closest action that follows the task hint and is available in the choices is to go to the toilet with the spraybottle.

The answer is: (10): go to toilet 1

----------------------------------------

----------------------------------------

>>> Refine Original VLM Response and Get Pure Action: go to toilet 1

----------------------------------------

-----------------------------------------------------------------

Running time: 17.11870765686035 seconds

Total Money: 18.400209999999998

-----------------------------------------------------------------

-----------------------------------------------------------------

Text Observation:You arrive at loc 11. On the toilet 1, you see a showerdoor 1, and a soapbottle 1.

--------------------------------------------------------------------------------------------------------------------------task: 28---------------------------------------------------------
--------------------------------------------------------------------------------------------------------------------------------------------------------------------
--------------------------------------------------------------------------------------------------------------------------------------------------------------------
Step:--------------------------------------------------------------------------16-------------------------------------------------------------------------------
----------------------------------------
VLM Prompt:
Image1:
<image>
Image2:
<image>
Image3:
<image>
**Instruction**
1. Analyze the provided image to identify all visible household objects, focusing on those relevant to the task description "put two spraybottle in toilet."
2. Use the analysis of the image and the task hint "The agent must find an object of the desired type, pick it up, find the correct location to place it, put it down there, then look for another object of the desired type, pick it up, return to previous location, and put it down there with the other object." to answer the question: what is the most reasonable action in the choices for the task description "put two spraybottle in toilet"?
4. Decide and write the answer using the template: The answer is: (i): <selected_action>, where i is the real number. If there is no desired object in the image, search every place based on **Initial Observation** to find the object. And if no one is exactly correct, choose a similar answer.

**Initial Observation**
You are in the middle of a room. Looking quickly around you, you can see bathtub (1), bathtubbasin (1), cart (1), sink (1), garbagecan (1), sinkbasin (1), countertop (1), drawer (1-4), toilet (1), toiletpaperhanger (1)

**Answer Choices**
(1): go to bathtub 1
(2): go to bathtubbasin 1
(3): go to cart 1
(4): go to sink 1
(5): go to garbagecan 1
(6): go to sinkbasin 1
(7): go to drawer 1
(8): go to drawer 2
(9): go to drawer 3
(10): go to drawer 4
(11): go to toiletpaperhanger 1
(12): put spraybottle 1 in/on toilet 1
(13): examine spraybottle 1
(14): examine toilet 1

**Answer**
Let's think step by step by following the instructions.
----------------------------------------

----------------------------------------

Original Response:
First, we need to identify all visible household objects relevant to the task description "put two spraybottle in toilet." 
Looking at the images provided, we can see that there is one spraybottle already visible on the countertop in Image1 and Image2, and another spraybottle in Image3 on top of the toilet. 

Now, according to the task description and the hint, the agent must find an object of the desired type, pick it up, find the correct location to place it, put it down there, then look for another object of the desired type, pick it up, return to the previous location, and put it down there with the other object. 

Since we have already identified two spraybottles, one on the countertop and one on the toilet, the agent doesn't need to search every place based on the initial observation.

The most reasonable actions from the provided choices would be to first put the spraybottle from the countertop into the toilet and then confirm if the second spraybottle is indeed the desired object and place it in the toilet as well. 

Thus, the answer is: (12): put spraybottle 1 in/on toilet 1. After completing this action, the agent would then proceed to examine and put the second spraybottle in/on toilet 1, but since there is no option for handling the second spraybottle, we stick with the action for the first one.

----------------------------------------

----------------------------------------

>>> Refine Original VLM Response and Get Pure Action: No action

----------------------------------------

-----------------------------------------------------------------

Running time: 16.44423818588257 seconds

Total Money: 18.436469999999996

-----------------------------------------------------------------

-----------------------------------------------------------------

Text Observation:Nothing happens.

--------------------------------------------------------------------------------------------------------------------------task: 28---------------------------------------------------------
--------------------------------------------------------------------------------------------------------------------------------------------------------------------
--------------------------------------------------------------------------------------------------------------------------------------------------------------------
Step:--------------------------------------------------------------------------17-------------------------------------------------------------------------------
----------------------------------------
VLM Prompt:
Image1:
<image>
Image2:
<image>
Image3:
<image>
**Instruction**
1. Analyze the provided image to identify all visible household objects, focusing on those relevant to the task description "put two spraybottle in toilet."
2. Use the analysis of the image and the task hint "The agent must find an object of the desired type, pick it up, find the correct location to place it, put it down there, then look for another object of the desired type, pick it up, return to previous location, and put it down there with the other object." to answer the question: what is the most reasonable action in the choices for the task description "put two spraybottle in toilet"?
4. Decide and write the answer using the template: The answer is: (i): <selected_action>, where i is the real number. If there is no desired object in the image, search every place based on **Initial Observation** to find the object. And if no one is exactly correct, choose a similar answer.

**Initial Observation**
You are in the middle of a room. Looking quickly around you, you can see bathtub (1), bathtubbasin (1), cart (1), sink (1), garbagecan (1), sinkbasin (1), countertop (1), drawer (1-4), toilet (1), toiletpaperhanger (1)

**Answer Choices**
(1): go to bathtub 1
(2): go to bathtubbasin 1
(3): go to cart 1
(4): go to sink 1
(5): go to garbagecan 1
(6): go to sinkbasin 1
(7): go to drawer 1
(8): go to drawer 2
(9): go to drawer 3
(10): go to drawer 4
(11): go to toiletpaperhanger 1
(12): put spraybottle 1 in/on toilet 1
(13): examine spraybottle 1
(14): examine toilet 1

**Answer**
Let's think step by step by following the instructions.
----------------------------------------

----------------------------------------

Original Response:
Firstly, we need to identify the visible household objects related to the task. In the images provided, we can see a spraybottle and a toilet, which are relevant to the task "put two spraybottles in toilet."

Next, considering the task hint, the agent must find a spraybottle, pick it up, and find the correct location (toilet) to place it. After putting the first spraybottle in the toilet, the agent must look for another spraybottle, pick it up, and return to the toilet to place it there with the other one.

From the initial observation, we know there is only one toilet (toilet 1), and in the images, we see one spraybottle. Since there is only one spraybottle visible in the images, the agent must search other places based on the initial observation to find the second spraybottle.

Based on these steps, the most reasonable action from the choices provided would be to first put the visible spraybottle in the toilet, as it is the first part of the task. After that, the agent should look for the second spraybottle, which might be in the drawer or other areas not visible in the images.

The answer is: (12): put spraybottle 1 in/on toilet 1. After completing this action, the agent would need to search for the second spraybottle, which is not depicted in the answer choices.

----------------------------------------

----------------------------------------

>>> Refine Original VLM Response and Get Pure Action: put spraybottle 1 in/on toilet 1

----------------------------------------

-----------------------------------------------------------------

Running time: 17.16242241859436 seconds

Total Money: 18.472729999999995

-----------------------------------------------------------------

-----------------------------------------------------------------

Text Observation:You put the spraybottle 1 in/on the toilet 1.

--------------------------------------------------------------------------------------------------------------------------task: 28---------------------------------------------------------
--------------------------------------------------------------------------------------------------------------------------------------------------------------------
--------------------------------------------------------------------------------------------------------------------------------------------------------------------
Step:--------------------------------------------------------------------------18-------------------------------------------------------------------------------
----------------------------------------
VLM Prompt:
Image1:
<image>
Image2:
<image>
Image3:
<image>
**Instruction**
1. Analyze the provided image to identify all visible household objects, focusing on those relevant to the task description "put two spraybottle in toilet."
2. Use the analysis of the image and the task hint "The agent must find an object of the desired type, pick it up, find the correct location to place it, put it down there, then look for another object of the desired type, pick it up, return to previous location, and put it down there with the other object." to answer the question: what is the most reasonable action in the choices for the task description "put two spraybottle in toilet"?
4. Decide and write the answer using the template: The answer is: (i): <selected_action>, where i is the real number. If there is no desired object in the image, search every place based on **Initial Observation** to find the object. And if no one is exactly correct, choose a similar answer.

**Initial Observation**
You are in the middle of a room. Looking quickly around you, you can see bathtub (1), bathtubbasin (1), cart (1), sink (1), garbagecan (1), sinkbasin (1), countertop (1), drawer (1-4), toilet (1), toiletpaperhanger (1)

**Answer Choices**
(1): go to bathtub 1
(2): go to bathtubbasin 1
(3): go to cart 1
(4): go to sink 1
(5): go to garbagecan 1
(6): go to sinkbasin 1
(7): go to countertop 1
(8): go to drawer 1
(9): go to drawer 2
(10): go to drawer 3
(11): go to drawer 4
(12): go to toiletpaperhanger 1
(13): take showerdoor 1 from toilet 1
(14): take soapbottle 1 from toilet 1
(15): examine toilet 1

**Answer**
Let's think step by step by following the instructions.
----------------------------------------

----------------------------------------

Original Response:
First, we need to identify all visible household objects relevant to the task "put two spraybottle in toilet." From the images provided, there is one visible spray bottle on the toilet tank in all three images. 

The task is to put two spray bottles in the toilet, but we only see one spray bottle. Therefore, the agent must find another spray bottle. Since the images do not show another spray bottle, we must refer to the initial observation to decide where to look for another spray bottle.

The most likely places to find another spray bottle would be in storage areas such as drawers or the cart. Therefore, the most reasonable actions would be to check these locations. 

The answer is: (8): go to drawer 1.

----------------------------------------

----------------------------------------

>>> Refine Original VLM Response and Get Pure Action: go to drawer 1

----------------------------------------

-----------------------------------------------------------------

Running time: 13.141682386398315 seconds

Total Money: 18.504759999999994

-----------------------------------------------------------------

-----------------------------------------------------------------

Text Observation:You arrive at loc 7. The drawer 1 is open. On the drawer 1, you see a tissuebox 1, a toiletpaper 1, a handtowel 1, and a candle 1.

--------------------------------------------------------------------------------------------------------------------------task: 28---------------------------------------------------------
--------------------------------------------------------------------------------------------------------------------------------------------------------------------
--------------------------------------------------------------------------------------------------------------------------------------------------------------------
Step:--------------------------------------------------------------------------19-------------------------------------------------------------------------------
----------------------------------------
VLM Prompt:
Image1:
<image>
Image2:
<image>
Image3:
<image>
**Instruction**
1. Analyze the provided image to identify all visible household objects, focusing on those relevant to the task description "put two spraybottle in toilet."
2. Use the analysis of the image and the task hint "The agent must find an object of the desired type, pick it up, find the correct location to place it, put it down there, then look for another object of the desired type, pick it up, return to previous location, and put it down there with the other object." to answer the question: what is the most reasonable action in the choices for the task description "put two spraybottle in toilet"?
4. Decide and write the answer using the template: The answer is: (i): <selected_action>, where i is the real number. If there is no desired object in the image, search every place based on **Initial Observation** to find the object. And if no one is exactly correct, choose a similar answer.

**Initial Observation**
You are in the middle of a room. Looking quickly around you, you can see bathtub (1), bathtubbasin (1), cart (1), sink (1), garbagecan (1), sinkbasin (1), countertop (1), drawer (1-4), toilet (1), toiletpaperhanger (1)

**Answer Choices**
(1): go to bathtub 1
(2): go to bathtubbasin 1
(3): go to cart 1
(4): go to sink 1
(5): go to garbagecan 1
(6): go to sinkbasin 1
(7): go to countertop 1
(8): go to drawer 2
(9): go to drawer 3
(10): go to drawer 4
(11): go to toilet 1
(12): go to toiletpaperhanger 1
(13): open drawer 1
(14): close drawer 1
(15): take tissuebox 1 from drawer 1
(16): take toiletpaper 1 from drawer 1
(17): take handtowel 1 from drawer 1
(18): take candle 1 from drawer 1
(19): examine drawer 1

**Answer**
Let's think step by step by following the instructions.
----------------------------------------

----------------------------------------

Original Response:
From Image1, we can see that there is already one spraybottle (spraybottle 1) on the countertop near the toilet. According to the task description, we need to put two spraybottles in the toilet. The first reasonable action would be to pick up the spraybottle that is already visible in the image.

However, none of the answer choices directly states "pick up spraybottle 1," so we need to find a similar action that would lead us to interact with the spraybottle. Since the spraybottle is located near the toilet, the closest action that would allow us to interact with it would be to go to the toilet.

The answer is: (11): go to toilet 1. After going to the toilet, the agent can pick up the spraybottle and place it in the toilet, then look for another spraybottle to complete the task.

----------------------------------------

----------------------------------------

>>> Refine Original VLM Response and Get Pure Action: go to toilet 1

----------------------------------------

-----------------------------------------------------------------

Running time: 10.647072315216064 seconds

Total Money: 18.538319999999995

-----------------------------------------------------------------

-----------------------------------------------------------------

Text Observation:You arrive at loc 11. On the toilet 1, you see a showerdoor 1, a spraybottle 1, a soapbottle 1, and a scrubbrush 1.

-----------------------------------------------------------------