---------------------------------------------------------task: 17---------------------------------------------------------
--------------------------------------------------------------------------------------------------------------------------------------------------------------------
--------------------------------------------------------------------------------------------------------------------------------------------------------------------
Step:--------------------------------------------------------------------------0-------------------------------------------------------------------------------
----------------------------------------
VLM Prompt:
Image1:
<image>
**Instruction**
1. Analyze the provided image to identify all visible household objects, focusing on those relevant to the task description "cool some pan and put it in stoveburner."
2. Use the analysis of the image and the task hint "The agent must find an object of the desired type, pick it up, go to a fridge, cool the object with the fridge, then find the correct location to place it, and put it down there. The agent does not need to use the fridge button or open the fridge to cool the object, and the agent just needs to do action that is "cool the object with the fridge"." to answer the question: what is the most reasonable action in the choices for the task description "cool some pan and put it in stoveburner"?
4. Decide and write the answer using the template: The answer is: (i): <selected_action>, where i is the real number. If there is no desired object in the image, search every place based on **Initial Observation** to find the object. And if no one is exactly correct, choose a similar answer.

**Initial Observation**
You are in the middle of a room. Looking quickly around you, you can see cabinet (1-14), countertop (1-2), microwave (1), drawer (1-5), sink (1), sinkbasin (1), coffeemachine (1), stoveburner (1-4), toaster (1), fridge (1), diningtable (1), garbagecan (1), safe (1)

**Answer Choices**
(1): go to cabinet 1
(2): go to cabinet 2
(3): go to cabinet 3
(4): go to countertop 1
(5): go to cabinet 4
(6): go to cabinet 5
(7): go to microwave 1
(8): go to cabinet 6
(9): go to drawer 1
(10): go to drawer 2
(11): go to drawer 3
(12): go to cabinet 7
(13): go to cabinet 8
(14): go to sink 1
(15): go to sinkbasin 1
(16): go to coffeemachine 1
(17): go to cabinet 9
(18): go to cabinet 10
(19): go to drawer 4
(20): go to cabinet 11
(21): go to stoveburner 1
(22): go to stoveburner 2
(23): go to stoveburner 3
(24): go to stoveburner 4
(25): go to cabinet 12
(26): go to toaster 1
(27): go to drawer 5
(28): go to countertop 2
(29): go to fridge 1
(30): go to cabinet 13
(31): go to cabinet 14
(32): go to diningtable 1
(33): go to garbagecan 1
(34): go to safe 1

**Answer**
Let's think step by step by following the instructions.
----------------------------------------

----------------------------------------

Original Response:
The task is to "cool some pan and put it in stoveburner." Therefore, we first need to identify a pan. There is no pan visible in the provided image, so we must search for it using the initial observation list. 

The most likely places to find a pan would be in a cabinet or a drawer. Since the image does not give us any information on where the pan might be, we need to make an educated guess based on typical kitchen organization. 

Cabinets are more commonly used for storing pans than drawers, so we will choose a cabinet option. As we do not have specific information on which cabinet might contain a pan, we will select the first cabinet as a starting point.

The answer is: (1): go to cabinet 1.

----------------------------------------

----------------------------------------

>>> Refine Original VLM Response and Get Pure Action: go to cabinet 1

----------------------------------------

-----------------------------------------------------------------

Running time: 8.451868057250977 seconds

Total Money: 10.395809999999999

-----------------------------------------------------------------

-----------------------------------------------------------------

Text Observation:You arrive at loc 0. The cabinet 1 is closed. 

--------------------------------------------------------------------------------------------------------------------------task: 17---------------------------------------------------------
--------------------------------------------------------------------------------------------------------------------------------------------------------------------
--------------------------------------------------------------------------------------------------------------------------------------------------------------------
Step:--------------------------------------------------------------------------1-------------------------------------------------------------------------------
----------------------------------------
VLM Prompt:
Image1:
<image>
Image2:
<image>
**Instruction**
1. Analyze the provided image to identify all visible household objects, focusing on those relevant to the task description "cool some pan and put it in stoveburner."
2. Use the analysis of the image and the task hint "The agent must find an object of the desired type, pick it up, go to a fridge, cool the object with the fridge, then find the correct location to place it, and put it down there. The agent does not need to use the fridge button or open the fridge to cool the object, and the agent just needs to do action that is "cool the object with the fridge"." to answer the question: what is the most reasonable action in the choices for the task description "cool some pan and put it in stoveburner"?
4. Decide and write the answer using the template: The answer is: (i): <selected_action>, where i is the real number. If there is no desired object in the image, search every place based on **Initial Observation** to find the object. And if no one is exactly correct, choose a similar answer.

**Initial Observation**
You are in the middle of a room. Looking quickly around you, you can see cabinet (1-14), countertop (1-2), microwave (1), drawer (1-5), sink (1), sinkbasin (1), coffeemachine (1), stoveburner (1-4), toaster (1), fridge (1), diningtable (1), garbagecan (1), safe (1)

**Answer Choices**
(1): go to cabinet 2
(2): go to cabinet 3
(3): go to countertop 1
(4): go to cabinet 4
(5): go to cabinet 5
(6): go to microwave 1
(7): go to cabinet 6
(8): go to drawer 1
(9): go to drawer 2
(10): go to drawer 3
(11): go to cabinet 7
(12): go to cabinet 8
(13): go to sink 1
(14): go to sinkbasin 1
(15): go to coffeemachine 1
(16): go to cabinet 9
(17): go to cabinet 10
(18): go to drawer 4
(19): go to cabinet 11
(20): go to stoveburner 1
(21): go to stoveburner 2
(22): go to stoveburner 3
(23): go to stoveburner 4
(24): go to cabinet 12
(25): go to toaster 1
(26): go to drawer 5
(27): go to countertop 2
(28): go to fridge 1
(29): go to cabinet 13
(30): go to cabinet 14
(31): go to diningtable 1
(32): go to garbagecan 1
(33): go to safe 1
(34): open cabinet 1
(35): close cabinet 1
(36): examine cabinet 1

**Answer**
Let's think step by step by following the instructions.
----------------------------------------

----------------------------------------

Original Response:
The task is to "cool some pan and put it in stoveburner." The hint suggests the agent must find a pan, cool it with the fridge, then place it on the stove burner.

From the initial observation, we know there is a fridge, stove burners, and multiple cabinets in the room.

Since no pan is visible in the provided images and the instructions do not require the agent to open cabinets to find objects, we should search for the pan based on the initial observation.

The most reasonable first action would be to go to a cabinet where pans are typically stored. It's common to store pans in lower cabinets near the stove for easy access when cooking, but since we do not have information on the specific location of the pan, we need to select a cabinet to search.

The answer is: (1): go to cabinet 2.

----------------------------------------

----------------------------------------

>>> Refine Original VLM Response and Get Pure Action: go to cabinet 2

----------------------------------------

-----------------------------------------------------------------

Running time: 13.367204427719116 seconds

Total Money: 10.423129999999999

-----------------------------------------------------------------

-----------------------------------------------------------------

Text Observation:You arrive at loc 1. The cabinet 2 is closed. 

--------------------------------------------------------------------------------------------------------------------------task: 17---------------------------------------------------------
--------------------------------------------------------------------------------------------------------------------------------------------------------------------
--------------------------------------------------------------------------------------------------------------------------------------------------------------------
Step:--------------------------------------------------------------------------2-------------------------------------------------------------------------------
----------------------------------------
VLM Prompt:
Image1:
<image>
Image2:
<image>
Image3:
<image>
**Instruction**
1. Analyze the provided image to identify all visible household objects, focusing on those relevant to the task description "cool some pan and put it in stoveburner."
2. Use the analysis of the image and the task hint "The agent must find an object of the desired type, pick it up, go to a fridge, cool the object with the fridge, then find the correct location to place it, and put it down there. The agent does not need to use the fridge button or open the fridge to cool the object, and the agent just needs to do action that is "cool the object with the fridge"." to answer the question: what is the most reasonable action in the choices for the task description "cool some pan and put it in stoveburner"?
4. Decide and write the answer using the template: The answer is: (i): <selected_action>, where i is the real number. If there is no desired object in the image, search every place based on **Initial Observation** to find the object. And if no one is exactly correct, choose a similar answer.

**Initial Observation**
You are in the middle of a room. Looking quickly around you, you can see cabinet (1-14), countertop (1-2), microwave (1), drawer (1-5), sink (1), sinkbasin (1), coffeemachine (1), stoveburner (1-4), toaster (1), fridge (1), diningtable (1), garbagecan (1), safe (1)

**Answer Choices**
(1): go to cabinet 3
(2): go to countertop 1
(3): go to cabinet 4
(4): go to cabinet 5
(5): go to microwave 1
(6): go to cabinet 6
(7): go to drawer 1
(8): go to drawer 2
(9): go to drawer 3
(10): go to cabinet 7
(11): go to cabinet 8
(12): go to sink 1
(13): go to sinkbasin 1
(14): go to coffeemachine 1
(15): go to cabinet 9
(16): go to cabinet 10
(17): go to drawer 4
(18): go to cabinet 11
(19): go to stoveburner 1
(20): go to stoveburner 2
(21): go to stoveburner 3
(22): go to stoveburner 4
(23): go to cabinet 12
(24): go to toaster 1
(25): go to drawer 5
(26): go to countertop 2
(27): go to fridge 1
(28): go to cabinet 13
(29): go to cabinet 14
(30): go to diningtable 1
(31): go to garbagecan 1
(32): go to safe 1
(33): open cabinet 2
(34): close cabinet 2
(35): examine cabinet 2

**Answer**
Let's think step by step by following the instructions.
----------------------------------------

----------------------------------------

Original Response:
The task is to "cool some pan and put it in stoveburner." To cool the pan, we need to find a fridge, and to place it in the stoveburner, we need to locate a stoveburner.

From the initial observation, we know there is a fridge (1) and stoveburners (1-4) in the room. We don't see any pan in the provided images, so we must search for it based on the initial observation.

Pans are usually found in cabinets or drawers near the stove. Let's consider the options closest to the stoveburners and fridge, which are more likely to contain a pan. The options are:

- go to cabinet 3
- go to cabinet 4
- go to cabinet 5
- go to cabinet 6
- go to drawer 1
- go to drawer 2
- go to drawer 3
- go to cabinet 7
- go to cabinet 8
- go to drawer 4
- go to cabinet 9
- go to cabinet 10
- go to drawer 5
- go to cabinet 11
- go to cabinet 12
- go to cabinet 13
- go to cabinet 14

Since we can't determine the exact location of the pan from the images, we should choose a cabinet or drawer near the stoveburners to search for the pan. Option (19) "go to stoveburner 1" is also a potential action, but we need to have the pan first before we can place it there.

Given the information provided, the most reasonable action to start with would be to search the cabinets or drawers near the stoveburners. We'll choose to go to the first cabinet in the sequence, which is:

The answer is: (3): go to cabinet 4.

----------------------------------------

----------------------------------------

>>> Refine Original VLM Response and Get Pure Action: go to cabinet 4

----------------------------------------

-----------------------------------------------------------------

Running time: 14.182965993881226 seconds

Total Money: 10.464229999999999

-----------------------------------------------------------------

-----------------------------------------------------------------

Text Observation:You arrive at loc 4. The cabinet 4 is closed. 

--------------------------------------------------------------------------------------------------------------------------task: 17---------------------------------------------------------
--------------------------------------------------------------------------------------------------------------------------------------------------------------------
--------------------------------------------------------------------------------------------------------------------------------------------------------------------
Step:--------------------------------------------------------------------------3-------------------------------------------------------------------------------
----------------------------------------
VLM Prompt:
Image1:
<image>
Image2:
<image>
Image3:
<image>
**Instruction**
1. Analyze the provided image to identify all visible household objects, focusing on those relevant to the task description "cool some pan and put it in stoveburner."
2. Use the analysis of the image and the task hint "The agent must find an object of the desired type, pick it up, go to a fridge, cool the object with the fridge, then find the correct location to place it, and put it down there. The agent does not need to use the fridge button or open the fridge to cool the object, and the agent just needs to do action that is "cool the object with the fridge"." to answer the question: what is the most reasonable action in the choices for the task description "cool some pan and put it in stoveburner"?
4. Decide and write the answer using the template: The answer is: (i): <selected_action>, where i is the real number. If there is no desired object in the image, search every place based on **Initial Observation** to find the object. And if no one is exactly correct, choose a similar answer.

**Initial Observation**
You are in the middle of a room. Looking quickly around you, you can see cabinet (1-14), countertop (1-2), microwave (1), drawer (1-5), sink (1), sinkbasin (1), coffeemachine (1), stoveburner (1-4), toaster (1), fridge (1), diningtable (1), garbagecan (1), safe (1)

**Answer Choices**
(1): go to cabinet 3
(2): go to countertop 1
(3): go to cabinet 5
(4): go to microwave 1
(5): go to cabinet 6
(6): go to drawer 1
(7): go to drawer 2
(8): go to drawer 3
(9): go to cabinet 7
(10): go to cabinet 8
(11): go to sink 1
(12): go to sinkbasin 1
(13): go to coffeemachine 1
(14): go to cabinet 9
(15): go to cabinet 10
(16): go to drawer 4
(17): go to cabinet 11
(18): go to stoveburner 1
(19): go to stoveburner 2
(20): go to stoveburner 3
(21): go to stoveburner 4
(22): go to cabinet 12
(23): go to toaster 1
(24): go to drawer 5
(25): go to countertop 2
(26): go to fridge 1
(27): go to cabinet 13
(28): go to cabinet 14
(29): go to diningtable 1
(30): go to garbagecan 1
(31): go to safe 1
(32): open cabinet 4
(33): close cabinet 4
(34): examine cabinet 4

**Answer**
Let's think step by step by following the instructions.
----------------------------------------

----------------------------------------

Original Response:
The task description is to "cool some pan and put it in stoveburner." The task hint indicates that the agent must find an object of the desired type — in this case, a pan — pick it up, go to a fridge, cool the object with the fridge, then find the correct location to place it, and put it down there. 

From the initial observation, we can see there's a fridge (1) available in the room, which is necessary for the task. However, none of the images provided show a pan, which is the object we need to cool and then place on a stoveburner. Since we do not see a pan in any of the visible cabinets, drawers, or countertops in the provided images, we must search every place based on the initial observation to find a pan.

Given the answer choices, the first logical step would be to go to a location where a pan is usually stored, which would be in a cabinet or drawer near the stove. Since we do not have direct evidence of where the pan is, we should select a choice that is likely to have a pan based on typical kitchen organization.

Among the answer choices, cabinets and drawers near the stove are most likely to contain pans. The closest options to the stoveburners, based on the cabinet numbering and what we can infer from the images, would be cabinet 4 or cabinet 5.

The answer is: (3): go to cabinet 5.

----------------------------------------

----------------------------------------

>>> Refine Original VLM Response and Get Pure Action: go to cabinet 5

----------------------------------------

-----------------------------------------------------------------

Running time: 12.09645390510559 seconds

Total Money: 10.502749999999999

-----------------------------------------------------------------

-----------------------------------------------------------------

Text Observation:You arrive at loc 5. The cabinet 5 is closed. 

--------------------------------------------------------------------------------------------------------------------------task: 17---------------------------------------------------------
--------------------------------------------------------------------------------------------------------------------------------------------------------------------
--------------------------------------------------------------------------------------------------------------------------------------------------------------------
Step:--------------------------------------------------------------------------4-------------------------------------------------------------------------------
----------------------------------------
VLM Prompt:
Image1:
<image>
Image2:
<image>
Image3:
<image>
**Instruction**
1. Analyze the provided image to identify all visible household objects, focusing on those relevant to the task description "cool some pan and put it in stoveburner."
2. Use the analysis of the image and the task hint "The agent must find an object of the desired type, pick it up, go to a fridge, cool the object with the fridge, then find the correct location to place it, and put it down there. The agent does not need to use the fridge button or open the fridge to cool the object, and the agent just needs to do action that is "cool the object with the fridge"." to answer the question: what is the most reasonable action in the choices for the task description "cool some pan and put it in stoveburner"?
4. Decide and write the answer using the template: The answer is: (i): <selected_action>, where i is the real number. If there is no desired object in the image, search every place based on **Initial Observation** to find the object. And if no one is exactly correct, choose a similar answer.

**Initial Observation**
You are in the middle of a room. Looking quickly around you, you can see cabinet (1-14), countertop (1-2), microwave (1), drawer (1-5), sink (1), sinkbasin (1), coffeemachine (1), stoveburner (1-4), toaster (1), fridge (1), diningtable (1), garbagecan (1), safe (1)

**Answer Choices**
(1): go to cabinet 1
(2): go to cabinet 3
(3): go to countertop 1
(4): go to microwave 1
(5): go to cabinet 6
(6): go to drawer 1
(7): go to drawer 2
(8): go to drawer 3
(9): go to cabinet 7
(10): go to cabinet 8
(11): go to sink 1
(12): go to sinkbasin 1
(13): go to coffeemachine 1
(14): go to cabinet 9
(15): go to cabinet 10
(16): go to drawer 4
(17): go to cabinet 11
(18): go to stoveburner 1
(19): go to stoveburner 2
(20): go to stoveburner 3
(21): go to stoveburner 4
(22): go to cabinet 12
(23): go to toaster 1
(24): go to drawer 5
(25): go to countertop 2
(26): go to fridge 1
(27): go to cabinet 13
(28): go to cabinet 14
(29): go to diningtable 1
(30): go to garbagecan 1
(31): go to safe 1
(32): open cabinet 5
(33): close cabinet 5
(34): examine cabinet 5

**Answer**
Let's think step by step by following the instructions.
----------------------------------------

----------------------------------------

Original Response:
First, we need to find a pan to complete the task. The images provided do not show any pans directly, so we must search in places where a pan could logically be found based on the initial observation. Since pans are typically stored in cabinets or drawers in a kitchen, we should focus on those areas.

Next, we have to cool the pan. However, the instructions specify that the agent doesn't need to interact with the fridge directly but rather perform an action that is "cool the object with the fridge." This could be interpreted as simply bringing the pan close to the fridge as part of the task.

Finally, the task requires us to put the cooled pan in a stoveburner. The stoveburners are not visible in the images provided, but they are mentioned in the initial observation.

Given these considerations, the most reasonable action in the choices provided would be to first find a pan. Since we can't see one directly, we should search the cabinets and drawers. Cabinet 5 is mentioned in both answer choices and the initial observation. Thus, it is a reasonable place to start looking for a pan, although we cannot confirm it contains one.

The answer is: (32): open cabinet 5.

----------------------------------------

----------------------------------------

>>> Refine Original VLM Response and Get Pure Action: open cabinet 5

----------------------------------------

-----------------------------------------------------------------

Running time: 10.930414915084839 seconds

Total Money: 10.539739999999998

-----------------------------------------------------------------

-----------------------------------------------------------------

Text Observation:You open the cabinet 5. The cabinet 5 is open. In it, you see a saltshaker 1, and a butterknife 1.

--------------------------------------------------------------------------------------------------------------------------task: 17---------------------------------------------------------
--------------------------------------------------------------------------------------------------------------------------------------------------------------------
--------------------------------------------------------------------------------------------------------------------------------------------------------------------
Step:--------------------------------------------------------------------------5-------------------------------------------------------------------------------
----------------------------------------
VLM Prompt:
Image1:
<image>
Image2:
<image>
Image3:
<image>
**Instruction**
1. Analyze the provided image to identify all visible household objects, focusing on those relevant to the task description "cool some pan and put it in stoveburner."
2. Use the analysis of the image and the task hint "The agent must find an object of the desired type, pick it up, go to a fridge, cool the object with the fridge, then find the correct location to place it, and put it down there. The agent does not need to use the fridge button or open the fridge to cool the object, and the agent just needs to do action that is "cool the object with the fridge"." to answer the question: what is the most reasonable action in the choices for the task description "cool some pan and put it in stoveburner"?
4. Decide and write the answer using the template: The answer is: (i): <selected_action>, where i is the real number. If there is no desired object in the image, search every place based on **Initial Observation** to find the object. And if no one is exactly correct, choose a similar answer.

**Initial Observation**
You are in the middle of a room. Looking quickly around you, you can see cabinet (1-14), countertop (1-2), microwave (1), drawer (1-5), sink (1), sinkbasin (1), coffeemachine (1), stoveburner (1-4), toaster (1), fridge (1), diningtable (1), garbagecan (1), safe (1)

**Answer Choices**
(1): go to cabinet 1
(2): go to cabinet 2
(3): go to cabinet 3
(4): go to countertop 1
(5): go to microwave 1
(6): go to cabinet 6
(7): go to drawer 1
(8): go to drawer 2
(9): go to drawer 3
(10): go to cabinet 7
(11): go to cabinet 8
(12): go to sink 1
(13): go to sinkbasin 1
(14): go to coffeemachine 1
(15): go to cabinet 9
(16): go to cabinet 10
(17): go to drawer 4
(18): go to cabinet 11
(19): go to stoveburner 1
(20): go to stoveburner 2
(21): go to stoveburner 3
(22): go to stoveburner 4
(23): go to cabinet 12
(24): go to toaster 1
(25): go to drawer 5
(26): go to countertop 2
(27): go to fridge 1
(28): go to cabinet 13
(29): go to cabinet 14
(30): go to diningtable 1
(31): go to garbagecan 1
(32): go to safe 1
(33): close cabinet 5
(34): take saltshaker 1 from cabinet 5
(35): take butterknife 1 from cabinet 5
(36): examine cabinet 5

**Answer**
Let's think step by step by following the instructions.
----------------------------------------

----------------------------------------

Original Response:
Firstly, the task is to "cool some pan and put it in stoveburner." For this task, we would need a pan and a fridge to cool it, and then we need to place it on a stoveburner.

From the initial observation, we know that there is a fridge in the room. However, there is no mention of a pan in the initial observation or visible in the images provided. Since we cannot see the entire room and all the cabinets in the images, we must search every place to find the pan based on the initial observation.

Based on this information, the most reasonable action from the choices would be to search the cabinets as they are common storage places for pans in a household. Since we do not know which cabinet the pan is in, we should start with the first cabinet and proceed sequentially.

The answer is: (1): go to cabinet 1

----------------------------------------

----------------------------------------

>>> Refine Original VLM Response and Get Pure Action: go to cabinet 1

----------------------------------------

-----------------------------------------------------------------

Running time: 9.635556936264038 seconds

Total Money: 10.57505

-----------------------------------------------------------------

-----------------------------------------------------------------

Text Observation:You arrive at loc 0. The cabinet 1 is closed. 

--------------------------------------------------------------------------------------------------------------------------task: 17---------------------------------------------------------
--------------------------------------------------------------------------------------------------------------------------------------------------------------------
--------------------------------------------------------------------------------------------------------------------------------------------------------------------
Step:--------------------------------------------------------------------------6-------------------------------------------------------------------------------
----------------------------------------
VLM Prompt:
Image1:
<image>
Image2:
<image>
Image3:
<image>
**Instruction**
1. Analyze the provided image to identify all visible household objects, focusing on those relevant to the task description "cool some pan and put it in stoveburner."
2. Use the analysis of the image and the task hint "The agent must find an object of the desired type, pick it up, go to a fridge, cool the object with the fridge, then find the correct location to place it, and put it down there. The agent does not need to use the fridge button or open the fridge to cool the object, and the agent just needs to do action that is "cool the object with the fridge"." to answer the question: what is the most reasonable action in the choices for the task description "cool some pan and put it in stoveburner"?
4. Decide and write the answer using the template: The answer is: (i): <selected_action>, where i is the real number. If there is no desired object in the image, search every place based on **Initial Observation** to find the object. And if no one is exactly correct, choose a similar answer.

**Initial Observation**
You are in the middle of a room. Looking quickly around you, you can see cabinet (1-14), countertop (1-2), microwave (1), drawer (1-5), sink (1), sinkbasin (1), coffeemachine (1), stoveburner (1-4), toaster (1), fridge (1), diningtable (1), garbagecan (1), safe (1)

**Answer Choices**
(1): go to cabinet 2
(2): go to cabinet 3
(3): go to countertop 1
(4): go to cabinet 4
(5): go to microwave 1
(6): go to cabinet 6
(7): go to drawer 1
(8): go to drawer 2
(9): go to drawer 3
(10): go to cabinet 7
(11): go to cabinet 8
(12): go to sink 1
(13): go to sinkbasin 1
(14): go to coffeemachine 1
(15): go to cabinet 9
(16): go to cabinet 10
(17): go to drawer 4
(18): go to cabinet 11
(19): go to stoveburner 1
(20): go to stoveburner 2
(21): go to stoveburner 3
(22): go to stoveburner 4
(23): go to cabinet 12
(24): go to toaster 1
(25): go to drawer 5
(26): go to countertop 2
(27): go to fridge 1
(28): go to cabinet 13
(29): go to cabinet 14
(30): go to diningtable 1
(31): go to garbagecan 1
(32): go to safe 1
(33): open cabinet 1
(34): close cabinet 1
(35): examine cabinet 1

**Answer**
Let's think step by step by following the instructions.
----------------------------------------

----------------------------------------

Original Response:
First, we need to find an object of the desired type, which is a pan, to cool it and put it on a stoveburner. However, the provided images do not show any pans, so we must search every place based on the Initial Observation.

The Initial Observation mentions cabinets, which are common storage places for pans in a household. Therefore, we should start by checking the cabinets.

The most reasonable action from the answer choices provided would be to go to cabinet 2, as it is one of the cabinets mentioned in the Initial Observation and could possibly contain a pan.

The answer is: (1): go to cabinet 2.

----------------------------------------

----------------------------------------

>>> Refine Original VLM Response and Get Pure Action: go to cabinet 2

----------------------------------------

-----------------------------------------------------------------

Running time: 9.430003881454468 seconds

Total Money: 10.608709999999999

-----------------------------------------------------------------

-----------------------------------------------------------------

Text Observation:You arrive at loc 1. The cabinet 2 is closed. 

--------------------------------------------------------------------------------------------------------------------------task: 17---------------------------------------------------------
--------------------------------------------------------------------------------------------------------------------------------------------------------------------
--------------------------------------------------------------------------------------------------------------------------------------------------------------------
Step:--------------------------------------------------------------------------7-------------------------------------------------------------------------------
----------------------------------------
VLM Prompt:
Image1:
<image>
Image2:
<image>
Image3:
<image>
**Instruction**
1. Analyze the provided image to identify all visible household objects, focusing on those relevant to the task description "cool some pan and put it in stoveburner."
2. Use the analysis of the image and the task hint "The agent must find an object of the desired type, pick it up, go to a fridge, cool the object with the fridge, then find the correct location to place it, and put it down there. The agent does not need to use the fridge button or open the fridge to cool the object, and the agent just needs to do action that is "cool the object with the fridge"." to answer the question: what is the most reasonable action in the choices for the task description "cool some pan and put it in stoveburner"?
4. Decide and write the answer using the template: The answer is: (i): <selected_action>, where i is the real number. If there is no desired object in the image, search every place based on **Initial Observation** to find the object. And if no one is exactly correct, choose a similar answer.

**Initial Observation**
You are in the middle of a room. Looking quickly around you, you can see cabinet (1-14), countertop (1-2), microwave (1), drawer (1-5), sink (1), sinkbasin (1), coffeemachine (1), stoveburner (1-4), toaster (1), fridge (1), diningtable (1), garbagecan (1), safe (1)

**Answer Choices**
(1): go to cabinet 3
(2): go to countertop 1
(3): go to cabinet 4
(4): go to cabinet 5
(5): go to microwave 1
(6): go to cabinet 6
(7): go to drawer 1
(8): go to drawer 2
(9): go to drawer 3
(10): go to cabinet 7
(11): go to cabinet 8
(12): go to sink 1
(13): go to sinkbasin 1
(14): go to coffeemachine 1
(15): go to cabinet 9
(16): go to cabinet 10
(17): go to drawer 4
(18): go to cabinet 11
(19): go to stoveburner 1
(20): go to stoveburner 2
(21): go to stoveburner 3
(22): go to stoveburner 4
(23): go to cabinet 12
(24): go to toaster 1
(25): go to drawer 5
(26): go to countertop 2
(27): go to fridge 1
(28): go to cabinet 13
(29): go to cabinet 14
(30): go to diningtable 1
(31): go to garbagecan 1
(32): go to safe 1
(33): open cabinet 2
(34): close cabinet 2
(35): examine cabinet 2

**Answer**
Let's think step by step by following the instructions.
----------------------------------------

----------------------------------------

Original Response:
The task is to "cool some pan and put it in stoveburner." The first step is to find a pan. We can't see a pan in the provided images, so we need to search every place based on the Initial Observation to find one. Cabinets and drawers are common places where pans are usually kept in a kitchen.

(1): go to cabinet 3 - This action could lead to finding a pan, but it's not the only cabinet available.
(2): go to countertop 1 - Pans are not usually stored on countertops.
(3): go to cabinet 4 - Another possible location for a pan.
(4): go to cabinet 5 - Another possible location for a pan.
(5): go to microwave 1 - Pans are not stored in microwaves.
(6): go to cabinet 6 - Another possible location for a pan.
(7): go to drawer 1 - Pans could be stored in drawers, so this is a possible action.
(8): go to drawer 2 - Another possible drawer where a pan might be stored.
(9): go to drawer 3 - Another possible drawer for storing pans.
... and so on with other cabinets and drawers.

After finding a pan, the agent must "cool the object with the fridge." Therefore, the agent will need to:
(27): go to fridge 1 - This is the step to cool the pan.

Finally, the agent needs to "put it in stoveburner."
(19): go to stoveburner 1 - This is a possible action to complete the task.
(20): go to stoveburner 2 - Another possible action to complete the task.
(21): go to stoveburner 3 - Another possible action to complete the task.
(22): go to stoveburner 4 - Another possible action to complete the task.

The most reasonable actions would be to find a pan, cool it with the fridge, and then put it on a stoveburner. Since we don't know in which cabinet or drawer the pan is, we'll have to choose a potential location to search. Since the fridge action is given and is a required step, we'll include it in the answer.

The most reasonable actions based on the images and initial observation would be:
- Find a pan by searching in the cabinets or drawers.
- Cool the pan using the fridge.
- Place the cooled pan on a stoveburner.

Since we cannot choose multiple actions and must select the most reasonable single action, we will choose the action that involves cooling the pan, as it's a specific and necessary step in the task:

The answer is: (27): go to fridge 1.

----------------------------------------

----------------------------------------

>>> Refine Original VLM Response and Get Pure Action: go to fridge 1

----------------------------------------

-----------------------------------------------------------------

Running time: 24.01348090171814 seconds

Total Money: 10.655

-----------------------------------------------------------------

-----------------------------------------------------------------

Text Observation:You arrive at loc 28. The fridge 1 is closed. 

--------------------------------------------------------------------------------------------------------------------------task: 17---------------------------------------------------------
--------------------------------------------------------------------------------------------------------------------------------------------------------------------
--------------------------------------------------------------------------------------------------------------------------------------------------------------------
Step:--------------------------------------------------------------------------8-------------------------------------------------------------------------------
----------------------------------------
VLM Prompt:
Image1:
<image>
Image2:
<image>
Image3:
<image>
**Instruction**
1. Analyze the provided image to identify all visible household objects, focusing on those relevant to the task description "cool some pan and put it in stoveburner."
2. Use the analysis of the image and the task hint "The agent must find an object of the desired type, pick it up, go to a fridge, cool the object with the fridge, then find the correct location to place it, and put it down there. The agent does not need to use the fridge button or open the fridge to cool the object, and the agent just needs to do action that is "cool the object with the fridge"." to answer the question: what is the most reasonable action in the choices for the task description "cool some pan and put it in stoveburner"?
4. Decide and write the answer using the template: The answer is: (i): <selected_action>, where i is the real number. If there is no desired object in the image, search every place based on **Initial Observation** to find the object. And if no one is exactly correct, choose a similar answer.

**Initial Observation**
You are in the middle of a room. Looking quickly around you, you can see cabinet (1-14), countertop (1-2), microwave (1), drawer (1-5), sink (1), sinkbasin (1), coffeemachine (1), stoveburner (1-4), toaster (1), fridge (1), diningtable (1), garbagecan (1), safe (1)

**Answer Choices**
(1): go to cabinet 3
(2): go to countertop 1
(3): go to cabinet 4
(4): go to cabinet 5
(5): go to microwave 1
(6): go to cabinet 6
(7): go to drawer 1
(8): go to drawer 2
(9): go to drawer 3
(10): go to cabinet 7
(11): go to cabinet 8
(12): go to sink 1
(13): go to sinkbasin 1
(14): go to coffeemachine 1
(15): go to cabinet 9
(16): go to cabinet 10
(17): go to drawer 4
(18): go to cabinet 11
(19): go to stoveburner 1
(20): go to stoveburner 2
(21): go to stoveburner 3
(22): go to stoveburner 4
(23): go to cabinet 12
(24): go to toaster 1
(25): go to drawer 5
(26): go to countertop 2
(27): go to cabinet 13
(28): go to cabinet 14
(29): go to diningtable 1
(30): go to garbagecan 1
(31): go to safe 1
(32): open fridge 1
(33): close fridge 1
(34): examine fridge 1

**Answer**
Let's think step by step by following the instructions.
----------------------------------------

----------------------------------------

Original Response:
The task is to cool some pan and put it in a stoveburner. Based on the Initial Observation, there is a fridge present in the room, which can be used to cool the object (the pan). However, the images do not show any pans, so we will have to search for one based on the Initial Observation. Since pans are typically found in cabinets or drawers near the stove, we should look there first.

The most reasonable actions from the choices given would be to go to a cabinet or drawer where a pan might be stored. Therefore, we will eliminate options that are not cabinets or drawers.

Eliminated: (2), (5), (12), (13), (14), (19), (20), (21), (22), (24), (26), (29), (30), (31), (32), (33), (34)

Now, we are left with cabinet and drawer options. Since cabinets are more commonly used to store pans, we will prioritize those.

From the remaining options, we should choose a cabinet closest to the stoveburner, as it is the most likely place to find a pan. Based on the Initial Observation, cabinets are numbered from 1 to 14.

The answer is: (11): go to cabinet 8, because it is the only cabinet option visible in the images provided, and it is reasonable to assume it may contain a pan. If the pan is not found there, we would continue searching the other cabinets based on the Initial Observation.

----------------------------------------

----------------------------------------

>>> Refine Original VLM Response and Get Pure Action: go to cabinet 8, because it is the only cabinet option visible in the images provided, and it is reasonable to assume it may contain a pan

----------------------------------------

-----------------------------------------------------------------

Running time: 19.699190855026245 seconds

Total Money: 10.69388

-----------------------------------------------------------------

-----------------------------------------------------------------

Text Observation:Nothing happens.

--------------------------------------------------------------------------------------------------------------------------task: 17---------------------------------------------------------
--------------------------------------------------------------------------------------------------------------------------------------------------------------------
--------------------------------------------------------------------------------------------------------------------------------------------------------------------
Step:--------------------------------------------------------------------------9-------------------------------------------------------------------------------
----------------------------------------
VLM Prompt:
Image1:
<image>
Image2:
<image>
Image3:
<image>
**Instruction**
1. Analyze the provided image to identify all visible household objects, focusing on those relevant to the task description "cool some pan and put it in stoveburner."
2. Use the analysis of the image and the task hint "The agent must find an object of the desired type, pick it up, go to a fridge, cool the object with the fridge, then find the correct location to place it, and put it down there. The agent does not need to use the fridge button or open the fridge to cool the object, and the agent just needs to do action that is "cool the object with the fridge"." to answer the question: what is the most reasonable action in the choices for the task description "cool some pan and put it in stoveburner"?
4. Decide and write the answer using the template: The answer is: (i): <selected_action>, where i is the real number. If there is no desired object in the image, search every place based on **Initial Observation** to find the object. And if no one is exactly correct, choose a similar answer.

**Initial Observation**
You are in the middle of a room. Looking quickly around you, you can see cabinet (1-14), countertop (1-2), microwave (1), drawer (1-5), sink (1), sinkbasin (1), coffeemachine (1), stoveburner (1-4), toaster (1), fridge (1), diningtable (1), garbagecan (1), safe (1)

**Answer Choices**
(1): go to cabinet 1
(2): go to cabinet 3
(3): go to countertop 1
(4): go to cabinet 4
(5): go to cabinet 5
(6): go to microwave 1
(7): go to cabinet 6
(8): go to drawer 1
(9): go to drawer 2
(10): go to drawer 3
(11): go to cabinet 7
(12): go to cabinet 8
(13): go to sink 1
(14): go to sinkbasin 1
(15): go to coffeemachine 1
(16): go to cabinet 9
(17): go to cabinet 10
(18): go to drawer 4
(19): go to cabinet 11
(20): go to stoveburner 1
(21): go to stoveburner 2
(22): go to stoveburner 3
(23): go to stoveburner 4
(24): go to cabinet 12
(25): go to toaster 1
(26): go to drawer 5
(27): go to countertop 2
(28): go to cabinet 13
(29): go to cabinet 14
(30): go to diningtable 1
(31): go to garbagecan 1
(32): go to safe 1
(33): open fridge 1
(34): close fridge 1
(35): examine fridge 1

**Answer**
Let's think step by step by following the instructions.
----------------------------------------

----------------------------------------

Original Response:
The task description requires cooling a pan and then putting it on a stove burner. The hint specifies that the agent does not need to use the fridge button or open the fridge to cool the object; they just need to perform the action "cool the object with the fridge."

From the **Initial Observation**, it is mentioned that the room has a fridge (1) and stoveburner (1-4). However, the images provided do not show a pan or any stoveburner; they only display cabinet 1, cabinet 2, and fridge 1. Since the images do not help in this scenario, we will rely on the initial observation and the fact that the agent can cool the pan with the fridge without interacting with it.

Based on the initial observation, the most reasonable action would be to first find a pan, which is likely to be in one of the cabinets or drawers since it is not mentioned explicitly in the observation list. After acquiring the pan, the agent should then go to the fridge to cool it and finally to one of the stoveburners to place it.

Since the images do not provide the location of the pan, we must search every place based on the initial observation. Among the answer choices, there are several cabinets and drawers listed that could potentially contain a pan. There is no direct instruction to pick up a pan, but we can infer that this is necessary before going to the fridge.

The closest action that aligns with the task description and available information is to first go to a cabinet or drawer to find a pan. Since there is no specific cabinet or drawer mentioned for the pan, we can select one of the available options that are reasonable for storing pans, like a cabinet near the stove. Cabinet 1 is listed in the images, but it is not explicitly associated with pans; however, it could be one of the cabinets where pans are stored.

The answer is: (1): go to cabinet 1.

----------------------------------------

----------------------------------------

>>> Refine Original VLM Response and Get Pure Action: go to cabinet 1

----------------------------------------

-----------------------------------------------------------------

Running time: 32.53413105010986 seconds

Total Money: 10.7354

-----------------------------------------------------------------

-----------------------------------------------------------------

Text Observation:You arrive at loc 0. The cabinet 1 is closed. 

--------------------------------------------------------------------------------------------------------------------------task: 17---------------------------------------------------------
--------------------------------------------------------------------------------------------------------------------------------------------------------------------
--------------------------------------------------------------------------------------------------------------------------------------------------------------------
Step:--------------------------------------------------------------------------10-------------------------------------------------------------------------------
----------------------------------------
VLM Prompt:
Image1:
<image>
Image2:
<image>
Image3:
<image>
**Instruction**
1. Analyze the provided image to identify all visible household objects, focusing on those relevant to the task description "cool some pan and put it in stoveburner."
2. Use the analysis of the image and the task hint "The agent must find an object of the desired type, pick it up, go to a fridge, cool the object with the fridge, then find the correct location to place it, and put it down there. The agent does not need to use the fridge button or open the fridge to cool the object, and the agent just needs to do action that is "cool the object with the fridge"." to answer the question: what is the most reasonable action in the choices for the task description "cool some pan and put it in stoveburner"?
4. Decide and write the answer using the template: The answer is: (i): <selected_action>, where i is the real number. If there is no desired object in the image, search every place based on **Initial Observation** to find the object. And if no one is exactly correct, choose a similar answer.

**Initial Observation**
You are in the middle of a room. Looking quickly around you, you can see cabinet (1-14), countertop (1-2), microwave (1), drawer (1-5), sink (1), sinkbasin (1), coffeemachine (1), stoveburner (1-4), toaster (1), fridge (1), diningtable (1), garbagecan (1), safe (1)

**Answer Choices**
(1): go to cabinet 2
(2): go to cabinet 3
(3): go to countertop 1
(4): go to cabinet 4
(5): go to cabinet 5
(6): go to microwave 1
(7): go to cabinet 6
(8): go to drawer 1
(9): go to drawer 2
(10): go to drawer 3
(11): go to cabinet 7
(12): go to cabinet 8
(13): go to sink 1
(14): go to sinkbasin 1
(15): go to coffeemachine 1
(16): go to cabinet 9
(17): go to cabinet 10
(18): go to drawer 4
(19): go to cabinet 11
(20): go to stoveburner 1
(21): go to stoveburner 2
(22): go to stoveburner 3
(23): go to stoveburner 4
(24): go to cabinet 12
(25): go to toaster 1
(26): go to drawer 5
(27): go to countertop 2
(28): go to cabinet 13
(29): go to cabinet 14
(30): go to diningtable 1
(31): go to garbagecan 1
(32): go to safe 1
(33): open cabinet 1
(34): close cabinet 1
(35): examine cabinet 1

**Answer**
Let's think step by step by following the instructions.
----------------------------------------

----------------------------------------

Original Response:
First, we need to find an object of the desired type, which in this case is a pan. The provided images do not show any pans, so we will rely on the Initial Observation to find the object. Cabinets are common places to store pans, so it is reasonable to search there first.

Next, we need to cool the pan with the fridge. However, since there is no interaction needed with the fridge other than the action "cool the object with the fridge," we do not need to consider the location of the fridge at this moment.

Finally, we need to put the cooled pan in a stoveburner. According to the Initial Observation, there are four stoveburners available.

Based on these steps, the most reasonable action from the choices provided would be to first go to a cabinet where a pan might be stored, then go to a stoveburner to place the pan. Since no specific cabinet number is given for where a pan might be, we can choose one that is listed in both the Initial Observation and the answer choices.

The answer is: (4): go to cabinet 4. This action aligns with the first step of finding a pan. Once the pan is found, we would then proceed to a stoveburner, but the specific action for that is not listed in the choices.

----------------------------------------

----------------------------------------

>>> Refine Original VLM Response and Get Pure Action: go to cabinet 4

----------------------------------------

-----------------------------------------------------------------

Running time: 11.6141676902771 seconds

Total Money: 10.77311

-----------------------------------------------------------------

-----------------------------------------------------------------

Text Observation:You arrive at loc 4. The cabinet 4 is closed. 

--------------------------------------------------------------------------------------------------------------------------task: 17---------------------------------------------------------
--------------------------------------------------------------------------------------------------------------------------------------------------------------------
--------------------------------------------------------------------------------------------------------------------------------------------------------------------
Step:--------------------------------------------------------------------------11-------------------------------------------------------------------------------
----------------------------------------
VLM Prompt:
Image1:
<image>
Image2:
<image>
Image3:
<image>
**Instruction**
1. Analyze the provided image to identify all visible household objects, focusing on those relevant to the task description "cool some pan and put it in stoveburner."
2. Use the analysis of the image and the task hint "The agent must find an object of the desired type, pick it up, go to a fridge, cool the object with the fridge, then find the correct location to place it, and put it down there. The agent does not need to use the fridge button or open the fridge to cool the object, and the agent just needs to do action that is "cool the object with the fridge"." to answer the question: what is the most reasonable action in the choices for the task description "cool some pan and put it in stoveburner"?
4. Decide and write the answer using the template: The answer is: (i): <selected_action>, where i is the real number. If there is no desired object in the image, search every place based on **Initial Observation** to find the object. And if no one is exactly correct, choose a similar answer.

**Initial Observation**
You are in the middle of a room. Looking quickly around you, you can see cabinet (1-14), countertop (1-2), microwave (1), drawer (1-5), sink (1), sinkbasin (1), coffeemachine (1), stoveburner (1-4), toaster (1), fridge (1), diningtable (1), garbagecan (1), safe (1)

**Answer Choices**
(1): go to cabinet 2
(2): go to cabinet 3
(3): go to countertop 1
(4): go to cabinet 5
(5): go to microwave 1
(6): go to cabinet 6
(7): go to drawer 1
(8): go to drawer 2
(9): go to drawer 3
(10): go to cabinet 7
(11): go to cabinet 8
(12): go to sink 1
(13): go to sinkbasin 1
(14): go to coffeemachine 1
(15): go to cabinet 9
(16): go to cabinet 10
(17): go to drawer 4
(18): go to cabinet 11
(19): go to stoveburner 1
(20): go to stoveburner 2
(21): go to stoveburner 3
(22): go to stoveburner 4
(23): go to cabinet 12
(24): go to toaster 1
(25): go to drawer 5
(26): go to countertop 2
(27): go to fridge 1
(28): go to cabinet 13
(29): go to cabinet 14
(30): go to diningtable 1
(31): go to garbagecan 1
(32): go to safe 1
(33): open cabinet 4
(34): close cabinet 4
(35): examine cabinet 4

**Answer**
Let's think step by step by following the instructions.
----------------------------------------

----------------------------------------

Original Response:
First, we need to find a pan to cool and then put it on the stoveburner. Since the pan is not directly visible in any of the provided images, we need to search for it based on the **Initial Observation**. The most likely places to find a pan would be in cabinets or drawers near the stoveburner, as that is where cooking utensils are commonly stored.

Looking at the answer choices, we have options to go to various cabinets and drawers. Since we are looking for a pan, it would be reasonable to first check the cabinets and drawers closest to the stoveburner.

Among the options, cabinet 4 and drawer 1 are the closest visible storage spaces to the stoveburner shown in Image 3. Since we have an option to examine cabinet 4 specifically, it suggests that cabinet 4 might contain relevant objects for our task.

Therefore, the most reasonable action to take for the task description "cool some pan and put it in stoveburner" would be to first examine cabinet 4 to find the pan. Once the pan is found, we would then go to the fridge to cool it and finally place it on one of the stoveburners.

The answer is: (35): examine cabinet 4.

----------------------------------------

----------------------------------------

>>> Refine Original VLM Response and Get Pure Action: examine cabinet 4

----------------------------------------

-----------------------------------------------------------------

Running time: 10.718486785888672 seconds

Total Money: 10.81046

-----------------------------------------------------------------

-----------------------------------------------------------------

Text Observation:On the cabinet 4, you see a saltshaker 1, and a butterknife 1.

--------------------------------------------------------------------------------------------------------------------------task: 17---------------------------------------------------------
--------------------------------------------------------------------------------------------------------------------------------------------------------------------
--------------------------------------------------------------------------------------------------------------------------------------------------------------------
Step:--------------------------------------------------------------------------12-------------------------------------------------------------------------------
----------------------------------------
VLM Prompt:
Image1:
<image>
Image2:
<image>
Image3:
<image>
**Instruction**
1. Analyze the provided image to identify all visible household objects, focusing on those relevant to the task description "cool some pan and put it in stoveburner."
2. Use the analysis of the image and the task hint "The agent must find an object of the desired type, pick it up, go to a fridge, cool the object with the fridge, then find the correct location to place it, and put it down there. The agent does not need to use the fridge button or open the fridge to cool the object, and the agent just needs to do action that is "cool the object with the fridge"." to answer the question: what is the most reasonable action in the choices for the task description "cool some pan and put it in stoveburner"?
4. Decide and write the answer using the template: The answer is: (i): <selected_action>, where i is the real number. If there is no desired object in the image, search every place based on **Initial Observation** to find the object. And if no one is exactly correct, choose a similar answer.

**Initial Observation**
You are in the middle of a room. Looking quickly around you, you can see cabinet (1-14), countertop (1-2), microwave (1), drawer (1-5), sink (1), sinkbasin (1), coffeemachine (1), stoveburner (1-4), toaster (1), fridge (1), diningtable (1), garbagecan (1), safe (1)

**Answer Choices**
(1): go to cabinet 2
(2): go to cabinet 3
(3): go to countertop 1
(4): go to cabinet 5
(5): go to microwave 1
(6): go to cabinet 6
(7): go to drawer 1
(8): go to drawer 2
(9): go to drawer 3
(10): go to cabinet 7
(11): go to cabinet 8
(12): go to sink 1
(13): go to sinkbasin 1
(14): go to coffeemachine 1
(15): go to cabinet 9
(16): go to cabinet 10
(17): go to drawer 4
(18): go to cabinet 11
(19): go to stoveburner 1
(20): go to stoveburner 2
(21): go to stoveburner 3
(22): go to stoveburner 4
(23): go to cabinet 12
(24): go to toaster 1
(25): go to drawer 5
(26): go to countertop 2
(27): go to fridge 1
(28): go to cabinet 13
(29): go to cabinet 14
(30): go to diningtable 1
(31): go to garbagecan 1
(32): go to safe 1
(33): open cabinet 4
(34): close cabinet 4
(35): take saltshaker 1 from cabinet 4
(36): take butterknife 1 from cabinet 4

**Answer**
Let's think step by step by following the instructions.
----------------------------------------

----------------------------------------

Original Response:
The task description is "cool some pan and put it in stoveburner." From the initial observation list, we know there is a fridge (1) available, which can be used to cool the pan, and there are stoveburners (1-4) mentioned, where the pan can be placed after cooling.

Since the images provided do not show any pans, we must search every place based on the initial observation to find the object. The most logical places to find a pan would be in cabinets or drawers near the stove, as that is typically where pans are stored in a kitchen.

Looking at the answer choices:
- Choices (1) to (11) and (15) to (18) suggest going to various cabinets.
- Choices (7) to (9) and (17) and (25) suggest going to various drawers.
- Choice (27) is the action to go to the fridge, which is needed but only after obtaining the pan.
- Choices (19) to (22) are actions to go to stoveburners, which will be needed after cooling the pan.

The first step should be to find and take the pan. Since we do not have direct actions to "take pan from..." in the choices, we must choose an action that involves searching for the pan in a likely location. Cabinets or drawers near the stove are the most probable places.

The answer is: (1): go to cabinet 2. Cabinet 2 is a reasonable place to start looking for a pan, and once the pan is found, we can proceed with the rest of the task using the fridge and stoveburner. If the pan is not in cabinet 2, we would continue searching the other cabinets and drawers.

----------------------------------------

----------------------------------------

>>> Refine Original VLM Response and Get Pure Action: go to cabinet 2

----------------------------------------

-----------------------------------------------------------------

Running time: 25.361159086227417 seconds

Total Money: 10.850900000000001

-----------------------------------------------------------------

-----------------------------------------------------------------

Text Observation:You arrive at loc 1. The cabinet 2 is closed. 

--------------------------------------------------------------------------------------------------------------------------task: 17---------------------------------------------------------
--------------------------------------------------------------------------------------------------------------------------------------------------------------------
--------------------------------------------------------------------------------------------------------------------------------------------------------------------
Step:--------------------------------------------------------------------------13-------------------------------------------------------------------------------
----------------------------------------
VLM Prompt:
Image1:
<image>
Image2:
<image>
Image3:
<image>
**Instruction**
1. Analyze the provided image to identify all visible household objects, focusing on those relevant to the task description "cool some pan and put it in stoveburner."
2. Use the analysis of the image and the task hint "The agent must find an object of the desired type, pick it up, go to a fridge, cool the object with the fridge, then find the correct location to place it, and put it down there. The agent does not need to use the fridge button or open the fridge to cool the object, and the agent just needs to do action that is "cool the object with the fridge"." to answer the question: what is the most reasonable action in the choices for the task description "cool some pan and put it in stoveburner"?
4. Decide and write the answer using the template: The answer is: (i): <selected_action>, where i is the real number. If there is no desired object in the image, search every place based on **Initial Observation** to find the object. And if no one is exactly correct, choose a similar answer.

**Initial Observation**
You are in the middle of a room. Looking quickly around you, you can see cabinet (1-14), countertop (1-2), microwave (1), drawer (1-5), sink (1), sinkbasin (1), coffeemachine (1), stoveburner (1-4), toaster (1), fridge (1), diningtable (1), garbagecan (1), safe (1)

**Answer Choices**
(1): go to cabinet 1
(2): go to cabinet 3
(3): go to countertop 1
(4): go to cabinet 5
(5): go to microwave 1
(6): go to cabinet 6
(7): go to drawer 1
(8): go to drawer 2
(9): go to drawer 3
(10): go to cabinet 7
(11): go to cabinet 8
(12): go to sink 1
(13): go to sinkbasin 1
(14): go to coffeemachine 1
(15): go to cabinet 9
(16): go to cabinet 10
(17): go to drawer 4
(18): go to cabinet 11
(19): go to stoveburner 1
(20): go to stoveburner 2
(21): go to stoveburner 3
(22): go to stoveburner 4
(23): go to cabinet 12
(24): go to toaster 1
(25): go to drawer 5
(26): go to countertop 2
(27): go to fridge 1
(28): go to cabinet 13
(29): go to cabinet 14
(30): go to diningtable 1
(31): go to garbagecan 1
(32): go to safe 1
(33): open cabinet 2
(34): close cabinet 2
(35): examine cabinet 2

**Answer**
Let's think step by step by following the instructions.
----------------------------------------

----------------------------------------

Original Response:
The task is to "cool some pan and put it in stoveburner." Firstly, we need to find a pan. There is no pan visible in the provided images, so we must search the cabinets, drawers, and the countertop based on the initial observation to find one.

Checking the answer choices, we need to select actions that could lead us to find a pan:

(1): go to cabinet 1 - Possible location for a pan
(2): go to cabinet 3 - Possible location for a pan
(4): go to cabinet 5 - Possible location for a pan
(6): go to cabinet 6 - Possible location for a pan
(7): go to drawer 1 - Possible location for a pan
(8): go to drawer 2 - Possible location for a pan
(9): go to drawer 3 - Possible location for a pan
(10): go to cabinet 7 - Possible location for a pan
(11): go to cabinet 8 - Possible location for a pan
(15): go to cabinet 9 - Possible location for a pan
(16): go to cabinet 10 - Possible location for a pan
(17): go to drawer 4 - Possible location for a pan
(18): go to cabinet 11 - Possible location for a pan
(23): go to cabinet 12 - Possible location for a pan
(25): go to drawer 5 - Possible location for a pan
(28): go to cabinet 13 - Possible location for a pan
(29): go to cabinet 14 - Possible location for a pan

After finding the pan, the next step would be to cool it with the fridge, so we need to go to the fridge:

(27): go to fridge 1 - Action to cool the pan

Finally, we need to place the cooled pan on the stoveburner:

(19): go to stoveburner 1 - Possible location to place the pan
(20): go to stoveburner 2 - Possible location to place the pan
(21): go to stoveburner 3 - Possible location to place the pan
(22): go to stoveburner 4 - Possible location to place the pan

The most reasonable action sequence would be to find a pan in one of the possible locations, then go to the fridge to cool it, and finally place it on a stoveburner. Since the exact location of the pan is not known, we need to choose a starting action that could lead to finding a pan. The first location to check could be any of the cabinets or drawers mentioned.

The answer is: (1): go to cabinet 1

----------------------------------------

----------------------------------------

>>> Refine Original VLM Response and Get Pure Action: go to cabinet 1

----------------------------------------

-----------------------------------------------------------------

Running time: 40.59900879859924 seconds

Total Money: 10.89713

-----------------------------------------------------------------

-----------------------------------------------------------------

Text Observation:You arrive at loc 0. The cabinet 1 is closed. 

--------------------------------------------------------------------------------------------------------------------------task: 17---------------------------------------------------------
--------------------------------------------------------------------------------------------------------------------------------------------------------------------
--------------------------------------------------------------------------------------------------------------------------------------------------------------------
Step:--------------------------------------------------------------------------14-------------------------------------------------------------------------------
----------------------------------------
VLM Prompt:
Image1:
<image>
Image2:
<image>
Image3:
<image>
**Instruction**
1. Analyze the provided image to identify all visible household objects, focusing on those relevant to the task description "cool some pan and put it in stoveburner."
2. Use the analysis of the image and the task hint "The agent must find an object of the desired type, pick it up, go to a fridge, cool the object with the fridge, then find the correct location to place it, and put it down there. The agent does not need to use the fridge button or open the fridge to cool the object, and the agent just needs to do action that is "cool the object with the fridge"." to answer the question: what is the most reasonable action in the choices for the task description "cool some pan and put it in stoveburner"?
4. Decide and write the answer using the template: The answer is: (i): <selected_action>, where i is the real number. If there is no desired object in the image, search every place based on **Initial Observation** to find the object. And if no one is exactly correct, choose a similar answer.

**Initial Observation**
You are in the middle of a room. Looking quickly around you, you can see cabinet (1-14), countertop (1-2), microwave (1), drawer (1-5), sink (1), sinkbasin (1), coffeemachine (1), stoveburner (1-4), toaster (1), fridge (1), diningtable (1), garbagecan (1), safe (1)

**Answer Choices**
(1): go to cabinet 3
(2): go to countertop 1
(3): go to cabinet 4
(4): go to cabinet 5
(5): go to microwave 1
(6): go to cabinet 6
(7): go to drawer 1
(8): go to drawer 2
(9): go to drawer 3
(10): go to cabinet 7
(11): go to cabinet 8
(12): go to sink 1
(13): go to sinkbasin 1
(14): go to coffeemachine 1
(15): go to cabinet 9
(16): go to cabinet 10
(17): go to drawer 4
(18): go to cabinet 11
(19): go to stoveburner 1
(20): go to stoveburner 2
(21): go to stoveburner 3
(22): go to stoveburner 4
(23): go to cabinet 12
(24): go to toaster 1
(25): go to drawer 5
(26): go to countertop 2
(27): go to fridge 1
(28): go to cabinet 13
(29): go to cabinet 14
(30): go to diningtable 1
(31): go to garbagecan 1
(32): go to safe 1
(33): open cabinet 1
(34): close cabinet 1
(35): examine cabinet 1

**Answer**
Let's think step by step by following the instructions.
----------------------------------------

----------------------------------------

Original Response:
First, we need to find an object of the type "pan." In the images provided, there is no visible pan on the countertops, cabinets, or drawers that are open. Therefore, we must search for the pan in the cabinets or drawers that are not visible in the images.

Second, once we have found the pan, we need to cool it with the fridge. Since the task hint specifies that we do not need to use the fridge button or open the fridge, we can assume that the action of 'cooling' is abstract and does not require a specific interaction with the fridge.

Third, after cooling the pan, we need to find a stoveburner to place it on. The initial observation provides the locations of four stoveburners.

Based on these steps, the most reasonable action to start with is to search for the pan in the cabinets or drawers. Since no pan is visible in the provided images, we will select an action that involves searching a cabinet or drawer. 

Among the answer choices, the ones that involve searching for an object are: (1), (3), (4), (6), (10), (11), (15), (16), (18), (23), (28), (29), (33), (35). Since we do not have information about which cabinet or drawer might contain a pan, we should select one at random.

The answer is: (1): go to cabinet 3.

----------------------------------------

----------------------------------------

>>> Refine Original VLM Response and Get Pure Action: go to cabinet 3

----------------------------------------

-----------------------------------------------------------------

Running time: 13.141375064849854 seconds

Total Money: 10.93565

-----------------------------------------------------------------

-----------------------------------------------------------------

Text Observation:You arrive at loc 2. The cabinet 3 is closed. 

--------------------------------------------------------------------------------------------------------------------------task: 17---------------------------------------------------------
--------------------------------------------------------------------------------------------------------------------------------------------------------------------
--------------------------------------------------------------------------------------------------------------------------------------------------------------------
Step:--------------------------------------------------------------------------15-------------------------------------------------------------------------------
----------------------------------------
VLM Prompt:
Image1:
<image>
Image2:
<image>
Image3:
<image>
**Instruction**
1. Analyze the provided image to identify all visible household objects, focusing on those relevant to the task description "cool some pan and put it in stoveburner."
2. Use the analysis of the image and the task hint "The agent must find an object of the desired type, pick it up, go to a fridge, cool the object with the fridge, then find the correct location to place it, and put it down there. The agent does not need to use the fridge button or open the fridge to cool the object, and the agent just needs to do action that is "cool the object with the fridge"." to answer the question: what is the most reasonable action in the choices for the task description "cool some pan and put it in stoveburner"?
4. Decide and write the answer using the template: The answer is: (i): <selected_action>, where i is the real number. If there is no desired object in the image, search every place based on **Initial Observation** to find the object. And if no one is exactly correct, choose a similar answer.

**Initial Observation**
You are in the middle of a room. Looking quickly around you, you can see cabinet (1-14), countertop (1-2), microwave (1), drawer (1-5), sink (1), sinkbasin (1), coffeemachine (1), stoveburner (1-4), toaster (1), fridge (1), diningtable (1), garbagecan (1), safe (1)

**Answer Choices**
(1): go to countertop 1
(2): go to cabinet 4
(3): go to cabinet 5
(4): go to microwave 1
(5): go to cabinet 6
(6): go to drawer 1
(7): go to drawer 2
(8): go to drawer 3
(9): go to cabinet 7
(10): go to cabinet 8
(11): go to sink 1
(12): go to sinkbasin 1
(13): go to coffeemachine 1
(14): go to cabinet 9
(15): go to cabinet 10
(16): go to drawer 4
(17): go to cabinet 11
(18): go to stoveburner 1
(19): go to stoveburner 2
(20): go to stoveburner 3
(21): go to stoveburner 4
(22): go to cabinet 12
(23): go to toaster 1
(24): go to drawer 5
(25): go to countertop 2
(26): go to fridge 1
(27): go to cabinet 13
(28): go to cabinet 14
(29): go to diningtable 1
(30): go to garbagecan 1
(31): go to safe 1
(32): open cabinet 3
(33): close cabinet 3
(34): examine cabinet 3

**Answer**
Let's think step by step by following the instructions.
----------------------------------------

----------------------------------------

Original Response:
First, we need to find a pan to cool. Since pans are typically stored in cabinets or drawers near the stove, we should check the cabinets and drawers first. From the initial observation, we can rule out microwaves, sinks, coffee machines, stove burners, toasters, fridges, dining tables, garbage cans, and safes, as these are not locations where a pan would be stored.

Now, let's look at the images to see if any pans are visible in the cabinets. Image 1 shows cabinet 1 and cabinet 2; Image 2 shows cabinet 8, cabinet 1, and cabinet 2; and Image 3 shows cabinet 14, cabinet 8, and cabinet 1. There are no pans visible in any of these cabinets.

Since no pans are visible in the provided images, we have to search every place based on the initial observation. The most likely places to find a pan would be in the cabinets or drawers near the stove. Therefore, we should check cabinet 4 or cabinet 5 since they are often used for storing pans and are not visible in the images provided.

The task also requires cooling the pan with the fridge. Since we don't need to use the fridge button or open the fridge, we can assume that simply going to the fridge will cool the pan.

After finding and cooling the pan, we need to put it on a stove burner. The stove burner numbers are not specified, so any stove burner would suffice.

Based on this analysis, the most reasonable action in the choices for the task description "cool some pan and put it in stoveburner" would be to first find a pan. Since we cannot see one in the images, we will search the cabinets not visible in the images. Cabinet 4 or 5 seems like a reasonable choice to start with.

The answer is: (2): go to cabinet 4.

----------------------------------------

----------------------------------------

>>> Refine Original VLM Response and Get Pure Action: go to cabinet 4

----------------------------------------

-----------------------------------------------------------------

Running time: 21.145451307296753 seconds

Total Money: 10.9769

-----------------------------------------------------------------

-----------------------------------------------------------------

Text Observation:You arrive at loc 4. The cabinet 4 is closed. 

--------------------------------------------------------------------------------------------------------------------------task: 17---------------------------------------------------------
--------------------------------------------------------------------------------------------------------------------------------------------------------------------
--------------------------------------------------------------------------------------------------------------------------------------------------------------------
Step:--------------------------------------------------------------------------16-------------------------------------------------------------------------------
----------------------------------------
VLM Prompt:
Image1:
<image>
Image2:
<image>
Image3:
<image>
**Instruction**
1. Analyze the provided image to identify all visible household objects, focusing on those relevant to the task description "cool some pan and put it in stoveburner."
2. Use the analysis of the image and the task hint "The agent must find an object of the desired type, pick it up, go to a fridge, cool the object with the fridge, then find the correct location to place it, and put it down there. The agent does not need to use the fridge button or open the fridge to cool the object, and the agent just needs to do action that is "cool the object with the fridge"." to answer the question: what is the most reasonable action in the choices for the task description "cool some pan and put it in stoveburner"?
4. Decide and write the answer using the template: The answer is: (i): <selected_action>, where i is the real number. If there is no desired object in the image, search every place based on **Initial Observation** to find the object. And if no one is exactly correct, choose a similar answer.

**Initial Observation**
You are in the middle of a room. Looking quickly around you, you can see cabinet (1-14), countertop (1-2), microwave (1), drawer (1-5), sink (1), sinkbasin (1), coffeemachine (1), stoveburner (1-4), toaster (1), fridge (1), diningtable (1), garbagecan (1), safe (1)

**Answer Choices**
(1): go to cabinet 2
(2): go to countertop 1
(3): go to cabinet 5
(4): go to microwave 1
(5): go to cabinet 6
(6): go to drawer 1
(7): go to drawer 2
(8): go to drawer 3
(9): go to cabinet 7
(10): go to cabinet 8
(11): go to sink 1
(12): go to sinkbasin 1
(13): go to coffeemachine 1
(14): go to cabinet 9
(15): go to cabinet 10
(16): go to drawer 4
(17): go to cabinet 11
(18): go to stoveburner 1
(19): go to stoveburner 2
(20): go to stoveburner 3
(21): go to stoveburner 4
(22): go to cabinet 12
(23): go to toaster 1
(24): go to drawer 5
(25): go to countertop 2
(26): go to fridge 1
(27): go to cabinet 13
(28): go to cabinet 14
(29): go to diningtable 1
(30): go to garbagecan 1
(31): go to safe 1
(32): open cabinet 4
(33): close cabinet 4
(34): examine cabinet 4

**Answer**
Let's think step by step by following the instructions.
----------------------------------------

----------------------------------------

Original Response:
First, we need to find a pan to cool and then put it in a stoveburner. From the provided images and initial observation, we do not see any pans directly. Therefore, we need to search the cabinets, as pans are typically stored there.

Looking at the answer choices, the action that most likely leads to finding a pan would be to go to one of the cabinets. Since the images provided do not show the inside of the cabinets, we must make a decision based on the initial observation.

The answer is: (1): go to cabinet 2

----------------------------------------

----------------------------------------

>>> Refine Original VLM Response and Get Pure Action: go to cabinet 2

----------------------------------------

-----------------------------------------------------------------

Running time: 8.405824661254883 seconds

Total Money: 11.00999

-----------------------------------------------------------------

-----------------------------------------------------------------

Text Observation:You arrive at loc 1. The cabinet 2 is closed. 

--------------------------------------------------------------------------------------------------------------------------task: 17---------------------------------------------------------
--------------------------------------------------------------------------------------------------------------------------------------------------------------------
--------------------------------------------------------------------------------------------------------------------------------------------------------------------
Step:--------------------------------------------------------------------------17-------------------------------------------------------------------------------
----------------------------------------
VLM Prompt:
Image1:
<image>
Image2:
<image>
Image3:
<image>
**Instruction**
1. Analyze the provided image to identify all visible household objects, focusing on those relevant to the task description "cool some pan and put it in stoveburner."
2. Use the analysis of the image and the task hint "The agent must find an object of the desired type, pick it up, go to a fridge, cool the object with the fridge, then find the correct location to place it, and put it down there. The agent does not need to use the fridge button or open the fridge to cool the object, and the agent just needs to do action that is "cool the object with the fridge"." to answer the question: what is the most reasonable action in the choices for the task description "cool some pan and put it in stoveburner"?
4. Decide and write the answer using the template: The answer is: (i): <selected_action>, where i is the real number. If there is no desired object in the image, search every place based on **Initial Observation** to find the object. And if no one is exactly correct, choose a similar answer.

**Initial Observation**
You are in the middle of a room. Looking quickly around you, you can see cabinet (1-14), countertop (1-2), microwave (1), drawer (1-5), sink (1), sinkbasin (1), coffeemachine (1), stoveburner (1-4), toaster (1), fridge (1), diningtable (1), garbagecan (1), safe (1)

**Answer Choices**
(1): go to cabinet 1
(2): go to countertop 1
(3): go to cabinet 5
(4): go to microwave 1
(5): go to cabinet 6
(6): go to drawer 1
(7): go to drawer 2
(8): go to drawer 3
(9): go to cabinet 7
(10): go to cabinet 8
(11): go to sink 1
(12): go to sinkbasin 1
(13): go to coffeemachine 1
(14): go to cabinet 9
(15): go to cabinet 10
(16): go to drawer 4
(17): go to cabinet 11
(18): go to stoveburner 1
(19): go to stoveburner 2
(20): go to stoveburner 3
(21): go to stoveburner 4
(22): go to cabinet 12
(23): go to toaster 1
(24): go to drawer 5
(25): go to countertop 2
(26): go to fridge 1
(27): go to cabinet 13
(28): go to cabinet 14
(29): go to diningtable 1
(30): go to garbagecan 1
(31): go to safe 1
(32): open cabinet 2
(33): close cabinet 2
(34): examine cabinet 2

**Answer**
Let's think step by step by following the instructions.
----------------------------------------

----------------------------------------

Original Response:
First, we need to find an object of the desired type, which is a pan, to cool and put it in the stoveburner. The images provided do not show a pan, so we must search every place based on the Initial Observation to find the object.

The most reasonable place to find a pan would be in the cabinets or drawers near the stove, as these are common storage areas for cookware. Among the answer choices, cabinet 5 and cabinet 6 are visible in Image2 and are located just below the countertop where the microwave is placed. This suggests they are near the stove area and likely to contain cookware.

Since the task description mentions cooling the pan with the fridge, we also need to consider the fridge's location. However, the fridge is not visible in any of the provided images, so we cannot determine its proximity to the cabinets or stoveburners.

Considering the available information and the task description, the most reasonable action would be to search the cabinets near the stove area for a pan. Therefore, the answer is:

The answer is: (3): go to cabinet 5.

----------------------------------------

----------------------------------------

>>> Refine Original VLM Response and Get Pure Action: go to cabinet 5

----------------------------------------

-----------------------------------------------------------------

Running time: 14.439512968063354 seconds

Total Money: 11.04641

-----------------------------------------------------------------

-----------------------------------------------------------------

Text Observation:You arrive at loc 5. The cabinet 5 is open. On the cabinet 5, you see a saltshaker 1, and a butterknife 1.

--------------------------------------------------------------------------------------------------------------------------task: 17---------------------------------------------------------
--------------------------------------------------------------------------------------------------------------------------------------------------------------------
--------------------------------------------------------------------------------------------------------------------------------------------------------------------
Step:--------------------------------------------------------------------------18-------------------------------------------------------------------------------
----------------------------------------
VLM Prompt:
Image1:
<image>
Image2:
<image>
Image3:
<image>
**Instruction**
1. Analyze the provided image to identify all visible household objects, focusing on those relevant to the task description "cool some pan and put it in stoveburner."
2. Use the analysis of the image and the task hint "The agent must find an object of the desired type, pick it up, go to a fridge, cool the object with the fridge, then find the correct location to place it, and put it down there. The agent does not need to use the fridge button or open the fridge to cool the object, and the agent just needs to do action that is "cool the object with the fridge"." to answer the question: what is the most reasonable action in the choices for the task description "cool some pan and put it in stoveburner"?
4. Decide and write the answer using the template: The answer is: (i): <selected_action>, where i is the real number. If there is no desired object in the image, search every place based on **Initial Observation** to find the object. And if no one is exactly correct, choose a similar answer.

**Initial Observation**
You are in the middle of a room. Looking quickly around you, you can see cabinet (1-14), countertop (1-2), microwave (1), drawer (1-5), sink (1), sinkbasin (1), coffeemachine (1), stoveburner (1-4), toaster (1), fridge (1), diningtable (1), garbagecan (1), safe (1)

**Answer Choices**
(1): go to cabinet 1
(2): go to cabinet 3
(3): go to countertop 1
(4): go to microwave 1
(5): go to cabinet 6
(6): go to drawer 1
(7): go to drawer 2
(8): go to drawer 3
(9): go to cabinet 7
(10): go to cabinet 8
(11): go to sink 1
(12): go to sinkbasin 1
(13): go to coffeemachine 1
(14): go to cabinet 9
(15): go to cabinet 10
(16): go to drawer 4
(17): go to cabinet 11
(18): go to stoveburner 1
(19): go to stoveburner 2
(20): go to stoveburner 3
(21): go to stoveburner 4
(22): go to cabinet 12
(23): go to toaster 1
(24): go to drawer 5
(25): go to countertop 2
(26): go to fridge 1
(27): go to cabinet 13
(28): go to cabinet 14
(29): go to diningtable 1
(30): go to garbagecan 1
(31): go to safe 1
(32): open cabinet 5
(33): close cabinet 5
(34): take saltshaker 1 from cabinet 5
(35): take butterknife 1 from cabinet 5
(36): examine cabinet 5

**Answer**
Let's think step by step by following the instructions.
----------------------------------------

----------------------------------------

Original Response:
First, we need to find a pan to complete the task of "cool some pan and put it in stoveburner." As we look at the images provided, we do not see any pan on the visible countertops, inside the open cabinet 5, or on top of the microwave. Since the pan is not immediately visible, we must search every place based on the Initial Observation to find the object.

We will start by checking the cabinets, as pans are commonly stored in cabinets in a kitchen. Since cabinet 5 is already open and does not contain a pan, we can move on to the other cabinets. 

The answer is: (1): go to cabinet 1. If the pan is not found there, we continue with the cabinets in numerical order until we find a pan. Once the pan is found, we would then go to the fridge to cool it according to the task hint, which is indicated by action (26): go to fridge 1. After cooling the pan, we would put it on the stoveburner, selecting the appropriate number from actions (18) to (21). Since the task does not specify which stoveburner to use, any of these actions would be reasonable to complete the task. However, since we are only selecting the most reasonable next action to find the pan, the answer remains as (1): go to cabinet 1.

----------------------------------------

----------------------------------------

>>> Refine Original VLM Response and Get Pure Action: go to cabinet 1

----------------------------------------

-----------------------------------------------------------------

Running time: 33.21596693992615 seconds

Total Money: 11.08468

-----------------------------------------------------------------

-----------------------------------------------------------------

Text Observation:You arrive at loc 0. The cabinet 1 is closed. 

--------------------------------------------------------------------------------------------------------------------------task: 17---------------------------------------------------------
--------------------------------------------------------------------------------------------------------------------------------------------------------------------
--------------------------------------------------------------------------------------------------------------------------------------------------------------------
Step:--------------------------------------------------------------------------19-------------------------------------------------------------------------------
----------------------------------------
VLM Prompt:
Image1:
<image>
Image2:
<image>
Image3:
<image>
**Instruction**
1. Analyze the provided image to identify all visible household objects, focusing on those relevant to the task description "cool some pan and put it in stoveburner."
2. Use the analysis of the image and the task hint "The agent must find an object of the desired type, pick it up, go to a fridge, cool the object with the fridge, then find the correct location to place it, and put it down there. The agent does not need to use the fridge button or open the fridge to cool the object, and the agent just needs to do action that is "cool the object with the fridge"." to answer the question: what is the most reasonable action in the choices for the task description "cool some pan and put it in stoveburner"?
4. Decide and write the answer using the template: The answer is: (i): <selected_action>, where i is the real number. If there is no desired object in the image, search every place based on **Initial Observation** to find the object. And if no one is exactly correct, choose a similar answer.

**Initial Observation**
You are in the middle of a room. Looking quickly around you, you can see cabinet (1-14), countertop (1-2), microwave (1), drawer (1-5), sink (1), sinkbasin (1), coffeemachine (1), stoveburner (1-4), toaster (1), fridge (1), diningtable (1), garbagecan (1), safe (1)

**Answer Choices**
(1): go to cabinet 3
(2): go to countertop 1
(3): go to cabinet 4
(4): go to microwave 1
(5): go to cabinet 6
(6): go to drawer 1
(7): go to drawer 2
(8): go to drawer 3
(9): go to cabinet 7
(10): go to cabinet 8
(11): go to sink 1
(12): go to sinkbasin 1
(13): go to coffeemachine 1
(14): go to cabinet 9
(15): go to cabinet 10
(16): go to drawer 4
(17): go to cabinet 11
(18): go to stoveburner 1
(19): go to stoveburner 2
(20): go to stoveburner 3
(21): go to stoveburner 4
(22): go to cabinet 12
(23): go to toaster 1
(24): go to drawer 5
(25): go to countertop 2
(26): go to fridge 1
(27): go to cabinet 13
(28): go to cabinet 14
(29): go to diningtable 1
(30): go to garbagecan 1
(31): go to safe 1
(32): open cabinet 1
(33): close cabinet 1
(34): examine cabinet 1

**Answer**
Let's think step by step by following the instructions.
----------------------------------------

----------------------------------------

Original Response:
Firstly, we need to find a pan to complete the task. Since none of the images shows a pan directly, we must search the likely locations where a pan could be found. Cabinets and drawers are common storage places for pans in a kitchen setting.

From the **Initial Observation**, we know that there are multiple cabinets and drawers in the room. We must choose a reasonable action that could lead us to find a pan.

Once we have the pan, we need to "cool" it with the fridge. According to the task hint, we do not need to interact with the fridge physically, which means we can skip actions like opening the fridge. 

Finally, we will need to place the cooled pan on a stoveburner. 

Considering all the steps and the initial observation, the most logical first action would be to search the cabinets or drawers since pans are typically stored there. 

Looking at the answer choices, we can rule out actions related to countertops, appliances, sink, dining table, garbage can, and safe as these are less likely to store pans. 

The choice that stands out is (5): go to cabinet 6, as it is a direct action to search a cabinet, which aligns with our goal to find a pan. 

The answer is: (5): go to cabinet 6.

----------------------------------------

----------------------------------------

>>> Refine Original VLM Response and Get Pure Action: go to cabinet 6

----------------------------------------

-----------------------------------------------------------------

Running time: 12.230710744857788 seconds

Total Money: 11.12233

-----------------------------------------------------------------

-----------------------------------------------------------------

Text Observation:You arrive at loc 7. The cabinet 6 is closed. 

-----------------------------------------------------------------