---------------------------------------------------------task: 8---------------------------------------------------------
--------------------------------------------------------------------------------------------------------------------------------------------------------------------
--------------------------------------------------------------------------------------------------------------------------------------------------------------------
Step:--------------------------------------------------------------------------0-------------------------------------------------------------------------------
----------------------------------------
VLM Prompt:
Image1:
<image>
**Instruction**
1. Analyze the provided image to identify all visible household objects, focusing on those relevant to the task description "put some laptop on desk."
2. Use the analysis of the image and the task hint "The agent must find an object of the desired type, pick it up, find the correct location to place it, and put it down there." to answer the question: what is the most reasonable action in the choices for the task description "put some laptop on desk"?
4. Decide and write the answer using the template: The answer is: (i): <selected_action>, where i is the real number. If there is no desired object in the image, search every place based on **Initial Observation** to find the object. And if no one is exactly correct, choose a similar answer.

**Initial Observation**
You are in the middle of a room. Looking quickly around you, you can see bed (1), garbagecan (1), desk (1), sidetable (1), drawer (1-5), laundryhamper (1)

**Answer Choices**
(1): go to bed 1
(2): go to garbagecan 1
(3): go to desk 1
(4): go to sidetable 1
(5): go to drawer 1
(6): go to drawer 2
(7): go to laundryhamper 1
(8): go to drawer 3
(9): go to drawer 4
(10): go to drawer 5

**Answer**
Let's think step by step by following the instructions.
----------------------------------------

----------------------------------------

Original Response:
The task is to put some laptop on a desk. The image shows a sidetable with no laptop on it, and there is no desk visible in the image. Based on the initial observation, there is a desk (1) available in the room. To complete the task, the agent must first find a laptop. Since there is no laptop visible in the image, the agent should search every place based on the initial observation to find the object.

The most reasonable action from the choices would be to go to places where a laptop is most likely to be found, such as a desk or drawers. Since the desk is mentioned in the initial observation and not visible in the image, it is a potential location to find a laptop. Therefore, the agent should go to the desk to check for a laptop. If a laptop is not found there, the agent could then proceed to search the drawers.

The answer is: (3): go to desk 1

----------------------------------------

----------------------------------------

>>> Refine Original VLM Response and Get Pure Action: go to desk 1

----------------------------------------

-----------------------------------------------------------------

Running time: 10.414443254470825 seconds

Total Money: 3.2136799999999988

-----------------------------------------------------------------

-----------------------------------------------------------------

Text Observation:You arrive at loc 2. On the desk 1, you see a alarmclock 1, a cellphone 1, a pencil 1, and a pen 1.

--------------------------------------------------------------------------------------------------------------------------task: 8---------------------------------------------------------
--------------------------------------------------------------------------------------------------------------------------------------------------------------------
--------------------------------------------------------------------------------------------------------------------------------------------------------------------
Step:--------------------------------------------------------------------------1-------------------------------------------------------------------------------
----------------------------------------
VLM Prompt:
Image1:
<image>
Image2:
<image>
**Instruction**
1. Analyze the provided image to identify all visible household objects, focusing on those relevant to the task description "put some laptop on desk."
2. Use the analysis of the image and the task hint "The agent must find an object of the desired type, pick it up, find the correct location to place it, and put it down there." to answer the question: what is the most reasonable action in the choices for the task description "put some laptop on desk"?
4. Decide and write the answer using the template: The answer is: (i): <selected_action>, where i is the real number. If there is no desired object in the image, search every place based on **Initial Observation** to find the object. And if no one is exactly correct, choose a similar answer.

**Initial Observation**
You are in the middle of a room. Looking quickly around you, you can see bed (1), garbagecan (1), desk (1), sidetable (1), drawer (1-5), laundryhamper (1)

**Answer Choices**
(1): go to bed 1
(2): go to garbagecan 1
(3): go to sidetable 1
(4): go to drawer 1
(5): go to drawer 2
(6): go to laundryhamper 1
(7): go to drawer 3
(8): go to drawer 4
(9): go to drawer 5
(10): take alarmclock 1 from desk 1
(11): take cellphone 1 from desk 1
(12): take pencil 1 from desk 1
(13): take pen 1 from desk 1
(14): examine desk 1

**Answer**
Let's think step by step by following the instructions.
----------------------------------------

----------------------------------------

Original Response:
The task is to "put some laptop on desk," and the hint suggests the agent needs to find a laptop. In Image1 and Image2, there is no laptop visible on the sidetable, desk, or in the immediate surroundings. 

Based on the initial observation, there are other places to search for a laptop, such as drawers and laundry hamper. Since laptops are unlikely to be in a laundry hamper or garbage can and not visible on the bed, sidetable, or desk, the most reasonable action would be to search the drawers.

The answer is: (4): go to drawer 1. If the laptop is not there, the agent should continue to (5): go to drawer 2, then (7): go to drawer 3, and so on until the laptop is found.

----------------------------------------

----------------------------------------

>>> Refine Original VLM Response and Get Pure Action: go to drawer 1

----------------------------------------

-----------------------------------------------------------------

Running time: 9.567692041397095 seconds

Total Money: 3.237819999999999

-----------------------------------------------------------------

-----------------------------------------------------------------

Text Observation:You arrive at loc 4. The drawer 1 is closed. 

--------------------------------------------------------------------------------------------------------------------------task: 8---------------------------------------------------------
--------------------------------------------------------------------------------------------------------------------------------------------------------------------
--------------------------------------------------------------------------------------------------------------------------------------------------------------------
Step:--------------------------------------------------------------------------2-------------------------------------------------------------------------------
----------------------------------------
VLM Prompt:
Image1:
<image>
Image2:
<image>
**Instruction**
1. Analyze the provided image to identify all visible household objects, focusing on those relevant to the task description "put some laptop on desk."
2. Use the analysis of the image and the task hint "The agent must find an object of the desired type, pick it up, find the correct location to place it, and put it down there." to answer the question: what is the most reasonable action in the choices for the task description "put some laptop on desk"?
4. Decide and write the answer using the template: The answer is: (i): <selected_action>, where i is the real number. If there is no desired object in the image, search every place based on **Initial Observation** to find the object. And if no one is exactly correct, choose a similar answer.

**Initial Observation**
You are in the middle of a room. Looking quickly around you, you can see bed (1), garbagecan (1), desk (1), sidetable (1), drawer (1-5), laundryhamper (1)

**Answer Choices**
(1): go to bed 1
(2): go to garbagecan 1
(3): go to sidetable 1
(4): go to drawer 2
(5): go to laundryhamper 1
(6): go to drawer 3
(7): go to drawer 4
(8): go to drawer 5
(9): open drawer 1
(10): close drawer 1
(11): examine drawer 1

**Answer**
Let's think step by step by following the instructions.
----------------------------------------

----------------------------------------

Original Response:
Firstly, we analyze the images provided:

Image 1:
- alarmclock 1
- pen 1
- pencil 1
- cellphone 1
- desk 1

Image 2:
- sidetable 1
- cd 1
- book 1
- pen 2
- drawer 1
- drawer 2

No laptop is visible in the provided images. 

The task description is "put some laptop on desk," and we need to find an object of the desired type, which is a laptop. Since the laptop is not visible in the images, we refer to the Initial Observation to search for the object. The observation lists bed (1), garbagecan (1), desk (1), sidetable (1), drawer (1-5), and laundryhamper (1). 

Out of these locations, a laptop is most likely to be found in a drawer. The images provided already show drawer 1 and drawer 2, which leaves us with drawers 3, 4, and 5 to search. 

Based on this analysis, the most reasonable next action would be to go to one of the unopened drawers to search for the laptop. 

The answer is: (6): go to drawer 3.

----------------------------------------

----------------------------------------

>>> Refine Original VLM Response and Get Pure Action: go to drawer 3

----------------------------------------

-----------------------------------------------------------------

Running time: 9.919730186462402 seconds

Total Money: 3.2643599999999986

-----------------------------------------------------------------

-----------------------------------------------------------------

Text Observation:You arrive at loc 7. The drawer 3 is closed. 

--------------------------------------------------------------------------------------------------------------------------task: 8---------------------------------------------------------
--------------------------------------------------------------------------------------------------------------------------------------------------------------------
--------------------------------------------------------------------------------------------------------------------------------------------------------------------
Step:--------------------------------------------------------------------------3-------------------------------------------------------------------------------
----------------------------------------
VLM Prompt:
Image1:
<image>
Image2:
<image>
**Instruction**
1. Analyze the provided image to identify all visible household objects, focusing on those relevant to the task description "put some laptop on desk."
2. Use the analysis of the image and the task hint "The agent must find an object of the desired type, pick it up, find the correct location to place it, and put it down there." to answer the question: what is the most reasonable action in the choices for the task description "put some laptop on desk"?
4. Decide and write the answer using the template: The answer is: (i): <selected_action>, where i is the real number. If there is no desired object in the image, search every place based on **Initial Observation** to find the object. And if no one is exactly correct, choose a similar answer.

**Initial Observation**
You are in the middle of a room. Looking quickly around you, you can see bed (1), garbagecan (1), desk (1), sidetable (1), drawer (1-5), laundryhamper (1)

**Answer Choices**
(1): go to bed 1
(2): go to garbagecan 1
(3): go to sidetable 1
(4): go to drawer 2
(5): go to laundryhamper 1
(6): go to drawer 4
(7): go to drawer 5
(8): open drawer 3
(9): close drawer 3
(10): examine drawer 3

**Answer**
Let's think step by step by following the instructions.
----------------------------------------

----------------------------------------

Original Response:
First, we analyze the provided images for any visible household objects that could be relevant to the task description "put some laptop on desk." In both images, there is no laptop visible. Therefore, we need to search every place based on the **Initial Observation** to find the object.

The **Initial Observation** lists several locations in the room: bed (1), garbagecan (1), desk (1), sidetable (1), drawers (1-5), and laundryhamper (1). Since there is no visible laptop in the images, we must check the places where a laptop could typically be stored, such as in drawers or on a sidetable.

Given that laptops are commonly stored in drawers for safekeeping, the most reasonable action from the answer choices would be to go to or examine a drawer. However, the instruction specifically mentions "put some laptop on desk," which implies that the agent already has a laptop and needs to place it on the desk. Since there is no action that includes picking up a laptop, we must choose an action that involves going to the desk.

The answer is: (6): go to drawer 4. This action is chosen based on the assumption that the agent may find a laptop in drawer 4 since it's a common storage location for such items. After finding the laptop, the agent would then put it on the desk, fulfilling the task description. If the laptop is not found in drawer 4, the agent should continue searching the other drawers or sidetable.

----------------------------------------

----------------------------------------

>>> Refine Original VLM Response and Get Pure Action: go to drawer 4

----------------------------------------

-----------------------------------------------------------------

Running time: 14.066875219345093 seconds

Total Money: 3.2921899999999984

-----------------------------------------------------------------

-----------------------------------------------------------------

Text Observation:You arrive at loc 8. The drawer 4 is closed. 

--------------------------------------------------------------------------------------------------------------------------task: 8---------------------------------------------------------
--------------------------------------------------------------------------------------------------------------------------------------------------------------------
--------------------------------------------------------------------------------------------------------------------------------------------------------------------
Step:--------------------------------------------------------------------------4-------------------------------------------------------------------------------
----------------------------------------
VLM Prompt:
Image1:
<image>
Image2:
<image>
**Instruction**
1. Analyze the provided image to identify all visible household objects, focusing on those relevant to the task description "put some laptop on desk."
2. Use the analysis of the image and the task hint "The agent must find an object of the desired type, pick it up, find the correct location to place it, and put it down there." to answer the question: what is the most reasonable action in the choices for the task description "put some laptop on desk"?
4. Decide and write the answer using the template: The answer is: (i): <selected_action>, where i is the real number. If there is no desired object in the image, search every place based on **Initial Observation** to find the object. And if no one is exactly correct, choose a similar answer.

**Initial Observation**
You are in the middle of a room. Looking quickly around you, you can see bed (1), garbagecan (1), desk (1), sidetable (1), drawer (1-5), laundryhamper (1)

**Answer Choices**
(1): go to bed 1
(2): go to garbagecan 1
(3): go to desk 1
(4): go to sidetable 1
(5): go to drawer 2
(6): go to laundryhamper 1
(7): go to drawer 5
(8): open drawer 4
(9): close drawer 4
(10): examine drawer 4

**Answer**
Let's think step by step by following the instructions.
----------------------------------------

----------------------------------------

Original Response:
First, we analyze the image for any visible household objects relevant to the task "put some laptop on desk." In the image, we can see a desk, a lamp, an alarm clock, pencils, a chair, and drawers. There is no laptop visible on the desk or in the immediate surroundings.

Second, we consider the task hint, which suggests that the agent must find the object (a laptop), pick it up, find the correct location (the desk), and put it down there.

Based on the initial observation, we know there is a desk (1), drawers (1-5), and other objects in the room. Since the desk is already in the image and there is no laptop on it, the next reasonable action would be to look for the laptop in the drawers, as it is a common place to store such an item.

Therefore, the most reasonable action from the given choices would be to search the drawers.

The answer is: (8): open drawer 4.

----------------------------------------

----------------------------------------

>>> Refine Original VLM Response and Get Pure Action: open drawer 4

----------------------------------------

-----------------------------------------------------------------

Running time: 10.281693458557129 seconds

Total Money: 3.316899999999998

-----------------------------------------------------------------

-----------------------------------------------------------------

Text Observation:You open the drawer 4. The drawer 4 is open. In it, you see a desklamp 1, a alarmclock 1, a laundryhamperlid 1, a alarmclock 2, a cellphone 1, a creditcard 1, a pen 1, a pencil 1, a pencil 2, and a keychain 1.

--------------------------------------------------------------------------------------------------------------------------task: 8---------------------------------------------------------
--------------------------------------------------------------------------------------------------------------------------------------------------------------------
--------------------------------------------------------------------------------------------------------------------------------------------------------------------
Step:--------------------------------------------------------------------------5-------------------------------------------------------------------------------
----------------------------------------
VLM Prompt:
Image1:
<image>
Image2:
<image>
**Instruction**
1. Analyze the provided image to identify all visible household objects, focusing on those relevant to the task description "put some laptop on desk."
2. Use the analysis of the image and the task hint "The agent must find an object of the desired type, pick it up, find the correct location to place it, and put it down there." to answer the question: what is the most reasonable action in the choices for the task description "put some laptop on desk"?
4. Decide and write the answer using the template: The answer is: (i): <selected_action>, where i is the real number. If there is no desired object in the image, search every place based on **Initial Observation** to find the object. And if no one is exactly correct, choose a similar answer.

**Initial Observation**
You are in the middle of a room. Looking quickly around you, you can see bed (1), garbagecan (1), desk (1), sidetable (1), drawer (1-5), laundryhamper (1)

**Answer Choices**
(1): go to bed 1
(2): go to garbagecan 1
(3): go to desk 1
(4): go to sidetable 1
(5): go to drawer 1
(6): go to drawer 2
(7): go to laundryhamper 1
(8): go to drawer 5
(9): close drawer 4
(10): take alarmclock 1 from drawer 4
(11): take laundryhamperlid 1 from drawer 4
(12): take alarmclock 2 from drawer 4
(13): take cellphone 1 from drawer 4
(14): take creditcard 1 from drawer 4
(15): take pen 1 from drawer 4
(16): take pencil 1 from drawer 4
(17): take pencil 2 from drawer 4
(18): take keychain 1 from drawer 4
(19): use desklamp 1
(20): examine drawer 4

**Answer**
Let's think step by step by following the instructions.
----------------------------------------

----------------------------------------

Original Response:
The task is to "put some laptop on desk." From the initial observation, we know that there is a desk (1) in the room. Looking at the images provided, we can see that there is no laptop visible on the desk or in the open drawer (drawer 4). Therefore, we must search every place based on the initial observation to find the object.

Since the laptop is not visible in the image, the most reasonable action would be to go to each location where a laptop might be found. The places to search would be the bed, sidetable, and all drawers, as these are common places where one might place a laptop.

The answer is: (3): go to desk 1, (4): go to sidetable 1, (5): go to drawer 1, (6): go to drawer 2, and (8): go to drawer 5. Since we need to choose only one action and the task specifically mentions placing the laptop on the desk, the first place to check would be the desk itself, if there are any compartments or places on or in the desk where a laptop might be placed.

The answer is: (3): go to desk 1.

----------------------------------------

----------------------------------------

>>> Refine Original VLM Response and Get Pure Action: go to desk 1, (4): go to sidetable 1, (5): go to drawer 1, (6): go to drawer 2, and (8): go to drawer 5

----------------------------------------

-----------------------------------------------------------------

Running time: 10.643672466278076 seconds

Total Money: 3.344219999999998

-----------------------------------------------------------------

-----------------------------------------------------------------

Text Observation:Nothing happens.

--------------------------------------------------------------------------------------------------------------------------task: 8---------------------------------------------------------
--------------------------------------------------------------------------------------------------------------------------------------------------------------------
--------------------------------------------------------------------------------------------------------------------------------------------------------------------
Step:--------------------------------------------------------------------------6-------------------------------------------------------------------------------
----------------------------------------
VLM Prompt:
Image1:
<image>
Image2:
<image>
**Instruction**
1. Analyze the provided image to identify all visible household objects, focusing on those relevant to the task description "put some laptop on desk."
2. Use the analysis of the image and the task hint "The agent must find an object of the desired type, pick it up, find the correct location to place it, and put it down there." to answer the question: what is the most reasonable action in the choices for the task description "put some laptop on desk"?
4. Decide and write the answer using the template: The answer is: (i): <selected_action>, where i is the real number. If there is no desired object in the image, search every place based on **Initial Observation** to find the object. And if no one is exactly correct, choose a similar answer.

**Initial Observation**
You are in the middle of a room. Looking quickly around you, you can see bed (1), garbagecan (1), desk (1), sidetable (1), drawer (1-5), laundryhamper (1)

**Answer Choices**
(1): go to bed 1
(2): go to garbagecan 1
(3): go to desk 1
(4): go to sidetable 1
(5): go to drawer 1
(6): go to drawer 2
(7): go to laundryhamper 1
(8): go to drawer 3
(9): go to drawer 5
(10): close drawer 4
(11): take alarmclock 1 from drawer 4
(12): take laundryhamperlid 1 from drawer 4
(13): take alarmclock 2 from drawer 4
(14): take cellphone 1 from drawer 4
(15): take creditcard 1 from drawer 4
(16): take pen 1 from drawer 4
(17): take pencil 1 from drawer 4
(18): take pencil 2 from drawer 4
(19): take keychain 1 from drawer 4
(20): use desklamp 1
(21): examine drawer 4

**Answer**
Let's think step by step by following the instructions.
----------------------------------------

----------------------------------------

Original Response:
Firstly, we need to identify all visible household objects related to the task "put some laptop on desk." In the image, we can see the following objects on the desk: desklamp 1, alarmclock 1, pencil 1, pencil 2, creditcard 1, and cellphone 1. Also, we see drawer 4 is open, but there is no laptop visible on the desk or in the open drawer.

Given the task hint, the agent must find a laptop, pick it up, and place it on the desk. Since we do not see a laptop in the image, we must search every place based on the **Initial Observation** to find the object.

Considering the **Initial Observation** and the absence of a laptop in the image, the most reasonable action from the choices provided would be to search the drawers, as laptops are commonly stored in drawers or similar storage units when not in use.

Among the answer choices, the only actions related to searching for an object are those involving going to a drawer or examining a drawer. Since drawer 4 is already open and does not contain a laptop, the next reasonable action would be to search another drawer.

The answer is: (8): go to drawer 3. If the laptop is not there, the agent should continue searching the remaining drawers.

----------------------------------------

----------------------------------------

>>> Refine Original VLM Response and Get Pure Action: go to drawer 3

----------------------------------------

-----------------------------------------------------------------

Running time: 13.52828311920166 seconds

Total Money: 3.372319999999998

-----------------------------------------------------------------

-----------------------------------------------------------------

Text Observation:You arrive at loc 7. The drawer 3 is closed. 

--------------------------------------------------------------------------------------------------------------------------task: 8---------------------------------------------------------
--------------------------------------------------------------------------------------------------------------------------------------------------------------------
--------------------------------------------------------------------------------------------------------------------------------------------------------------------
Step:--------------------------------------------------------------------------7-------------------------------------------------------------------------------
----------------------------------------
VLM Prompt:
Image1:
<image>
Image2:
<image>
**Instruction**
1. Analyze the provided image to identify all visible household objects, focusing on those relevant to the task description "put some laptop on desk."
2. Use the analysis of the image and the task hint "The agent must find an object of the desired type, pick it up, find the correct location to place it, and put it down there." to answer the question: what is the most reasonable action in the choices for the task description "put some laptop on desk"?
4. Decide and write the answer using the template: The answer is: (i): <selected_action>, where i is the real number. If there is no desired object in the image, search every place based on **Initial Observation** to find the object. And if no one is exactly correct, choose a similar answer.

**Initial Observation**
You are in the middle of a room. Looking quickly around you, you can see bed (1), garbagecan (1), desk (1), sidetable (1), drawer (1-5), laundryhamper (1)

**Answer Choices**
(1): go to bed 1
(2): go to garbagecan 1
(3): go to desk 1
(4): go to sidetable 1
(5): go to drawer 1
(6): go to drawer 2
(7): go to laundryhamper 1
(8): go to drawer 4
(9): go to drawer 5
(10): open drawer 3
(11): close drawer 3
(12): examine drawer 3

**Answer**
Let's think step by step by following the instructions.
----------------------------------------

----------------------------------------

Original Response:
The task is to "put some laptop on desk." Analyzing the image, there is no laptop visible on the desk or in the immediate surroundings. Based on the initial observation, there are several places to search for a laptop, such as the bed, garbagecan, sidetable, drawers, and laundry hamper.

However, the most likely place to find a laptop would be inside a drawer. Since the drawers are labeled and visible, it makes sense to search there first. Drawer 3 is partially open, which may indicate that something (potentially a laptop) is inside it or has been recently accessed.

Given the options and the task at hand, the most reasonable action would be to further investigate drawer 3 to see if the laptop is inside. Therefore, the answer is: (12): examine drawer 3. If the laptop is found there, it can then be placed on the desk to complete the task. If not, the search would continue in the other drawers or locations.

----------------------------------------

----------------------------------------

>>> Refine Original VLM Response and Get Pure Action: No action

----------------------------------------

-----------------------------------------------------------------

Running time: 19.058982133865356 seconds

Total Money: 3.397209999999998

-----------------------------------------------------------------

-----------------------------------------------------------------

Text Observation:Nothing happens.

--------------------------------------------------------------------------------------------------------------------------task: 8---------------------------------------------------------
--------------------------------------------------------------------------------------------------------------------------------------------------------------------
--------------------------------------------------------------------------------------------------------------------------------------------------------------------
Step:--------------------------------------------------------------------------8-------------------------------------------------------------------------------
----------------------------------------
VLM Prompt:
Image1:
<image>
Image2:
<image>
**Instruction**
1. Analyze the provided image to identify all visible household objects, focusing on those relevant to the task description "put some laptop on desk."
2. Use the analysis of the image and the task hint "The agent must find an object of the desired type, pick it up, find the correct location to place it, and put it down there." to answer the question: what is the most reasonable action in the choices for the task description "put some laptop on desk"?
4. Decide and write the answer using the template: The answer is: (i): <selected_action>, where i is the real number. If there is no desired object in the image, search every place based on **Initial Observation** to find the object. And if no one is exactly correct, choose a similar answer.

**Initial Observation**
You are in the middle of a room. Looking quickly around you, you can see bed (1), garbagecan (1), desk (1), sidetable (1), drawer (1-5), laundryhamper (1)

**Answer Choices**
(1): go to bed 1
(2): go to garbagecan 1
(3): go to desk 1
(4): go to sidetable 1
(5): go to drawer 1
(6): go to drawer 2
(7): go to laundryhamper 1
(8): go to drawer 4
(9): go to drawer 5
(10): open drawer 3
(11): close drawer 3
(12): examine drawer 3

**Answer**
Let's think step by step by following the instructions.
----------------------------------------

----------------------------------------

Original Response:
Firstly, we need to identify all visible household objects relevant to the task description "put some laptop on desk." In the image, we can see a desk with various items on it, such as a lamp, pencils, and an alarm clock, but no laptop is visible on the desk or in the immediate vicinity. 

Based on the Initial Observation, we know there is a bed, garbage can, desk, side table, drawers, and a laundry hamper in the room. Since the task is to put a laptop on the desk and no laptop is visible, we must search for it. The most likely places to find a laptop would be in the drawers. 

Therefore, the most reasonable action from the provided choices would be to search the drawers for a laptop. Since we cannot see inside the drawers from the image, we should start by examining or opening the drawers. 

The answer is: (10): open drawer 3.

----------------------------------------

----------------------------------------

>>> Refine Original VLM Response and Get Pure Action: open drawer 3

----------------------------------------

-----------------------------------------------------------------

Running time: 14.199059009552002 seconds

Total Money: 3.421769999999998

-----------------------------------------------------------------

-----------------------------------------------------------------

Text Observation:You open the drawer 3. The drawer 3 is open. In it, you see a desklamp 1, a alarmclock 1, a laundryhamperlid 1, a alarmclock 2, a cellphone 1, a creditcard 1, a pen 1, a pencil 1, a pencil 2, and a keychain 1.

--------------------------------------------------------------------------------------------------------------------------task: 8---------------------------------------------------------
--------------------------------------------------------------------------------------------------------------------------------------------------------------------
--------------------------------------------------------------------------------------------------------------------------------------------------------------------
Step:--------------------------------------------------------------------------9-------------------------------------------------------------------------------
----------------------------------------
VLM Prompt:
Image1:
<image>
Image2:
<image>
**Instruction**
1. Analyze the provided image to identify all visible household objects, focusing on those relevant to the task description "put some laptop on desk."
2. Use the analysis of the image and the task hint "The agent must find an object of the desired type, pick it up, find the correct location to place it, and put it down there." to answer the question: what is the most reasonable action in the choices for the task description "put some laptop on desk"?
4. Decide and write the answer using the template: The answer is: (i): <selected_action>, where i is the real number. If there is no desired object in the image, search every place based on **Initial Observation** to find the object. And if no one is exactly correct, choose a similar answer.

**Initial Observation**
You are in the middle of a room. Looking quickly around you, you can see bed (1), garbagecan (1), desk (1), sidetable (1), drawer (1-5), laundryhamper (1)

**Answer Choices**
(1): go to bed 1
(2): go to garbagecan 1
(3): go to desk 1
(4): go to sidetable 1
(5): go to drawer 1
(6): go to drawer 2
(7): go to laundryhamper 1
(8): go to drawer 4
(9): go to drawer 5
(10): close drawer 3
(11): take alarmclock 1 from drawer 3
(12): take laundryhamperlid 1 from drawer 3
(13): take alarmclock 2 from drawer 3
(14): take cellphone 1 from drawer 3
(15): take creditcard 1 from drawer 3
(16): take pen 1 from drawer 3
(17): take pencil 1 from drawer 3
(18): take pencil 2 from drawer 3
(19): take keychain 1 from drawer 3
(20): use desklamp 1
(21): examine drawer 3

**Answer**
Let's think step by step by following the instructions.
----------------------------------------

----------------------------------------

Original Response:
Firstly, the task is to "put some laptop on desk." In the provided images, there is no laptop visible on the desk or in the immediate surroundings. Based on the Initial Observation, there is no mention of a laptop being present on the bed, garbagecan, sidetable, or laundry hamper. However, laptops are often stored in drawers for safekeeping.

The most reasonable action to accomplish the task would be to search the drawers for a laptop. Starting from drawer 1 and moving onwards makes logical sense.

The answer is: (5): go to drawer 1. If the laptop is not found in drawer 1, the next reasonable actions would be to check the subsequent drawers.

----------------------------------------

----------------------------------------

>>> Refine Original VLM Response and Get Pure Action: go to drawer 1

----------------------------------------

-----------------------------------------------------------------

Running time: 8.76084017753601 seconds

Total Money: 3.4460599999999983

-----------------------------------------------------------------

-----------------------------------------------------------------

Text Observation:You arrive at loc 4. The drawer 1 is closed. 

--------------------------------------------------------------------------------------------------------------------------task: 8---------------------------------------------------------
--------------------------------------------------------------------------------------------------------------------------------------------------------------------
--------------------------------------------------------------------------------------------------------------------------------------------------------------------
Step:--------------------------------------------------------------------------10-------------------------------------------------------------------------------
----------------------------------------
VLM Prompt:
Image1:
<image>
Image2:
<image>
**Instruction**
1. Analyze the provided image to identify all visible household objects, focusing on those relevant to the task description "put some laptop on desk."
2. Use the analysis of the image and the task hint "The agent must find an object of the desired type, pick it up, find the correct location to place it, and put it down there." to answer the question: what is the most reasonable action in the choices for the task description "put some laptop on desk"?
4. Decide and write the answer using the template: The answer is: (i): <selected_action>, where i is the real number. If there is no desired object in the image, search every place based on **Initial Observation** to find the object. And if no one is exactly correct, choose a similar answer.

**Initial Observation**
You are in the middle of a room. Looking quickly around you, you can see bed (1), garbagecan (1), desk (1), sidetable (1), drawer (1-5), laundryhamper (1)

**Answer Choices**
(1): go to bed 1
(2): go to garbagecan 1
(3): go to desk 1
(4): go to sidetable 1
(5): go to drawer 2
(6): go to laundryhamper 1
(7): go to drawer 3
(8): go to drawer 4
(9): go to drawer 5
(10): open drawer 1
(11): close drawer 1
(12): examine drawer 1

**Answer**
Let's think step by step by following the instructions.
----------------------------------------

----------------------------------------

Original Response:
Firstly, the task is to "put some laptop on desk." From the initial observation, we know there is a desk (desk 1) in the room. Now, looking at Image 1, we can see desk 1, which currently does not have a laptop on it but has other items like pencils, a desk lamp, and an alarm clock. There is no laptop visible in either Image 1 or Image 2.

Since no laptop is visible on the desk or any other surfaces in the provided images, we must search every place based on the Initial Observation to find the laptop. The places we can search are the drawers (drawer 1-5), as laptops are typically stored in drawers when not in use.

Considering the most logical and efficient sequence of actions to find a laptop, we would start by opening the closest drawer to search inside. Drawer 1 is not visible in the images, but since it is mentioned in the initial observation and answer choices, we can assume it is present in the room. Therefore, the most reasonable action to take next, based on the task description and initial observations, would be to open drawer 1 to search for a laptop.

The answer is: (10): open drawer 1.

----------------------------------------

----------------------------------------

>>> Refine Original VLM Response and Get Pure Action: open drawer 1

----------------------------------------

-----------------------------------------------------------------

Running time: 15.952131032943726 seconds

Total Money: 3.4724799999999982

-----------------------------------------------------------------

-----------------------------------------------------------------

Text Observation:You open the drawer 1. The drawer 1 is open. In it, you see a book 1, a cd 1, and a pen 2.

--------------------------------------------------------------------------------------------------------------------------task: 8---------------------------------------------------------
--------------------------------------------------------------------------------------------------------------------------------------------------------------------
--------------------------------------------------------------------------------------------------------------------------------------------------------------------
Step:--------------------------------------------------------------------------11-------------------------------------------------------------------------------
----------------------------------------
VLM Prompt:
Image1:
<image>
Image2:
<image>
**Instruction**
1. Analyze the provided image to identify all visible household objects, focusing on those relevant to the task description "put some laptop on desk."
2. Use the analysis of the image and the task hint "The agent must find an object of the desired type, pick it up, find the correct location to place it, and put it down there." to answer the question: what is the most reasonable action in the choices for the task description "put some laptop on desk"?
4. Decide and write the answer using the template: The answer is: (i): <selected_action>, where i is the real number. If there is no desired object in the image, search every place based on **Initial Observation** to find the object. And if no one is exactly correct, choose a similar answer.

**Initial Observation**
You are in the middle of a room. Looking quickly around you, you can see bed (1), garbagecan (1), desk (1), sidetable (1), drawer (1-5), laundryhamper (1)

**Answer Choices**
(1): go to bed 1
(2): go to garbagecan 1
(3): go to desk 1
(4): go to sidetable 1
(5): go to drawer 2
(6): go to laundryhamper 1
(7): go to drawer 3
(8): go to drawer 4
(9): go to drawer 5
(10): close drawer 1
(11): take book 1 from drawer 1
(12): take cd 1 from drawer 1
(13): take pen 2 from drawer 1
(14): examine drawer 1

**Answer**
Let's think step by step by following the instructions.
----------------------------------------

----------------------------------------

Original Response:
First, we analyze the image and see if there is a laptop visible. No laptop is seen on the sidetable or visible in the reflection of the mirror. Now, considering the task description "put some laptop on desk," we need to find a laptop first. 

According to the initial observation, there are several drawers and a desk in the room. Since laptops are usually kept on desks or sometimes inside drawers when not in use, the most reasonable action would be to search the desk or the drawers. 

The answer is: (3): go to desk 1, as this is the most logical place to start looking for a laptop in a household setting. If the laptop is not on the desk, the next reasonable actions would be to search the drawers.

----------------------------------------

----------------------------------------

>>> Refine Original VLM Response and Get Pure Action: go to desk 1, as this is the most logical place to start looking for a laptop in a household setting

----------------------------------------

-----------------------------------------------------------------

Running time: 10.605842351913452 seconds

Total Money: 3.496239999999998

-----------------------------------------------------------------

-----------------------------------------------------------------

Text Observation:Nothing happens.

--------------------------------------------------------------------------------------------------------------------------task: 8---------------------------------------------------------
--------------------------------------------------------------------------------------------------------------------------------------------------------------------
--------------------------------------------------------------------------------------------------------------------------------------------------------------------
Step:--------------------------------------------------------------------------12-------------------------------------------------------------------------------
----------------------------------------
VLM Prompt:
Image1:
<image>
Image2:
<image>
**Instruction**
1. Analyze the provided image to identify all visible household objects, focusing on those relevant to the task description "put some laptop on desk."
2. Use the analysis of the image and the task hint "The agent must find an object of the desired type, pick it up, find the correct location to place it, and put it down there." to answer the question: what is the most reasonable action in the choices for the task description "put some laptop on desk"?
4. Decide and write the answer using the template: The answer is: (i): <selected_action>, where i is the real number. If there is no desired object in the image, search every place based on **Initial Observation** to find the object. And if no one is exactly correct, choose a similar answer.

**Initial Observation**
You are in the middle of a room. Looking quickly around you, you can see bed (1), garbagecan (1), desk (1), sidetable (1), drawer (1-5), laundryhamper (1)

**Answer Choices**
(1): go to bed 1
(2): go to garbagecan 1
(3): go to desk 1
(4): go to sidetable 1
(5): go to drawer 2
(6): go to laundryhamper 1
(7): go to drawer 3
(8): go to drawer 4
(9): go to drawer 5
(10): close drawer 1
(11): take book 1 from drawer 1
(12): take cd 1 from drawer 1
(13): take pen 2 from drawer 1
(14): examine drawer 1

**Answer**
Let's think step by step by following the instructions.
----------------------------------------

----------------------------------------

Original Response:
The task is to "put some laptop on desk," so we need to find a laptop first. Based on the initial observation, there is no mention of a laptop being on the bed, garbage can, sidetable, or laundry hamper. The only places that might contain a laptop are the drawers, as they are typical storage spaces for small items like a laptop.

Given the answer choices, the best course of action would be to search the drawers. Since choice (10) suggests closing drawer 1, it implies that drawer 1 is already open. Therefore, we can eliminate choices (10) to (14) as they are related to drawer 1 which does not contain the laptop.

Since we need to search for the laptop, the most reasonable actions would be to go to the other drawers that have not been mentioned as open. Therefore, the agent should check the remaining drawers.

The answer is: (5): go to drawer 2. If the laptop is not there, the agent should continue to search the other drawers, following the initial observation order.

----------------------------------------

----------------------------------------

>>> Refine Original VLM Response and Get Pure Action: go to drawer 2

----------------------------------------

-----------------------------------------------------------------

Running time: 10.60854697227478 seconds

Total Money: 3.521859999999998

-----------------------------------------------------------------

-----------------------------------------------------------------

Text Observation:You arrive at loc 5. The drawer 2 is closed. 

--------------------------------------------------------------------------------------------------------------------------task: 8---------------------------------------------------------
--------------------------------------------------------------------------------------------------------------------------------------------------------------------
--------------------------------------------------------------------------------------------------------------------------------------------------------------------
Step:--------------------------------------------------------------------------13-------------------------------------------------------------------------------
----------------------------------------
VLM Prompt:
Image1:
<image>
Image2:
<image>
**Instruction**
1. Analyze the provided image to identify all visible household objects, focusing on those relevant to the task description "put some laptop on desk."
2. Use the analysis of the image and the task hint "The agent must find an object of the desired type, pick it up, find the correct location to place it, and put it down there." to answer the question: what is the most reasonable action in the choices for the task description "put some laptop on desk"?
4. Decide and write the answer using the template: The answer is: (i): <selected_action>, where i is the real number. If there is no desired object in the image, search every place based on **Initial Observation** to find the object. And if no one is exactly correct, choose a similar answer.

**Initial Observation**
You are in the middle of a room. Looking quickly around you, you can see bed (1), garbagecan (1), desk (1), sidetable (1), drawer (1-5), laundryhamper (1)

**Answer Choices**
(1): go to bed 1
(2): go to garbagecan 1
(3): go to desk 1
(4): go to sidetable 1
(5): go to drawer 1
(6): go to laundryhamper 1
(7): go to drawer 3
(8): go to drawer 4
(9): go to drawer 5
(10): open drawer 2
(11): close drawer 2
(12): examine drawer 2

**Answer**
Let's think step by step by following the instructions.
----------------------------------------

----------------------------------------

Original Response:
The task description is "put some laptop on desk," which means we need to find a laptop and place it on the desk. From the initial observation, we know there is a desk (1) in the room. Analyzing the provided images, we do not see a laptop on the sidetable or anywhere immediately visible in the room. 

Since the laptop is not in plain sight, we must search the places where it could be, such as the drawers. The image shows that drawer 2 is slightly open, which could indicate that something is inside it or has been recently used. 

Based on the task hint, the most reasonable next action would be to further examine drawer 2 to see if the laptop is inside. Therefore, the correct choice from the given options would be to examine drawer 2.

The answer is: (12): examine drawer 2.

----------------------------------------

----------------------------------------

>>> Refine Original VLM Response and Get Pure Action: examine drawer 2

----------------------------------------

-----------------------------------------------------------------

Running time: 10.3511643409729 seconds

Total Money: 3.545999999999998

-----------------------------------------------------------------

-----------------------------------------------------------------

Text Observation:On the drawer 2, you see a book 1, a cd 1, and a pen 2.

--------------------------------------------------------------------------------------------------------------------------task: 8---------------------------------------------------------
--------------------------------------------------------------------------------------------------------------------------------------------------------------------
--------------------------------------------------------------------------------------------------------------------------------------------------------------------
Step:--------------------------------------------------------------------------14-------------------------------------------------------------------------------
----------------------------------------
VLM Prompt:
Image1:
<image>
Image2:
<image>
**Instruction**
1. Analyze the provided image to identify all visible household objects, focusing on those relevant to the task description "put some laptop on desk."
2. Use the analysis of the image and the task hint "The agent must find an object of the desired type, pick it up, find the correct location to place it, and put it down there." to answer the question: what is the most reasonable action in the choices for the task description "put some laptop on desk"?
4. Decide and write the answer using the template: The answer is: (i): <selected_action>, where i is the real number. If there is no desired object in the image, search every place based on **Initial Observation** to find the object. And if no one is exactly correct, choose a similar answer.

**Initial Observation**
You are in the middle of a room. Looking quickly around you, you can see bed (1), garbagecan (1), desk (1), sidetable (1), drawer (1-5), laundryhamper (1)

**Answer Choices**
(1): go to bed 1
(2): go to garbagecan 1
(3): go to desk 1
(4): go to sidetable 1
(5): go to drawer 1
(6): go to laundryhamper 1
(7): go to drawer 3
(8): go to drawer 4
(9): go to drawer 5
(10): open drawer 2
(11): close drawer 2
(12): take book 1 from drawer 2
(13): take cd 1 from drawer 2
(14): take pen 2 from drawer 2

**Answer**
Let's think step by step by following the instructions.
----------------------------------------

----------------------------------------

Original Response:
The task is to "put some laptop on desk," so we need to find a laptop first. Analyzing the image, we can see a sidetable with drawers and a book on it but no laptop. Based on the initial observation, other places to search for the laptop are bed (1), garbagecan (1), desk (1), sidetable (1), drawer (1-5), and laundryhamper (1). However, the image does not show all these places, so we cannot confirm the presence of a laptop in the image.

The most reasonable action to complete the task would be to search every place where a laptop might be found. Since we can't see the laptop on the sidetable, desk, or in the visible drawer 2, we should check the other drawers. The choices given allow us to open drawers 1, 3, 4, and 5. Since the image does not show the inside of these drawers, we should choose an action that allows us to search inside them for the laptop.

The answer is: (7): go to drawer 3.

----------------------------------------

----------------------------------------

>>> Refine Original VLM Response and Get Pure Action: go to drawer 3

----------------------------------------

-----------------------------------------------------------------

Running time: 10.403536319732666 seconds

Total Money: 3.5718599999999983

-----------------------------------------------------------------

-----------------------------------------------------------------

Text Observation:You arrive at loc 7. The drawer 3 is open. On the drawer 3, you see a desklamp 1, a alarmclock 1, a laundryhamperlid 1, a alarmclock 2, a cellphone 1, a creditcard 1, a pen 1, a pencil 1, a pencil 2, and a keychain 1.

--------------------------------------------------------------------------------------------------------------------------task: 8---------------------------------------------------------
--------------------------------------------------------------------------------------------------------------------------------------------------------------------
--------------------------------------------------------------------------------------------------------------------------------------------------------------------
Step:--------------------------------------------------------------------------15-------------------------------------------------------------------------------
----------------------------------------
VLM Prompt:
Image1:
<image>
Image2:
<image>
**Instruction**
1. Analyze the provided image to identify all visible household objects, focusing on those relevant to the task description "put some laptop on desk."
2. Use the analysis of the image and the task hint "The agent must find an object of the desired type, pick it up, find the correct location to place it, and put it down there." to answer the question: what is the most reasonable action in the choices for the task description "put some laptop on desk"?
4. Decide and write the answer using the template: The answer is: (i): <selected_action>, where i is the real number. If there is no desired object in the image, search every place based on **Initial Observation** to find the object. And if no one is exactly correct, choose a similar answer.

**Initial Observation**
You are in the middle of a room. Looking quickly around you, you can see bed (1), garbagecan (1), desk (1), sidetable (1), drawer (1-5), laundryhamper (1)

**Answer Choices**
(1): go to bed 1
(2): go to garbagecan 1
(3): go to desk 1
(4): go to sidetable 1
(5): go to drawer 1
(6): go to laundryhamper 1
(7): go to drawer 4
(8): go to drawer 5
(9): open drawer 3
(10): close drawer 3
(11): take alarmclock 1 from drawer 3
(12): take laundryhamperlid 1 from drawer 3
(13): take alarmclock 2 from drawer 3
(14): take cellphone 1 from drawer 3
(15): take creditcard 1 from drawer 3
(16): take pen 1 from drawer 3
(17): take pencil 1 from drawer 3
(18): take pencil 2 from drawer 3
(19): take keychain 1 from drawer 3
(20): use desklamp 1
(21): examine drawer 3

**Answer**
Let's think step by step by following the instructions.
----------------------------------------

----------------------------------------

Original Response:
The task is to "put some laptop on desk." Based on the initial observation, there is a desk (1) present in the room. The images provided do not show a laptop, so we must search for one. The most logical place to search for a laptop would be in the drawers of the desk, as laptops are commonly stored there when not in use.

The answer is: (9): open drawer 3.

----------------------------------------

----------------------------------------

>>> Refine Original VLM Response and Get Pure Action: open drawer 3

----------------------------------------

-----------------------------------------------------------------

Running time: 5.619383096694946 seconds

Total Money: 3.594489999999998

-----------------------------------------------------------------

-----------------------------------------------------------------

Text Observation:Nothing happens.

--------------------------------------------------------------------------------------------------------------------------task: 8---------------------------------------------------------
--------------------------------------------------------------------------------------------------------------------------------------------------------------------
--------------------------------------------------------------------------------------------------------------------------------------------------------------------
Step:--------------------------------------------------------------------------16-------------------------------------------------------------------------------
----------------------------------------
VLM Prompt:
Image1:
<image>
Image2:
<image>
**Instruction**
1. Analyze the provided image to identify all visible household objects, focusing on those relevant to the task description "put some laptop on desk."
2. Use the analysis of the image and the task hint "The agent must find an object of the desired type, pick it up, find the correct location to place it, and put it down there." to answer the question: what is the most reasonable action in the choices for the task description "put some laptop on desk"?
4. Decide and write the answer using the template: The answer is: (i): <selected_action>, where i is the real number. If there is no desired object in the image, search every place based on **Initial Observation** to find the object. And if no one is exactly correct, choose a similar answer.

**Initial Observation**
You are in the middle of a room. Looking quickly around you, you can see bed (1), garbagecan (1), desk (1), sidetable (1), drawer (1-5), laundryhamper (1)

**Answer Choices**
(1): go to bed 1
(2): go to garbagecan 1
(3): go to desk 1
(4): go to sidetable 1
(5): go to drawer 1
(6): go to drawer 2
(7): go to laundryhamper 1
(8): go to drawer 4
(9): go to drawer 5
(10): close drawer 3
(11): take alarmclock 1 from drawer 3
(12): take laundryhamperlid 1 from drawer 3
(13): take alarmclock 2 from drawer 3
(14): take cellphone 1 from drawer 3
(15): take creditcard 1 from drawer 3
(16): take pen 1 from drawer 3
(17): take pencil 1 from drawer 3
(18): take pencil 2 from drawer 3
(19): take keychain 1 from drawer 3
(20): use desklamp 1
(21): examine drawer 3

**Answer**
Let's think step by step by following the instructions.
----------------------------------------

----------------------------------------

Original Response:
First, we need to identify all visible household objects relevant to the task description "put some laptop on desk." In the image, there is no laptop visible on the desk or in the immediate surroundings.

Based on the task hint, the agent must find an object of the desired type, pick it up, find the correct location to place it, and put it down there. Since we are looking for a laptop to put on the desk and it is not visible in the image, we must search every place based on the initial observation to find the object.

The initial observation lists several locations where the laptop could be: bed, garbagecan, desk, sidetable, drawers, and laundryhamper. Since the desk is already in view and does not have the laptop, we can exclude that. The bed, garbagecan, sidetable, and laundryhamper are less likely to have a laptop, so the drawers are the most probable location.

The answer is: (5): go to drawer 1, as it is the first drawer and a logical place to start searching for the laptop. If the laptop is not there, the agent can proceed to check the other drawers.

----------------------------------------

----------------------------------------

>>> Refine Original VLM Response and Get Pure Action: go to drawer 1, as it is the first drawer and a logical place to start searching for the laptop

----------------------------------------

-----------------------------------------------------------------

Running time: 13.570975542068481 seconds

Total Money: 3.6216299999999984

-----------------------------------------------------------------

-----------------------------------------------------------------

Text Observation:Nothing happens.

--------------------------------------------------------------------------------------------------------------------------task: 8---------------------------------------------------------
--------------------------------------------------------------------------------------------------------------------------------------------------------------------
--------------------------------------------------------------------------------------------------------------------------------------------------------------------
Step:--------------------------------------------------------------------------17-------------------------------------------------------------------------------
----------------------------------------
VLM Prompt:
Image1:
<image>
Image2:
<image>
**Instruction**
1. Analyze the provided image to identify all visible household objects, focusing on those relevant to the task description "put some laptop on desk."
2. Use the analysis of the image and the task hint "The agent must find an object of the desired type, pick it up, find the correct location to place it, and put it down there." to answer the question: what is the most reasonable action in the choices for the task description "put some laptop on desk"?
4. Decide and write the answer using the template: The answer is: (i): <selected_action>, where i is the real number. If there is no desired object in the image, search every place based on **Initial Observation** to find the object. And if no one is exactly correct, choose a similar answer.

**Initial Observation**
You are in the middle of a room. Looking quickly around you, you can see bed (1), garbagecan (1), desk (1), sidetable (1), drawer (1-5), laundryhamper (1)

**Answer Choices**
(1): go to bed 1
(2): go to garbagecan 1
(3): go to desk 1
(4): go to sidetable 1
(5): go to drawer 1
(6): go to drawer 2
(7): go to laundryhamper 1
(8): go to drawer 4
(9): go to drawer 5
(10): close drawer 3
(11): take alarmclock 1 from drawer 3
(12): take laundryhamperlid 1 from drawer 3
(13): take alarmclock 2 from drawer 3
(14): take cellphone 1 from drawer 3
(15): take creditcard 1 from drawer 3
(16): take pen 1 from drawer 3
(17): take pencil 1 from drawer 3
(18): take pencil 2 from drawer 3
(19): take keychain 1 from drawer 3
(20): use desklamp 1
(21): examine drawer 3

**Answer**
Let's think step by step by following the instructions.
----------------------------------------

----------------------------------------

Original Response:
The task is to "put some laptop on desk." From the initial observation, a laptop is not immediately visible on the bed, garbage can, desk, side table, or laundry hamper. Therefore, the agent should search for the laptop in places where it is likely to be stored when not in use, which in a typical household could be inside drawers.

The answer is: (5): go to drawer 1. If the laptop is not found there, the agent should continue to search the other drawers in numerical order until the laptop is found. If no laptop is found in any drawers, then none of the provided actions are correct for the task description, and the agent may need to search other locations not listed in the options.

----------------------------------------

----------------------------------------

>>> Refine Original VLM Response and Get Pure Action: go to drawer 1

----------------------------------------

-----------------------------------------------------------------

Running time: 25.133563995361328 seconds

Total Money: 3.6461299999999985

-----------------------------------------------------------------

-----------------------------------------------------------------

Text Observation:You arrive at loc 4. The drawer 1 is open. On the drawer 1, you see a book 1, a cd 1, and a pen 2.

--------------------------------------------------------------------------------------------------------------------------task: 8---------------------------------------------------------
--------------------------------------------------------------------------------------------------------------------------------------------------------------------
--------------------------------------------------------------------------------------------------------------------------------------------------------------------
Step:--------------------------------------------------------------------------18-------------------------------------------------------------------------------
----------------------------------------
VLM Prompt:
Image1:
<image>
Image2:
<image>
**Instruction**
1. Analyze the provided image to identify all visible household objects, focusing on those relevant to the task description "put some laptop on desk."
2. Use the analysis of the image and the task hint "The agent must find an object of the desired type, pick it up, find the correct location to place it, and put it down there." to answer the question: what is the most reasonable action in the choices for the task description "put some laptop on desk"?
4. Decide and write the answer using the template: The answer is: (i): <selected_action>, where i is the real number. If there is no desired object in the image, search every place based on **Initial Observation** to find the object. And if no one is exactly correct, choose a similar answer.

**Initial Observation**
You are in the middle of a room. Looking quickly around you, you can see bed (1), garbagecan (1), desk (1), sidetable (1), drawer (1-5), laundryhamper (1)

**Answer Choices**
(1): go to bed 1
(2): go to garbagecan 1
(3): go to desk 1
(4): go to sidetable 1
(5): go to drawer 2
(6): go to laundryhamper 1
(7): go to drawer 3
(8): go to drawer 4
(9): go to drawer 5
(10): open drawer 1
(11): close drawer 1
(12): take book 1 from drawer 1
(13): take cd 1 from drawer 1
(14): take pen 2 from drawer 1
(15): examine drawer 1

**Answer**
Let's think step by step by following the instructions.
----------------------------------------

----------------------------------------

Original Response:
First, we need to find a laptop to put on the desk. Analyzing the images provided, we do not see a laptop on the desk, sidetable, or any visible surface. Therefore, we need to search for the laptop.

According to the "Initial Observation," there are several drawers and a laundry hamper that we have not looked inside yet. Laptops are typically stored in drawers or on desks, not in laundry hampers or garbage cans. Therefore, we can eliminate the garbage can, laundry hamper, and bed as potential locations for the laptop.

The most reasonable action would be to start searching the drawers, beginning with the first one. We choose to open drawer 1 to search for the laptop.

The answer is: (10): open drawer 1.

----------------------------------------

----------------------------------------

>>> Refine Original VLM Response and Get Pure Action: open drawer 1

----------------------------------------

-----------------------------------------------------------------

Running time: 6.91902232170105 seconds

Total Money: 3.6701199999999985

-----------------------------------------------------------------

-----------------------------------------------------------------

Text Observation:Nothing happens.

--------------------------------------------------------------------------------------------------------------------------task: 8---------------------------------------------------------
--------------------------------------------------------------------------------------------------------------------------------------------------------------------
--------------------------------------------------------------------------------------------------------------------------------------------------------------------
Step:--------------------------------------------------------------------------19-------------------------------------------------------------------------------
----------------------------------------
VLM Prompt:
Image1:
<image>
Image2:
<image>
**Instruction**
1. Analyze the provided image to identify all visible household objects, focusing on those relevant to the task description "put some laptop on desk."
2. Use the analysis of the image and the task hint "The agent must find an object of the desired type, pick it up, find the correct location to place it, and put it down there." to answer the question: what is the most reasonable action in the choices for the task description "put some laptop on desk"?
4. Decide and write the answer using the template: The answer is: (i): <selected_action>, where i is the real number. If there is no desired object in the image, search every place based on **Initial Observation** to find the object. And if no one is exactly correct, choose a similar answer.

**Initial Observation**
You are in the middle of a room. Looking quickly around you, you can see bed (1), garbagecan (1), desk (1), sidetable (1), drawer (1-5), laundryhamper (1)

**Answer Choices**
(1): go to bed 1
(2): go to garbagecan 1
(3): go to desk 1
(4): go to sidetable 1
(5): go to drawer 2
(6): go to laundryhamper 1
(7): go to drawer 3
(8): go to drawer 4
(9): go to drawer 5
(10): close drawer 1
(11): take book 1 from drawer 1
(12): take cd 1 from drawer 1
(13): take pen 2 from drawer 1
(14): examine drawer 1

**Answer**
Let's think step by step by following the instructions.
----------------------------------------

----------------------------------------

Original Response:
The task description is "put some laptop on desk," which means we need to find a laptop and place it on the desk. The initial observation mentions a desk (1), so we know where we need to place the laptop once we find it. However, the image provided does not show a laptop on the sidetable or in the reflection in the mirror. Therefore, we must search every place based on the initial observation to find the laptop.

The most reasonable actions to take would be to go to places where a laptop could potentially be found, such as the desk or drawers, as they are common places to store laptops. Since going to the desk is one of the options and it is the place where we ultimately want to put the laptop, it would be reasonable to start there to see if the laptop is already on or around the desk.

The answer is: (3): go to desk 1.

----------------------------------------

----------------------------------------

>>> Refine Original VLM Response and Get Pure Action: go to desk 1

----------------------------------------

-----------------------------------------------------------------

Running time: 7.840446472167969 seconds

Total Money: 3.6947499999999986

-----------------------------------------------------------------

-----------------------------------------------------------------

Text Observation:You arrive at loc 2. On the desk 1, you see a alarmclock 1, and a pen 1.

-----------------------------------------------------------------