---------------------------------------------------------task: 23---------------------------------------------------------
--------------------------------------------------------------------------------------------------------------------------------------------------------------------
--------------------------------------------------------------------------------------------------------------------------------------------------------------------
Step:--------------------------------------------------------------------------0-------------------------------------------------------------------------------
----------------------------------------
VLM Prompt:
**Task**  
Please perform as an embodied AI agent. Our final objective is to put a hot mug in coffeemachine. Below is the plan for completing the task, the current observation, alongside historical data and admissible actions for the next step. Please determine the best action for the next step!

**Plan**
Below is a detailed step-by-step plan to complete the task.
1. Find a mug.
2. Pick up the mug.
3. Find a microwave.
4. Heat the mug with the microwave.
5. Find a coffee machine.
6. Place the heated mug in the coffee machine.

**Current Observation**
Displayed is an image capturing the current position of the agent.
<image>

**History Information**
Displayed are the previous observations with their corresponding actions.
No history.

**Admissible Actions**
(1): go to cabinet 1
(2): go to cabinet 2
(3): go to cabinet 3
(4): go to fridge 1
(5): go to countertop 1
(6): go to cabinet 4
(7): go to cabinet 5
(8): go to cabinet 6
(9): go to cabinet 7
(10): go to drawer 1
(11): go to drawer 2
(12): go to cabinet 8
(13): go to drawer 3
(14): go to cabinet 9
(15): go to cabinet 10
(16): go to drawer 4
(17): go to microwave 1
(18): go to cabinet 11
(19): go to toaster 1
(20): go to cabinet 12
(21): go to cabinet 13
(22): go to cabinet 14
(23): go to cabinet 15
(24): go to countertop 2
(25): go to coffeemachine 1
(26): go to garbagecan 1
(27): go to countertop 3
(28): go to countertop 4
(29): go to sink 1
(30): go to stoveburner 1
(31): go to stoveburner 2
(32): go to stoveburner 3
(33): go to sinkbasin 1

**Analysis Guideline**
1. Analyze the **History Information** and determine our current step in the plan and our current place. 
2. List all visible objects related to the task in the current observation.
3. Analyze the objects in the current observation based on the history and the requirements for the current step, and then determine if we can complete the step with the current observation.
4. Analyze and decide on the most appropriate action to take.
5. Summarize the analysis using the following format: "Analysis: [The summarization of the analysis], The Most Appropriate Action: (i which is the integer.): [Selected action]"

**Notes**
1. We must complete each step of the plan in order and cannot skip steps when the previous ones are not finished.
2. For "Go to" actions listed as "go to xxx [n]", interpret this as there are n distinct actions available: "go to xxx 1", "go to xxx 2", ..., "go to xxx n". Select one specific action from these options instead of using "go to xxx [n]".
3. If receptacles such as drawers, cabinets, and so forth are closed in the current observation, we may try to open them.
4. Pay attention to synonyms and ensure clarity in the terms used.
5. If there is no history available, we are at the first step and the current place is "Unknown".
6. The most appropriate action must be in the **Admissible Actions**, and we cannot generate a new action that is not in the **Admissible Actions**.

**Answer**
Please select the most suitable action by following the **Analysis Guideline**, keeping the above **Notes** in mind.
----------------------------------------

----------------------------------------

VLM Response:
Analysis: Since there is no history available, we are at the first step of the plan which is to find a mug. In the current observation, we can see the coffee machine and the countertop. There are no mugs visible in the observation. Therefore, we cannot complete the first step with the current observation. The best course of action is to search for a mug which is likely to be in a cabinet or a drawer.

The Most Appropriate Action: (1): go to cabinet 1

----------------------------------------

----------------------------------------

>>> Refine VLM Response and Get Pure Action: go to cabinet 1

----------------------------------------

-----------------------------------------------------------------

Running time: 8.236911296844482 seconds

Total Money: 11.270149999999997

-----------------------------------------------------------------

-----------------------------------------------------------------

Summarization Prompt:
**Context**
Analysis: Since there is no history available, we are at the first step of the plan which is to find a mug. In the current observation, we can see the coffee machine and the countertop. There are no mugs visible in the observation. Therefore, we cannot complete the first step with the current observation. The best course of action is to search for a mug which is likely to be in a cabinet or a drawer.

The Most Appropriate Action: (1): go to cabinet 1

**Summary Format**
1. Place: [Specify the current location]
2. Step Index in Plan: [Dispkay the current step number in the plan before taking the current action]
3. Objects: [List the objects relevant to the task]
4. Action: [Describe the most appropriate action without the "(x)" and keep the integer of the object]

Please analyze the **Context** and summarize the analysis using the **Summary Format**.

-----------------------------------------------------------------

-----------------------------------------------------------------

Summarization Response:
1. Place: Kitchen
2. Step Index in Plan: 1
3. Objects: Coffee machine, countertop, cabinet 1
4. Action: Go to cabinet 1

-----------------------------------------------------------------

-----------------------------------------------------------------

Text Observation:You arrive at loc 0. The cabinet 1 is closed. 

--------------------------------------------------------------------------------------------------------------------------task: 23---------------------------------------------------------
--------------------------------------------------------------------------------------------------------------------------------------------------------------------
--------------------------------------------------------------------------------------------------------------------------------------------------------------------
Step:--------------------------------------------------------------------------1-------------------------------------------------------------------------------
----------------------------------------
VLM Prompt:
**Task**  
Please perform as an embodied AI agent. Our final objective is to put a hot mug in coffeemachine. Below is the plan for completing the task, the current observation, alongside historical data and admissible actions for the next step. Please determine the best action for the next step!

**Plan**
Below is a detailed step-by-step plan to complete the task.
1. Find a mug.
2. Pick up the mug.
3. Find a microwave.
4. Heat the mug with the microwave.
5. Find a coffee machine.
6. Place the heated mug in the coffee machine.

**Current Observation**
Displayed is an image capturing the current position of the agent.
<image>

**History Information**
Displayed are the previous observations with their corresponding actions.
Current State 1:
1. Place: Kitchen
2. Step Index in Plan: 1
3. Objects: Coffee machine, countertop, cabinet 1
4. Action: Go to cabinet 1


**Admissible Actions**
(1): go to cabinet 2
(2): go to cabinet 3
(3): go to fridge 1
(4): go to countertop 1
(5): go to cabinet 4
(6): go to cabinet 5
(7): go to cabinet 6
(8): go to cabinet 7
(9): go to drawer 1
(10): go to drawer 2
(11): go to cabinet 8
(12): go to drawer 3
(13): go to cabinet 9
(14): go to cabinet 10
(15): go to drawer 4
(16): go to microwave 1
(17): go to cabinet 11
(18): go to toaster 1
(19): go to cabinet 12
(20): go to cabinet 13
(21): go to cabinet 14
(22): go to cabinet 15
(23): go to countertop 2
(24): go to coffeemachine 1
(25): go to garbagecan 1
(26): go to countertop 3
(27): go to countertop 4
(28): go to sink 1
(29): go to stoveburner 1
(30): go to stoveburner 2
(31): go to stoveburner 3
(32): go to sinkbasin 1
(33): open cabinet 1
(34): close cabinet 1

**Analysis Guideline**
1. Analyze the **History Information** and determine our current step in the plan and our current place. 
2. List all visible objects related to the task in the current observation.
3. Analyze the objects in the current observation based on the history and the requirements for the current step, and then determine if we can complete the step with the current observation.
4. Analyze and decide on the most appropriate action to take.
5. Summarize the analysis using the following format: "Analysis: [The summarization of the analysis], The Most Appropriate Action: (i which is the integer.): [Selected action]"

**Notes**
1. We must complete each step of the plan in order and cannot skip steps when the previous ones are not finished.
2. For "Go to" actions listed as "go to xxx [n]", interpret this as there are n distinct actions available: "go to xxx 1", "go to xxx 2", ..., "go to xxx n". Select one specific action from these options instead of using "go to xxx [n]".
3. If receptacles such as drawers, cabinets, and so forth are closed in the current observation, we may try to open them.
4. Pay attention to synonyms and ensure clarity in the terms used.
5. If there is no history available, we are at the first step and the current place is "Unknown".
6. The most appropriate action must be in the **Admissible Actions**, and we cannot generate a new action that is not in the **Admissible Actions**.

**Answer**
Please select the most suitable action by following the **Analysis Guideline**, keeping the above **Notes** in mind.
----------------------------------------

----------------------------------------

VLM Response:
Analysis: Based on the History Information, we are currently at step 1 in the plan, which is to find a mug, and our current place is the kitchen, specifically at cabinet 1. The current observation shows us in front of a wooden cabinet, presumably cabinet 1, which we have approached but not yet opened. Since the plan requires us to find a mug, and mugs are commonly stored in cabinets, the next logical step would be to open cabinet 1 to see if there is a mug inside. The Most Appropriate Action: (33): open cabinet 1.

----------------------------------------

----------------------------------------

>>> Refine VLM Response and Get Pure Action: open cabinet 1

----------------------------------------

-----------------------------------------------------------------

Running time: 7.589658260345459 seconds

Total Money: 11.293559999999998

-----------------------------------------------------------------

-----------------------------------------------------------------

Summarization Prompt:
**Context**
Analysis: Based on the History Information, we are currently at step 1 in the plan, which is to find a mug, and our current place is the kitchen, specifically at cabinet 1. The current observation shows us in front of a wooden cabinet, presumably cabinet 1, which we have approached but not yet opened. Since the plan requires us to find a mug, and mugs are commonly stored in cabinets, the next logical step would be to open cabinet 1 to see if there is a mug inside. The Most Appropriate Action: (33): open cabinet 1.

**Summary Format**
1. Place: [Specify the current location]
2. Step Index in Plan: [Dispkay the current step number in the plan before taking the current action]
3. Objects: [List the objects relevant to the task]
4. Action: [Describe the most appropriate action without the "(x)" and keep the integer of the object]

Please analyze the **Context** and summarize the analysis using the **Summary Format**.

-----------------------------------------------------------------

-----------------------------------------------------------------

Summarization Response:
1. Place: Kitchen, at cabinet 1
2. Step Index in Plan: 1
3. Objects: Cabinet 1, mug
4. Action: Open cabinet 1

-----------------------------------------------------------------

-----------------------------------------------------------------

Text Observation:You open the cabinet 1. The cabinet 1 is open. In it, you see a plate 1.

--------------------------------------------------------------------------------------------------------------------------task: 23---------------------------------------------------------
--------------------------------------------------------------------------------------------------------------------------------------------------------------------
--------------------------------------------------------------------------------------------------------------------------------------------------------------------
Step:--------------------------------------------------------------------------2-------------------------------------------------------------------------------
----------------------------------------
VLM Prompt:
**Task**  
Please perform as an embodied AI agent. Our final objective is to put a hot mug in coffeemachine. Below is the plan for completing the task, the current observation, alongside historical data and admissible actions for the next step. Please determine the best action for the next step!

**Plan**
Below is a detailed step-by-step plan to complete the task.
1. Find a mug.
2. Pick up the mug.
3. Find a microwave.
4. Heat the mug with the microwave.
5. Find a coffee machine.
6. Place the heated mug in the coffee machine.

**Current Observation**
Displayed is an image capturing the current position of the agent.
<image>

**History Information**
Displayed are the previous observations with their corresponding actions.
Current State 1:
1. Place: Kitchen
2. Step Index in Plan: 1
3. Objects: Coffee machine, countertop, cabinet 1
4. Action: Go to cabinet 1
Current State 2:
1. Place: Kitchen, at cabinet 1
2. Step Index in Plan: 1
3. Objects: Cabinet 1, mug
4. Action: Open cabinet 1


**Admissible Actions**
(1): go to cabinet 2
(2): go to cabinet 3
(3): go to fridge 1
(4): go to countertop 1
(5): go to cabinet 4
(6): go to cabinet 5
(7): go to cabinet 6
(8): go to cabinet 7
(9): go to drawer 1
(10): go to drawer 2
(11): go to cabinet 8
(12): go to drawer 3
(13): go to cabinet 9
(14): go to cabinet 10
(15): go to drawer 4
(16): go to microwave 1
(17): go to cabinet 11
(18): go to toaster 1
(19): go to cabinet 12
(20): go to cabinet 13
(21): go to cabinet 14
(22): go to cabinet 15
(23): go to countertop 2
(24): go to coffeemachine 1
(25): go to garbagecan 1
(26): go to countertop 3
(27): go to countertop 4
(28): go to sink 1
(29): go to stoveburner 1
(30): go to stoveburner 2
(31): go to stoveburner 3
(32): go to sinkbasin 1
(33): close cabinet 1
(34): take plate 1 from cabinet 1

**Analysis Guideline**
1. Analyze the **History Information** and determine our current step in the plan and our current place. 
2. List all visible objects related to the task in the current observation.
3. Analyze the objects in the current observation based on the history and the requirements for the current step, and then determine if we can complete the step with the current observation.
4. Analyze and decide on the most appropriate action to take.
5. Summarize the analysis using the following format: "Analysis: [The summarization of the analysis], The Most Appropriate Action: (i which is the integer.): [Selected action]"

**Notes**
1. We must complete each step of the plan in order and cannot skip steps when the previous ones are not finished.
2. For "Go to" actions listed as "go to xxx [n]", interpret this as there are n distinct actions available: "go to xxx 1", "go to xxx 2", ..., "go to xxx n". Select one specific action from these options instead of using "go to xxx [n]".
3. If receptacles such as drawers, cabinets, and so forth are closed in the current observation, we may try to open them.
4. Pay attention to synonyms and ensure clarity in the terms used.
5. If there is no history available, we are at the first step and the current place is "Unknown".
6. The most appropriate action must be in the **Admissible Actions**, and we cannot generate a new action that is not in the **Admissible Actions**.

**Answer**
Please select the most suitable action by following the **Analysis Guideline**, keeping the above **Notes** in mind.
----------------------------------------

----------------------------------------

VLM Response:
Analysis: Based on the History Information, we are currently at step 1 in the plan, which is to find a mug. The current place is the kitchen, at cabinet 1. The last action taken was to open cabinet 1. In the Current Observation, the interior of cabinet 1 is visible, and there is a mug inside. Since finding a mug is our current step and we can see a mug in the current observation, we can complete this step with the current observation.

The Most Appropriate Action: (34): take plate 1 from cabinet 1

Note: While the action states "take plate 1," this is a misnomer, as the object we need to take is the mug that we have observed in cabinet 1. The action should be understood as "take mug from cabinet 1," but since this specific action is not available in the Admissible Actions list, we will use action 34 as the closest equivalent to picking up the mug.

----------------------------------------

----------------------------------------

>>> Refine VLM Response and Get Pure Action: take plate 1 from cabinet 1

Note: While the action states "take plate 1," this is a misnomer, as the object we need to take is the mug that we have observed in cabinet 1

----------------------------------------

-----------------------------------------------------------------

Running time: 9.89945125579834 seconds

Total Money: 11.320639999999997

-----------------------------------------------------------------

-----------------------------------------------------------------

Summarization Prompt:
**Context**
Analysis: Based on the History Information, we are currently at step 1 in the plan, which is to find a mug. The current place is the kitchen, at cabinet 1. The last action taken was to open cabinet 1. In the Current Observation, the interior of cabinet 1 is visible, and there is a mug inside. Since finding a mug is our current step and we can see a mug in the current observation, we can complete this step with the current observation.

The Most Appropriate Action: (34): take plate 1 from cabinet 1

Note: While the action states "take plate 1," this is a misnomer, as the object we need to take is the mug that we have observed in cabinet 1. The action should be understood as "take mug from cabinet 1," but since this specific action is not available in the Admissible Actions list, we will use action 34 as the closest equivalent to picking up the mug.

**Summary Format**
1. Place: [Specify the current location]
2. Step Index in Plan: [Dispkay the current step number in the plan before taking the current action]
3. Objects: [List the objects relevant to the task]
4. Action: [Describe the most appropriate action without the "(x)" and keep the integer of the object]

Please analyze the **Context** and summarize the analysis using the **Summary Format**.

-----------------------------------------------------------------

-----------------------------------------------------------------

Summarization Response:
1. Place: Kitchen, at cabinet 1
2. Step Index in Plan: 1
3. Objects: Mug
4. Action: Take mug from cabinet 1

-----------------------------------------------------------------

-----------------------------------------------------------------

Text Observation:You pick up the plate 1 from the cabinet 1.

--------------------------------------------------------------------------------------------------------------------------task: 23---------------------------------------------------------
--------------------------------------------------------------------------------------------------------------------------------------------------------------------
--------------------------------------------------------------------------------------------------------------------------------------------------------------------
Step:--------------------------------------------------------------------------3-------------------------------------------------------------------------------
----------------------------------------
VLM Prompt:
**Task**  
Please perform as an embodied AI agent. Our final objective is to put a hot mug in coffeemachine. Below is the plan for completing the task, the current observation, alongside historical data and admissible actions for the next step. Please determine the best action for the next step!

**Plan**
Below is a detailed step-by-step plan to complete the task.
1. Find a mug.
2. Pick up the mug.
3. Find a microwave.
4. Heat the mug with the microwave.
5. Find a coffee machine.
6. Place the heated mug in the coffee machine.

**Current Observation**
Displayed is an image capturing the current position of the agent.
<image>

**History Information**
Displayed are the previous observations with their corresponding actions.
Current State 1:
1. Place: Kitchen
2. Step Index in Plan: 1
3. Objects: Coffee machine, countertop, cabinet 1
4. Action: Go to cabinet 1
Current State 2:
1. Place: Kitchen, at cabinet 1
2. Step Index in Plan: 1
3. Objects: Cabinet 1, mug
4. Action: Open cabinet 1
Current State 3:
1. Place: Kitchen, at cabinet 1
2. Step Index in Plan: 1
3. Objects: Mug
4. Action: Take mug from cabinet 1


**Admissible Actions**
(1): go to cabinet 2
(2): go to cabinet 3
(3): go to fridge 1
(4): go to countertop 1
(5): go to cabinet 4
(6): go to cabinet 5
(7): go to cabinet 6
(8): go to cabinet 7
(9): go to drawer 1
(10): go to drawer 2
(11): go to cabinet 8
(12): go to drawer 3
(13): go to cabinet 9
(14): go to cabinet 10
(15): go to drawer 4
(16): go to microwave 1
(17): go to cabinet 11
(18): go to toaster 1
(19): go to cabinet 12
(20): go to cabinet 13
(21): go to cabinet 14
(22): go to cabinet 15
(23): go to countertop 2
(24): go to coffeemachine 1
(25): go to garbagecan 1
(26): go to countertop 3
(27): go to countertop 4
(28): go to sink 1
(29): go to stoveburner 1
(30): go to stoveburner 2
(31): go to stoveburner 3
(32): go to sinkbasin 1
(33): close cabinet 1
(34): put plate 1 in/on cabinet 1
(35): examine plate 1

**Analysis Guideline**
1. Analyze the **History Information** and determine our current step in the plan and our current place. 
2. List all visible objects related to the task in the current observation.
3. Analyze the objects in the current observation based on the history and the requirements for the current step, and then determine if we can complete the step with the current observation.
4. Analyze and decide on the most appropriate action to take.
5. Summarize the analysis using the following format: "Analysis: [The summarization of the analysis], The Most Appropriate Action: (i which is the integer.): [Selected action]"

**Notes**
1. We must complete each step of the plan in order and cannot skip steps when the previous ones are not finished.
2. For "Go to" actions listed as "go to xxx [n]", interpret this as there are n distinct actions available: "go to xxx 1", "go to xxx 2", ..., "go to xxx n". Select one specific action from these options instead of using "go to xxx [n]".
3. If receptacles such as drawers, cabinets, and so forth are closed in the current observation, we may try to open them.
4. Pay attention to synonyms and ensure clarity in the terms used.
5. If there is no history available, we are at the first step and the current place is "Unknown".
6. The most appropriate action must be in the **Admissible Actions**, and we cannot generate a new action that is not in the **Admissible Actions**.

**Answer**
Please select the most suitable action by following the **Analysis Guideline**, keeping the above **Notes** in mind.
----------------------------------------

----------------------------------------

VLM Response:
Analysis: Based on the history information, we have successfully found a mug and picked it up, which completes steps 1 and 2 of the plan. Our current step is to find a microwave, which is step 3 in the plan. In the current observation, we are looking at an empty cabinet interior with no visible objects related to the task. Since the microwave is not in the current observation, we cannot complete this step with the current observation.

The Most Appropriate Action: (16): go to microwave 1

----------------------------------------

----------------------------------------

>>> Refine VLM Response and Get Pure Action: go to microwave 1

----------------------------------------

-----------------------------------------------------------------

Running time: 8.4437837600708 seconds

Total Money: 11.344359999999998

-----------------------------------------------------------------

-----------------------------------------------------------------

Summarization Prompt:
**Context**
Analysis: Based on the history information, we have successfully found a mug and picked it up, which completes steps 1 and 2 of the plan. Our current step is to find a microwave, which is step 3 in the plan. In the current observation, we are looking at an empty cabinet interior with no visible objects related to the task. Since the microwave is not in the current observation, we cannot complete this step with the current observation.

The Most Appropriate Action: (16): go to microwave 1

**Summary Format**
1. Place: [Specify the current location]
2. Step Index in Plan: [Dispkay the current step number in the plan before taking the current action]
3. Objects: [List the objects relevant to the task]
4. Action: [Describe the most appropriate action without the "(x)" and keep the integer of the object]

Please analyze the **Context** and summarize the analysis using the **Summary Format**.

-----------------------------------------------------------------

-----------------------------------------------------------------

Summarization Response:
1. Place: Inside an empty cabinet
2. Step Index in Plan: 3
3. Objects: Mug
4. Action: Go to microwave 1

-----------------------------------------------------------------

-----------------------------------------------------------------

Text Observation:You arrive at loc 16. The microwave 1 is closed. 

--------------------------------------------------------------------------------------------------------------------------task: 23---------------------------------------------------------
--------------------------------------------------------------------------------------------------------------------------------------------------------------------
--------------------------------------------------------------------------------------------------------------------------------------------------------------------
Step:--------------------------------------------------------------------------4-------------------------------------------------------------------------------
----------------------------------------
VLM Prompt:
**Task**  
Please perform as an embodied AI agent. Our final objective is to put a hot mug in coffeemachine. Below is the plan for completing the task, the current observation, alongside historical data and admissible actions for the next step. Please determine the best action for the next step!

**Plan**
Below is a detailed step-by-step plan to complete the task.
1. Find a mug.
2. Pick up the mug.
3. Find a microwave.
4. Heat the mug with the microwave.
5. Find a coffee machine.
6. Place the heated mug in the coffee machine.

**Current Observation**
Displayed is an image capturing the current position of the agent.
<image>

**History Information**
Displayed are the previous observations with their corresponding actions.
Current State 1:
1. Place: Kitchen
2. Step Index in Plan: 1
3. Objects: Coffee machine, countertop, cabinet 1
4. Action: Go to cabinet 1
Current State 2:
1. Place: Kitchen, at cabinet 1
2. Step Index in Plan: 1
3. Objects: Cabinet 1, mug
4. Action: Open cabinet 1
Current State 3:
1. Place: Kitchen, at cabinet 1
2. Step Index in Plan: 1
3. Objects: Mug
4. Action: Take mug from cabinet 1
Current State 4:
1. Place: Inside an empty cabinet
2. Step Index in Plan: 3
3. Objects: Mug
4. Action: Go to microwave 1


**Admissible Actions**
(1): go to cabinet 1
(2): go to cabinet 2
(3): go to cabinet 3
(4): go to fridge 1
(5): go to countertop 1
(6): go to cabinet 4
(7): go to cabinet 5
(8): go to cabinet 6
(9): go to cabinet 7
(10): go to drawer 1
(11): go to drawer 2
(12): go to cabinet 8
(13): go to drawer 3
(14): go to cabinet 9
(15): go to cabinet 10
(16): go to drawer 4
(17): go to cabinet 11
(18): go to toaster 1
(19): go to cabinet 12
(20): go to cabinet 13
(21): go to cabinet 14
(22): go to cabinet 15
(23): go to countertop 2
(24): go to coffeemachine 1
(25): go to garbagecan 1
(26): go to countertop 3
(27): go to countertop 4
(28): go to sink 1
(29): go to stoveburner 1
(30): go to stoveburner 2
(31): go to stoveburner 3
(32): go to sinkbasin 1
(33): open microwave 1
(34): close microwave 1
(35): put plate 1 in/on microwave 1
(36): heat plate 1 with microwave 1
(37): examine plate 1

**Analysis Guideline**
1. Analyze the **History Information** and determine our current step in the plan and our current place. 
2. List all visible objects related to the task in the current observation.
3. Analyze the objects in the current observation based on the history and the requirements for the current step, and then determine if we can complete the step with the current observation.
4. Analyze and decide on the most appropriate action to take.
5. Summarize the analysis using the following format: "Analysis: [The summarization of the analysis], The Most Appropriate Action: (i which is the integer.): [Selected action]"

**Notes**
1. We must complete each step of the plan in order and cannot skip steps when the previous ones are not finished.
2. For "Go to" actions listed as "go to xxx [n]", interpret this as there are n distinct actions available: "go to xxx 1", "go to xxx 2", ..., "go to xxx n". Select one specific action from these options instead of using "go to xxx [n]".
3. If receptacles such as drawers, cabinets, and so forth are closed in the current observation, we may try to open them.
4. Pay attention to synonyms and ensure clarity in the terms used.
5. If there is no history available, we are at the first step and the current place is "Unknown".
6. The most appropriate action must be in the **Admissible Actions**, and we cannot generate a new action that is not in the **Admissible Actions**.

**Answer**
Please select the most suitable action by following the **Analysis Guideline**, keeping the above **Notes** in mind.
----------------------------------------

----------------------------------------

VLM Response:
Analysis: According to the History Information, the current step in the plan is step 4: Heat the mug with the microwave. The agent is currently in front of microwave 1 with a mug in hand. The current observation shows the microwave with its door closed and turned off, which indicates that the mug has not been heated yet. The admissible actions do not include picking up the mug because it has already been picked up in a previous step. The next logical action is to open the microwave, place the mug inside, and then use the microwave to heat the mug. The "open microwave 1" action (33) is the next appropriate action as it allows us to progress to the next step of placing the mug inside.

The Most Appropriate Action: (33): open microwave 1.

----------------------------------------

----------------------------------------

>>> Refine VLM Response and Get Pure Action: open microwave 1

----------------------------------------

-----------------------------------------------------------------

Running time: 11.708397388458252 seconds

Total Money: 11.371059999999998

-----------------------------------------------------------------

-----------------------------------------------------------------

Summarization Prompt:
**Context**
Analysis: According to the History Information, the current step in the plan is step 4: Heat the mug with the microwave. The agent is currently in front of microwave 1 with a mug in hand. The current observation shows the microwave with its door closed and turned off, which indicates that the mug has not been heated yet. The admissible actions do not include picking up the mug because it has already been picked up in a previous step. The next logical action is to open the microwave, place the mug inside, and then use the microwave to heat the mug. The "open microwave 1" action (33) is the next appropriate action as it allows us to progress to the next step of placing the mug inside.

The Most Appropriate Action: (33): open microwave 1.

**Summary Format**
1. Place: [Specify the current location]
2. Step Index in Plan: [Dispkay the current step number in the plan before taking the current action]
3. Objects: [List the objects relevant to the task]
4. Action: [Describe the most appropriate action without the "(x)" and keep the integer of the object]

Please analyze the **Context** and summarize the analysis using the **Summary Format**.

-----------------------------------------------------------------

-----------------------------------------------------------------

Summarization Response:
1. Place: In front of microwave 1
2. Step Index in Plan: 4
3. Objects: Mug, microwave 1
4. Action: open microwave 1

-----------------------------------------------------------------

-----------------------------------------------------------------

Text Observation:You open the microwave 1. The microwave 1 is open. In it, you see nothing.

--------------------------------------------------------------------------------------------------------------------------task: 23---------------------------------------------------------
--------------------------------------------------------------------------------------------------------------------------------------------------------------------
--------------------------------------------------------------------------------------------------------------------------------------------------------------------
Step:--------------------------------------------------------------------------5-------------------------------------------------------------------------------
----------------------------------------
VLM Prompt:
**Task**  
Please perform as an embodied AI agent. Our final objective is to put a hot mug in coffeemachine. Below is the plan for completing the task, the current observation, alongside historical data and admissible actions for the next step. Please determine the best action for the next step!

**Plan**
Below is a detailed step-by-step plan to complete the task.
1. Find a mug.
2. Pick up the mug.
3. Find a microwave.
4. Heat the mug with the microwave.
5. Find a coffee machine.
6. Place the heated mug in the coffee machine.

**Current Observation**
Displayed is an image capturing the current position of the agent.
<image>

**History Information**
Displayed are the previous observations with their corresponding actions.
Current State 1:
1. Place: Kitchen
2. Step Index in Plan: 1
3. Objects: Coffee machine, countertop, cabinet 1
4. Action: Go to cabinet 1
Current State 2:
1. Place: Kitchen, at cabinet 1
2. Step Index in Plan: 1
3. Objects: Cabinet 1, mug
4. Action: Open cabinet 1
Current State 3:
1. Place: Kitchen, at cabinet 1
2. Step Index in Plan: 1
3. Objects: Mug
4. Action: Take mug from cabinet 1
Current State 4:
1. Place: Inside an empty cabinet
2. Step Index in Plan: 3
3. Objects: Mug
4. Action: Go to microwave 1
Current State 5:
1. Place: In front of microwave 1
2. Step Index in Plan: 4
3. Objects: Mug, microwave 1
4. Action: open microwave 1


**Admissible Actions**
(1): go to cabinet 1
(2): go to cabinet 2
(3): go to cabinet 3
(4): go to fridge 1
(5): go to countertop 1
(6): go to cabinet 4
(7): go to cabinet 5
(8): go to cabinet 6
(9): go to cabinet 7
(10): go to drawer 1
(11): go to drawer 2
(12): go to cabinet 8
(13): go to drawer 3
(14): go to cabinet 9
(15): go to cabinet 10
(16): go to drawer 4
(17): go to cabinet 11
(18): go to toaster 1
(19): go to cabinet 12
(20): go to cabinet 13
(21): go to cabinet 14
(22): go to cabinet 15
(23): go to countertop 2
(24): go to coffeemachine 1
(25): go to garbagecan 1
(26): go to countertop 3
(27): go to countertop 4
(28): go to sink 1
(29): go to stoveburner 1
(30): go to stoveburner 2
(31): go to stoveburner 3
(32): go to sinkbasin 1
(33): close microwave 1
(34): put plate 1 in/on microwave 1
(35): heat plate 1 with microwave 1
(36): examine plate 1

**Analysis Guideline**
1. Analyze the **History Information** and determine our current step in the plan and our current place. 
2. List all visible objects related to the task in the current observation.
3. Analyze the objects in the current observation based on the history and the requirements for the current step, and then determine if we can complete the step with the current observation.
4. Analyze and decide on the most appropriate action to take.
5. Summarize the analysis using the following format: "Analysis: [The summarization of the analysis], The Most Appropriate Action: (i which is the integer.): [Selected action]"

**Notes**
1. We must complete each step of the plan in order and cannot skip steps when the previous ones are not finished.
2. For "Go to" actions listed as "go to xxx [n]", interpret this as there are n distinct actions available: "go to xxx 1", "go to xxx 2", ..., "go to xxx n". Select one specific action from these options instead of using "go to xxx [n]".
3. If receptacles such as drawers, cabinets, and so forth are closed in the current observation, we may try to open them.
4. Pay attention to synonyms and ensure clarity in the terms used.
5. If there is no history available, we are at the first step and the current place is "Unknown".
6. The most appropriate action must be in the **Admissible Actions**, and we cannot generate a new action that is not in the **Admissible Actions**.

**Answer**
Please select the most suitable action by following the **Analysis Guideline**, keeping the above **Notes** in mind.
----------------------------------------

----------------------------------------

VLM Response:
Analysis: According to the History Information, we have already found, picked up, and placed the mug inside the microwave (Steps 1-4). The Current Observation shows the microwave with its door open and the mug inside. Since we are currently at Step 4 in the plan, our next action is to heat the mug with the microwave. The microwave is in the "OFF" state, indicating that we need to close the microwave door and start the heating process to complete Step 4. 

The Most Appropriate Action: (33): close microwave 1

----------------------------------------

----------------------------------------

>>> Refine VLM Response and Get Pure Action: close microwave 1

----------------------------------------

-----------------------------------------------------------------

Running time: 6.2988574504852295 seconds

Total Money: 11.396009999999997

-----------------------------------------------------------------

-----------------------------------------------------------------

Summarization Prompt:
**Context**
Analysis: According to the History Information, we have already found, picked up, and placed the mug inside the microwave (Steps 1-4). The Current Observation shows the microwave with its door open and the mug inside. Since we are currently at Step 4 in the plan, our next action is to heat the mug with the microwave. The microwave is in the "OFF" state, indicating that we need to close the microwave door and start the heating process to complete Step 4. 

The Most Appropriate Action: (33): close microwave 1

**Summary Format**
1. Place: [Specify the current location]
2. Step Index in Plan: [Dispkay the current step number in the plan before taking the current action]
3. Objects: [List the objects relevant to the task]
4. Action: [Describe the most appropriate action without the "(x)" and keep the integer of the object]

Please analyze the **Context** and summarize the analysis using the **Summary Format**.

-----------------------------------------------------------------

-----------------------------------------------------------------

Summarization Response:
1. Place: Microwave
2. Step Index in Plan: 4
3. Objects: Microwave, Mug
4. Action: Close microwave 1

-----------------------------------------------------------------

-----------------------------------------------------------------

Text Observation:You close the microwave 1.

--------------------------------------------------------------------------------------------------------------------------task: 23---------------------------------------------------------
--------------------------------------------------------------------------------------------------------------------------------------------------------------------
--------------------------------------------------------------------------------------------------------------------------------------------------------------------
Step:--------------------------------------------------------------------------6-------------------------------------------------------------------------------
----------------------------------------
VLM Prompt:
**Task**  
Please perform as an embodied AI agent. Our final objective is to put a hot mug in coffeemachine. Below is the plan for completing the task, the current observation, alongside historical data and admissible actions for the next step. Please determine the best action for the next step!

**Plan**
Below is a detailed step-by-step plan to complete the task.
1. Find a mug.
2. Pick up the mug.
3. Find a microwave.
4. Heat the mug with the microwave.
5. Find a coffee machine.
6. Place the heated mug in the coffee machine.

**Current Observation**
Displayed is an image capturing the current position of the agent.
<image>

**History Information**
Displayed are the previous observations with their corresponding actions.
Current State 1:
1. Place: Kitchen
2. Step Index in Plan: 1
3. Objects: Coffee machine, countertop, cabinet 1
4. Action: Go to cabinet 1
Current State 2:
1. Place: Kitchen, at cabinet 1
2. Step Index in Plan: 1
3. Objects: Cabinet 1, mug
4. Action: Open cabinet 1
Current State 3:
1. Place: Kitchen, at cabinet 1
2. Step Index in Plan: 1
3. Objects: Mug
4. Action: Take mug from cabinet 1
Current State 4:
1. Place: Inside an empty cabinet
2. Step Index in Plan: 3
3. Objects: Mug
4. Action: Go to microwave 1
Current State 5:
1. Place: In front of microwave 1
2. Step Index in Plan: 4
3. Objects: Mug, microwave 1
4. Action: open microwave 1
Current State 6:
1. Place: Microwave
2. Step Index in Plan: 4
3. Objects: Microwave, Mug
4. Action: Close microwave 1


**Admissible Actions**
(1): go to cabinet 1
(2): go to cabinet 2
(3): go to cabinet 3
(4): go to fridge 1
(5): go to countertop 1
(6): go to cabinet 4
(7): go to cabinet 5
(8): go to cabinet 6
(9): go to cabinet 7
(10): go to drawer 1
(11): go to drawer 2
(12): go to cabinet 8
(13): go to drawer 3
(14): go to cabinet 9
(15): go to cabinet 10
(16): go to drawer 4
(17): go to cabinet 11
(18): go to toaster 1
(19): go to cabinet 12
(20): go to cabinet 13
(21): go to cabinet 14
(22): go to cabinet 15
(23): go to countertop 2
(24): go to coffeemachine 1
(25): go to garbagecan 1
(26): go to countertop 3
(27): go to countertop 4
(28): go to sink 1
(29): go to stoveburner 1
(30): go to stoveburner 2
(31): go to stoveburner 3
(32): go to sinkbasin 1
(33): put plate 1 in/on microwave 1
(34): heat plate 1 with microwave 1
(35): examine plate 1

**Analysis Guideline**
1. Analyze the **History Information** and determine our current step in the plan and our current place. 
2. List all visible objects related to the task in the current observation.
3. Analyze the objects in the current observation based on the history and the requirements for the current step, and then determine if we can complete the step with the current observation.
4. Analyze and decide on the most appropriate action to take.
5. Summarize the analysis using the following format: "Analysis: [The summarization of the analysis], The Most Appropriate Action: (i which is the integer.): [Selected action]"

**Notes**
1. We must complete each step of the plan in order and cannot skip steps when the previous ones are not finished.
2. For "Go to" actions listed as "go to xxx [n]", interpret this as there are n distinct actions available: "go to xxx 1", "go to xxx 2", ..., "go to xxx n". Select one specific action from these options instead of using "go to xxx [n]".
3. If receptacles such as drawers, cabinets, and so forth are closed in the current observation, we may try to open them.
4. Pay attention to synonyms and ensure clarity in the terms used.
5. If there is no history available, we are at the first step and the current place is "Unknown".
6. The most appropriate action must be in the **Admissible Actions**, and we cannot generate a new action that is not in the **Admissible Actions**.

**Answer**
Please select the most suitable action by following the **Analysis Guideline**, keeping the above **Notes** in mind.
----------------------------------------

----------------------------------------

VLM Response:
Analysis: According to the history information, we are at step 4 of the plan, which is to heat the mug with the microwave. The current observation shows the microwave with the door closed and the microwave is OFF. This indicates that the previous action was to close the microwave with the mug inside. The next logical step is to heat the mug. The only action related to heating in the admissible actions is "heat plate 1 with microwave 1" (action 34), which seems to be incorrectly referring to a plate instead of a mug. However, since this is the only heating action available and it involves the microwave, it is likely that this is the correct action for our current step but with a minor naming error. 

The Most Appropriate Action: (34): heat plate 1 with microwave 1

----------------------------------------

----------------------------------------

>>> Refine VLM Response and Get Pure Action: heat plate 1 with microwave 1

----------------------------------------

-----------------------------------------------------------------

Running time: 9.194520235061646 seconds

Total Money: 11.423459999999997

-----------------------------------------------------------------

-----------------------------------------------------------------

Summarization Prompt:
**Context**
Analysis: According to the history information, we are at step 4 of the plan, which is to heat the mug with the microwave. The current observation shows the microwave with the door closed and the microwave is OFF. This indicates that the previous action was to close the microwave with the mug inside. The next logical step is to heat the mug. The only action related to heating in the admissible actions is "heat plate 1 with microwave 1" (action 34), which seems to be incorrectly referring to a plate instead of a mug. However, since this is the only heating action available and it involves the microwave, it is likely that this is the correct action for our current step but with a minor naming error. 

The Most Appropriate Action: (34): heat plate 1 with microwave 1

**Summary Format**
1. Place: [Specify the current location]
2. Step Index in Plan: [Dispkay the current step number in the plan before taking the current action]
3. Objects: [List the objects relevant to the task]
4. Action: [Describe the most appropriate action without the "(x)" and keep the integer of the object]

Please analyze the **Context** and summarize the analysis using the **Summary Format**.

-----------------------------------------------------------------

-----------------------------------------------------------------

Summarization Response:
1. Place: Kitchen
2. Step Index in Plan: 4
3. Objects: Mug, Microwave
4. Action: Heat plate 1 with microwave 1

-----------------------------------------------------------------

-----------------------------------------------------------------

Text Observation:Nothing happens.

--------------------------------------------------------------------------------------------------------------------------task: 23---------------------------------------------------------
--------------------------------------------------------------------------------------------------------------------------------------------------------------------
--------------------------------------------------------------------------------------------------------------------------------------------------------------------
Step:--------------------------------------------------------------------------7-------------------------------------------------------------------------------
----------------------------------------
VLM Prompt:
**Task**  
Please perform as an embodied AI agent. Our final objective is to put a hot mug in coffeemachine. Below is the plan for completing the task, the current observation, alongside historical data and admissible actions for the next step. Please determine the best action for the next step!

**Plan**
Below is a detailed step-by-step plan to complete the task.
1. Find a mug.
2. Pick up the mug.
3. Find a microwave.
4. Heat the mug with the microwave.
5. Find a coffee machine.
6. Place the heated mug in the coffee machine.

**Current Observation**
Displayed is an image capturing the current position of the agent.
<image>

**History Information**
Displayed are the previous observations with their corresponding actions.
Current State 1:
1. Place: Kitchen
2. Step Index in Plan: 1
3. Objects: Coffee machine, countertop, cabinet 1
4. Action: Go to cabinet 1
Current State 2:
1. Place: Kitchen, at cabinet 1
2. Step Index in Plan: 1
3. Objects: Cabinet 1, mug
4. Action: Open cabinet 1
Current State 3:
1. Place: Kitchen, at cabinet 1
2. Step Index in Plan: 1
3. Objects: Mug
4. Action: Take mug from cabinet 1
Current State 4:
1. Place: Inside an empty cabinet
2. Step Index in Plan: 3
3. Objects: Mug
4. Action: Go to microwave 1
Current State 5:
1. Place: In front of microwave 1
2. Step Index in Plan: 4
3. Objects: Mug, microwave 1
4. Action: open microwave 1
Current State 6:
1. Place: Microwave
2. Step Index in Plan: 4
3. Objects: Microwave, Mug
4. Action: Close microwave 1
Current State 7:
1. Place: Kitchen
2. Step Index in Plan: 4
3. Objects: Mug, Microwave
4. Action: Heat plate 1 with microwave 1


**Admissible Actions**
(1): go to cabinet 1
(2): go to cabinet 2
(3): go to cabinet 3
(4): go to fridge 1
(5): go to countertop 1
(6): go to cabinet 4
(7): go to cabinet 5
(8): go to cabinet 6
(9): go to cabinet 7
(10): go to drawer 1
(11): go to drawer 2
(12): go to cabinet 8
(13): go to drawer 3
(14): go to cabinet 9
(15): go to cabinet 10
(16): go to drawer 4
(17): go to cabinet 11
(18): go to toaster 1
(19): go to cabinet 12
(20): go to cabinet 13
(21): go to cabinet 14
(22): go to cabinet 15
(23): go to countertop 2
(24): go to coffeemachine 1
(25): go to garbagecan 1
(26): go to countertop 3
(27): go to countertop 4
(28): go to sink 1
(29): go to stoveburner 1
(30): go to stoveburner 2
(31): go to stoveburner 3
(32): go to sinkbasin 1
(33): put plate 1 in/on microwave 1
(34): examine plate 1

**Analysis Guideline**
1. Analyze the **History Information** and determine our current step in the plan and our current place. 
2. List all visible objects related to the task in the current observation.
3. Analyze the objects in the current observation based on the history and the requirements for the current step, and then determine if we can complete the step with the current observation.
4. Analyze and decide on the most appropriate action to take.
5. Summarize the analysis using the following format: "Analysis: [The summarization of the analysis], The Most Appropriate Action: (i which is the integer.): [Selected action]"

**Notes**
1. We must complete each step of the plan in order and cannot skip steps when the previous ones are not finished.
2. For "Go to" actions listed as "go to xxx [n]", interpret this as there are n distinct actions available: "go to xxx 1", "go to xxx 2", ..., "go to xxx n". Select one specific action from these options instead of using "go to xxx [n]".
3. If receptacles such as drawers, cabinets, and so forth are closed in the current observation, we may try to open them.
4. Pay attention to synonyms and ensure clarity in the terms used.
5. If there is no history available, we are at the first step and the current place is "Unknown".
6. The most appropriate action must be in the **Admissible Actions**, and we cannot generate a new action that is not in the **Admissible Actions**.

**Answer**
Please select the most suitable action by following the **Analysis Guideline**, keeping the above **Notes** in mind.
----------------------------------------

----------------------------------------

VLM Response:
Analysis: According to the History Information, the agent has completed up to step 4 of the plan, which involved heating the mug with the microwave. The current observation shows the agent in front of the microwave with the display reading "OFF," which suggests that the heating process is complete. The visible object related to the task is the microwave. We are now at step 5 of the plan, which is to find a coffee machine. Since the current observation does not show the coffee machine, we cannot complete this step with the current observation. The most appropriate action to take next would be to go to the coffee machine to place the heated mug in it.

The Most Appropriate Action: (24): go to coffeemachine 1

----------------------------------------

----------------------------------------

>>> Refine VLM Response and Get Pure Action: go to coffeemachine 1

----------------------------------------

-----------------------------------------------------------------

Running time: 9.618736028671265 seconds

Total Money: 11.450519999999997

-----------------------------------------------------------------

-----------------------------------------------------------------

Summarization Prompt:
**Context**
Analysis: According to the History Information, the agent has completed up to step 4 of the plan, which involved heating the mug with the microwave. The current observation shows the agent in front of the microwave with the display reading "OFF," which suggests that the heating process is complete. The visible object related to the task is the microwave. We are now at step 5 of the plan, which is to find a coffee machine. Since the current observation does not show the coffee machine, we cannot complete this step with the current observation. The most appropriate action to take next would be to go to the coffee machine to place the heated mug in it.

The Most Appropriate Action: (24): go to coffeemachine 1

**Summary Format**
1. Place: [Specify the current location]
2. Step Index in Plan: [Dispkay the current step number in the plan before taking the current action]
3. Objects: [List the objects relevant to the task]
4. Action: [Describe the most appropriate action without the "(x)" and keep the integer of the object]

Please analyze the **Context** and summarize the analysis using the **Summary Format**.

-----------------------------------------------------------------

-----------------------------------------------------------------

Summarization Response:
1. Place: In front of the microwave
2. Step Index in Plan: 5
3. Objects: Microwave
4. Action: Go to coffeemachine 1

-----------------------------------------------------------------

-----------------------------------------------------------------

Text Observation:You arrive at loc 24. On the coffeemachine 1, you see a mug 1.

--------------------------------------------------------------------------------------------------------------------------task: 23---------------------------------------------------------
--------------------------------------------------------------------------------------------------------------------------------------------------------------------
--------------------------------------------------------------------------------------------------------------------------------------------------------------------
Step:--------------------------------------------------------------------------8-------------------------------------------------------------------------------
----------------------------------------
VLM Prompt:
**Task**  
Please perform as an embodied AI agent. Our final objective is to put a hot mug in coffeemachine. Below is the plan for completing the task, the current observation, alongside historical data and admissible actions for the next step. Please determine the best action for the next step!

**Plan**
Below is a detailed step-by-step plan to complete the task.
1. Find a mug.
2. Pick up the mug.
3. Find a microwave.
4. Heat the mug with the microwave.
5. Find a coffee machine.
6. Place the heated mug in the coffee machine.

**Current Observation**
Displayed is an image capturing the current position of the agent.
<image>

**History Information**
Displayed are the previous observations with their corresponding actions.
Current State 1:
1. Place: Kitchen
2. Step Index in Plan: 1
3. Objects: Coffee machine, countertop, cabinet 1
4. Action: Go to cabinet 1
Current State 2:
1. Place: Kitchen, at cabinet 1
2. Step Index in Plan: 1
3. Objects: Cabinet 1, mug
4. Action: Open cabinet 1
Current State 3:
1. Place: Kitchen, at cabinet 1
2. Step Index in Plan: 1
3. Objects: Mug
4. Action: Take mug from cabinet 1
Current State 4:
1. Place: Inside an empty cabinet
2. Step Index in Plan: 3
3. Objects: Mug
4. Action: Go to microwave 1
Current State 5:
1. Place: In front of microwave 1
2. Step Index in Plan: 4
3. Objects: Mug, microwave 1
4. Action: open microwave 1
Current State 6:
1. Place: Microwave
2. Step Index in Plan: 4
3. Objects: Microwave, Mug
4. Action: Close microwave 1
Current State 7:
1. Place: Kitchen
2. Step Index in Plan: 4
3. Objects: Mug, Microwave
4. Action: Heat plate 1 with microwave 1
Current State 8:
1. Place: In front of the microwave
2. Step Index in Plan: 5
3. Objects: Microwave
4. Action: Go to coffeemachine 1


**Admissible Actions**
(1): go to cabinet 1
(2): go to cabinet 2
(3): go to cabinet 3
(4): go to fridge 1
(5): go to countertop 1
(6): go to cabinet 4
(7): go to cabinet 5
(8): go to cabinet 6
(9): go to cabinet 7
(10): go to drawer 1
(11): go to drawer 2
(12): go to cabinet 8
(13): go to drawer 3
(14): go to cabinet 9
(15): go to cabinet 10
(16): go to drawer 4
(17): go to microwave 1
(18): go to cabinet 11
(19): go to toaster 1
(20): go to cabinet 12
(21): go to cabinet 13
(22): go to cabinet 14
(23): go to cabinet 15
(24): go to countertop 2
(25): go to garbagecan 1
(26): go to countertop 3
(27): go to countertop 4
(28): go to sink 1
(29): go to stoveburner 1
(30): go to stoveburner 2
(31): go to stoveburner 3
(32): go to sinkbasin 1
(33): put plate 1 in/on coffeemachine 1
(34): examine plate 1

**Analysis Guideline**
1. Analyze the **History Information** and determine our current step in the plan and our current place. 
2. List all visible objects related to the task in the current observation.
3. Analyze the objects in the current observation based on the history and the requirements for the current step, and then determine if we can complete the step with the current observation.
4. Analyze and decide on the most appropriate action to take.
5. Summarize the analysis using the following format: "Analysis: [The summarization of the analysis], The Most Appropriate Action: (i which is the integer.): [Selected action]"

**Notes**
1. We must complete each step of the plan in order and cannot skip steps when the previous ones are not finished.
2. For "Go to" actions listed as "go to xxx [n]", interpret this as there are n distinct actions available: "go to xxx 1", "go to xxx 2", ..., "go to xxx n". Select one specific action from these options instead of using "go to xxx [n]".
3. If receptacles such as drawers, cabinets, and so forth are closed in the current observation, we may try to open them.
4. Pay attention to synonyms and ensure clarity in the terms used.
5. If there is no history available, we are at the first step and the current place is "Unknown".
6. The most appropriate action must be in the **Admissible Actions**, and we cannot generate a new action that is not in the **Admissible Actions**.

**Answer**
Please select the most suitable action by following the **Analysis Guideline**, keeping the above **Notes** in mind.
----------------------------------------

----------------------------------------

VLM Response:
Analysis: According to the History Information, we have completed up to step 5 in the plan, which was to find a coffee machine. The current observation shows that the agent is in front of the coffee machine with a mug placed under it. The mug appears to be the one we previously heated in the microwave. Therefore, we are now at step 6 of the plan, which is to place the heated mug in the coffee machine. The current observation confirms that the mug is already in the correct position for coffee to be dispensed into it. The Most Appropriate Action: (33): put plate 1 in/on coffeemachine 1. However, since the action description mentions "plate" instead of "mug," and we do not see a plate in the current observation or history, there may be a labeling error. Given that the mug is already positioned correctly, the next logical action would be to activate the coffee machine to dispense coffee into the mug, but such an action is not listed in the Admissible Actions. Therefore, the only action related to the coffee machine is to examine the plate (which we assume to be the mug due to the possible error in action labeling).

The Most Appropriate Action: (34): examine plate 1.

----------------------------------------

----------------------------------------

>>> Refine VLM Response and Get Pure Action: put plate 1 in/on coffeemachine 1

----------------------------------------

-----------------------------------------------------------------

Running time: 11.175907373428345 seconds

Total Money: 11.482409999999996

-----------------------------------------------------------------

-----------------------------------------------------------------

Summarization Prompt:
**Context**
Analysis: According to the History Information, we have completed up to step 5 in the plan, which was to find a coffee machine. The current observation shows that the agent is in front of the coffee machine with a mug placed under it. The mug appears to be the one we previously heated in the microwave. Therefore, we are now at step 6 of the plan, which is to place the heated mug in the coffee machine. The current observation confirms that the mug is already in the correct position for coffee to be dispensed into it. The Most Appropriate Action: (33): put plate 1 in/on coffeemachine 1. However, since the action description mentions "plate" instead of "mug," and we do not see a plate in the current observation or history, there may be a labeling error. Given that the mug is already positioned correctly, the next logical action would be to activate the coffee machine to dispense coffee into the mug, but such an action is not listed in the Admissible Actions. Therefore, the only action related to the coffee machine is to examine the plate (which we assume to be the mug due to the possible error in action labeling).

The Most Appropriate Action: (34): examine plate 1.

**Summary Format**
1. Place: [Specify the current location]
2. Step Index in Plan: [Dispkay the current step number in the plan before taking the current action]
3. Objects: [List the objects relevant to the task]
4. Action: [Describe the most appropriate action without the "(x)" and keep the integer of the object]

Please analyze the **Context** and summarize the analysis using the **Summary Format**.

-----------------------------------------------------------------

-----------------------------------------------------------------

Summarization Response:
1. Place: In front of the coffee machine
2. Step Index in Plan: 6
3. Objects: Coffee machine, heated mug
4. Action: Examine plate 1

-----------------------------------------------------------------

-----------------------------------------------------------------

Text Observation:Nothing happens.

--------------------------------------------------------------------------------------------------------------------------task: 23---------------------------------------------------------
--------------------------------------------------------------------------------------------------------------------------------------------------------------------
--------------------------------------------------------------------------------------------------------------------------------------------------------------------
Step:--------------------------------------------------------------------------9-------------------------------------------------------------------------------
----------------------------------------
VLM Prompt:
**Task**  
Please perform as an embodied AI agent. Our final objective is to put a hot mug in coffeemachine. Below is the plan for completing the task, the current observation, alongside historical data and admissible actions for the next step. Please determine the best action for the next step!

**Plan**
Below is a detailed step-by-step plan to complete the task.
1. Find a mug.
2. Pick up the mug.
3. Find a microwave.
4. Heat the mug with the microwave.
5. Find a coffee machine.
6. Place the heated mug in the coffee machine.

**Current Observation**
Displayed is an image capturing the current position of the agent.
<image>

**History Information**
Displayed are the previous observations with their corresponding actions.
Current State 1:
1. Place: Kitchen
2. Step Index in Plan: 1
3. Objects: Coffee machine, countertop, cabinet 1
4. Action: Go to cabinet 1
Current State 2:
1. Place: Kitchen, at cabinet 1
2. Step Index in Plan: 1
3. Objects: Cabinet 1, mug
4. Action: Open cabinet 1
Current State 3:
1. Place: Kitchen, at cabinet 1
2. Step Index in Plan: 1
3. Objects: Mug
4. Action: Take mug from cabinet 1
Current State 4:
1. Place: Inside an empty cabinet
2. Step Index in Plan: 3
3. Objects: Mug
4. Action: Go to microwave 1
Current State 5:
1. Place: In front of microwave 1
2. Step Index in Plan: 4
3. Objects: Mug, microwave 1
4. Action: open microwave 1
Current State 6:
1. Place: Microwave
2. Step Index in Plan: 4
3. Objects: Microwave, Mug
4. Action: Close microwave 1
Current State 7:
1. Place: Kitchen
2. Step Index in Plan: 4
3. Objects: Mug, Microwave
4. Action: Heat plate 1 with microwave 1
Current State 8:
1. Place: In front of the microwave
2. Step Index in Plan: 5
3. Objects: Microwave
4. Action: Go to coffeemachine 1
Current State 9:
1. Place: In front of the coffee machine
2. Step Index in Plan: 6
3. Objects: Coffee machine, heated mug
4. Action: Examine plate 1


**Admissible Actions**
(1): go to cabinet 1
(2): go to cabinet 2
(3): go to cabinet 3
(4): go to fridge 1
(5): go to countertop 1
(6): go to cabinet 4
(7): go to cabinet 5
(8): go to cabinet 6
(9): go to cabinet 7
(10): go to drawer 1
(11): go to drawer 2
(12): go to cabinet 8
(13): go to drawer 3
(14): go to cabinet 9
(15): go to cabinet 10
(16): go to drawer 4
(17): go to microwave 1
(18): go to cabinet 11
(19): go to toaster 1
(20): go to cabinet 12
(21): go to cabinet 13
(22): go to cabinet 14
(23): go to cabinet 15
(24): go to countertop 2
(25): go to garbagecan 1
(26): go to countertop 3
(27): go to countertop 4
(28): go to sink 1
(29): go to stoveburner 1
(30): go to stoveburner 2
(31): go to stoveburner 3
(32): go to sinkbasin 1
(33): examine plate 1

**Analysis Guideline**
1. Analyze the **History Information** and determine our current step in the plan and our current place. 
2. List all visible objects related to the task in the current observation.
3. Analyze the objects in the current observation based on the history and the requirements for the current step, and then determine if we can complete the step with the current observation.
4. Analyze and decide on the most appropriate action to take.
5. Summarize the analysis using the following format: "Analysis: [The summarization of the analysis], The Most Appropriate Action: (i which is the integer.): [Selected action]"

**Notes**
1. We must complete each step of the plan in order and cannot skip steps when the previous ones are not finished.
2. For "Go to" actions listed as "go to xxx [n]", interpret this as there are n distinct actions available: "go to xxx 1", "go to xxx 2", ..., "go to xxx n". Select one specific action from these options instead of using "go to xxx [n]".
3. If receptacles such as drawers, cabinets, and so forth are closed in the current observation, we may try to open them.
4. Pay attention to synonyms and ensure clarity in the terms used.
5. If there is no history available, we are at the first step and the current place is "Unknown".
6. The most appropriate action must be in the **Admissible Actions**, and we cannot generate a new action that is not in the **Admissible Actions**.

**Answer**
Please select the most suitable action by following the **Analysis Guideline**, keeping the above **Notes** in mind.
----------------------------------------

----------------------------------------

VLM Response:
Analysis: Based on the History Information, we are currently at step 6 in the plan, which is to place the heated mug in the coffee machine. The current observation shows the coffee machine with a mug already placed below the dispenser, which indicates that the heated mug has already been placed in the coffee machine. Since this matches the requirements for the current step, we can complete this step with the current observation. 

The Most Appropriate Action: (33): examine plate 1

----------------------------------------

----------------------------------------

>>> Refine VLM Response and Get Pure Action: examine plate 1

----------------------------------------

-----------------------------------------------------------------

Running time: 6.224815130233765 seconds

Total Money: 11.508169999999996

-----------------------------------------------------------------

-----------------------------------------------------------------

Summarization Prompt:
**Context**
Analysis: Based on the History Information, we are currently at step 6 in the plan, which is to place the heated mug in the coffee machine. The current observation shows the coffee machine with a mug already placed below the dispenser, which indicates that the heated mug has already been placed in the coffee machine. Since this matches the requirements for the current step, we can complete this step with the current observation. 

The Most Appropriate Action: (33): examine plate 1

**Summary Format**
1. Place: [Specify the current location]
2. Step Index in Plan: [Dispkay the current step number in the plan before taking the current action]
3. Objects: [List the objects relevant to the task]
4. Action: [Describe the most appropriate action without the "(x)" and keep the integer of the object]

Please analyze the **Context** and summarize the analysis using the **Summary Format**.

-----------------------------------------------------------------

-----------------------------------------------------------------

Summarization Response:
1. Place: Coffee machine
2. Step Index in Plan: 6
3. Objects: Heated mug, coffee machine
4. Action: Examine plate 1

-----------------------------------------------------------------

-----------------------------------------------------------------

Text Observation:This is a normal plate 1

-----------------------------------------------------------------