---------------------------------------------------------task: 25---------------------------------------------------------
--------------------------------------------------------------------------------------------------------------------------------------------------------------------
--------------------------------------------------------------------------------------------------------------------------------------------------------------------
Step:--------------------------------------------------------------------------0-------------------------------------------------------------------------------
----------------------------------------
VLM Prompt:
Image1:
<image>
**Instruction**
1. Analyze the provided images to identify all visible household objects and compare the difference between images (e.h. whether the object is opened or not and taken on hand or not), focusing on those relevant to the task description "find two dishsponge and put them in cart."
2. Use the analysis of images and the task hint "The agent must find an object of the desired type, pick it up, find the correct location to place it, put it down there, then look for another object of the desired type, pick it up, return to previous location, and put it down there with the other object." to answer the question: what is the most reasonable action in the choices for the task description "find two dishsponge and put them in cart"?
3. Decide and write the answer using the template: The answer is: (i): <selected_action>, where i is the real number. If there is no desired object in images, search every place based on **Initial Observation** to find the object. And if no one is exactly correct, choose a similar answer.

**Initial Observation**
You are in the middle of a room. Looking quickly around you, you can see bathtub (1), bathtubbasin (1), cart (1), toilet (1), garbagecan (1), toiletpaperhanger (1), shelf (1-4), sink (1), sinkbasin (1), handtowelholder (1)

**Answer Choices**
(1): go to bathtub 1
(2): go to bathtubbasin 1
(3): go to cart 1
(4): go to toilet 1
(5): go to garbagecan 1
(6): go to toiletpaperhanger 1
(7): go to shelf 1
(8): go to shelf 2
(9): go to shelf 3
(10): go to shelf 4
(11): go to sink 1
(12): go to sinkbasin 1
(13): go to handtowelholder 1


**Answer**
Let's think step by step by following the instructions.
----------------------------------------

----------------------------------------

Original Response:
Image 1 does not show any dishsponge or cart. Based on the initial observation, the most reasonable action to start with would be to go to the locations where a dishsponge is likely to be found. The cart is also mentioned as an object in the room, but since we are at the beginning of the task, we should first find the dishsponges. Shelves are typical places where dishsponges might be stored in a household setting.

The answer is: (7): go to shelf 1. If the dishsponge is not found there, the next actions would be to check the other shelves in numerical order, as they are the most probable locations for finding a dishsponge.

----------------------------------------

----------------------------------------

>>> Refine Original VLM Response and Get Pure Action: go to shelf 1

----------------------------------------

-----------------------------------------------------------------

Running time: 7.109422922134399 seconds

Total Money: 12.675530000000004

-----------------------------------------------------------------

-----------------------------------------------------------------

Text Observation:You arrive at loc 6. On the shelf 1, you see a papertowelroll 1, a toiletpaper 1, and a soapbar 1.

--------------------------------------------------------------------------------------------------------------------------task: 25---------------------------------------------------------
--------------------------------------------------------------------------------------------------------------------------------------------------------------------
--------------------------------------------------------------------------------------------------------------------------------------------------------------------
Step:--------------------------------------------------------------------------1-------------------------------------------------------------------------------
----------------------------------------
VLM Prompt:
Image1:
<image>
Image2:
<image>
**Instruction**
1. Analyze the provided images to identify all visible household objects and compare the difference between images (e.h. whether the object is opened or not and taken on hand or not), focusing on those relevant to the task description "find two dishsponge and put them in cart."
2. Use the analysis of images and the task hint "The agent must find an object of the desired type, pick it up, find the correct location to place it, put it down there, then look for another object of the desired type, pick it up, return to previous location, and put it down there with the other object." to answer the question: what is the most reasonable action in the choices for the task description "find two dishsponge and put them in cart"?
3. Decide and write the answer using the template: The answer is: (i): <selected_action>, where i is the real number. If there is no desired object in images, search every place based on **Initial Observation** to find the object. And if no one is exactly correct, choose a similar answer.

**Initial Observation**
You are in the middle of a room. Looking quickly around you, you can see bathtub (1), bathtubbasin (1), cart (1), toilet (1), garbagecan (1), toiletpaperhanger (1), shelf (1-4), sink (1), sinkbasin (1), handtowelholder (1)

**Answer Choices**
(1): go to bathtub 1
(2): go to bathtubbasin 1
(3): go to cart 1
(4): go to toilet 1
(5): go to garbagecan 1
(6): go to toiletpaperhanger 1
(7): go to shelf 2
(8): go to shelf 3
(9): go to shelf 4
(10): go to sink 1
(11): go to sinkbasin 1
(12): go to handtowelholder 1
(13): take papertowelroll 1 from shelf 1
(14): take toiletpaper 1 from shelf 1
(15): take soapbar 1 from shelf 1
(16): examine shelf 1


**Answer**
Let's think step by step by following the instructions.
----------------------------------------

----------------------------------------

Original Response:
Image Analysis:
- Image 1 shows a bathroom wall with a handtowelholder, a mirror reflecting a bathtub with items on the edge, a sink with items on it, and a toilet in the background. However, no dishsponge is visible in this image.
- Image 2 shows a shelf with three levels. On the top level, there is a toilet paper roll, and on the middle level, there is an unidentified object that could be a dishsponge but is not clearly visible or identifiable as such.

Task Hint Analysis:
- According to the task hint, the agent needs to find a dishsponge, pick it up, find the cart, and put it down there. Then, the agent needs to find another dishsponge, pick it up, and put it down in the cart next to the first one.

Initial Observation:
- The initial observation lists various objects and locations within the room, including a cart and shelves.

Decision:
- Since no dishsponge is clearly visible in the images, the agent should search every place based on the initial observation to find the object.
- The cart is already mentioned in the initial observation, so it is likely where the agent needs to put the dishsponges once found.

The answer is: (3): go to cart 1. This action aligns with the task description to put the dishsponges in the cart. However, since no dishsponge is visible, the agent should first search the shelves or other locations mentioned in the initial observation to find the dishsponges before going to the cart.

----------------------------------------

----------------------------------------

>>> Refine Original VLM Response and Get Pure Action: go to cart 1

----------------------------------------

-----------------------------------------------------------------

Running time: 16.564916133880615 seconds

Total Money: 12.705520000000003

-----------------------------------------------------------------

-----------------------------------------------------------------

Text Observation:You arrive at loc 2. On the cart 1, you see a cloth 1, and a toiletpaper 2.

--------------------------------------------------------------------------------------------------------------------------task: 25---------------------------------------------------------
--------------------------------------------------------------------------------------------------------------------------------------------------------------------
--------------------------------------------------------------------------------------------------------------------------------------------------------------------
Step:--------------------------------------------------------------------------2-------------------------------------------------------------------------------
----------------------------------------
VLM Prompt:
Image1:
<image>
Image2:
<image>
**Instruction**
1. Analyze the provided images to identify all visible household objects and compare the difference between images (e.h. whether the object is opened or not and taken on hand or not), focusing on those relevant to the task description "find two dishsponge and put them in cart."
2. Use the analysis of images and the task hint "The agent must find an object of the desired type, pick it up, find the correct location to place it, put it down there, then look for another object of the desired type, pick it up, return to previous location, and put it down there with the other object." to answer the question: what is the most reasonable action in the choices for the task description "find two dishsponge and put them in cart"?
3. Decide and write the answer using the template: The answer is: (i): <selected_action>, where i is the real number. If there is no desired object in images, search every place based on **Initial Observation** to find the object. And if no one is exactly correct, choose a similar answer.

**Initial Observation**
You are in the middle of a room. Looking quickly around you, you can see bathtub (1), bathtubbasin (1), cart (1), toilet (1), garbagecan (1), toiletpaperhanger (1), shelf (1-4), sink (1), sinkbasin (1), handtowelholder (1)

**Answer Choices**
(1): go to bathtub 1
(2): go to bathtubbasin 1
(3): go to toilet 1
(4): go to garbagecan 1
(5): go to toiletpaperhanger 1
(6): go to shelf 2
(7): go to shelf 3
(8): go to shelf 4
(9): go to sink 1
(10): go to sinkbasin 1
(11): go to handtowelholder 1
(12): take cloth 1 from cart 1
(13): take toiletpaper 2 from cart 1
(14): examine cart 1


**Answer**
Let's think step by step by following the instructions.
----------------------------------------

----------------------------------------

Original Response:
First, we analyze the provided images. In Image 1, we can see a shelf with three levels. There are two objects visible on the top level of the shelf; one looks like a toiletpaper roll, and the other object is unclear but does not resemble a dishsponge. There is also an object on the middle shelf, which appears to be a brown cylindrical object, possibly a cork, but again, not a dishsponge. Image 2 shows a cart with a black object on it, which could be a piece of clothing but not a dishsponge.

Next, we use the analysis of images and the task hint to decide the most reasonable action. Since we are looking for dishsponges and neither of the images shows a dishsponge, we should search every place based on the Initial Observation list to find the object.

Now, looking at the answer choices, none of the go-to options mention a dishsponge or an area where a dishsponge is likely to be found, like a sink or dishwashing area. Therefore, the most reasonable action would be to examine the cart (choice 14) since the cart is mentioned in the task description, and we have not found the dishsponges in the provided images.

The answer is: (14): examine cart 1

----------------------------------------

----------------------------------------

>>> Refine Original VLM Response and Get Pure Action: examine cart 1

----------------------------------------

-----------------------------------------------------------------

Running time: 13.507335186004639 seconds

Total Money: 12.733610000000004

-----------------------------------------------------------------

-----------------------------------------------------------------

Text Observation:On the cart 1, you see a cloth 1, and a toiletpaper 2.

--------------------------------------------------------------------------------------------------------------------------task: 25---------------------------------------------------------
--------------------------------------------------------------------------------------------------------------------------------------------------------------------
--------------------------------------------------------------------------------------------------------------------------------------------------------------------
Step:--------------------------------------------------------------------------3-------------------------------------------------------------------------------
----------------------------------------
VLM Prompt:
Image1:
<image>
Image2:
<image>
**Instruction**
1. Analyze the provided images to identify all visible household objects and compare the difference between images (e.h. whether the object is opened or not and taken on hand or not), focusing on those relevant to the task description "find two dishsponge and put them in cart."
2. Use the analysis of images and the task hint "The agent must find an object of the desired type, pick it up, find the correct location to place it, put it down there, then look for another object of the desired type, pick it up, return to previous location, and put it down there with the other object." to answer the question: what is the most reasonable action in the choices for the task description "find two dishsponge and put them in cart"?
3. Decide and write the answer using the template: The answer is: (i): <selected_action>, where i is the real number. If there is no desired object in images, search every place based on **Initial Observation** to find the object. And if no one is exactly correct, choose a similar answer.

**Initial Observation**
You are in the middle of a room. Looking quickly around you, you can see bathtub (1), bathtubbasin (1), cart (1), toilet (1), garbagecan (1), toiletpaperhanger (1), shelf (1-4), sink (1), sinkbasin (1), handtowelholder (1)

**Answer Choices**
(1): go to bathtub 1
(2): go to bathtubbasin 1
(3): go to toilet 1
(4): go to garbagecan 1
(5): go to toiletpaperhanger 1
(6): go to shelf 2
(7): go to shelf 3
(8): go to shelf 4
(9): go to sink 1
(10): go to sinkbasin 1
(11): go to handtowelholder 1
(12): take cloth 1 from cart 1
(13): take toiletpaper 2 from cart 1


**Answer**
Let's think step by step by following the instructions.
----------------------------------------

----------------------------------------

Original Response:
1. Analyzing the images, we can see a cart with some objects on it. The only object that we can clearly identify is a black cloth on the cart, which does not resemble a dish sponge. There are no other objects visible in the images that can be identified as a dish sponge. There is no difference between the two images provided.

2. Based on the task hint, the agent needs to find two dish sponges and put them in the cart. Since we do not see any dish sponges in the images, we need to search for them in the location mentioned in the initial observation.

3. Since the locations mentioned in the initial observation do not include a specific place where a dish sponge is typically found (like near a sink or on a shelf in a kitchen), we have to choose the most similar answer that could potentially have a dish sponge.

The answer is: (8): go to shelf 4, because shelves are common places to find cleaning items such as dish sponges, and since shelves 1 to 3 are not mentioned as options, shelf 4 is the most reasonable choice based on the information provided. If the dish sponge is not found there, the agent should continue searching the other locations listed in the initial observation.

----------------------------------------

----------------------------------------

>>> Refine Original VLM Response and Get Pure Action: go to shelf 4, because shelves are common places to find cleaning items such as dish sponges, and since shelves 1 to 3 are not mentioned as options, shelf 4 is the most reasonable choice based on the information provided

----------------------------------------

-----------------------------------------------------------------

Running time: 18.07344913482666 seconds

Total Money: 12.761290000000004

-----------------------------------------------------------------

-----------------------------------------------------------------

Text Observation:Nothing happens.

--------------------------------------------------------------------------------------------------------------------------task: 25---------------------------------------------------------
--------------------------------------------------------------------------------------------------------------------------------------------------------------------
--------------------------------------------------------------------------------------------------------------------------------------------------------------------
Step:--------------------------------------------------------------------------4-------------------------------------------------------------------------------
----------------------------------------
VLM Prompt:
Image1:
<image>
Image2:
<image>
**Instruction**
1. Analyze the provided images to identify all visible household objects and compare the difference between images (e.h. whether the object is opened or not and taken on hand or not), focusing on those relevant to the task description "find two dishsponge and put them in cart."
2. Use the analysis of images and the task hint "The agent must find an object of the desired type, pick it up, find the correct location to place it, put it down there, then look for another object of the desired type, pick it up, return to previous location, and put it down there with the other object." to answer the question: what is the most reasonable action in the choices for the task description "find two dishsponge and put them in cart"?
3. Decide and write the answer using the template: The answer is: (i): <selected_action>, where i is the real number. If there is no desired object in images, search every place based on **Initial Observation** to find the object. And if no one is exactly correct, choose a similar answer.

**Initial Observation**
You are in the middle of a room. Looking quickly around you, you can see bathtub (1), bathtubbasin (1), cart (1), toilet (1), garbagecan (1), toiletpaperhanger (1), shelf (1-4), sink (1), sinkbasin (1), handtowelholder (1)

**Answer Choices**
(1): go to bathtub 1
(2): go to bathtubbasin 1
(3): go to toilet 1
(4): go to garbagecan 1
(5): go to toiletpaperhanger 1
(6): go to shelf 1
(7): go to shelf 2
(8): go to shelf 3
(9): go to shelf 4
(10): go to sink 1
(11): go to sinkbasin 1
(12): go to handtowelholder 1
(13): take cloth 1 from cart 1
(14): take toiletpaper 2 from cart 1


**Answer**
Let's think step by step by following the instructions.
----------------------------------------

----------------------------------------

Original Response:
Firstly, we analyze the images provided. In both Image1 and Image2, we can see a cart with a dark-colored cloth or dish sponge on it. There are no other household objects visible in the images that are relevant to the task description.

Based on the task hint, the agent needs to find an object of the desired type, which is a dish sponge. Since we can see a dish sponge on the cart in both images, it is likely that the agent has already found one dish sponge and placed it in the cart.

For the next step in the task, the agent should look for another dish sponge to place it with the first one in the cart. However, no other dish sponges are visible in the provided images. Therefore, the agent must search every place based on the initial observation to find another dish sponge.

Considering the initial observation and the household objects listed, the most reasonable locations to look for a dish sponge would be in the sink, sink basin, or on a shelf near the sink. 

The answer is: (8): go to shelf 3. If there is no dish sponge on shelf 3, the agent should continue to search other locations listed in the initial observation, such as the sink, sink basin, or other shelves.

----------------------------------------

----------------------------------------

>>> Refine Original VLM Response and Get Pure Action: go to shelf 3

----------------------------------------

-----------------------------------------------------------------

Running time: 17.17312502861023 seconds

Total Money: 12.789090000000003

-----------------------------------------------------------------

-----------------------------------------------------------------

Text Observation:You arrive at loc 8. On the shelf 3, you see a papertowelroll 1, a toiletpaper 1, and a soapbar 1.

--------------------------------------------------------------------------------------------------------------------------task: 25---------------------------------------------------------
--------------------------------------------------------------------------------------------------------------------------------------------------------------------
--------------------------------------------------------------------------------------------------------------------------------------------------------------------
Step:--------------------------------------------------------------------------5-------------------------------------------------------------------------------
----------------------------------------
VLM Prompt:
Image1:
<image>
Image2:
<image>
**Instruction**
1. Analyze the provided images to identify all visible household objects and compare the difference between images (e.h. whether the object is opened or not and taken on hand or not), focusing on those relevant to the task description "find two dishsponge and put them in cart."
2. Use the analysis of images and the task hint "The agent must find an object of the desired type, pick it up, find the correct location to place it, put it down there, then look for another object of the desired type, pick it up, return to previous location, and put it down there with the other object." to answer the question: what is the most reasonable action in the choices for the task description "find two dishsponge and put them in cart"?
3. Decide and write the answer using the template: The answer is: (i): <selected_action>, where i is the real number. If there is no desired object in images, search every place based on **Initial Observation** to find the object. And if no one is exactly correct, choose a similar answer.

**Initial Observation**
You are in the middle of a room. Looking quickly around you, you can see bathtub (1), bathtubbasin (1), cart (1), toilet (1), garbagecan (1), toiletpaperhanger (1), shelf (1-4), sink (1), sinkbasin (1), handtowelholder (1)

**Answer Choices**
(1): go to bathtub 1
(2): go to bathtubbasin 1
(3): go to cart 1
(4): go to toilet 1
(5): go to garbagecan 1
(6): go to toiletpaperhanger 1
(7): go to shelf 1
(8): go to shelf 2
(9): go to shelf 4
(10): go to sink 1
(11): go to sinkbasin 1
(12): go to handtowelholder 1
(13): take papertowelroll 1 from shelf 3
(14): take toiletpaper 1 from shelf 3
(15): take soapbar 1 from shelf 3
(16): examine shelf 3


**Answer**
Let's think step by step by following the instructions.
----------------------------------------

----------------------------------------

Original Response:
Image Analysis:
- In Image 1, there is a cart with a hand towel on one of its shelves. There are no dish sponges visible in the image.
- In Image 2, there is a shelf with a roll of toilet paper on the top shelf and a soap bar on the bottom shelf. There is no dish sponge visible in the image.

Task Analysis:
The task is to find two dish sponges and put them in the cart. Based on the initial observation, we need to search for the dish sponges in the locations mentioned.

Answer Choices Analysis:
- Choices (1) to (12) are all commands to go to different locations within the room.
- Choices (13) to (15) are actions to take different items from shelf 3.
- Choice (16) is to examine shelf 3.

Based on the task description and the initial observation, we need to find dish sponges and put them in the cart. Since no dish sponges are visible in the provided images, we should search for them in the locations listed in the initial observation. 

The answer is: (16): examine shelf 3, as this action aligns with the task of finding the dish sponges and shelf 3 has not been shown in the images, so it is a reasonable place to start looking based on the initial observation. If the dish sponges are not found on shelf 3, we should proceed to search the other locations.

----------------------------------------

----------------------------------------

>>> Refine Original VLM Response and Get Pure Action: examine shelf 3, as this action aligns with the task of finding the dish sponges and shelf 3 has not been shown in the images, so it is a reasonable place to start looking based on the initial observation

----------------------------------------

-----------------------------------------------------------------

Running time: 15.233182907104492 seconds

Total Money: 12.818480000000003

-----------------------------------------------------------------

-----------------------------------------------------------------

Text Observation:Nothing happens.

--------------------------------------------------------------------------------------------------------------------------task: 25---------------------------------------------------------
--------------------------------------------------------------------------------------------------------------------------------------------------------------------
--------------------------------------------------------------------------------------------------------------------------------------------------------------------
Step:--------------------------------------------------------------------------6-------------------------------------------------------------------------------
----------------------------------------
VLM Prompt:
Image1:
<image>
Image2:
<image>
**Instruction**
1. Analyze the provided images to identify all visible household objects and compare the difference between images (e.h. whether the object is opened or not and taken on hand or not), focusing on those relevant to the task description "find two dishsponge and put them in cart."
2. Use the analysis of images and the task hint "The agent must find an object of the desired type, pick it up, find the correct location to place it, put it down there, then look for another object of the desired type, pick it up, return to previous location, and put it down there with the other object." to answer the question: what is the most reasonable action in the choices for the task description "find two dishsponge and put them in cart"?
3. Decide and write the answer using the template: The answer is: (i): <selected_action>, where i is the real number. If there is no desired object in images, search every place based on **Initial Observation** to find the object. And if no one is exactly correct, choose a similar answer.

**Initial Observation**
You are in the middle of a room. Looking quickly around you, you can see bathtub (1), bathtubbasin (1), cart (1), toilet (1), garbagecan (1), toiletpaperhanger (1), shelf (1-4), sink (1), sinkbasin (1), handtowelholder (1)

**Answer Choices**
(1): go to bathtub 1
(2): go to bathtubbasin 1
(3): go to cart 1
(4): go to toilet 1
(5): go to garbagecan 1
(6): go to toiletpaperhanger 1
(7): go to shelf 1
(8): go to shelf 2
(9): go to shelf 4
(10): go to sink 1
(11): go to sinkbasin 1
(12): go to handtowelholder 1
(13): take papertowelroll 1 from shelf 3
(14): take toiletpaper 1 from shelf 3
(15): take soapbar 1 from shelf 3
(16): examine shelf 3


**Answer**
Let's think step by step by following the instructions.
----------------------------------------

----------------------------------------

Original Response:
Image Analysis:
In both images, we can see a shelf with multiple objects on it. On the top shelf, there is a roll of toilet paper and a pink bar which could be soap or a sponge. On the third shelf, there is a cylindrical brown object that looks like a papertowelroll or a dishsponge. There are no significant differences between the two images, and none of the objects seem to be taken or moved.

Task Hint Analysis:
Based on the task description "find two dishsponge and put them in cart," and the task hint, the most reasonable action would be to first locate and pick up a dishsponge, then place it in the cart, and finally repeat the process with another dishsponge.

Answer Selection:
Given the initial observation that there is a cart in the room, and based on the images provided, the most reasonable action from the choices would be to examine the shelf where the potential dishsponge is located, which is shelf 3, to confirm whether the object is indeed a dishsponge. Therefore, the answer would be:

The answer is: (16): examine shelf 3

----------------------------------------

----------------------------------------

>>> Refine Original VLM Response and Get Pure Action: examine shelf 3

----------------------------------------

-----------------------------------------------------------------

Running time: 13.579276084899902 seconds

Total Money: 12.845740000000003

-----------------------------------------------------------------

-----------------------------------------------------------------

Text Observation:On the shelf 3, you see a papertowelroll 1, a toiletpaper 1, and a soapbar 1.

--------------------------------------------------------------------------------------------------------------------------task: 25---------------------------------------------------------
--------------------------------------------------------------------------------------------------------------------------------------------------------------------
--------------------------------------------------------------------------------------------------------------------------------------------------------------------
Step:--------------------------------------------------------------------------7-------------------------------------------------------------------------------
----------------------------------------
VLM Prompt:
Image1:
<image>
Image2:
<image>
**Instruction**
1. Analyze the provided images to identify all visible household objects and compare the difference between images (e.h. whether the object is opened or not and taken on hand or not), focusing on those relevant to the task description "find two dishsponge and put them in cart."
2. Use the analysis of images and the task hint "The agent must find an object of the desired type, pick it up, find the correct location to place it, put it down there, then look for another object of the desired type, pick it up, return to previous location, and put it down there with the other object." to answer the question: what is the most reasonable action in the choices for the task description "find two dishsponge and put them in cart"?
3. Decide and write the answer using the template: The answer is: (i): <selected_action>, where i is the real number. If there is no desired object in images, search every place based on **Initial Observation** to find the object. And if no one is exactly correct, choose a similar answer.

**Initial Observation**
You are in the middle of a room. Looking quickly around you, you can see bathtub (1), bathtubbasin (1), cart (1), toilet (1), garbagecan (1), toiletpaperhanger (1), shelf (1-4), sink (1), sinkbasin (1), handtowelholder (1)

**Answer Choices**
(1): go to bathtub 1
(2): go to bathtubbasin 1
(3): go to cart 1
(4): go to toilet 1
(5): go to garbagecan 1
(6): go to toiletpaperhanger 1
(7): go to shelf 1
(8): go to shelf 2
(9): go to shelf 4
(10): go to sink 1
(11): go to sinkbasin 1
(12): go to handtowelholder 1
(13): take papertowelroll 1 from shelf 3
(14): take toiletpaper 1 from shelf 3
(15): take soapbar 1 from shelf 3


**Answer**
Let's think step by step by following the instructions.
----------------------------------------

----------------------------------------

Original Response:
Image Analysis:
- In both Image 1 and Image 2, we can see a shelf with multiple levels. 
- On the top level of the shelf, there appears to be a roll of toilet paper and a pink bar of soap.
- On the third level, there is a cylindrical brown object, which does not resemble a dish sponge.

Based on the task description "find two dishsponge and put them in cart," we are looking for dish sponges, not toilet paper or soap bars.

Task Hint Analysis:
- The task hint suggests that we should look for the desired object (dish sponge), pick it up, find the cart, and place it in the cart. Then, we should repeat the process for the second dish sponge.

Answer Choices Analysis:
- Choices (1) to (12) suggest going to various locations within the room, but none of these choices specify looking for or picking up a dish sponge.
- Choices (13) to (15) suggest taking objects from shelf 3, but none of these objects are dish sponges.

Since neither of the images shows a dish sponge and none of the answer choices directly involve finding or taking a dish sponge, we must rely on the Initial Observation to search for the object.

Initial Observation Analysis:
- The initial observation lists various items and locations within the room, including shelves, which are common places to find dish sponges.

Conclusion:
Based on the analysis, the most reasonable action to take for the task "find two dishsponge and put them in cart" is to search the shelves, as dish sponges are typically found there, and the images do not provide any evidence of dish sponges.

The answer is: (7): go to shelf 1

If no dish sponge is found on shelf 1, the next reasonable action would be to continue searching the other shelves as mentioned in the Initial Observation.

----------------------------------------

----------------------------------------

>>> Refine Original VLM Response and Get Pure Action: go to shelf 1

If no dish sponge is found on shelf 1, the next reasonable action would be to continue searching the other shelves as mentioned in the Initial Observation

----------------------------------------

-----------------------------------------------------------------

Running time: 14.37688398361206 seconds

Total Money: 12.877570000000002

-----------------------------------------------------------------

-----------------------------------------------------------------

Text Observation:Nothing happens.

--------------------------------------------------------------------------------------------------------------------------task: 25---------------------------------------------------------
--------------------------------------------------------------------------------------------------------------------------------------------------------------------
--------------------------------------------------------------------------------------------------------------------------------------------------------------------
Step:--------------------------------------------------------------------------8-------------------------------------------------------------------------------
----------------------------------------
VLM Prompt:
Image1:
<image>
Image2:
<image>
**Instruction**
1. Analyze the provided images to identify all visible household objects and compare the difference between images (e.h. whether the object is opened or not and taken on hand or not), focusing on those relevant to the task description "find two dishsponge and put them in cart."
2. Use the analysis of images and the task hint "The agent must find an object of the desired type, pick it up, find the correct location to place it, put it down there, then look for another object of the desired type, pick it up, return to previous location, and put it down there with the other object." to answer the question: what is the most reasonable action in the choices for the task description "find two dishsponge and put them in cart"?
3. Decide and write the answer using the template: The answer is: (i): <selected_action>, where i is the real number. If there is no desired object in images, search every place based on **Initial Observation** to find the object. And if no one is exactly correct, choose a similar answer.

**Initial Observation**
You are in the middle of a room. Looking quickly around you, you can see bathtub (1), bathtubbasin (1), cart (1), toilet (1), garbagecan (1), toiletpaperhanger (1), shelf (1-4), sink (1), sinkbasin (1), handtowelholder (1)

**Answer Choices**
(1): go to bathtub 1
(2): go to bathtubbasin 1
(3): go to cart 1
(4): go to toilet 1
(5): go to garbagecan 1
(6): go to toiletpaperhanger 1
(7): go to shelf 1
(8): go to shelf 2
(9): go to shelf 4
(10): go to sink 1
(11): go to sinkbasin 1
(12): go to handtowelholder 1
(13): take papertowelroll 1 from shelf 3
(14): take toiletpaper 1 from shelf 3
(15): take soapbar 1 from shelf 3


**Answer**
Let's think step by step by following the instructions.
----------------------------------------

----------------------------------------

Original Response:
1. In both images, we can see a shelf with three shelves. On the top shelf, there is a toilet paper roll (toiletpaper 1) and a pink soap bar (soapbar 1). On the middle shelf, there is a brown object (papertowelroll 1). The bottom shelf is empty. There is no visible dish sponge in either image.

2. Based on the task description "find two dishsponges and put them in cart," the agent needs to find dish sponges, which are not visible in the images provided. Therefore, the agent must search other locations mentioned in the Initial Observation to find the dish sponges.

3. Using the template provided, the answer would be: The answer is: (i): <selected_action>, where i is the real number. Since we do not see any dish sponges in the images, we need to search in other places. The most logical places to find a dish sponge would be near the sink or sinkbasin, as dish sponges are typically used for cleaning dishes or surfaces in a kitchen or bathroom setting. 

The answer is: (11): go to sinkbasin 1.

----------------------------------------

----------------------------------------

>>> Refine Original VLM Response and Get Pure Action: No action

----------------------------------------

-----------------------------------------------------------------

Running time: 10.493510723114014 seconds

Total Money: 12.905230000000001

-----------------------------------------------------------------

-----------------------------------------------------------------

Text Observation:Nothing happens.

--------------------------------------------------------------------------------------------------------------------------task: 25---------------------------------------------------------
--------------------------------------------------------------------------------------------------------------------------------------------------------------------
--------------------------------------------------------------------------------------------------------------------------------------------------------------------
Step:--------------------------------------------------------------------------9-------------------------------------------------------------------------------
----------------------------------------
VLM Prompt:
Image1:
<image>
Image2:
<image>
**Instruction**
1. Analyze the provided images to identify all visible household objects and compare the difference between images (e.h. whether the object is opened or not and taken on hand or not), focusing on those relevant to the task description "find two dishsponge and put them in cart."
2. Use the analysis of images and the task hint "The agent must find an object of the desired type, pick it up, find the correct location to place it, put it down there, then look for another object of the desired type, pick it up, return to previous location, and put it down there with the other object." to answer the question: what is the most reasonable action in the choices for the task description "find two dishsponge and put them in cart"?
3. Decide and write the answer using the template: The answer is: (i): <selected_action>, where i is the real number. If there is no desired object in images, search every place based on **Initial Observation** to find the object. And if no one is exactly correct, choose a similar answer.

**Initial Observation**
You are in the middle of a room. Looking quickly around you, you can see bathtub (1), bathtubbasin (1), cart (1), toilet (1), garbagecan (1), toiletpaperhanger (1), shelf (1-4), sink (1), sinkbasin (1), handtowelholder (1)

**Answer Choices**
(1): go to bathtub 1
(2): go to bathtubbasin 1
(3): go to cart 1
(4): go to toilet 1
(5): go to garbagecan 1
(6): go to toiletpaperhanger 1
(7): go to shelf 1
(8): go to shelf 2
(9): go to shelf 4
(10): go to sink 1
(11): go to sinkbasin 1
(12): go to handtowelholder 1
(13): take papertowelroll 1 from shelf 3
(14): take toiletpaper 1 from shelf 3
(15): take soapbar 1 from shelf 3


**Answer**
Let's think step by step by following the instructions.
----------------------------------------

----------------------------------------

Original Response:
First, we analyze the images. In both Image1 and Image2, we can see a shelf with various objects on it. On shelf 3, there is a toilet paper roll and a soap bar. There is no visible difference between the two images regarding the objects' state (e.g., opened or not, taken on hand or not).

Based on the task description "find two dishsponge and put them in cart" and the task hint provided, we need to find an object of the desired type, which is a dish sponge. However, neither of the images shows a dish sponge, and it is not listed in the initial observation of household objects. Therefore, we must search every place based on the initial observation to find the object.

Considering the answer choices, none of them directly mention a dish sponge. Since the task is to find dish sponges and put them in the cart, the most reasonable action would be to go to locations where a dish sponge might be found, which is not specified in the choices. As the shelf has been the place with objects on it, it might be the most likely place to find a dish sponge. Since "shelf 3" has been identified in the images, we should start by checking the other shelves.

The answer is: (9): go to shelf 4, as this is a place we haven't observed yet and might contain the dish sponge we are looking for. If the dish sponge is not found there, we would continue searching the other unmentioned shelves or locations.

----------------------------------------

----------------------------------------

>>> Refine Original VLM Response and Get Pure Action: go to shelf 4, as this is a place we haven't observed yet and might contain the dish sponge we are looking for

----------------------------------------

-----------------------------------------------------------------

Running time: 12.80354118347168 seconds

Total Money: 12.934780000000002

-----------------------------------------------------------------

-----------------------------------------------------------------

Text Observation:Nothing happens.

--------------------------------------------------------------------------------------------------------------------------task: 25---------------------------------------------------------
--------------------------------------------------------------------------------------------------------------------------------------------------------------------
--------------------------------------------------------------------------------------------------------------------------------------------------------------------
Step:--------------------------------------------------------------------------10-------------------------------------------------------------------------------
----------------------------------------
VLM Prompt:
Image1:
<image>
Image2:
<image>
**Instruction**
1. Analyze the provided images to identify all visible household objects and compare the difference between images (e.h. whether the object is opened or not and taken on hand or not), focusing on those relevant to the task description "find two dishsponge and put them in cart."
2. Use the analysis of images and the task hint "The agent must find an object of the desired type, pick it up, find the correct location to place it, put it down there, then look for another object of the desired type, pick it up, return to previous location, and put it down there with the other object." to answer the question: what is the most reasonable action in the choices for the task description "find two dishsponge and put them in cart"?
3. Decide and write the answer using the template: The answer is: (i): <selected_action>, where i is the real number. If there is no desired object in images, search every place based on **Initial Observation** to find the object. And if no one is exactly correct, choose a similar answer.

**Initial Observation**
You are in the middle of a room. Looking quickly around you, you can see bathtub (1), bathtubbasin (1), cart (1), toilet (1), garbagecan (1), toiletpaperhanger (1), shelf (1-4), sink (1), sinkbasin (1), handtowelholder (1)

**Answer Choices**
(1): go to bathtub 1
(2): go to bathtubbasin 1
(3): go to cart 1
(4): go to toilet 1
(5): go to garbagecan 1
(6): go to toiletpaperhanger 1
(7): go to shelf 1
(8): go to shelf 2
(9): go to shelf 4
(10): go to sink 1
(11): go to sinkbasin 1
(12): go to handtowelholder 1
(13): take papertowelroll 1 from shelf 3
(14): take toiletpaper 1 from shelf 3
(15): take soapbar 1 from shelf 3
(16): examine shelf 3


**Answer**
Let's think step by step by following the instructions.
----------------------------------------

----------------------------------------

Original Response:
Image Analysis:
In both images, we can see a shelf (presumably shelf 3 based on the task hint) with three visible objects. On the top shelf, there is a toiletpaper roll (toiletpaper 1). On the middle shelf, there is an unidentified cylindrical object, which does not resemble a dishsponge. On the bottom shelf, there is a soapbar (soapbar 1). There is no visible dishsponge in either image.

Task Hint Analysis:
The task requires the agent to find two dishsponges and put them in a cart. Following the hint, the agent must first locate a dishsponge, pick it up, find the cart, place the dishsponge in the cart, and then repeat the process for a second dishsponge.

Answer Choices Analysis:
Based on the initial observation, the most likely places to find a dishsponge would be on a shelf, sink, or sinkbasin. The answer choices related to shelves are (7), (8), (9), and (16). Since we have already examined shelf 3 in the images and there is no dishsponge, the next reasonable action would be to examine another shelf.

The answer is: (9): go to shelf 4. If no dishsponge is found on shelf 4, the agent should then examine other shelves, the sink, or the sinkbasin.

----------------------------------------

----------------------------------------

>>> Refine Original VLM Response and Get Pure Action: go to shelf 4

----------------------------------------

-----------------------------------------------------------------

Running time: 21.893672466278076 seconds

Total Money: 12.963750000000001

-----------------------------------------------------------------

-----------------------------------------------------------------

Text Observation:You arrive at loc 9. On the shelf 4, you see a papertowelroll 1, a toiletpaper 1, and a soapbar 1.

--------------------------------------------------------------------------------------------------------------------------task: 25---------------------------------------------------------
--------------------------------------------------------------------------------------------------------------------------------------------------------------------
--------------------------------------------------------------------------------------------------------------------------------------------------------------------
Step:--------------------------------------------------------------------------11-------------------------------------------------------------------------------
----------------------------------------
VLM Prompt:
Image1:
<image>
Image2:
<image>
**Instruction**
1. Analyze the provided images to identify all visible household objects and compare the difference between images (e.h. whether the object is opened or not and taken on hand or not), focusing on those relevant to the task description "find two dishsponge and put them in cart."
2. Use the analysis of images and the task hint "The agent must find an object of the desired type, pick it up, find the correct location to place it, put it down there, then look for another object of the desired type, pick it up, return to previous location, and put it down there with the other object." to answer the question: what is the most reasonable action in the choices for the task description "find two dishsponge and put them in cart"?
3. Decide and write the answer using the template: The answer is: (i): <selected_action>, where i is the real number. If there is no desired object in images, search every place based on **Initial Observation** to find the object. And if no one is exactly correct, choose a similar answer.

**Initial Observation**
You are in the middle of a room. Looking quickly around you, you can see bathtub (1), bathtubbasin (1), cart (1), toilet (1), garbagecan (1), toiletpaperhanger (1), shelf (1-4), sink (1), sinkbasin (1), handtowelholder (1)

**Answer Choices**
(1): go to bathtub 1
(2): go to bathtubbasin 1
(3): go to cart 1
(4): go to toilet 1
(5): go to garbagecan 1
(6): go to toiletpaperhanger 1
(7): go to shelf 1
(8): go to shelf 2
(9): go to shelf 3
(10): go to sink 1
(11): go to sinkbasin 1
(12): go to handtowelholder 1
(13): take papertowelroll 1 from shelf 4
(14): take toiletpaper 1 from shelf 4
(15): take soapbar 1 from shelf 4
(16): examine shelf 4


**Answer**
Let's think step by step by following the instructions.
----------------------------------------

----------------------------------------

Original Response:
First, we analyze the images to identify all visible household objects:
- Image 1 shows a shelf with three compartments. On the top compartment, there is a roll of toilet paper (toiletpaper 1) on the left and a bar of soap (soapbar 1) on the right side. On the middle compartment, there is a brown object which could be a dishsponge. The bottom compartment is empty.
- Image 2 shows the same shelf with the same items on the top compartment. However, the middle compartment now has no objects, and the brown object that was there before is now on the bottom compartment.

Comparing the difference between images, we can see that the brown object, which is likely a dishsponge, has been moved from the middle compartment to the bottom compartment.

Given the task description "find two dishsponge and put them in cart," we can deduce that the agent has already found one dishsponge (the brown object) and placed it on the bottom compartment of the shelf. Now the agent needs to find another dishsponge.

According to the task hint, the agent must find an object of the desired type and place it in the correct location, which in this case is the cart. Since we have already identified one dishsponge, the agent needs to find the second one.

The most reasonable action based on the provided images and the task hint would be to first examine the current shelf to see if there is another dishsponge present, and if not, then search other locations. However, since no other locations have been shown in the images, and the answer choices only allow us to select actions related to moving or taking objects from the shelf, we are limited in our options.

The answer is: (16): examine shelf 4, as this is the most reasonable action to find another dishsponge based on the provided information and answer choices. If no dishsponge is found on shelf 4, the agent would need to search every place based on the Initial Observation to find the second dishsponge.

----------------------------------------

----------------------------------------

>>> Refine Original VLM Response and Get Pure Action: examine shelf 4, as this is the most reasonable action to find another dishsponge based on the provided information and answer choices

----------------------------------------

-----------------------------------------------------------------

Running time: 21.83023190498352 seconds

Total Money: 12.996680000000001

-----------------------------------------------------------------

-----------------------------------------------------------------

Text Observation:Nothing happens.

--------------------------------------------------------------------------------------------------------------------------task: 25---------------------------------------------------------
--------------------------------------------------------------------------------------------------------------------------------------------------------------------
--------------------------------------------------------------------------------------------------------------------------------------------------------------------
Step:--------------------------------------------------------------------------12-------------------------------------------------------------------------------
----------------------------------------
VLM Prompt:
Image1:
<image>
Image2:
<image>
**Instruction**
1. Analyze the provided images to identify all visible household objects and compare the difference between images (e.h. whether the object is opened or not and taken on hand or not), focusing on those relevant to the task description "find two dishsponge and put them in cart."
2. Use the analysis of images and the task hint "The agent must find an object of the desired type, pick it up, find the correct location to place it, put it down there, then look for another object of the desired type, pick it up, return to previous location, and put it down there with the other object." to answer the question: what is the most reasonable action in the choices for the task description "find two dishsponge and put them in cart"?
3. Decide and write the answer using the template: The answer is: (i): <selected_action>, where i is the real number. If there is no desired object in images, search every place based on **Initial Observation** to find the object. And if no one is exactly correct, choose a similar answer.

**Initial Observation**
You are in the middle of a room. Looking quickly around you, you can see bathtub (1), bathtubbasin (1), cart (1), toilet (1), garbagecan (1), toiletpaperhanger (1), shelf (1-4), sink (1), sinkbasin (1), handtowelholder (1)

**Answer Choices**
(1): go to bathtub 1
(2): go to bathtubbasin 1
(3): go to cart 1
(4): go to toilet 1
(5): go to garbagecan 1
(6): go to toiletpaperhanger 1
(7): go to shelf 1
(8): go to shelf 2
(9): go to shelf 3
(10): go to sink 1
(11): go to sinkbasin 1
(12): go to handtowelholder 1
(13): take papertowelroll 1 from shelf 4
(14): take toiletpaper 1 from shelf 4
(15): take soapbar 1 from shelf 4
(16): examine shelf 4


**Answer**
Let's think step by step by following the instructions.
----------------------------------------

----------------------------------------

Original Response:
Firstly, we need to identify all visible household objects in the images. In both images, we can see toiletpaper 1 and soapbar 1 on shelf 4. There are no other objects on the shelves, and the images do not show a dishsponge.

Now, according to the task description, "find two dishsponge and put them in cart," we need to locate the dishsponges. Since they are not visible in the images, we should search every place based on the Initial Observation to find the dishsponges.

The answer choices do not directly mention "dishsponge," so we need to think about where a dishsponge would likely be located. It would not be in a bathtub, bathtubbasin, cart, toilet, garbagecan, toiletpaperhanger, or handtowelholder. A sink or sinkbasin could have a dishsponge, but it's not explicitly mentioned in the options. So, we need to examine the shelves, as they could hold various items, including a dishsponge.

The most reasonable action from the choices provided, for the task description "find two dishsponge and put them in cart," is to start by examining the shelves since we have not yet located the dishsponges. Among the answer choices, we have options to go to different shelves or take specific items from shelf 4, but none of these involve taking a dishsponge. Therefore, the best course of action is to examine shelf 4, as it may provide more information about where the dishsponges are located or if they are on that shelf.

The answer is: (16): examine shelf 4.

----------------------------------------

----------------------------------------

>>> Refine Original VLM Response and Get Pure Action: examine shelf 4

----------------------------------------

-----------------------------------------------------------------

Running time: 16.74902629852295 seconds

Total Money: 13.027330000000001

-----------------------------------------------------------------

-----------------------------------------------------------------

Text Observation:On the shelf 4, you see a papertowelroll 1, a toiletpaper 1, and a soapbar 1.

--------------------------------------------------------------------------------------------------------------------------task: 25---------------------------------------------------------
--------------------------------------------------------------------------------------------------------------------------------------------------------------------
--------------------------------------------------------------------------------------------------------------------------------------------------------------------
Step:--------------------------------------------------------------------------13-------------------------------------------------------------------------------
----------------------------------------
VLM Prompt:
Image1:
<image>
Image2:
<image>
**Instruction**
1. Analyze the provided images to identify all visible household objects and compare the difference between images (e.h. whether the object is opened or not and taken on hand or not), focusing on those relevant to the task description "find two dishsponge and put them in cart."
2. Use the analysis of images and the task hint "The agent must find an object of the desired type, pick it up, find the correct location to place it, put it down there, then look for another object of the desired type, pick it up, return to previous location, and put it down there with the other object." to answer the question: what is the most reasonable action in the choices for the task description "find two dishsponge and put them in cart"?
3. Decide and write the answer using the template: The answer is: (i): <selected_action>, where i is the real number. If there is no desired object in images, search every place based on **Initial Observation** to find the object. And if no one is exactly correct, choose a similar answer.

**Initial Observation**
You are in the middle of a room. Looking quickly around you, you can see bathtub (1), bathtubbasin (1), cart (1), toilet (1), garbagecan (1), toiletpaperhanger (1), shelf (1-4), sink (1), sinkbasin (1), handtowelholder (1)

**Answer Choices**
(1): go to bathtub 1
(2): go to bathtubbasin 1
(3): go to cart 1
(4): go to toilet 1
(5): go to garbagecan 1
(6): go to toiletpaperhanger 1
(7): go to shelf 1
(8): go to shelf 2
(9): go to shelf 3
(10): go to sink 1
(11): go to sinkbasin 1
(12): go to handtowelholder 1
(13): take papertowelroll 1 from shelf 4
(14): take toiletpaper 1 from shelf 4
(15): take soapbar 1 from shelf 4


**Answer**
Let's think step by step by following the instructions.
----------------------------------------

----------------------------------------

Original Response:
Image Analysis:
- In both images, we can see a shelf with some objects on it. 
- On the top shelf, there is a papertowelroll and a soapbar. There is no visible difference between the two images regarding these objects. 
- There is no dishsponge visible on the shelf or any other object that would be relevant to the task description.

Task Hint Analysis:
- The task requires the agent to find two dishsponges and put them in the cart. 
- The agent must look for the dishsponge, pick it up, and then put it in the cart. 
- After placing the first dishsponge in the cart, the agent must find the second dishsponge and place it in the cart as well.

Initial Observation Analysis:
- The initial observation provides us with a list of objects and locations in the room. 
- The objects relevant to our task are the cart and the shelf (as it is a common place to store dishsponges). 
- Since there are no dishsponges visible on the shelf in the provided images, we can assume the agent needs to search the shelves.

Selected Action:
- The most reasonable action would be to go to the shelf where the dishsponges might be located. 
- Since the images show shelf 4 and there are no dishsponges there, the agent should check the other shelves.
- The answer choices only list shelf 1, shelf 2, and shelf 3 as options to go to. 
- Therefore, the agent should go to one of the other shelves that have not been checked yet.

The answer is: (7): go to shelf 1

----------------------------------------

----------------------------------------

>>> Refine Original VLM Response and Get Pure Action: go to shelf 1

----------------------------------------

-----------------------------------------------------------------

Running time: 23.625645399093628 seconds

Total Money: 13.057870000000001

-----------------------------------------------------------------

-----------------------------------------------------------------

Text Observation:You arrive at loc 6. On the shelf 1, you see a papertowelroll 1, a toiletpaper 1, and a soapbar 1.

--------------------------------------------------------------------------------------------------------------------------task: 25---------------------------------------------------------
--------------------------------------------------------------------------------------------------------------------------------------------------------------------
--------------------------------------------------------------------------------------------------------------------------------------------------------------------
Step:--------------------------------------------------------------------------14-------------------------------------------------------------------------------
----------------------------------------
VLM Prompt:
Image1:
<image>
Image2:
<image>
**Instruction**
1. Analyze the provided images to identify all visible household objects and compare the difference between images (e.h. whether the object is opened or not and taken on hand or not), focusing on those relevant to the task description "find two dishsponge and put them in cart."
2. Use the analysis of images and the task hint "The agent must find an object of the desired type, pick it up, find the correct location to place it, put it down there, then look for another object of the desired type, pick it up, return to previous location, and put it down there with the other object." to answer the question: what is the most reasonable action in the choices for the task description "find two dishsponge and put them in cart"?
3. Decide and write the answer using the template: The answer is: (i): <selected_action>, where i is the real number. If there is no desired object in images, search every place based on **Initial Observation** to find the object. And if no one is exactly correct, choose a similar answer.

**Initial Observation**
You are in the middle of a room. Looking quickly around you, you can see bathtub (1), bathtubbasin (1), cart (1), toilet (1), garbagecan (1), toiletpaperhanger (1), shelf (1-4), sink (1), sinkbasin (1), handtowelholder (1)

**Answer Choices**
(1): go to bathtub 1
(2): go to bathtubbasin 1
(3): go to cart 1
(4): go to toilet 1
(5): go to garbagecan 1
(6): go to toiletpaperhanger 1
(7): go to shelf 2
(8): go to shelf 3
(9): go to shelf 4
(10): go to sink 1
(11): go to sinkbasin 1
(12): go to handtowelholder 1
(13): take papertowelroll 1 from shelf 1
(14): take toiletpaper 1 from shelf 1
(15): take soapbar 1 from shelf 1
(16): examine shelf 1


**Answer**
Let's think step by step by following the instructions.
----------------------------------------

----------------------------------------

Original Response:
First, we analyze the images provided. In Image 1, we can see a papertowelroll and a soapbar on shelf 1. In Image 2, there is no significant difference in the objects present; both the papertowelroll and the soapbar are still there, and no new objects have appeared.

Now, considering the task description "find two dishsponge and put them in cart," we need to find objects that match the description of a dishsponge. Based on the initial observation, there are no dishsponges visible on shelf 1 in both images.

Using the task hint, the most reasonable action would be to search every place based on the initial observation to find the dishsponge. Since we have not seen any dishsponges on shelf 1, we should move on to examine other locations.

None of the answer choices explicitly direct us to look for a dishsponge, and the images do not show any dishsponges. However, the closest action that aligns with our task of finding an object is to "examine shelf 1" to ensure we didn't miss anything before moving on to other shelves or locations.

The answer is: (16): examine shelf 1.

----------------------------------------

----------------------------------------

>>> Refine Original VLM Response and Get Pure Action: examine shelf 1

----------------------------------------

-----------------------------------------------------------------

Running time: 12.689223766326904 seconds

Total Money: 13.08576

-----------------------------------------------------------------

-----------------------------------------------------------------

Text Observation:On the shelf 1, you see a papertowelroll 1, a toiletpaper 1, and a soapbar 1.

--------------------------------------------------------------------------------------------------------------------------task: 25---------------------------------------------------------
--------------------------------------------------------------------------------------------------------------------------------------------------------------------
--------------------------------------------------------------------------------------------------------------------------------------------------------------------
Step:--------------------------------------------------------------------------15-------------------------------------------------------------------------------
----------------------------------------
VLM Prompt:
Image1:
<image>
Image2:
<image>
**Instruction**
1. Analyze the provided images to identify all visible household objects and compare the difference between images (e.h. whether the object is opened or not and taken on hand or not), focusing on those relevant to the task description "find two dishsponge and put them in cart."
2. Use the analysis of images and the task hint "The agent must find an object of the desired type, pick it up, find the correct location to place it, put it down there, then look for another object of the desired type, pick it up, return to previous location, and put it down there with the other object." to answer the question: what is the most reasonable action in the choices for the task description "find two dishsponge and put them in cart"?
3. Decide and write the answer using the template: The answer is: (i): <selected_action>, where i is the real number. If there is no desired object in images, search every place based on **Initial Observation** to find the object. And if no one is exactly correct, choose a similar answer.

**Initial Observation**
You are in the middle of a room. Looking quickly around you, you can see bathtub (1), bathtubbasin (1), cart (1), toilet (1), garbagecan (1), toiletpaperhanger (1), shelf (1-4), sink (1), sinkbasin (1), handtowelholder (1)

**Answer Choices**
(1): go to bathtub 1
(2): go to bathtubbasin 1
(3): go to cart 1
(4): go to toilet 1
(5): go to garbagecan 1
(6): go to toiletpaperhanger 1
(7): go to shelf 2
(8): go to shelf 3
(9): go to shelf 4
(10): go to sink 1
(11): go to sinkbasin 1
(12): go to handtowelholder 1
(13): take papertowelroll 1 from shelf 1
(14): take toiletpaper 1 from shelf 1
(15): take soapbar 1 from shelf 1


**Answer**
Let's think step by step by following the instructions.
----------------------------------------

----------------------------------------

Original Response:
Image Analysis:
In both images, we can see a shelf with various objects. On the top shelf, there is a roll of paper towels (papertowelroll 1) and a pink soap bar (soapbar 1). On the second shelf, there is a toilet paper roll (toiletpaper 1). The third and fourth shelves are empty. There are no dish sponges visible in either image.

Task Description Analysis:
The task is to find two dish sponges and put them in a cart. Since there are no dish sponges visible on the shelf, the agent must search elsewhere for them.

Initial Observation:
Based on the initial observation, the agent is in a bathroom with various items such as a bathtub, toilet, garbage can, paper towel hanger, shelves, sink, sink basin, and hand towel holder.

Reasonable Action:
Considering the task description and the initial observation, the agent should search for the dish sponges in likely locations where they may be found. Since the shelf is the only storage area mentioned and the dish sponges are not there, the agent must continue searching other areas.

None of the answer choices directly mention finding a dish sponge, so the agent must choose a location to search. The sink or sink basin could be reasonable places to find a dish sponge, as they are often used for cleaning dishes.

The answer is: (11): go to sinkbasin 1

----------------------------------------

----------------------------------------

>>> Refine Original VLM Response and Get Pure Action: go to sinkbasin 1

----------------------------------------

-----------------------------------------------------------------

Running time: 20.35353660583496 seconds

Total Money: 13.1148

-----------------------------------------------------------------

-----------------------------------------------------------------

Text Observation:You arrive at loc 11. On the sinkbasin 1, you see a faucet 1, a toiletpaper 2, and a soapbar 2.

--------------------------------------------------------------------------------------------------------------------------task: 25---------------------------------------------------------
--------------------------------------------------------------------------------------------------------------------------------------------------------------------
--------------------------------------------------------------------------------------------------------------------------------------------------------------------
Step:--------------------------------------------------------------------------16-------------------------------------------------------------------------------
----------------------------------------
VLM Prompt:
Image1:
<image>
Image2:
<image>
**Instruction**
1. Analyze the provided images to identify all visible household objects and compare the difference between images (e.h. whether the object is opened or not and taken on hand or not), focusing on those relevant to the task description "find two dishsponge and put them in cart."
2. Use the analysis of images and the task hint "The agent must find an object of the desired type, pick it up, find the correct location to place it, put it down there, then look for another object of the desired type, pick it up, return to previous location, and put it down there with the other object." to answer the question: what is the most reasonable action in the choices for the task description "find two dishsponge and put them in cart"?
3. Decide and write the answer using the template: The answer is: (i): <selected_action>, where i is the real number. If there is no desired object in images, search every place based on **Initial Observation** to find the object. And if no one is exactly correct, choose a similar answer.

**Initial Observation**
You are in the middle of a room. Looking quickly around you, you can see bathtub (1), bathtubbasin (1), cart (1), toilet (1), garbagecan (1), toiletpaperhanger (1), shelf (1-4), sink (1), sinkbasin (1), handtowelholder (1)

**Answer Choices**
(1): go to bathtub 1
(2): go to bathtubbasin 1
(3): go to cart 1
(4): go to toilet 1
(5): go to garbagecan 1
(6): go to toiletpaperhanger 1
(7): go to shelf 2
(8): go to shelf 3
(9): go to shelf 4
(10): go to sink 1
(11): go to handtowelholder 1
(12): take faucet 1 from sinkbasin 1
(13): take toiletpaper 2 from sinkbasin 1
(14): take soapbar 2 from sinkbasin 1
(15): examine sinkbasin 1


**Answer**
Let's think step by step by following the instructions.
----------------------------------------

----------------------------------------

Original Response:
Firstly, analyzing the provided images:

Image1: shows a shelf with three levels. On the top shelf, there is a roll of toilet paper. On the middle shelf, there is an object that resembles a dish sponge.

Image2: shows a sink area with a hand towel holder and a mirror. There is no dish sponge visible in this image.

Comparing the difference between images, we can notice that there is a dish sponge on the middle shelf in Image1, which is relevant to the task description of finding two dish sponges.

Based on the task hint, the agent must find an object of the desired type, pick it up, find the correct location to place it, put it down there, then look for another object of the desired type, pick it up, return to the previous location, and put it down there with the other object.

Considering the Initial Observation, there is a cart mentioned, which could be the correct location to place the dish sponges.

Now, analyzing the answer choices and keeping in mind the task description and the initial observation, the most reasonable action would be to pick up the dish sponge from the shelf and put it in the cart.

The answer is: (7): go to shelf 2, as this is where the dish sponge is visible in the image, and this action aligns with the task description. If there is another dish sponge on another shelf, the next reasonable action after placing the first sponge in the cart would be to search the other shelves. Since there is no mention of a second dish sponge in the images or the initial observation, the agent will have to search every place to find the second dish sponge.

----------------------------------------

----------------------------------------

>>> Refine Original VLM Response and Get Pure Action: go to shelf 2, as this is where the dish sponge is visible in the image, and this action aligns with the task description

----------------------------------------

-----------------------------------------------------------------

Running time: 25.09126114845276 seconds

Total Money: 13.145240000000001

-----------------------------------------------------------------

-----------------------------------------------------------------

Text Observation:Nothing happens.

--------------------------------------------------------------------------------------------------------------------------task: 25---------------------------------------------------------
--------------------------------------------------------------------------------------------------------------------------------------------------------------------
--------------------------------------------------------------------------------------------------------------------------------------------------------------------
Step:--------------------------------------------------------------------------17-------------------------------------------------------------------------------
----------------------------------------
VLM Prompt:
Image1:
<image>
Image2:
<image>
**Instruction**
1. Analyze the provided images to identify all visible household objects and compare the difference between images (e.h. whether the object is opened or not and taken on hand or not), focusing on those relevant to the task description "find two dishsponge and put them in cart."
2. Use the analysis of images and the task hint "The agent must find an object of the desired type, pick it up, find the correct location to place it, put it down there, then look for another object of the desired type, pick it up, return to previous location, and put it down there with the other object." to answer the question: what is the most reasonable action in the choices for the task description "find two dishsponge and put them in cart"?
3. Decide and write the answer using the template: The answer is: (i): <selected_action>, where i is the real number. If there is no desired object in images, search every place based on **Initial Observation** to find the object. And if no one is exactly correct, choose a similar answer.

**Initial Observation**
You are in the middle of a room. Looking quickly around you, you can see bathtub (1), bathtubbasin (1), cart (1), toilet (1), garbagecan (1), toiletpaperhanger (1), shelf (1-4), sink (1), sinkbasin (1), handtowelholder (1)

**Answer Choices**
(1): go to bathtub 1
(2): go to bathtubbasin 1
(3): go to cart 1
(4): go to toilet 1
(5): go to garbagecan 1
(6): go to toiletpaperhanger 1
(7): go to shelf 1
(8): go to shelf 2
(9): go to shelf 3
(10): go to shelf 4
(11): go to sink 1
(12): go to handtowelholder 1
(13): take faucet 1 from sinkbasin 1
(14): take toiletpaper 2 from sinkbasin 1
(15): take soapbar 2 from sinkbasin 1
(16): examine sinkbasin 1


**Answer**
Let's think step by step by following the instructions.
----------------------------------------

----------------------------------------

Original Response:
First, we analyze the images provided. In both images, we can see a sink, a mirror, a hand towel holder, and a part of a shelving unit. There is no visible dish sponge in either image.

Next, we consider the task description "find two dishsponge and put them in cart" and the task hint. The task hint suggests that the agent must find an object of the desired type, pick it up, find the correct location to place it (in this case, a cart), put it down there, then look for another object of the desired type, pick it up, return to the previous location, and put it down there with the other object.

Considering the initial observation, we know the locations of various items in the room, but no dish sponge is mentioned. Since the dish sponge is not visible in the images and not mentioned in the initial observation, we must search every place to find the object.

Based on the answer choices given, the most reasonable action to begin the task of finding two dish sponges would be to go to the most likely locations where a dish sponge could be found, typically near a sink or on a shelf. Since the sink is visible in the image but no sponge is seen there, the next reasonable action would be to check the shelves.

The answer is: (7): go to shelf 1. If the dish sponge is not found there, the agent should continue to check the other shelves in numerical order (8, 9, 10) until the dish sponge is found. Once found, the agent should then go to the cart to place the sponge, and then repeat the process for the second sponge.

----------------------------------------

----------------------------------------

>>> Refine Original VLM Response and Get Pure Action: go to shelf 1

----------------------------------------

-----------------------------------------------------------------

Running time: 21.32081961631775 seconds

Total Money: 13.1758

-----------------------------------------------------------------

-----------------------------------------------------------------

Text Observation:You arrive at loc 6. On the shelf 1, you see a papertowelroll 1, a toiletpaper 1, and a soapbar 1.

--------------------------------------------------------------------------------------------------------------------------task: 25---------------------------------------------------------
--------------------------------------------------------------------------------------------------------------------------------------------------------------------
--------------------------------------------------------------------------------------------------------------------------------------------------------------------
Step:--------------------------------------------------------------------------18-------------------------------------------------------------------------------
----------------------------------------
VLM Prompt:
Image1:
<image>
Image2:
<image>
**Instruction**
1. Analyze the provided images to identify all visible household objects and compare the difference between images (e.h. whether the object is opened or not and taken on hand or not), focusing on those relevant to the task description "find two dishsponge and put them in cart."
2. Use the analysis of images and the task hint "The agent must find an object of the desired type, pick it up, find the correct location to place it, put it down there, then look for another object of the desired type, pick it up, return to previous location, and put it down there with the other object." to answer the question: what is the most reasonable action in the choices for the task description "find two dishsponge and put them in cart"?
3. Decide and write the answer using the template: The answer is: (i): <selected_action>, where i is the real number. If there is no desired object in images, search every place based on **Initial Observation** to find the object. And if no one is exactly correct, choose a similar answer.

**Initial Observation**
You are in the middle of a room. Looking quickly around you, you can see bathtub (1), bathtubbasin (1), cart (1), toilet (1), garbagecan (1), toiletpaperhanger (1), shelf (1-4), sink (1), sinkbasin (1), handtowelholder (1)

**Answer Choices**
(1): go to bathtub 1
(2): go to bathtubbasin 1
(3): go to cart 1
(4): go to toilet 1
(5): go to garbagecan 1
(6): go to toiletpaperhanger 1
(7): go to shelf 2
(8): go to shelf 3
(9): go to shelf 4
(10): go to sink 1
(11): go to handtowelholder 1
(12): take papertowelroll 1 from shelf 1
(13): take toiletpaper 1 from shelf 1
(14): take soapbar 1 from shelf 1
(15): examine shelf 1


**Answer**
Let's think step by step by following the instructions.
----------------------------------------

----------------------------------------

Original Response:
Firstly, analyzing the provided images, Image 1 shows a bathroom setting with a mirror, sink, and handtowelholder visible. Image 2 shows a shelf with some objects on it, like a toilet paper roll. There is no visible dishsponge in either of the images.

Based on the Initial Observation, we know that there is a cart present in the room, and our task is to find two dishsponges and put them in the cart. Since no dishsponges are visible in the images, we need to search for them in the room.

The task hint guides us that we must find an object of the desired type (dishsponge), pick it up, find the correct location to place it (the cart), put it down there, then look for another object of the desired type, pick it up, return to the previous location, and put it down there with the other object.

Considering the task description and the hint, the most reasonable action based on the images and Initial Observation would be to search the room for the dishsponges. Since the images do not show any dishsponges and the shelves are likely places where one might find such objects, it would be appropriate to examine the shelves. 

The answer is: (15): examine shelf 1

----------------------------------------

----------------------------------------

>>> Refine Original VLM Response and Get Pure Action: examine shelf 1

----------------------------------------

-----------------------------------------------------------------

Running time: 26.29763126373291 seconds

Total Money: 13.203940000000001

-----------------------------------------------------------------

-----------------------------------------------------------------

Text Observation:On the shelf 1, you see a papertowelroll 1, a toiletpaper 1, and a soapbar 1.

--------------------------------------------------------------------------------------------------------------------------task: 25---------------------------------------------------------
--------------------------------------------------------------------------------------------------------------------------------------------------------------------
--------------------------------------------------------------------------------------------------------------------------------------------------------------------
Step:--------------------------------------------------------------------------19-------------------------------------------------------------------------------
----------------------------------------
VLM Prompt:
Image1:
<image>
Image2:
<image>
**Instruction**
1. Analyze the provided images to identify all visible household objects and compare the difference between images (e.h. whether the object is opened or not and taken on hand or not), focusing on those relevant to the task description "find two dishsponge and put them in cart."
2. Use the analysis of images and the task hint "The agent must find an object of the desired type, pick it up, find the correct location to place it, put it down there, then look for another object of the desired type, pick it up, return to previous location, and put it down there with the other object." to answer the question: what is the most reasonable action in the choices for the task description "find two dishsponge and put them in cart"?
3. Decide and write the answer using the template: The answer is: (i): <selected_action>, where i is the real number. If there is no desired object in images, search every place based on **Initial Observation** to find the object. And if no one is exactly correct, choose a similar answer.

**Initial Observation**
You are in the middle of a room. Looking quickly around you, you can see bathtub (1), bathtubbasin (1), cart (1), toilet (1), garbagecan (1), toiletpaperhanger (1), shelf (1-4), sink (1), sinkbasin (1), handtowelholder (1)

**Answer Choices**
(1): go to bathtub 1
(2): go to bathtubbasin 1
(3): go to cart 1
(4): go to toilet 1
(5): go to garbagecan 1
(6): go to toiletpaperhanger 1
(7): go to shelf 2
(8): go to shelf 3
(9): go to shelf 4
(10): go to sink 1
(11): go to sinkbasin 1
(12): go to handtowelholder 1
(13): take papertowelroll 1 from shelf 1
(14): take toiletpaper 1 from shelf 1
(15): take soapbar 1 from shelf 1


**Answer**
Let's think step by step by following the instructions.
----------------------------------------

----------------------------------------

Original Response:
1. In both provided images, there is no visible dish sponge. We can see a paper towel roll on the top shelf and a soap bar on the side shelf. There are no changes between the two images; no object appears to be opened or taken on hand.

2. Based on the task description, we need to find two dish sponges and put them in the cart. Since no dish sponge is visible in the images, we need to search other locations based on the Initial Observation.

3. The most reasonable action from the choices provided, given that we need to search for the dish sponge, would be to go to locations where one might typically find a dish sponge, such as near the sink or on shelves where cleaning supplies are stored. Since we have already seen the shelves in the image and there's no dish sponge there, the next logical location would be near the sink or sink basin.

The answer is: (11): go to sinkbasin 1

----------------------------------------

----------------------------------------

>>> Refine Original VLM Response and Get Pure Action: go to sinkbasin 1

----------------------------------------

-----------------------------------------------------------------

Running time: 18.56770348548889 seconds

Total Money: 13.230070000000001

-----------------------------------------------------------------

-----------------------------------------------------------------

Text Observation:You arrive at loc 11. On the sinkbasin 1, you see a faucet 1, a toiletpaper 2, and a soapbar 2.

-----------------------------------------------------------------