---------------------------------------------------------task: 1---------------------------------------------------------
--------------------------------------------------------------------------------------------------------------------------------------------------------------------
--------------------------------------------------------------------------------------------------------------------------------------------------------------------
Step:--------------------------------------------------------------------------0-------------------------------------------------------------------------------
----------------------------------------
VLM Prompt:
Image1:
<image>
**Instruction**
1. Analyze the provided image to identify all visible household objects, focusing on those relevant to the task description "examine the alarmclock with the desklamp."
2. Use the analysis of the image and the task hint "The agent must find an object of the desired type, locate and turn on a light source with the desired object in-hand." to answer the question: what is the most reasonable action in the choices for the task description "examine the alarmclock with the desklamp"?
4. Decide and write the answer using the template: The answer is: (i): <selected_action>, where i is the real number. If there is no desired object in the image, search every place based on **Initial Observation** to find the object. And if no one is exactly correct, choose a similar answer.

**Initial Observation**
You are in the middle of a room. Looking quickly around you, you can see bed (1), dresser (1), drawer (1-10), garbagecan (1), shelf (1-7)

**Answer Choices**
(1): go to bed 1
(2): go to dresser 1
(3): go to drawer 1
(4): go to drawer 2
(5): go to drawer 3
(6): go to drawer 4
(7): go to drawer 5
(8): go to garbagecan 1
(9): go to drawer 6
(10): go to drawer 7
(11): go to drawer 8
(12): go to drawer 9
(13): go to drawer 10
(14): go to shelf 1
(15): go to shelf 2
(16): go to shelf 3
(17): go to shelf 4
(18): go to shelf 5
(19): go to shelf 6
(20): go to shelf 7

**Answer**
Let's think step by step by following the instructions.
----------------------------------------

----------------------------------------

Original Response:
The task description is to "examine the alarm clock with the desk lamp." From the image provided, we can see a dresser with drawers labeled from 6 to 10 and a shelf with items on it. There is no visible alarm clock or desk lamp in the image. 

Based on the initial observation, the likely places to find an alarm clock would be on a dresser or in a drawer near the bed, as alarm clocks are commonly placed in those locations in a bedroom. Since the dresser in the image is labeled "dresser 1" and has visible drawers, it is reasonable to check there first.

The answer is: (2): go to dresser 1.

----------------------------------------

----------------------------------------

>>> Refine Original VLM Response and Get Pure Action: go to dresser 1

----------------------------------------

-----------------------------------------------------------------

Running time: 8.248116493225098 seconds

Total Money: 0.52637

-----------------------------------------------------------------

-----------------------------------------------------------------

Text Observation:You arrive at loc 1. On the dresser 1, you see a laptop 1, a desklamp 1, a cd 1, a keychain 1, a creditcard 1, and a pen 1.

--------------------------------------------------------------------------------------------------------------------------task: 1---------------------------------------------------------
--------------------------------------------------------------------------------------------------------------------------------------------------------------------
--------------------------------------------------------------------------------------------------------------------------------------------------------------------
Step:--------------------------------------------------------------------------1-------------------------------------------------------------------------------
----------------------------------------
VLM Prompt:
Image1:
<image>
Image2:
<image>
**Instruction**
1. Analyze the provided image to identify all visible household objects, focusing on those relevant to the task description "examine the alarmclock with the desklamp."
2. Use the analysis of the image and the task hint "The agent must find an object of the desired type, locate and turn on a light source with the desired object in-hand." to answer the question: what is the most reasonable action in the choices for the task description "examine the alarmclock with the desklamp"?
4. Decide and write the answer using the template: The answer is: (i): <selected_action>, where i is the real number. If there is no desired object in the image, search every place based on **Initial Observation** to find the object. And if no one is exactly correct, choose a similar answer.

**Initial Observation**
You are in the middle of a room. Looking quickly around you, you can see bed (1), dresser (1), drawer (1-10), garbagecan (1), shelf (1-7)

**Answer Choices**
(1): go to bed 1
(2): go to drawer 1
(3): go to drawer 2
(4): go to drawer 3
(5): go to drawer 4
(6): go to drawer 5
(7): go to garbagecan 1
(8): go to drawer 6
(9): go to drawer 7
(10): go to drawer 8
(11): go to drawer 9
(12): go to drawer 10
(13): go to shelf 1
(14): go to shelf 2
(15): go to shelf 3
(16): go to shelf 4
(17): go to shelf 5
(18): go to shelf 6
(19): go to shelf 7
(20): take laptop 1 from dresser 1
(21): take cd 1 from dresser 1
(22): take keychain 1 from dresser 1
(23): take creditcard 1 from dresser 1
(24): take pen 1 from dresser 1
(25): use desklamp 1
(26): examine dresser 1

**Answer**
Let's think step by step by following the instructions.
----------------------------------------

----------------------------------------

Original Response:
Firstly, we need to identify the visible household objects relevant to the task description "examine the alarmclock with the desklamp." From Image1 and Image2, we can see that there is no alarm clock visible in either image. However, we can see a desklamp (desklamp 1) in Image2. Since the task requires us to find an alarm clock, we need to search the places listed in the Initial Observation.

The task hint mentions that the agent must find an object of the desired type (an alarm clock), locate and turn on a light source (the desklamp) with the desired object in hand. Therefore, we need to find the alarm clock first and then use the desklamp to examine it.

None of the answer choices directly mention taking or finding an alarm clock, so we need to search the places that could potentially contain it. Dressers and drawers are common places where an alarm clock might be kept. Since we only have one dresser listed (dresser 1) and multiple drawers, a reasonable action would be to start with dresser 1 and then proceed to search the drawers if the alarm clock is not found in the dresser.

The most reasonable action to begin with would be:
The answer is: (26): examine dresser 1

----------------------------------------

----------------------------------------

>>> Refine Original VLM Response and Get Pure Action: examine dresser 1

----------------------------------------

-----------------------------------------------------------------

Running time: 13.695323467254639 seconds

Total Money: 0.55456

-----------------------------------------------------------------

-----------------------------------------------------------------

Text Observation:On the dresser 1, you see a laptop 1, a desklamp 1, a cd 1, a keychain 1, a creditcard 1, and a pen 1.

--------------------------------------------------------------------------------------------------------------------------task: 1---------------------------------------------------------
--------------------------------------------------------------------------------------------------------------------------------------------------------------------
--------------------------------------------------------------------------------------------------------------------------------------------------------------------
Step:--------------------------------------------------------------------------2-------------------------------------------------------------------------------
----------------------------------------
VLM Prompt:
Image1:
<image>
Image2:
<image>
Image3:
<image>
**Instruction**
1. Analyze the provided image to identify all visible household objects, focusing on those relevant to the task description "examine the alarmclock with the desklamp."
2. Use the analysis of the image and the task hint "The agent must find an object of the desired type, locate and turn on a light source with the desired object in-hand." to answer the question: what is the most reasonable action in the choices for the task description "examine the alarmclock with the desklamp"?
4. Decide and write the answer using the template: The answer is: (i): <selected_action>, where i is the real number. If there is no desired object in the image, search every place based on **Initial Observation** to find the object. And if no one is exactly correct, choose a similar answer.

**Initial Observation**
You are in the middle of a room. Looking quickly around you, you can see bed (1), dresser (1), drawer (1-10), garbagecan (1), shelf (1-7)

**Answer Choices**
(1): go to bed 1
(2): go to drawer 1
(3): go to drawer 2
(4): go to drawer 3
(5): go to drawer 4
(6): go to drawer 5
(7): go to garbagecan 1
(8): go to drawer 6
(9): go to drawer 7
(10): go to drawer 8
(11): go to drawer 9
(12): go to drawer 10
(13): go to shelf 1
(14): go to shelf 2
(15): go to shelf 3
(16): go to shelf 4
(17): go to shelf 5
(18): go to shelf 6
(19): go to shelf 7
(20): take laptop 1 from dresser 1
(21): take cd 1 from dresser 1
(22): take keychain 1 from dresser 1
(23): take creditcard 1 from dresser 1
(24): take pen 1 from dresser 1
(25): use desklamp 1

**Answer**
Let's think step by step by following the instructions.
----------------------------------------

----------------------------------------

Original Response:
The task is to "examine the alarmclock with the desklamp." This means that the agent needs to find an alarm clock and then use a desklamp to examine it. 

Looking at the images provided, there is no alarm clock visible on the dresser, shelf, or desk. Therefore, we need to search for the alarm clock in the locations mentioned in the "Initial Observation."

The desklamp is visible on the desk in Image 2 and Image 3, so we know where the light source is.

Based on the task hint, the agent must first find the alarm clock. Since it is not visible in the images, we will assume it might be in one of the drawers based on the "Initial Observation."

The most reasonable action to take next would be to start searching the drawers for the alarm clock. The answer is: (2): go to drawer 1. If the alarm clock is not found in drawer 1, the agent should proceed to the next drawer and so on.

----------------------------------------

----------------------------------------

>>> Refine Original VLM Response and Get Pure Action: go to drawer 1

----------------------------------------

-----------------------------------------------------------------

Running time: 14.806936264038086 seconds

Total Money: 0.58865

-----------------------------------------------------------------

-----------------------------------------------------------------

Text Observation:You arrive at loc 2. The drawer 1 is closed. 

--------------------------------------------------------------------------------------------------------------------------task: 1---------------------------------------------------------
--------------------------------------------------------------------------------------------------------------------------------------------------------------------
--------------------------------------------------------------------------------------------------------------------------------------------------------------------
Step:--------------------------------------------------------------------------3-------------------------------------------------------------------------------
----------------------------------------
VLM Prompt:
Image1:
<image>
Image2:
<image>
Image3:
<image>
**Instruction**
1. Analyze the provided image to identify all visible household objects, focusing on those relevant to the task description "examine the alarmclock with the desklamp."
2. Use the analysis of the image and the task hint "The agent must find an object of the desired type, locate and turn on a light source with the desired object in-hand." to answer the question: what is the most reasonable action in the choices for the task description "examine the alarmclock with the desklamp"?
4. Decide and write the answer using the template: The answer is: (i): <selected_action>, where i is the real number. If there is no desired object in the image, search every place based on **Initial Observation** to find the object. And if no one is exactly correct, choose a similar answer.

**Initial Observation**
You are in the middle of a room. Looking quickly around you, you can see bed (1), dresser (1), drawer (1-10), garbagecan (1), shelf (1-7)

**Answer Choices**
(1): go to bed 1
(2): go to drawer 2
(3): go to drawer 3
(4): go to drawer 4
(5): go to drawer 5
(6): go to garbagecan 1
(7): go to drawer 6
(8): go to drawer 7
(9): go to drawer 8
(10): go to drawer 9
(11): go to drawer 10
(12): go to shelf 1
(13): go to shelf 2
(14): go to shelf 3
(15): go to shelf 4
(16): go to shelf 5
(17): go to shelf 6
(18): go to shelf 7
(19): open drawer 1
(20): close drawer 1
(21): examine drawer 1

**Answer**
Let's think step by step by following the instructions.
----------------------------------------

----------------------------------------

Original Response:
The task description is "examine the alarmclock with the desklamp." From the initial observation, we know that we are in the middle of the room with various objects around us, including a dresser with drawers, a garbage can, and shelves.

Analyzing the images provided:
- Image 1 shows a laptop and a desklamp on a dresser, as well as a credit card, cd, and keychain on the dresser surface.
- Image 2 is identical to Image 1 and does not provide any additional information.
- Image 3 shows the same dresser from a different angle, revealing an alarm clock and a keychain, as well as the drawers labeled drawer 1 to drawer 10.

From the task hint, we need to find the alarm clock and examine it with the desklamp. Since we can see the alarm clock (alarmclock 1) in Image 3, we know its location. The desklamp (desklamp 1) is also visible and is on the same dresser as the alarm clock. 

The most reasonable action to accomplish the task would be to go to the desklamp and turn it on to examine the alarm clock. However, this exact action is not listed in the answer choices. The closest action that would allow us to proceed with the task is to go to the dresser where both the alarm clock and the desklamp are located. Since the drawers are part of the dresser, the closest action would be to interact with drawer 1, which is part of the dresser where the alarm clock and desklamp are placed.

The answer is: (19): open drawer 1.

----------------------------------------

----------------------------------------

>>> Refine Original VLM Response and Get Pure Action: open drawer 1

----------------------------------------

-----------------------------------------------------------------

Running time: 13.31245756149292 seconds

Total Money: 0.62607

-----------------------------------------------------------------

-----------------------------------------------------------------

Text Observation:You open the drawer 1. The drawer 1 is open. In it, you see a laptop 1, a desklamp 1, a alarmclock 1, a cd 1, a creditcard 1, a pen 1, and a keychain 2.

--------------------------------------------------------------------------------------------------------------------------task: 1---------------------------------------------------------
--------------------------------------------------------------------------------------------------------------------------------------------------------------------
--------------------------------------------------------------------------------------------------------------------------------------------------------------------
Step:--------------------------------------------------------------------------4-------------------------------------------------------------------------------
----------------------------------------
VLM Prompt:
Image1:
<image>
Image2:
<image>
Image3:
<image>
**Instruction**
1. Analyze the provided image to identify all visible household objects, focusing on those relevant to the task description "examine the alarmclock with the desklamp."
2. Use the analysis of the image and the task hint "The agent must find an object of the desired type, locate and turn on a light source with the desired object in-hand." to answer the question: what is the most reasonable action in the choices for the task description "examine the alarmclock with the desklamp"?
4. Decide and write the answer using the template: The answer is: (i): <selected_action>, where i is the real number. If there is no desired object in the image, search every place based on **Initial Observation** to find the object. And if no one is exactly correct, choose a similar answer.

**Initial Observation**
You are in the middle of a room. Looking quickly around you, you can see bed (1), dresser (1), drawer (1-10), garbagecan (1), shelf (1-7)

**Answer Choices**
(1): go to bed 1
(2): go to dresser 1
(3): go to drawer 2
(4): go to drawer 3
(5): go to drawer 4
(6): go to drawer 5
(7): go to garbagecan 1
(8): go to drawer 6
(9): go to drawer 7
(10): go to drawer 8
(11): go to drawer 9
(12): go to drawer 10
(13): go to shelf 1
(14): go to shelf 2
(15): go to shelf 3
(16): go to shelf 4
(17): go to shelf 5
(18): go to shelf 6
(19): go to shelf 7
(20): close drawer 1
(21): take laptop 1 from drawer 1
(22): take alarmclock 1 from drawer 1
(23): take cd 1 from drawer 1
(24): take creditcard 1 from drawer 1
(25): take pen 1 from drawer 1
(26): take keychain 2 from drawer 1
(27): use desklamp 1
(28): examine drawer 1

**Answer**
Let's think step by step by following the instructions.
----------------------------------------

----------------------------------------

Original Response:
The task is to "examine the alarmclock with the desklamp." From the images and the initial observation, we can see an alarmclock (alarmclock 1) and a desklamp (desklamp 1) on the dresser (dresser 1). The alarmclock is already in a position where it can be examined. The desklamp is present but not turned on. Since the task hint suggests the agent must locate and turn on a light source with the desired object in-hand, the most reasonable action is to turn on the desklamp to examine the alarmclock properly.

The answer is: (27): use desklamp 1.

----------------------------------------

----------------------------------------

>>> Refine Original VLM Response and Get Pure Action: use desklamp 1

----------------------------------------

-----------------------------------------------------------------

Running time: 15.496541500091553 seconds

Total Money: 0.65841

-----------------------------------------------------------------

-----------------------------------------------------------------

Text Observation:You turn on the desklamp 1.

--------------------------------------------------------------------------------------------------------------------------task: 1---------------------------------------------------------
--------------------------------------------------------------------------------------------------------------------------------------------------------------------
--------------------------------------------------------------------------------------------------------------------------------------------------------------------
Step:--------------------------------------------------------------------------5-------------------------------------------------------------------------------
----------------------------------------
VLM Prompt:
Image1:
<image>
Image2:
<image>
Image3:
<image>
**Instruction**
1. Analyze the provided image to identify all visible household objects, focusing on those relevant to the task description "examine the alarmclock with the desklamp."
2. Use the analysis of the image and the task hint "The agent must find an object of the desired type, locate and turn on a light source with the desired object in-hand." to answer the question: what is the most reasonable action in the choices for the task description "examine the alarmclock with the desklamp"?
4. Decide and write the answer using the template: The answer is: (i): <selected_action>, where i is the real number. If there is no desired object in the image, search every place based on **Initial Observation** to find the object. And if no one is exactly correct, choose a similar answer.

**Initial Observation**
You are in the middle of a room. Looking quickly around you, you can see bed (1), dresser (1), drawer (1-10), garbagecan (1), shelf (1-7)

**Answer Choices**
(1): go to bed 1
(2): go to dresser 1
(3): go to drawer 2
(4): go to drawer 3
(5): go to drawer 4
(6): go to drawer 5
(7): go to garbagecan 1
(8): go to drawer 6
(9): go to drawer 7
(10): go to drawer 8
(11): go to drawer 9
(12): go to drawer 10
(13): go to shelf 1
(14): go to shelf 2
(15): go to shelf 3
(16): go to shelf 4
(17): go to shelf 5
(18): go to shelf 6
(19): go to shelf 7
(20): close drawer 1
(21): take laptop 1 from drawer 1
(22): take alarmclock 1 from drawer 1
(23): take cd 1 from drawer 1
(24): take creditcard 1 from drawer 1
(25): take pen 1 from drawer 1
(26): take keychain 2 from drawer 1
(27): examine drawer 1

**Answer**
Let's think step by step by following the instructions.
----------------------------------------

----------------------------------------

Original Response:
First, we need to identify all visible household objects that are relevant to the task description "examine the alarmclock with the desklamp." In the images provided, we can see an alarmclock labeled as "alarmclock 1" and a desklamp labeled as "desklamp 1" on the dresser. 

Next, based on the task hint, the agent must find an object of the desired type, which is the alarmclock, locate and turn on a light source with the desired object in-hand. Since the alarmclock is already on the dresser and the desklamp is right next to it, the most reasonable action would be to turn on the desklamp in order to examine the alarmclock. However, there is no action listed in the answer choices that directly states "turn on the desklamp."

Since there is no exact action to turn on the desklamp, we need to choose a similar answer. The closest action that would lead to examining the alarmclock with the desklamp would be to take the alarmclock, which is action (22): take alarmclock 1 from drawer 1. Even though the alarmclock is not inside drawer 1, this action indicates that the agent will interact with the alarmclock, which is a step towards the task of examining it with the desklamp.

The answer is: (22): take alarmclock 1 from drawer 1.

----------------------------------------

----------------------------------------

>>> Refine Original VLM Response and Get Pure Action: take alarmclock 1 from drawer 1

----------------------------------------

-----------------------------------------------------------------

Running time: 13.854068517684937 seconds

Total Money: 0.6952100000000001

-----------------------------------------------------------------

-----------------------------------------------------------------

Text Observation:You pick up the alarmclock 1 from the drawer 1.

-----------------------------------------------------------------