---------------------------------------------------------task: 25---------------------------------------------------------
--------------------------------------------------------------------------------------------------------------------------------------------------------------------
--------------------------------------------------------------------------------------------------------------------------------------------------------------------
Step:--------------------------------------------------------------------------0-------------------------------------------------------------------------------
----------------------------------------
VLM Prompt:
Image1:
<image>
**Instruction**
1. Analyze the provided image to identify all visible household objects, focusing on those relevant to the task description "put two dishsponge in cart."
2. Use the analysis of the image and the task hint "The agent must find an object of the desired type, pick it up, find the correct location to place it, put it down there, then look for another object of the desired type, pick it up, return to previous location, and put it down there with the other object." to answer the question: what is the most reasonable action in the choices for the task description "put two dishsponge in cart"?
4. Decide and write the answer using the template: The answer is: (i): <selected_action>, where i is the real number. If there is no desired object in the image, search every place based on **Initial Observation** to find the object. And if no one is exactly correct, choose a similar answer.

**Initial Observation**
You are in the middle of a room. Looking quickly around you, you can see bathtub (1), bathtubbasin (1), cart (1), toilet (1), garbagecan (1), toiletpaperhanger (1), shelf (1-4), sink (1), sinkbasin (1), handtowelholder (1)

**Answer Choices**
(1): go to bathtub 1
(2): go to bathtubbasin 1
(3): go to cart 1
(4): go to toilet 1
(5): go to garbagecan 1
(6): go to toiletpaperhanger 1
(7): go to shelf 1
(8): go to shelf 2
(9): go to shelf 3
(10): go to shelf 4
(11): go to sink 1
(12): go to sinkbasin 1
(13): go to handtowelholder 1

**Answer**
Let's think step by step by following the instructions.
----------------------------------------

----------------------------------------

Original Response:
The task is to put two dishsponges in the cart. The image provided does not show any dishsponges, and the task hint suggests that the agent must search for the object. Based on the initial observation, the agent is in the middle of a room with several household objects and locations mentioned.

Since dishsponges are typically found near a sink or on a shelf in a bathroom or kitchen setting for cleaning purposes, it would be reasonable to check those locations first. The cart is already visible in the image, so there is no need to go to it yet until a dishsponge is found.

Given the answer choices and the initial observation, the most logical places to look for a dishsponge would be the shelves, as they are common storage areas for cleaning supplies. Therefore, the most reasonable action would be to go to the shelves first.

The answer is: (7): go to shelf 1. If no dishsponge is found there, then the agent can proceed to check the other shelves in numerical order.

----------------------------------------

----------------------------------------

>>> Refine Original VLM Response and Get Pure Action: go to shelf 1

----------------------------------------

-----------------------------------------------------------------

Running time: 7.870039701461792 seconds

Total Money: 8.890060000000007

-----------------------------------------------------------------

-----------------------------------------------------------------

Text Observation:You arrive at loc 6. On the shelf 1, you see a papertowelroll 1, a toiletpaper 1, and a soapbar 1.

--------------------------------------------------------------------------------------------------------------------------task: 25---------------------------------------------------------
--------------------------------------------------------------------------------------------------------------------------------------------------------------------
--------------------------------------------------------------------------------------------------------------------------------------------------------------------
Step:--------------------------------------------------------------------------1-------------------------------------------------------------------------------
----------------------------------------
VLM Prompt:
Image1:
<image>
**Instruction**
1. Analyze the provided image to identify all visible household objects, focusing on those relevant to the task description "put two dishsponge in cart."
2. Use the analysis of the image and the task hint "The agent must find an object of the desired type, pick it up, find the correct location to place it, put it down there, then look for another object of the desired type, pick it up, return to previous location, and put it down there with the other object." to answer the question: what is the most reasonable action in the choices for the task description "put two dishsponge in cart"?
4. Decide and write the answer using the template: The answer is: (i): <selected_action>, where i is the real number. If there is no desired object in the image, search every place based on **Initial Observation** to find the object. And if no one is exactly correct, choose a similar answer.

**Initial Observation**
You are in the middle of a room. Looking quickly around you, you can see bathtub (1), bathtubbasin (1), cart (1), toilet (1), garbagecan (1), toiletpaperhanger (1), shelf (1-4), sink (1), sinkbasin (1), handtowelholder (1)

**Answer Choices**
(1): go to bathtub 1
(2): go to bathtubbasin 1
(3): go to cart 1
(4): go to toilet 1
(5): go to garbagecan 1
(6): go to toiletpaperhanger 1
(7): go to shelf 2
(8): go to shelf 3
(9): go to shelf 4
(10): go to sink 1
(11): go to sinkbasin 1
(12): go to handtowelholder 1
(13): take papertowelroll 1 from shelf 1
(14): take toiletpaper 1 from shelf 1
(15): take soapbar 1 from shelf 1
(16): examine shelf 1

**Answer**
Let's think step by step by following the instructions.
----------------------------------------

----------------------------------------

Original Response:
Firstly, we need to identify the household objects visible in the image. As per the image, we can see the following objects:
- Shelf 1 with a papertowelroll and a soapbar
- Shelf 2 with toiletpaper
- Shelf 3 is empty
- Shelf 4 is empty

The task is to put two dishsponges in the cart, but there are no dishsponges visible in the image. Therefore, we need to search every place based on the initial observation to find the object.

The cart is mentioned in the initial observation and is the location where we need to put the dishsponges. So, the most reasonable action from the choices given for the task "put two dishsponge in cart" is to go to the cart to examine if there are any dishsponges already there or to place them there once found.

The answer is: (3): go to cart 1.

----------------------------------------

----------------------------------------

>>> Refine Original VLM Response and Get Pure Action: go to cart 1

----------------------------------------

-----------------------------------------------------------------

Running time: 10.258430480957031 seconds

Total Money: 8.908250000000008

-----------------------------------------------------------------

-----------------------------------------------------------------

Text Observation:You arrive at loc 2. On the cart 1, you see a cloth 1, and a toiletpaper 2.

--------------------------------------------------------------------------------------------------------------------------task: 25---------------------------------------------------------
--------------------------------------------------------------------------------------------------------------------------------------------------------------------
--------------------------------------------------------------------------------------------------------------------------------------------------------------------
Step:--------------------------------------------------------------------------2-------------------------------------------------------------------------------
----------------------------------------
VLM Prompt:
Image1:
<image>
**Instruction**
1. Analyze the provided image to identify all visible household objects, focusing on those relevant to the task description "put two dishsponge in cart."
2. Use the analysis of the image and the task hint "The agent must find an object of the desired type, pick it up, find the correct location to place it, put it down there, then look for another object of the desired type, pick it up, return to previous location, and put it down there with the other object." to answer the question: what is the most reasonable action in the choices for the task description "put two dishsponge in cart"?
4. Decide and write the answer using the template: The answer is: (i): <selected_action>, where i is the real number. If there is no desired object in the image, search every place based on **Initial Observation** to find the object. And if no one is exactly correct, choose a similar answer.

**Initial Observation**
You are in the middle of a room. Looking quickly around you, you can see bathtub (1), bathtubbasin (1), cart (1), toilet (1), garbagecan (1), toiletpaperhanger (1), shelf (1-4), sink (1), sinkbasin (1), handtowelholder (1)

**Answer Choices**
(1): go to bathtub 1
(2): go to bathtubbasin 1
(3): go to toilet 1
(4): go to garbagecan 1
(5): go to toiletpaperhanger 1
(6): go to shelf 2
(7): go to shelf 3
(8): go to shelf 4
(9): go to sink 1
(10): go to sinkbasin 1
(11): go to handtowelholder 1
(12): take cloth 1 from cart 1
(13): take toiletpaper 2 from cart 1
(14): examine cart 1

**Answer**
Let's think step by step by following the instructions.
----------------------------------------

----------------------------------------

Original Response:
The task is to put two dishsponges in the cart. From the image provided, we can see a cart labeled "cart 1" and a cloth labeled "cloth 1," but no dishsponges are visible in the image. 

Based on the "Initial Observation," the dishsponges are not mentioned, so they could be in a place that is not immediately visible from the current perspective. Since we need to find dishsponges, we should search in likely locations where a dish sponge might be stored, such as shelves or near the sink.

Looking at the answer choices, there are options to go to different locations in the room, but none of the options are to pick up a dishsponge because it is not visible in the image. The closest relevant options would be to go to places where a dishsponge might be found, such as the shelf or sink.

Since shelves are common storage areas for cleaning supplies and the task requires finding an object, it would make sense to check the shelves first. 

The answer is: (6): go to shelf 2. If no dishsponge is found there, continue searching the shelves and sink areas.

----------------------------------------

----------------------------------------

>>> Refine Original VLM Response and Get Pure Action: go to shelf 2

----------------------------------------

-----------------------------------------------------------------

Running time: 9.991843700408936 seconds

Total Money: 8.927600000000007

-----------------------------------------------------------------

-----------------------------------------------------------------

Text Observation:You arrive at loc 7. On the shelf 2, you see a papertowelroll 1, a toiletpaper 1, and a soapbar 1.

--------------------------------------------------------------------------------------------------------------------------task: 25---------------------------------------------------------
--------------------------------------------------------------------------------------------------------------------------------------------------------------------
--------------------------------------------------------------------------------------------------------------------------------------------------------------------
Step:--------------------------------------------------------------------------3-------------------------------------------------------------------------------
----------------------------------------
VLM Prompt:
Image1:
<image>
**Instruction**
1. Analyze the provided image to identify all visible household objects, focusing on those relevant to the task description "put two dishsponge in cart."
2. Use the analysis of the image and the task hint "The agent must find an object of the desired type, pick it up, find the correct location to place it, put it down there, then look for another object of the desired type, pick it up, return to previous location, and put it down there with the other object." to answer the question: what is the most reasonable action in the choices for the task description "put two dishsponge in cart"?
4. Decide and write the answer using the template: The answer is: (i): <selected_action>, where i is the real number. If there is no desired object in the image, search every place based on **Initial Observation** to find the object. And if no one is exactly correct, choose a similar answer.

**Initial Observation**
You are in the middle of a room. Looking quickly around you, you can see bathtub (1), bathtubbasin (1), cart (1), toilet (1), garbagecan (1), toiletpaperhanger (1), shelf (1-4), sink (1), sinkbasin (1), handtowelholder (1)

**Answer Choices**
(1): go to bathtub 1
(2): go to bathtubbasin 1
(3): go to toilet 1
(4): go to garbagecan 1
(5): go to toiletpaperhanger 1
(6): go to shelf 3
(7): go to shelf 4
(8): go to sink 1
(9): go to sinkbasin 1
(10): go to handtowelholder 1
(11): take papertowelroll 1 from shelf 2
(12): take toiletpaper 1 from shelf 2
(13): take soapbar 1 from shelf 2
(14): examine shelf 2

**Answer**
Let's think step by step by following the instructions.
----------------------------------------

----------------------------------------

Original Response:
First, we need to identify all visible household objects in the image related to the task description "put two dishsponge in cart." From the image, we can see that there are objects labeled "soapbar_1," "papertowelroll_1," and "toiletpaper_1," but there is no "dishsponge" labeled or visible.

Based on the Initial Observation, we know that a cart is present in the room, and we need to find dish sponges to place in that cart. Since the image does not show a dish sponge, we need to search locations where a dish sponge might be found.

From the answer choices, the most likely places to find a dish sponge would be on shelves or near the sink. We can eliminate options that are not relevant to finding a dish sponge, such as the toilet, garbage can, and hand towel holder. The toiletpaperhanger is also not relevant as it holds toilet paper, not dish sponges.

The most reasonable actions from the choices to accomplish the task would be to go to places where a dish sponge might be located. The shelf and sink are common places to find such items. Since we are given the option to examine shelf 2 specifically and no dish sponge is visible on shelf 4 from the image, we should first check shelf 2 thoroughly.

The answer is: (14): examine shelf 2. If the dish sponge is not found there, then we should continue to search the remaining locations based on the Initial Observation to find the object.

----------------------------------------

----------------------------------------

>>> Refine Original VLM Response and Get Pure Action: examine shelf 2

----------------------------------------

-----------------------------------------------------------------

Running time: 15.924665689468384 seconds

Total Money: 8.949240000000007

-----------------------------------------------------------------

-----------------------------------------------------------------

Text Observation:On the shelf 2, you see a papertowelroll 1, a toiletpaper 1, and a soapbar 1.

--------------------------------------------------------------------------------------------------------------------------task: 25---------------------------------------------------------
--------------------------------------------------------------------------------------------------------------------------------------------------------------------
--------------------------------------------------------------------------------------------------------------------------------------------------------------------
Step:--------------------------------------------------------------------------4-------------------------------------------------------------------------------
----------------------------------------
VLM Prompt:
Image1:
<image>
**Instruction**
1. Analyze the provided image to identify all visible household objects, focusing on those relevant to the task description "put two dishsponge in cart."
2. Use the analysis of the image and the task hint "The agent must find an object of the desired type, pick it up, find the correct location to place it, put it down there, then look for another object of the desired type, pick it up, return to previous location, and put it down there with the other object." to answer the question: what is the most reasonable action in the choices for the task description "put two dishsponge in cart"?
4. Decide and write the answer using the template: The answer is: (i): <selected_action>, where i is the real number. If there is no desired object in the image, search every place based on **Initial Observation** to find the object. And if no one is exactly correct, choose a similar answer.

**Initial Observation**
You are in the middle of a room. Looking quickly around you, you can see bathtub (1), bathtubbasin (1), cart (1), toilet (1), garbagecan (1), toiletpaperhanger (1), shelf (1-4), sink (1), sinkbasin (1), handtowelholder (1)

**Answer Choices**
(1): go to bathtub 1
(2): go to bathtubbasin 1
(3): go to toilet 1
(4): go to garbagecan 1
(5): go to toiletpaperhanger 1
(6): go to shelf 1
(7): go to shelf 3
(8): go to shelf 4
(9): go to sink 1
(10): go to sinkbasin 1
(11): go to handtowelholder 1
(12): take papertowelroll 1 from shelf 2
(13): take toiletpaper 1 from shelf 2
(14): take soapbar 1 from shelf 2

**Answer**
Let's think step by step by following the instructions.
----------------------------------------

----------------------------------------

Original Response:
Firstly, we need to identify the visible household objects that are relevant to the task description "put two dishsponge in cart." By looking at the image provided, there are no dishsponges visible on any of the shelves. Therefore, we must continue our search based on the initial observation.

The initial observation lists various locations within the room, such as bathtub, bathtubbasin, cart, toilet, garbagecan, toiletpaperhanger, shelves, sink, sinkbasin, and handtowelholder. Since the task is to put two dishsponges in the cart, we should first go to the location where dishsponges are most likely to be found, which could be near the sink area. However, since the image does not show the sink area, we have to make an educated guess based on the typical placement of dishsponges in a household setting.

None of the answer choices directly mention picking up a dishsponge or going to the cart to place the dishsponges. However, we can infer that the most reasonable action would be to go to the location where dishsponges are likely to be found. Among the given choices, the shelf is where household objects are typically placed, and since we do not see any dishsponges on the visible shelves, we should check the remaining shelves.

The answer is: (7): go to shelf 3. This choice is made based on the process of elimination, where other locations are less likely to have dishsponges. If dishsponges are not found on shelf 3, the next reasonable action would be to continue searching the remaining shelves or areas mentioned in the initial observation until the dishsponges are found.

----------------------------------------

----------------------------------------

>>> Refine Original VLM Response and Get Pure Action: go to shelf 3

----------------------------------------

-----------------------------------------------------------------

Running time: 14.10889983177185 seconds

Total Money: 8.972000000000007

-----------------------------------------------------------------

-----------------------------------------------------------------

Text Observation:You arrive at loc 8. On the shelf 3, you see a papertowelroll 1, a toiletpaper 1, and a soapbar 1.

--------------------------------------------------------------------------------------------------------------------------task: 25---------------------------------------------------------
--------------------------------------------------------------------------------------------------------------------------------------------------------------------
--------------------------------------------------------------------------------------------------------------------------------------------------------------------
Step:--------------------------------------------------------------------------5-------------------------------------------------------------------------------
----------------------------------------
VLM Prompt:
Image1:
<image>
**Instruction**
1. Analyze the provided image to identify all visible household objects, focusing on those relevant to the task description "put two dishsponge in cart."
2. Use the analysis of the image and the task hint "The agent must find an object of the desired type, pick it up, find the correct location to place it, put it down there, then look for another object of the desired type, pick it up, return to previous location, and put it down there with the other object." to answer the question: what is the most reasonable action in the choices for the task description "put two dishsponge in cart"?
4. Decide and write the answer using the template: The answer is: (i): <selected_action>, where i is the real number. If there is no desired object in the image, search every place based on **Initial Observation** to find the object. And if no one is exactly correct, choose a similar answer.

**Initial Observation**
You are in the middle of a room. Looking quickly around you, you can see bathtub (1), bathtubbasin (1), cart (1), toilet (1), garbagecan (1), toiletpaperhanger (1), shelf (1-4), sink (1), sinkbasin (1), handtowelholder (1)

**Answer Choices**
(1): go to bathtub 1
(2): go to bathtubbasin 1
(3): go to cart 1
(4): go to toilet 1
(5): go to garbagecan 1
(6): go to toiletpaperhanger 1
(7): go to shelf 1
(8): go to shelf 4
(9): go to sink 1
(10): go to sinkbasin 1
(11): go to handtowelholder 1
(12): take papertowelroll 1 from shelf 3
(13): take toiletpaper 1 from shelf 3
(14): take soapbar 1 from shelf 3
(15): examine shelf 3

**Answer**
Let's think step by step by following the instructions.
----------------------------------------

----------------------------------------

Original Response:
The task is to put two dishsponges in the cart. Analyzing the provided image, there are no dishsponges visible on the shelves. Based on the initial observation, there are multiple locations to be checked for the dishsponges, such as the cart, shelves, sink, and possibly the garbage can. The most reasonable action to take first would be to go to the location where dishsponges are most likely to be found, which would be near the sink or on the shelves. Since the image shows the shelves and the sink and there is no dishsponge visible, the next reasonable action would be to examine the cart where other cleaning supplies might be kept, including dishsponges.

The answer is: (3): go to cart 1.

----------------------------------------

----------------------------------------

>>> Refine Original VLM Response and Get Pure Action: go to cart 1

----------------------------------------

-----------------------------------------------------------------

Running time: 28.59562087059021 seconds

Total Money: 8.989050000000006

-----------------------------------------------------------------

-----------------------------------------------------------------

Text Observation:You arrive at loc 2. On the cart 1, you see a cloth 1, and a toiletpaper 2.

--------------------------------------------------------------------------------------------------------------------------task: 25---------------------------------------------------------
--------------------------------------------------------------------------------------------------------------------------------------------------------------------
--------------------------------------------------------------------------------------------------------------------------------------------------------------------
Step:--------------------------------------------------------------------------6-------------------------------------------------------------------------------
----------------------------------------
VLM Prompt:
Image1:
<image>
**Instruction**
1. Analyze the provided image to identify all visible household objects, focusing on those relevant to the task description "put two dishsponge in cart."
2. Use the analysis of the image and the task hint "The agent must find an object of the desired type, pick it up, find the correct location to place it, put it down there, then look for another object of the desired type, pick it up, return to previous location, and put it down there with the other object." to answer the question: what is the most reasonable action in the choices for the task description "put two dishsponge in cart"?
4. Decide and write the answer using the template: The answer is: (i): <selected_action>, where i is the real number. If there is no desired object in the image, search every place based on **Initial Observation** to find the object. And if no one is exactly correct, choose a similar answer.

**Initial Observation**
You are in the middle of a room. Looking quickly around you, you can see bathtub (1), bathtubbasin (1), cart (1), toilet (1), garbagecan (1), toiletpaperhanger (1), shelf (1-4), sink (1), sinkbasin (1), handtowelholder (1)

**Answer Choices**
(1): go to bathtub 1
(2): go to bathtubbasin 1
(3): go to toilet 1
(4): go to garbagecan 1
(5): go to toiletpaperhanger 1
(6): go to shelf 1
(7): go to shelf 2
(8): go to shelf 4
(9): go to sink 1
(10): go to sinkbasin 1
(11): go to handtowelholder 1
(12): take cloth 1 from cart 1
(13): take toiletpaper 2 from cart 1
(14): examine cart 1

**Answer**
Let's think step by step by following the instructions.
----------------------------------------

----------------------------------------

Original Response:
The task is to put two dishsponges in the cart. In the image, we can see a cart labeled "cart 1" with a cloth labeled "cloth 1" inside it. There are no dishsponges visible in the image. Based on the initial observation, we know there are several objects and areas in the room, such as a bathtub, bathtub basin, toilet, garbage can, toilet paper hanger, shelves, sink, sink basin, and hand towel holder.

Since the image does not show a dish sponge, we must search for it in the room. The most likely places to find a dish sponge would be near the sink area. Therefore, the most reasonable actions would be to go to the sink or sink basin to search for the dish sponge.

The answer is: (9): go to sink 1

----------------------------------------

----------------------------------------

>>> Refine Original VLM Response and Get Pure Action: go to sink 1

----------------------------------------

-----------------------------------------------------------------

Running time: 9.832340717315674 seconds

Total Money: 9.006300000000007

-----------------------------------------------------------------

-----------------------------------------------------------------

Text Observation:You arrive at loc 10. On the sink 1, you see a faucet 1, a toiletpaper 2, and a soapbar 2.

--------------------------------------------------------------------------------------------------------------------------task: 25---------------------------------------------------------
--------------------------------------------------------------------------------------------------------------------------------------------------------------------
--------------------------------------------------------------------------------------------------------------------------------------------------------------------
Step:--------------------------------------------------------------------------7-------------------------------------------------------------------------------
----------------------------------------
VLM Prompt:
Image1:
<image>
**Instruction**
1. Analyze the provided image to identify all visible household objects, focusing on those relevant to the task description "put two dishsponge in cart."
2. Use the analysis of the image and the task hint "The agent must find an object of the desired type, pick it up, find the correct location to place it, put it down there, then look for another object of the desired type, pick it up, return to previous location, and put it down there with the other object." to answer the question: what is the most reasonable action in the choices for the task description "put two dishsponge in cart"?
4. Decide and write the answer using the template: The answer is: (i): <selected_action>, where i is the real number. If there is no desired object in the image, search every place based on **Initial Observation** to find the object. And if no one is exactly correct, choose a similar answer.

**Initial Observation**
You are in the middle of a room. Looking quickly around you, you can see bathtub (1), bathtubbasin (1), cart (1), toilet (1), garbagecan (1), toiletpaperhanger (1), shelf (1-4), sink (1), sinkbasin (1), handtowelholder (1)

**Answer Choices**
(1): go to bathtub 1
(2): go to bathtubbasin 1
(3): go to toilet 1
(4): go to garbagecan 1
(5): go to toiletpaperhanger 1
(6): go to shelf 1
(7): go to shelf 2
(8): go to shelf 4
(9): go to sinkbasin 1
(10): go to handtowelholder 1
(11): take faucet 1 from sink 1
(12): take toiletpaper 2 from sink 1
(13): take soapbar 2 from sink 1
(14): examine sink 1

**Answer**
Let's think step by step by following the instructions.
----------------------------------------

----------------------------------------

Original Response:
The task is to put two dishsponges in the cart. In the image provided, we don't see any dishsponges, so we need to search for them. The initial observation doesn't mention any dishsponges either, but it does list several objects and locations within the room.

Since dishsponges are not typically found in bathtubs, toilets, or on handtowel holders, we can eliminate options (1), (2), (3), and (10). Dishsponges are also not usually found in garbage cans or on toilet paper hangers, so we can eliminate options (4) and (5). 

Dishsponges might be located on shelves or near the sink, as these are common places to store cleaning supplies. However, none of the answer choices directly mention picking up a dishsponge. Looking at the shelves, going to them seems like the most appropriate next step. Since we have to find two dishsponges, we should check multiple shelves. 

Option (8) is not viable because there is no shelf 4 mentioned in the initial observation; it only goes up to shelf 3. Therefore, among the given choices, going to shelf 1 or shelf 2 seems the most reasonable to start looking for dishsponges.

The answer is: (6): go to shelf 1.

----------------------------------------

----------------------------------------

>>> Refine Original VLM Response and Get Pure Action: go to shelf 1

----------------------------------------

-----------------------------------------------------------------

Running time: 18.3825204372406 seconds

Total Money: 9.026860000000006

-----------------------------------------------------------------

-----------------------------------------------------------------

Text Observation:You arrive at loc 6. On the shelf 1, you see a papertowelroll 1, a toiletpaper 1, and a soapbar 1.

--------------------------------------------------------------------------------------------------------------------------task: 25---------------------------------------------------------
--------------------------------------------------------------------------------------------------------------------------------------------------------------------
--------------------------------------------------------------------------------------------------------------------------------------------------------------------
Step:--------------------------------------------------------------------------8-------------------------------------------------------------------------------
----------------------------------------
VLM Prompt:
Image1:
<image>
**Instruction**
1. Analyze the provided image to identify all visible household objects, focusing on those relevant to the task description "put two dishsponge in cart."
2. Use the analysis of the image and the task hint "The agent must find an object of the desired type, pick it up, find the correct location to place it, put it down there, then look for another object of the desired type, pick it up, return to previous location, and put it down there with the other object." to answer the question: what is the most reasonable action in the choices for the task description "put two dishsponge in cart"?
4. Decide and write the answer using the template: The answer is: (i): <selected_action>, where i is the real number. If there is no desired object in the image, search every place based on **Initial Observation** to find the object. And if no one is exactly correct, choose a similar answer.

**Initial Observation**
You are in the middle of a room. Looking quickly around you, you can see bathtub (1), bathtubbasin (1), cart (1), toilet (1), garbagecan (1), toiletpaperhanger (1), shelf (1-4), sink (1), sinkbasin (1), handtowelholder (1)

**Answer Choices**
(1): go to bathtub 1
(2): go to bathtubbasin 1
(3): go to toilet 1
(4): go to garbagecan 1
(5): go to toiletpaperhanger 1
(6): go to shelf 2
(7): go to shelf 3
(8): go to shelf 4
(9): go to sinkbasin 1
(10): go to handtowelholder 1
(11): take papertowelroll 1 from shelf 1
(12): take toiletpaper 1 from shelf 1
(13): take soapbar 1 from shelf 1
(14): examine shelf 1

**Answer**
Let's think step by step by following the instructions.
----------------------------------------

----------------------------------------

Original Response:
The task description is "put two dishsponge in cart." The image shows shelves with various objects on them, but there are no dishsponges visible in the image.

Based on the Initial Observation, we should search every place to find the object "dishsponge." None of the answer choices directly mention a dishsponge or a cart, so we must choose the action that is most likely to lead to finding a dishsponge.

The most reasonable place to find a dishsponge would be near the sink or where cleaning supplies are kept, which could be on a shelf. Since none of the shelves in the image have a dishsponge, we should examine the one shelf not visible in the image, which is shelf 3.

The answer is: (7): go to shelf 3.

----------------------------------------

----------------------------------------

>>> Refine Original VLM Response and Get Pure Action: go to shelf 3

----------------------------------------

-----------------------------------------------------------------

Running time: 13.102728843688965 seconds

Total Money: 9.043970000000007

-----------------------------------------------------------------

-----------------------------------------------------------------

Text Observation:You arrive at loc 8. On the shelf 3, you see a papertowelroll 1, a toiletpaper 1, and a soapbar 1.

--------------------------------------------------------------------------------------------------------------------------task: 25---------------------------------------------------------
--------------------------------------------------------------------------------------------------------------------------------------------------------------------
--------------------------------------------------------------------------------------------------------------------------------------------------------------------
Step:--------------------------------------------------------------------------9-------------------------------------------------------------------------------
----------------------------------------
VLM Prompt:
Image1:
<image>
**Instruction**
1. Analyze the provided image to identify all visible household objects, focusing on those relevant to the task description "put two dishsponge in cart."
2. Use the analysis of the image and the task hint "The agent must find an object of the desired type, pick it up, find the correct location to place it, put it down there, then look for another object of the desired type, pick it up, return to previous location, and put it down there with the other object." to answer the question: what is the most reasonable action in the choices for the task description "put two dishsponge in cart"?
4. Decide and write the answer using the template: The answer is: (i): <selected_action>, where i is the real number. If there is no desired object in the image, search every place based on **Initial Observation** to find the object. And if no one is exactly correct, choose a similar answer.

**Initial Observation**
You are in the middle of a room. Looking quickly around you, you can see bathtub (1), bathtubbasin (1), cart (1), toilet (1), garbagecan (1), toiletpaperhanger (1), shelf (1-4), sink (1), sinkbasin (1), handtowelholder (1)

**Answer Choices**
(1): go to bathtub 1
(2): go to bathtubbasin 1
(3): go to cart 1
(4): go to toilet 1
(5): go to garbagecan 1
(6): go to toiletpaperhanger 1
(7): go to shelf 2
(8): go to shelf 4
(9): go to sinkbasin 1
(10): go to handtowelholder 1
(11): take papertowelroll 1 from shelf 3
(12): take toiletpaper 1 from shelf 3
(13): take soapbar 1 from shelf 3
(14): examine shelf 3

**Answer**
Let's think step by step by following the instructions.
----------------------------------------

----------------------------------------

Original Response:
First, we need to analyze the image provided. We can see that there are four shelves labeled as shelf 1, shelf 2, shelf 3, and shelf 4. On shelf 1, there is a label for "papertowelroll 1" and "soapbar 1," but we cannot see these items in the image. On shelf 2, there is a "toiletpaper 1" which is the cardboard tube of a finished roll. Shelves 3 and 4 are empty. There is no visible dish sponge in the image.

Given the task description "put two dishsponge in cart," we need to find dish sponges. Since there are none in the image, we must search other locations based on the **Initial Observation**.

The most reasonable action from the choices would be to go to the location where dish sponges are most likely to be found. Since dish sponges are not typically stored in bathtubs, toilet, or on a toilet paper hanger, we can eliminate choices (1), (2), (4), and (6). Similarly, it is unlikely for dish sponges to be in a garbage can or on a hand towel holder, so we can eliminate choices (5) and (10). Dish sponges are also not typically stored in a sink basin, so we can eliminate choice (9).

This leaves us with the options of going to the cart, shelves, or taking items from shelf 3. Since we need to put the dish sponges in the cart, it is not the current location we need to go to (choice 3). Choices (11), (12), and (13) involve taking items that are not dish sponges. Choice (14) to examine shelf 3 could be reasonable, but since shelf 3 is visibly empty in the image, it is not the best action.

The most reasonable action would be to go to either shelf 2 or shelf 4, as these are places where a dish sponge might be stored in a household setting. Since shelf 2 has a visible toiletpaper roll, it is less likely to have the dish sponge. Therefore, the most reasonable action would be to check shelf 4.

The answer is: (8): go to shelf 4.

----------------------------------------

----------------------------------------

>>> Refine Original VLM Response and Get Pure Action: go to shelf 4

----------------------------------------

-----------------------------------------------------------------

Running time: 43.15053653717041 seconds

Total Money: 9.070410000000006

-----------------------------------------------------------------

-----------------------------------------------------------------

Text Observation:You arrive at loc 9. On the shelf 4, you see a papertowelroll 1, a toiletpaper 1, and a soapbar 1.

--------------------------------------------------------------------------------------------------------------------------task: 25---------------------------------------------------------
--------------------------------------------------------------------------------------------------------------------------------------------------------------------
--------------------------------------------------------------------------------------------------------------------------------------------------------------------
Step:--------------------------------------------------------------------------10-------------------------------------------------------------------------------
----------------------------------------
VLM Prompt:
Image1:
<image>
**Instruction**
1. Analyze the provided image to identify all visible household objects, focusing on those relevant to the task description "put two dishsponge in cart."
2. Use the analysis of the image and the task hint "The agent must find an object of the desired type, pick it up, find the correct location to place it, put it down there, then look for another object of the desired type, pick it up, return to previous location, and put it down there with the other object." to answer the question: what is the most reasonable action in the choices for the task description "put two dishsponge in cart"?
4. Decide and write the answer using the template: The answer is: (i): <selected_action>, where i is the real number. If there is no desired object in the image, search every place based on **Initial Observation** to find the object. And if no one is exactly correct, choose a similar answer.

**Initial Observation**
You are in the middle of a room. Looking quickly around you, you can see bathtub (1), bathtubbasin (1), cart (1), toilet (1), garbagecan (1), toiletpaperhanger (1), shelf (1-4), sink (1), sinkbasin (1), handtowelholder (1)

**Answer Choices**
(1): go to bathtub 1
(2): go to bathtubbasin 1
(3): go to cart 1
(4): go to toilet 1
(5): go to garbagecan 1
(6): go to toiletpaperhanger 1
(7): go to shelf 2
(8): go to sink 1
(9): go to sinkbasin 1
(10): go to handtowelholder 1
(11): take papertowelroll 1 from shelf 4
(12): take toiletpaper 1 from shelf 4
(13): take soapbar 1 from shelf 4
(14): examine shelf 4

**Answer**
Let's think step by step by following the instructions.
----------------------------------------

----------------------------------------

Original Response:
The task is to put two dishsponges in a cart. Analyzing the image, we see several objects, but none of them are dishsponges. According to the initial observation, there are several locations in the room to search for the desired object.

The most reasonable action would be to search every place that could potentially have a dishsponge. Since we don't see any dishsponges on the visible shelves, we should check other locations. The cart is the final destination for the dishsponges, so we don't need to go there yet. The bathtub, bathtubbasin, toilet, garbagecan, toiletpaperhanger, sink, sinkbasin, and handtowelholder are not typical places to find a dishsponge. However, the shelves are likely places to store a dishsponge.

Since the image shows shelf 4 and there is no dishsponge there, we can eliminate that option. We need to check the other shelves that are not visible in the image.

The answer is: (7): go to shelf 2.

----------------------------------------

----------------------------------------

>>> Refine Original VLM Response and Get Pure Action: go to shelf 2

----------------------------------------

-----------------------------------------------------------------

Running time: 9.028766870498657 seconds

Total Money: 9.089230000000006

-----------------------------------------------------------------

-----------------------------------------------------------------

Text Observation:You arrive at loc 7. On the shelf 2, you see a papertowelroll 1, a toiletpaper 1, and a soapbar 1.

--------------------------------------------------------------------------------------------------------------------------task: 25---------------------------------------------------------
--------------------------------------------------------------------------------------------------------------------------------------------------------------------
--------------------------------------------------------------------------------------------------------------------------------------------------------------------
Step:--------------------------------------------------------------------------11-------------------------------------------------------------------------------
----------------------------------------
VLM Prompt:
Image1:
<image>
**Instruction**
1. Analyze the provided image to identify all visible household objects, focusing on those relevant to the task description "put two dishsponge in cart."
2. Use the analysis of the image and the task hint "The agent must find an object of the desired type, pick it up, find the correct location to place it, put it down there, then look for another object of the desired type, pick it up, return to previous location, and put it down there with the other object." to answer the question: what is the most reasonable action in the choices for the task description "put two dishsponge in cart"?
4. Decide and write the answer using the template: The answer is: (i): <selected_action>, where i is the real number. If there is no desired object in the image, search every place based on **Initial Observation** to find the object. And if no one is exactly correct, choose a similar answer.

**Initial Observation**
You are in the middle of a room. Looking quickly around you, you can see bathtub (1), bathtubbasin (1), cart (1), toilet (1), garbagecan (1), toiletpaperhanger (1), shelf (1-4), sink (1), sinkbasin (1), handtowelholder (1)

**Answer Choices**
(1): go to bathtub 1
(2): go to bathtubbasin 1
(3): go to cart 1
(4): go to toilet 1
(5): go to garbagecan 1
(6): go to toiletpaperhanger 1
(7): go to shelf 1
(8): go to sink 1
(9): go to sinkbasin 1
(10): go to handtowelholder 1
(11): take papertowelroll 1 from shelf 2
(12): take toiletpaper 1 from shelf 2
(13): take soapbar 1 from shelf 2
(14): examine shelf 2

**Answer**
Let's think step by step by following the instructions.
----------------------------------------

----------------------------------------

Original Response:
The task is to put two dishsponges in the cart. From the image, we can see that there are no dishsponges visible on shelf 2. Therefore, we must search the other locations based on the Initial Observation.

The first reasonable action would be to go to another location where a dishsponge might be located, such as the sink or the sinkbasin, as these are common places where one might find a dishsponge.

The answer is: (8): go to sink 1.

----------------------------------------

----------------------------------------

>>> Refine Original VLM Response and Get Pure Action: go to sink 1

----------------------------------------

-----------------------------------------------------------------

Running time: 5.039167165756226 seconds

Total Money: 9.104600000000007

-----------------------------------------------------------------

-----------------------------------------------------------------

Text Observation:You arrive at loc 10. On the sink 1, you see a faucet 1, a toiletpaper 2, and a soapbar 2.

--------------------------------------------------------------------------------------------------------------------------task: 25---------------------------------------------------------
--------------------------------------------------------------------------------------------------------------------------------------------------------------------
--------------------------------------------------------------------------------------------------------------------------------------------------------------------
Step:--------------------------------------------------------------------------12-------------------------------------------------------------------------------
----------------------------------------
VLM Prompt:
Image1:
<image>
**Instruction**
1. Analyze the provided image to identify all visible household objects, focusing on those relevant to the task description "put two dishsponge in cart."
2. Use the analysis of the image and the task hint "The agent must find an object of the desired type, pick it up, find the correct location to place it, put it down there, then look for another object of the desired type, pick it up, return to previous location, and put it down there with the other object." to answer the question: what is the most reasonable action in the choices for the task description "put two dishsponge in cart"?
4. Decide and write the answer using the template: The answer is: (i): <selected_action>, where i is the real number. If there is no desired object in the image, search every place based on **Initial Observation** to find the object. And if no one is exactly correct, choose a similar answer.

**Initial Observation**
You are in the middle of a room. Looking quickly around you, you can see bathtub (1), bathtubbasin (1), cart (1), toilet (1), garbagecan (1), toiletpaperhanger (1), shelf (1-4), sink (1), sinkbasin (1), handtowelholder (1)

**Answer Choices**
(1): go to bathtub 1
(2): go to bathtubbasin 1
(3): go to cart 1
(4): go to toilet 1
(5): go to garbagecan 1
(6): go to toiletpaperhanger 1
(7): go to shelf 1
(8): go to shelf 3
(9): go to sinkbasin 1
(10): go to handtowelholder 1
(11): take faucet 1 from sink 1
(12): take toiletpaper 2 from sink 1
(13): take soapbar 2 from sink 1
(14): examine sink 1

**Answer**
Let's think step by step by following the instructions.
----------------------------------------

----------------------------------------

Original Response:
The task is to put two dishsponges in the cart. The image does not show any dishsponges, so we need to search for them based on the initial observation, which lists several locations in the room. 

The most logical place to find a dishsponge would be on a shelf or near the sink; however, the image shows the sink area, and there are no dishsponges visible on the sink or in the sinkbasin. Therefore, we must look elsewhere.

Among the answer choices, going to the cart first does not make sense because we do not have the dishsponges yet. The other locations listed, such as the bathtub, toilet, and garbagecan, are unlikely places to find a dishsponge. The toiletpaperhanger and handtowelholder are also not likely places to find a dishsponge.

The remaining choices are the shelves. Since shelf 1 is the first shelf listed and might be the closest, it is a reasonable place to start searching.

The answer is: (7): go to shelf 1.

----------------------------------------

----------------------------------------

>>> Refine Original VLM Response and Get Pure Action: go to shelf 1

----------------------------------------

-----------------------------------------------------------------

Running time: 12.940938949584961 seconds

Total Money: 9.123390000000006

-----------------------------------------------------------------

-----------------------------------------------------------------

Text Observation:You arrive at loc 6. On the shelf 1, you see a papertowelroll 1, a toiletpaper 1, and a soapbar 1.

--------------------------------------------------------------------------------------------------------------------------task: 25---------------------------------------------------------
--------------------------------------------------------------------------------------------------------------------------------------------------------------------
--------------------------------------------------------------------------------------------------------------------------------------------------------------------
Step:--------------------------------------------------------------------------13-------------------------------------------------------------------------------
----------------------------------------
VLM Prompt:
Image1:
<image>
**Instruction**
1. Analyze the provided image to identify all visible household objects, focusing on those relevant to the task description "put two dishsponge in cart."
2. Use the analysis of the image and the task hint "The agent must find an object of the desired type, pick it up, find the correct location to place it, put it down there, then look for another object of the desired type, pick it up, return to previous location, and put it down there with the other object." to answer the question: what is the most reasonable action in the choices for the task description "put two dishsponge in cart"?
4. Decide and write the answer using the template: The answer is: (i): <selected_action>, where i is the real number. If there is no desired object in the image, search every place based on **Initial Observation** to find the object. And if no one is exactly correct, choose a similar answer.

**Initial Observation**
You are in the middle of a room. Looking quickly around you, you can see bathtub (1), bathtubbasin (1), cart (1), toilet (1), garbagecan (1), toiletpaperhanger (1), shelf (1-4), sink (1), sinkbasin (1), handtowelholder (1)

**Answer Choices**
(1): go to bathtub 1
(2): go to bathtubbasin 1
(3): go to cart 1
(4): go to toilet 1
(5): go to garbagecan 1
(6): go to toiletpaperhanger 1
(7): go to shelf 3
(8): go to shelf 4
(9): go to sinkbasin 1
(10): go to handtowelholder 1
(11): take papertowelroll 1 from shelf 1
(12): take toiletpaper 1 from shelf 1
(13): take soapbar 1 from shelf 1
(14): examine shelf 1

**Answer**
Let's think step by step by following the instructions.
----------------------------------------

----------------------------------------

Original Response:
The task is to put two dishsponges in the cart. In the image provided, there are no visible dishsponges on shelves 1, 2, 3, or 4. Therefore, we must search other places based on the Initial Observation list to find the dishsponges.

Since none of the answer choices directly mention finding or taking a dishsponge, and the shelves in the image do not contain dishsponges, the most reasonable action from the choices given is to go to the cart where we will eventually need to place the dishsponges once they are found. 

The answer is: (3): go to cart 1.

----------------------------------------

----------------------------------------

>>> Refine Original VLM Response and Get Pure Action: go to cart 1

----------------------------------------

-----------------------------------------------------------------

Running time: 10.108134269714355 seconds

Total Money: 9.139720000000006

-----------------------------------------------------------------

-----------------------------------------------------------------

Text Observation:You arrive at loc 2. On the cart 1, you see a cloth 1, and a toiletpaper 2.

--------------------------------------------------------------------------------------------------------------------------task: 25---------------------------------------------------------
--------------------------------------------------------------------------------------------------------------------------------------------------------------------
--------------------------------------------------------------------------------------------------------------------------------------------------------------------
Step:--------------------------------------------------------------------------14-------------------------------------------------------------------------------
----------------------------------------
VLM Prompt:
Image1:
<image>
**Instruction**
1. Analyze the provided image to identify all visible household objects, focusing on those relevant to the task description "put two dishsponge in cart."
2. Use the analysis of the image and the task hint "The agent must find an object of the desired type, pick it up, find the correct location to place it, put it down there, then look for another object of the desired type, pick it up, return to previous location, and put it down there with the other object." to answer the question: what is the most reasonable action in the choices for the task description "put two dishsponge in cart"?
4. Decide and write the answer using the template: The answer is: (i): <selected_action>, where i is the real number. If there is no desired object in the image, search every place based on **Initial Observation** to find the object. And if no one is exactly correct, choose a similar answer.

**Initial Observation**
You are in the middle of a room. Looking quickly around you, you can see bathtub (1), bathtubbasin (1), cart (1), toilet (1), garbagecan (1), toiletpaperhanger (1), shelf (1-4), sink (1), sinkbasin (1), handtowelholder (1)

**Answer Choices**
(1): go to bathtub 1
(2): go to bathtubbasin 1
(3): go to toilet 1
(4): go to garbagecan 1
(5): go to toiletpaperhanger 1
(6): go to shelf 2
(7): go to shelf 3
(8): go to shelf 4
(9): go to sinkbasin 1
(10): go to handtowelholder 1
(11): take cloth 1 from cart 1
(12): take toiletpaper 2 from cart 1
(13): examine cart 1

**Answer**
Let's think step by step by following the instructions.
----------------------------------------

----------------------------------------

Original Response:
The task is to put two dishsponges in the cart. From the initial observation, we know there is a cart (1) present. In the image, we can see a cart labeled 'cart 1' and there is a cloth labeled 'cloth 1' on it, but no dishsponge is visible. Since the task is to find dishsponges, we should look for places where dishsponges might be kept. Common places to store dishsponges are near the sink or on shelves in a bathroom setting.

Looking at the answer choices, 'go to sinkbasin 1' (9) seems like a reasonable action because dishsponges are often kept near sinks for cleaning. 'Go to shelf 2' (6), 'go to shelf 3' (7), and 'go to shelf 4' (8) are also reasonable actions as shelves might store cleaning supplies like dishsponges. Since there is no direct mention of a dishsponge in the image or the initial observation, checking the sink basin and shelves is a logical next step.

The answer is: (9): go to sinkbasin 1

----------------------------------------

----------------------------------------

>>> Refine Original VLM Response and Get Pure Action: go to sinkbasin 1

----------------------------------------

-----------------------------------------------------------------

Running time: 13.983211278915405 seconds

Total Money: 9.158950000000006

-----------------------------------------------------------------

-----------------------------------------------------------------

Text Observation:You arrive at loc 11. On the sinkbasin 1, you see a faucet 1, a toiletpaper 2, and a soapbar 2.

--------------------------------------------------------------------------------------------------------------------------task: 25---------------------------------------------------------
--------------------------------------------------------------------------------------------------------------------------------------------------------------------
--------------------------------------------------------------------------------------------------------------------------------------------------------------------
Step:--------------------------------------------------------------------------15-------------------------------------------------------------------------------
----------------------------------------
VLM Prompt:
Image1:
<image>
**Instruction**
1. Analyze the provided image to identify all visible household objects, focusing on those relevant to the task description "put two dishsponge in cart."
2. Use the analysis of the image and the task hint "The agent must find an object of the desired type, pick it up, find the correct location to place it, put it down there, then look for another object of the desired type, pick it up, return to previous location, and put it down there with the other object." to answer the question: what is the most reasonable action in the choices for the task description "put two dishsponge in cart"?
4. Decide and write the answer using the template: The answer is: (i): <selected_action>, where i is the real number. If there is no desired object in the image, search every place based on **Initial Observation** to find the object. And if no one is exactly correct, choose a similar answer.

**Initial Observation**
You are in the middle of a room. Looking quickly around you, you can see bathtub (1), bathtubbasin (1), cart (1), toilet (1), garbagecan (1), toiletpaperhanger (1), shelf (1-4), sink (1), sinkbasin (1), handtowelholder (1)

**Answer Choices**
(1): go to bathtub 1
(2): go to bathtubbasin 1
(3): go to toilet 1
(4): go to garbagecan 1
(5): go to toiletpaperhanger 1
(6): go to shelf 2
(7): go to shelf 3
(8): go to shelf 4
(9): go to sink 1
(10): go to handtowelholder 1
(11): take faucet 1 from sinkbasin 1
(12): take toiletpaper 2 from sinkbasin 1
(13): take soapbar 2 from sinkbasin 1
(14): examine sinkbasin 1

**Answer**
Let's think step by step by following the instructions.
----------------------------------------

----------------------------------------

Original Response:
Firstly, we need to identify household objects relevant to the task "put two dishsponge in cart." Dishsponges are not explicitly mentioned in the initial observation, but they are commonly found near sinks in a bathroom setting. Therefore, sink 1 and sinkbasin 1 are the most relevant locations to check for a dishsponge.

Now, using the task hint, the most reasonable action would be to find a dishsponge and put it in the cart. Since we cannot see any dishsponges in the image, we need to search for them. The initial observation does not mention dishsponges, but based on common household organization, the sink or sinkbasin is the most likely place to find them.

Given the answer choices, we do not have the option to "search" or "pick up dishsponge," but we can examine the sinkbasin, which is where a dishsponge might be located. Therefore, the best action to take that aligns with the task and available options is to examine the sinkbasin for a dishsponge.

The answer is: (14): examine sinkbasin 1.

----------------------------------------

----------------------------------------

>>> Refine Original VLM Response and Get Pure Action: examine sinkbasin 1

----------------------------------------

-----------------------------------------------------------------

Running time: 18.81562113761902 seconds

Total Money: 9.178250000000006

-----------------------------------------------------------------

-----------------------------------------------------------------

Text Observation:On the sinkbasin 1, you see a faucet 1, a toiletpaper 2, and a soapbar 2.

--------------------------------------------------------------------------------------------------------------------------task: 25---------------------------------------------------------
--------------------------------------------------------------------------------------------------------------------------------------------------------------------
--------------------------------------------------------------------------------------------------------------------------------------------------------------------
Step:--------------------------------------------------------------------------16-------------------------------------------------------------------------------
----------------------------------------
VLM Prompt:
Image1:
<image>
**Instruction**
1. Analyze the provided image to identify all visible household objects, focusing on those relevant to the task description "put two dishsponge in cart."
2. Use the analysis of the image and the task hint "The agent must find an object of the desired type, pick it up, find the correct location to place it, put it down there, then look for another object of the desired type, pick it up, return to previous location, and put it down there with the other object." to answer the question: what is the most reasonable action in the choices for the task description "put two dishsponge in cart"?
4. Decide and write the answer using the template: The answer is: (i): <selected_action>, where i is the real number. If there is no desired object in the image, search every place based on **Initial Observation** to find the object. And if no one is exactly correct, choose a similar answer.

**Initial Observation**
You are in the middle of a room. Looking quickly around you, you can see bathtub (1), bathtubbasin (1), cart (1), toilet (1), garbagecan (1), toiletpaperhanger (1), shelf (1-4), sink (1), sinkbasin (1), handtowelholder (1)

**Answer Choices**
(1): go to bathtub 1
(2): go to bathtubbasin 1
(3): go to toilet 1
(4): go to garbagecan 1
(5): go to toiletpaperhanger 1
(6): go to shelf 1
(7): go to shelf 2
(8): go to shelf 3
(9): go to shelf 4
(10): go to sink 1
(11): go to handtowelholder 1
(12): take faucet 1 from sinkbasin 1
(13): take toiletpaper 2 from sinkbasin 1
(14): take soapbar 2 from sinkbasin 1

**Answer**
Let's think step by step by following the instructions.
----------------------------------------

----------------------------------------

Original Response:
The task is to put two dishsponges in the cart. The image does not show any dishsponges; therefore, we must search every place based on the Initial Observation to find the object. The dishsponge is most likely to be found on a shelf in a bathroom setting. Thus, we should check the shelves.

The answer is: (6): go to shelf 1. If the dishsponge is not found there, proceed to check the other shelves accordingly.

----------------------------------------

----------------------------------------

>>> Refine Original VLM Response and Get Pure Action: go to shelf 1

----------------------------------------

-----------------------------------------------------------------

Running time: 9.772705554962158 seconds

Total Money: 9.193430000000006

-----------------------------------------------------------------

-----------------------------------------------------------------

Text Observation:You arrive at loc 6. On the shelf 1, you see a papertowelroll 1, a toiletpaper 1, and a soapbar 1.

--------------------------------------------------------------------------------------------------------------------------task: 25---------------------------------------------------------
--------------------------------------------------------------------------------------------------------------------------------------------------------------------
--------------------------------------------------------------------------------------------------------------------------------------------------------------------
Step:--------------------------------------------------------------------------17-------------------------------------------------------------------------------
----------------------------------------
VLM Prompt:
Image1:
<image>
**Instruction**
1. Analyze the provided image to identify all visible household objects, focusing on those relevant to the task description "put two dishsponge in cart."
2. Use the analysis of the image and the task hint "The agent must find an object of the desired type, pick it up, find the correct location to place it, put it down there, then look for another object of the desired type, pick it up, return to previous location, and put it down there with the other object." to answer the question: what is the most reasonable action in the choices for the task description "put two dishsponge in cart"?
4. Decide and write the answer using the template: The answer is: (i): <selected_action>, where i is the real number. If there is no desired object in the image, search every place based on **Initial Observation** to find the object. And if no one is exactly correct, choose a similar answer.

**Initial Observation**
You are in the middle of a room. Looking quickly around you, you can see bathtub (1), bathtubbasin (1), cart (1), toilet (1), garbagecan (1), toiletpaperhanger (1), shelf (1-4), sink (1), sinkbasin (1), handtowelholder (1)

**Answer Choices**
(1): go to bathtub 1
(2): go to bathtubbasin 1
(3): go to cart 1
(4): go to toilet 1
(5): go to garbagecan 1
(6): go to toiletpaperhanger 1
(7): go to shelf 2
(8): go to shelf 3
(9): go to shelf 4
(10): go to sink 1
(11): go to handtowelholder 1
(12): take papertowelroll 1 from shelf 1
(13): take toiletpaper 1 from shelf 1
(14): take soapbar 1 from shelf 1
(15): examine shelf 1

**Answer**
Let's think step by step by following the instructions.
----------------------------------------

----------------------------------------

Original Response:
The task is to "put two dishsponge in cart." Looking at the image provided, there is no dishsponge visible on any of the shelves. Therefore, we need to search every place based on Initial Observation to find the object. The cart is mentioned in the Initial Observation, so it is likely where the dishsponges need to be placed once found.

The answer is: (3): go to cart 1

----------------------------------------

----------------------------------------

>>> Refine Original VLM Response and Get Pure Action: go to cart 1

----------------------------------------

-----------------------------------------------------------------

Running time: 9.802539110183716 seconds

Total Money: 9.208300000000007

-----------------------------------------------------------------

-----------------------------------------------------------------

Text Observation:You arrive at loc 2. On the cart 1, you see a cloth 1, and a toiletpaper 2.

--------------------------------------------------------------------------------------------------------------------------task: 25---------------------------------------------------------
--------------------------------------------------------------------------------------------------------------------------------------------------------------------
--------------------------------------------------------------------------------------------------------------------------------------------------------------------
Step:--------------------------------------------------------------------------18-------------------------------------------------------------------------------
----------------------------------------
VLM Prompt:
Image1:
<image>
**Instruction**
1. Analyze the provided image to identify all visible household objects, focusing on those relevant to the task description "put two dishsponge in cart."
2. Use the analysis of the image and the task hint "The agent must find an object of the desired type, pick it up, find the correct location to place it, put it down there, then look for another object of the desired type, pick it up, return to previous location, and put it down there with the other object." to answer the question: what is the most reasonable action in the choices for the task description "put two dishsponge in cart"?
4. Decide and write the answer using the template: The answer is: (i): <selected_action>, where i is the real number. If there is no desired object in the image, search every place based on **Initial Observation** to find the object. And if no one is exactly correct, choose a similar answer.

**Initial Observation**
You are in the middle of a room. Looking quickly around you, you can see bathtub (1), bathtubbasin (1), cart (1), toilet (1), garbagecan (1), toiletpaperhanger (1), shelf (1-4), sink (1), sinkbasin (1), handtowelholder (1)

**Answer Choices**
(1): go to bathtub 1
(2): go to bathtubbasin 1
(3): go to toilet 1
(4): go to garbagecan 1
(5): go to toiletpaperhanger 1
(6): go to shelf 2
(7): go to shelf 3
(8): go to shelf 4
(9): go to sink 1
(10): go to sinkbasin 1
(11): go to handtowelholder 1
(12): take cloth 1 from cart 1
(13): take toiletpaper 2 from cart 1
(14): examine cart 1

**Answer**
Let's think step by step by following the instructions.
----------------------------------------

----------------------------------------

Original Response:
The task is to put two dishsponges in the cart. From the image provided, we can see a cart labeled "cart 1" and a cloth labeled "cloth 1" on one of the shelves of the cart. There is no visible dishsponge in the image. Based on the Initial Observation, we can see there is no mention of a dishsponge, so it is not immediately visible in the room. 

The task hint suggests we need to find an object of the desired type, which in this case is a dishsponge. Since the dishsponge is not visible in the image and not listed in the Initial Observation, we need to search in every place to find the object.

None of the answer choices directly involve finding or picking up a dishsponge. However, examining the cart could potentially reveal more information about where a dishsponge might be located or if there is already one in the cart. Therefore, the most reasonable action from the choices given is to examine the cart.

The answer is: (14): examine cart 1.

----------------------------------------

----------------------------------------

>>> Refine Original VLM Response and Get Pure Action: examine cart 1

----------------------------------------

-----------------------------------------------------------------

Running time: 12.836114406585693 seconds

Total Money: 9.226960000000007

-----------------------------------------------------------------

-----------------------------------------------------------------

Text Observation:On the cart 1, you see a cloth 1, and a toiletpaper 2.

--------------------------------------------------------------------------------------------------------------------------task: 25---------------------------------------------------------
--------------------------------------------------------------------------------------------------------------------------------------------------------------------
--------------------------------------------------------------------------------------------------------------------------------------------------------------------
Step:--------------------------------------------------------------------------19-------------------------------------------------------------------------------
----------------------------------------
VLM Prompt:
Image1:
<image>
**Instruction**
1. Analyze the provided image to identify all visible household objects, focusing on those relevant to the task description "put two dishsponge in cart."
2. Use the analysis of the image and the task hint "The agent must find an object of the desired type, pick it up, find the correct location to place it, put it down there, then look for another object of the desired type, pick it up, return to previous location, and put it down there with the other object." to answer the question: what is the most reasonable action in the choices for the task description "put two dishsponge in cart"?
4. Decide and write the answer using the template: The answer is: (i): <selected_action>, where i is the real number. If there is no desired object in the image, search every place based on **Initial Observation** to find the object. And if no one is exactly correct, choose a similar answer.

**Initial Observation**
You are in the middle of a room. Looking quickly around you, you can see bathtub (1), bathtubbasin (1), cart (1), toilet (1), garbagecan (1), toiletpaperhanger (1), shelf (1-4), sink (1), sinkbasin (1), handtowelholder (1)

**Answer Choices**
(1): go to bathtub 1
(2): go to bathtubbasin 1
(3): go to toilet 1
(4): go to garbagecan 1
(5): go to toiletpaperhanger 1
(6): go to shelf 2
(7): go to shelf 3
(8): go to shelf 4
(9): go to sink 1
(10): go to sinkbasin 1
(11): go to handtowelholder 1
(12): take cloth 1 from cart 1
(13): take toiletpaper 2 from cart 1

**Answer**
Let's think step by step by following the instructions.
----------------------------------------

----------------------------------------

Original Response:
The task is to put two dishsponges in the cart. The image shows a cart labeled "cart 1" with a cloth labeled "cloth 1" on it, but no dishsponges are visible. Based on the initial observation, we know there are multiple shelves, a sink, and other locations in the room that could potentially have the dishsponges. Since none of the answer choices directly mention a dishsponge, we must choose the next reasonable action to search for the dishsponges. Shelves are typically where small items like dishsponges are stored, so they are the most likely locations. 

The answer is: (6): go to shelf 2, (7): go to shelf 3, or (8): go to shelf 4. Since we have to choose one, we'll start with the one closest to the cart to minimize travel time. If shelf 2 is the closest, we'll start there.

The answer is: (6): go to shelf 2.

----------------------------------------

----------------------------------------

>>> Refine Original VLM Response and Get Pure Action: go to shelf 2, (7): go to shelf 3, or (8): go to shelf 4

----------------------------------------

-----------------------------------------------------------------

Running time: 12.022376775741577 seconds

Total Money: 9.245330000000008

-----------------------------------------------------------------

-----------------------------------------------------------------

Text Observation:Nothing happens.

-----------------------------------------------------------------