---------------------------------------------------------task: 1---------------------------------------------------------
--------------------------------------------------------------------------------------------------------------------------------------------------------------------
--------------------------------------------------------------------------------------------------------------------------------------------------------------------
Step:--------------------------------------------------------------------------0-------------------------------------------------------------------------------
----------------------------------------
VLM Prompt:
Image1:
<image>
**Instruction**
1. Analyze the provided images to identify all visible household objects and compare the difference between images (e.h. whether the object is opened or not and taken on hand or not), focusing on those relevant to the task description "examine the alarmclock with the desklamp."
2. Use the analysis of images and the task hint "The agent must find an object of the desired type, locate and turn on a light source with the desired object in-hand." to answer the question: what is the most reasonable action in the choices for the task description "examine the alarmclock with the desklamp"?
3. Decide and write the answer using the template: The answer is: (i): <selected_action>, where i is the real number. If there is no desired object in images, search every place based on **Initial Observation** to find the object. And if no one is exactly correct, choose a similar answer.

**Initial Observation**
You are in the middle of a room. Looking quickly around you, you can see bed (1), dresser (1), drawer (1-10), garbagecan (1), shelf (1-7)

**Answer Choices**
(1): go to bed 1
(2): go to dresser 1
(3): go to drawer 1
(4): go to drawer 2
(5): go to drawer 3
(6): go to drawer 4
(7): go to drawer 5
(8): go to garbagecan 1
(9): go to drawer 6
(10): go to drawer 7
(11): go to drawer 8
(12): go to drawer 9
(13): go to drawer 10
(14): go to shelf 1
(15): go to shelf 2
(16): go to shelf 3
(17): go to shelf 4
(18): go to shelf 5
(19): go to shelf 6
(20): go to shelf 7


**Answer**
Let's think step by step by following the instructions.
----------------------------------------

----------------------------------------

Original Response:
In Image 1, we can see a dresser with some objects on top and a shelf with books and a black cup. However, there is no visible alarm clock or desk lamp in this image. According to the task description, we need to examine the alarm clock with the desk lamp, which implies that we need to find these two objects first.

Based on the **Initial Observation**, there are several places where these objects could potentially be found, such as the bed, dresser, drawers, garbage can, and shelves.

Since we do not see the alarm clock or the desk lamp in Image 1, and they are not typical items to be found in a garbage can, it is reasonable to search through the drawers or shelves where such items are commonly placed.

The answer is: (3): go to drawer 3. This is a random selection among the drawers, as we do not have enough information to determine which specific drawer or shelf may contain the alarm clock or desk lamp. If drawer 3 does not contain the desired objects, the agent should continue searching the remaining drawers and shelves.

----------------------------------------

----------------------------------------

>>> Refine Original VLM Response and Get Pure Action: go to drawer 3

----------------------------------------

-----------------------------------------------------------------

Running time: 8.500467777252197 seconds

Total Money: 0.39852000000000004

-----------------------------------------------------------------

-----------------------------------------------------------------

Text Observation:You arrive at loc 4. The drawer 3 is closed. 

--------------------------------------------------------------------------------------------------------------------------task: 1---------------------------------------------------------
--------------------------------------------------------------------------------------------------------------------------------------------------------------------
--------------------------------------------------------------------------------------------------------------------------------------------------------------------
Step:--------------------------------------------------------------------------1-------------------------------------------------------------------------------
----------------------------------------
VLM Prompt:
Image1:
<image>
Image2:
<image>
**Instruction**
1. Analyze the provided images to identify all visible household objects and compare the difference between images (e.h. whether the object is opened or not and taken on hand or not), focusing on those relevant to the task description "examine the alarmclock with the desklamp."
2. Use the analysis of images and the task hint "The agent must find an object of the desired type, locate and turn on a light source with the desired object in-hand." to answer the question: what is the most reasonable action in the choices for the task description "examine the alarmclock with the desklamp"?
3. Decide and write the answer using the template: The answer is: (i): <selected_action>, where i is the real number. If there is no desired object in images, search every place based on **Initial Observation** to find the object. And if no one is exactly correct, choose a similar answer.

**Initial Observation**
You are in the middle of a room. Looking quickly around you, you can see bed (1), dresser (1), drawer (1-10), garbagecan (1), shelf (1-7)

**Answer Choices**
(1): go to bed 1
(2): go to dresser 1
(3): go to drawer 1
(4): go to drawer 2
(5): go to drawer 4
(6): go to drawer 5
(7): go to garbagecan 1
(8): go to drawer 6
(9): go to drawer 7
(10): go to drawer 8
(11): go to drawer 9
(12): go to drawer 10
(13): go to shelf 1
(14): go to shelf 2
(15): go to shelf 3
(16): go to shelf 4
(17): go to shelf 5
(18): go to shelf 6
(19): go to shelf 7
(20): open drawer 3
(21): close drawer 3
(22): examine drawer 3


**Answer**
Let's think step by step by following the instructions.
----------------------------------------

----------------------------------------

Original Response:
First, we analyze the images:

Image1:
- There is an open drawer with a CD and a small toy on top of the dresser. 
- A shelf with books and a black cup is also visible. 
- There is no alarm clock or desk lamp visible in this image.

Image2:
- On top of the dresser, there is a closed laptop, a pink lamp with a green shade, and an object that looks like a small alarm clock next to the lamp. 
- The lamp appears to be off.
- There is no evidence of the desk lamp being on or in hand.

Based on the task description "examine the alarm clock with the desk lamp," we need to find the alarm clock and use the desk lamp to examine it. The hint suggests that we need to have the alarm clock in hand and turn on a light source.

From the initial observation, there is no mention of a desk lamp, but we can see a lamp on the dresser in Image2, which is likely the lamp referred to in the task.

Therefore, the most reasonable action from the choices provided, given that the alarm clock is already in the scene (Image2), would be to interact with the lamp to examine the alarm clock.

The answer is: (22): examine drawer 3. (Although the drawer is not the direct object to interact with according to the task, this is the closest action from the choices provided that involves examining an object on the dresser where the alarm clock is located. The actual desired action of turning on the lamp and examining the alarm clock is not listed as an option.)

----------------------------------------

----------------------------------------

>>> Refine Original VLM Response and Get Pure Action: examine drawer 3

----------------------------------------

-----------------------------------------------------------------

Running time: 15.444230556488037 seconds

Total Money: 0.42819000000000007

-----------------------------------------------------------------

-----------------------------------------------------------------

Text Observation:On the drawer 3, you see a laptop 1, a desklamp 1, a alarmclock 1, a cd 1, a creditcard 1, a pen 1, and a keychain 1.

--------------------------------------------------------------------------------------------------------------------------task: 1---------------------------------------------------------
--------------------------------------------------------------------------------------------------------------------------------------------------------------------
--------------------------------------------------------------------------------------------------------------------------------------------------------------------
Step:--------------------------------------------------------------------------2-------------------------------------------------------------------------------
----------------------------------------
VLM Prompt:
Image1:
<image>
Image2:
<image>
**Instruction**
1. Analyze the provided images to identify all visible household objects and compare the difference between images (e.h. whether the object is opened or not and taken on hand or not), focusing on those relevant to the task description "examine the alarmclock with the desklamp."
2. Use the analysis of images and the task hint "The agent must find an object of the desired type, locate and turn on a light source with the desired object in-hand." to answer the question: what is the most reasonable action in the choices for the task description "examine the alarmclock with the desklamp"?
3. Decide and write the answer using the template: The answer is: (i): <selected_action>, where i is the real number. If there is no desired object in images, search every place based on **Initial Observation** to find the object. And if no one is exactly correct, choose a similar answer.

**Initial Observation**
You are in the middle of a room. Looking quickly around you, you can see bed (1), dresser (1), drawer (1-10), garbagecan (1), shelf (1-7)

**Answer Choices**
(1): go to bed 1
(2): go to dresser 1
(3): go to drawer 1
(4): go to drawer 2
(5): go to drawer 4
(6): go to drawer 5
(7): go to garbagecan 1
(8): go to drawer 6
(9): go to drawer 7
(10): go to drawer 8
(11): go to drawer 9
(12): go to drawer 10
(13): go to shelf 1
(14): go to shelf 2
(15): go to shelf 3
(16): go to shelf 4
(17): go to shelf 5
(18): go to shelf 6
(19): go to shelf 7
(20): open drawer 3
(21): close drawer 3
(22): take laptop 1 from drawer 3
(23): take alarmclock 1 from drawer 3
(24): take cd 1 from drawer 3
(25): take creditcard 1 from drawer 3
(26): take pen 1 from drawer 3
(27): take keychain 1 from drawer 3
(28): use desklamp 1


**Answer**
Let's think step by step by following the instructions.
----------------------------------------

----------------------------------------

Original Response:
Image Analysis:
- In both images, we can see a lamp (desklamp), an alarm clock, and a laptop on the dresser.
- The images are identical, and there is no difference in the state of the objects (e.g. opened or taken on hand).

Task Hint Analysis:
- The task is to examine the alarm clock with the desk lamp.
- The agent must find the alarm clock and turn on the desk lamp with the alarm clock in hand.

From the initial observation, we know there is a dresser (1) in the room. Since the alarm clock and the desk lamp are already on the dresser, as seen in the images, there is no need to search for these objects.

Therefore, the most reasonable action to examine the alarm clock with the desk lamp is to turn on the desk lamp while having the alarm clock in hand.

The answer is: (28): use desklamp 1.

----------------------------------------

----------------------------------------

>>> Refine Original VLM Response and Get Pure Action: use desklamp 1

----------------------------------------

-----------------------------------------------------------------

Running time: 58.542720317840576 seconds

Total Money: 0.45455000000000007

-----------------------------------------------------------------

-----------------------------------------------------------------

Text Observation:You turn on the desklamp 1.

--------------------------------------------------------------------------------------------------------------------------task: 1---------------------------------------------------------
--------------------------------------------------------------------------------------------------------------------------------------------------------------------
--------------------------------------------------------------------------------------------------------------------------------------------------------------------
Step:--------------------------------------------------------------------------3-------------------------------------------------------------------------------
----------------------------------------
VLM Prompt:
Image1:
<image>
Image2:
<image>
**Instruction**
1. Analyze the provided images to identify all visible household objects and compare the difference between images (e.h. whether the object is opened or not and taken on hand or not), focusing on those relevant to the task description "examine the alarmclock with the desklamp."
2. Use the analysis of images and the task hint "The agent must find an object of the desired type, locate and turn on a light source with the desired object in-hand." to answer the question: what is the most reasonable action in the choices for the task description "examine the alarmclock with the desklamp"?
3. Decide and write the answer using the template: The answer is: (i): <selected_action>, where i is the real number. If there is no desired object in images, search every place based on **Initial Observation** to find the object. And if no one is exactly correct, choose a similar answer.

**Initial Observation**
You are in the middle of a room. Looking quickly around you, you can see bed (1), dresser (1), drawer (1-10), garbagecan (1), shelf (1-7)

**Answer Choices**
(1): go to bed 1
(2): go to dresser 1
(3): go to drawer 1
(4): go to drawer 2
(5): go to drawer 4
(6): go to drawer 5
(7): go to garbagecan 1
(8): go to drawer 6
(9): go to drawer 7
(10): go to drawer 8
(11): go to drawer 9
(12): go to drawer 10
(13): go to shelf 1
(14): go to shelf 2
(15): go to shelf 3
(16): go to shelf 4
(17): go to shelf 5
(18): go to shelf 6
(19): go to shelf 7
(20): open drawer 3
(21): close drawer 3
(22): take laptop 1 from drawer 3
(23): take alarmclock 1 from drawer 3
(24): take cd 1 from drawer 3
(25): take creditcard 1 from drawer 3
(26): take pen 1 from drawer 3
(27): take keychain 1 from drawer 3


**Answer**
Let's think step by step by following the instructions.
----------------------------------------

----------------------------------------

Original Response:
Firstly, analyzing the provided images, we can identify a few household objects:

- A laptop on the dresser.
- An alarm clock in front of the laptop.
- A desk lamp next to the alarm clock.
- Various small items like a pen, credit card, and CD near the laptop.
- A painting on the wall.
- A trashcan in the corner of the room.

The difference between the two images is the state of the desk lamp. In Image 1, the lampshade is green and appears to be off. In Image 2, the lampshade is white, indicating that the lamp is now on.

Given the task description "examine the alarmclock with the desklamp," and the task hint suggesting that the agent must find an object of the desired type (alarm clock), locate and turn on a light source (desk lamp) with the desired object in hand, we can deduce that the agent has already accomplished part of the task by turning on the desk lamp as seen in Image 2.

The most reasonable next action in the choices for the task description would be to take the alarm clock in hand to examine it under the light of the desk lamp.

However, none of the answer choices directly state taking the alarm clock in hand. Since the alarm clock is already visible on the dresser, there is no need to search for it in drawers or shelves. Therefore, we need to choose the answer that is most similar to the action of taking the alarm clock in hand.

The answer is: (23): take alarmclock 1 from drawer 3.

----------------------------------------

----------------------------------------

>>> Refine Original VLM Response and Get Pure Action: take alarmclock 1 from drawer 3

----------------------------------------

-----------------------------------------------------------------

Running time: 22.684203624725342 seconds

Total Money: 0.48480000000000006

-----------------------------------------------------------------

-----------------------------------------------------------------

Text Observation:You pick up the alarmclock 1 from the drawer 3.

-----------------------------------------------------------------