---------------------------------------------------------task: 17---------------------------------------------------------
--------------------------------------------------------------------------------------------------------------------------------------------------------------------
--------------------------------------------------------------------------------------------------------------------------------------------------------------------
Step:--------------------------------------------------------------------------0-------------------------------------------------------------------------------
----------------------------------------
VLM Prompt:
Image1:
<image>
**Instruction**
1. Analyze the provided images to identify all visible household objects and compare the difference between images (e.h. whether the object is opened or not and taken on hand or not), focusing on those relevant to the task description "put a cool pan in stoveburner."
2. Use the analysis of images and the task hint "The agent must find an object of the desired type, pick it up, go to a fridge, cool the object with the fridge, then find the correct location to place it, and put it down there. The agent does not need to use the fridge button or open the fridge to cool the object, and the agent just needs to do action that is "cool the object with the fridge"." to answer the question: what is the most reasonable action in the choices for the task description "put a cool pan in stoveburner"?
3. Decide and write the answer using the template: The answer is: (i): <selected_action>, where i is the real number. If there is no desired object in images, search every place based on **Initial Observation** to find the object. And if no one is exactly correct, choose a similar answer.

**Initial Observation**
You are in the middle of a room. Looking quickly around you, you can see cabinet (1-14), countertop (1-2), microwave (1), drawer (1-5), sink (1), sinkbasin (1), coffeemachine (1), stoveburner (1-4), toaster (1), fridge (1), diningtable (1), garbagecan (1), safe (1)

**Answer Choices**
(1): go to cabinet 1
(2): go to cabinet 2
(3): go to cabinet 3
(4): go to countertop 1
(5): go to cabinet 4
(6): go to cabinet 5
(7): go to microwave 1
(8): go to cabinet 6
(9): go to drawer 1
(10): go to drawer 2
(11): go to drawer 3
(12): go to cabinet 7
(13): go to cabinet 8
(14): go to sink 1
(15): go to sinkbasin 1
(16): go to coffeemachine 1
(17): go to cabinet 9
(18): go to cabinet 10
(19): go to drawer 4
(20): go to cabinet 11
(21): go to stoveburner 1
(22): go to stoveburner 2
(23): go to stoveburner 3
(24): go to stoveburner 4
(25): go to cabinet 12
(26): go to toaster 1
(27): go to drawer 5
(28): go to countertop 2
(29): go to fridge 1
(30): go to cabinet 13
(31): go to cabinet 14
(32): go to diningtable 1
(33): go to garbagecan 1
(34): go to safe 1


**Answer**
Let's think step by step by following the instructions.
----------------------------------------

----------------------------------------

Original Response:
Firstly, we need to find a pan to put on the stove burner. The image provided does not show any pans, so we cannot use it to identify the location of a pan. Therefore, we must search every place based on the Initial Observation to find the object.

The locations where a pan is most likely to be found in a typical household are in cabinets, drawers, or possibly on the countertop if it has been recently used. Since the task description specifies "put a cool pan in stoveburner," we can assume the pan is not currently on the stoveburner. 

Based on the Initial Observation, the most reasonable locations to search for a pan would be in cabinets or drawers near the stoveburner. Once the pan is found, we would then go to the fridge to cool the object, as per the task hint.

Considering the options given, we should check the cabinets and drawers first. Therefore, the most reasonable actions from the choices provided would be:
(1): go to cabinet 1
(2): go to cabinet 2
(3): go to cabinet 3
(5): go to cabinet 4
(6): go to cabinet 5
(8): go to cabinet 6
(9): go to drawer 1
(10): go to drawer 2
(11): go to drawer 3
(12): go to cabinet 7
(13): go to cabinet 8
(17): go to cabinet 9
(18): go to cabinet 10
(19): go to drawer 4
(20): go to cabinet 11
(25): go to cabinet 12
(27): go to drawer 5
(30): go to cabinet 13
(31): go to cabinet 14

Since we cannot know which specific cabinet or drawer the pan is in without more information, we must select one of these as the most reasonable action. We should start with the cabinets and drawers closest to the stoveburner for efficiency.

The answer is: It is not possible to determine the exact action without more information. However, the most reasonable action would be to start searching the cabinets and drawers closest to the stoveburner, such as (1): go to cabinet 1, (9): go to drawer 1, or (10): go to drawer 2.

----------------------------------------

----------------------------------------

>>> Refine Original VLM Response and Get Pure Action: go to cabinet 1, (9): go to drawer 1, or (10): go to drawer 2

----------------------------------------

-----------------------------------------------------------------

Running time: 14.931073665618896 seconds

Total Money: 9.840380000000005

-----------------------------------------------------------------

-----------------------------------------------------------------

Text Observation:Nothing happens.

--------------------------------------------------------------------------------------------------------------------------task: 17---------------------------------------------------------
--------------------------------------------------------------------------------------------------------------------------------------------------------------------
--------------------------------------------------------------------------------------------------------------------------------------------------------------------
Step:--------------------------------------------------------------------------1-------------------------------------------------------------------------------
----------------------------------------
VLM Prompt:
Image1:
<image>
Image2:
<image>
**Instruction**
1. Analyze the provided images to identify all visible household objects and compare the difference between images (e.h. whether the object is opened or not and taken on hand or not), focusing on those relevant to the task description "put a cool pan in stoveburner."
2. Use the analysis of images and the task hint "The agent must find an object of the desired type, pick it up, go to a fridge, cool the object with the fridge, then find the correct location to place it, and put it down there. The agent does not need to use the fridge button or open the fridge to cool the object, and the agent just needs to do action that is "cool the object with the fridge"." to answer the question: what is the most reasonable action in the choices for the task description "put a cool pan in stoveburner"?
3. Decide and write the answer using the template: The answer is: (i): <selected_action>, where i is the real number. If there is no desired object in images, search every place based on **Initial Observation** to find the object. And if no one is exactly correct, choose a similar answer.

**Initial Observation**
You are in the middle of a room. Looking quickly around you, you can see cabinet (1-14), countertop (1-2), microwave (1), drawer (1-5), sink (1), sinkbasin (1), coffeemachine (1), stoveburner (1-4), toaster (1), fridge (1), diningtable (1), garbagecan (1), safe (1)

**Answer Choices**
(1): go to cabinet 1
(2): go to cabinet 2
(3): go to cabinet 3
(4): go to countertop 1
(5): go to cabinet 4
(6): go to cabinet 5
(7): go to microwave 1
(8): go to cabinet 6
(9): go to drawer 1
(10): go to drawer 2
(11): go to drawer 3
(12): go to cabinet 7
(13): go to cabinet 8
(14): go to sink 1
(15): go to sinkbasin 1
(16): go to coffeemachine 1
(17): go to cabinet 9
(18): go to cabinet 10
(19): go to drawer 4
(20): go to cabinet 11
(21): go to stoveburner 1
(22): go to stoveburner 2
(23): go to stoveburner 3
(24): go to stoveburner 4
(25): go to cabinet 12
(26): go to toaster 1
(27): go to drawer 5
(28): go to countertop 2
(29): go to fridge 1
(30): go to cabinet 13
(31): go to cabinet 14
(32): go to diningtable 1
(33): go to garbagecan 1
(34): go to safe 1


**Answer**
Let's think step by step by following the instructions.
----------------------------------------

----------------------------------------

Original Response:
First, we analyze the provided images. There are no pans visible in either of the images. The images only show a sink, a mug, and a decorative vase. None of these objects are relevant to the task description "put a cool pan in stoveburner."

Since there is no desired object (pan) in the images, we need to search every place based on the Initial Observation to find the object. The most likely places where a pan could be stored are in cabinets, drawers, or possibly on the countertop. Since the task involves cooling the pan with the fridge before placing it on the stoveburner, the fridge is also relevant to the task.

Considering the task hint, we need to first find the pan, cool it with the fridge, and then place it on the stoveburner. The agent does not need to use the fridge button or open the fridge to cool the object.

Based on this information, the most reasonable first action to find a pan would be to look in the cabinets or drawers where pans are typically stored.

The answer is: (1): go to cabinet 1

----------------------------------------

----------------------------------------

>>> Refine Original VLM Response and Get Pure Action: go to cabinet 1

----------------------------------------

-----------------------------------------------------------------

Running time: 11.662571907043457 seconds

Total Money: 9.869250000000005

-----------------------------------------------------------------

-----------------------------------------------------------------

Text Observation:You arrive at loc 0. The cabinet 1 is closed. 

--------------------------------------------------------------------------------------------------------------------------task: 17---------------------------------------------------------
--------------------------------------------------------------------------------------------------------------------------------------------------------------------
--------------------------------------------------------------------------------------------------------------------------------------------------------------------
Step:--------------------------------------------------------------------------2-------------------------------------------------------------------------------
----------------------------------------
VLM Prompt:
Image1:
<image>
Image2:
<image>
Image3:
<image>
**Instruction**
1. Analyze the provided images to identify all visible household objects and compare the difference between images (e.h. whether the object is opened or not and taken on hand or not), focusing on those relevant to the task description "put a cool pan in stoveburner."
2. Use the analysis of images and the task hint "The agent must find an object of the desired type, pick it up, go to a fridge, cool the object with the fridge, then find the correct location to place it, and put it down there. The agent does not need to use the fridge button or open the fridge to cool the object, and the agent just needs to do action that is "cool the object with the fridge"." to answer the question: what is the most reasonable action in the choices for the task description "put a cool pan in stoveburner"?
3. Decide and write the answer using the template: The answer is: (i): <selected_action>, where i is the real number. If there is no desired object in images, search every place based on **Initial Observation** to find the object. And if no one is exactly correct, choose a similar answer.

**Initial Observation**
You are in the middle of a room. Looking quickly around you, you can see cabinet (1-14), countertop (1-2), microwave (1), drawer (1-5), sink (1), sinkbasin (1), coffeemachine (1), stoveburner (1-4), toaster (1), fridge (1), diningtable (1), garbagecan (1), safe (1)

**Answer Choices**
(1): go to cabinet 2
(2): go to cabinet 3
(3): go to countertop 1
(4): go to cabinet 4
(5): go to cabinet 5
(6): go to microwave 1
(7): go to cabinet 6
(8): go to drawer 1
(9): go to drawer 2
(10): go to drawer 3
(11): go to cabinet 7
(12): go to cabinet 8
(13): go to sink 1
(14): go to sinkbasin 1
(15): go to coffeemachine 1
(16): go to cabinet 9
(17): go to cabinet 10
(18): go to drawer 4
(19): go to cabinet 11
(20): go to stoveburner 1
(21): go to stoveburner 2
(22): go to stoveburner 3
(23): go to stoveburner 4
(24): go to cabinet 12
(25): go to toaster 1
(26): go to drawer 5
(27): go to countertop 2
(28): go to fridge 1
(29): go to cabinet 13
(30): go to cabinet 14
(31): go to diningtable 1
(32): go to garbagecan 1
(33): go to safe 1
(34): open cabinet 1
(35): close cabinet 1
(36): examine cabinet 1


**Answer**
Let's think step by step by following the instructions.
----------------------------------------

----------------------------------------

Original Response:
First, we need to identify all visible household objects in the provided images. 

In Image 1 and Image 2, we can see a sink, a sink faucet, a cup, and a decorative vase on the countertop. There is no difference between these two images, and no pan is visible.

In Image 3, we see a wooden floor, and there are no objects visible in this image.

Next, we need to compare the difference between images, focusing on those relevant to the task description "put a cool pan in stoveburner." Since there is no pan visible in any of the images, we need to search every place based on the Initial Observation to find the object.

The task hint informs us that the agent must find an object of the desired type (a pan), pick it up, go to a fridge, cool the object with the fridge, then find the correct location to place it (a stoveburner), and put it down there. The agent does not need to use the fridge button or open the fridge to cool the object.

Considering the Initial Observation, pans are typically stored in cabinets or drawers in a kitchen. Therefore, the most reasonable action from the choices given would be to check the cabinets and drawers.

The answer is: (1): go to cabinet 2

----------------------------------------

----------------------------------------

>>> Refine Original VLM Response and Get Pure Action: go to cabinet 2

----------------------------------------

-----------------------------------------------------------------

Running time: 10.129569053649902 seconds

Total Money: 9.907160000000005

-----------------------------------------------------------------

-----------------------------------------------------------------

Text Observation:You arrive at loc 1. The cabinet 2 is closed. 

--------------------------------------------------------------------------------------------------------------------------task: 17---------------------------------------------------------
--------------------------------------------------------------------------------------------------------------------------------------------------------------------
--------------------------------------------------------------------------------------------------------------------------------------------------------------------
Step:--------------------------------------------------------------------------3-------------------------------------------------------------------------------
----------------------------------------
VLM Prompt:
Image1:
<image>
Image2:
<image>
Image3:
<image>
**Instruction**
1. Analyze the provided images to identify all visible household objects and compare the difference between images (e.h. whether the object is opened or not and taken on hand or not), focusing on those relevant to the task description "put a cool pan in stoveburner."
2. Use the analysis of images and the task hint "The agent must find an object of the desired type, pick it up, go to a fridge, cool the object with the fridge, then find the correct location to place it, and put it down there. The agent does not need to use the fridge button or open the fridge to cool the object, and the agent just needs to do action that is "cool the object with the fridge"." to answer the question: what is the most reasonable action in the choices for the task description "put a cool pan in stoveburner"?
3. Decide and write the answer using the template: The answer is: (i): <selected_action>, where i is the real number. If there is no desired object in images, search every place based on **Initial Observation** to find the object. And if no one is exactly correct, choose a similar answer.

**Initial Observation**
You are in the middle of a room. Looking quickly around you, you can see cabinet (1-14), countertop (1-2), microwave (1), drawer (1-5), sink (1), sinkbasin (1), coffeemachine (1), stoveburner (1-4), toaster (1), fridge (1), diningtable (1), garbagecan (1), safe (1)

**Answer Choices**
(1): go to cabinet 3
(2): go to countertop 1
(3): go to cabinet 4
(4): go to cabinet 5
(5): go to microwave 1
(6): go to cabinet 6
(7): go to drawer 1
(8): go to drawer 2
(9): go to drawer 3
(10): go to cabinet 7
(11): go to cabinet 8
(12): go to sink 1
(13): go to sinkbasin 1
(14): go to coffeemachine 1
(15): go to cabinet 9
(16): go to cabinet 10
(17): go to drawer 4
(18): go to cabinet 11
(19): go to stoveburner 1
(20): go to stoveburner 2
(21): go to stoveburner 3
(22): go to stoveburner 4
(23): go to cabinet 12
(24): go to toaster 1
(25): go to drawer 5
(26): go to countertop 2
(27): go to fridge 1
(28): go to cabinet 13
(29): go to cabinet 14
(30): go to diningtable 1
(31): go to garbagecan 1
(32): go to safe 1
(33): open cabinet 2
(34): close cabinet 2
(35): examine cabinet 2


**Answer**
Let's think step by step by following the instructions.
----------------------------------------

----------------------------------------

Original Response:
Firstly, we need to identify any household objects relevant to the task of "put a cool pan in stoveburner." 

Image Analysis:
Image1 shows a kitchen sink with a faucet, a cup, and a decorative object resembling a pot or vase on the countertop. There is no pan visible in this image.
Image2 is a close-up of a wooden floor, with no objects visible.
Image3 is similar to Image2, showing only the wooden floor.

Based on the task description and the hint provided, the agent needs to find a pan, cool it with the fridge, and then put it on the stove burner.

From the initial observation list, the most likely places to find a pan would be in a cabinet or a drawer, as they are common storage places for kitchen cookware. The countertop could also be a possible location if the pan is left out. The fridge is also mentioned for cooling the object, and the stove burner is the final destination for the pan.

Based on the options provided and the analysis, the most reasonable actions to perform the task would be to first find a pan. Since none is visible in the images, we need to search in likely locations such as cabinets and drawers. After obtaining the pan, the agent would then go to the fridge to cool it and finally to a stove burner to place it.

Since the task requires finding a pan first and none is visible in the provided images, the agent should start by searching the cabinets or drawers.

The answer is: (1): go to cabinet 3

----------------------------------------

----------------------------------------

>>> Refine Original VLM Response and Get Pure Action: go to cabinet 3

----------------------------------------

-----------------------------------------------------------------

Running time: 15.653329610824585 seconds

Total Money: 9.946450000000004

-----------------------------------------------------------------

-----------------------------------------------------------------

Text Observation:You arrive at loc 2. The cabinet 3 is closed. 

--------------------------------------------------------------------------------------------------------------------------task: 17---------------------------------------------------------
--------------------------------------------------------------------------------------------------------------------------------------------------------------------
--------------------------------------------------------------------------------------------------------------------------------------------------------------------
Step:--------------------------------------------------------------------------4-------------------------------------------------------------------------------
----------------------------------------
VLM Prompt:
Image1:
<image>
Image2:
<image>
Image3:
<image>
**Instruction**
1. Analyze the provided images to identify all visible household objects and compare the difference between images (e.h. whether the object is opened or not and taken on hand or not), focusing on those relevant to the task description "put a cool pan in stoveburner."
2. Use the analysis of images and the task hint "The agent must find an object of the desired type, pick it up, go to a fridge, cool the object with the fridge, then find the correct location to place it, and put it down there. The agent does not need to use the fridge button or open the fridge to cool the object, and the agent just needs to do action that is "cool the object with the fridge"." to answer the question: what is the most reasonable action in the choices for the task description "put a cool pan in stoveburner"?
3. Decide and write the answer using the template: The answer is: (i): <selected_action>, where i is the real number. If there is no desired object in images, search every place based on **Initial Observation** to find the object. And if no one is exactly correct, choose a similar answer.

**Initial Observation**
You are in the middle of a room. Looking quickly around you, you can see cabinet (1-14), countertop (1-2), microwave (1), drawer (1-5), sink (1), sinkbasin (1), coffeemachine (1), stoveburner (1-4), toaster (1), fridge (1), diningtable (1), garbagecan (1), safe (1)

**Answer Choices**
(1): go to countertop 1
(2): go to cabinet 4
(3): go to cabinet 5
(4): go to microwave 1
(5): go to cabinet 6
(6): go to drawer 1
(7): go to drawer 2
(8): go to drawer 3
(9): go to cabinet 7
(10): go to cabinet 8
(11): go to sink 1
(12): go to sinkbasin 1
(13): go to coffeemachine 1
(14): go to cabinet 9
(15): go to cabinet 10
(16): go to drawer 4
(17): go to cabinet 11
(18): go to stoveburner 1
(19): go to stoveburner 2
(20): go to stoveburner 3
(21): go to stoveburner 4
(22): go to cabinet 12
(23): go to toaster 1
(24): go to drawer 5
(25): go to countertop 2
(26): go to fridge 1
(27): go to cabinet 13
(28): go to cabinet 14
(29): go to diningtable 1
(30): go to garbagecan 1
(31): go to safe 1
(32): open cabinet 3
(33): close cabinet 3
(34): examine cabinet 3


**Answer**
Let's think step by step by following the instructions.
----------------------------------------

----------------------------------------

Original Response:
First, we analyze the provided images to identify all visible household objects. In Image1, Image2, and Image3, we see a wooden panel or door with no visible household objects relevant to the task of "put a cool pan in stoveburner."

Next, we use the analysis of images and the task hint to answer the question. Since the images do not show any pans or relevant objects, we must search every place based on the Initial Observation to find the object. The task hint mentions that the agent must find an object of the desired type (a pan), pick it up, cool it with the fridge, and then put it on the stoveburner.

Since no pans are visible in the images, we must look for the pan in the locations mentioned in the Initial Observation. The most likely places to find a pan would be cabinets or drawers, as these are typical storage places for kitchenware.

Considering the steps mentioned in the task hint, the most reasonable action would be to first go to a location where a pan is likely stored, then go to the fridge to cool it, and finally go to a stoveburner to place it.

Since we do not have information on where exactly the pan is stored, we need to choose an action that involves searching for the pan. Among the answer choices, cabinets and drawers are the most reasonable places to start the search.

The answer is: (2): go to cabinet 4.

----------------------------------------

----------------------------------------

>>> Refine Original VLM Response and Get Pure Action: go to cabinet 4

----------------------------------------

-----------------------------------------------------------------

Running time: 14.231689453125 seconds

Total Money: 9.984990000000003

-----------------------------------------------------------------

-----------------------------------------------------------------

Text Observation:You arrive at loc 4. The cabinet 4 is closed. 

--------------------------------------------------------------------------------------------------------------------------task: 17---------------------------------------------------------
--------------------------------------------------------------------------------------------------------------------------------------------------------------------
--------------------------------------------------------------------------------------------------------------------------------------------------------------------
Step:--------------------------------------------------------------------------5-------------------------------------------------------------------------------
----------------------------------------
VLM Prompt:
Image1:
<image>
Image2:
<image>
Image3:
<image>
**Instruction**
1. Analyze the provided images to identify all visible household objects and compare the difference between images (e.h. whether the object is opened or not and taken on hand or not), focusing on those relevant to the task description "put a cool pan in stoveburner."
2. Use the analysis of images and the task hint "The agent must find an object of the desired type, pick it up, go to a fridge, cool the object with the fridge, then find the correct location to place it, and put it down there. The agent does not need to use the fridge button or open the fridge to cool the object, and the agent just needs to do action that is "cool the object with the fridge"." to answer the question: what is the most reasonable action in the choices for the task description "put a cool pan in stoveburner"?
3. Decide and write the answer using the template: The answer is: (i): <selected_action>, where i is the real number. If there is no desired object in images, search every place based on **Initial Observation** to find the object. And if no one is exactly correct, choose a similar answer.

**Initial Observation**
You are in the middle of a room. Looking quickly around you, you can see cabinet (1-14), countertop (1-2), microwave (1), drawer (1-5), sink (1), sinkbasin (1), coffeemachine (1), stoveburner (1-4), toaster (1), fridge (1), diningtable (1), garbagecan (1), safe (1)

**Answer Choices**
(1): go to cabinet 1
(2): go to countertop 1
(3): go to cabinet 5
(4): go to microwave 1
(5): go to cabinet 6
(6): go to drawer 1
(7): go to drawer 2
(8): go to drawer 3
(9): go to cabinet 7
(10): go to cabinet 8
(11): go to sink 1
(12): go to sinkbasin 1
(13): go to coffeemachine 1
(14): go to cabinet 9
(15): go to cabinet 10
(16): go to drawer 4
(17): go to cabinet 11
(18): go to stoveburner 1
(19): go to stoveburner 2
(20): go to stoveburner 3
(21): go to stoveburner 4
(22): go to cabinet 12
(23): go to toaster 1
(24): go to drawer 5
(25): go to countertop 2
(26): go to fridge 1
(27): go to cabinet 13
(28): go to cabinet 14
(29): go to diningtable 1
(30): go to garbagecan 1
(31): go to safe 1
(32): open cabinet 4
(33): close cabinet 4
(34): examine cabinet 4


**Answer**
Let's think step by step by following the instructions.
----------------------------------------

----------------------------------------

Original Response:
Image Analysis:
- Image1 and Image2 show a close-up view of what appears to be a wooden cabinet door with a handle. There is no significant difference between the two images.
- Image3 provides a wider view, revealing a countertop with a microwave, a metal object, and some papers on it. Below the countertop are several closed cabinets. There is no pan visible in any of the images.

Task Description Analysis:
- The task requires the agent to find a pan, cool it in the fridge, and then put it on a stove burner.
- The images do not show a pan, so we must search for it based on the initial observation.

Based on the Initial Observation, the most likely places to find a pan would be in a cabinet or drawer near the stove, as these are common storage places for cookware.

Answer Choices Analysis:
- Cabinets 1, 5, 6, 7, 9, 10, 11, 12, 13, and 14, as well as drawers 1, 2, 3, 4, and 5, could potentially contain a pan.
- Since the images do not show any open cabinets or drawers, we can rule out the actions related to opening or closing cabinet 4 (32, 33, 34).
- The stove burners (18, 19, 20, 21), countertop (2, 25), and other appliances (4, 13, 23, 26) are not relevant to finding the pan but are relevant to later steps in the task.
- The answer choice should focus on searching for the pan in the most reasonable locations based on common kitchen organization.

The most reasonable action for the task description "put a cool pan in stoveburner," given that we need to find a pan first, would be to search the cabinets and drawers near the stove.

The answer is: (5): go to cabinet 6, as it is a reasonable choice to begin searching for a pan, being close to the stoveburner. If the pan is not found in cabinet 6, the agent should continue searching in the other cabinets and drawers mentioned in the initial observation.

----------------------------------------

----------------------------------------

>>> Refine Original VLM Response and Get Pure Action: go to cabinet 6, as it is a reasonable choice to begin searching for a pan, being close to the stoveburner

----------------------------------------

-----------------------------------------------------------------

Running time: 20.32520890235901 seconds

Total Money: 10.028300000000003

-----------------------------------------------------------------

-----------------------------------------------------------------

Text Observation:Nothing happens.

--------------------------------------------------------------------------------------------------------------------------task: 17---------------------------------------------------------
--------------------------------------------------------------------------------------------------------------------------------------------------------------------
--------------------------------------------------------------------------------------------------------------------------------------------------------------------
Step:--------------------------------------------------------------------------6-------------------------------------------------------------------------------
----------------------------------------
VLM Prompt:
Image1:
<image>
Image2:
<image>
Image3:
<image>
**Instruction**
1. Analyze the provided images to identify all visible household objects and compare the difference between images (e.h. whether the object is opened or not and taken on hand or not), focusing on those relevant to the task description "put a cool pan in stoveburner."
2. Use the analysis of images and the task hint "The agent must find an object of the desired type, pick it up, go to a fridge, cool the object with the fridge, then find the correct location to place it, and put it down there. The agent does not need to use the fridge button or open the fridge to cool the object, and the agent just needs to do action that is "cool the object with the fridge"." to answer the question: what is the most reasonable action in the choices for the task description "put a cool pan in stoveburner"?
3. Decide and write the answer using the template: The answer is: (i): <selected_action>, where i is the real number. If there is no desired object in images, search every place based on **Initial Observation** to find the object. And if no one is exactly correct, choose a similar answer.

**Initial Observation**
You are in the middle of a room. Looking quickly around you, you can see cabinet (1-14), countertop (1-2), microwave (1), drawer (1-5), sink (1), sinkbasin (1), coffeemachine (1), stoveburner (1-4), toaster (1), fridge (1), diningtable (1), garbagecan (1), safe (1)

**Answer Choices**
(1): go to cabinet 1
(2): go to cabinet 2
(3): go to countertop 1
(4): go to cabinet 5
(5): go to microwave 1
(6): go to cabinet 6
(7): go to drawer 1
(8): go to drawer 2
(9): go to drawer 3
(10): go to cabinet 7
(11): go to cabinet 8
(12): go to sink 1
(13): go to sinkbasin 1
(14): go to coffeemachine 1
(15): go to cabinet 9
(16): go to cabinet 10
(17): go to drawer 4
(18): go to cabinet 11
(19): go to stoveburner 1
(20): go to stoveburner 2
(21): go to stoveburner 3
(22): go to stoveburner 4
(23): go to cabinet 12
(24): go to toaster 1
(25): go to drawer 5
(26): go to countertop 2
(27): go to fridge 1
(28): go to cabinet 13
(29): go to cabinet 14
(30): go to diningtable 1
(31): go to garbagecan 1
(32): go to safe 1
(33): open cabinet 4
(34): close cabinet 4
(35): examine cabinet 4


**Answer**
Let's think step by step by following the instructions.
----------------------------------------

----------------------------------------

Original Response:
First, we must identify if there is a pan visible in the images provided. Image 1 only shows a wooden surface, which appears to be a cabinet or drawer. Image 2 and Image 3 are identical and show a countertop with a microwave, a paper towel holder with paper towels, and a cabinet below. There is no pan visible on the countertop or inside the opened cabinet (cabinet 4).

Since there is no pan in the visible area, we must search every place based on the Initial Observation to find a pan. The most reasonable places to find a pan would be inside a cabinet or a drawer near the stove, as pans are commonly stored in those areas in a household.

Based on the options provided and the Initial Observation, the most reasonable action to find a pan would be to check the cabinets and drawers near the stoveburner. Since cabinet 4 is already open and no pan is visible, we can eliminate that option.

Therefore, the answer is:
(1): go to cabinet 1

----------------------------------------

----------------------------------------

>>> Refine Original VLM Response and Get Pure Action: No action

----------------------------------------

-----------------------------------------------------------------

Running time: 19.695650577545166 seconds

Total Money: 10.064440000000003

-----------------------------------------------------------------

-----------------------------------------------------------------

Text Observation:Nothing happens.

--------------------------------------------------------------------------------------------------------------------------task: 17---------------------------------------------------------
--------------------------------------------------------------------------------------------------------------------------------------------------------------------
--------------------------------------------------------------------------------------------------------------------------------------------------------------------
Step:--------------------------------------------------------------------------7-------------------------------------------------------------------------------
----------------------------------------
VLM Prompt:
Image1:
<image>
Image2:
<image>
Image3:
<image>
**Instruction**
1. Analyze the provided images to identify all visible household objects and compare the difference between images (e.h. whether the object is opened or not and taken on hand or not), focusing on those relevant to the task description "put a cool pan in stoveburner."
2. Use the analysis of images and the task hint "The agent must find an object of the desired type, pick it up, go to a fridge, cool the object with the fridge, then find the correct location to place it, and put it down there. The agent does not need to use the fridge button or open the fridge to cool the object, and the agent just needs to do action that is "cool the object with the fridge"." to answer the question: what is the most reasonable action in the choices for the task description "put a cool pan in stoveburner"?
3. Decide and write the answer using the template: The answer is: (i): <selected_action>, where i is the real number. If there is no desired object in images, search every place based on **Initial Observation** to find the object. And if no one is exactly correct, choose a similar answer.

**Initial Observation**
You are in the middle of a room. Looking quickly around you, you can see cabinet (1-14), countertop (1-2), microwave (1), drawer (1-5), sink (1), sinkbasin (1), coffeemachine (1), stoveburner (1-4), toaster (1), fridge (1), diningtable (1), garbagecan (1), safe (1)

**Answer Choices**
(1): go to cabinet 1
(2): go to cabinet 2
(3): go to cabinet 3
(4): go to countertop 1
(5): go to cabinet 5
(6): go to microwave 1
(7): go to cabinet 6
(8): go to drawer 1
(9): go to drawer 2
(10): go to drawer 3
(11): go to cabinet 7
(12): go to cabinet 8
(13): go to sink 1
(14): go to sinkbasin 1
(15): go to coffeemachine 1
(16): go to cabinet 9
(17): go to cabinet 10
(18): go to drawer 4
(19): go to cabinet 11
(20): go to stoveburner 1
(21): go to stoveburner 2
(22): go to stoveburner 3
(23): go to stoveburner 4
(24): go to cabinet 12
(25): go to toaster 1
(26): go to drawer 5
(27): go to countertop 2
(28): go to fridge 1
(29): go to cabinet 13
(30): go to cabinet 14
(31): go to diningtable 1
(32): go to garbagecan 1
(33): go to safe 1
(34): open cabinet 4
(35): close cabinet 4
(36): examine cabinet 4


**Answer**
Let's think step by step by following the instructions.
----------------------------------------

----------------------------------------

Original Response:
First, we analyze the provided images. In all three images, we can see a microwave on the countertop and a hammer on the countertop's corner with papers or napkins next to it. There is no visible pan or object that resembles a pan in the images. Therefore, we must search the environment based on the Initial Observation to find the pan.

Since we need to put a "cool pan in the stoveburner," we need to find the pan first. Usually, pans are stored in cabinets or drawers in a kitchen setting. After we find the pan, we will have to go to the fridge to cool it, as per the task hint. Since the images do not show the stove burners, we cannot determine if there is a pan already on them.

Based on the Initial Observation, we do not need to interact with the microwave, sink, sinkbasin, coffeemachine, toaster, dining table, garbage can, or safe for this task, as they are not relevant to finding or cooling a pan.

The most reasonable action that aligns with the task description and the provided information would be to search the cabinets or drawers first to find a pan.

The answer is: (1): go to cabinet 1

----------------------------------------

----------------------------------------

>>> Refine Original VLM Response and Get Pure Action: go to cabinet 1

----------------------------------------

-----------------------------------------------------------------

Running time: 11.499201774597168 seconds

Total Money: 10.101930000000003

-----------------------------------------------------------------

-----------------------------------------------------------------

Text Observation:You arrive at loc 0. The cabinet 1 is closed. 

--------------------------------------------------------------------------------------------------------------------------task: 17---------------------------------------------------------
--------------------------------------------------------------------------------------------------------------------------------------------------------------------
--------------------------------------------------------------------------------------------------------------------------------------------------------------------
Step:--------------------------------------------------------------------------8-------------------------------------------------------------------------------
----------------------------------------
VLM Prompt:
Image1:
<image>
Image2:
<image>
Image3:
<image>
**Instruction**
1. Analyze the provided images to identify all visible household objects and compare the difference between images (e.h. whether the object is opened or not and taken on hand or not), focusing on those relevant to the task description "put a cool pan in stoveburner."
2. Use the analysis of images and the task hint "The agent must find an object of the desired type, pick it up, go to a fridge, cool the object with the fridge, then find the correct location to place it, and put it down there. The agent does not need to use the fridge button or open the fridge to cool the object, and the agent just needs to do action that is "cool the object with the fridge"." to answer the question: what is the most reasonable action in the choices for the task description "put a cool pan in stoveburner"?
3. Decide and write the answer using the template: The answer is: (i): <selected_action>, where i is the real number. If there is no desired object in images, search every place based on **Initial Observation** to find the object. And if no one is exactly correct, choose a similar answer.

**Initial Observation**
You are in the middle of a room. Looking quickly around you, you can see cabinet (1-14), countertop (1-2), microwave (1), drawer (1-5), sink (1), sinkbasin (1), coffeemachine (1), stoveburner (1-4), toaster (1), fridge (1), diningtable (1), garbagecan (1), safe (1)

**Answer Choices**
(1): go to cabinet 2
(2): go to cabinet 3
(3): go to countertop 1
(4): go to cabinet 4
(5): go to cabinet 5
(6): go to microwave 1
(7): go to cabinet 6
(8): go to drawer 1
(9): go to drawer 2
(10): go to drawer 3
(11): go to cabinet 7
(12): go to cabinet 8
(13): go to sink 1
(14): go to sinkbasin 1
(15): go to coffeemachine 1
(16): go to cabinet 9
(17): go to cabinet 10
(18): go to drawer 4
(19): go to cabinet 11
(20): go to stoveburner 1
(21): go to stoveburner 2
(22): go to stoveburner 3
(23): go to stoveburner 4
(24): go to cabinet 12
(25): go to toaster 1
(26): go to drawer 5
(27): go to countertop 2
(28): go to fridge 1
(29): go to cabinet 13
(30): go to cabinet 14
(31): go to diningtable 1
(32): go to garbagecan 1
(33): go to safe 1
(34): open cabinet 1
(35): close cabinet 1
(36): examine cabinet 1


**Answer**
Let's think step by step by following the instructions.
----------------------------------------

----------------------------------------

Original Response:
First, we need to identify if there is a pan present in the provided images. Analyzing Image1, Image2, and Image3, we can observe the following objects:

- A microwave on the countertop.
- A metal object, possibly a coffee pot, on the countertop.
- Some papers or napkins beside the coffee pot.
- Wooden cabinets below the countertop.

There is no pan visible in any of the three images. 

Given the task description "put a cool pan in stoveburner" and the task hint, we need to find a pan, cool it with the fridge, and then place it on a stoveburner. Since there is no pan in the images, we must search the places where a pan could be stored based on the initial observation. 

Pans are typically found in cabinets or drawers in a kitchen. Among the answer choices, the ones that are most likely to contain a pan are the cabinets and drawers. 

The most reasonable action would be to start searching the cabinets and drawers closest to the stoveburners, as pans are often stored near the cooking area for convenience. Therefore, the answer is to check cabinet or drawer options.

Reviewing the answer choices, the nearest cabinet or drawer to the stoveburners would be a logical place to start the search for a pan. Since the images do not specify which number corresponds to which cabinet or drawer, we must choose based on proximity to the stoveburners mentioned in the initial observation.

The answer is: (11): go to cabinet 7

----------------------------------------

----------------------------------------

>>> Refine Original VLM Response and Get Pure Action: go to cabinet 7

----------------------------------------

-----------------------------------------------------------------

Running time: 46.794296741485596 seconds

Total Money: 10.141310000000002

-----------------------------------------------------------------

-----------------------------------------------------------------

Text Observation:You arrive at loc 11. The cabinet 7 is closed. 

--------------------------------------------------------------------------------------------------------------------------task: 17---------------------------------------------------------
--------------------------------------------------------------------------------------------------------------------------------------------------------------------
--------------------------------------------------------------------------------------------------------------------------------------------------------------------
Step:--------------------------------------------------------------------------9-------------------------------------------------------------------------------
----------------------------------------
VLM Prompt:
Image1:
<image>
Image2:
<image>
Image3:
<image>
**Instruction**
1. Analyze the provided images to identify all visible household objects and compare the difference between images (e.h. whether the object is opened or not and taken on hand or not), focusing on those relevant to the task description "put a cool pan in stoveburner."
2. Use the analysis of images and the task hint "The agent must find an object of the desired type, pick it up, go to a fridge, cool the object with the fridge, then find the correct location to place it, and put it down there. The agent does not need to use the fridge button or open the fridge to cool the object, and the agent just needs to do action that is "cool the object with the fridge"." to answer the question: what is the most reasonable action in the choices for the task description "put a cool pan in stoveburner"?
3. Decide and write the answer using the template: The answer is: (i): <selected_action>, where i is the real number. If there is no desired object in images, search every place based on **Initial Observation** to find the object. And if no one is exactly correct, choose a similar answer.

**Initial Observation**
You are in the middle of a room. Looking quickly around you, you can see cabinet (1-14), countertop (1-2), microwave (1), drawer (1-5), sink (1), sinkbasin (1), coffeemachine (1), stoveburner (1-4), toaster (1), fridge (1), diningtable (1), garbagecan (1), safe (1)

**Answer Choices**
(1): go to cabinet 2
(2): go to cabinet 3
(3): go to countertop 1
(4): go to cabinet 4
(5): go to cabinet 5
(6): go to microwave 1
(7): go to cabinet 6
(8): go to drawer 1
(9): go to drawer 2
(10): go to drawer 3
(11): go to cabinet 8
(12): go to sink 1
(13): go to sinkbasin 1
(14): go to coffeemachine 1
(15): go to cabinet 9
(16): go to cabinet 10
(17): go to drawer 4
(18): go to cabinet 11
(19): go to stoveburner 1
(20): go to stoveburner 2
(21): go to stoveburner 3
(22): go to stoveburner 4
(23): go to cabinet 12
(24): go to toaster 1
(25): go to drawer 5
(26): go to countertop 2
(27): go to fridge 1
(28): go to cabinet 13
(29): go to cabinet 14
(30): go to diningtable 1
(31): go to garbagecan 1
(32): go to safe 1
(33): open cabinet 7
(34): close cabinet 7
(35): examine cabinet 7


**Answer**
Let's think step by step by following the instructions.
----------------------------------------

----------------------------------------

Original Response:
First, we need to identify all visible household objects in the images that might be relevant to the task of "put a cool pan in stoveburner."

Image1 shows a microwave on the countertop, but no pans are visible.
Image2 is a close-up of wood texture and does not show any objects.
Image3 shows a sink with a cup and a tomato, a countertop with some pots, and a closed dishwasher.

Based on the initial observation, we know there are cabinets, drawers, and a fridge that we can search for a pan.

Since the task requires us to find a pan and cool it, we need to find a pan first. Pans are typically stored in cabinets or drawers near the stove. Cabinets 2, 3, 4, 5, 6, 8, 9, 10, 11, 12, 13, and 14, as well as drawers 1, 2, 3, 4, and 5, could all potentially contain a pan. However, since no pans are visible in the images, we need to search for one.

Once we find a pan, we need to cool it with the fridge. The task hint specifies that we don't need to interact with the fridge buttons or open the fridge to cool the object, so we just need to "cool the object with the fridge."

Considering the steps required for the task and the objects mentioned in the initial observation, the most reasonable action from the choices provided would be to search for a pan. Since the images do not provide enough information about the exact location of the pan, we should search the most likely places where a pan might be stored.

The answer is: (1): go to cabinet 2

This action is reasonable because cabinet 2 is one of the storage spaces near the stove where a pan could be stored, and it is one of the first places to check based on the initial observation and common kitchen organization. If the pan is not there, the agent can continue searching the other cabinets and drawers listed in the initial observation.

----------------------------------------

----------------------------------------

>>> Refine Original VLM Response and Get Pure Action: go to cabinet 2

This action is reasonable because cabinet 2 is one of the storage spaces near the stove where a pan could be stored, and it is one of the first places to check based on the initial observation and common kitchen organization

----------------------------------------

-----------------------------------------------------------------

Running time: 22.858022689819336 seconds

Total Money: 10.183930000000002

-----------------------------------------------------------------

-----------------------------------------------------------------

Text Observation:Nothing happens.

--------------------------------------------------------------------------------------------------------------------------task: 17---------------------------------------------------------
--------------------------------------------------------------------------------------------------------------------------------------------------------------------
--------------------------------------------------------------------------------------------------------------------------------------------------------------------
Step:--------------------------------------------------------------------------10-------------------------------------------------------------------------------
----------------------------------------
VLM Prompt:
Image1:
<image>
Image2:
<image>
Image3:
<image>
**Instruction**
1. Analyze the provided images to identify all visible household objects and compare the difference between images (e.h. whether the object is opened or not and taken on hand or not), focusing on those relevant to the task description "put a cool pan in stoveburner."
2. Use the analysis of images and the task hint "The agent must find an object of the desired type, pick it up, go to a fridge, cool the object with the fridge, then find the correct location to place it, and put it down there. The agent does not need to use the fridge button or open the fridge to cool the object, and the agent just needs to do action that is "cool the object with the fridge"." to answer the question: what is the most reasonable action in the choices for the task description "put a cool pan in stoveburner"?
3. Decide and write the answer using the template: The answer is: (i): <selected_action>, where i is the real number. If there is no desired object in images, search every place based on **Initial Observation** to find the object. And if no one is exactly correct, choose a similar answer.

**Initial Observation**
You are in the middle of a room. Looking quickly around you, you can see cabinet (1-14), countertop (1-2), microwave (1), drawer (1-5), sink (1), sinkbasin (1), coffeemachine (1), stoveburner (1-4), toaster (1), fridge (1), diningtable (1), garbagecan (1), safe (1)

**Answer Choices**
(1): go to cabinet 2
(2): go to cabinet 3
(3): go to countertop 1
(4): go to cabinet 4
(5): go to cabinet 5
(6): go to microwave 1
(7): go to cabinet 6
(8): go to drawer 1
(9): go to drawer 2
(10): go to drawer 3
(11): go to cabinet 8
(12): go to sink 1
(13): go to sinkbasin 1
(14): go to coffeemachine 1
(15): go to cabinet 9
(16): go to cabinet 10
(17): go to drawer 4
(18): go to cabinet 11
(19): go to stoveburner 1
(20): go to stoveburner 2
(21): go to stoveburner 3
(22): go to stoveburner 4
(23): go to cabinet 12
(24): go to toaster 1
(25): go to drawer 5
(26): go to countertop 2
(27): go to fridge 1
(28): go to cabinet 13
(29): go to cabinet 14
(30): go to diningtable 1
(31): go to garbagecan 1
(32): go to safe 1
(33): open cabinet 7
(34): close cabinet 7
(35): examine cabinet 7


**Answer**
Let's think step by step by following the instructions.
----------------------------------------

----------------------------------------

Original Response:
First, we need to find a pan which is the object relevant to the task description "put a cool pan in stoveburner." Analyzing Image1 and Image2, there is no pan visible in the scene. Image3 is identical to Image2, so no new information is provided there.

According to the **Initial Observation**, there are several places where a pan could potentially be found, such as the cabinets or drawers. The task hint indicates that the agent needs to cool the object with the fridge but does not need to interact with the fridge's button or door. So, before we can put a cool pan in a stoveburner, we need to find a pan.

Since the images do not show a pan, we must search the locations listed in the **Initial Observation**. We can eliminate some locations that would not typically store a pan, such as the microwave, sink, sinkbasin, coffeemachine, toaster, fridge (since we don't need to interact with it other than cooling the pan), diningtable, garbagecan, and safe.

This leaves us with the cabinets, drawers, and countertops. Among these, cabinets and drawers are the most common storage places for pans. 

The answer is: (1): go to cabinet 2

----------------------------------------

----------------------------------------

>>> Refine Original VLM Response and Get Pure Action: go to cabinet 2

----------------------------------------

-----------------------------------------------------------------

Running time: 14.474461793899536 seconds

Total Money: 10.221510000000002

-----------------------------------------------------------------

-----------------------------------------------------------------

Text Observation:You arrive at loc 1. The cabinet 2 is closed. 

--------------------------------------------------------------------------------------------------------------------------task: 17---------------------------------------------------------
--------------------------------------------------------------------------------------------------------------------------------------------------------------------
--------------------------------------------------------------------------------------------------------------------------------------------------------------------
Step:--------------------------------------------------------------------------11-------------------------------------------------------------------------------
----------------------------------------
VLM Prompt:
Image1:
<image>
Image2:
<image>
Image3:
<image>
**Instruction**
1. Analyze the provided images to identify all visible household objects and compare the difference between images (e.h. whether the object is opened or not and taken on hand or not), focusing on those relevant to the task description "put a cool pan in stoveburner."
2. Use the analysis of images and the task hint "The agent must find an object of the desired type, pick it up, go to a fridge, cool the object with the fridge, then find the correct location to place it, and put it down there. The agent does not need to use the fridge button or open the fridge to cool the object, and the agent just needs to do action that is "cool the object with the fridge"." to answer the question: what is the most reasonable action in the choices for the task description "put a cool pan in stoveburner"?
3. Decide and write the answer using the template: The answer is: (i): <selected_action>, where i is the real number. If there is no desired object in images, search every place based on **Initial Observation** to find the object. And if no one is exactly correct, choose a similar answer.

**Initial Observation**
You are in the middle of a room. Looking quickly around you, you can see cabinet (1-14), countertop (1-2), microwave (1), drawer (1-5), sink (1), sinkbasin (1), coffeemachine (1), stoveburner (1-4), toaster (1), fridge (1), diningtable (1), garbagecan (1), safe (1)

**Answer Choices**
(1): go to cabinet 1
(2): go to cabinet 3
(3): go to countertop 1
(4): go to cabinet 4
(5): go to cabinet 5
(6): go to microwave 1
(7): go to cabinet 6
(8): go to drawer 1
(9): go to drawer 2
(10): go to drawer 3
(11): go to cabinet 8
(12): go to sink 1
(13): go to sinkbasin 1
(14): go to coffeemachine 1
(15): go to cabinet 9
(16): go to cabinet 10
(17): go to drawer 4
(18): go to cabinet 11
(19): go to stoveburner 1
(20): go to stoveburner 2
(21): go to stoveburner 3
(22): go to stoveburner 4
(23): go to cabinet 12
(24): go to toaster 1
(25): go to drawer 5
(26): go to countertop 2
(27): go to fridge 1
(28): go to cabinet 13
(29): go to cabinet 14
(30): go to diningtable 1
(31): go to garbagecan 1
(32): go to safe 1
(33): open cabinet 2
(34): close cabinet 2
(35): examine cabinet 2


**Answer**
Let's think step by step by following the instructions.
----------------------------------------

----------------------------------------

Original Response:
First, we analyze the provided images:
- Image 1 and 2: We see a sink, a countertop with a tomato, a cup, and some decorative objects, and part of a dishwasher. There's no pan visible in these images.
- Image 3: We see a close-up of a wooden cabinet, but it doesn't provide any information about the contents.

Based on the task description "put a cool pan in stoveburner," we need to find a pan, cool it in the fridge, and then place it on the stoveburner. The images do not show a pan, so we must search every place based on Initial Observation to find the object.

Since we need to find a pan, which is typically stored in cabinets or drawers near the stove, the most reasonable actions from the given choices would be to check the cabinets or drawers. Among the answer choices, the cabinets and drawers near the stoveburner are not specified, but we can infer that they are likely to be cabinets 1-14 or drawers 1-5, as these are the storage places mentioned in the Initial Observation.

Given that we do not have specific information about which cabinet or drawer the pan might be in, we need to choose a similar answer that involves searching for the pan in a likely location.

The answer is: (33): open cabinet 2. 

This action involves interacting with a cabinet, which is a reasonable place to start searching for a pan. If the pan is not in cabinet 2, we would continue searching the other cabinets and drawers until we find it.

----------------------------------------

----------------------------------------

>>> Refine Original VLM Response and Get Pure Action: open cabinet 2

----------------------------------------

-----------------------------------------------------------------

Running time: 14.644386053085327 seconds

Total Money: 10.261070000000002

-----------------------------------------------------------------

-----------------------------------------------------------------

Text Observation:You open the cabinet 2. The cabinet 2 is open. In it, you see a pan 1.

--------------------------------------------------------------------------------------------------------------------------task: 17---------------------------------------------------------
--------------------------------------------------------------------------------------------------------------------------------------------------------------------
--------------------------------------------------------------------------------------------------------------------------------------------------------------------
Step:--------------------------------------------------------------------------12-------------------------------------------------------------------------------
----------------------------------------
VLM Prompt:
Image1:
<image>
Image2:
<image>
Image3:
<image>
**Instruction**
1. Analyze the provided images to identify all visible household objects and compare the difference between images (e.h. whether the object is opened or not and taken on hand or not), focusing on those relevant to the task description "put a cool pan in stoveburner."
2. Use the analysis of images and the task hint "The agent must find an object of the desired type, pick it up, go to a fridge, cool the object with the fridge, then find the correct location to place it, and put it down there. The agent does not need to use the fridge button or open the fridge to cool the object, and the agent just needs to do action that is "cool the object with the fridge"." to answer the question: what is the most reasonable action in the choices for the task description "put a cool pan in stoveburner"?
3. Decide and write the answer using the template: The answer is: (i): <selected_action>, where i is the real number. If there is no desired object in images, search every place based on **Initial Observation** to find the object. And if no one is exactly correct, choose a similar answer.

**Initial Observation**
You are in the middle of a room. Looking quickly around you, you can see cabinet (1-14), countertop (1-2), microwave (1), drawer (1-5), sink (1), sinkbasin (1), coffeemachine (1), stoveburner (1-4), toaster (1), fridge (1), diningtable (1), garbagecan (1), safe (1)

**Answer Choices**
(1): go to cabinet 1
(2): go to cabinet 3
(3): go to countertop 1
(4): go to cabinet 4
(5): go to cabinet 5
(6): go to microwave 1
(7): go to cabinet 6
(8): go to drawer 1
(9): go to drawer 2
(10): go to drawer 3
(11): go to cabinet 7
(12): go to cabinet 8
(13): go to sink 1
(14): go to sinkbasin 1
(15): go to coffeemachine 1
(16): go to cabinet 9
(17): go to cabinet 10
(18): go to drawer 4
(19): go to cabinet 11
(20): go to stoveburner 1
(21): go to stoveburner 2
(22): go to stoveburner 3
(23): go to stoveburner 4
(24): go to cabinet 12
(25): go to toaster 1
(26): go to drawer 5
(27): go to countertop 2
(28): go to fridge 1
(29): go to cabinet 13
(30): go to cabinet 14
(31): go to diningtable 1
(32): go to garbagecan 1
(33): go to safe 1
(34): close cabinet 2
(35): take pan 1 from cabinet 2
(36): examine cabinet 2


**Answer**
Let's think step by step by following the instructions.
----------------------------------------

----------------------------------------

Original Response:
Image Analysis:
- Image 1 shows a kitchen sink with a cup and a tomato in it, a countertop with a rock and three copper pots, and a cabinet below the sink.
- Image 2 depicts a closed wooden cabinet.
- Image 3 shows an open wooden cabinet with a pan inside it.

Task Analysis:
The task is to put a cool pan in the stoveburner. According to the task hint, the agent needs to find a pan, cool it with the fridge, and then put it on the stoveburner. The cooling process does not require opening the fridge or interacting with it specifically.

From the initial observation, we know there is a fridge and a stoveburner in the room. Image 3 already shows a pan in an open cabinet, which is likely cabinet 2 since no other open cabinet is mentioned in the initial observation.

The most reasonable action from the choices provided would be to take the pan from the open cabinet (which is presumed to be cabinet 2) since it is already visible in image 3. After that, the agent can proceed to cool the pan with the fridge and then put it on the stoveburner.

The answer is: (35): take pan 1 from cabinet 2.

----------------------------------------

----------------------------------------

>>> Refine Original VLM Response and Get Pure Action: take pan 1 from cabinet 2

----------------------------------------

-----------------------------------------------------------------

Running time: 19.391039609909058 seconds

Total Money: 10.298720000000001

-----------------------------------------------------------------

-----------------------------------------------------------------

Text Observation:You pick up the pan 1 from the cabinet 2.

--------------------------------------------------------------------------------------------------------------------------task: 17---------------------------------------------------------
--------------------------------------------------------------------------------------------------------------------------------------------------------------------
--------------------------------------------------------------------------------------------------------------------------------------------------------------------
Step:--------------------------------------------------------------------------13-------------------------------------------------------------------------------
----------------------------------------
VLM Prompt:
Image1:
<image>
Image2:
<image>
Image3:
<image>
**Instruction**
1. Analyze the provided images to identify all visible household objects and compare the difference between images (e.h. whether the object is opened or not and taken on hand or not), focusing on those relevant to the task description "put a cool pan in stoveburner."
2. Use the analysis of images and the task hint "The agent must find an object of the desired type, pick it up, go to a fridge, cool the object with the fridge, then find the correct location to place it, and put it down there. The agent does not need to use the fridge button or open the fridge to cool the object, and the agent just needs to do action that is "cool the object with the fridge"." to answer the question: what is the most reasonable action in the choices for the task description "put a cool pan in stoveburner"?
3. Decide and write the answer using the template: The answer is: (i): <selected_action>, where i is the real number. If there is no desired object in images, search every place based on **Initial Observation** to find the object. And if no one is exactly correct, choose a similar answer.

**Initial Observation**
You are in the middle of a room. Looking quickly around you, you can see cabinet (1-14), countertop (1-2), microwave (1), drawer (1-5), sink (1), sinkbasin (1), coffeemachine (1), stoveburner (1-4), toaster (1), fridge (1), diningtable (1), garbagecan (1), safe (1)

**Answer Choices**
(1): go to cabinet 1
(2): go to cabinet 3
(3): go to countertop 1
(4): go to cabinet 4
(5): go to cabinet 5
(6): go to microwave 1
(7): go to cabinet 6
(8): go to drawer 1
(9): go to drawer 2
(10): go to drawer 3
(11): go to cabinet 7
(12): go to cabinet 8
(13): go to sink 1
(14): go to sinkbasin 1
(15): go to coffeemachine 1
(16): go to cabinet 9
(17): go to cabinet 10
(18): go to drawer 4
(19): go to cabinet 11
(20): go to stoveburner 1
(21): go to stoveburner 2
(22): go to stoveburner 3
(23): go to stoveburner 4
(24): go to cabinet 12
(25): go to toaster 1
(26): go to drawer 5
(27): go to countertop 2
(28): go to fridge 1
(29): go to cabinet 13
(30): go to cabinet 14
(31): go to diningtable 1
(32): go to garbagecan 1
(33): go to safe 1
(34): close cabinet 2
(35): put pan 1 in/on cabinet 2
(36): examine pan 1
(37): examine cabinet 2


**Answer**
Let's think step by step by following the instructions.
----------------------------------------

----------------------------------------

Original Response:
Image Analysis:
- Image 1 shows a closed cabinet.
- Image 2 shows the same cabinet now open with a pan inside.
- Image 3 shows the pan taken out of the cabinet and held in the air, indicating that it has been picked up.

Task Analysis:
According to the task description "put a cool pan in stoveburner" and the hint provided, the agent must first find a pan, cool it with the fridge without needing to open the fridge or use any buttons, and then place it on a stove burner.

From the Initial Observation, we can see there is one pan in cabinet 2, and there are four stove burners available.

Given the images and the task, the most reasonable action would be to:
- Take the pan from cabinet 2 (which we have seen in the images).
- Cool the pan with the fridge.
- Put the cool pan on one of the stove burners.

From the Answer Choices, the action that matches the task description and hint most closely after the pan has been taken from cabinet 2 would be to go to a stoveburner.

The answer is: (20): go to stoveburner 1

----------------------------------------

----------------------------------------

>>> Refine Original VLM Response and Get Pure Action: go to stoveburner 1

----------------------------------------

-----------------------------------------------------------------

Running time: 13.277933359146118 seconds

Total Money: 10.336010000000002

-----------------------------------------------------------------

-----------------------------------------------------------------

Text Observation:You arrive at loc 20. On the stoveburner 1, you see a pan 2, a soapbottle 1, a stoveknob 1, and a egg 1.

--------------------------------------------------------------------------------------------------------------------------task: 17---------------------------------------------------------
--------------------------------------------------------------------------------------------------------------------------------------------------------------------
--------------------------------------------------------------------------------------------------------------------------------------------------------------------
Step:--------------------------------------------------------------------------14-------------------------------------------------------------------------------
----------------------------------------
VLM Prompt:
Image1:
<image>
Image2:
<image>
Image3:
<image>
**Instruction**
1. Analyze the provided images to identify all visible household objects and compare the difference between images (e.h. whether the object is opened or not and taken on hand or not), focusing on those relevant to the task description "put a cool pan in stoveburner."
2. Use the analysis of images and the task hint "The agent must find an object of the desired type, pick it up, go to a fridge, cool the object with the fridge, then find the correct location to place it, and put it down there. The agent does not need to use the fridge button or open the fridge to cool the object, and the agent just needs to do action that is "cool the object with the fridge"." to answer the question: what is the most reasonable action in the choices for the task description "put a cool pan in stoveburner"?
3. Decide and write the answer using the template: The answer is: (i): <selected_action>, where i is the real number. If there is no desired object in images, search every place based on **Initial Observation** to find the object. And if no one is exactly correct, choose a similar answer.

**Initial Observation**
You are in the middle of a room. Looking quickly around you, you can see cabinet (1-14), countertop (1-2), microwave (1), drawer (1-5), sink (1), sinkbasin (1), coffeemachine (1), stoveburner (1-4), toaster (1), fridge (1), diningtable (1), garbagecan (1), safe (1)

**Answer Choices**
(1): go to cabinet 1
(2): go to cabinet 2
(3): go to cabinet 3
(4): go to countertop 1
(5): go to cabinet 4
(6): go to cabinet 5
(7): go to microwave 1
(8): go to cabinet 6
(9): go to drawer 1
(10): go to drawer 2
(11): go to drawer 3
(12): go to cabinet 7
(13): go to cabinet 8
(14): go to sink 1
(15): go to sinkbasin 1
(16): go to coffeemachine 1
(17): go to cabinet 9
(18): go to cabinet 10
(19): go to drawer 4
(20): go to cabinet 11
(21): go to stoveburner 2
(22): go to stoveburner 3
(23): go to stoveburner 4
(24): go to cabinet 12
(25): go to toaster 1
(26): go to drawer 5
(27): go to countertop 2
(28): go to fridge 1
(29): go to cabinet 13
(30): go to cabinet 14
(31): go to diningtable 1
(32): go to garbagecan 1
(33): go to safe 1
(34): put pan 1 in/on stoveburner 1
(35): examine pan 1
(36): examine stoveburner 1


**Answer**
Let's think step by step by following the instructions.
----------------------------------------

----------------------------------------

Original Response:
Image Analysis:
- Image 1: Shows a pan on the floor, not on a stoveburner or in hand.
- Image 2: The pan is now picked up and being held by the agent.
- Image 3: The pan is placed on the countertop, not on a stoveburner, and appears to be away from the fridge, so it's not being cooled.

Task Description Analysis:
- The task "put a cool pan in stoveburner" requires the agent to pick up a pan, cool it with the fridge, and then place it on a stoveburner.
- Based on the task hint, the agent doesn't need to interact with the fridge buttons or open the fridge; it just needs to perform an action that implies cooling the object with the fridge.

Given the images and the task description, the most reasonable action for the agent to take next is to go to the fridge to cool the pan, as it's currently not on a stoveburner and not cool. Since the agent is currently near the countertop, the next step would be to head towards the fridge.

The answer is: (28): go to fridge 1.

----------------------------------------

----------------------------------------

>>> Refine Original VLM Response and Get Pure Action: go to fridge 1

----------------------------------------

-----------------------------------------------------------------

Running time: 14.731577634811401 seconds

Total Money: 10.373240000000001

-----------------------------------------------------------------

-----------------------------------------------------------------

Text Observation:You arrive at loc 28. The fridge 1 is closed. 

--------------------------------------------------------------------------------------------------------------------------task: 17---------------------------------------------------------
--------------------------------------------------------------------------------------------------------------------------------------------------------------------
--------------------------------------------------------------------------------------------------------------------------------------------------------------------
Step:--------------------------------------------------------------------------15-------------------------------------------------------------------------------
----------------------------------------
VLM Prompt:
Image1:
<image>
Image2:
<image>
Image3:
<image>
**Instruction**
1. Analyze the provided images to identify all visible household objects and compare the difference between images (e.h. whether the object is opened or not and taken on hand or not), focusing on those relevant to the task description "put a cool pan in stoveburner."
2. Use the analysis of images and the task hint "The agent must find an object of the desired type, pick it up, go to a fridge, cool the object with the fridge, then find the correct location to place it, and put it down there. The agent does not need to use the fridge button or open the fridge to cool the object, and the agent just needs to do action that is "cool the object with the fridge"." to answer the question: what is the most reasonable action in the choices for the task description "put a cool pan in stoveburner"?
3. Decide and write the answer using the template: The answer is: (i): <selected_action>, where i is the real number. If there is no desired object in images, search every place based on **Initial Observation** to find the object. And if no one is exactly correct, choose a similar answer.

**Initial Observation**
You are in the middle of a room. Looking quickly around you, you can see cabinet (1-14), countertop (1-2), microwave (1), drawer (1-5), sink (1), sinkbasin (1), coffeemachine (1), stoveburner (1-4), toaster (1), fridge (1), diningtable (1), garbagecan (1), safe (1)

**Answer Choices**
(1): go to cabinet 1
(2): go to cabinet 2
(3): go to cabinet 3
(4): go to countertop 1
(5): go to cabinet 4
(6): go to cabinet 5
(7): go to microwave 1
(8): go to cabinet 6
(9): go to drawer 1
(10): go to drawer 2
(11): go to drawer 3
(12): go to cabinet 7
(13): go to cabinet 8
(14): go to sink 1
(15): go to sinkbasin 1
(16): go to coffeemachine 1
(17): go to cabinet 9
(18): go to cabinet 10
(19): go to drawer 4
(20): go to cabinet 11
(21): go to stoveburner 2
(22): go to stoveburner 3
(23): go to stoveburner 4
(24): go to cabinet 12
(25): go to toaster 1
(26): go to drawer 5
(27): go to countertop 2
(28): go to cabinet 13
(29): go to cabinet 14
(30): go to diningtable 1
(31): go to garbagecan 1
(32): go to safe 1
(33): open fridge 1
(34): close fridge 1
(35): put pan 1 in/on fridge 1
(36): cool pan 1 with fridge 1
(37): examine pan 1
(38): examine fridge 1


**Answer**
Let's think step by step by following the instructions.
----------------------------------------

----------------------------------------

Original Response:
First, we need to analyze the provided images to identify all visible household objects.

Image 1: We see a pan hanging upside down. It appears to be cool and not in use.
Image 2: The pan is still hanging in the same position, but now we can see the kitchen environment, including a stoveburner, countertop, toaster, and cabinets.
Image 3: The pan is still hanging, and we can see the stoveburner in the background.

From the images, we can deduce that the pan is the object we need to put in the stoveburner. However, the images do not show the fridge, which is necessary to cool the pan according to the task description.

Referring to the task hint, the agent does not need to open the fridge or use the fridge button to cool the object; it just needs to perform the action "cool the object with the fridge."

Now, let's consider our answer choices. We need to find the action that involves cooling the pan with the fridge and then placing it on the stoveburner.

The most reasonable action from the choices provided would be to first cool the pan with the fridge and then put it on the stoveburner. The only action related to cooling the pan with the fridge is (36): cool pan 1 with fridge 1.

The answer is: (36): cool pan 1 with fridge 1.

----------------------------------------

----------------------------------------

>>> Refine Original VLM Response and Get Pure Action: cool pan 1 with fridge 1

----------------------------------------

-----------------------------------------------------------------

Running time: 14.419325351715088 seconds

Total Money: 10.41206

-----------------------------------------------------------------

-----------------------------------------------------------------

Text Observation:You cool the pan 1 using the fridge 1.

--------------------------------------------------------------------------------------------------------------------------task: 17---------------------------------------------------------
--------------------------------------------------------------------------------------------------------------------------------------------------------------------
--------------------------------------------------------------------------------------------------------------------------------------------------------------------
Step:--------------------------------------------------------------------------16-------------------------------------------------------------------------------
----------------------------------------
VLM Prompt:
Image1:
<image>
Image2:
<image>
Image3:
<image>
**Instruction**
1. Analyze the provided images to identify all visible household objects and compare the difference between images (e.h. whether the object is opened or not and taken on hand or not), focusing on those relevant to the task description "put a cool pan in stoveburner."
2. Use the analysis of images and the task hint "The agent must find an object of the desired type, pick it up, go to a fridge, cool the object with the fridge, then find the correct location to place it, and put it down there. The agent does not need to use the fridge button or open the fridge to cool the object, and the agent just needs to do action that is "cool the object with the fridge"." to answer the question: what is the most reasonable action in the choices for the task description "put a cool pan in stoveburner"?
3. Decide and write the answer using the template: The answer is: (i): <selected_action>, where i is the real number. If there is no desired object in images, search every place based on **Initial Observation** to find the object. And if no one is exactly correct, choose a similar answer.

**Initial Observation**
You are in the middle of a room. Looking quickly around you, you can see cabinet (1-14), countertop (1-2), microwave (1), drawer (1-5), sink (1), sinkbasin (1), coffeemachine (1), stoveburner (1-4), toaster (1), fridge (1), diningtable (1), garbagecan (1), safe (1)

**Answer Choices**
(1): go to cabinet 1
(2): go to cabinet 2
(3): go to cabinet 3
(4): go to countertop 1
(5): go to cabinet 4
(6): go to cabinet 5
(7): go to microwave 1
(8): go to cabinet 6
(9): go to drawer 1
(10): go to drawer 2
(11): go to drawer 3
(12): go to cabinet 7
(13): go to cabinet 8
(14): go to sink 1
(15): go to sinkbasin 1
(16): go to coffeemachine 1
(17): go to cabinet 9
(18): go to cabinet 10
(19): go to drawer 4
(20): go to cabinet 11
(21): go to stoveburner 2
(22): go to stoveburner 3
(23): go to stoveburner 4
(24): go to cabinet 12
(25): go to toaster 1
(26): go to drawer 5
(27): go to countertop 2
(28): go to cabinet 13
(29): go to cabinet 14
(30): go to diningtable 1
(31): go to garbagecan 1
(32): go to safe 1
(33): open fridge 1
(34): close fridge 1
(35): put pan 1 in/on fridge 1
(36): examine pan 1
(37): examine fridge 1


**Answer**
Let's think step by step by following the instructions.
----------------------------------------

----------------------------------------

Original Response:
Image Analysis:
- Image 1 shows a pan placed on countertop 2 near a toaster and a bottle.
- Image 2 shows the same pan lifted and held in the air.
- Image 3 shows the pan from a top view perspective, still held in the air.

Comparison:
- The pan is visible in all images. It is initially placed on the countertop 2 (Image 1), then it is picked up (Image 2), and finally, we see a top view of the pan, suggesting that it is still being held (Image 3).

Task Hint Analysis:
- According to the task hint, the agent must find a pan, pick it up, cool it with the fridge, and then place it on the stoveburner. The agent does not need to open the fridge for cooling the object.

Action Selection:
- Since the pan is already visible and held by the agent in images 2 and 3, the next reasonable action would be to cool the pan with the fridge, as per the task hint.

The answer is: (35): put pan 1 in/on fridge 1

----------------------------------------

----------------------------------------

>>> Refine Original VLM Response and Get Pure Action: put pan 1 in/on fridge 1

----------------------------------------

-----------------------------------------------------------------

Running time: 10.728131532669067 seconds

Total Money: 10.44902

-----------------------------------------------------------------

-----------------------------------------------------------------

Text Observation:Nothing happens.

--------------------------------------------------------------------------------------------------------------------------task: 17---------------------------------------------------------
--------------------------------------------------------------------------------------------------------------------------------------------------------------------
--------------------------------------------------------------------------------------------------------------------------------------------------------------------
Step:--------------------------------------------------------------------------17-------------------------------------------------------------------------------
----------------------------------------
VLM Prompt:
Image1:
<image>
Image2:
<image>
Image3:
<image>
**Instruction**
1. Analyze the provided images to identify all visible household objects and compare the difference between images (e.h. whether the object is opened or not and taken on hand or not), focusing on those relevant to the task description "put a cool pan in stoveburner."
2. Use the analysis of images and the task hint "The agent must find an object of the desired type, pick it up, go to a fridge, cool the object with the fridge, then find the correct location to place it, and put it down there. The agent does not need to use the fridge button or open the fridge to cool the object, and the agent just needs to do action that is "cool the object with the fridge"." to answer the question: what is the most reasonable action in the choices for the task description "put a cool pan in stoveburner"?
3. Decide and write the answer using the template: The answer is: (i): <selected_action>, where i is the real number. If there is no desired object in images, search every place based on **Initial Observation** to find the object. And if no one is exactly correct, choose a similar answer.

**Initial Observation**
You are in the middle of a room. Looking quickly around you, you can see cabinet (1-14), countertop (1-2), microwave (1), drawer (1-5), sink (1), sinkbasin (1), coffeemachine (1), stoveburner (1-4), toaster (1), fridge (1), diningtable (1), garbagecan (1), safe (1)

**Answer Choices**
(1): go to cabinet 1
(2): go to cabinet 2
(3): go to cabinet 3
(4): go to countertop 1
(5): go to cabinet 4
(6): go to cabinet 5
(7): go to microwave 1
(8): go to cabinet 6
(9): go to drawer 1
(10): go to drawer 2
(11): go to drawer 3
(12): go to cabinet 7
(13): go to cabinet 8
(14): go to sink 1
(15): go to sinkbasin 1
(16): go to coffeemachine 1
(17): go to cabinet 9
(18): go to cabinet 10
(19): go to drawer 4
(20): go to cabinet 11
(21): go to stoveburner 1
(22): go to stoveburner 2
(23): go to stoveburner 3
(24): go to stoveburner 4
(25): go to cabinet 12
(26): go to toaster 1
(27): go to drawer 5
(28): go to countertop 2
(29): go to cabinet 13
(30): go to cabinet 14
(31): go to diningtable 1
(32): go to garbagecan 1
(33): go to safe 1
(34): open fridge 1
(35): close fridge 1
(36): examine pan 1
(37): examine fridge 1


**Answer**
Let's think step by step by following the instructions.
----------------------------------------

----------------------------------------

Original Response:
Image Analysis:
- Image 1 shows a pan with a handle hanging and not in contact with any surface.
- Image 2 shows the same pan placed on a surface, possibly a stove burner.
- Image 3 is identical to Image 2, showing the pan placed on the surface.

Comparison:
- The difference between Image 1 and Images 2 & 3 is that the pan is hanging in Image 1 and placed on a stove burner in Images 2 & 3.
- There is no difference between Image 2 and Image 3.

Task Analysis:
- The task is to put a cool pan on a stove burner.
- Based on the hint, the agent does not need to open the fridge or use the fridge button to cool the object; the action is simply "cool the object with the fridge."

Conclusion:
- The pan is already located on the stove burner in Images 2 & 3, indicating the final step of the task has been completed.
- Since there is no action showing the cooling process, and the task does not require interaction with the fridge, we can assume that the pan needs to be cooled with the fridge in a non-visible manner before being placed on the stove burner.
- None of the answer choices involve cooling the pan with the fridge; however, since the pan is already on the stove burner, the most reasonable action related to the task would be to examine the pan to ensure it is the correct object and cooled as per the task requirement.

The answer is: (36): examine pan 1

----------------------------------------

----------------------------------------

>>> Refine Original VLM Response and Get Pure Action: examine pan 1

----------------------------------------

-----------------------------------------------------------------

Running time: 14.484235763549805 seconds

Total Money: 10.488480000000001

-----------------------------------------------------------------

-----------------------------------------------------------------

Text Observation:This is a cool pan 1.

--------------------------------------------------------------------------------------------------------------------------task: 17---------------------------------------------------------
--------------------------------------------------------------------------------------------------------------------------------------------------------------------
--------------------------------------------------------------------------------------------------------------------------------------------------------------------
Step:--------------------------------------------------------------------------18-------------------------------------------------------------------------------
----------------------------------------
VLM Prompt:
Image1:
<image>
Image2:
<image>
Image3:
<image>
**Instruction**
1. Analyze the provided images to identify all visible household objects and compare the difference between images (e.h. whether the object is opened or not and taken on hand or not), focusing on those relevant to the task description "put a cool pan in stoveburner."
2. Use the analysis of images and the task hint "The agent must find an object of the desired type, pick it up, go to a fridge, cool the object with the fridge, then find the correct location to place it, and put it down there. The agent does not need to use the fridge button or open the fridge to cool the object, and the agent just needs to do action that is "cool the object with the fridge"." to answer the question: what is the most reasonable action in the choices for the task description "put a cool pan in stoveburner"?
3. Decide and write the answer using the template: The answer is: (i): <selected_action>, where i is the real number. If there is no desired object in images, search every place based on **Initial Observation** to find the object. And if no one is exactly correct, choose a similar answer.

**Initial Observation**
You are in the middle of a room. Looking quickly around you, you can see cabinet (1-14), countertop (1-2), microwave (1), drawer (1-5), sink (1), sinkbasin (1), coffeemachine (1), stoveburner (1-4), toaster (1), fridge (1), diningtable (1), garbagecan (1), safe (1)

**Answer Choices**
(1): go to cabinet 1
(2): go to cabinet 2
(3): go to cabinet 3
(4): go to countertop 1
(5): go to cabinet 4
(6): go to cabinet 5
(7): go to microwave 1
(8): go to cabinet 6
(9): go to drawer 1
(10): go to drawer 2
(11): go to drawer 3
(12): go to cabinet 7
(13): go to cabinet 8
(14): go to sink 1
(15): go to sinkbasin 1
(16): go to coffeemachine 1
(17): go to cabinet 9
(18): go to cabinet 10
(19): go to drawer 4
(20): go to cabinet 11
(21): go to stoveburner 1
(22): go to stoveburner 2
(23): go to stoveburner 3
(24): go to stoveburner 4
(25): go to cabinet 12
(26): go to toaster 1
(27): go to drawer 5
(28): go to countertop 2
(29): go to cabinet 13
(30): go to cabinet 14
(31): go to diningtable 1
(32): go to garbagecan 1
(33): go to safe 1
(34): open fridge 1
(35): close fridge 1
(36): examine fridge 1


**Answer**
Let's think step by step by following the instructions.
----------------------------------------

----------------------------------------

Original Response:
The task is to "put a cool pan in stoveburner." From the images provided, we can see a pan on what appears to be a stoveburner. All three images seem identical, with no visible difference in the state of the pan or stoveburner. Therefore, we can assume the pan is already in place on the stoveburner.

Given the task hint, we need to cool the pan using the fridge without the need to open the fridge or use a button. Since the pan is already on the stoveburner and the images do not show a fridge, we must infer the next reasonable action.

Based on the initial observation, there is a fridge in the room. The most reasonable action would be to go to the fridge to cool the pan as described in the task hint. Since there is no specific action listed for cooling the object with the fridge and the provided actions only include going to different objects or interacting with the fridge, we will select the action to go to the fridge.

The answer is: (36): examine fridge 1.

----------------------------------------

----------------------------------------

>>> Refine Original VLM Response and Get Pure Action: examine fridge 1

----------------------------------------

-----------------------------------------------------------------

Running time: 15.272657632827759 seconds

Total Money: 10.524920000000002

-----------------------------------------------------------------

-----------------------------------------------------------------

Text Observation:

--------------------------------------------------------------------------------------------------------------------------task: 17---------------------------------------------------------
--------------------------------------------------------------------------------------------------------------------------------------------------------------------
--------------------------------------------------------------------------------------------------------------------------------------------------------------------
Step:--------------------------------------------------------------------------19-------------------------------------------------------------------------------
----------------------------------------
VLM Prompt:
Image1:
<image>
Image2:
<image>
Image3:
<image>
**Instruction**
1. Analyze the provided images to identify all visible household objects and compare the difference between images (e.h. whether the object is opened or not and taken on hand or not), focusing on those relevant to the task description "put a cool pan in stoveburner."
2. Use the analysis of images and the task hint "The agent must find an object of the desired type, pick it up, go to a fridge, cool the object with the fridge, then find the correct location to place it, and put it down there. The agent does not need to use the fridge button or open the fridge to cool the object, and the agent just needs to do action that is "cool the object with the fridge"." to answer the question: what is the most reasonable action in the choices for the task description "put a cool pan in stoveburner"?
3. Decide and write the answer using the template: The answer is: (i): <selected_action>, where i is the real number. If there is no desired object in images, search every place based on **Initial Observation** to find the object. And if no one is exactly correct, choose a similar answer.

**Initial Observation**
You are in the middle of a room. Looking quickly around you, you can see cabinet (1-14), countertop (1-2), microwave (1), drawer (1-5), sink (1), sinkbasin (1), coffeemachine (1), stoveburner (1-4), toaster (1), fridge (1), diningtable (1), garbagecan (1), safe (1)

**Answer Choices**
(1): go to cabinet 1
(2): go to cabinet 2
(3): go to cabinet 3
(4): go to countertop 1
(5): go to cabinet 4
(6): go to cabinet 5
(7): go to microwave 1
(8): go to cabinet 6
(9): go to drawer 1
(10): go to drawer 2
(11): go to drawer 3
(12): go to cabinet 7
(13): go to cabinet 8
(14): go to sink 1
(15): go to sinkbasin 1
(16): go to coffeemachine 1
(17): go to cabinet 9
(18): go to cabinet 10
(19): go to drawer 4
(20): go to cabinet 11
(21): go to stoveburner 1
(22): go to stoveburner 2
(23): go to stoveburner 3
(24): go to stoveburner 4
(25): go to cabinet 12
(26): go to toaster 1
(27): go to drawer 5
(28): go to countertop 2
(29): go to cabinet 13
(30): go to cabinet 14
(31): go to diningtable 1
(32): go to garbagecan 1
(33): go to safe 1
(34): open fridge 1
(35): close fridge 1
(36): cool pan 1 with fridge 1


**Answer**
Let's think step by step by following the instructions.
----------------------------------------

----------------------------------------

Original Response:
The task is to "put a cool pan in stoveburner." Based on the images provided, we can see a pan in all three images. The pan does not appear to be held by anyone or in a different state between the images. The images do not provide any information about the temperature of the pan, but the task hint specifies that the agent does not need to use the fridge button or open the fridge to cool the object. Therefore, we can assume the pan is already cool or can be cooled simply by performing the action of cooling with the fridge.

Given the task description and the hint provided, the most reasonable action to fulfill the task of "put a cool pan in stoveburner" would be to cool the pan with the fridge, then place it on a stoveburner. Since the images show the pan but do not provide information about its temperature, we must rely on the task hint for the cooling action.

The answer is: (36): cool pan 1 with fridge 1.

----------------------------------------

----------------------------------------

>>> Refine Original VLM Response and Get Pure Action: cool pan 1 with fridge 1

----------------------------------------

-----------------------------------------------------------------

Running time: 11.829363584518433 seconds

Total Money: 10.56107

-----------------------------------------------------------------

-----------------------------------------------------------------

Text Observation:You cool the pan 1 using the fridge 1.

-----------------------------------------------------------------