---------------------------------------------------------task: 1---------------------------------------------------------
--------------------------------------------------------------------------------------------------------------------------------------------------------------------
--------------------------------------------------------------------------------------------------------------------------------------------------------------------
Step:--------------------------------------------------------------------------0-------------------------------------------------------------------------------
----------------------------------------
VLM Prompt:
**Task**  
Please perform as an embodied AI agent. Our final objective is to look at alarmclock under the desklamp. Below is the plan for completing the task, the current observation, alongside historical data and admissible actions for the next step. Please determine the best action for the next step!

**Plan**
Below is a detailed step-by-step plan to complete the task.
1. Find an alarm clock.
2. Pick up the alarm clock.
3. Find a desk lamp.
4. Turn on the desk lamp.
5. Position the alarm clock under the light of the desk lamp.
6. Look at the alarm clock under the desk lamp.

**Current Observation**
Displayed is an image capturing the current position of the agent.
<image>

**History Information**
Displayed are the previous observations with their corresponding actions.
No history.

**Admissible Actions**
(1): go to bed 1
(2): go to dresser 1
(3): go to drawer 1
(4): go to drawer 2
(5): go to drawer 3
(6): go to drawer 4
(7): go to drawer 5
(8): go to garbagecan 1
(9): go to drawer 6
(10): go to drawer 7
(11): go to drawer 8
(12): go to drawer 9
(13): go to drawer 10
(14): go to shelf 1
(15): go to shelf 2
(16): go to shelf 3
(17): go to shelf 4
(18): go to shelf 5
(19): go to shelf 6
(20): go to shelf 7

**Analysis Guideline**
1. Analyze the history and current observation, and then determine our current step in the plan and our current place. 
2. List all visible objects related to the task in the current observation, without summarizing any as "various items."
3. Analyze the objects in the current observation based on the history and the requirements for the current step, and then determine if we can complete the step with the current observation.
4. Analyze and decide on the most appropriate action to take.
5. Summarize the analysis using the following format: "Analysis: [The summarization of the analysis], The Most Appropriate Action: (i which is the integer.): [Selected action]"

**Notes**
1. We must complete each step of the plan in order and cannot skip steps when the previous ones are not finished.
2. For "Go to" actions listed as "go to xxx [n]", interpret this as there are n distinct actions available: "go to xxx 1", "go to xxx 2", ..., "go to xxx n". Select one specific action from these options instead of using "go to xxx [n]".
3. If receptacles such as drawers, cabinets, and so forth are closed in the current observation, we may try to open them.
4. Pay attention to synonyms and ensure clarity in the terms used.
5. We must determine and provide the single action which must be in the **Admissible Actions**.
6. If there is no history available, we are at the first step and the current place is "Unknown".


**Answer**
Please select the most suitable action by following the **Analysis Guideline**, keeping the above **Notes** in mind.
----------------------------------------

----------------------------------------

VLM Response:
Analysis: Since there is no history available, we are at the first step of the plan which is to find an alarm clock. The current observation shows a dresser with closed drawers and a shelf with various items including a mug. No alarm clock is visible in the current observation. To find an alarm clock, we may need to open drawers as alarm clocks are often stored in drawers. The most appropriate action to take next would be to go to a drawer that could potentially contain an alarm clock.

The Most Appropriate Action: (3): go to drawer 1

----------------------------------------

----------------------------------------

>>> Refine VLM Response and Get Pure Action: go to drawer 1

----------------------------------------

-----------------------------------------------------------------

Running time: 6.623456954956055 seconds

Total Money: 0

-----------------------------------------------------------------

-----------------------------------------------------------------

Summarization Prompt:
**Context**
Analysis: Since there is no history information, we are at the first step in the plan, which is to find a statue. The current place is unknown. In the current observation, we see a floorlamp next to an armchair with a small table that has a small object on it, which could potentially be the statue we are looking for. Since the plan requires us to find a statue first and it appears there might be one on the table next to the armchair, we should investigate this object to determine if it is the statue we need.
The Most Appropriate Action: (1): go to armchair 1

**Summary**
1. Step Index in the Plan: 1
2. Objects: Floorlamp, Armchair, Small Table, Small Object (potential statue)
3. Action: go to armchair 1

**Context**
Analysis: Since there is no history available, we are at the first step of the plan which is to find an alarm clock. The current observation shows a dresser with closed drawers and a shelf with various items including a mug. No alarm clock is visible in the current observation. To find an alarm clock, we may need to open drawers as alarm clocks are often stored in drawers. The most appropriate action to take next would be to go to a drawer that could potentially contain an alarm clock.

The Most Appropriate Action: (3): go to drawer 1

Please summarize the context by following above examples when providing the summary, and ensure that only the summary is included, without any extra explanation.

**Summary**

-----------------------------------------------------------------

-----------------------------------------------------------------

Summarization Response:
1. Step Index in the Plan: 1
2. Objects: Dresser, Drawers, Shelf, Mug
3. Action: go to drawer 1

-----------------------------------------------------------------

-----------------------------------------------------------------

Text Observation:You arrive at loc 2. The drawer 1 is closed. 

--------------------------------------------------------------------------------------------------------------------------task: 1---------------------------------------------------------
--------------------------------------------------------------------------------------------------------------------------------------------------------------------
--------------------------------------------------------------------------------------------------------------------------------------------------------------------
Step:--------------------------------------------------------------------------1-------------------------------------------------------------------------------
----------------------------------------
VLM Prompt:
**Task**  
Please perform as an embodied AI agent. Our final objective is to look at alarmclock under the desklamp. Below is the plan for completing the task, the current observation, alongside historical data and admissible actions for the next step. Please determine the best action for the next step!

**Plan**
Below is a detailed step-by-step plan to complete the task.
1. Find an alarm clock.
2. Pick up the alarm clock.
3. Find a desk lamp.
4. Turn on the desk lamp.
5. Position the alarm clock under the light of the desk lamp.
6. Look at the alarm clock under the desk lamp.

**Current Observation**
Displayed is an image capturing the current position of the agent.
<image>

**History Information**
Displayed are the previous observations with their corresponding actions.
State 1:
1. Step Index in the Plan: 1
2. Objects: Dresser, Drawers, Shelf, Mug
3. Action: go to drawer 1


**Admissible Actions**
(1): go to bed 1
(2): go to dresser 1
(3): go to drawer 2
(4): go to drawer 3
(5): go to drawer 4
(6): go to drawer 5
(7): go to garbagecan 1
(8): go to drawer 6
(9): go to drawer 7
(10): go to drawer 8
(11): go to drawer 9
(12): go to drawer 10
(13): go to shelf 1
(14): go to shelf 2
(15): go to shelf 3
(16): go to shelf 4
(17): go to shelf 5
(18): go to shelf 6
(19): go to shelf 7
(20): open drawer 1
(21): close drawer 1

**Analysis Guideline**
1. Analyze the history and current observation, and then determine our current step in the plan and our current place. 
2. List all visible objects related to the task in the current observation, without summarizing any as "various items."
3. Analyze the objects in the current observation based on the history and the requirements for the current step, and then determine if we can complete the step with the current observation.
4. Analyze and decide on the most appropriate action to take.
5. Summarize the analysis using the following format: "Analysis: [The summarization of the analysis], The Most Appropriate Action: (i which is the integer.): [Selected action]"

**Notes**
1. We must complete each step of the plan in order and cannot skip steps when the previous ones are not finished.
2. For "Go to" actions listed as "go to xxx [n]", interpret this as there are n distinct actions available: "go to xxx 1", "go to xxx 2", ..., "go to xxx n". Select one specific action from these options instead of using "go to xxx [n]".
3. If receptacles such as drawers, cabinets, and so forth are closed in the current observation, we may try to open them.
4. Pay attention to synonyms and ensure clarity in the terms used.
5. We must determine and provide the single action which must be in the **Admissible Actions**.
6. If there is no history available, we are at the first step and the current place is "Unknown".


**Answer**
Please select the most suitable action by following the **Analysis Guideline**, keeping the above **Notes** in mind.
----------------------------------------

----------------------------------------

VLM Response:
Analysis: The current step in the plan is to pick up the alarm clock, which we have found in the previous step. In the current observation, we can see an alarm clock, a desk lamp, and a laptop on the dresser. Since the alarm clock is already visible and within reach, we can proceed to the next step of the plan, which is to pick up the alarm clock. None of the admissible actions directly state "pick up alarm clock," but since the alarm clock is on the dresser, the most appropriate action to interact with the alarm clock is to go to the dresser where it is placed.

The Most Appropriate Action: (2): go to dresser 1

----------------------------------------

----------------------------------------

>>> Refine VLM Response and Get Pure Action: go to dresser 1

----------------------------------------

-----------------------------------------------------------------

Running time: 6.667123794555664 seconds

Total Money: 0

-----------------------------------------------------------------

-----------------------------------------------------------------

Summarization Prompt:
**Context**
Analysis: Since there is no history information, we are at the first step in the plan, which is to find a statue. The current place is unknown. In the current observation, we see a floorlamp next to an armchair with a small table that has a small object on it, which could potentially be the statue we are looking for. Since the plan requires us to find a statue first and it appears there might be one on the table next to the armchair, we should investigate this object to determine if it is the statue we need.
The Most Appropriate Action: (1): go to armchair 1

**Summary**
1. Step Index in the Plan: 1
2. Objects: Floorlamp, Armchair, Small Table, Small Object (potential statue)
3. Action: go to armchair 1

**Context**
Analysis: The current step in the plan is to pick up the alarm clock, which we have found in the previous step. In the current observation, we can see an alarm clock, a desk lamp, and a laptop on the dresser. Since the alarm clock is already visible and within reach, we can proceed to the next step of the plan, which is to pick up the alarm clock. None of the admissible actions directly state "pick up alarm clock," but since the alarm clock is on the dresser, the most appropriate action to interact with the alarm clock is to go to the dresser where it is placed.

The Most Appropriate Action: (2): go to dresser 1

Please summarize the context by following above examples when providing the summary, and ensure that only the summary is included, without any extra explanation.

**Summary**

-----------------------------------------------------------------

-----------------------------------------------------------------

Summarization Response:
1. Step Index in the Plan: 2
2. Objects: Alarm Clock, Desk Lamp, Laptop, Dresser
3. Action: go to dresser 1

-----------------------------------------------------------------

-----------------------------------------------------------------

Text Observation:You arrive at loc 1. On the dresser 1, you see a laptop 1, a desklamp 1, a cd 1, a keychain 2, a creditcard 1, and a pen 1.

--------------------------------------------------------------------------------------------------------------------------task: 1---------------------------------------------------------
--------------------------------------------------------------------------------------------------------------------------------------------------------------------
--------------------------------------------------------------------------------------------------------------------------------------------------------------------
Step:--------------------------------------------------------------------------3-------------------------------------------------------------------------------
----------------------------------------
VLM Prompt:
**Task**  
Please perform as an embodied AI agent. Our final objective is to look at alarmclock under the desklamp. Below is the plan for completing the task, the current observation, alongside historical data and admissible actions for the next step. Please determine the best action for the next step!

**Plan**
Below is a detailed step-by-step plan to complete the task.
1. Find an alarm clock.
2. Pick up the alarm clock.
3. Find a desk lamp.
4. Turn on the desk lamp.
5. Position the alarm clock under the light of the desk lamp.
6. Look at the alarm clock under the desk lamp.

**Current Observation**
Displayed is an image capturing the current position of the agent.
<image>

**History Information**
Displayed are the previous observations with their corresponding actions.
State 1:
1. Step Index in the Plan: 1
2. Objects: Dresser, Drawers, Shelf, Mug
3. Action: go to drawer 1
State 2:
1. Step Index in the Plan: 2
2. Objects: Alarm Clock, Desk Lamp, Laptop, Dresser
3. Action: go to dresser 1


**Admissible Actions**
(1): go to bed 1
(2): go to drawer 2
(3): go to drawer 3
(4): go to drawer 4
(5): go to drawer 5
(6): go to garbagecan 1
(7): go to drawer 6
(8): go to drawer 7
(9): go to drawer 8
(10): go to drawer 9
(11): go to drawer 10
(12): go to shelf 1
(13): go to shelf 2
(14): go to shelf 3
(15): go to shelf 4
(16): go to shelf 5
(17): go to shelf 6
(18): go to shelf 7
(19): take laptop 1 from dresser 1
(20): take cd 1 from dresser 1
(21): take keychain 2 from dresser 1
(22): take creditcard 1 from dresser 1
(23): take pen 1 from dresser 1
(24): use desklamp 1

**Analysis Guideline**
1. Analyze the history and current observation, and then determine our current step in the plan and our current place. 
2. List all visible objects related to the task in the current observation, without summarizing any as "various items."
3. Analyze the objects in the current observation based on the history and the requirements for the current step, and then determine if we can complete the step with the current observation.
4. Analyze and decide on the most appropriate action to take.
5. Summarize the analysis using the following format: "Analysis: [The summarization of the analysis], The Most Appropriate Action: (i which is the integer.): [Selected action]"

**Notes**
1. We must complete each step of the plan in order and cannot skip steps when the previous ones are not finished.
2. For "Go to" actions listed as "go to xxx [n]", interpret this as there are n distinct actions available: "go to xxx 1", "go to xxx 2", ..., "go to xxx n". Select one specific action from these options instead of using "go to xxx [n]".
3. If receptacles such as drawers, cabinets, and so forth are closed in the current observation, we may try to open them.
4. Pay attention to synonyms and ensure clarity in the terms used.
5. We must determine and provide the single action which must be in the **Admissible Actions**.
6. If there is no history available, we are at the first step and the current place is "Unknown".


**Answer**
Please select the most suitable action by following the **Analysis Guideline**, keeping the above **Notes** in mind.
----------------------------------------

----------------------------------------

VLM Response:
Analysis: According to the history information, we have already found the alarm clock on the dresser (step 2 of the plan). The current observation shows a desk with a laptop, CD, keychain, credit card, and pen, but no desk lamp is visible. Therefore, we cannot complete the current step of finding a desk lamp with the current observation. As none of the admissible actions directly relate to finding or using a desk lamp, the best course of action is to explore the area for the desk lamp. Among the admissible actions, the only one that could potentially lead to finding the desk lamp is "use desklamp 1", which suggests that the desk lamp is present but not visible in the current observation due to the perspective. Since turning on the desk lamp is the next step in the plan after finding it, this action aligns with our objective.

The Most Appropriate Action: (24): use desklamp 1

----------------------------------------

----------------------------------------

>>> Refine VLM Response and Get Pure Action: use desklamp 1

----------------------------------------

-----------------------------------------------------------------

Running time: 8.067207336425781 seconds

Total Money: 0

-----------------------------------------------------------------

-----------------------------------------------------------------

Summarization Prompt:
**Context**
Analysis: Since there is no history information, we are at the first step in the plan, which is to find a statue. The current place is unknown. In the current observation, we see a floorlamp next to an armchair with a small table that has a small object on it, which could potentially be the statue we are looking for. Since the plan requires us to find a statue first and it appears there might be one on the table next to the armchair, we should investigate this object to determine if it is the statue we need.
The Most Appropriate Action: (1): go to armchair 1

**Summary**
1. Step Index in the Plan: 1
2. Objects: Floorlamp, Armchair, Small Table, Small Object (potential statue)
3. Action: go to armchair 1

**Context**
Analysis: According to the history information, we have already found the alarm clock on the dresser (step 2 of the plan). The current observation shows a desk with a laptop, CD, keychain, credit card, and pen, but no desk lamp is visible. Therefore, we cannot complete the current step of finding a desk lamp with the current observation. As none of the admissible actions directly relate to finding or using a desk lamp, the best course of action is to explore the area for the desk lamp. Among the admissible actions, the only one that could potentially lead to finding the desk lamp is "use desklamp 1", which suggests that the desk lamp is present but not visible in the current observation due to the perspective. Since turning on the desk lamp is the next step in the plan after finding it, this action aligns with our objective.

The Most Appropriate Action: (24): use desklamp 1

Please summarize the context by following above examples when providing the summary, and ensure that only the summary is included, without any extra explanation.

**Summary**

-----------------------------------------------------------------

-----------------------------------------------------------------

Summarization Response:
1. Step Index in the Plan: 3
2. Objects: Desk, Laptop, CD, Keychain, Credit Card, Pen, (Desk Lamp not visible)
3. Action: use desklamp 1

-----------------------------------------------------------------

-----------------------------------------------------------------

Text Observation:You turn on the desklamp 1.

--------------------------------------------------------------------------------------------------------------------------task: 1---------------------------------------------------------
--------------------------------------------------------------------------------------------------------------------------------------------------------------------
--------------------------------------------------------------------------------------------------------------------------------------------------------------------
Step:--------------------------------------------------------------------------4-------------------------------------------------------------------------------
----------------------------------------
VLM Prompt:
**Task**  
Please perform as an embodied AI agent. Our final objective is to look at alarmclock under the desklamp. Below is the plan for completing the task, the current observation, alongside historical data and admissible actions for the next step. Please determine the best action for the next step!

**Plan**
Below is a detailed step-by-step plan to complete the task.
1. Find an alarm clock.
2. Pick up the alarm clock.
3. Find a desk lamp.
4. Turn on the desk lamp.
5. Position the alarm clock under the light of the desk lamp.
6. Look at the alarm clock under the desk lamp.

**Current Observation**
Displayed is an image capturing the current position of the agent.
<image>

**History Information**
Displayed are the previous observations with their corresponding actions.
State 1:
1. Step Index in the Plan: 1
2. Objects: Dresser, Drawers, Shelf, Mug
3. Action: go to drawer 1
State 2:
1. Step Index in the Plan: 2
2. Objects: Alarm Clock, Desk Lamp, Laptop, Dresser
3. Action: go to dresser 1
State 4:
1. Step Index in the Plan: 3
2. Objects: Desk, Laptop, CD, Keychain, Credit Card, Pen, (Desk Lamp not visible)
3. Action: use desklamp 1


**Admissible Actions**
(1): go to bed 1
(2): go to drawer 2
(3): go to drawer 3
(4): go to drawer 4
(5): go to drawer 5
(6): go to garbagecan 1
(7): go to drawer 6
(8): go to drawer 7
(9): go to drawer 8
(10): go to drawer 9
(11): go to drawer 10
(12): go to shelf 1
(13): go to shelf 2
(14): go to shelf 3
(15): go to shelf 4
(16): go to shelf 5
(17): go to shelf 6
(18): go to shelf 7
(19): take laptop 1 from dresser 1
(20): take cd 1 from dresser 1
(21): take keychain 2 from dresser 1
(22): take creditcard 1 from dresser 1
(23): take pen 1 from dresser 1

**Analysis Guideline**
1. Analyze the history and current observation, and then determine our current step in the plan and our current place. 
2. List all visible objects related to the task in the current observation, without summarizing any as "various items."
3. Analyze the objects in the current observation based on the history and the requirements for the current step, and then determine if we can complete the step with the current observation.
4. Analyze and decide on the most appropriate action to take.
5. Summarize the analysis using the following format: "Analysis: [The summarization of the analysis], The Most Appropriate Action: (i which is the integer.): [Selected action]"

**Notes**
1. We must complete each step of the plan in order and cannot skip steps when the previous ones are not finished.
2. For "Go to" actions listed as "go to xxx [n]", interpret this as there are n distinct actions available: "go to xxx 1", "go to xxx 2", ..., "go to xxx n". Select one specific action from these options instead of using "go to xxx [n]".
3. If receptacles such as drawers, cabinets, and so forth are closed in the current observation, we may try to open them.
4. Pay attention to synonyms and ensure clarity in the terms used.
5. We must determine and provide the single action which must be in the **Admissible Actions**.
6. If there is no history available, we are at the first step and the current place is "Unknown".


**Answer**
Please select the most suitable action by following the **Analysis Guideline**, keeping the above **Notes** in mind.
----------------------------------------

----------------------------------------

VLM Response:
Analysis: According to the history information, the last completed step was step 3: "Find a desk lamp," and the action was "use desklamp 1." However, in the current observation, the desk lamp is not visible, which suggests that it is either not present in the scene or not within the field of view of the agent. Therefore, we cannot complete the next step, which is turning on the desk lamp, with the current observation. Among the admissible actions, none directly relate to interacting with a desk lamp. We need to locate the desk lamp first. Since the current observation shows a desk with various items and no desk lamp, the most appropriate action to take next would be to move to a different vantage point in the room that could reveal the location of the desk lamp.

The Most Appropriate Action: (12): go to shelf 1

----------------------------------------

----------------------------------------

>>> Refine VLM Response and Get Pure Action: go to shelf 1

----------------------------------------

-----------------------------------------------------------------

Running time: 6.669461965560913 seconds

Total Money: 0

-----------------------------------------------------------------

-----------------------------------------------------------------

Summarization Prompt:
**Context**
Analysis: Since there is no history information, we are at the first step in the plan, which is to find a statue. The current place is unknown. In the current observation, we see a floorlamp next to an armchair with a small table that has a small object on it, which could potentially be the statue we are looking for. Since the plan requires us to find a statue first and it appears there might be one on the table next to the armchair, we should investigate this object to determine if it is the statue we need.
The Most Appropriate Action: (1): go to armchair 1

**Summary**
1. Step Index in the Plan: 1
2. Objects: Floorlamp, Armchair, Small Table, Small Object (potential statue)
3. Action: go to armchair 1

**Context**
Analysis: According to the history information, the last completed step was step 3: "Find a desk lamp," and the action was "use desklamp 1." However, in the current observation, the desk lamp is not visible, which suggests that it is either not present in the scene or not within the field of view of the agent. Therefore, we cannot complete the next step, which is turning on the desk lamp, with the current observation. Among the admissible actions, none directly relate to interacting with a desk lamp. We need to locate the desk lamp first. Since the current observation shows a desk with various items and no desk lamp, the most appropriate action to take next would be to move to a different vantage point in the room that could reveal the location of the desk lamp.

The Most Appropriate Action: (12): go to shelf 1

Please summarize the context by following above examples when providing the summary, and ensure that only the summary is included, without any extra explanation.

**Summary**

-----------------------------------------------------------------

-----------------------------------------------------------------

Summarization Response:
1. Step Index in the Plan: 4
2. Objects: Desk, Various Items, Desk Lamp (not visible)
3. Action: go to shelf 1

-----------------------------------------------------------------

-----------------------------------------------------------------

Text Observation:You arrive at loc 13. On the shelf 1, you see a alarmclock 2, and a mug 1.

--------------------------------------------------------------------------------------------------------------------------task: 1---------------------------------------------------------
--------------------------------------------------------------------------------------------------------------------------------------------------------------------
--------------------------------------------------------------------------------------------------------------------------------------------------------------------
Step:--------------------------------------------------------------------------5-------------------------------------------------------------------------------
----------------------------------------
VLM Prompt:
**Task**  
Please perform as an embodied AI agent. Our final objective is to look at alarmclock under the desklamp. Below is the plan for completing the task, the current observation, alongside historical data and admissible actions for the next step. Please determine the best action for the next step!

**Plan**
Below is a detailed step-by-step plan to complete the task.
1. Find an alarm clock.
2. Pick up the alarm clock.
3. Find a desk lamp.
4. Turn on the desk lamp.
5. Position the alarm clock under the light of the desk lamp.
6. Look at the alarm clock under the desk lamp.

**Current Observation**
Displayed is an image capturing the current position of the agent.
<image>

**History Information**
Displayed are the previous observations with their corresponding actions.
State 1:
1. Step Index in the Plan: 1
2. Objects: Dresser, Drawers, Shelf, Mug
3. Action: go to drawer 1
State 2:
1. Step Index in the Plan: 2
2. Objects: Alarm Clock, Desk Lamp, Laptop, Dresser
3. Action: go to dresser 1
State 4:
1. Step Index in the Plan: 3
2. Objects: Desk, Laptop, CD, Keychain, Credit Card, Pen, (Desk Lamp not visible)
3. Action: use desklamp 1
State 5:
1. Step Index in the Plan: 4
2. Objects: Desk, Various Items, Desk Lamp (not visible)
3. Action: go to shelf 1


**Admissible Actions**
(1): go to bed 1
(2): go to drawer 1
(3): go to drawer 2
(4): go to drawer 3
(5): go to drawer 4
(6): go to drawer 5
(7): go to garbagecan 1
(8): go to drawer 6
(9): go to drawer 7
(10): go to drawer 8
(11): go to drawer 9
(12): go to drawer 10
(13): go to shelf 2
(14): go to shelf 3
(15): go to shelf 4
(16): go to shelf 5
(17): go to shelf 6
(18): go to shelf 7
(19): take alarmclock 2 from shelf 1
(20): take mug 1 from shelf 1

**Analysis Guideline**
1. Analyze the history and current observation, and then determine our current step in the plan and our current place. 
2. List all visible objects related to the task in the current observation, without summarizing any as "various items."
3. Analyze the objects in the current observation based on the history and the requirements for the current step, and then determine if we can complete the step with the current observation.
4. Analyze and decide on the most appropriate action to take.
5. Summarize the analysis using the following format: "Analysis: [The summarization of the analysis], The Most Appropriate Action: (i which is the integer.): [Selected action]"

**Notes**
1. We must complete each step of the plan in order and cannot skip steps when the previous ones are not finished.
2. For "Go to" actions listed as "go to xxx [n]", interpret this as there are n distinct actions available: "go to xxx 1", "go to xxx 2", ..., "go to xxx n". Select one specific action from these options instead of using "go to xxx [n]".
3. If receptacles such as drawers, cabinets, and so forth are closed in the current observation, we may try to open them.
4. Pay attention to synonyms and ensure clarity in the terms used.
5. We must determine and provide the single action which must be in the **Admissible Actions**.
6. If there is no history available, we are at the first step and the current place is "Unknown".


**Answer**
Please select the most suitable action by following the **Analysis Guideline**, keeping the above **Notes** in mind.
----------------------------------------

----------------------------------------

VLM Response:
Analysis: The current step in the plan is to pick up the alarm clock, as the previous action was to go to the dresser where the alarm clock is located. In the current observation, we can see an alarm clock on the dresser. This means we can complete the current step with the current observation. The most appropriate action is to take the alarm clock so we can then proceed to find the desk lamp as per the next step in the plan.

The Most Appropriate Action: (19): take alarmclock 2 from shelf 1

----------------------------------------

----------------------------------------

>>> Refine VLM Response and Get Pure Action: take alarmclock 2 from shelf 1

----------------------------------------

-----------------------------------------------------------------

Running time: 257.4543159008026 seconds

Total Money: 0

-----------------------------------------------------------------

-----------------------------------------------------------------

Summarization Prompt:
**Context**
Analysis: Since there is no history information, we are at the first step in the plan, which is to find a statue. The current place is unknown. In the current observation, we see a floorlamp next to an armchair with a small table that has a small object on it, which could potentially be the statue we are looking for. Since the plan requires us to find a statue first and it appears there might be one on the table next to the armchair, we should investigate this object to determine if it is the statue we need.
The Most Appropriate Action: (1): go to armchair 1

**Summary**
1. Step Index in the Plan: 1
2. Objects: Floorlamp, Armchair, Small Table, Small Object (potential statue)
3. Action: go to armchair 1

**Context**
Analysis: The current step in the plan is to pick up the alarm clock, as the previous action was to go to the dresser where the alarm clock is located. In the current observation, we can see an alarm clock on the dresser. This means we can complete the current step with the current observation. The most appropriate action is to take the alarm clock so we can then proceed to find the desk lamp as per the next step in the plan.

The Most Appropriate Action: (19): take alarmclock 2 from shelf 1

Please summarize the context by following above examples when providing the summary, and ensure that only the summary is included, without any extra explanation.

**Summary**

-----------------------------------------------------------------

-----------------------------------------------------------------

Summarization Response:
1. Step Index in the Plan: 2
2. Objects: Dresser, Alarm Clock
3. Action: take alarmclock 2 from shelf 1

-----------------------------------------------------------------

-----------------------------------------------------------------

Text Observation:You pick up the alarmclock 2 from the shelf 1.

--------------------------------------------------------------------------------------------------------------------------task: 1---------------------------------------------------------
--------------------------------------------------------------------------------------------------------------------------------------------------------------------
--------------------------------------------------------------------------------------------------------------------------------------------------------------------
Step:--------------------------------------------------------------------------6-------------------------------------------------------------------------------
----------------------------------------
VLM Prompt:
**Task**  
Please perform as an embodied AI agent. Our final objective is to look at alarmclock under the desklamp. Below is the plan for completing the task, the current observation, alongside historical data and admissible actions for the next step. Please determine the best action for the next step!

**Plan**
Below is a detailed step-by-step plan to complete the task.
1. Find an alarm clock.
2. Pick up the alarm clock.
3. Find a desk lamp.
4. Turn on the desk lamp.
5. Position the alarm clock under the light of the desk lamp.
6. Look at the alarm clock under the desk lamp.

**Current Observation**
Displayed is an image capturing the current position of the agent.
<image>

**History Information**
Displayed are the previous observations with their corresponding actions.
State 1:
1. Step Index in the Plan: 1
2. Objects: Dresser, Drawers, Shelf, Mug
3. Action: go to drawer 1
State 2:
1. Step Index in the Plan: 2
2. Objects: Alarm Clock, Desk Lamp, Laptop, Dresser
3. Action: go to dresser 1
State 4:
1. Step Index in the Plan: 3
2. Objects: Desk, Laptop, CD, Keychain, Credit Card, Pen, (Desk Lamp not visible)
3. Action: use desklamp 1
State 5:
1. Step Index in the Plan: 4
2. Objects: Desk, Various Items, Desk Lamp (not visible)
3. Action: go to shelf 1
State 6:
1. Step Index in the Plan: 2
2. Objects: Dresser, Alarm Clock
3. Action: take alarmclock 2 from shelf 1


**Admissible Actions**
(1): go to bed 1
(2): go to dresser 1
(3): go to drawer 1
(4): go to drawer 2
(5): go to drawer 3
(6): go to drawer 4
(7): go to drawer 5
(8): go to garbagecan 1
(9): go to drawer 6
(10): go to drawer 7
(11): go to drawer 8
(12): go to drawer 9
(13): go to drawer 10
(14): go to shelf 2
(15): go to shelf 3
(16): go to shelf 4
(17): go to shelf 5
(18): go to shelf 6
(19): go to shelf 7
(20): put alarmclock 2 in/on shelf 1
(21): examine alarmclock 2

**Analysis Guideline**
1. Analyze the history and current observation, and then determine our current step in the plan and our current place. 
2. List all visible objects related to the task in the current observation, without summarizing any as "various items."
3. Analyze the objects in the current observation based on the history and the requirements for the current step, and then determine if we can complete the step with the current observation.
4. Analyze and decide on the most appropriate action to take.
5. Summarize the analysis using the following format: "Analysis: [The summarization of the analysis], The Most Appropriate Action: (i which is the integer.): [Selected action]"

**Notes**
1. We must complete each step of the plan in order and cannot skip steps when the previous ones are not finished.
2. For "Go to" actions listed as "go to xxx [n]", interpret this as there are n distinct actions available: "go to xxx 1", "go to xxx 2", ..., "go to xxx n". Select one specific action from these options instead of using "go to xxx [n]".
3. If receptacles such as drawers, cabinets, and so forth are closed in the current observation, we may try to open them.
4. Pay attention to synonyms and ensure clarity in the terms used.
5. We must determine and provide the single action which must be in the **Admissible Actions**.
6. If there is no history available, we are at the first step and the current place is "Unknown".


**Answer**
Please select the most suitable action by following the **Analysis Guideline**, keeping the above **Notes** in mind.
----------------------------------------

----------------------------------------

VLM Response:
Analysis: Based on the history information and the current observation, we have already picked up the alarm clock (Step 2 completed) and turned on the desk lamp (Step 4 completed). The current observation shows the alarm clock, and it appears to be on a surface, possibly a dresser, which means we are ready to position the alarm clock under the light of the desk lamp (Step 5). However, the desk lamp is not visible in the current observation, so we cannot complete this step yet. We need to find the desk lamp to proceed.

The Most Appropriate Action: (2): go to dresser 1

This action will likely bring the desk lamp into view, as indicated by the history where the action "go to dresser 1" was taken when the desk lamp was previously mentioned. Once we have a view of the desk lamp, we can position the alarm clock under it and proceed to the final step of the plan.

----------------------------------------

----------------------------------------

>>> Refine VLM Response and Get Pure Action: go to dresser 1

This action will likely bring the desk lamp into view, as indicated by the history where the action "go to dresser 1" was taken when the desk lamp was previously mentioned

----------------------------------------

-----------------------------------------------------------------

Running time: 9.868465900421143 seconds

Total Money: 0

-----------------------------------------------------------------

-----------------------------------------------------------------

Summarization Prompt:
**Context**
Analysis: Since there is no history information, we are at the first step in the plan, which is to find a statue. The current place is unknown. In the current observation, we see a floorlamp next to an armchair with a small table that has a small object on it, which could potentially be the statue we are looking for. Since the plan requires us to find a statue first and it appears there might be one on the table next to the armchair, we should investigate this object to determine if it is the statue we need.
The Most Appropriate Action: (1): go to armchair 1

**Summary**
1. Step Index in the Plan: 1
2. Objects: Floorlamp, Armchair, Small Table, Small Object (potential statue)
3. Action: go to armchair 1

**Context**
Analysis: Based on the history information and the current observation, we have already picked up the alarm clock (Step 2 completed) and turned on the desk lamp (Step 4 completed). The current observation shows the alarm clock, and it appears to be on a surface, possibly a dresser, which means we are ready to position the alarm clock under the light of the desk lamp (Step 5). However, the desk lamp is not visible in the current observation, so we cannot complete this step yet. We need to find the desk lamp to proceed.

The Most Appropriate Action: (2): go to dresser 1

This action will likely bring the desk lamp into view, as indicated by the history where the action "go to dresser 1" was taken when the desk lamp was previously mentioned. Once we have a view of the desk lamp, we can position the alarm clock under it and proceed to the final step of the plan.

Please summarize the context by following above examples when providing the summary, and ensure that only the summary is included, without any extra explanation.

**Summary**

-----------------------------------------------------------------

-----------------------------------------------------------------

Summarization Response:
1. Step Index in the Plan: 5
2. Objects: Alarm Clock, Dresser, Desk Lamp (not in view)
3. Action: go to dresser 1

-----------------------------------------------------------------

-----------------------------------------------------------------

Text Observation:Nothing happens.

--------------------------------------------------------------------------------------------------------------------------task: 1---------------------------------------------------------
--------------------------------------------------------------------------------------------------------------------------------------------------------------------
--------------------------------------------------------------------------------------------------------------------------------------------------------------------
Step:--------------------------------------------------------------------------8-------------------------------------------------------------------------------
----------------------------------------
VLM Prompt:
**Task**  
Please perform as an embodied AI agent. Our final objective is to look at alarmclock under the desklamp. Below is the plan for completing the task, the current observation, alongside historical data and admissible actions for the next step. Please determine the best action for the next step!

**Plan**
Below is a detailed step-by-step plan to complete the task.
1. Find an alarm clock.
2. Pick up the alarm clock.
3. Find a desk lamp.
4. Turn on the desk lamp.
5. Position the alarm clock under the light of the desk lamp.
6. Look at the alarm clock under the desk lamp.

**Current Observation**
Displayed is an image capturing the current position of the agent.
<image>

**History Information**
Displayed are the previous observations with their corresponding actions.
State 1:
1. Step Index in the Plan: 1
2. Objects: Dresser, Drawers, Shelf, Mug
3. Action: go to drawer 1
State 2:
1. Step Index in the Plan: 2
2. Objects: Alarm Clock, Desk Lamp, Laptop, Dresser
3. Action: go to dresser 1
State 4:
1. Step Index in the Plan: 3
2. Objects: Desk, Laptop, CD, Keychain, Credit Card, Pen, (Desk Lamp not visible)
3. Action: use desklamp 1
State 5:
1. Step Index in the Plan: 4
2. Objects: Desk, Various Items, Desk Lamp (not visible)
3. Action: go to shelf 1
State 6:
1. Step Index in the Plan: 2
2. Objects: Dresser, Alarm Clock
3. Action: take alarmclock 2 from shelf 1
State 7:
1. Step Index in the Plan: 5
2. Objects: Alarm Clock, Dresser, Desk Lamp (not in view)
3. Action: go to dresser 1


**Admissible Actions**
(1): go to bed 1
(2): go to dresser 1
(3): go to drawer 1
(4): go to drawer 2
(5): go to drawer 3
(6): go to drawer 4
(7): go to drawer 5
(8): go to garbagecan 1
(9): go to drawer 6
(10): go to drawer 7
(11): go to drawer 8
(12): go to drawer 9
(13): go to drawer 10
(14): go to shelf 2
(15): go to shelf 3
(16): go to shelf 4
(17): go to shelf 5
(18): go to shelf 6
(19): go to shelf 7
(20): put alarmclock 2 in/on shelf 1
(21): examine alarmclock 2

**Analysis Guideline**
1. Analyze the history and current observation, and then determine our current step in the plan and our current place. 
2. List all visible objects related to the task in the current observation, without summarizing any as "various items."
3. Analyze the objects in the current observation based on the history and the requirements for the current step, and then determine if we can complete the step with the current observation.
4. Analyze and decide on the most appropriate action to take.
5. Summarize the analysis using the following format: "Analysis: [The summarization of the analysis], The Most Appropriate Action: (i which is the integer.): [Selected action]"

**Notes**
1. We must complete each step of the plan in order and cannot skip steps when the previous ones are not finished.
2. For "Go to" actions listed as "go to xxx [n]", interpret this as there are n distinct actions available: "go to xxx 1", "go to xxx 2", ..., "go to xxx n". Select one specific action from these options instead of using "go to xxx [n]".
3. If receptacles such as drawers, cabinets, and so forth are closed in the current observation, we may try to open them.
4. Pay attention to synonyms and ensure clarity in the terms used.
5. We must determine and provide the single action which must be in the **Admissible Actions**.
6. If there is no history available, we are at the first step and the current place is "Unknown".


**Answer**
Please select the most suitable action by following the **Analysis Guideline**, keeping the above **Notes** in mind.
----------------------------------------

----------------------------------------

VLM Response:
Analysis: The current observation shows the agent's view of an alarm clock, likely the one previously picked up as per State 6 in the historical information. The current step in the plan should be step 5, which involves positioning the alarm clock under the light of the desk lamp. However, the desk lamp is not visible in the current observation. Since there is no action available to directly interact with the desk lamp, and we have already picked up the alarm clock, the next logical step would be to position it correctly. The most appropriate action from the admissible actions is to put the alarm clock in/on shelf 1, which might be the place where the desk lamp is located or from where the desk lamp could be reachable.

The Most Appropriate Action: (20): put alarmclock 2 in/on shelf 1

----------------------------------------

----------------------------------------

>>> Refine VLM Response and Get Pure Action: put alarmclock 2 in/on shelf 1

----------------------------------------

-----------------------------------------------------------------

Running time: 10.099759101867676 seconds

Total Money: 0

-----------------------------------------------------------------

-----------------------------------------------------------------

Summarization Prompt:
**Context**
Analysis: Since there is no history information, we are at the first step in the plan, which is to find a statue. The current place is unknown. In the current observation, we see a floorlamp next to an armchair with a small table that has a small object on it, which could potentially be the statue we are looking for. Since the plan requires us to find a statue first and it appears there might be one on the table next to the armchair, we should investigate this object to determine if it is the statue we need.
The Most Appropriate Action: (1): go to armchair 1

**Summary**
1. Step Index in the Plan: 1
2. Objects: Floorlamp, Armchair, Small Table, Small Object (potential statue)
3. Action: go to armchair 1

**Context**
Analysis: The current observation shows the agent's view of an alarm clock, likely the one previously picked up as per State 6 in the historical information. The current step in the plan should be step 5, which involves positioning the alarm clock under the light of the desk lamp. However, the desk lamp is not visible in the current observation. Since there is no action available to directly interact with the desk lamp, and we have already picked up the alarm clock, the next logical step would be to position it correctly. The most appropriate action from the admissible actions is to put the alarm clock in/on shelf 1, which might be the place where the desk lamp is located or from where the desk lamp could be reachable.

The Most Appropriate Action: (20): put alarmclock 2 in/on shelf 1

Please summarize the context by following above examples when providing the summary, and ensure that only the summary is included, without any extra explanation.

**Summary**

-----------------------------------------------------------------

-----------------------------------------------------------------

Summarization Response:
1. Step Index in the Plan: 5
2. Objects: Alarm Clock, Desk Lamp (not visible)
3. Action: put alarmclock 2 in/on shelf 1

-----------------------------------------------------------------

-----------------------------------------------------------------

Text Observation:Nothing happens.

--------------------------------------------------------------------------------------------------------------------------task: 1---------------------------------------------------------
--------------------------------------------------------------------------------------------------------------------------------------------------------------------
--------------------------------------------------------------------------------------------------------------------------------------------------------------------
Step:--------------------------------------------------------------------------9-------------------------------------------------------------------------------
----------------------------------------
VLM Prompt:
**Task**  
Please perform as an embodied AI agent. Our final objective is to look at alarmclock under the desklamp. Below is the plan for completing the task, the current observation, alongside historical data and admissible actions for the next step. Please determine the best action for the next step!

**Plan**
Below is a detailed step-by-step plan to complete the task.
1. Find an alarm clock.
2. Pick up the alarm clock.
3. Find a desk lamp.
4. Turn on the desk lamp.
5. Position the alarm clock under the light of the desk lamp.
6. Look at the alarm clock under the desk lamp.

**Current Observation**
Displayed is an image capturing the current position of the agent.
<image>

**History Information**
Displayed are the previous observations with their corresponding actions.
State 1:
1. Step Index in the Plan: 1
2. Objects: Dresser, Drawers, Shelf, Mug
3. Action: go to drawer 1
State 2:
1. Step Index in the Plan: 2
2. Objects: Alarm Clock, Desk Lamp, Laptop, Dresser
3. Action: go to dresser 1
State 4:
1. Step Index in the Plan: 3
2. Objects: Desk, Laptop, CD, Keychain, Credit Card, Pen, (Desk Lamp not visible)
3. Action: use desklamp 1
State 5:
1. Step Index in the Plan: 4
2. Objects: Desk, Various Items, Desk Lamp (not visible)
3. Action: go to shelf 1
State 6:
1. Step Index in the Plan: 2
2. Objects: Dresser, Alarm Clock
3. Action: take alarmclock 2 from shelf 1
State 7:
1. Step Index in the Plan: 5
2. Objects: Alarm Clock, Dresser, Desk Lamp (not in view)
3. Action: go to dresser 1
State 9:
1. Step Index in the Plan: 5
2. Objects: Alarm Clock, Desk Lamp (not visible)
3. Action: put alarmclock 2 in/on shelf 1


**Admissible Actions**
(1): go to bed 1
(2): go to dresser 1
(3): go to drawer 1
(4): go to drawer 2
(5): go to drawer 3
(6): go to drawer 4
(7): go to drawer 5
(8): go to garbagecan 1
(9): go to drawer 6
(10): go to drawer 7
(11): go to drawer 8
(12): go to drawer 9
(13): go to drawer 10
(14): go to shelf 2
(15): go to shelf 3
(16): go to shelf 4
(17): go to shelf 5
(18): go to shelf 6
(19): go to shelf 7
(20): examine alarmclock 2

**Analysis Guideline**
1. Analyze the history and current observation, and then determine our current step in the plan and our current place. 
2. List all visible objects related to the task in the current observation, without summarizing any as "various items."
3. Analyze the objects in the current observation based on the history and the requirements for the current step, and then determine if we can complete the step with the current observation.
4. Analyze and decide on the most appropriate action to take.
5. Summarize the analysis using the following format: "Analysis: [The summarization of the analysis], The Most Appropriate Action: (i which is the integer.): [Selected action]"

**Notes**
1. We must complete each step of the plan in order and cannot skip steps when the previous ones are not finished.
2. For "Go to" actions listed as "go to xxx [n]", interpret this as there are n distinct actions available: "go to xxx 1", "go to xxx 2", ..., "go to xxx n". Select one specific action from these options instead of using "go to xxx [n]".
3. If receptacles such as drawers, cabinets, and so forth are closed in the current observation, we may try to open them.
4. Pay attention to synonyms and ensure clarity in the terms used.
5. We must determine and provide the single action which must be in the **Admissible Actions**.
6. If there is no history available, we are at the first step and the current place is "Unknown".


**Answer**
Please select the most suitable action by following the **Analysis Guideline**, keeping the above **Notes** in mind.
----------------------------------------

----------------------------------------

VLM Response:
Analysis: The current step in the plan is to position the alarm clock under the light of the desk lamp. The historical data shows that the alarm clock has been taken from the shelf, but the desk lamp is not in view in the current observation. The only object related to the task in the current observation is the alarm clock, which we have already picked up. Since the desk lamp is not visible, we cannot complete the current step with the current observation. Therefore, we need to move to a location where the desk lamp is visible. None of the admissible actions directly suggest interacting with the desk lamp or positioning the alarm clock under it. However, we do have actions to "go to dresser 1" which is the last known location where we interacted with the alarm clock and the dresser. We should try moving back to the dresser to see if it gives us a better view of the desk lamp.

The Most Appropriate Action: (2): go to dresser 1

----------------------------------------

----------------------------------------

>>> Refine VLM Response and Get Pure Action: go to dresser 1

----------------------------------------

-----------------------------------------------------------------

Running time: 11.772277355194092 seconds

Total Money: 0

-----------------------------------------------------------------

-----------------------------------------------------------------

Summarization Prompt:
**Context**
Analysis: Since there is no history information, we are at the first step in the plan, which is to find a statue. The current place is unknown. In the current observation, we see a floorlamp next to an armchair with a small table that has a small object on it, which could potentially be the statue we are looking for. Since the plan requires us to find a statue first and it appears there might be one on the table next to the armchair, we should investigate this object to determine if it is the statue we need.
The Most Appropriate Action: (1): go to armchair 1

**Summary**
1. Step Index in the Plan: 1
2. Objects: Floorlamp, Armchair, Small Table, Small Object (potential statue)
3. Action: go to armchair 1

**Context**
Analysis: The current step in the plan is to position the alarm clock under the light of the desk lamp. The historical data shows that the alarm clock has been taken from the shelf, but the desk lamp is not in view in the current observation. The only object related to the task in the current observation is the alarm clock, which we have already picked up. Since the desk lamp is not visible, we cannot complete the current step with the current observation. Therefore, we need to move to a location where the desk lamp is visible. None of the admissible actions directly suggest interacting with the desk lamp or positioning the alarm clock under it. However, we do have actions to "go to dresser 1" which is the last known location where we interacted with the alarm clock and the dresser. We should try moving back to the dresser to see if it gives us a better view of the desk lamp.

The Most Appropriate Action: (2): go to dresser 1

Please summarize the context by following above examples when providing the summary, and ensure that only the summary is included, without any extra explanation.

**Summary**

-----------------------------------------------------------------

-----------------------------------------------------------------

Summarization Response:
1. Step Index in the Plan: Current step unknown
2. Objects: Alarm Clock, Desk Lamp (not in view)
3. Action: go to dresser 1

-----------------------------------------------------------------

-----------------------------------------------------------------

Text Observation:You arrive at loc 1. On the dresser 1, you see a desklamp 1, a laptop 1, a keychain 2, a cd 1, and a pen 1.

-----------------------------------------------------------------