---------------------------------------------------------task: 6---------------------------------------------------------
--------------------------------------------------------------------------------------------------------------------------------------------------------------------
--------------------------------------------------------------------------------------------------------------------------------------------------------------------
Step:--------------------------------------------------------------------------0-------------------------------------------------------------------------------
----------------------------------------
VLM Prompt:
Image1:
<image>
**Instruction**
1. Analyze the provided image to identify all visible household objects, focusing on those relevant to the task description "put some cd on safe."
2. Use the analysis of the image and the task hint "The agent must find an object of the desired type, pick it up, find the correct location to place it, and put it down there." to answer the question: what is the most reasonable action in the choices for the task description "put some cd on safe"?
4. Decide and write the answer using the template: The answer is: (i): <selected_action>, where i is the real number. If there is no desired object in the image, search every place based on **Initial Observation** to find the object. And if no one is exactly correct, choose a similar answer.

**Initial Observation**
You are in the middle of a room. Looking quickly around you, you can see bed (1-2), dresser (1), sidetable (1-2), drawer (1-11), desk (1), garbagecan (1), safe (1)

**Answer Choices**
(1): go to bed 1
(2): go to dresser 1
(3): go to bed 2
(4): go to sidetable 1
(5): go to drawer 1
(6): go to drawer 2
(7): go to sidetable 2
(8): go to drawer 3
(9): go to drawer 4
(10): go to desk 1
(11): go to garbagecan 1
(12): go to drawer 5
(13): go to drawer 6
(14): go to drawer 7
(15): go to drawer 8
(16): go to drawer 9
(17): go to drawer 10
(18): go to drawer 11
(19): go to safe 1

**Answer**
Let's think step by step by following the instructions.
----------------------------------------

----------------------------------------

Original Response:
Firstly, we need to analyze the image to find any CD or objects related to CDs. In this image, we can see the corner of a bed labeled "bed 2" and a sidetable labeled "sidetable 1". On the side table, there is no CD visible. 

Based on the Initial Observation list, we know that there are other objects like dresser, drawers, desk, garbagecan, and safe in the room. Since CDs are usually stored in drawers or on a desk, these locations seem more likely to contain CDs than a bed, sidetable, or garbagecan.

The task description "put some cd on safe" suggests that we first need to find a CD. Therefore, we should look for a CD in the most logical places where they might be stored. The sidetable in the image does not have any CDs, so we can eliminate option (4). The bed is not a typical storage place for CDs, so we can eliminate options (1) and (3). The garbagecan is unlikely to contain CDs that we need to put on the safe, so we can eliminate option (11). The desk could be a potential place to find CDs, so we should consider option (10).

Given that there are multiple drawers and the task does not specify which one to check, we should start with the first drawer and continue searching until we find a CD. Therefore, the most reasonable first action would be to check the first drawer.

The answer is: (5): go to drawer 1. If no CD is found there, we should continue to check the other drawers in numerical order until we locate a CD. Once we have the CD, we would then go to the safe to complete the task.

----------------------------------------

----------------------------------------

>>> Refine Original VLM Response and Get Pure Action: go to drawer 1

----------------------------------------

-----------------------------------------------------------------

Running time: 15.484779596328735 seconds

Total Money: 2.4203800000000006

-----------------------------------------------------------------

-----------------------------------------------------------------

Text Observation:You arrive at loc 4. The drawer 1 is closed. 

--------------------------------------------------------------------------------------------------------------------------task: 6---------------------------------------------------------
--------------------------------------------------------------------------------------------------------------------------------------------------------------------
--------------------------------------------------------------------------------------------------------------------------------------------------------------------
Step:--------------------------------------------------------------------------1-------------------------------------------------------------------------------
----------------------------------------
VLM Prompt:
Image1:
<image>
Image2:
<image>
**Instruction**
1. Analyze the provided image to identify all visible household objects, focusing on those relevant to the task description "put some cd on safe."
2. Use the analysis of the image and the task hint "The agent must find an object of the desired type, pick it up, find the correct location to place it, and put it down there." to answer the question: what is the most reasonable action in the choices for the task description "put some cd on safe"?
4. Decide and write the answer using the template: The answer is: (i): <selected_action>, where i is the real number. If there is no desired object in the image, search every place based on **Initial Observation** to find the object. And if no one is exactly correct, choose a similar answer.

**Initial Observation**
You are in the middle of a room. Looking quickly around you, you can see bed (1-2), dresser (1), sidetable (1-2), drawer (1-11), desk (1), garbagecan (1), safe (1)

**Answer Choices**
(1): go to bed 1
(2): go to dresser 1
(3): go to bed 2
(4): go to sidetable 1
(5): go to drawer 2
(6): go to sidetable 2
(7): go to drawer 3
(8): go to drawer 4
(9): go to desk 1
(10): go to garbagecan 1
(11): go to drawer 5
(12): go to drawer 6
(13): go to drawer 7
(14): go to drawer 8
(15): go to drawer 9
(16): go to drawer 10
(17): go to drawer 11
(18): go to safe 1
(19): open drawer 1
(20): close drawer 1
(21): examine drawer 1

**Answer**
Let's think step by step by following the instructions.
----------------------------------------

----------------------------------------

Original Response:
First, we need to identify all visible household objects. From Image 1, we can see a sidetable and a bed, and from Image 2, we can see a sidetable with drawers, a cellphone, a pencil, and a credit card. There are no CDs visible in either of the images provided.

Next, we consider the task description "put some cd on safe" and the hint to find the correct location to place it. Since we do not see any CDs in the images, we must search other locations based on the Initial Observation list.

Given the task of putting a CD on a safe, it is most likely that the CD would be found within a drawer, as it is a common place to store such items securely. Therefore, the most reasonable action would be to search the drawers.

The answer is: (5): go to drawer 2. If the CD is not found there, continue searching the other drawers in numerical order until the CD is found.

----------------------------------------

----------------------------------------

>>> Refine Original VLM Response and Get Pure Action: go to drawer 2

----------------------------------------

-----------------------------------------------------------------

Running time: 12.918248653411865 seconds

Total Money: 2.4460700000000006

-----------------------------------------------------------------

-----------------------------------------------------------------

Text Observation:You arrive at loc 5. The drawer 2 is closed. 

--------------------------------------------------------------------------------------------------------------------------task: 6---------------------------------------------------------
--------------------------------------------------------------------------------------------------------------------------------------------------------------------
--------------------------------------------------------------------------------------------------------------------------------------------------------------------
Step:--------------------------------------------------------------------------2-------------------------------------------------------------------------------
----------------------------------------
VLM Prompt:
Image1:
<image>
Image2:
<image>
**Instruction**
1. Analyze the provided image to identify all visible household objects, focusing on those relevant to the task description "put some cd on safe."
2. Use the analysis of the image and the task hint "The agent must find an object of the desired type, pick it up, find the correct location to place it, and put it down there." to answer the question: what is the most reasonable action in the choices for the task description "put some cd on safe"?
4. Decide and write the answer using the template: The answer is: (i): <selected_action>, where i is the real number. If there is no desired object in the image, search every place based on **Initial Observation** to find the object. And if no one is exactly correct, choose a similar answer.

**Initial Observation**
You are in the middle of a room. Looking quickly around you, you can see bed (1-2), dresser (1), sidetable (1-2), drawer (1-11), desk (1), garbagecan (1), safe (1)

**Answer Choices**
(1): go to bed 1
(2): go to dresser 1
(3): go to bed 2
(4): go to sidetable 1
(5): go to sidetable 2
(6): go to drawer 3
(7): go to drawer 4
(8): go to desk 1
(9): go to garbagecan 1
(10): go to drawer 5
(11): go to drawer 6
(12): go to drawer 7
(13): go to drawer 8
(14): go to drawer 9
(15): go to drawer 10
(16): go to drawer 11
(17): go to safe 1
(18): open drawer 2
(19): close drawer 2
(20): examine drawer 2

**Answer**
Let's think step by step by following the instructions.
----------------------------------------

----------------------------------------

Original Response:
The task is to "put some cd on safe," so we need to find a CD first. The image provided shows a sidetable with two drawers, but no CDs are visible on the sidetable or in the open drawer. Since the CD is not visible in the image, we must search every place based on the Initial Observation to find the object.

Based on the Initial Observation, there are several places where a CD could be, such as the dresser, drawers, or desk. The safe is mentioned at the end of the list, which is where we eventually want to place the CD. However, we first need to find the CD before we can put it in the safe.

None of the answer choices directly suggest finding a CD, but some choices are about going to or examining locations where a CD might be found. Since drawers are common storage places for small items like CDs, and drawer 2 is already open in the image, it would be reasonable to examine this drawer further to see if a CD is inside.

The answer is: (20): examine drawer 2.

----------------------------------------

----------------------------------------

>>> Refine Original VLM Response and Get Pure Action: examine drawer 2

----------------------------------------

-----------------------------------------------------------------

Running time: 11.681113243103027 seconds

Total Money: 2.4722400000000007

-----------------------------------------------------------------

-----------------------------------------------------------------

Text Observation:On the drawer 2, you see a pillow 1, a cellphone 1, a cellphone 2, a creditcard 1, and a pencil 1.

--------------------------------------------------------------------------------------------------------------------------task: 6---------------------------------------------------------
--------------------------------------------------------------------------------------------------------------------------------------------------------------------
--------------------------------------------------------------------------------------------------------------------------------------------------------------------
Step:--------------------------------------------------------------------------3-------------------------------------------------------------------------------
----------------------------------------
VLM Prompt:
Image1:
<image>
Image2:
<image>
**Instruction**
1. Analyze the provided image to identify all visible household objects, focusing on those relevant to the task description "put some cd on safe."
2. Use the analysis of the image and the task hint "The agent must find an object of the desired type, pick it up, find the correct location to place it, and put it down there." to answer the question: what is the most reasonable action in the choices for the task description "put some cd on safe"?
4. Decide and write the answer using the template: The answer is: (i): <selected_action>, where i is the real number. If there is no desired object in the image, search every place based on **Initial Observation** to find the object. And if no one is exactly correct, choose a similar answer.

**Initial Observation**
You are in the middle of a room. Looking quickly around you, you can see bed (1-2), dresser (1), sidetable (1-2), drawer (1-11), desk (1), garbagecan (1), safe (1)

**Answer Choices**
(1): go to bed 1
(2): go to dresser 1
(3): go to bed 2
(4): go to sidetable 1
(5): go to sidetable 2
(6): go to drawer 3
(7): go to drawer 4
(8): go to desk 1
(9): go to garbagecan 1
(10): go to drawer 5
(11): go to drawer 6
(12): go to drawer 7
(13): go to drawer 8
(14): go to drawer 9
(15): go to drawer 10
(16): go to drawer 11
(17): go to safe 1
(18): open drawer 2
(19): close drawer 2
(20): take pillow 1 from drawer 2
(21): take cellphone 1 from drawer 2
(22): take cellphone 2 from drawer 2
(23): take creditcard 1 from drawer 2
(24): take pencil 1 from drawer 2

**Answer**
Let's think step by step by following the instructions.
----------------------------------------

----------------------------------------

Original Response:
The task description is "put some cd on safe," which implies that the agent needs to find a CD and place it on the safe. 

Looking at the initial observation, there is a safe (1) mentioned, but CDs are not explicitly listed in the visible objects. 

From the provided images, there are no visible CDs on the sidetable, bed, or inside the open drawer. The images are identical and do not provide any additional information about the location of a CD.

Since the task is to place a CD on the safe and we do not see any CD in the images, the next reasonable action would be to search for the CD in the locations that have not been checked yet, based on the initial observation.

The answer is: (17): go to safe 1.

----------------------------------------

----------------------------------------

>>> Refine Original VLM Response and Get Pure Action: go to safe 1

----------------------------------------

-----------------------------------------------------------------

Running time: 7.866940498352051 seconds

Total Money: 2.4972000000000008

-----------------------------------------------------------------

-----------------------------------------------------------------

Text Observation:You arrive at loc 18. The safe 1 is closed. 

--------------------------------------------------------------------------------------------------------------------------task: 6---------------------------------------------------------
--------------------------------------------------------------------------------------------------------------------------------------------------------------------
--------------------------------------------------------------------------------------------------------------------------------------------------------------------
Step:--------------------------------------------------------------------------4-------------------------------------------------------------------------------
----------------------------------------
VLM Prompt:
Image1:
<image>
Image2:
<image>
**Instruction**
1. Analyze the provided image to identify all visible household objects, focusing on those relevant to the task description "put some cd on safe."
2. Use the analysis of the image and the task hint "The agent must find an object of the desired type, pick it up, find the correct location to place it, and put it down there." to answer the question: what is the most reasonable action in the choices for the task description "put some cd on safe"?
4. Decide and write the answer using the template: The answer is: (i): <selected_action>, where i is the real number. If there is no desired object in the image, search every place based on **Initial Observation** to find the object. And if no one is exactly correct, choose a similar answer.

**Initial Observation**
You are in the middle of a room. Looking quickly around you, you can see bed (1-2), dresser (1), sidetable (1-2), drawer (1-11), desk (1), garbagecan (1), safe (1)

**Answer Choices**
(1): go to bed 1
(2): go to dresser 1
(3): go to bed 2
(4): go to sidetable 1
(5): go to drawer 1
(6): go to sidetable 2
(7): go to drawer 3
(8): go to drawer 4
(9): go to desk 1
(10): go to garbagecan 1
(11): go to drawer 5
(12): go to drawer 6
(13): go to drawer 7
(14): go to drawer 8
(15): go to drawer 9
(16): go to drawer 10
(17): go to drawer 11
(18): open safe 1
(19): close safe 1
(20): examine safe 1

**Answer**
Let's think step by step by following the instructions.
----------------------------------------

----------------------------------------

Original Response:
The task is to "put some cd on safe." From Image2, we can see that there is a cd labeled 'cd 1' on the dresser. Since the cd is already visible and identifiable, there is no need to search other places based on the Initial Observation.

The most reasonable action from the choices to accomplish the task would be to go to the dresser where the cd is located, pick it up, and then put it on the safe. Therefore, the correct action to take first is to go to the dresser.

The answer is: (2): go to dresser 1

----------------------------------------

----------------------------------------

>>> Refine Original VLM Response and Get Pure Action: go to dresser 1

----------------------------------------

-----------------------------------------------------------------

Running time: 6.511282444000244 seconds

Total Money: 2.5204300000000006

-----------------------------------------------------------------

-----------------------------------------------------------------

Text Observation:You arrive at loc 1. On the dresser 1, you see a bowl 1, a mug 1, a cd 1, and a pen 1.

--------------------------------------------------------------------------------------------------------------------------task: 6---------------------------------------------------------
--------------------------------------------------------------------------------------------------------------------------------------------------------------------
--------------------------------------------------------------------------------------------------------------------------------------------------------------------
Step:--------------------------------------------------------------------------5-------------------------------------------------------------------------------
----------------------------------------
VLM Prompt:
Image1:
<image>
Image2:
<image>
**Instruction**
1. Analyze the provided image to identify all visible household objects, focusing on those relevant to the task description "put some cd on safe."
2. Use the analysis of the image and the task hint "The agent must find an object of the desired type, pick it up, find the correct location to place it, and put it down there." to answer the question: what is the most reasonable action in the choices for the task description "put some cd on safe"?
4. Decide and write the answer using the template: The answer is: (i): <selected_action>, where i is the real number. If there is no desired object in the image, search every place based on **Initial Observation** to find the object. And if no one is exactly correct, choose a similar answer.

**Initial Observation**
You are in the middle of a room. Looking quickly around you, you can see bed (1-2), dresser (1), sidetable (1-2), drawer (1-11), desk (1), garbagecan (1), safe (1)

**Answer Choices**
(1): go to bed 1
(2): go to bed 2
(3): go to sidetable 1
(4): go to drawer 1
(5): go to drawer 2
(6): go to sidetable 2
(7): go to drawer 3
(8): go to drawer 4
(9): go to desk 1
(10): go to garbagecan 1
(11): go to drawer 5
(12): go to drawer 6
(13): go to drawer 7
(14): go to drawer 8
(15): go to drawer 9
(16): go to drawer 10
(17): go to drawer 11
(18): take bowl 1 from dresser 1
(19): take mug 1 from dresser 1
(20): take cd 1 from dresser 1
(21): take pen 1 from dresser 1
(22): examine dresser 1

**Answer**
Let's think step by step by following the instructions.
----------------------------------------

----------------------------------------

Original Response:
The task is to "put some cd on safe." From the initial observation, we know there is a safe (1) in the room. Looking at both images provided, we can see a cd labeled "cd 1" on the dresser next to the safe. Therefore, the most reasonable action to complete the task is to take the cd from the dresser and put it on the safe.

The answer is: (20): take cd 1 from dresser 1.

----------------------------------------

----------------------------------------

>>> Refine Original VLM Response and Get Pure Action: take cd 1 from dresser 1

----------------------------------------

-----------------------------------------------------------------

Running time: 5.017916917800903 seconds

Total Money: 2.5432600000000005

-----------------------------------------------------------------

-----------------------------------------------------------------

Text Observation:You pick up the cd 1 from the dresser 1.

--------------------------------------------------------------------------------------------------------------------------task: 6---------------------------------------------------------
--------------------------------------------------------------------------------------------------------------------------------------------------------------------
--------------------------------------------------------------------------------------------------------------------------------------------------------------------
Step:--------------------------------------------------------------------------6-------------------------------------------------------------------------------
----------------------------------------
VLM Prompt:
Image1:
<image>
Image2:
<image>
**Instruction**
1. Analyze the provided image to identify all visible household objects, focusing on those relevant to the task description "put some cd on safe."
2. Use the analysis of the image and the task hint "The agent must find an object of the desired type, pick it up, find the correct location to place it, and put it down there." to answer the question: what is the most reasonable action in the choices for the task description "put some cd on safe"?
4. Decide and write the answer using the template: The answer is: (i): <selected_action>, where i is the real number. If there is no desired object in the image, search every place based on **Initial Observation** to find the object. And if no one is exactly correct, choose a similar answer.

**Initial Observation**
You are in the middle of a room. Looking quickly around you, you can see bed (1-2), dresser (1), sidetable (1-2), drawer (1-11), desk (1), garbagecan (1), safe (1)

**Answer Choices**
(1): go to bed 1
(2): go to bed 2
(3): go to sidetable 1
(4): go to drawer 1
(5): go to drawer 2
(6): go to sidetable 2
(7): go to drawer 3
(8): go to drawer 4
(9): go to desk 1
(10): go to garbagecan 1
(11): go to drawer 5
(12): go to drawer 6
(13): go to drawer 7
(14): go to drawer 8
(15): go to drawer 9
(16): go to drawer 10
(17): go to drawer 11
(18): put cd 1 in/on dresser 1
(19): examine cd 1
(20): examine dresser 1

**Answer**
Let's think step by step by following the instructions.
----------------------------------------

----------------------------------------

Original Response:
First, we need to identify all visible household objects relevant to the task "put some cd on safe." In Image 1, we can see a safe (safe 1), a dresser (dresser 1), a bowl (bowl 1), a pen (pen 1), a mug (mug 1), and a CD (cd 1) on drawer 9. In Image 2, we can see the same objects, but the CD is now on the floor.

The task description "put some cd on safe" suggests that we need to find a CD and place it on the safe. Since we can see a CD (cd 1) in both images, we do not need to search every place based on Initial Observation.

The most reasonable action would be to pick up the CD from its current location and then put it on the safe. However, none of the given answer choices directly describe this action. The closest action that aligns with the task is to examine the CD and then the dresser, as this could initiate the process of picking up the CD. Since the CD is on or near the dresser, examining the dresser could also imply the intention to interact with objects on or in it.

Therefore, the answer is: (19): examine cd 1.

----------------------------------------

----------------------------------------

>>> Refine Original VLM Response and Get Pure Action: No action

----------------------------------------

-----------------------------------------------------------------

Running time: 11.455202341079712 seconds

Total Money: 2.5708300000000004

-----------------------------------------------------------------

-----------------------------------------------------------------

Text Observation:Nothing happens.

--------------------------------------------------------------------------------------------------------------------------task: 6---------------------------------------------------------
--------------------------------------------------------------------------------------------------------------------------------------------------------------------
--------------------------------------------------------------------------------------------------------------------------------------------------------------------
Step:--------------------------------------------------------------------------7-------------------------------------------------------------------------------
----------------------------------------
VLM Prompt:
Image1:
<image>
Image2:
<image>
**Instruction**
1. Analyze the provided image to identify all visible household objects, focusing on those relevant to the task description "put some cd on safe."
2. Use the analysis of the image and the task hint "The agent must find an object of the desired type, pick it up, find the correct location to place it, and put it down there." to answer the question: what is the most reasonable action in the choices for the task description "put some cd on safe"?
4. Decide and write the answer using the template: The answer is: (i): <selected_action>, where i is the real number. If there is no desired object in the image, search every place based on **Initial Observation** to find the object. And if no one is exactly correct, choose a similar answer.

**Initial Observation**
You are in the middle of a room. Looking quickly around you, you can see bed (1-2), dresser (1), sidetable (1-2), drawer (1-11), desk (1), garbagecan (1), safe (1)

**Answer Choices**
(1): go to bed 1
(2): go to bed 2
(3): go to sidetable 1
(4): go to drawer 1
(5): go to drawer 2
(6): go to sidetable 2
(7): go to drawer 3
(8): go to drawer 4
(9): go to desk 1
(10): go to garbagecan 1
(11): go to drawer 5
(12): go to drawer 6
(13): go to drawer 7
(14): go to drawer 8
(15): go to drawer 9
(16): go to drawer 10
(17): go to drawer 11
(18): go to safe 1
(19): put cd 1 in/on dresser 1
(20): examine cd 1
(21): examine dresser 1

**Answer**
Let's think step by step by following the instructions.
----------------------------------------

----------------------------------------

Original Response:
First, analyze the image to identify all visible household objects related to the task description "put some cd on safe." In the image, we can see a cd labeled "cd 1" located in the open drawer labeled "drawer 6."

Next, use the analysis of the image and the task hint to decide on the most reasonable action for the task description. The task hint indicates that the agent must find an object of the desired type (a cd), pick it up, find the correct location to place it (the safe), and put it down there.

Based on the **Initial Observation**, we know the location of the safe is labeled "safe 1." Since the cd is already visible in the image, the next logical step would be to pick it up and place it on the safe.

Among the answer choices, the only action that involves interacting with the cd and the safe is:

(19): put cd 1 in/on dresser 1

However, the correct location is not the dresser but the safe. Since there is no option to put the cd on the safe, and the instructions state that if no one is exactly correct, choose a similar answer, we will select the closest action related to the task which would be to pick up the cd from the drawer.

Considering this, the most reasonable action in the choices for the task description would be to go to the drawer that contains the cd:

The answer is: (12): go to drawer 6

----------------------------------------

----------------------------------------

>>> Refine Original VLM Response and Get Pure Action: go to drawer 6

----------------------------------------

-----------------------------------------------------------------

Running time: 22.503408670425415 seconds

Total Money: 2.5995100000000004

-----------------------------------------------------------------

-----------------------------------------------------------------

Text Observation:You arrive at loc 12. The drawer 6 is closed. 

--------------------------------------------------------------------------------------------------------------------------task: 6---------------------------------------------------------
--------------------------------------------------------------------------------------------------------------------------------------------------------------------
--------------------------------------------------------------------------------------------------------------------------------------------------------------------
Step:--------------------------------------------------------------------------8-------------------------------------------------------------------------------
----------------------------------------
VLM Prompt:
Image1:
<image>
Image2:
<image>
**Instruction**
1. Analyze the provided image to identify all visible household objects, focusing on those relevant to the task description "put some cd on safe."
2. Use the analysis of the image and the task hint "The agent must find an object of the desired type, pick it up, find the correct location to place it, and put it down there." to answer the question: what is the most reasonable action in the choices for the task description "put some cd on safe"?
4. Decide and write the answer using the template: The answer is: (i): <selected_action>, where i is the real number. If there is no desired object in the image, search every place based on **Initial Observation** to find the object. And if no one is exactly correct, choose a similar answer.

**Initial Observation**
You are in the middle of a room. Looking quickly around you, you can see bed (1-2), dresser (1), sidetable (1-2), drawer (1-11), desk (1), garbagecan (1), safe (1)

**Answer Choices**
(1): go to bed 1
(2): go to dresser 1
(3): go to bed 2
(4): go to sidetable 1
(5): go to drawer 1
(6): go to drawer 2
(7): go to sidetable 2
(8): go to drawer 3
(9): go to drawer 4
(10): go to desk 1
(11): go to garbagecan 1
(12): go to drawer 5
(13): go to drawer 7
(14): go to drawer 8
(15): go to drawer 9
(16): go to drawer 10
(17): go to drawer 11
(18): go to safe 1
(19): open drawer 6
(20): close drawer 6
(21): put cd 1 in/on drawer 6
(22): examine cd 1
(23): examine drawer 6

**Answer**
Let's think step by step by following the instructions.
----------------------------------------

----------------------------------------

Original Response:
First, we need to identify all visible household objects relevant to the task "put some cd on safe." In Image 1, we can see a cd labeled "cd 1" on the floor near the dresser, and a safe labeled "safe 1" on top of the dresser. In Image 2, we see the same cd "cd 1" on the floor near the desk, but the safe is not visible from this angle.

The task hint suggests that the agent needs to find the object of the desired type, which in this case is a cd. The cd is already identified as "cd 1" in both images. The next step is to find the correct location to place it, which is the safe labeled "safe 1" visible in Image 1.

Based on the Initial Observation, we know that the safe is located on dresser 1. Therefore, the most reasonable action would be to go to the cd, pick it up, and then go to the safe to place it there.

Since the answer choices do not include actions like picking up the cd or placing it on the safe, we must choose the closest action to begin the task. The answer that aligns with this is:

The answer is: (2): go to dresser 1

----------------------------------------

----------------------------------------

>>> Refine Original VLM Response and Get Pure Action: go to dresser 1

----------------------------------------

-----------------------------------------------------------------

Running time: 12.548288822174072 seconds

Total Money: 2.6272400000000005

-----------------------------------------------------------------

-----------------------------------------------------------------

Text Observation:You arrive at loc 1. On the dresser 1, you see a bowl 1, a mug 1, and a pen 1.

--------------------------------------------------------------------------------------------------------------------------task: 6---------------------------------------------------------
--------------------------------------------------------------------------------------------------------------------------------------------------------------------
--------------------------------------------------------------------------------------------------------------------------------------------------------------------
Step:--------------------------------------------------------------------------9-------------------------------------------------------------------------------
----------------------------------------
VLM Prompt:
Image1:
<image>
Image2:
<image>
**Instruction**
1. Analyze the provided image to identify all visible household objects, focusing on those relevant to the task description "put some cd on safe."
2. Use the analysis of the image and the task hint "The agent must find an object of the desired type, pick it up, find the correct location to place it, and put it down there." to answer the question: what is the most reasonable action in the choices for the task description "put some cd on safe"?
4. Decide and write the answer using the template: The answer is: (i): <selected_action>, where i is the real number. If there is no desired object in the image, search every place based on **Initial Observation** to find the object. And if no one is exactly correct, choose a similar answer.

**Initial Observation**
You are in the middle of a room. Looking quickly around you, you can see bed (1-2), dresser (1), sidetable (1-2), drawer (1-11), desk (1), garbagecan (1), safe (1)

**Answer Choices**
(1): go to bed 1
(2): go to bed 2
(3): go to sidetable 1
(4): go to drawer 1
(5): go to drawer 2
(6): go to sidetable 2
(7): go to drawer 3
(8): go to drawer 4
(9): go to desk 1
(10): go to garbagecan 1
(11): go to drawer 5
(12): go to drawer 7
(13): go to drawer 8
(14): go to drawer 9
(15): go to drawer 10
(16): go to drawer 11
(17): go to safe 1
(18): put cd 1 in/on dresser 1
(19): examine cd 1
(20): examine dresser 1

**Answer**
Let's think step by step by following the instructions.
----------------------------------------

----------------------------------------

Original Response:
First, we analyze the provided images to identify all visible household objects relevant to the task description "put some cd on safe." In Image1, we can see a cd labeled "cd 1" on the ground next to the desk labeled "desk 1." In Image2, we can see the same cd on the ground and the safe labeled "safe 1" on top of "dresser 1." 

Based on the task hint, the agent must pick up the cd and put it on the safe. Since we have already located "cd 1" and "safe 1," the most reasonable action would be to pick up "cd 1" and place it on "safe 1."

The answer is: (17): go to safe 1. 

Once the agent is at the safe, the next reasonable action would be to pick up the cd and place it on the safe, but since that option is not listed, the closest action to continue the task is to go to the safe first.

----------------------------------------

----------------------------------------

>>> Refine Original VLM Response and Get Pure Action: go to safe 1

----------------------------------------

-----------------------------------------------------------------

Running time: 8.545441389083862 seconds

Total Money: 2.6531900000000004

-----------------------------------------------------------------

-----------------------------------------------------------------

Text Observation:You arrive at loc 18. The safe 1 is closed. 

--------------------------------------------------------------------------------------------------------------------------task: 6---------------------------------------------------------
--------------------------------------------------------------------------------------------------------------------------------------------------------------------
--------------------------------------------------------------------------------------------------------------------------------------------------------------------
Step:--------------------------------------------------------------------------10-------------------------------------------------------------------------------
----------------------------------------
VLM Prompt:
Image1:
<image>
Image2:
<image>
**Instruction**
1. Analyze the provided image to identify all visible household objects, focusing on those relevant to the task description "put some cd on safe."
2. Use the analysis of the image and the task hint "The agent must find an object of the desired type, pick it up, find the correct location to place it, and put it down there." to answer the question: what is the most reasonable action in the choices for the task description "put some cd on safe"?
4. Decide and write the answer using the template: The answer is: (i): <selected_action>, where i is the real number. If there is no desired object in the image, search every place based on **Initial Observation** to find the object. And if no one is exactly correct, choose a similar answer.

**Initial Observation**
You are in the middle of a room. Looking quickly around you, you can see bed (1-2), dresser (1), sidetable (1-2), drawer (1-11), desk (1), garbagecan (1), safe (1)

**Answer Choices**
(1): go to bed 1
(2): go to bed 2
(3): go to sidetable 1
(4): go to drawer 1
(5): go to drawer 2
(6): go to sidetable 2
(7): go to drawer 3
(8): go to drawer 4
(9): go to desk 1
(10): go to garbagecan 1
(11): go to drawer 5
(12): go to drawer 7
(13): go to drawer 8
(14): go to drawer 9
(15): go to drawer 10
(16): go to drawer 11
(17): open safe 1
(18): close safe 1
(19): put cd 1 in/on safe 1
(20): examine cd 1
(21): examine safe 1

**Answer**
Let's think step by step by following the instructions.
----------------------------------------

----------------------------------------

Original Response:
The task is to "put some cd on safe." From the image, we can identify "cd 1" as the relevant object to the task, which is located in drawer 9. Therefore, the agent must first go to drawer 9 to pick up the cd.

The answer is: (14): go to drawer 9

----------------------------------------

----------------------------------------

>>> Refine Original VLM Response and Get Pure Action: go to drawer 9

----------------------------------------

-----------------------------------------------------------------

Running time: 6.224764823913574 seconds

Total Money: 2.6750100000000003

-----------------------------------------------------------------

-----------------------------------------------------------------

Text Observation:You arrive at loc 15. The drawer 9 is closed. 

--------------------------------------------------------------------------------------------------------------------------task: 6---------------------------------------------------------
--------------------------------------------------------------------------------------------------------------------------------------------------------------------
--------------------------------------------------------------------------------------------------------------------------------------------------------------------
Step:--------------------------------------------------------------------------11-------------------------------------------------------------------------------
----------------------------------------
VLM Prompt:
Image1:
<image>
Image2:
<image>
**Instruction**
1. Analyze the provided image to identify all visible household objects, focusing on those relevant to the task description "put some cd on safe."
2. Use the analysis of the image and the task hint "The agent must find an object of the desired type, pick it up, find the correct location to place it, and put it down there." to answer the question: what is the most reasonable action in the choices for the task description "put some cd on safe"?
4. Decide and write the answer using the template: The answer is: (i): <selected_action>, where i is the real number. If there is no desired object in the image, search every place based on **Initial Observation** to find the object. And if no one is exactly correct, choose a similar answer.

**Initial Observation**
You are in the middle of a room. Looking quickly around you, you can see bed (1-2), dresser (1), sidetable (1-2), drawer (1-11), desk (1), garbagecan (1), safe (1)

**Answer Choices**
(1): go to bed 1
(2): go to bed 2
(3): go to sidetable 1
(4): go to drawer 1
(5): go to drawer 2
(6): go to sidetable 2
(7): go to drawer 3
(8): go to drawer 4
(9): go to desk 1
(10): go to garbagecan 1
(11): go to drawer 5
(12): go to drawer 6
(13): go to drawer 7
(14): go to drawer 8
(15): go to drawer 10
(16): go to drawer 11
(17): open drawer 9
(18): close drawer 9
(19): put cd 1 in/on drawer 9
(20): examine cd 1
(21): examine drawer 9

**Answer**
Let's think step by step by following the instructions.
----------------------------------------

----------------------------------------

Original Response:
First, we need to identify all visible household objects. In the image, we can see a safe labeled "safe 1," a bowl labeled "bowl 1," a pen labeled "pen 1," a mug labeled "mug 1," a dresser labeled "dresser 1," and a CD labeled "cd 1" visible in an open drawer labeled "drawer 9."

For the task "put some cd on safe," we need to find a CD and place it on the safe. The CD is already visible in drawer 9, so we do not need to search other locations.

Based on the task hint, we need to pick up the CD and find the correct location (the safe) to place it.

Considering the options provided, the most reasonable action to perform the task "put some cd on safe" is to first take the CD from its current location. The action that represents this step is (17): open drawer 9 (to make sure it is fully open for access), and then we would need an action to pick up the CD, but since that option is not available, we will select the next closest action that acknowledges the CD's presence.

The answer is: (17): open drawer 9.

----------------------------------------

----------------------------------------

>>> Refine Original VLM Response and Get Pure Action: open drawer 9

----------------------------------------

-----------------------------------------------------------------

Running time: 21.80672287940979 seconds

Total Money: 2.7023800000000002

-----------------------------------------------------------------

-----------------------------------------------------------------

Text Observation:You open the drawer 9. The drawer 9 is open. In it, you see a bowl 1, a mug 1, and a pen 1.

--------------------------------------------------------------------------------------------------------------------------task: 6---------------------------------------------------------
--------------------------------------------------------------------------------------------------------------------------------------------------------------------
--------------------------------------------------------------------------------------------------------------------------------------------------------------------
Step:--------------------------------------------------------------------------12-------------------------------------------------------------------------------
----------------------------------------
VLM Prompt:
Image1:
<image>
Image2:
<image>
**Instruction**
1. Analyze the provided image to identify all visible household objects, focusing on those relevant to the task description "put some cd on safe."
2. Use the analysis of the image and the task hint "The agent must find an object of the desired type, pick it up, find the correct location to place it, and put it down there." to answer the question: what is the most reasonable action in the choices for the task description "put some cd on safe"?
4. Decide and write the answer using the template: The answer is: (i): <selected_action>, where i is the real number. If there is no desired object in the image, search every place based on **Initial Observation** to find the object. And if no one is exactly correct, choose a similar answer.

**Initial Observation**
You are in the middle of a room. Looking quickly around you, you can see bed (1-2), dresser (1), sidetable (1-2), drawer (1-11), desk (1), garbagecan (1), safe (1)

**Answer Choices**
(1): go to bed 1
(2): go to dresser 1
(3): go to bed 2
(4): go to sidetable 1
(5): go to drawer 1
(6): go to drawer 2
(7): go to sidetable 2
(8): go to drawer 3
(9): go to drawer 4
(10): go to desk 1
(11): go to garbagecan 1
(12): go to drawer 5
(13): go to drawer 6
(14): go to drawer 7
(15): go to drawer 8
(16): go to drawer 10
(17): go to drawer 11
(18): close drawer 9
(19): put cd 1 in/on drawer 9
(20): examine cd 1
(21): examine drawer 9

**Answer**
Let's think step by step by following the instructions.
----------------------------------------

----------------------------------------

Original Response:
First, we need to identify all visible household objects in the image relevant to the task "put some cd on safe." In both images, we can see a cd labeled "cd 1" partially inside an open drawer labeled "drawer 9." There is also a safe labeled "safe 1" on the left side of the dresser. Given the task description, "put some cd on safe," the most reasonable action would be to pick up the cd from the drawer and place it on the safe.

Now reviewing the answer choices, there is no direct action to pick up the cd listed. However, we can see an action to close the drawer where the cd is partially inserted. If the drawer is closed, the cd may end up on top of the dresser, near the safe, making it easier to then put the cd on the safe. Therefore, the most reasonable action from the choices provided is to close drawer 9 to potentially move the cd closer to the safe, considering no direct action to pick up the cd is available.

The answer is: (18): close drawer 9.

----------------------------------------

----------------------------------------

>>> Refine Original VLM Response and Get Pure Action: close drawer 9

----------------------------------------

-----------------------------------------------------------------

Running time: 10.910151720046997 seconds

Total Money: 2.7288

-----------------------------------------------------------------

-----------------------------------------------------------------

Text Observation:You close the drawer 9.

--------------------------------------------------------------------------------------------------------------------------task: 6---------------------------------------------------------
--------------------------------------------------------------------------------------------------------------------------------------------------------------------
--------------------------------------------------------------------------------------------------------------------------------------------------------------------
Step:--------------------------------------------------------------------------13-------------------------------------------------------------------------------
----------------------------------------
VLM Prompt:
Image1:
<image>
Image2:
<image>
**Instruction**
1. Analyze the provided image to identify all visible household objects, focusing on those relevant to the task description "put some cd on safe."
2. Use the analysis of the image and the task hint "The agent must find an object of the desired type, pick it up, find the correct location to place it, and put it down there." to answer the question: what is the most reasonable action in the choices for the task description "put some cd on safe"?
4. Decide and write the answer using the template: The answer is: (i): <selected_action>, where i is the real number. If there is no desired object in the image, search every place based on **Initial Observation** to find the object. And if no one is exactly correct, choose a similar answer.

**Initial Observation**
You are in the middle of a room. Looking quickly around you, you can see bed (1-2), dresser (1), sidetable (1-2), drawer (1-11), desk (1), garbagecan (1), safe (1)

**Answer Choices**
(1): go to bed 1
(2): go to dresser 1
(3): go to bed 2
(4): go to sidetable 1
(5): go to drawer 1
(6): go to drawer 2
(7): go to sidetable 2
(8): go to drawer 3
(9): go to drawer 4
(10): go to desk 1
(11): go to garbagecan 1
(12): go to drawer 5
(13): go to drawer 6
(14): go to drawer 7
(15): go to drawer 8
(16): go to drawer 10
(17): go to drawer 11
(18): go to safe 1
(19): put cd 1 in/on drawer 9
(20): examine cd 1
(21): examine drawer 9

**Answer**
Let's think step by step by following the instructions.
----------------------------------------

----------------------------------------

Original Response:
The task is to "put some cd on safe." From the initial observation, we know there is a safe (1) in the room. Analyzing the image, we can see a cd labeled "cd 1" on top of drawer 9 near the bottom of the dresser labeled "dresser 1." Based on the task description, the agent must pick up the cd and place it on the safe.

The most reasonable action from the choices given would be to first go to the location of the cd, which is on drawer 9 of dresser 1. However, there is no option to pick up the cd directly. The closest action that implies interaction with the cd is to "examine cd 1," which could be the first step in picking it up. Once the cd is examined (and presumably picked up), the agent can then go to the safe to complete the task.

The answer is: (20): examine cd 1.

----------------------------------------

----------------------------------------

>>> Refine Original VLM Response and Get Pure Action: examine cd 1

----------------------------------------

-----------------------------------------------------------------

Running time: 17.404245138168335 seconds

Total Money: 2.75439

-----------------------------------------------------------------

-----------------------------------------------------------------

Text Observation:This is a normal cd 1

--------------------------------------------------------------------------------------------------------------------------task: 6---------------------------------------------------------
--------------------------------------------------------------------------------------------------------------------------------------------------------------------
--------------------------------------------------------------------------------------------------------------------------------------------------------------------
Step:--------------------------------------------------------------------------14-------------------------------------------------------------------------------
----------------------------------------
VLM Prompt:
Image1:
<image>
Image2:
<image>
**Instruction**
1. Analyze the provided image to identify all visible household objects, focusing on those relevant to the task description "put some cd on safe."
2. Use the analysis of the image and the task hint "The agent must find an object of the desired type, pick it up, find the correct location to place it, and put it down there." to answer the question: what is the most reasonable action in the choices for the task description "put some cd on safe"?
4. Decide and write the answer using the template: The answer is: (i): <selected_action>, where i is the real number. If there is no desired object in the image, search every place based on **Initial Observation** to find the object. And if no one is exactly correct, choose a similar answer.

**Initial Observation**
You are in the middle of a room. Looking quickly around you, you can see bed (1-2), dresser (1), sidetable (1-2), drawer (1-11), desk (1), garbagecan (1), safe (1)

**Answer Choices**
(1): go to bed 1
(2): go to dresser 1
(3): go to bed 2
(4): go to sidetable 1
(5): go to drawer 1
(6): go to drawer 2
(7): go to sidetable 2
(8): go to drawer 3
(9): go to drawer 4
(10): go to desk 1
(11): go to garbagecan 1
(12): go to drawer 5
(13): go to drawer 6
(14): go to drawer 7
(15): go to drawer 8
(16): go to drawer 10
(17): go to drawer 11
(18): go to safe 1
(19): put cd 1 in/on drawer 9
(20): examine drawer 9

**Answer**
Let's think step by step by following the instructions.
----------------------------------------

----------------------------------------

Original Response:
Firstly, we need to analyze the image to identify all visible household objects. In the image, we see a safe (safe 1), a dresser (dresser 1), a bowl (bowl 1), a pen (pen 1), a mug (mug 1), and a CD (cd 1) lying on top of a drawer (drawer 9).

The task description is "put some cd on safe." Since we can already see a CD in the image (cd 1), we do not need to search every place. The next reasonable action would be to pick up the CD (cd 1) and then place it on the safe (safe 1). However, among the answer choices, there is no option to pick up the CD. The closest action related to the CD is to examine drawer 9 (where the CD is placed).

Therefore, the most reasonable action from the choices provided for the task at hand would be to examine drawer 9, as it may lead to picking up the CD in the following steps.

The answer is: (20): examine drawer 9.

----------------------------------------

----------------------------------------

>>> Refine Original VLM Response and Get Pure Action: examine drawer 9

----------------------------------------

-----------------------------------------------------------------

Running time: 8.379529476165771 seconds

Total Money: 2.78095

-----------------------------------------------------------------

-----------------------------------------------------------------

Text Observation:On the drawer 9, you see a bowl 1, a mug 1, and a pen 1.

--------------------------------------------------------------------------------------------------------------------------task: 6---------------------------------------------------------
--------------------------------------------------------------------------------------------------------------------------------------------------------------------
--------------------------------------------------------------------------------------------------------------------------------------------------------------------
Step:--------------------------------------------------------------------------15-------------------------------------------------------------------------------
----------------------------------------
VLM Prompt:
Image1:
<image>
Image2:
<image>
**Instruction**
1. Analyze the provided image to identify all visible household objects, focusing on those relevant to the task description "put some cd on safe."
2. Use the analysis of the image and the task hint "The agent must find an object of the desired type, pick it up, find the correct location to place it, and put it down there." to answer the question: what is the most reasonable action in the choices for the task description "put some cd on safe"?
4. Decide and write the answer using the template: The answer is: (i): <selected_action>, where i is the real number. If there is no desired object in the image, search every place based on **Initial Observation** to find the object. And if no one is exactly correct, choose a similar answer.

**Initial Observation**
You are in the middle of a room. Looking quickly around you, you can see bed (1-2), dresser (1), sidetable (1-2), drawer (1-11), desk (1), garbagecan (1), safe (1)

**Answer Choices**
(1): go to bed 1
(2): go to dresser 1
(3): go to bed 2
(4): go to sidetable 1
(5): go to drawer 1
(6): go to drawer 2
(7): go to sidetable 2
(8): go to drawer 3
(9): go to drawer 4
(10): go to desk 1
(11): go to garbagecan 1
(12): go to drawer 5
(13): go to drawer 6
(14): go to drawer 7
(15): go to drawer 8
(16): go to drawer 10
(17): go to drawer 11
(18): go to safe 1
(19): open drawer 9
(20): put cd 1 in/on drawer 9

**Answer**
Let's think step by step by following the instructions.
----------------------------------------

----------------------------------------

Original Response:
First, we analyze the image for all visible household objects related to the task description "put some cd on safe." We can see a cd labeled "cd 1" on the lower part of the dresser.

Next, based on the task hint, the agent must find an object of the desired type, which in this case is a cd. The agent already sees "cd 1," so there is no need to search every place.

Lastly, the agent needs to find the correct location to place it, which is "safe 1" as per the task description. However, before the agent can put the cd on the safe, the agent needs to pick up the cd.

Therefore, the most reasonable action from the choices provided would be to go to the location of the cd to pick it up before placing it on the safe. The cd is in "drawer 9," so the agent should go there.

The answer is: (19): open drawer 9.

----------------------------------------

----------------------------------------

>>> Refine Original VLM Response and Get Pure Action: open drawer 9

----------------------------------------

-----------------------------------------------------------------

Running time: 9.371179103851318 seconds

Total Money: 2.8065499999999997

-----------------------------------------------------------------

-----------------------------------------------------------------

Text Observation:You open the drawer 9. The drawer 9 is open. In it, you see a bowl 1, a mug 1, and a pen 1.

--------------------------------------------------------------------------------------------------------------------------task: 6---------------------------------------------------------
--------------------------------------------------------------------------------------------------------------------------------------------------------------------
--------------------------------------------------------------------------------------------------------------------------------------------------------------------
Step:--------------------------------------------------------------------------16-------------------------------------------------------------------------------
----------------------------------------
VLM Prompt:
Image1:
<image>
Image2:
<image>
**Instruction**
1. Analyze the provided image to identify all visible household objects, focusing on those relevant to the task description "put some cd on safe."
2. Use the analysis of the image and the task hint "The agent must find an object of the desired type, pick it up, find the correct location to place it, and put it down there." to answer the question: what is the most reasonable action in the choices for the task description "put some cd on safe"?
4. Decide and write the answer using the template: The answer is: (i): <selected_action>, where i is the real number. If there is no desired object in the image, search every place based on **Initial Observation** to find the object. And if no one is exactly correct, choose a similar answer.

**Initial Observation**
You are in the middle of a room. Looking quickly around you, you can see bed (1-2), dresser (1), sidetable (1-2), drawer (1-11), desk (1), garbagecan (1), safe (1)

**Answer Choices**
(1): go to bed 1
(2): go to dresser 1
(3): go to bed 2
(4): go to sidetable 1
(5): go to drawer 1
(6): go to drawer 2
(7): go to sidetable 2
(8): go to drawer 3
(9): go to drawer 4
(10): go to desk 1
(11): go to garbagecan 1
(12): go to drawer 5
(13): go to drawer 6
(14): go to drawer 7
(15): go to drawer 8
(16): go to drawer 10
(17): go to drawer 11
(18): go to safe 1
(19): close drawer 9
(20): put cd 1 in/on drawer 9

**Answer**
Let's think step by step by following the instructions.
----------------------------------------

----------------------------------------

Original Response:
First, we need to identify all visible household objects related to the task "put some cd on safe." In the images, we can see a CD labeled "cd 1" which is placed on drawer 9, and there is a safe labeled "safe 1."

Next, based on the task hint, we need to pick up the CD and find the correct location to place it, which is on the safe.

Among the answer choices, the most reasonable action to accomplish the task is to go to the safe since we have already identified the CD and its location. However, before we can put the CD on the safe, we need to pick it up from drawer 9.

Therefore, the correct sequence of actions would be:
- Go to drawer 9 (where the CD is located)
- Pick up the CD
- Go to safe 1
- Put the CD on safe 1

However, the provided answer choices do not include an option to pick up the CD. The closest action related to interacting with the CD and the drawer is "close drawer 9," but this does not achieve the task goal.

Given the constraints, the most reasonable action from the choices provided would be to close drawer 9, as it is the only action related to the CD's current location, and it may imply picking up the CD before closing the drawer.

The answer is: (19): close drawer 9.

----------------------------------------

----------------------------------------

>>> Refine Original VLM Response and Get Pure Action: close drawer 9

----------------------------------------

-----------------------------------------------------------------

Running time: 15.285867929458618 seconds

Total Money: 2.8348799999999996

-----------------------------------------------------------------

-----------------------------------------------------------------

Text Observation:You close the drawer 9.

--------------------------------------------------------------------------------------------------------------------------task: 6---------------------------------------------------------
--------------------------------------------------------------------------------------------------------------------------------------------------------------------
--------------------------------------------------------------------------------------------------------------------------------------------------------------------
Step:--------------------------------------------------------------------------17-------------------------------------------------------------------------------
----------------------------------------
VLM Prompt:
Image1:
<image>
Image2:
<image>
**Instruction**
1. Analyze the provided image to identify all visible household objects, focusing on those relevant to the task description "put some cd on safe."
2. Use the analysis of the image and the task hint "The agent must find an object of the desired type, pick it up, find the correct location to place it, and put it down there." to answer the question: what is the most reasonable action in the choices for the task description "put some cd on safe"?
4. Decide and write the answer using the template: The answer is: (i): <selected_action>, where i is the real number. If there is no desired object in the image, search every place based on **Initial Observation** to find the object. And if no one is exactly correct, choose a similar answer.

**Initial Observation**
You are in the middle of a room. Looking quickly around you, you can see bed (1-2), dresser (1), sidetable (1-2), drawer (1-11), desk (1), garbagecan (1), safe (1)

**Answer Choices**
(1): go to bed 1
(2): go to dresser 1
(3): go to bed 2
(4): go to sidetable 1
(5): go to drawer 1
(6): go to drawer 2
(7): go to sidetable 2
(8): go to drawer 3
(9): go to drawer 4
(10): go to desk 1
(11): go to garbagecan 1
(12): go to drawer 5
(13): go to drawer 6
(14): go to drawer 7
(15): go to drawer 8
(16): go to drawer 10
(17): go to drawer 11
(18): go to safe 1
(19): put cd 1 in/on drawer 9
(20): examine cd 1

**Answer**
Let's think step by step by following the instructions.
----------------------------------------

----------------------------------------

Original Response:
First, we analyze the image to find all visible household objects. We can see a dresser labeled "dresser 1," a safe labeled "safe 1," a bowl labeled "bowl 1," a pen labeled "pen 1," a mug labeled "mug 1," and a CD labeled "cd 1" placed inside an open drawer labeled "drawer 9."

According to the task description "put some cd on safe," we need to find a CD and place it on the safe. In the image, we can clearly see "cd 1," which is the object needed for the task.

The task hint indicates that the agent must pick up the desired object and put it down at the correct location. The correct location in this case is the safe labeled "safe 1."

Based on this information, the most reasonable action from the choices provided would be to first pick up the CD. However, none of the answer choices directly state "pick up cd 1." The closest action that would allow us to eventually put the CD on the safe is to first examine the CD to initiate interaction with it.

Therefore, the answer is: (20): examine cd 1.

----------------------------------------

----------------------------------------

>>> Refine Original VLM Response and Get Pure Action: No action

----------------------------------------

-----------------------------------------------------------------

Running time: 9.86135220527649 seconds

Total Money: 2.8618599999999996

-----------------------------------------------------------------

-----------------------------------------------------------------

Text Observation:Nothing happens.

--------------------------------------------------------------------------------------------------------------------------task: 6---------------------------------------------------------
--------------------------------------------------------------------------------------------------------------------------------------------------------------------
--------------------------------------------------------------------------------------------------------------------------------------------------------------------
Step:--------------------------------------------------------------------------18-------------------------------------------------------------------------------
----------------------------------------
VLM Prompt:
Image1:
<image>
Image2:
<image>
**Instruction**
1. Analyze the provided image to identify all visible household objects, focusing on those relevant to the task description "put some cd on safe."
2. Use the analysis of the image and the task hint "The agent must find an object of the desired type, pick it up, find the correct location to place it, and put it down there." to answer the question: what is the most reasonable action in the choices for the task description "put some cd on safe"?
4. Decide and write the answer using the template: The answer is: (i): <selected_action>, where i is the real number. If there is no desired object in the image, search every place based on **Initial Observation** to find the object. And if no one is exactly correct, choose a similar answer.

**Initial Observation**
You are in the middle of a room. Looking quickly around you, you can see bed (1-2), dresser (1), sidetable (1-2), drawer (1-11), desk (1), garbagecan (1), safe (1)

**Answer Choices**
(1): go to bed 1
(2): go to dresser 1
(3): go to bed 2
(4): go to sidetable 1
(5): go to drawer 1
(6): go to drawer 2
(7): go to sidetable 2
(8): go to drawer 3
(9): go to drawer 4
(10): go to desk 1
(11): go to garbagecan 1
(12): go to drawer 5
(13): go to drawer 6
(14): go to drawer 7
(15): go to drawer 8
(16): go to drawer 10
(17): go to drawer 11
(18): go to safe 1
(19): put cd 1 in/on drawer 9
(20): examine cd 1
(21): examine drawer 9

**Answer**
Let's think step by step by following the instructions.
----------------------------------------

----------------------------------------

Original Response:
First, we identify all visible household objects in the image. We can see a safe (labelled as safe 1), a dresser (labelled as dresser 1), a bowl (labelled as bowl 1), a pen (labelled as pen 1), a mug (labelled as mug 1), and a cd (labelled as cd 1) placed in an open drawer (labelled as drawer 9).

Given the task description "put some cd on safe," and considering the task hint, we need to find the cd and place it on the safe. In the image, we can see cd 1, which is the object of the desired type for this task.

The most reasonable action from the provided choices to complete the task "put some cd on safe" would be to first pick up the cd, which is in drawer 9, and then place it on top of the safe. The action of picking up the cd is not explicitly listed in the choices, but since the cd is already visible in the drawer, the closest action related to handling the cd would be to examine it.

However, the final goal is to put the cd on the safe, and since the cd is already visible and does not need to be searched for, the direct action related to placing the cd on the safe would be the correct choice.

Therefore, the answer is: (18): go to safe 1.

----------------------------------------

----------------------------------------

>>> Refine Original VLM Response and Get Pure Action: No action

----------------------------------------

-----------------------------------------------------------------

Running time: 14.287536144256592 seconds

Total Money: 2.8903299999999996

-----------------------------------------------------------------

-----------------------------------------------------------------

Text Observation:Nothing happens.

--------------------------------------------------------------------------------------------------------------------------task: 6---------------------------------------------------------
--------------------------------------------------------------------------------------------------------------------------------------------------------------------
--------------------------------------------------------------------------------------------------------------------------------------------------------------------
Step:--------------------------------------------------------------------------19-------------------------------------------------------------------------------
----------------------------------------
VLM Prompt:
Image1:
<image>
Image2:
<image>
**Instruction**
1. Analyze the provided image to identify all visible household objects, focusing on those relevant to the task description "put some cd on safe."
2. Use the analysis of the image and the task hint "The agent must find an object of the desired type, pick it up, find the correct location to place it, and put it down there." to answer the question: what is the most reasonable action in the choices for the task description "put some cd on safe"?
4. Decide and write the answer using the template: The answer is: (i): <selected_action>, where i is the real number. If there is no desired object in the image, search every place based on **Initial Observation** to find the object. And if no one is exactly correct, choose a similar answer.

**Initial Observation**
You are in the middle of a room. Looking quickly around you, you can see bed (1-2), dresser (1), sidetable (1-2), drawer (1-11), desk (1), garbagecan (1), safe (1)

**Answer Choices**
(1): go to bed 1
(2): go to dresser 1
(3): go to bed 2
(4): go to sidetable 1
(5): go to drawer 1
(6): go to drawer 2
(7): go to sidetable 2
(8): go to drawer 3
(9): go to drawer 4
(10): go to desk 1
(11): go to garbagecan 1
(12): go to drawer 5
(13): go to drawer 6
(14): go to drawer 7
(15): go to drawer 8
(16): go to drawer 10
(17): go to drawer 11
(18): go to safe 1
(19): open drawer 9
(20): put cd 1 in/on drawer 9
(21): examine cd 1
(22): examine drawer 9

**Answer**
Let's think step by step by following the instructions.
----------------------------------------

----------------------------------------

Original Response:
Firstly, we need to identify all visible household objects related to the task "put some cd on safe." In the image, we can see a safe labeled as "safe 1" and a CD labeled as "cd 1" inside an open drawer labeled "drawer 9."

The task description hints that the agent must find an object of the desired type, which in this case is a CD. The agent has already located a CD in drawer 9. The next step is to find the correct location to place it, which is on the safe. Therefore, the agent needs to pick up the CD from drawer 9 and then go to the safe to place it on top.

Analyzing the answer choices, the most reasonable action to fulfill the task "put some cd on safe" would be to pick up the CD from where it is currently located and then go to the safe to place it there.

The selected action that aligns with this analysis is:
(19): open drawer 9 - This action has already been completed as the drawer is open and the CD is visible.
(21): examine cd 1 - This action is not needed as the CD has already been identified.
(22): examine drawer 9 - This action is not needed as the drawer has already been examined and is open.

Since none of the answer choices exactly describe the action of picking up the CD and placing it on the safe, we must choose the action most similar to it. The closest action is to interact with the drawer that contains the CD.

The answer is: (19): open drawer 9.

----------------------------------------

----------------------------------------

>>> Refine Original VLM Response and Get Pure Action: open drawer 9

----------------------------------------

-----------------------------------------------------------------

Running time: 14.399410963058472 seconds

Total Money: 2.9198999999999997

-----------------------------------------------------------------

-----------------------------------------------------------------

Text Observation:You open the drawer 9. The drawer 9 is open. In it, you see a bowl 1, a mug 1, and a pen 1.

-----------------------------------------------------------------