---------------------------------------------------------task: 3---------------------------------------------------------
--------------------------------------------------------------------------------------------------------------------------------------------------------------------
--------------------------------------------------------------------------------------------------------------------------------------------------------------------
Step:--------------------------------------------------------------------------0-------------------------------------------------------------------------------
----------------------------------------
VLM Prompt:
Image1:
<image>
**Instruction**
1. Analyze the provided images to identify all visible household objects and compare the difference between images (e.h. whether the object is opened or not and taken on hand or not), focusing on those relevant to the task description "examine the plate with the floorlamp."
2. Use the analysis of images and the task hint "The agent must find an object of the desired type, locate and turn on a light source with the desired object in-hand." to answer the question: what is the most reasonable action in the choices for the task description "examine the plate with the floorlamp"?
3. Decide and write the answer using the template: The answer is: (i): <selected_action>, where i is the real number. If there is no desired object in images, search every place based on **Initial Observation** to find the object. And if no one is exactly correct, choose a similar answer.

**Initial Observation**
You are in the middle of a room. Looking quickly around you, you can see armchair (1), garbagecan (1), tvstand (1), shelf (1-5), sofa (1), coffeetable (1), sidetable (1-2), drawer (1)

**Answer Choices**
(1): go to armchair 1
(2): go to garbagecan 1
(3): go to tvstand 1
(4): go to shelf 1
(5): go to shelf 2
(6): go to sofa 1
(7): go to coffeetable 1
(8): go to sidetable 1
(9): go to sidetable 2
(10): go to drawer 1
(11): go to shelf 3
(12): go to shelf 4
(13): go to shelf 5


**Answer**
Let's think step by step by following the instructions.
----------------------------------------

----------------------------------------

Original Response:
Image1:
The image shows a tvstand with a television on it. There is no visible plate or floorlamp in this image. 

Initial Observation:
Based on the initial observation, we are looking for a plate and a floorlamp. The items listed do not include a floorlamp, but it's common for floorlamps to be placed near sofas, armchairs, or sidetables.

Since the task description is "examine the plate with the floorlamp," we need to find the plate first and then locate the floorlamp to turn on the light source. 

The most likely places to find a plate could be on the coffeetable, sidetables, or shelves. Since we need to find the object of the desired type (plate) and turn on a light source (floorlamp), we should check the areas where these objects are most likely to be found.

The answer is: (8): go to sidetable 1. 

This choice is based on the common placement of floorlamps and the potential for a plate to be located on a sidetable. If the plate is not found there, the next reasonable actions would be to check the coffeetable or the shelves.

----------------------------------------

----------------------------------------

>>> Refine Original VLM Response and Get Pure Action: go to sidetable 1

----------------------------------------

-----------------------------------------------------------------

Running time: 36.47993540763855 seconds

Total Money: 0.6315200000000001

-----------------------------------------------------------------

-----------------------------------------------------------------

Text Observation:You arrive at loc 7. On the sidetable 1, you see a floorlamp 1, a pillow 1, a laptop 1, a vase 1, a statue 1, a plate 1, a statue 2, a cellphone 1, a plate 2, a remotecontrol 1, a keychain 1, and a newspaper 1.

--------------------------------------------------------------------------------------------------------------------------task: 3---------------------------------------------------------
--------------------------------------------------------------------------------------------------------------------------------------------------------------------
--------------------------------------------------------------------------------------------------------------------------------------------------------------------
Step:--------------------------------------------------------------------------1-------------------------------------------------------------------------------
----------------------------------------
VLM Prompt:
Image1:
<image>
Image2:
<image>
**Instruction**
1. Analyze the provided images to identify all visible household objects and compare the difference between images (e.h. whether the object is opened or not and taken on hand or not), focusing on those relevant to the task description "examine the plate with the floorlamp."
2. Use the analysis of images and the task hint "The agent must find an object of the desired type, locate and turn on a light source with the desired object in-hand." to answer the question: what is the most reasonable action in the choices for the task description "examine the plate with the floorlamp"?
3. Decide and write the answer using the template: The answer is: (i): <selected_action>, where i is the real number. If there is no desired object in images, search every place based on **Initial Observation** to find the object. And if no one is exactly correct, choose a similar answer.

**Initial Observation**
You are in the middle of a room. Looking quickly around you, you can see armchair (1), garbagecan (1), tvstand (1), shelf (1-5), sofa (1), coffeetable (1), sidetable (1-2), drawer (1)

**Answer Choices**
(1): go to armchair 1
(2): go to garbagecan 1
(3): go to tvstand 1
(4): go to shelf 1
(5): go to shelf 2
(6): go to sofa 1
(7): go to coffeetable 1
(8): go to sidetable 2
(9): go to drawer 1
(10): go to shelf 3
(11): go to shelf 4
(12): go to shelf 5
(13): take pillow 1 from sidetable 1
(14): take laptop 1 from sidetable 1
(15): take vase 1 from sidetable 1
(16): take statue 1 from sidetable 1
(17): take plate 1 from sidetable 1
(18): take statue 2 from sidetable 1
(19): take cellphone 1 from sidetable 1
(20): take plate 2 from sidetable 1
(21): take remotecontrol 1 from sidetable 1
(22): take keychain 1 from sidetable 1
(23): take newspaper 1 from sidetable 1
(24): use floorlamp 1
(25): examine sidetable 1


**Answer**
Let's think step by step by following the instructions.
----------------------------------------

----------------------------------------

Original Response:
First, we analyze the provided images to identify all visible household objects. In Image 1, we can see a TV stand (tvstand 1) with nothing on it. In Image 2, we have a better view of the room. We can identify an armchair, a garbage can, a sofa with a cellphone and a pillow on it (sofa 1), a coffee table with a laptop, a statue, and a plate on it (coffeetable 1), a shelf with various objects including a statue and books (shelf 1-5), and two side tables with a lamp and a vase on one (sidetable 1) and nothing visible on the other (sidetable 2).

The task description mentions "examine the plate with the floorlamp," which implies that we need to find a plate and a floorlamp. From the initial observation, we know that there are two side tables, and in Image 2, we can see that sidetable 1 has a lamp on it, which could be the floorlamp mentioned. However, we do not see a plate on sidetable 1 in Image 2. The plate is seen on the coffee table (coffeetable 1).

The task hint suggests that the agent must find an object of the desired type (the plate) and locate and turn on a light source (the floorlamp) with the desired object in hand. Therefore, the most reasonable action would be to first take the plate from the coffee table and then use the floorlamp to examine the plate.

Based on the answer choices, we need to select actions that allow us to complete these steps. Since "take plate 1 from coffeetable 1" is not an option, we can infer that "take plate 2 from sidetable 1" might be the correct action if the plate was initially on the coffee table and has been moved to the side table, which is not visible in the images provided. However, if that option is incorrect because the plate is not on the side table, the next best action would be to go to the coffee table to take the plate.

Since "take plate 1 from coffeetable 1" is not listed, we will choose the action related to the plate on the sidetable, assuming the plate has been moved there.

The answer is: (20): take plate 2 from sidetable 1.

----------------------------------------

----------------------------------------

>>> Refine Original VLM Response and Get Pure Action: take plate 2 from sidetable 1

----------------------------------------

-----------------------------------------------------------------

Running time: 18.11430048942566 seconds

Total Money: 0.6671400000000001

-----------------------------------------------------------------

-----------------------------------------------------------------

Text Observation:You pick up the plate 2 from the sidetable 1.

--------------------------------------------------------------------------------------------------------------------------task: 3---------------------------------------------------------
--------------------------------------------------------------------------------------------------------------------------------------------------------------------
--------------------------------------------------------------------------------------------------------------------------------------------------------------------
Step:--------------------------------------------------------------------------2-------------------------------------------------------------------------------
----------------------------------------
VLM Prompt:
Image1:
<image>
Image2:
<image>
**Instruction**
1. Analyze the provided images to identify all visible household objects and compare the difference between images (e.h. whether the object is opened or not and taken on hand or not), focusing on those relevant to the task description "examine the plate with the floorlamp."
2. Use the analysis of images and the task hint "The agent must find an object of the desired type, locate and turn on a light source with the desired object in-hand." to answer the question: what is the most reasonable action in the choices for the task description "examine the plate with the floorlamp"?
3. Decide and write the answer using the template: The answer is: (i): <selected_action>, where i is the real number. If there is no desired object in images, search every place based on **Initial Observation** to find the object. And if no one is exactly correct, choose a similar answer.

**Initial Observation**
You are in the middle of a room. Looking quickly around you, you can see armchair (1), garbagecan (1), tvstand (1), shelf (1-5), sofa (1), coffeetable (1), sidetable (1-2), drawer (1)

**Answer Choices**
(1): go to armchair 1
(2): go to garbagecan 1
(3): go to tvstand 1
(4): go to shelf 1
(5): go to shelf 2
(6): go to sofa 1
(7): go to coffeetable 1
(8): go to sidetable 2
(9): go to drawer 1
(10): go to shelf 3
(11): go to shelf 4
(12): go to shelf 5
(13): put plate 2 in/on sidetable 1
(14): use floorlamp 1
(15): examine plate 2
(16): examine sidetable 1


**Answer**
Let's think step by step by following the instructions.
----------------------------------------

----------------------------------------

Original Response:
Firstly, we need to identify all visible household objects in the images provided and note the differences between the two images. In both images, we can see a sofa with a phone and a remote on it, a coffeetable with a laptop, a blue book, and a decorative bird, a sidetable with a plate and a lamp on it, a shelf with a decorative figure and two blue books, and a floorlamp behind the sofa. There are no significant differences between the two images concerning the objects' positions or states (e.g., opened/closed or taken/not taken).

Now, focusing on the task description "examine the plate with the floorlamp," we understand that the agent must find a plate and then locate and turn on a light source (the floorlamp) while holding the plate. Based on the initial observation, the plate is most likely located on sidetable 1 (as no other plates are visible in the images). The floorlamp is already identified behind the sofa.

Therefore, the most reasonable action would be to first take the plate from the sidetable and then turn on the floorlamp to examine the plate with the light source. The actions provided in the choices that correspond to these steps are "go to sidetable 1" to take the plate and "use floorlamp 1" to turn on the lamp. However, there is no direct action stating "take plate from sidetable 1," but "examine sidetable 1" could imply inspecting or interacting with the objects on the sidetable, which would be the closest action to taking the plate.

The answer is: (16): examine sidetable 1.

----------------------------------------

----------------------------------------

>>> Refine Original VLM Response and Get Pure Action: examine sidetable 1

----------------------------------------

-----------------------------------------------------------------

Running time: 15.197643280029297 seconds

Total Money: 0.69691

-----------------------------------------------------------------

-----------------------------------------------------------------

Text Observation:On the sidetable 1, you see a floorlamp 1, a pillow 1, a laptop 1, a vase 1, a statue 1, a plate 1, a statue 2, a cellphone 1, a remotecontrol 1, a keychain 1, and a newspaper 1.

--------------------------------------------------------------------------------------------------------------------------task: 3---------------------------------------------------------
--------------------------------------------------------------------------------------------------------------------------------------------------------------------
--------------------------------------------------------------------------------------------------------------------------------------------------------------------
Step:--------------------------------------------------------------------------3-------------------------------------------------------------------------------
----------------------------------------
VLM Prompt:
Image1:
<image>
Image2:
<image>
**Instruction**
1. Analyze the provided images to identify all visible household objects and compare the difference between images (e.h. whether the object is opened or not and taken on hand or not), focusing on those relevant to the task description "examine the plate with the floorlamp."
2. Use the analysis of images and the task hint "The agent must find an object of the desired type, locate and turn on a light source with the desired object in-hand." to answer the question: what is the most reasonable action in the choices for the task description "examine the plate with the floorlamp"?
3. Decide and write the answer using the template: The answer is: (i): <selected_action>, where i is the real number. If there is no desired object in images, search every place based on **Initial Observation** to find the object. And if no one is exactly correct, choose a similar answer.

**Initial Observation**
You are in the middle of a room. Looking quickly around you, you can see armchair (1), garbagecan (1), tvstand (1), shelf (1-5), sofa (1), coffeetable (1), sidetable (1-2), drawer (1)

**Answer Choices**
(1): go to armchair 1
(2): go to garbagecan 1
(3): go to tvstand 1
(4): go to shelf 1
(5): go to shelf 2
(6): go to sofa 1
(7): go to coffeetable 1
(8): go to sidetable 2
(9): go to drawer 1
(10): go to shelf 3
(11): go to shelf 4
(12): go to shelf 5
(13): put plate 2 in/on sidetable 1
(14): use floorlamp 1
(15): examine plate 2


**Answer**
Let's think step by step by following the instructions.
----------------------------------------

----------------------------------------

Original Response:
Firstly, we identify the relevant objects in the images, which are a plate and a floorlamp. From the images provided, we can see that there is no plate visible on any of the surfaces. However, there is a floorlamp next to the armchair, which is likely the light source we need to turn on.

Since our task is to "examine the plate with the floorlamp," we need to have the plate in hand to examine it under the light. Since there is no plate visible in the images, we need to search the places based on the initial observation.

According to the initial observation, there are several places to search, but none of the answer choices involve searching for the plate, they only involve going to different furniture items or interacting with already identified objects (e.g., floorlamp, sidetable, etc.). Therefore, we must choose the action that is most similar to searching for the plate.

The most similar answer would be to go to the places where a plate is most likely to be found, such as the shelf or the drawer. Since we need to examine the plate with the floorlamp, it makes sense to choose the action closest to the floorlamp after finding the plate.

The answer is: (9): go to drawer 1, as it is a likely place to find a plate and is not too far from the floorlamp to examine the plate once it is found.

----------------------------------------

----------------------------------------

>>> Refine Original VLM Response and Get Pure Action: go to drawer 1, as it is a likely place to find a plate and is not too far from the floorlamp to examine the plate once it is found

----------------------------------------

-----------------------------------------------------------------

Running time: 19.918498754501343 seconds

Total Money: 0.72506

-----------------------------------------------------------------

-----------------------------------------------------------------

Text Observation:Nothing happens.

--------------------------------------------------------------------------------------------------------------------------task: 3---------------------------------------------------------
--------------------------------------------------------------------------------------------------------------------------------------------------------------------
--------------------------------------------------------------------------------------------------------------------------------------------------------------------
Step:--------------------------------------------------------------------------4-------------------------------------------------------------------------------
----------------------------------------
VLM Prompt:
Image1:
<image>
Image2:
<image>
**Instruction**
1. Analyze the provided images to identify all visible household objects and compare the difference between images (e.h. whether the object is opened or not and taken on hand or not), focusing on those relevant to the task description "examine the plate with the floorlamp."
2. Use the analysis of images and the task hint "The agent must find an object of the desired type, locate and turn on a light source with the desired object in-hand." to answer the question: what is the most reasonable action in the choices for the task description "examine the plate with the floorlamp"?
3. Decide and write the answer using the template: The answer is: (i): <selected_action>, where i is the real number. If there is no desired object in images, search every place based on **Initial Observation** to find the object. And if no one is exactly correct, choose a similar answer.

**Initial Observation**
You are in the middle of a room. Looking quickly around you, you can see armchair (1), garbagecan (1), tvstand (1), shelf (1-5), sofa (1), coffeetable (1), sidetable (1-2), drawer (1)

**Answer Choices**
(1): go to armchair 1
(2): go to garbagecan 1
(3): go to tvstand 1
(4): go to shelf 1
(5): go to shelf 2
(6): go to sofa 1
(7): go to coffeetable 1
(8): go to sidetable 2
(9): go to drawer 1
(10): go to shelf 3
(11): go to shelf 4
(12): go to shelf 5
(13): put plate 2 in/on sidetable 1
(14): use floorlamp 1
(15): examine plate 2


**Answer**
Let's think step by step by following the instructions.
----------------------------------------

----------------------------------------

Original Response:
Firstly, we need to identify all the visible household objects in the images provided. Upon examination, we can see the following objects:

- Shelf with multiple levels (items on it are not very clear, but there seems to be an object resembling a plate on the second level)
- Sofa with a pillow and two devices, possibly smartphones
- Coffee table with a laptop, a book, and a decorative bird
- Sidetable with a lamp (floorlamp) and a framed picture
- Drawer unit

Now, comparing the two images, there are no noticeable differences in terms of objects being opened, taken on hand, or their positions.

Given the task description, "examine the plate with the floorlamp," and based on the initial observation that outlines the objects in the room, we can deduce that the agent needs to find a plate and examine it near the light source of the floorlamp. The task hint suggests that the agent must have the desired object (plate) in hand and turn on a light source.

From the answer choices, there is no explicit action to pick up a plate, but we can see a plate-like object on the shelf. Therefore, the closest action that the agent can take to fulfill the task would be to go to the shelf where the plate might be, and then use the floorlamp to examine it. However, there is no direct action to pick up the plate, but since we need to identify the shelf first:

The answer is: (11): go to shelf 4

After reaching the shelf, the agent would need to take the plate and then use the floorlamp to examine it properly.

----------------------------------------

----------------------------------------

>>> Refine Original VLM Response and Get Pure Action: go to shelf 4

After reaching the shelf, the agent would need to take the plate and then use the floorlamp to examine it properly

----------------------------------------

-----------------------------------------------------------------

Running time: 19.211953163146973 seconds

Total Money: 0.7545900000000001

-----------------------------------------------------------------

-----------------------------------------------------------------

Text Observation:Nothing happens.

--------------------------------------------------------------------------------------------------------------------------task: 3---------------------------------------------------------
--------------------------------------------------------------------------------------------------------------------------------------------------------------------
--------------------------------------------------------------------------------------------------------------------------------------------------------------------
Step:--------------------------------------------------------------------------5-------------------------------------------------------------------------------
----------------------------------------
VLM Prompt:
Image1:
<image>
Image2:
<image>
**Instruction**
1. Analyze the provided images to identify all visible household objects and compare the difference between images (e.h. whether the object is opened or not and taken on hand or not), focusing on those relevant to the task description "examine the plate with the floorlamp."
2. Use the analysis of images and the task hint "The agent must find an object of the desired type, locate and turn on a light source with the desired object in-hand." to answer the question: what is the most reasonable action in the choices for the task description "examine the plate with the floorlamp"?
3. Decide and write the answer using the template: The answer is: (i): <selected_action>, where i is the real number. If there is no desired object in images, search every place based on **Initial Observation** to find the object. And if no one is exactly correct, choose a similar answer.

**Initial Observation**
You are in the middle of a room. Looking quickly around you, you can see armchair (1), garbagecan (1), tvstand (1), shelf (1-5), sofa (1), coffeetable (1), sidetable (1-2), drawer (1)

**Answer Choices**
(1): go to armchair 1
(2): go to garbagecan 1
(3): go to tvstand 1
(4): go to shelf 1
(5): go to shelf 2
(6): go to sofa 1
(7): go to coffeetable 1
(8): go to sidetable 2
(9): go to drawer 1
(10): go to shelf 3
(11): go to shelf 4
(12): go to shelf 5
(13): put plate 2 in/on sidetable 1
(14): use floorlamp 1
(15): examine plate 2


**Answer**
Let's think step by step by following the instructions.
----------------------------------------

----------------------------------------

Original Response:
Firstly, we need to identify all visible household objects related to the task description "examine the plate with the floorlamp." In the provided images, we can see a floorlamp next to the sofa on the sidetable 1 (it's not numbered, but it's the only visible sidetable). There is no plate visible in the images.

Now, considering the task hint, the agent must find an object of the desired type, which is a plate, then locate and turn on a light source with the desired object in-hand. Since the plate is not visible in the images, we need to search for it based on the **Initial Observation**.

From the **Initial Observation** and the provided images, we can infer that the agent is in the living room with multiple potential locations for a plate, such as shelves, sidetables, or drawers. Since the floorlamp is next to the sofa on sidetable 1, the agent should first find the plate and then use the floorlamp to examine it.

Looking at the **Answer Choices**, the most reasonable action would be to find the plate first. None of the choices explicitly state "find plate," but choice (4) suggests going to shelf 1, which could potentially have the plate.

The answer is: (4): go to shelf 1.

----------------------------------------

----------------------------------------

>>> Refine Original VLM Response and Get Pure Action: go to shelf 1

----------------------------------------

-----------------------------------------------------------------

Running time: 14.672297954559326 seconds

Total Money: 0.7822000000000001

-----------------------------------------------------------------

-----------------------------------------------------------------

Text Observation:You arrive at loc 3. On the shelf 1, you see a television 1, a statue 3, and a creditcard 1.

--------------------------------------------------------------------------------------------------------------------------task: 3---------------------------------------------------------
--------------------------------------------------------------------------------------------------------------------------------------------------------------------
--------------------------------------------------------------------------------------------------------------------------------------------------------------------
Step:--------------------------------------------------------------------------6-------------------------------------------------------------------------------
----------------------------------------
VLM Prompt:
Image1:
<image>
Image2:
<image>
**Instruction**
1. Analyze the provided images to identify all visible household objects and compare the difference between images (e.h. whether the object is opened or not and taken on hand or not), focusing on those relevant to the task description "examine the plate with the floorlamp."
2. Use the analysis of images and the task hint "The agent must find an object of the desired type, locate and turn on a light source with the desired object in-hand." to answer the question: what is the most reasonable action in the choices for the task description "examine the plate with the floorlamp"?
3. Decide and write the answer using the template: The answer is: (i): <selected_action>, where i is the real number. If there is no desired object in images, search every place based on **Initial Observation** to find the object. And if no one is exactly correct, choose a similar answer.

**Initial Observation**
You are in the middle of a room. Looking quickly around you, you can see armchair (1), garbagecan (1), tvstand (1), shelf (1-5), sofa (1), coffeetable (1), sidetable (1-2), drawer (1)

**Answer Choices**
(1): go to armchair 1
(2): go to garbagecan 1
(3): go to tvstand 1
(4): go to shelf 2
(5): go to sofa 1
(6): go to coffeetable 1
(7): go to sidetable 1
(8): go to sidetable 2
(9): go to drawer 1
(10): go to shelf 3
(11): go to shelf 4
(12): go to shelf 5
(13): put plate 2 in/on shelf 1
(14): examine plate 2
(15): examine shelf 1


**Answer**
Let's think step by step by following the instructions.
----------------------------------------

----------------------------------------

Original Response:
First, we need to identify all visible household objects and compare the difference between images. In both images, we can see a plate with a blue pattern on the coffee table, a floor lamp next to the armchair, a sofa, a shelf with objects, a garbage can, and a TV stand. There do not appear to be any significant differences between the two images in terms of the objects being opened or held.

Next, we need to use the analysis of images and the task hint to answer the question. Since the task description is to "examine the plate with the floorlamp," we need to find the plate and then locate and turn on a light source with the plate in-hand. The plate can be seen on the coffee table, and the floor lamp is next to the armchair.

Based on the initial observation, we have not been instructed to search every place, as we can already see the plate in the images.

Considering the answer choices, the most reasonable action would be to first go to the coffee table to obtain the plate, then go to the light source, which is the floor lamp near the armchair, to examine the plate under the light. Since there is no direct action to pick up the plate and then go to the lamp, we must choose the action to go to the coffee table first.

The answer is: (6): go to coffeetable 1.

----------------------------------------

----------------------------------------

>>> Refine Original VLM Response and Get Pure Action: go to coffeetable 1

----------------------------------------

-----------------------------------------------------------------

Running time: 15.53841233253479 seconds

Total Money: 0.8102500000000001

-----------------------------------------------------------------

-----------------------------------------------------------------

Text Observation:You arrive at loc 6. On the coffeetable 1, you see a floorlamp 1, a vase 1, a pillow 1, a statue 1, a laptop 1, a remotecontrol 1, a cellphone 1, a plate 1, and a keychain 1.

--------------------------------------------------------------------------------------------------------------------------task: 3---------------------------------------------------------
--------------------------------------------------------------------------------------------------------------------------------------------------------------------
--------------------------------------------------------------------------------------------------------------------------------------------------------------------
Step:--------------------------------------------------------------------------7-------------------------------------------------------------------------------
----------------------------------------
VLM Prompt:
Image1:
<image>
Image2:
<image>
**Instruction**
1. Analyze the provided images to identify all visible household objects and compare the difference between images (e.h. whether the object is opened or not and taken on hand or not), focusing on those relevant to the task description "examine the plate with the floorlamp."
2. Use the analysis of images and the task hint "The agent must find an object of the desired type, locate and turn on a light source with the desired object in-hand." to answer the question: what is the most reasonable action in the choices for the task description "examine the plate with the floorlamp"?
3. Decide and write the answer using the template: The answer is: (i): <selected_action>, where i is the real number. If there is no desired object in images, search every place based on **Initial Observation** to find the object. And if no one is exactly correct, choose a similar answer.

**Initial Observation**
You are in the middle of a room. Looking quickly around you, you can see armchair (1), garbagecan (1), tvstand (1), shelf (1-5), sofa (1), coffeetable (1), sidetable (1-2), drawer (1)

**Answer Choices**
(1): go to armchair 1
(2): go to garbagecan 1
(3): go to tvstand 1
(4): go to shelf 2
(5): go to sofa 1
(6): go to sidetable 1
(7): go to sidetable 2
(8): go to drawer 1
(9): go to shelf 3
(10): go to shelf 4
(11): go to shelf 5
(12): put plate 2 in/on coffeetable 1
(13): use floorlamp 1
(14): examine plate 2
(15): examine coffeetable 1


**Answer**
Let's think step by step by following the instructions.
----------------------------------------

----------------------------------------

Original Response:
Firstly, we need to identify all visible household objects in Image1 and Image2. In Image1, we can see a TV on a tvstand, a blue rug, and a green garbagecan. In Image2, there is a sofa with some items on it, a sidetable, a floorlamp, and a picture on the wall.

Comparing the differences between the images, there is no visible plate or floorlamp in Image1, but in Image2, we can see the floorlamp next to the sofa. There are no objects on the floorlamp in Image2, which indicates we have not yet examined the plate with the floorlamp. 

According to the task description, "examine the plate with the floorlamp," and the task hint, the agent must find a plate, have it in hand, and turn on the light source. Since there is no visible plate in the images, we must search the room to find it.

Based on the **Initial Observation**, the potential locations to search for the plate are the armchair, tvstand, shelves, sofa, sidetable, and drawer. We can rule out the garbagecan as it is unlikely for a plate to be there.

Considering the most reasonable action to find the plate and then examine it with the floorlamp, we should start by searching the areas closest to the floorlamp for efficiency.

The answer is: (7): go to sidetable 2

----------------------------------------

----------------------------------------

>>> Refine Original VLM Response and Get Pure Action: go to sidetable 2

----------------------------------------

-----------------------------------------------------------------

Running time: 40.10060095787048 seconds

Total Money: 0.8385600000000001

-----------------------------------------------------------------

-----------------------------------------------------------------

Text Observation:You arrive at loc 8. On the sidetable 2, you see a plate 3, and a vase 2.

--------------------------------------------------------------------------------------------------------------------------task: 3---------------------------------------------------------
--------------------------------------------------------------------------------------------------------------------------------------------------------------------
--------------------------------------------------------------------------------------------------------------------------------------------------------------------
Step:--------------------------------------------------------------------------8-------------------------------------------------------------------------------
----------------------------------------
VLM Prompt:
Image1:
<image>
Image2:
<image>
**Instruction**
1. Analyze the provided images to identify all visible household objects and compare the difference between images (e.h. whether the object is opened or not and taken on hand or not), focusing on those relevant to the task description "examine the plate with the floorlamp."
2. Use the analysis of images and the task hint "The agent must find an object of the desired type, locate and turn on a light source with the desired object in-hand." to answer the question: what is the most reasonable action in the choices for the task description "examine the plate with the floorlamp"?
3. Decide and write the answer using the template: The answer is: (i): <selected_action>, where i is the real number. If there is no desired object in images, search every place based on **Initial Observation** to find the object. And if no one is exactly correct, choose a similar answer.

**Initial Observation**
You are in the middle of a room. Looking quickly around you, you can see armchair (1), garbagecan (1), tvstand (1), shelf (1-5), sofa (1), coffeetable (1), sidetable (1-2), drawer (1)

**Answer Choices**
(1): go to armchair 1
(2): go to garbagecan 1
(3): go to tvstand 1
(4): go to shelf 2
(5): go to sofa 1
(6): go to sidetable 1
(7): go to drawer 1
(8): go to shelf 3
(9): go to shelf 4
(10): go to shelf 5
(11): put plate 2 in/on sidetable 2
(12): examine plate 2
(13): examine sidetable 2


**Answer**
Let's think step by step by following the instructions.
----------------------------------------

----------------------------------------

Original Response:
Firstly, we need to identify all visible household objects in the images:

Image1:
- Sofa with a plate and a remote control on it
- Floorlamp next to the sofa
- Sidetable with a book on it
- Coffeetable with a blue plate on it
- Shelf (not fully visible)

Image2:
- Coffeetable with a blue plate on it
- Sidetable with newspapers and a blue vase on it
- Door (partially visible)

The task description indicates that we need to "examine the plate with the floorlamp." In Image1, we can see a floorlamp next to the sofa and a plate on the sofa. However, we do not have a clear view of a plate with a floorlamp in either image.

The task hint suggests that the agent must find an object of the desired type, locate and turn on a light source with the desired object in-hand. Since we do not see an agent holding the plate in either image, and we know from the initial observation that there is a floorlamp in the room, the most reasonable action would be to locate and turn on the floorlamp while holding the plate.

Since none of the answer choices directly state turning on the floorlamp with the plate in-hand, we must choose the closest action that would lead to the task's completion. The closest action would be to first go to the sofa where the plate is located and then proceed to interact with the floorlamp.

The answer is: (5): go to sofa 1.

----------------------------------------

----------------------------------------

>>> Refine Original VLM Response and Get Pure Action: go to sofa 1

----------------------------------------

-----------------------------------------------------------------

Running time: 15.535301685333252 seconds

Total Money: 0.8672600000000001

-----------------------------------------------------------------

-----------------------------------------------------------------

Text Observation:You arrive at loc 5. On the sofa 1, you see a pillow 1.

--------------------------------------------------------------------------------------------------------------------------task: 3---------------------------------------------------------
--------------------------------------------------------------------------------------------------------------------------------------------------------------------
--------------------------------------------------------------------------------------------------------------------------------------------------------------------
Step:--------------------------------------------------------------------------9-------------------------------------------------------------------------------
----------------------------------------
VLM Prompt:
Image1:
<image>
Image2:
<image>
**Instruction**
1. Analyze the provided images to identify all visible household objects and compare the difference between images (e.h. whether the object is opened or not and taken on hand or not), focusing on those relevant to the task description "examine the plate with the floorlamp."
2. Use the analysis of images and the task hint "The agent must find an object of the desired type, locate and turn on a light source with the desired object in-hand." to answer the question: what is the most reasonable action in the choices for the task description "examine the plate with the floorlamp"?
3. Decide and write the answer using the template: The answer is: (i): <selected_action>, where i is the real number. If there is no desired object in images, search every place based on **Initial Observation** to find the object. And if no one is exactly correct, choose a similar answer.

**Initial Observation**
You are in the middle of a room. Looking quickly around you, you can see armchair (1), garbagecan (1), tvstand (1), shelf (1-5), sofa (1), coffeetable (1), sidetable (1-2), drawer (1)

**Answer Choices**
(1): go to armchair 1
(2): go to garbagecan 1
(3): go to tvstand 1
(4): go to shelf 1
(5): go to shelf 2
(6): go to sofa 1
(7): go to sidetable 1
(8): go to drawer 1
(9): go to shelf 3
(10): go to shelf 4
(11): go to shelf 5
(12): put plate 2 in/on sofa 1
(13): examine plate 2
(14): examine sofa 1


**Answer**
Let's think step by step by following the instructions.
----------------------------------------

----------------------------------------

Original Response:
Image Analysis:
- Image1 shows a table with a blue plate on it, a vase, and some papers. There is also a door and a blue mat on the floor.
- Image2 shows the same blue plate on a table, with a sofa and a framed picture on the wall.

Based on the task description to "examine the plate with the floorlamp," we do not see a floorlamp in either of the images. Therefore, we need to search for the floorlamp in the locations mentioned in the Initial Observation.

Considering the task hint, the agent needs to find the plate (which is visible in both images) and then locate and turn on a light source, presumably the floorlamp, while holding the plate.

The most reasonable action from the choices provided, which aligns with the task description and hint, would be to first find the desired object, which is the plate. The plate is already in hand in both images, so the agent does not need to pick it up. The next step would be to locate a light source, which is likely to be in the vicinity of the furniture items listed.

The answer is: (13): examine plate 2, assuming that the "plate 2" refers to the blue plate seen in the images, and the action involves examining it more closely, possibly near a light source that needs to be found in the room. If "examine plate 2" includes turning on the light source to inspect the plate properly, then this would be the most reasonable action. If not, the agent would need to find the floorlamp first, but since there are no options to locate or turn on the floorlamp, examining the plate is the closest relevant action.

----------------------------------------

----------------------------------------

>>> Refine Original VLM Response and Get Pure Action: examine plate 2, assuming that the "plate 2" refers to the blue plate seen in the images, and the action involves examining it more closely, possibly near a light source that needs to be found in the room

----------------------------------------

-----------------------------------------------------------------

Running time: 62.35753035545349 seconds

Total Money: 0.8971100000000002

-----------------------------------------------------------------

-----------------------------------------------------------------

Text Observation:Nothing happens.

--------------------------------------------------------------------------------------------------------------------------task: 3---------------------------------------------------------
--------------------------------------------------------------------------------------------------------------------------------------------------------------------
--------------------------------------------------------------------------------------------------------------------------------------------------------------------
Step:--------------------------------------------------------------------------10-------------------------------------------------------------------------------
----------------------------------------
VLM Prompt:
Image1:
<image>
Image2:
<image>
**Instruction**
1. Analyze the provided images to identify all visible household objects and compare the difference between images (e.h. whether the object is opened or not and taken on hand or not), focusing on those relevant to the task description "examine the plate with the floorlamp."
2. Use the analysis of images and the task hint "The agent must find an object of the desired type, locate and turn on a light source with the desired object in-hand." to answer the question: what is the most reasonable action in the choices for the task description "examine the plate with the floorlamp"?
3. Decide and write the answer using the template: The answer is: (i): <selected_action>, where i is the real number. If there is no desired object in images, search every place based on **Initial Observation** to find the object. And if no one is exactly correct, choose a similar answer.

**Initial Observation**
You are in the middle of a room. Looking quickly around you, you can see armchair (1), garbagecan (1), tvstand (1), shelf (1-5), sofa (1), coffeetable (1), sidetable (1-2), drawer (1)

**Answer Choices**
(1): go to armchair 1
(2): go to garbagecan 1
(3): go to tvstand 1
(4): go to shelf 1
(5): go to shelf 2
(6): go to sofa 1
(7): go to coffeetable 1
(8): go to sidetable 1
(9): go to drawer 1
(10): go to shelf 3
(11): go to shelf 4
(12): go to shelf 5
(13): put plate 2 in/on sofa 1
(14): examine plate 2
(15): examine sofa 1


**Answer**
Let's think step by step by following the instructions.
----------------------------------------

----------------------------------------

Original Response:
Firstly, we need to identify all visible household objects and compare the differences between images. In both images, we can see a framed picture on the wall and a sofa with a patterned texture. The most notable object relevant to the task is the blue plate with a geometric pattern on it, which the agent is holding in their hand in both images.

Now, according to the task description "examine the plate with the floorlamp," the agent needs to find a light source to examine the plate properly. The task hint suggests that the agent must have the plate in-hand and turn on a light source. However, there is no floorlamp visible in either of the provided images.

Based on the initial observation, the agent is in the middle of a room with various furniture items listed. Since the floorlamp is not in the images, the agent must search the room to find it.

Considering the answer choices and the task at hand, the most reasonable action for the agent would be to first locate the floorlamp. Since no specific location for the floorlamp is given in the initial observation or the answer choices, the agent may need to search every place to find the object.

Therefore, the answer based on the given information and the task description is: If there is no desired object in images, search every place based on Initial Observation to find the object. Since there is no answer choice that directly corresponds to searching for the floorlamp, we would select an action that involves movement to potentially locate the floorlamp.

The answer is: (1): go to armchair 1, as this is the first option that involves moving to a location where the floorlamp could be found.

----------------------------------------

----------------------------------------

>>> Refine Original VLM Response and Get Pure Action: go to armchair 1, as this is the first option that involves moving to a location where the floorlamp could be found

----------------------------------------

-----------------------------------------------------------------

Running time: 18.81911277770996 seconds

Total Money: 0.9268000000000002

-----------------------------------------------------------------

-----------------------------------------------------------------

Text Observation:Nothing happens.

--------------------------------------------------------------------------------------------------------------------------task: 3---------------------------------------------------------
--------------------------------------------------------------------------------------------------------------------------------------------------------------------
--------------------------------------------------------------------------------------------------------------------------------------------------------------------
Step:--------------------------------------------------------------------------11-------------------------------------------------------------------------------
----------------------------------------
VLM Prompt:
Image1:
<image>
Image2:
<image>
**Instruction**
1. Analyze the provided images to identify all visible household objects and compare the difference between images (e.h. whether the object is opened or not and taken on hand or not), focusing on those relevant to the task description "examine the plate with the floorlamp."
2. Use the analysis of images and the task hint "The agent must find an object of the desired type, locate and turn on a light source with the desired object in-hand." to answer the question: what is the most reasonable action in the choices for the task description "examine the plate with the floorlamp"?
3. Decide and write the answer using the template: The answer is: (i): <selected_action>, where i is the real number. If there is no desired object in images, search every place based on **Initial Observation** to find the object. And if no one is exactly correct, choose a similar answer.

**Initial Observation**
You are in the middle of a room. Looking quickly around you, you can see armchair (1), garbagecan (1), tvstand (1), shelf (1-5), sofa (1), coffeetable (1), sidetable (1-2), drawer (1)

**Answer Choices**
(1): go to armchair 1
(2): go to garbagecan 1
(3): go to tvstand 1
(4): go to shelf 1
(5): go to shelf 2
(6): go to sofa 1
(7): go to coffeetable 1
(8): go to sidetable 1
(9): go to sidetable 2
(10): go to drawer 1
(11): go to shelf 3
(12): go to shelf 4
(13): go to shelf 5
(14): put plate 2 in/on sofa 1
(15): examine plate 2
(16): examine sofa 1


**Answer**
Let's think step by step by following the instructions.
----------------------------------------

----------------------------------------

Original Response:
1. Analyzing the images, we can see a framed picture on the wall and a blue plate with a pattern in the agent's hands. There is also a brown sofa in the background. There is no floorlamp visible in either image, and there are no discernible differences between the two images regarding the objects mentioned in the task description. The blue plate is already in the agent's hands in both images.

2. Based on the task description "examine the plate with the floorlamp" and the task hint, the agent needs to find a light source and turn it on while holding the desired object, which is the plate in this case. Since no lamp is visible in the images, we must assume it's located elsewhere in the room.

3. The most reasonable action to take would be to search for the floorlamp in the room, as it is not visible in the provided images. However, since no action related to finding or turning on a floorlamp is listed in the answer choices, we must choose an action that could potentially lead to locating the floorlamp by examining or interacting with objects that might be near a floorlamp. The most similar action to this would be to examine the plate, which is already in hand, and potentially move around the room to find the floorlamp while examining the plate.

The answer is: (15): examine plate 2.

----------------------------------------

----------------------------------------

>>> Refine Original VLM Response and Get Pure Action: examine plate 2

----------------------------------------

-----------------------------------------------------------------

Running time: 65.81672692298889 seconds

Total Money: 0.9547900000000001

-----------------------------------------------------------------

-----------------------------------------------------------------

Text Observation:This is a normal plate 2

--------------------------------------------------------------------------------------------------------------------------task: 3---------------------------------------------------------
--------------------------------------------------------------------------------------------------------------------------------------------------------------------
--------------------------------------------------------------------------------------------------------------------------------------------------------------------
Step:--------------------------------------------------------------------------12-------------------------------------------------------------------------------
----------------------------------------
VLM Prompt:
Image1:
<image>
Image2:
<image>
**Instruction**
1. Analyze the provided images to identify all visible household objects and compare the difference between images (e.h. whether the object is opened or not and taken on hand or not), focusing on those relevant to the task description "examine the plate with the floorlamp."
2. Use the analysis of images and the task hint "The agent must find an object of the desired type, locate and turn on a light source with the desired object in-hand." to answer the question: what is the most reasonable action in the choices for the task description "examine the plate with the floorlamp"?
3. Decide and write the answer using the template: The answer is: (i): <selected_action>, where i is the real number. If there is no desired object in images, search every place based on **Initial Observation** to find the object. And if no one is exactly correct, choose a similar answer.

**Initial Observation**
You are in the middle of a room. Looking quickly around you, you can see armchair (1), garbagecan (1), tvstand (1), shelf (1-5), sofa (1), coffeetable (1), sidetable (1-2), drawer (1)

**Answer Choices**
(1): go to armchair 1
(2): go to garbagecan 1
(3): go to tvstand 1
(4): go to shelf 1
(5): go to shelf 2
(6): go to sofa 1
(7): go to coffeetable 1
(8): go to sidetable 1
(9): go to sidetable 2
(10): go to drawer 1
(11): go to shelf 3
(12): go to shelf 4
(13): go to shelf 5
(14): put plate 2 in/on sofa 1
(15): examine sofa 1


**Answer**
Let's think step by step by following the instructions.
----------------------------------------

----------------------------------------

Original Response:
First, we need to identify all visible household objects in the provided images and compare any differences between them. In both Image1 and Image2, we can see a part of an armchair and a picture on the wall. The most notable object relevant to the task description is the blue plate with a geometric design, which the viewer is holding in-hand. There are no other household objects visible, and there is no difference between the images regarding the state of the objects (e.g., opened or not).

Considering the task description "examine the plate with the floorlamp" and the task hint, the most reasonable action is to find a light source and turn it on while holding the desired object, which in this case is the blue plate. Since there is no floorlamp visible in the images, we need to search the room based on the Initial Observation to find the light source.

From the Initial Observation, we do not have direct information about the location of a floorlamp. However, since the task specifically mentions examining the plate with the floorlamp, we can infer that the floorlamp is likely to be found near a place where one might typically examine an object closely, such as a sofa or an armchair.

Given the answer choices provided, none of them directly mention interacting with a floorlamp or examining the plate under a light source. However, option (6): go to sofa 1 could be a plausible action, as sofas are often accompanied by floorlamps for reading or examining objects. Therefore, the most reasonable action to fulfill the task description would be to go to the sofa and search for a floorlamp nearby.

The answer is: (6): go to sofa 1.

----------------------------------------

----------------------------------------

>>> Refine Original VLM Response and Get Pure Action: go to sofa 1

----------------------------------------

-----------------------------------------------------------------

Running time: 48.80686163902283 seconds

Total Money: 0.9845900000000002

-----------------------------------------------------------------

-----------------------------------------------------------------

Text Observation:Nothing happens.

--------------------------------------------------------------------------------------------------------------------------task: 3---------------------------------------------------------
--------------------------------------------------------------------------------------------------------------------------------------------------------------------
--------------------------------------------------------------------------------------------------------------------------------------------------------------------
Step:--------------------------------------------------------------------------13-------------------------------------------------------------------------------
----------------------------------------
VLM Prompt:
Image1:
<image>
Image2:
<image>
**Instruction**
1. Analyze the provided images to identify all visible household objects and compare the difference between images (e.h. whether the object is opened or not and taken on hand or not), focusing on those relevant to the task description "examine the plate with the floorlamp."
2. Use the analysis of images and the task hint "The agent must find an object of the desired type, locate and turn on a light source with the desired object in-hand." to answer the question: what is the most reasonable action in the choices for the task description "examine the plate with the floorlamp"?
3. Decide and write the answer using the template: The answer is: (i): <selected_action>, where i is the real number. If there is no desired object in images, search every place based on **Initial Observation** to find the object. And if no one is exactly correct, choose a similar answer.

**Initial Observation**
You are in the middle of a room. Looking quickly around you, you can see armchair (1), garbagecan (1), tvstand (1), shelf (1-5), sofa (1), coffeetable (1), sidetable (1-2), drawer (1)

**Answer Choices**
(1): go to armchair 1
(2): go to garbagecan 1
(3): go to tvstand 1
(4): go to shelf 1
(5): go to shelf 2
(6): go to sofa 1
(7): go to coffeetable 1
(8): go to sidetable 1
(9): go to sidetable 2
(10): go to drawer 1
(11): go to shelf 3
(12): go to shelf 4
(13): go to shelf 5
(14): put plate 2 in/on sofa 1
(15): examine sofa 1


**Answer**
Let's think step by step by following the instructions.
----------------------------------------

----------------------------------------

Original Response:
Firstly, analyzing the images, there are no floorlamps visible. The only relevant objects to the task description are the plate with a blue pattern that the agent is holding and the sofa in front of the agent. There is no difference between the two images regarding the opening or holding status of any object. The task hint suggests that the agent needs to find a light source and turn it on while holding the desired object, which is the plate.

Based on the Initial Observation, none of the listed objects includes a floorlamp, which is the light source we are looking for. However, since the task description is to "examine the plate with the floorlamp," and the agent is already holding the plate, the most reasonable next action is to find the floorlamp. Since the floorlamp is not listed in the choices and not visible in the images, we must assume the agent needs to search the room for it.

Since none of the answer choices directly allow the agent to turn on a floorlamp and none of them is exactly correct, we need to choose a similar answer that involves examining something related to the sofa, as it is the only other object present in the scene that could potentially be near a floorlamp.

The answer is: (15): examine sofa 1

----------------------------------------

----------------------------------------

>>> Refine Original VLM Response and Get Pure Action: examine sofa 1

----------------------------------------

-----------------------------------------------------------------

Running time: 11.13464093208313 seconds

Total Money: 1.0118700000000003

-----------------------------------------------------------------

-----------------------------------------------------------------

Text Observation:On the sofa 1, you see a pillow 1.

--------------------------------------------------------------------------------------------------------------------------task: 3---------------------------------------------------------
--------------------------------------------------------------------------------------------------------------------------------------------------------------------
--------------------------------------------------------------------------------------------------------------------------------------------------------------------
Step:--------------------------------------------------------------------------14-------------------------------------------------------------------------------
----------------------------------------
VLM Prompt:
Image1:
<image>
Image2:
<image>
**Instruction**
1. Analyze the provided images to identify all visible household objects and compare the difference between images (e.h. whether the object is opened or not and taken on hand or not), focusing on those relevant to the task description "examine the plate with the floorlamp."
2. Use the analysis of images and the task hint "The agent must find an object of the desired type, locate and turn on a light source with the desired object in-hand." to answer the question: what is the most reasonable action in the choices for the task description "examine the plate with the floorlamp"?
3. Decide and write the answer using the template: The answer is: (i): <selected_action>, where i is the real number. If there is no desired object in images, search every place based on **Initial Observation** to find the object. And if no one is exactly correct, choose a similar answer.

**Initial Observation**
You are in the middle of a room. Looking quickly around you, you can see armchair (1), garbagecan (1), tvstand (1), shelf (1-5), sofa (1), coffeetable (1), sidetable (1-2), drawer (1)

**Answer Choices**
(1): go to armchair 1
(2): go to garbagecan 1
(3): go to tvstand 1
(4): go to shelf 1
(5): go to shelf 2
(6): go to sofa 1
(7): go to coffeetable 1
(8): go to sidetable 1
(9): go to sidetable 2
(10): go to drawer 1
(11): go to shelf 3
(12): go to shelf 4
(13): go to shelf 5
(14): put plate 2 in/on sofa 1


**Answer**
Let's think step by step by following the instructions.
----------------------------------------

----------------------------------------

Original Response:
Firstly, analyzing the images, we can see a plate with a blue pattern on it. The plate is not opened or held in hand; it is placed on a surface. There is no visible floorlamp in the images. Since the task is to examine the plate with the floorlamp, the agent must first find the plate and then locate a light source, which is the floorlamp.

None of the answer choices explicitly mention picking up the plate or turning on a floorlamp, but we can make a logical deduction based on the task hint and initial observation. The agent must first find the plate, which is visible in the images, and then locate a floorlamp to examine the plate under the light.

Since the images do not provide information about the location of the floorlamp, the agent must search the room based on the initial observation. Of the options given, going to a shelf or a sidetable might be the most reasonable actions, as these are common places where a plate could be taken from or placed on, and a floorlamp might be located near these furniture items.

Based on the initial observation, shelves and sidetables are mentioned, and since the plate is already in view, the next reasonable action would be to go to a location where the floorlamp is likely to be found to examine the plate.

The answer is: (8): go to sidetable 1. This choice is made with the assumption that a floorlamp may be located next to a sidetable, and the agent can then examine the plate with the floorlamp. If the floorlamp is not there, the agent can continue to search other locations like the shelves or the other sidetable.

----------------------------------------

----------------------------------------

>>> Refine Original VLM Response and Get Pure Action: go to sidetable 1

----------------------------------------

-----------------------------------------------------------------

Running time: 59.01002550125122 seconds

Total Money: 1.0415000000000003

-----------------------------------------------------------------

-----------------------------------------------------------------

Text Observation:You arrive at loc 7. On the sidetable 1, you see a floorlamp 1, a pillow 1, a laptop 1, a vase 1, a statue 1, a plate 1, a statue 2, a cellphone 1, a remotecontrol 1, a keychain 1, and a newspaper 1.

--------------------------------------------------------------------------------------------------------------------------task: 3---------------------------------------------------------
--------------------------------------------------------------------------------------------------------------------------------------------------------------------
--------------------------------------------------------------------------------------------------------------------------------------------------------------------
Step:--------------------------------------------------------------------------15-------------------------------------------------------------------------------
----------------------------------------
VLM Prompt:
Image1:
<image>
Image2:
<image>
**Instruction**
1. Analyze the provided images to identify all visible household objects and compare the difference between images (e.h. whether the object is opened or not and taken on hand or not), focusing on those relevant to the task description "examine the plate with the floorlamp."
2. Use the analysis of images and the task hint "The agent must find an object of the desired type, locate and turn on a light source with the desired object in-hand." to answer the question: what is the most reasonable action in the choices for the task description "examine the plate with the floorlamp"?
3. Decide and write the answer using the template: The answer is: (i): <selected_action>, where i is the real number. If there is no desired object in images, search every place based on **Initial Observation** to find the object. And if no one is exactly correct, choose a similar answer.

**Initial Observation**
You are in the middle of a room. Looking quickly around you, you can see armchair (1), garbagecan (1), tvstand (1), shelf (1-5), sofa (1), coffeetable (1), sidetable (1-2), drawer (1)

**Answer Choices**
(1): go to armchair 1
(2): go to garbagecan 1
(3): go to tvstand 1
(4): go to shelf 1
(5): go to shelf 2
(6): go to sofa 1
(7): go to coffeetable 1
(8): go to sidetable 2
(9): go to drawer 1
(10): go to shelf 3
(11): go to shelf 4
(12): go to shelf 5
(13): put plate 2 in/on sidetable 1
(14): use floorlamp 1
(15): examine plate 2
(16): examine sidetable 1


**Answer**
Let's think step by step by following the instructions.
----------------------------------------

----------------------------------------

Original Response:
From Image 1 and Image 2, we can identify several household objects:
- Sofa
- Coffeetable
- Shelf with objects on it
- Floorlamp
- Sidetable with a plate (plate 2) and a floorlamp
- Picture on the wall

The most relevant objects for the task description "examine the plate with the floorlamp" are the plate (visible on the sidetable in Image 2) and the floorlamp (also visible on the sidetable in Image 2).

Following the task hint, the agent must find the plate, locate and turn on the floorlamp with the plate in hand. In Image 2, we can see the plate is on the sidetable, and the floorlamp is next to it. 

Comparing the images, we don't see any significant differences in the objects' state (opened or not, taken on hand or not) related to the task. The plate remains on the sidetable, and the floorlamp appears to be off in both images.

Based on the **Initial Observation**, we know the locations of various objects, but the plate and floorlamp are already located on the sidetable (sidetable 1).

Considering all the above, the most reasonable action to "examine the plate with the floorlamp" would be to first take the plate and then use the floorlamp to examine it properly.

The answer is: (13): put plate 2 in/on sidetable 1, followed by (14): use floorlamp 1.

----------------------------------------

----------------------------------------

>>> Refine Original VLM Response and Get Pure Action: put plate 2 in/on sidetable 1, followed by (14): use floorlamp 1

----------------------------------------

-----------------------------------------------------------------

Running time: 61.04353070259094 seconds

Total Money: 1.0704900000000004

-----------------------------------------------------------------

-----------------------------------------------------------------

Text Observation:Nothing happens.

--------------------------------------------------------------------------------------------------------------------------task: 3---------------------------------------------------------
--------------------------------------------------------------------------------------------------------------------------------------------------------------------
--------------------------------------------------------------------------------------------------------------------------------------------------------------------
Step:--------------------------------------------------------------------------16-------------------------------------------------------------------------------
----------------------------------------
VLM Prompt:
Image1:
<image>
Image2:
<image>
**Instruction**
1. Analyze the provided images to identify all visible household objects and compare the difference between images (e.h. whether the object is opened or not and taken on hand or not), focusing on those relevant to the task description "examine the plate with the floorlamp."
2. Use the analysis of images and the task hint "The agent must find an object of the desired type, locate and turn on a light source with the desired object in-hand." to answer the question: what is the most reasonable action in the choices for the task description "examine the plate with the floorlamp"?
3. Decide and write the answer using the template: The answer is: (i): <selected_action>, where i is the real number. If there is no desired object in images, search every place based on **Initial Observation** to find the object. And if no one is exactly correct, choose a similar answer.

**Initial Observation**
You are in the middle of a room. Looking quickly around you, you can see armchair (1), garbagecan (1), tvstand (1), shelf (1-5), sofa (1), coffeetable (1), sidetable (1-2), drawer (1)

**Answer Choices**
(1): go to armchair 1
(2): go to garbagecan 1
(3): go to tvstand 1
(4): go to shelf 1
(5): go to shelf 2
(6): go to sofa 1
(7): go to coffeetable 1
(8): go to sidetable 2
(9): go to drawer 1
(10): go to shelf 3
(11): go to shelf 4
(12): go to shelf 5
(13): put plate 2 in/on sidetable 1
(14): use floorlamp 1
(15): examine plate 2
(16): examine sidetable 1


**Answer**
Let's think step by step by following the instructions.
----------------------------------------

----------------------------------------

Original Response:
By analyzing the images, we can see various household objects such as a shelf with items on it, a sofa with a mobile phone and a book, a coffee table with a laptop, and a sidetable with a lamp. The task is to "examine the plate with the floorlamp," which implies that we need to find a plate and a floorlamp. 

Looking at both images, there is no visible plate on any of the objects mentioned in the initial observation or answer choices. The floorlamp is also not visible in the images provided. Therefore, we need to search for these objects.

Based on the initial observation, we should look for the plate and the floorlamp at the locations mentioned. Since there is no "plate" or "floorlamp" in the answer choices, we need to find a similar action that could lead to locating these items. The most similar action would be to go to locations where such items might be found, such as a shelf or a sidetable which often have decorative items like plates and could possibly have a floorlamp near them.

The answer is: (4): go to shelf 1

----------------------------------------

----------------------------------------

>>> Refine Original VLM Response and Get Pure Action: go to shelf 1

----------------------------------------

-----------------------------------------------------------------

Running time: 10.085774421691895 seconds

Total Money: 1.0969900000000004

-----------------------------------------------------------------

-----------------------------------------------------------------

Text Observation:You arrive at loc 3. On the shelf 1, you see a television 1, a statue 3, and a creditcard 1.

--------------------------------------------------------------------------------------------------------------------------task: 3---------------------------------------------------------
--------------------------------------------------------------------------------------------------------------------------------------------------------------------
--------------------------------------------------------------------------------------------------------------------------------------------------------------------
Step:--------------------------------------------------------------------------17-------------------------------------------------------------------------------
----------------------------------------
VLM Prompt:
Image1:
<image>
Image2:
<image>
**Instruction**
1. Analyze the provided images to identify all visible household objects and compare the difference between images (e.h. whether the object is opened or not and taken on hand or not), focusing on those relevant to the task description "examine the plate with the floorlamp."
2. Use the analysis of images and the task hint "The agent must find an object of the desired type, locate and turn on a light source with the desired object in-hand." to answer the question: what is the most reasonable action in the choices for the task description "examine the plate with the floorlamp"?
3. Decide and write the answer using the template: The answer is: (i): <selected_action>, where i is the real number. If there is no desired object in images, search every place based on **Initial Observation** to find the object. And if no one is exactly correct, choose a similar answer.

**Initial Observation**
You are in the middle of a room. Looking quickly around you, you can see armchair (1), garbagecan (1), tvstand (1), shelf (1-5), sofa (1), coffeetable (1), sidetable (1-2), drawer (1)

**Answer Choices**
(1): go to armchair 1
(2): go to garbagecan 1
(3): go to tvstand 1
(4): go to shelf 2
(5): go to sofa 1
(6): go to coffeetable 1
(7): go to sidetable 2
(8): go to drawer 1
(9): go to shelf 3
(10): go to shelf 4
(11): go to shelf 5
(12): put plate 2 in/on shelf 1
(13): examine plate 2
(14): examine shelf 1


**Answer**
Let's think step by step by following the instructions.
----------------------------------------

----------------------------------------

Original Response:
First, we analyze the provided images to identify all visible household objects and their states. 

Image1: We see a shelf with objects on it, a sofa with a phone and a remote on it, a coffee table with a laptop, a book, a plate, and a cup on it, and a floor lamp behind the sofa.

Image2: We see a TV stand with a TV on it and a coffee table with a blue plate on it. 

Comparing the two images, the blue plate on the coffee table is the same in both images, indicating that it has not been moved or altered between the images.

Based on the task description "examine the plate with the floorlamp" and the task hint, the agent must find the plate (which we can see is on the coffee table in both images), locate and turn on a light source with the desired object in-hand. 

The most reasonable action from the choices to accomplish the task description would be to go to the coffee table where the plate is located and then turn on the floor lamp to examine the plate properly.

The answer is: (6): go to coffeetable 1

----------------------------------------

----------------------------------------

>>> Refine Original VLM Response and Get Pure Action: go to coffeetable 1

----------------------------------------

-----------------------------------------------------------------

Running time: 10.856296062469482 seconds

Total Money: 1.1234700000000004

-----------------------------------------------------------------

-----------------------------------------------------------------

Text Observation:You arrive at loc 6. On the coffeetable 1, you see a floorlamp 1, a vase 1, a pillow 1, a statue 1, a laptop 1, a remotecontrol 1, a cellphone 1, a plate 1, and a keychain 1.

--------------------------------------------------------------------------------------------------------------------------task: 3---------------------------------------------------------
--------------------------------------------------------------------------------------------------------------------------------------------------------------------
--------------------------------------------------------------------------------------------------------------------------------------------------------------------
Step:--------------------------------------------------------------------------18-------------------------------------------------------------------------------
----------------------------------------
VLM Prompt:
Image1:
<image>
Image2:
<image>
**Instruction**
1. Analyze the provided images to identify all visible household objects and compare the difference between images (e.h. whether the object is opened or not and taken on hand or not), focusing on those relevant to the task description "examine the plate with the floorlamp."
2. Use the analysis of images and the task hint "The agent must find an object of the desired type, locate and turn on a light source with the desired object in-hand." to answer the question: what is the most reasonable action in the choices for the task description "examine the plate with the floorlamp"?
3. Decide and write the answer using the template: The answer is: (i): <selected_action>, where i is the real number. If there is no desired object in images, search every place based on **Initial Observation** to find the object. And if no one is exactly correct, choose a similar answer.

**Initial Observation**
You are in the middle of a room. Looking quickly around you, you can see armchair (1), garbagecan (1), tvstand (1), shelf (1-5), sofa (1), coffeetable (1), sidetable (1-2), drawer (1)

**Answer Choices**
(1): go to armchair 1
(2): go to garbagecan 1
(3): go to tvstand 1
(4): go to shelf 2
(5): go to sofa 1
(6): go to sidetable 1
(7): go to sidetable 2
(8): go to drawer 1
(9): go to shelf 3
(10): go to shelf 4
(11): go to shelf 5
(12): put plate 2 in/on coffeetable 1
(13): use floorlamp 1
(14): examine plate 2
(15): examine coffeetable 1


**Answer**
Let's think step by step by following the instructions.
----------------------------------------

----------------------------------------

Original Response:
First, we analyze the provided images to identify all visible household objects. In Image 1, we have a TV on a TV stand and a trash can next to it. In Image 2, we have a sofa with some items on it, a side table next to the sofa, a floor lamp behind the sofa, and a coffee table in the foreground. There is no visible plate in either image.

Next, based on the task description "examine the plate with the floorlamp," we need to find a plate and a floor lamp. The floor lamp can be identified in Image 2 behind the sofa. However, the plate is not visible in either of the images. Therefore, we need to search every place based on the Initial Observation to find the object.

Considering the task hint "The agent must find an object of the desired type, locate and turn on a light source with the desired object in-hand," the most reasonable action would be to first locate the plate. Since the plate is not visible in the images, we must search the other areas mentioned in the Initial Observation.

The answer is: (4): go to shelf 2. This choice is made because shelves often contain plates or similar objects and it is the first shelf mentioned in the Initial Observation. If the plate is not on shelf 2, the agent would continue searching the shelves in numerical order.

----------------------------------------

----------------------------------------

>>> Refine Original VLM Response and Get Pure Action: go to shelf 2

----------------------------------------

-----------------------------------------------------------------

Running time: 24.912715911865234 seconds

Total Money: 1.1513900000000004

-----------------------------------------------------------------

-----------------------------------------------------------------

Text Observation:You arrive at loc 4. On the shelf 2, you see a television 1, a statue 3, and a creditcard 1.

--------------------------------------------------------------------------------------------------------------------------task: 3---------------------------------------------------------
--------------------------------------------------------------------------------------------------------------------------------------------------------------------
--------------------------------------------------------------------------------------------------------------------------------------------------------------------
Step:--------------------------------------------------------------------------19-------------------------------------------------------------------------------
----------------------------------------
VLM Prompt:
Image1:
<image>
Image2:
<image>
**Instruction**
1. Analyze the provided images to identify all visible household objects and compare the difference between images (e.h. whether the object is opened or not and taken on hand or not), focusing on those relevant to the task description "examine the plate with the floorlamp."
2. Use the analysis of images and the task hint "The agent must find an object of the desired type, locate and turn on a light source with the desired object in-hand." to answer the question: what is the most reasonable action in the choices for the task description "examine the plate with the floorlamp"?
3. Decide and write the answer using the template: The answer is: (i): <selected_action>, where i is the real number. If there is no desired object in images, search every place based on **Initial Observation** to find the object. And if no one is exactly correct, choose a similar answer.

**Initial Observation**
You are in the middle of a room. Looking quickly around you, you can see armchair (1), garbagecan (1), tvstand (1), shelf (1-5), sofa (1), coffeetable (1), sidetable (1-2), drawer (1)

**Answer Choices**
(1): go to armchair 1
(2): go to garbagecan 1
(3): go to tvstand 1
(4): go to sofa 1
(5): go to sidetable 1
(6): go to sidetable 2
(7): go to drawer 1
(8): go to shelf 3
(9): go to shelf 4
(10): go to shelf 5
(11): put plate 2 in/on shelf 2
(12): examine plate 2
(13): examine shelf 2


**Answer**
Let's think step by step by following the instructions.
----------------------------------------

----------------------------------------

Original Response:
First, we analyze the provided images for visible household objects and differences between the images. In Image 1, we see a sofa with a cushion and a book on it, a floor lamp next to it, a side table with nothing on it, and a blue plate on the coffee table. In Image 2, we see a TV on a TV stand, a garbage can, and the same blue plate on the coffee table.

Based on the task description "examine the plate with the floorlamp," we need to identify the plate and the floor lamp. The floor lamp is visible in Image 1, and the blue plate is visible on the coffee table in both Image 1 and Image 2.

Using the task hint, "The agent must find an object of the desired type, locate and turn on a light source with the desired object in-hand," we must find the plate and then turn on the floor lamp.

The most reasonable action from the answer choices related to the task description is to go to the coffee table where the plate is located and then examine the plate with the floor lamp nearby. Since there is no specific action to go to the coffee table and the plate is not mentioned in the answer choices, we must select an action that involves the plate.

However, the answer choices do not include any action that directly states picking up or examining the plate on the coffee table. The closest action is (12): examine plate 2, but since there is no "plate 2" mentioned in the initial observation or visible in the images, this option does not seem correct. Moreover, the action to examine a plate should be preceded by picking it up, and none of the choices reflect that sequence.

Since no choice exactly matches the necessary actions for the task, we must choose a similar answer. The closest option that involves interacting with a plate is (12): examine plate 2.

So, the answer is: (12): examine plate 2, with the understanding that this action assumes the agent has already picked up the plate from the coffee table, even though the action to do so is not explicitly mentioned in the answer choices.

----------------------------------------

----------------------------------------

>>> Refine Original VLM Response and Get Pure Action: No action

----------------------------------------

-----------------------------------------------------------------

Running time: 33.55986571311951 seconds

Total Money: 1.1837400000000005

-----------------------------------------------------------------

-----------------------------------------------------------------

Text Observation:Nothing happens.

-----------------------------------------------------------------