---------------------------------------------------------task: 12---------------------------------------------------------
--------------------------------------------------------------------------------------------------------------------------------------------------------------------
--------------------------------------------------------------------------------------------------------------------------------------------------------------------
Step:--------------------------------------------------------------------------0-------------------------------------------------------------------------------
----------------------------------------
VLM Prompt:
Image1:
<image>
**Instruction**
1. Analyze the provided image to identify all visible household objects, focusing on those relevant to the task description "clean some tomato and put it in countertop."
2. Use the analysis of the image and the task hint "The agent must find an object of the desired type, pick it up, go to a sink or a basin, clean the object with a sink or basin, and then find the correct location to place it and put it down there. The agent does not need to use soap bottle or faucet to clean the object, and the agent just needs to do action that is "clean the object with the sink or sink basin"." to answer the question: what is the most reasonable action in the choices for the task description "clean some tomato and put it in countertop"?
4. Decide and write the answer using the template: The answer is: (i): <selected_action>, where i is the real number. If there is no desired object in the image, search every place based on **Initial Observation** to find the object. And if no one is exactly correct, choose a similar answer.

**Initial Observation**
You are in the middle of a room. Looking quickly around you, you can see cabinet (1-6), microwave (1), countertop (1-2), coffeemachine (1), toaster (1), sink (1), sinkbasin (1), fridge (1)

**Answer Choices**
(1): go to cabinet 1
(2): go to cabinet 2
(3): go to cabinet 3
(4): go to microwave 1
(5): go to cabinet 4
(6): go to cabinet 5
(7): go to cabinet 6
(8): go to countertop 1
(9): go to coffeemachine 1
(10): go to toaster 1
(11): go to countertop 2
(12): go to sink 1
(13): go to sinkbasin 1
(14): go to fridge 1

**Answer**
Let's think step by step by following the instructions.
----------------------------------------

----------------------------------------

Original Response:
First, we need to find a tomato. The most likely places to find a tomato would be in the fridge or a cabinet where food might be stored. The image only shows the sink area, and since there is no tomato visible, we need to search other areas based on the initial observation.

Next, we need to clean the tomato. The image shows a sink with a faucet, which is suitable for cleaning the tomato. However, the task does not require us to use the faucet, just to clean the object with the sink or sink basin. 

Finally, we need to put the cleaned tomato on the countertop. There are two countertops mentioned in the initial observation, so we could choose either one after cleaning the tomato.

Based on this analysis, the most reasonable action to start with is to find the tomato. Since the fridge is a common place to store fresh produce, we should start by going to the fridge to find a tomato.

The answer is: (14): go to fridge 1.

----------------------------------------

----------------------------------------

>>> Refine Original VLM Response and Get Pure Action: go to fridge 1

----------------------------------------

-----------------------------------------------------------------

Running time: 7.703786611557007 seconds

Total Money: 3.4491399999999994

-----------------------------------------------------------------

-----------------------------------------------------------------

Text Observation:You arrive at loc 13. The fridge 1 is closed. 

--------------------------------------------------------------------------------------------------------------------------task: 12---------------------------------------------------------
--------------------------------------------------------------------------------------------------------------------------------------------------------------------
--------------------------------------------------------------------------------------------------------------------------------------------------------------------
Step:--------------------------------------------------------------------------1-------------------------------------------------------------------------------
----------------------------------------
VLM Prompt:
Image1:
<image>
**Instruction**
1. Analyze the provided image to identify all visible household objects, focusing on those relevant to the task description "clean some tomato and put it in countertop."
2. Use the analysis of the image and the task hint "The agent must find an object of the desired type, pick it up, go to a sink or a basin, clean the object with a sink or basin, and then find the correct location to place it and put it down there. The agent does not need to use soap bottle or faucet to clean the object, and the agent just needs to do action that is "clean the object with the sink or sink basin"." to answer the question: what is the most reasonable action in the choices for the task description "clean some tomato and put it in countertop"?
4. Decide and write the answer using the template: The answer is: (i): <selected_action>, where i is the real number. If there is no desired object in the image, search every place based on **Initial Observation** to find the object. And if no one is exactly correct, choose a similar answer.

**Initial Observation**
You are in the middle of a room. Looking quickly around you, you can see cabinet (1-6), microwave (1), countertop (1-2), coffeemachine (1), toaster (1), sink (1), sinkbasin (1), fridge (1)

**Answer Choices**
(1): go to cabinet 1
(2): go to cabinet 2
(3): go to cabinet 3
(4): go to microwave 1
(5): go to cabinet 4
(6): go to cabinet 5
(7): go to cabinet 6
(8): go to countertop 1
(9): go to coffeemachine 1
(10): go to toaster 1
(11): go to countertop 2
(12): go to sink 1
(13): go to sinkbasin 1
(14): open fridge 1
(15): close fridge 1
(16): examine fridge 1

**Answer**
Let's think step by step by following the instructions.
----------------------------------------

----------------------------------------

Original Response:
The answer is: (14): open fridge 1

----------------------------------------

----------------------------------------

>>> Refine Original VLM Response and Get Pure Action: open fridge 1

----------------------------------------

-----------------------------------------------------------------

Running time: 12.45713472366333 seconds

Total Money: 3.4620999999999995

-----------------------------------------------------------------

-----------------------------------------------------------------

Text Observation:You open the fridge 1. The fridge 1 is open. In it, you see a apple 1, and a potato 1.

--------------------------------------------------------------------------------------------------------------------------task: 12---------------------------------------------------------
--------------------------------------------------------------------------------------------------------------------------------------------------------------------
--------------------------------------------------------------------------------------------------------------------------------------------------------------------
Step:--------------------------------------------------------------------------2-------------------------------------------------------------------------------
----------------------------------------
VLM Prompt:
Image1:
<image>
**Instruction**
1. Analyze the provided image to identify all visible household objects, focusing on those relevant to the task description "clean some tomato and put it in countertop."
2. Use the analysis of the image and the task hint "The agent must find an object of the desired type, pick it up, go to a sink or a basin, clean the object with a sink or basin, and then find the correct location to place it and put it down there. The agent does not need to use soap bottle or faucet to clean the object, and the agent just needs to do action that is "clean the object with the sink or sink basin"." to answer the question: what is the most reasonable action in the choices for the task description "clean some tomato and put it in countertop"?
4. Decide and write the answer using the template: The answer is: (i): <selected_action>, where i is the real number. If there is no desired object in the image, search every place based on **Initial Observation** to find the object. And if no one is exactly correct, choose a similar answer.

**Initial Observation**
You are in the middle of a room. Looking quickly around you, you can see cabinet (1-6), microwave (1), countertop (1-2), coffeemachine (1), toaster (1), sink (1), sinkbasin (1), fridge (1)

**Answer Choices**
(1): go to cabinet 1
(2): go to cabinet 2
(3): go to cabinet 3
(4): go to microwave 1
(5): go to cabinet 4
(6): go to cabinet 5
(7): go to cabinet 6
(8): go to countertop 1
(9): go to coffeemachine 1
(10): go to toaster 1
(11): go to countertop 2
(12): go to sink 1
(13): go to sinkbasin 1
(14): close fridge 1
(15): take apple 1 from fridge 1
(16): take potato 1 from fridge 1
(17): examine fridge 1

**Answer**
Let's think step by step by following the instructions.
----------------------------------------

----------------------------------------

Original Response:
First, we need to identify any relevant objects in the image provided. In the image, we can see a shelf with what appear to be a potato and a tomato on it. The task description mentions "clean some tomato," so the tomato is the relevant object we are looking for.

Next, based on the task hint, the agent must find the tomato, pick it up, clean it, and then place it on a countertop. Since we've identified the tomato in the image, the next step is to pick it up.

Looking at the answer choices, there is no option to pick up the tomato directly. However, the tomato appears to be on a shelf that could be part of a cabinet. Since we are in the middle of the room, we can assume that the shelf with the tomato is one of the cabinets mentioned in the initial observation.

The most reasonable action would be to go to the shelf (cabinet) where the tomato is located, pick it up, and then proceed to clean it at the sink or sinkbasin before placing it on the countertop.

The answer is: (3): go to cabinet 3.

----------------------------------------

----------------------------------------

>>> Refine Original VLM Response and Get Pure Action: go to cabinet 3

----------------------------------------

-----------------------------------------------------------------

Running time: 14.405893325805664 seconds

Total Money: 3.4815099999999997

-----------------------------------------------------------------

-----------------------------------------------------------------

Text Observation:You arrive at loc 2. The cabinet 3 is closed. 

--------------------------------------------------------------------------------------------------------------------------task: 12---------------------------------------------------------
--------------------------------------------------------------------------------------------------------------------------------------------------------------------
--------------------------------------------------------------------------------------------------------------------------------------------------------------------
Step:--------------------------------------------------------------------------3-------------------------------------------------------------------------------
----------------------------------------
VLM Prompt:
Image1:
<image>
**Instruction**
1. Analyze the provided image to identify all visible household objects, focusing on those relevant to the task description "clean some tomato and put it in countertop."
2. Use the analysis of the image and the task hint "The agent must find an object of the desired type, pick it up, go to a sink or a basin, clean the object with a sink or basin, and then find the correct location to place it and put it down there. The agent does not need to use soap bottle or faucet to clean the object, and the agent just needs to do action that is "clean the object with the sink or sink basin"." to answer the question: what is the most reasonable action in the choices for the task description "clean some tomato and put it in countertop"?
4. Decide and write the answer using the template: The answer is: (i): <selected_action>, where i is the real number. If there is no desired object in the image, search every place based on **Initial Observation** to find the object. And if no one is exactly correct, choose a similar answer.

**Initial Observation**
You are in the middle of a room. Looking quickly around you, you can see cabinet (1-6), microwave (1), countertop (1-2), coffeemachine (1), toaster (1), sink (1), sinkbasin (1), fridge (1)

**Answer Choices**
(1): go to cabinet 1
(2): go to cabinet 2
(3): go to microwave 1
(4): go to cabinet 4
(5): go to cabinet 5
(6): go to cabinet 6
(7): go to countertop 1
(8): go to coffeemachine 1
(9): go to toaster 1
(10): go to countertop 2
(11): go to sink 1
(12): go to sinkbasin 1
(13): open cabinet 3
(14): close cabinet 3
(15): examine cabinet 3

**Answer**
Let's think step by step by following the instructions.
----------------------------------------

----------------------------------------

Original Response:
First, we need to find a tomato, which is likely to be stored in a cabinet or the fridge. The image shows cabinet 3, which is closed, so we don't know if there's a tomato inside. 

Based on the initial observation, we have multiple cabinets and a fridge as options to search for the tomato. The task description does not specify which cabinet or if the tomato is in the fridge, so we need to search the most likely places. Cabinets are commonly used to store non-perishable items, while fridges are for perishable items like tomatoes. However, the task description suggests "clean some tomato," implying it's not stored in the fridge; otherwise, it would likely already be clean. 

The image provided shows cabinet 3 which is closed, and since we are looking for a tomato to clean, it seems reasonable to first look inside the cabinet before proceeding to cleaning it in the sink or sink basin.

Based on this analysis, the most reasonable action would be to open cabinet 3 to search for the tomato.

The answer is: (13): open cabinet 3.

----------------------------------------

----------------------------------------

>>> Refine Original VLM Response and Get Pure Action: open cabinet 3

----------------------------------------

-----------------------------------------------------------------

Running time: 7.8021464347839355 seconds

Total Money: 3.5004599999999995

-----------------------------------------------------------------

-----------------------------------------------------------------

Text Observation:You open the cabinet 3. The cabinet 3 is open. In it, you see a peppershaker 1.

--------------------------------------------------------------------------------------------------------------------------task: 12---------------------------------------------------------
--------------------------------------------------------------------------------------------------------------------------------------------------------------------
--------------------------------------------------------------------------------------------------------------------------------------------------------------------
Step:--------------------------------------------------------------------------4-------------------------------------------------------------------------------
----------------------------------------
VLM Prompt:
Image1:
<image>
**Instruction**
1. Analyze the provided image to identify all visible household objects, focusing on those relevant to the task description "clean some tomato and put it in countertop."
2. Use the analysis of the image and the task hint "The agent must find an object of the desired type, pick it up, go to a sink or a basin, clean the object with a sink or basin, and then find the correct location to place it and put it down there. The agent does not need to use soap bottle or faucet to clean the object, and the agent just needs to do action that is "clean the object with the sink or sink basin"." to answer the question: what is the most reasonable action in the choices for the task description "clean some tomato and put it in countertop"?
4. Decide and write the answer using the template: The answer is: (i): <selected_action>, where i is the real number. If there is no desired object in the image, search every place based on **Initial Observation** to find the object. And if no one is exactly correct, choose a similar answer.

**Initial Observation**
You are in the middle of a room. Looking quickly around you, you can see cabinet (1-6), microwave (1), countertop (1-2), coffeemachine (1), toaster (1), sink (1), sinkbasin (1), fridge (1)

**Answer Choices**
(1): go to cabinet 1
(2): go to cabinet 2
(3): go to microwave 1
(4): go to cabinet 4
(5): go to cabinet 5
(6): go to cabinet 6
(7): go to countertop 1
(8): go to coffeemachine 1
(9): go to toaster 1
(10): go to countertop 2
(11): go to sink 1
(12): go to sinkbasin 1
(13): go to fridge 1
(14): close cabinet 3
(15): take peppershaker 1 from cabinet 3
(16): examine cabinet 3

**Answer**
Let's think step by step by following the instructions.
----------------------------------------

----------------------------------------

Original Response:
The task is to clean some tomato and put it on the countertop. The image provided shows cabinet 3, which is closed, and a pepper shaker on the shelf below it. There are no tomatoes visible in the image.

Based on the initial observation, the agent is in the middle of a room surrounded by various objects, including a sink and a sink basin, which will be needed to clean the tomato.

Since the tomato is not visible in the image, the agent must search for it. The tomato is likely to be in the fridge or a cabinet.

The most reasonable action from the choices provided would be to first find the tomato. Since the fridge is a common place to store tomatoes, the agent should go to the fridge to check for tomatoes.

The answer is: (13): go to fridge 1.

----------------------------------------

----------------------------------------

>>> Refine Original VLM Response and Get Pure Action: go to fridge 1

----------------------------------------

-----------------------------------------------------------------

Running time: 7.227044105529785 seconds

Total Money: 3.5178199999999995

-----------------------------------------------------------------

-----------------------------------------------------------------

Text Observation:You arrive at loc 13. The fridge 1 is open. On the fridge 1, you see a apple 1, and a potato 1.

--------------------------------------------------------------------------------------------------------------------------task: 12---------------------------------------------------------
--------------------------------------------------------------------------------------------------------------------------------------------------------------------
--------------------------------------------------------------------------------------------------------------------------------------------------------------------
Step:--------------------------------------------------------------------------5-------------------------------------------------------------------------------
----------------------------------------
VLM Prompt:
Image1:
<image>
**Instruction**
1. Analyze the provided image to identify all visible household objects, focusing on those relevant to the task description "clean some tomato and put it in countertop."
2. Use the analysis of the image and the task hint "The agent must find an object of the desired type, pick it up, go to a sink or a basin, clean the object with a sink or basin, and then find the correct location to place it and put it down there. The agent does not need to use soap bottle or faucet to clean the object, and the agent just needs to do action that is "clean the object with the sink or sink basin"." to answer the question: what is the most reasonable action in the choices for the task description "clean some tomato and put it in countertop"?
4. Decide and write the answer using the template: The answer is: (i): <selected_action>, where i is the real number. If there is no desired object in the image, search every place based on **Initial Observation** to find the object. And if no one is exactly correct, choose a similar answer.

**Initial Observation**
You are in the middle of a room. Looking quickly around you, you can see cabinet (1-6), microwave (1), countertop (1-2), coffeemachine (1), toaster (1), sink (1), sinkbasin (1), fridge (1)

**Answer Choices**
(1): go to cabinet 1
(2): go to cabinet 2
(3): go to microwave 1
(4): go to cabinet 4
(5): go to cabinet 5
(6): go to cabinet 6
(7): go to countertop 1
(8): go to coffeemachine 1
(9): go to toaster 1
(10): go to countertop 2
(11): go to sink 1
(12): go to sinkbasin 1
(13): open fridge 1
(14): close fridge 1
(15): take apple 1 from fridge 1
(16): take potato 1 from fridge 1
(17): examine fridge 1

**Answer**
Let's think step by step by following the instructions.
----------------------------------------

----------------------------------------

Original Response:
The task is to clean some tomato and put it on the countertop. Analyzing the image provided, we can see a tomato on a shelf, which is relevant to the task. Since the tomato is already visible and accessible, the agent does not need to search for it in cabinets or other appliances.

The next step is to clean the tomato. According to the task hint, the agent must find a sink or basin to clean the object. The image does not show a sink or basin, so we must rely on the initial observation. The initial observation mentions a sink (1) and a sinkbasin (1).

After cleaning the tomato, the agent needs to place it on the countertop. The initial observation mentions two countertops, countertop (1) and countertop (2). 

Based on the information provided, the most reasonable actions for the task are:
- Pick up the tomato from the shelf (visible in the image).
- Go to sink 1 or sinkbasin 1 to clean the tomato (based on initial observation).
- Go to countertop 1 or countertop 2 to place the cleaned tomato (based on initial observation).

Since the answer choices do not include an action to pick up the tomato, we can only select actions that involve going to the sink or sinkbasin and then to the countertop. Among the answer choices, the relevant actions would be:

(11): go to sink 1
(12): go to sinkbasin 1
(7): go to countertop 1
(10): go to countertop 2

Because the agent first needs to clean the tomato before placing it on the countertop, the first action should be to go to the sink or basin.

The answer is: (11): go to sink 1 or (12): go to sinkbasin 1.

----------------------------------------

----------------------------------------

>>> Refine Original VLM Response and Get Pure Action: go to sink 1 or (12): go to sinkbasin 1

----------------------------------------

-----------------------------------------------------------------

Running time: 16.436242818832397 seconds

Total Money: 3.5415699999999997

-----------------------------------------------------------------

-----------------------------------------------------------------

Text Observation:Nothing happens.

--------------------------------------------------------------------------------------------------------------------------task: 12---------------------------------------------------------
--------------------------------------------------------------------------------------------------------------------------------------------------------------------
--------------------------------------------------------------------------------------------------------------------------------------------------------------------
Step:--------------------------------------------------------------------------6-------------------------------------------------------------------------------
----------------------------------------
VLM Prompt:
Image1:
<image>
**Instruction**
1. Analyze the provided image to identify all visible household objects, focusing on those relevant to the task description "clean some tomato and put it in countertop."
2. Use the analysis of the image and the task hint "The agent must find an object of the desired type, pick it up, go to a sink or a basin, clean the object with a sink or basin, and then find the correct location to place it and put it down there. The agent does not need to use soap bottle or faucet to clean the object, and the agent just needs to do action that is "clean the object with the sink or sink basin"." to answer the question: what is the most reasonable action in the choices for the task description "clean some tomato and put it in countertop"?
4. Decide and write the answer using the template: The answer is: (i): <selected_action>, where i is the real number. If there is no desired object in the image, search every place based on **Initial Observation** to find the object. And if no one is exactly correct, choose a similar answer.

**Initial Observation**
You are in the middle of a room. Looking quickly around you, you can see cabinet (1-6), microwave (1), countertop (1-2), coffeemachine (1), toaster (1), sink (1), sinkbasin (1), fridge (1)

**Answer Choices**
(1): go to cabinet 1
(2): go to cabinet 2
(3): go to cabinet 3
(4): go to microwave 1
(5): go to cabinet 4
(6): go to cabinet 5
(7): go to cabinet 6
(8): go to countertop 1
(9): go to coffeemachine 1
(10): go to toaster 1
(11): go to countertop 2
(12): go to sink 1
(13): go to sinkbasin 1
(14): open fridge 1
(15): close fridge 1
(16): take apple 1 from fridge 1
(17): take potato 1 from fridge 1
(18): examine fridge 1

**Answer**
Let's think step by step by following the instructions.
----------------------------------------

----------------------------------------

Original Response:
Firstly, we need to identify all visible household objects relevant to the task "clean some tomato and put it in countertop." From the image, we can see there is a tomato on the shelf that is relevant to the task.

The task description and hint indicate that the agent must find a tomato, clean it, and place it on the countertop. Since we can already see a tomato in the image, there is no need to search every place based on the Initial Observation.

The next step is to clean the tomato. The agent does not need to use soap or a faucet, but must use a sink or sink basin to clean the object. Therefore, the action to "go to sink 1" or "go to sinkbasin 1" would be the most relevant to the task of cleaning the tomato.

Finally, the agent needs to put the cleaned tomato on the countertop. Since the task does not specify which countertop to use, either "go to countertop 1" or "go to countertop 2" would be a reasonable action.

Based on the analysis, the most reasonable action for the task description "clean some tomato and put it in countertop" would be to first go to the sink or sink basin to clean the tomato, and then go to the countertop to place it.

The answer is: (12): go to sink 1 or (13): go to sinkbasin 1 for cleaning the tomato, and then (8): go to countertop 1 or (11): go to countertop 2 for placing the tomato. However, since we have to select one action, the immediate next step after identifying the tomato would be to clean it.

The answer is: (12): go to sink 1.

----------------------------------------

----------------------------------------

>>> Refine Original VLM Response and Get Pure Action: go to sink 1 or (13): go to sinkbasin 1 for cleaning the tomato, and then (8): go to countertop 1 or (11): go to countertop 2 for placing the tomato

----------------------------------------

-----------------------------------------------------------------

Running time: 18.83025884628296 seconds

Total Money: 3.5648999999999997

-----------------------------------------------------------------

-----------------------------------------------------------------

Text Observation:Nothing happens.

--------------------------------------------------------------------------------------------------------------------------task: 12---------------------------------------------------------
--------------------------------------------------------------------------------------------------------------------------------------------------------------------
--------------------------------------------------------------------------------------------------------------------------------------------------------------------
Step:--------------------------------------------------------------------------7-------------------------------------------------------------------------------
----------------------------------------
VLM Prompt:
Image1:
<image>
**Instruction**
1. Analyze the provided image to identify all visible household objects, focusing on those relevant to the task description "clean some tomato and put it in countertop."
2. Use the analysis of the image and the task hint "The agent must find an object of the desired type, pick it up, go to a sink or a basin, clean the object with a sink or basin, and then find the correct location to place it and put it down there. The agent does not need to use soap bottle or faucet to clean the object, and the agent just needs to do action that is "clean the object with the sink or sink basin"." to answer the question: what is the most reasonable action in the choices for the task description "clean some tomato and put it in countertop"?
4. Decide and write the answer using the template: The answer is: (i): <selected_action>, where i is the real number. If there is no desired object in the image, search every place based on **Initial Observation** to find the object. And if no one is exactly correct, choose a similar answer.

**Initial Observation**
You are in the middle of a room. Looking quickly around you, you can see cabinet (1-6), microwave (1), countertop (1-2), coffeemachine (1), toaster (1), sink (1), sinkbasin (1), fridge (1)

**Answer Choices**
(1): go to cabinet 1
(2): go to cabinet 2
(3): go to cabinet 3
(4): go to microwave 1
(5): go to cabinet 4
(6): go to cabinet 5
(7): go to cabinet 6
(8): go to countertop 1
(9): go to coffeemachine 1
(10): go to toaster 1
(11): go to countertop 2
(12): go to sink 1
(13): go to sinkbasin 1
(14): open fridge 1
(15): close fridge 1
(16): take apple 1 from fridge 1
(17): take potato 1 from fridge 1
(18): examine fridge 1

**Answer**
Let's think step by step by following the instructions.
----------------------------------------

----------------------------------------

Original Response:
The task description is "clean some tomato and put it in countertop." From the image provided, we can identify an object that resembles a tomato on the shelf. This is the object relevant to the task description. 

According to the task hint, the agent must find an object of the desired type, which in this case is a tomato, pick it up, go to a sink or a basin, clean the object, and then find the correct location to place it and put it down there. 

Based on the **Initial Observation**, we know that there is a sink (1) and a sinkbasin (1) available for cleaning the tomato. After cleaning the tomato, the agent needs to place it on a countertop. There are two countertops mentioned in the observation, countertop (1-2).

Since the image shows a tomato on the shelf, the most reasonable action for the agent to perform first would be to take the tomato. However, the action of taking the tomato is not provided in the answer choices.

The next reasonable action would be to go to the sink or sinkbasin to clean the tomato. Among the answer choices, going to the sink (12) or the sinkbasin (13) would be the next best actions to perform the task of cleaning a tomato.

Since the action of taking the tomato is not an option, and the agent must go to the sink or sinkbasin to clean it, the answer is:
The answer is: (12): go to sink 1 or (13): go to sinkbasin 1.

----------------------------------------

----------------------------------------

>>> Refine Original VLM Response and Get Pure Action: go to sink 1 or (13): go to sinkbasin 1

----------------------------------------

-----------------------------------------------------------------

Running time: 16.61589550971985 seconds

Total Money: 3.5869999999999997

-----------------------------------------------------------------

-----------------------------------------------------------------

Text Observation:Nothing happens.

--------------------------------------------------------------------------------------------------------------------------task: 12---------------------------------------------------------
--------------------------------------------------------------------------------------------------------------------------------------------------------------------
--------------------------------------------------------------------------------------------------------------------------------------------------------------------
Step:--------------------------------------------------------------------------8-------------------------------------------------------------------------------
----------------------------------------
VLM Prompt:
Image1:
<image>
**Instruction**
1. Analyze the provided image to identify all visible household objects, focusing on those relevant to the task description "clean some tomato and put it in countertop."
2. Use the analysis of the image and the task hint "The agent must find an object of the desired type, pick it up, go to a sink or a basin, clean the object with a sink or basin, and then find the correct location to place it and put it down there. The agent does not need to use soap bottle or faucet to clean the object, and the agent just needs to do action that is "clean the object with the sink or sink basin"." to answer the question: what is the most reasonable action in the choices for the task description "clean some tomato and put it in countertop"?
4. Decide and write the answer using the template: The answer is: (i): <selected_action>, where i is the real number. If there is no desired object in the image, search every place based on **Initial Observation** to find the object. And if no one is exactly correct, choose a similar answer.

**Initial Observation**
You are in the middle of a room. Looking quickly around you, you can see cabinet (1-6), microwave (1), countertop (1-2), coffeemachine (1), toaster (1), sink (1), sinkbasin (1), fridge (1)

**Answer Choices**
(1): go to cabinet 1
(2): go to cabinet 2
(3): go to cabinet 3
(4): go to microwave 1
(5): go to cabinet 4
(6): go to cabinet 5
(7): go to cabinet 6
(8): go to countertop 1
(9): go to coffeemachine 1
(10): go to toaster 1
(11): go to countertop 2
(12): go to sink 1
(13): go to sinkbasin 1
(14): open fridge 1
(15): close fridge 1
(16): take apple 1 from fridge 1
(17): take potato 1 from fridge 1
(18): examine fridge 1

**Answer**
Let's think step by step by following the instructions.
----------------------------------------

----------------------------------------

Original Response:
First, we need to identify the tomato to clean it and put it on the countertop as described in the task. In the image provided, we can see a tomato on a shelf. There is no need to search cabinets or the fridge for a tomato as it is already visible in the image.

Next, we need to clean the tomato. The task hint specifies that the agent must take the object to a sink or basin to clean it. We do not need to use soap or a faucet, just the action of "clean the object with the sink or sink basin."

Finally, we need to place the cleaned tomato on the countertop. The image does not specify which countertop, but we can assume it is one that is near the sink for convenience.

Based on the Initial Observation, there is a sink (1) and a sink basin (1) mentioned. Since we have located the tomato and the next step is to clean it, we should go to the sink or sink basin.

The most reasonable action from the given choices would be to go to the sink or sink basin to clean the tomato. The answer is: (12): go to sink 1 or (13): go to sinkbasin 1. Since we can choose only one action, we will select the one that refers to the main object for cleaning purposes.

The answer is: (12): go to sink 1.

----------------------------------------

----------------------------------------

>>> Refine Original VLM Response and Get Pure Action: go to sink 1 or (13): go to sinkbasin 1

----------------------------------------

-----------------------------------------------------------------

Running time: 15.824735164642334 seconds

Total Money: 3.6080499999999995

-----------------------------------------------------------------

-----------------------------------------------------------------

Text Observation:Nothing happens.

--------------------------------------------------------------------------------------------------------------------------task: 12---------------------------------------------------------
--------------------------------------------------------------------------------------------------------------------------------------------------------------------
--------------------------------------------------------------------------------------------------------------------------------------------------------------------
Step:--------------------------------------------------------------------------9-------------------------------------------------------------------------------
----------------------------------------
VLM Prompt:
Image1:
<image>
**Instruction**
1. Analyze the provided image to identify all visible household objects, focusing on those relevant to the task description "clean some tomato and put it in countertop."
2. Use the analysis of the image and the task hint "The agent must find an object of the desired type, pick it up, go to a sink or a basin, clean the object with a sink or basin, and then find the correct location to place it and put it down there. The agent does not need to use soap bottle or faucet to clean the object, and the agent just needs to do action that is "clean the object with the sink or sink basin"." to answer the question: what is the most reasonable action in the choices for the task description "clean some tomato and put it in countertop"?
4. Decide and write the answer using the template: The answer is: (i): <selected_action>, where i is the real number. If there is no desired object in the image, search every place based on **Initial Observation** to find the object. And if no one is exactly correct, choose a similar answer.

**Initial Observation**
You are in the middle of a room. Looking quickly around you, you can see cabinet (1-6), microwave (1), countertop (1-2), coffeemachine (1), toaster (1), sink (1), sinkbasin (1), fridge (1)

**Answer Choices**
(1): go to cabinet 1
(2): go to cabinet 2
(3): go to cabinet 3
(4): go to microwave 1
(5): go to cabinet 4
(6): go to cabinet 5
(7): go to cabinet 6
(8): go to countertop 1
(9): go to coffeemachine 1
(10): go to toaster 1
(11): go to countertop 2
(12): go to sink 1
(13): go to sinkbasin 1
(14): open fridge 1
(15): close fridge 1
(16): take apple 1 from fridge 1
(17): take potato 1 from fridge 1
(18): examine fridge 1

**Answer**
Let's think step by step by following the instructions.
----------------------------------------

----------------------------------------

Original Response:
The task is to clean some tomato and put it on the countertop. From the image provided, we can clearly see a tomato on the shelf. 

The first step is to pick up the tomato, but since there is no "pick up tomato" option, we will skip to the next relevant step, which is cleaning the tomato. The task hint specifies that the agent must go to a sink or basin to clean the object. Therefore, the most reasonable action from the choices given would be to go to the sink or sinkbasin to clean the tomato.

After cleaning the tomato, the agent needs to put it on the countertop. Since the task does not specify which countertop to use, we can choose either countertop 1 or countertop 2. However, since the image only shows one countertop and it's not specified as countertop 1 or 2, we will select the option to go to the visible countertop.

The answer is: (12): go to sink 1 for cleaning the tomato and then (8): go to countertop 1 to place the clean tomato.

----------------------------------------

----------------------------------------

>>> Refine Original VLM Response and Get Pure Action: go to sink 1 for cleaning the tomato and then (8): go to countertop 1 to place the clean tomato

----------------------------------------

-----------------------------------------------------------------

Running time: 8.733783960342407 seconds

Total Money: 3.6273599999999995

-----------------------------------------------------------------

-----------------------------------------------------------------

Text Observation:Nothing happens.

--------------------------------------------------------------------------------------------------------------------------task: 12---------------------------------------------------------
--------------------------------------------------------------------------------------------------------------------------------------------------------------------
--------------------------------------------------------------------------------------------------------------------------------------------------------------------
Step:--------------------------------------------------------------------------10-------------------------------------------------------------------------------
----------------------------------------
VLM Prompt:
Image1:
<image>
**Instruction**
1. Analyze the provided image to identify all visible household objects, focusing on those relevant to the task description "clean some tomato and put it in countertop."
2. Use the analysis of the image and the task hint "The agent must find an object of the desired type, pick it up, go to a sink or a basin, clean the object with a sink or basin, and then find the correct location to place it and put it down there. The agent does not need to use soap bottle or faucet to clean the object, and the agent just needs to do action that is "clean the object with the sink or sink basin"." to answer the question: what is the most reasonable action in the choices for the task description "clean some tomato and put it in countertop"?
4. Decide and write the answer using the template: The answer is: (i): <selected_action>, where i is the real number. If there is no desired object in the image, search every place based on **Initial Observation** to find the object. And if no one is exactly correct, choose a similar answer.

**Initial Observation**
You are in the middle of a room. Looking quickly around you, you can see cabinet (1-6), microwave (1), countertop (1-2), coffeemachine (1), toaster (1), sink (1), sinkbasin (1), fridge (1)

**Answer Choices**
(1): go to cabinet 1
(2): go to cabinet 2
(3): go to cabinet 3
(4): go to microwave 1
(5): go to cabinet 4
(6): go to cabinet 5
(7): go to cabinet 6
(8): go to countertop 1
(9): go to coffeemachine 1
(10): go to toaster 1
(11): go to countertop 2
(12): go to sink 1
(13): go to sinkbasin 1
(14): open fridge 1
(15): close fridge 1
(16): take apple 1 from fridge 1
(17): take potato 1 from fridge 1
(18): examine fridge 1

**Answer**
Let's think step by step by following the instructions.
----------------------------------------

----------------------------------------

Original Response:
The task is to clean a tomato and put it on the countertop. The image shows a tomato on a shelf, which is likely the object we need to clean. Since the image does not show a sink or sink basin, we need to follow the initial observation to find these objects.

Based on the initial observation, we have a sink (1) and sinkbasin (1) available. After picking up the tomato, we should go to either of these locations to clean the tomato. The instructions mention that we do not need to use a soap bottle or faucet, so we can assume the action of cleaning does not require any additional steps other than using the sink or sink basin.

After cleaning the tomato, we need to place it on the countertop. The initial observation lists two countertops (1-2), so we have options for where to place the cleaned tomato.

Considering these steps, the most reasonable action from the answer choices to complete the task description is to first go to the sink or sinkbasin to clean the tomato, and then go to a countertop to place it down. However, the answer choices do not include picking up the tomato, which is a necessary step before cleaning it. Since we must choose the most reasonable action with the given choices, we can assume the tomato has already been picked up, and we move on to the cleaning step.

The answer is: (13): go to sinkbasin 1

----------------------------------------

----------------------------------------

>>> Refine Original VLM Response and Get Pure Action: go to sinkbasin 1

----------------------------------------

-----------------------------------------------------------------

Running time: 9.961461782455444 seconds

Total Money: 3.6486199999999993

-----------------------------------------------------------------

-----------------------------------------------------------------

Text Observation:You arrive at loc 12. On the sinkbasin 1, you see a faucet 1, and a plate 1.

--------------------------------------------------------------------------------------------------------------------------task: 12---------------------------------------------------------
--------------------------------------------------------------------------------------------------------------------------------------------------------------------
--------------------------------------------------------------------------------------------------------------------------------------------------------------------
Step:--------------------------------------------------------------------------11-------------------------------------------------------------------------------
----------------------------------------
VLM Prompt:
Image1:
<image>
**Instruction**
1. Analyze the provided image to identify all visible household objects, focusing on those relevant to the task description "clean some tomato and put it in countertop."
2. Use the analysis of the image and the task hint "The agent must find an object of the desired type, pick it up, go to a sink or a basin, clean the object with a sink or basin, and then find the correct location to place it and put it down there. The agent does not need to use soap bottle or faucet to clean the object, and the agent just needs to do action that is "clean the object with the sink or sink basin"." to answer the question: what is the most reasonable action in the choices for the task description "clean some tomato and put it in countertop"?
4. Decide and write the answer using the template: The answer is: (i): <selected_action>, where i is the real number. If there is no desired object in the image, search every place based on **Initial Observation** to find the object. And if no one is exactly correct, choose a similar answer.

**Initial Observation**
You are in the middle of a room. Looking quickly around you, you can see cabinet (1-6), microwave (1), countertop (1-2), coffeemachine (1), toaster (1), sink (1), sinkbasin (1), fridge (1)

**Answer Choices**
(1): go to cabinet 1
(2): go to cabinet 2
(3): go to cabinet 3
(4): go to microwave 1
(5): go to cabinet 4
(6): go to cabinet 5
(7): go to cabinet 6
(8): go to countertop 1
(9): go to coffeemachine 1
(10): go to toaster 1
(11): go to countertop 2
(12): go to sink 1
(13): go to fridge 1
(14): take faucet 1 from sinkbasin 1
(15): take plate 1 from sinkbasin 1
(16): examine sinkbasin 1

**Answer**
Let's think step by step by following the instructions.
----------------------------------------

----------------------------------------

Original Response:
The task is to clean some tomato and put it on the countertop. Looking at the image, we can see a sink and a sink basin, which will be used to clean the tomato. The countertops are not visible in the image, but they are mentioned in the Initial Observation.

First, we need to find the tomato, which is likely to be in the fridge or a cabinet where food is usually stored. The image does not show any tomato, so we need to search for it based on the Initial Observation.

Once we have the tomato, the next step is to clean it, which involves going to the sink (option 12). After cleaning, we need to place the tomato on the countertop (either option 8 or 11).

Since the image does not show the tomato and we need to find it first before we can clean it, the most reasonable first action would be to go to the fridge where the tomato is likely stored.

The answer is: (13): go to fridge 1.

----------------------------------------

----------------------------------------

>>> Refine Original VLM Response and Get Pure Action: go to fridge 1

----------------------------------------

-----------------------------------------------------------------

Running time: 12.766307830810547 seconds

Total Money: 3.667179999999999

-----------------------------------------------------------------

-----------------------------------------------------------------

Text Observation:You arrive at loc 13. The fridge 1 is open. On the fridge 1, you see a apple 1, and a potato 1.

--------------------------------------------------------------------------------------------------------------------------task: 12---------------------------------------------------------
--------------------------------------------------------------------------------------------------------------------------------------------------------------------
--------------------------------------------------------------------------------------------------------------------------------------------------------------------
Step:--------------------------------------------------------------------------12-------------------------------------------------------------------------------
----------------------------------------
VLM Prompt:
Image1:
<image>
**Instruction**
1. Analyze the provided image to identify all visible household objects, focusing on those relevant to the task description "clean some tomato and put it in countertop."
2. Use the analysis of the image and the task hint "The agent must find an object of the desired type, pick it up, go to a sink or a basin, clean the object with a sink or basin, and then find the correct location to place it and put it down there. The agent does not need to use soap bottle or faucet to clean the object, and the agent just needs to do action that is "clean the object with the sink or sink basin"." to answer the question: what is the most reasonable action in the choices for the task description "clean some tomato and put it in countertop"?
4. Decide and write the answer using the template: The answer is: (i): <selected_action>, where i is the real number. If there is no desired object in the image, search every place based on **Initial Observation** to find the object. And if no one is exactly correct, choose a similar answer.

**Initial Observation**
You are in the middle of a room. Looking quickly around you, you can see cabinet (1-6), microwave (1), countertop (1-2), coffeemachine (1), toaster (1), sink (1), sinkbasin (1), fridge (1)

**Answer Choices**
(1): go to cabinet 1
(2): go to cabinet 2
(3): go to cabinet 3
(4): go to microwave 1
(5): go to cabinet 4
(6): go to cabinet 5
(7): go to cabinet 6
(8): go to countertop 1
(9): go to coffeemachine 1
(10): go to toaster 1
(11): go to countertop 2
(12): go to sink 1
(13): open fridge 1
(14): close fridge 1
(15): take apple 1 from fridge 1
(16): take potato 1 from fridge 1
(17): examine fridge 1

**Answer**
Let's think step by step by following the instructions.
----------------------------------------

----------------------------------------

Original Response:
First, we analyze the image and identify all visible household objects. The image shows a shelving unit with a tomato and a potato on one of the shelves. The task description mentions cleaning a tomato, so we can assume the tomato is the object we need to interact with.

Next, we consider the task hint, which states that the agent must find the object (tomato), pick it up, go to a sink or basin, clean the object, and then place it on the countertop. The agent does not need to use a soap bottle or faucet, just the action of cleaning with a sink or basin.

Based on the initial observation, there are cabinets, a microwave, countertops, a coffee machine, a toaster, a sink, a sink basin, and a fridge in the room. Since the image shows the tomato on the shelving unit, we do not need to search every place to find it.

Given the provided answer choices, the most reasonable action to accomplish the task description "clean some tomato and put it in countertop" would be to take the tomato from the shelving unit and then proceed to the sink to clean it. However, there are no options to take the tomato from the shelf or clean it at the sink. The closest action would be going to the countertop, where the agent can place the tomato after cleaning. Since the image shows a shelf and not a countertop, we assume that the shelf is being referred to as "countertop 2" for the purpose of this task.

The answer is: (11): go to countertop 2.

----------------------------------------

----------------------------------------

>>> Refine Original VLM Response and Get Pure Action: go to countertop 2

----------------------------------------

-----------------------------------------------------------------

Running time: 13.331977844238281 seconds

Total Money: 3.6892899999999993

-----------------------------------------------------------------

-----------------------------------------------------------------

Text Observation:You arrive at loc 10. On the countertop 2, you see a ladle 1, a tomato 1, a knife 1, a spatula 1, and a plate 1.

--------------------------------------------------------------------------------------------------------------------------task: 12---------------------------------------------------------
--------------------------------------------------------------------------------------------------------------------------------------------------------------------
--------------------------------------------------------------------------------------------------------------------------------------------------------------------
Step:--------------------------------------------------------------------------13-------------------------------------------------------------------------------
----------------------------------------
VLM Prompt:
Image1:
<image>
**Instruction**
1. Analyze the provided image to identify all visible household objects, focusing on those relevant to the task description "clean some tomato and put it in countertop."
2. Use the analysis of the image and the task hint "The agent must find an object of the desired type, pick it up, go to a sink or a basin, clean the object with a sink or basin, and then find the correct location to place it and put it down there. The agent does not need to use soap bottle or faucet to clean the object, and the agent just needs to do action that is "clean the object with the sink or sink basin"." to answer the question: what is the most reasonable action in the choices for the task description "clean some tomato and put it in countertop"?
4. Decide and write the answer using the template: The answer is: (i): <selected_action>, where i is the real number. If there is no desired object in the image, search every place based on **Initial Observation** to find the object. And if no one is exactly correct, choose a similar answer.

**Initial Observation**
You are in the middle of a room. Looking quickly around you, you can see cabinet (1-6), microwave (1), countertop (1-2), coffeemachine (1), toaster (1), sink (1), sinkbasin (1), fridge (1)

**Answer Choices**
(1): go to cabinet 1
(2): go to cabinet 2
(3): go to cabinet 3
(4): go to microwave 1
(5): go to cabinet 4
(6): go to cabinet 5
(7): go to cabinet 6
(8): go to countertop 1
(9): go to coffeemachine 1
(10): go to toaster 1
(11): go to sink 1
(12): take ladle 1 from countertop 2
(13): take tomato 1 from countertop 2
(14): take knife 1 from countertop 2
(15): take spatul1 from countertop 2
(16): take plate 1 from countertop 2
(17): examine countertop 2

**Answer**
Let's think step by step by following the instructions.
----------------------------------------

----------------------------------------

Original Response:
First, we need to identify all visible household objects related to the task "clean some tomato and put it in countertop." From the provided image, we can see a tomato on the countertop 2.

Now, based on the task hint, the agent must find the object (tomato), pick it up, clean it in a sink or basin, and then place it on the correct location on the countertop. The image shows a tomato on the countertop, which is the object of our interest.

Given the answer choices and the initial observation that there is a sink (sink 1) in the room, the most reasonable action would be to first take the tomato and then go to the sink to clean it. After cleaning, the agent should put it back on the countertop.

The answer is: (13): take tomato 1 from countertop 2

----------------------------------------

----------------------------------------

>>> Refine Original VLM Response and Get Pure Action: take tomato 1 from countertop 2

----------------------------------------

-----------------------------------------------------------------

Running time: 16.23874545097351 seconds

Total Money: 3.7071899999999993

-----------------------------------------------------------------

-----------------------------------------------------------------

Text Observation:You pick up the tomato 1 from the countertop 2.

--------------------------------------------------------------------------------------------------------------------------task: 12---------------------------------------------------------
--------------------------------------------------------------------------------------------------------------------------------------------------------------------
--------------------------------------------------------------------------------------------------------------------------------------------------------------------
Step:--------------------------------------------------------------------------14-------------------------------------------------------------------------------
----------------------------------------
VLM Prompt:
Image1:
<image>
**Instruction**
1. Analyze the provided image to identify all visible household objects, focusing on those relevant to the task description "clean some tomato and put it in countertop."
2. Use the analysis of the image and the task hint "The agent must find an object of the desired type, pick it up, go to a sink or a basin, clean the object with a sink or basin, and then find the correct location to place it and put it down there. The agent does not need to use soap bottle or faucet to clean the object, and the agent just needs to do action that is "clean the object with the sink or sink basin"." to answer the question: what is the most reasonable action in the choices for the task description "clean some tomato and put it in countertop"?
4. Decide and write the answer using the template: The answer is: (i): <selected_action>, where i is the real number. If there is no desired object in the image, search every place based on **Initial Observation** to find the object. And if no one is exactly correct, choose a similar answer.

**Initial Observation**
You are in the middle of a room. Looking quickly around you, you can see cabinet (1-6), microwave (1), countertop (1-2), coffeemachine (1), toaster (1), sink (1), sinkbasin (1), fridge (1)

**Answer Choices**
(1): go to cabinet 1
(2): go to cabinet 2
(3): go to cabinet 3
(4): go to microwave 1
(5): go to cabinet 4
(6): go to cabinet 5
(7): go to cabinet 6
(8): go to countertop 1
(9): go to coffeemachine 1
(10): go to toaster 1
(11): go to sink 1
(12): go to sinkbasin 1
(13): put tomato 1 in/on countertop 2
(14): examine tomato 1
(15): examine countertop 2

**Answer**
Let's think step by step by following the instructions.
----------------------------------------

----------------------------------------

Original Response:
First, we need to identify the visible household objects relevant to the task description "clean some tomato and put it in countertop." In the image, we can see a tomato on the countertop.

Next, based on the task hint, we know that the agent must find an object of the desired type (which is the tomato, already located), pick it up, go to a sink or a basin, clean the object, and then find the correct location to place it and put it down there.

Since we have already located the tomato in the image, the next reasonable action would be to go to the sink or sink basin to clean it.

Therefore, the answer is: (12): go to sinkbasin 1.

----------------------------------------

----------------------------------------

>>> Refine Original VLM Response and Get Pure Action: No action

----------------------------------------

-----------------------------------------------------------------

Running time: 6.657397031784058 seconds

Total Money: 3.7238899999999995

-----------------------------------------------------------------

-----------------------------------------------------------------

Text Observation:Nothing happens.

--------------------------------------------------------------------------------------------------------------------------task: 12---------------------------------------------------------
--------------------------------------------------------------------------------------------------------------------------------------------------------------------
--------------------------------------------------------------------------------------------------------------------------------------------------------------------
Step:--------------------------------------------------------------------------15-------------------------------------------------------------------------------
----------------------------------------
VLM Prompt:
Image1:
<image>
**Instruction**
1. Analyze the provided image to identify all visible household objects, focusing on those relevant to the task description "clean some tomato and put it in countertop."
2. Use the analysis of the image and the task hint "The agent must find an object of the desired type, pick it up, go to a sink or a basin, clean the object with a sink or basin, and then find the correct location to place it and put it down there. The agent does not need to use soap bottle or faucet to clean the object, and the agent just needs to do action that is "clean the object with the sink or sink basin"." to answer the question: what is the most reasonable action in the choices for the task description "clean some tomato and put it in countertop"?
4. Decide and write the answer using the template: The answer is: (i): <selected_action>, where i is the real number. If there is no desired object in the image, search every place based on **Initial Observation** to find the object. And if no one is exactly correct, choose a similar answer.

**Initial Observation**
You are in the middle of a room. Looking quickly around you, you can see cabinet (1-6), microwave (1), countertop (1-2), coffeemachine (1), toaster (1), sink (1), sinkbasin (1), fridge (1)

**Answer Choices**
(1): go to cabinet 1
(2): go to cabinet 2
(3): go to cabinet 3
(4): go to microwave 1
(5): go to cabinet 4
(6): go to cabinet 5
(7): go to cabinet 6
(8): go to countertop 1
(9): go to coffeemachine 1
(10): go to toaster 1
(11): go to sink 1
(12): go to sinkbasin 1
(13): go to fridge 1
(14): put tomato 1 in/on countertop 2
(15): examine tomato 1
(16): examine countertop 2

**Answer**
Let's think step by step by following the instructions.
----------------------------------------

----------------------------------------

Original Response:
First, we need to identify all visible household objects relevant to the task description "clean some tomato and put it in countertop." In the provided image, we can see a tomato on the countertop, a microwave, and some utensils. The task hint indicates that the agent must find the object (tomato), clean it using a sink or basin, and then place it on the correct location on the countertop.

Based on the **Initial Observation**, we know there is only one sink (1) and one sinkbasin (1) available, and the tomato is already visible in the image on the countertop.

The most logical steps for the task would be:
- Pick up the tomato from the countertop.
- Clean the tomato at the sink or sinkbasin.
- Place the cleaned tomato back on the countertop.

Since the tomato is already visible in the image, we do not need to search for it in cabinets or other appliances. Therefore, the first step would be to go to the sink or sinkbasin to clean the tomato.

The answer is: (11): go to sink 1.

----------------------------------------

----------------------------------------

>>> Refine Original VLM Response and Get Pure Action: go to sink 1

----------------------------------------

-----------------------------------------------------------------

Running time: 16.09872007369995 seconds

Total Money: 3.7430799999999995

-----------------------------------------------------------------

-----------------------------------------------------------------

Text Observation:You arrive at loc 11. On the sink 1, you see a faucet 1, and a plate 1.

--------------------------------------------------------------------------------------------------------------------------task: 12---------------------------------------------------------
--------------------------------------------------------------------------------------------------------------------------------------------------------------------
--------------------------------------------------------------------------------------------------------------------------------------------------------------------
Step:--------------------------------------------------------------------------16-------------------------------------------------------------------------------
----------------------------------------
VLM Prompt:
Image1:
<image>
**Instruction**
1. Analyze the provided image to identify all visible household objects, focusing on those relevant to the task description "clean some tomato and put it in countertop."
2. Use the analysis of the image and the task hint "The agent must find an object of the desired type, pick it up, go to a sink or a basin, clean the object with a sink or basin, and then find the correct location to place it and put it down there. The agent does not need to use soap bottle or faucet to clean the object, and the agent just needs to do action that is "clean the object with the sink or sink basin"." to answer the question: what is the most reasonable action in the choices for the task description "clean some tomato and put it in countertop"?
4. Decide and write the answer using the template: The answer is: (i): <selected_action>, where i is the real number. If there is no desired object in the image, search every place based on **Initial Observation** to find the object. And if no one is exactly correct, choose a similar answer.

**Initial Observation**
You are in the middle of a room. Looking quickly around you, you can see cabinet (1-6), microwave (1), countertop (1-2), coffeemachine (1), toaster (1), sink (1), sinkbasin (1), fridge (1)

**Answer Choices**
(1): go to cabinet 1
(2): go to cabinet 2
(3): go to cabinet 3
(4): go to microwave 1
(5): go to cabinet 4
(6): go to cabinet 5
(7): go to cabinet 6
(8): go to countertop 1
(9): go to coffeemachine 1
(10): go to toaster 1
(11): go to countertop 2
(12): go to sinkbasin 1
(13): go to fridge 1
(14): put tomato 1 in/on sink 1
(15): clean tomato 1 with sink 1
(16): clean tomato 1 with sinkbasin 1
(17): examine tomato 1
(18): examine sink 1

**Answer**
Let's think step by step by following the instructions.
----------------------------------------

----------------------------------------

Original Response:
The task description is "clean some tomato and put it in countertop." From the image, we can see a tomato in the sink basin. Therefore, the first step of cleaning the tomato has been completed, as it is already in the sink basin. The next step is to find the correct location to place it after cleaning.

From the initial observation, we know there are two countertops in the room. Since the task does not specify which countertop to use, we can choose either. However, since we do not see any countertops in the provided image, we cannot determine which is the closest or most appropriate based on the image alone.

Based on the task and the information provided, the most reasonable action from the choices would be to place the cleaned tomato on one of the countertops. Since we do not have specific information on the location of the countertops, we can choose either countertop 1 or countertop 2.

The answer is: (8): go to countertop 1 or (11): go to countertop 2. Since we need to choose one, we'll go with the first option mentioned.

The answer is: (8): go to countertop 1.

----------------------------------------

----------------------------------------

>>> Refine Original VLM Response and Get Pure Action: go to countertop 1 or (11): go to countertop 2

----------------------------------------

-----------------------------------------------------------------

Running time: 16.452629327774048 seconds

Total Money: 3.7628799999999996

-----------------------------------------------------------------

-----------------------------------------------------------------

Text Observation:Nothing happens.

--------------------------------------------------------------------------------------------------------------------------task: 12---------------------------------------------------------
--------------------------------------------------------------------------------------------------------------------------------------------------------------------
--------------------------------------------------------------------------------------------------------------------------------------------------------------------
Step:--------------------------------------------------------------------------17-------------------------------------------------------------------------------
----------------------------------------
VLM Prompt:
Image1:
<image>
**Instruction**
1. Analyze the provided image to identify all visible household objects, focusing on those relevant to the task description "clean some tomato and put it in countertop."
2. Use the analysis of the image and the task hint "The agent must find an object of the desired type, pick it up, go to a sink or a basin, clean the object with a sink or basin, and then find the correct location to place it and put it down there. The agent does not need to use soap bottle or faucet to clean the object, and the agent just needs to do action that is "clean the object with the sink or sink basin"." to answer the question: what is the most reasonable action in the choices for the task description "clean some tomato and put it in countertop"?
4. Decide and write the answer using the template: The answer is: (i): <selected_action>, where i is the real number. If there is no desired object in the image, search every place based on **Initial Observation** to find the object. And if no one is exactly correct, choose a similar answer.

**Initial Observation**
You are in the middle of a room. Looking quickly around you, you can see cabinet (1-6), microwave (1), countertop (1-2), coffeemachine (1), toaster (1), sink (1), sinkbasin (1), fridge (1)

**Answer Choices**
(1): go to cabinet 1
(2): go to cabinet 2
(3): go to cabinet 3
(4): go to microwave 1
(5): go to cabinet 4
(6): go to cabinet 5
(7): go to cabinet 6
(8): go to countertop 1
(9): go to coffeemachine 1
(10): go to toaster 1
(11): go to countertop 2
(12): go to sinkbasin 1
(13): go to fridge 1
(14): put tomato 1 in/on sink 1
(15): clean tomato 1 with sink 1
(16): clean tomato 1 with sinkbasin 1
(17): examine tomato 1
(18): examine sink 1

**Answer**
Let's think step by step by following the instructions.
----------------------------------------

----------------------------------------

Original Response:
First, we identify the relevant objects for the task "clean some tomato and put it in countertop." In the image, we can see a tomato in a sink and a countertop next to the sink. Given the task description and the hint provided, the agent does not need to use a soap bottle or faucet; they just need to clean the tomato with the sink or sink basin.

Based on the **Initial Observation**, we know there is a sink (1) and a sinkbasin (1) available. Since the tomato is already in the sink, the agent does not need to "go to" any location to find the tomato.

Therefore, the most reasonable next action would be to clean the tomato with the sink or sink basin, as per the task hint. Since the tomato is already in the sink, the appropriate action is to clean it there.

The answer is: (15): clean tomato 1 with sink 1

----------------------------------------

----------------------------------------

>>> Refine Original VLM Response and Get Pure Action: clean tomato 1 with sink 1

----------------------------------------

-----------------------------------------------------------------

Running time: 11.667202472686768 seconds

Total Money: 3.7811799999999995

-----------------------------------------------------------------

-----------------------------------------------------------------

Text Observation:You clean the tomato 1 using the sink 1.

--------------------------------------------------------------------------------------------------------------------------task: 12---------------------------------------------------------
--------------------------------------------------------------------------------------------------------------------------------------------------------------------
--------------------------------------------------------------------------------------------------------------------------------------------------------------------
Step:--------------------------------------------------------------------------18-------------------------------------------------------------------------------
----------------------------------------
VLM Prompt:
Image1:
<image>
**Instruction**
1. Analyze the provided image to identify all visible household objects, focusing on those relevant to the task description "clean some tomato and put it in countertop."
2. Use the analysis of the image and the task hint "The agent must find an object of the desired type, pick it up, go to a sink or a basin, clean the object with a sink or basin, and then find the correct location to place it and put it down there. The agent does not need to use soap bottle or faucet to clean the object, and the agent just needs to do action that is "clean the object with the sink or sink basin"." to answer the question: what is the most reasonable action in the choices for the task description "clean some tomato and put it in countertop"?
4. Decide and write the answer using the template: The answer is: (i): <selected_action>, where i is the real number. If there is no desired object in the image, search every place based on **Initial Observation** to find the object. And if no one is exactly correct, choose a similar answer.

**Initial Observation**
You are in the middle of a room. Looking quickly around you, you can see cabinet (1-6), microwave (1), countertop (1-2), coffeemachine (1), toaster (1), sink (1), sinkbasin (1), fridge (1)

**Answer Choices**
(1): go to cabinet 1
(2): go to cabinet 2
(3): go to cabinet 3
(4): go to microwave 1
(5): go to cabinet 4
(6): go to cabinet 5
(7): go to cabinet 6
(8): go to countertop 1
(9): go to coffeemachine 1
(10): go to toaster 1
(11): go to countertop 2
(12): go to sinkbasin 1
(13): go to fridge 1
(14): put tomato 1 in/on sink 1
(15): clean tomato 1 with sinkbasin 1
(16): examine tomato 1
(17): examine sink 1

**Answer**
Let's think step by step by following the instructions.
----------------------------------------

----------------------------------------

Original Response:
Firstly, we need to clean the tomato. The image shows a tomato placed in the sink, which means it is ready to be cleaned. Therefore, we do not need to go to any cabinets, microwave, coffeemachine, toaster, or fridge to complete the task as per the "Initial Observation." 

Based on the task description, after cleaning the tomato, we need to put it on the countertop. The image does not show the countertop, but based on the "Initial Observation," we know there are two countertops available. 

The most reasonable action from the given choices to complete the task "clean some tomato and put it in countertop" would be to clean the tomato with the sinkbasin first and then place it on one of the countertops.

The answer is: (15): clean tomato 1 with sinkbasin 1, and then (11): go to countertop 2 to place the clean tomato.

----------------------------------------

----------------------------------------

>>> Refine Original VLM Response and Get Pure Action: clean tomato 1 with sinkbasin 1, and then (11): go to countertop 2 to place the clean tomato

----------------------------------------

-----------------------------------------------------------------

Running time: 9.096662998199463 seconds

Total Money: 3.7993899999999994

-----------------------------------------------------------------

-----------------------------------------------------------------

Text Observation:Nothing happens.

--------------------------------------------------------------------------------------------------------------------------task: 12---------------------------------------------------------
--------------------------------------------------------------------------------------------------------------------------------------------------------------------
--------------------------------------------------------------------------------------------------------------------------------------------------------------------
Step:--------------------------------------------------------------------------19-------------------------------------------------------------------------------
----------------------------------------
VLM Prompt:
Image1:
<image>
**Instruction**
1. Analyze the provided image to identify all visible household objects, focusing on those relevant to the task description "clean some tomato and put it in countertop."
2. Use the analysis of the image and the task hint "The agent must find an object of the desired type, pick it up, go to a sink or a basin, clean the object with a sink or basin, and then find the correct location to place it and put it down there. The agent does not need to use soap bottle or faucet to clean the object, and the agent just needs to do action that is "clean the object with the sink or sink basin"." to answer the question: what is the most reasonable action in the choices for the task description "clean some tomato and put it in countertop"?
4. Decide and write the answer using the template: The answer is: (i): <selected_action>, where i is the real number. If there is no desired object in the image, search every place based on **Initial Observation** to find the object. And if no one is exactly correct, choose a similar answer.

**Initial Observation**
You are in the middle of a room. Looking quickly around you, you can see cabinet (1-6), microwave (1), countertop (1-2), coffeemachine (1), toaster (1), sink (1), sinkbasin (1), fridge (1)

**Answer Choices**
(1): go to cabinet 1
(2): go to cabinet 2
(3): go to cabinet 3
(4): go to microwave 1
(5): go to cabinet 4
(6): go to cabinet 5
(7): go to cabinet 6
(8): go to countertop 1
(9): go to coffeemachine 1
(10): go to toaster 1
(11): go to countertop 2
(12): go to sinkbasin 1
(13): go to fridge 1
(14): put tomato 1 in/on sink 1
(15): clean tomato 1 with sinkbasin 1
(16): examine tomato 1
(17): examine sink 1

**Answer**
Let's think step by step by following the instructions.
----------------------------------------

----------------------------------------

Original Response:
The task is to clean a tomato and put it on the countertop. In the image, we can see a tomato already placed in the sink and a visible sink basin. The sink and the sink basin are the objects relevant to the task as they are needed to clean the tomato. The countertop is also relevant as the final location to place the cleaned tomato.

According to the task hint, the agent does not need to use soap or the faucet to clean the tomato; it just needs to perform the action of cleaning the tomato with the sink or sink basin.

Based on the **Initial Observation**, the object needed for this task (tomato) is already in the image, and there is a sink basin visible where the cleaning can take place.

Therefore, the most reasonable action from the choices provided would be to clean the tomato with the sink basin.

The answer is: (15): clean tomato 1 with sinkbasin 1.

----------------------------------------

----------------------------------------

>>> Refine Original VLM Response and Get Pure Action: clean tomato 1 with sinkbasin 1

----------------------------------------

-----------------------------------------------------------------

Running time: 7.815773963928223 seconds

Total Money: 3.8175699999999995

-----------------------------------------------------------------

-----------------------------------------------------------------

Text Observation:Nothing happens.

-----------------------------------------------------------------