---------------------------------------------------------task: 0---------------------------------------------------------
--------------------------------------------------------------------------------------------------------------------------------------------------------------------
--------------------------------------------------------------------------------------------------------------------------------------------------------------------
Step:--------------------------------------------------------------------------0-------------------------------------------------------------------------------
----------------------------------------
VLM Prompt:
Image1:
<image>
**Instruction**
1. Analyze the provided images to identify all visible household objects and compare the difference between images (e.h. whether the object is opened or not and taken on hand or not), focusing on those relevant to the task description "look at alarmclock under the desklamp."
2. Use the analysis of images and the task hint "The agent must find an object of the desired type, locate and turn on a light source with the desired object in-hand." to answer the question: what is the most reasonable action in the choices for the task description "look at alarmclock under the desklamp"?
3. Decide and write the answer using the template: The answer is: (i): <selected_action>, where i is the real number. If there is no desired object in images, search every place based on **Initial Observation** to find the object. And if no one is exactly correct, choose a similar answer.

**Initial Observation**
You are in the middle of a room. Looking quickly around you, you can see bed (1), sidetable (1), drawer (1-11), dresser (1), safe (1), laundryhamper (1), garbagecan (1)

**Answer Choices**
(1): go to bed 1
(2): go to sidetable 1
(3): go to drawer 1
(4): go to dresser 1
(5): go to drawer 2
(6): go to drawer 3
(7): go to drawer 4
(8): go to drawer 5
(9): go to drawer 6
(10): go to drawer 7
(11): go to drawer 8
(12): go to drawer 9
(13): go to drawer 10
(14): go to drawer 11
(15): go to safe 1
(16): go to laundryhamper 1
(17): go to garbagecan 1


**Answer**
Let's think step by step by following the instructions.
----------------------------------------

----------------------------------------

Original Response:
Image1 shows a sidetable with a desklamp on it. The task description asks to "look at alarmclock under the desklamp." There is no alarm clock visible on the sidetable in Image1, so we must assume it is either in a different location or not visible in the image. 

Based on the task hint, the agent needs to find an alarm clock and then locate and turn on a light source with the alarm clock in hand. Since the desklamp is on the sidetable, the most reasonable action would be to go to the sidetable where the desklamp is located to search for the alarm clock there.

The answer is: (2): go to sidetable 1

----------------------------------------

----------------------------------------

>>> Refine Original VLM Response and Get Pure Action: go to sidetable 1

----------------------------------------

-----------------------------------------------------------------

Running time: 6.836684226989746 seconds

Total Money: 0.01629

-----------------------------------------------------------------

-----------------------------------------------------------------

Text Observation:You arrive at loc 1. On the sidetable 1, you see a pillow 1, a desklamp 1, a cellphone 1, and a pencil 1.

--------------------------------------------------------------------------------------------------------------------------task: 0---------------------------------------------------------
--------------------------------------------------------------------------------------------------------------------------------------------------------------------
--------------------------------------------------------------------------------------------------------------------------------------------------------------------
Step:--------------------------------------------------------------------------1-------------------------------------------------------------------------------
----------------------------------------
VLM Prompt:
Image1:
<image>
Image2:
<image>
**Instruction**
1. Analyze the provided images to identify all visible household objects and compare the difference between images (e.h. whether the object is opened or not and taken on hand or not), focusing on those relevant to the task description "look at alarmclock under the desklamp."
2. Use the analysis of images and the task hint "The agent must find an object of the desired type, locate and turn on a light source with the desired object in-hand." to answer the question: what is the most reasonable action in the choices for the task description "look at alarmclock under the desklamp"?
3. Decide and write the answer using the template: The answer is: (i): <selected_action>, where i is the real number. If there is no desired object in images, search every place based on **Initial Observation** to find the object. And if no one is exactly correct, choose a similar answer.

**Initial Observation**
You are in the middle of a room. Looking quickly around you, you can see bed (1), sidetable (1), drawer (1-11), dresser (1), safe (1), laundryhamper (1), garbagecan (1)

**Answer Choices**
(1): go to bed 1
(2): go to drawer 1
(3): go to dresser 1
(4): go to drawer 2
(5): go to drawer 3
(6): go to drawer 4
(7): go to drawer 5
(8): go to drawer 6
(9): go to drawer 7
(10): go to drawer 8
(11): go to drawer 9
(12): go to drawer 10
(13): go to drawer 11
(14): go to safe 1
(15): go to laundryhamper 1
(16): go to garbagecan 1
(17): take pillow 1 from sidetable 1
(18): take cellphone 1 from sidetable 1
(19): take pencil 1 from sidetable 1
(20): use desklamp 1
(21): examine sidetable 1


**Answer**
Let's think step by step by following the instructions.
----------------------------------------

----------------------------------------

Original Response:
First, we analyze the provided images. In both Image 1 and Image 2, we can see a sidetable with a desklamp on top of it. There is also a cellphone and a pencil on the sidetable, and a pillow is on the bed next to the sidetable. The desklamp appears to be off in both images. There is no visible difference between the two images concerning the objects mentioned in the task description. There is no alarm clock visible in either of the images.

Based on the task description "look at alarmclock under the desklamp," the agent must find an alarm clock and then use the desklamp to look at it. Since the alarm clock is not visible in the images, we refer to the initial observation to search for the alarm clock in likely locations such as the drawers or the dresser.

According to the answer choices, the most reasonable actions are to go to those locations to find the alarm clock. After finding the alarm clock, the agent would then need to turn on the desklamp to complete the task. However, the action of turning on the desklamp is already provided as an option (20).

Since there is no specific indication of where the alarm clock might be and we need to choose the most reasonable action based on the task description and hint, the agent should first turn on the light source to better search for the alarm clock.

The answer is: (20): use desklamp 1.

----------------------------------------

----------------------------------------

>>> Refine Original VLM Response and Get Pure Action: use desklamp 1

----------------------------------------

-----------------------------------------------------------------

Running time: 33.768574237823486 seconds

Total Money: 0.04534

-----------------------------------------------------------------

-----------------------------------------------------------------

Text Observation:You turn on the desklamp 1.

--------------------------------------------------------------------------------------------------------------------------task: 0---------------------------------------------------------
--------------------------------------------------------------------------------------------------------------------------------------------------------------------
--------------------------------------------------------------------------------------------------------------------------------------------------------------------
Step:--------------------------------------------------------------------------2-------------------------------------------------------------------------------
----------------------------------------
VLM Prompt:
Image1:
<image>
Image2:
<image>
Image3:
<image>
**Instruction**
1. Analyze the provided images to identify all visible household objects and compare the difference between images (e.h. whether the object is opened or not and taken on hand or not), focusing on those relevant to the task description "look at alarmclock under the desklamp."
2. Use the analysis of images and the task hint "The agent must find an object of the desired type, locate and turn on a light source with the desired object in-hand." to answer the question: what is the most reasonable action in the choices for the task description "look at alarmclock under the desklamp"?
3. Decide and write the answer using the template: The answer is: (i): <selected_action>, where i is the real number. If there is no desired object in images, search every place based on **Initial Observation** to find the object. And if no one is exactly correct, choose a similar answer.

**Initial Observation**
You are in the middle of a room. Looking quickly around you, you can see bed (1), sidetable (1), drawer (1-11), dresser (1), safe (1), laundryhamper (1), garbagecan (1)

**Answer Choices**
(1): go to bed 1
(2): go to drawer 1
(3): go to dresser 1
(4): go to drawer 2
(5): go to drawer 3
(6): go to drawer 4
(7): go to drawer 5
(8): go to drawer 6
(9): go to drawer 7
(10): go to drawer 8
(11): go to drawer 9
(12): go to drawer 10
(13): go to drawer 11
(14): go to safe 1
(15): go to laundryhamper 1
(16): go to garbagecan 1
(17): take pillow 1 from sidetable 1
(18): take cellphone 1 from sidetable 1
(19): take pencil 1 from sidetable 1
(20): examine sidetable 1


**Answer**
Let's think step by step by following the instructions.
----------------------------------------

----------------------------------------

Original Response:
1. Analyzing the images, we can see a sidetable with a desklamp on it, a bed, and a picture frame on the wall. In Image1 and Image2, the desklamp is off, while in Image3, the desklamp is on. There are also objects on the sidetable: a cellphone, a pencil, and something that could be an alarm clock next to the desklamp. However, it is not clearly visible if the object is indeed an alarm clock or not. No other objects appear to be taken in hand or opened in any of the images.

2. Based on the task description "look at alarmclock under the desklamp" and the hint provided, the most reasonable action would be to ensure the desklamp is on while having the alarm clock in hand. Since the desklamp is already on in Image3, the focus should be on finding and taking the alarm clock.

3. Since the alarm clock is possibly on the sidetable and the task hints towards having the alarm clock in hand, the most reasonable action would be to take the object that could be an alarm clock from the sidetable. However, there is no direct answer choice that specifies taking an alarm clock from the sidetable. The closest relevant action from the provided choices is to examine the sidetable, which could lead to confirming and taking the alarm clock.

The answer is: (20): examine sidetable 1.

----------------------------------------

----------------------------------------

>>> Refine Original VLM Response and Get Pure Action: examine sidetable 1

----------------------------------------

-----------------------------------------------------------------

Running time: 15.359098434448242 seconds

Total Money: 0.08191999999999999

-----------------------------------------------------------------

-----------------------------------------------------------------

Text Observation:On the sidetable 1, you see a pillow 1, a desklamp 1, a cellphone 1, and a pencil 1.

--------------------------------------------------------------------------------------------------------------------------task: 0---------------------------------------------------------
--------------------------------------------------------------------------------------------------------------------------------------------------------------------
--------------------------------------------------------------------------------------------------------------------------------------------------------------------
Step:--------------------------------------------------------------------------3-------------------------------------------------------------------------------
----------------------------------------
VLM Prompt:
Image1:
<image>
Image2:
<image>
Image3:
<image>
**Instruction**
1. Analyze the provided images to identify all visible household objects and compare the difference between images (e.h. whether the object is opened or not and taken on hand or not), focusing on those relevant to the task description "look at alarmclock under the desklamp."
2. Use the analysis of images and the task hint "The agent must find an object of the desired type, locate and turn on a light source with the desired object in-hand." to answer the question: what is the most reasonable action in the choices for the task description "look at alarmclock under the desklamp"?
3. Decide and write the answer using the template: The answer is: (i): <selected_action>, where i is the real number. If there is no desired object in images, search every place based on **Initial Observation** to find the object. And if no one is exactly correct, choose a similar answer.

**Initial Observation**
You are in the middle of a room. Looking quickly around you, you can see bed (1), sidetable (1), drawer (1-11), dresser (1), safe (1), laundryhamper (1), garbagecan (1)

**Answer Choices**
(1): go to bed 1
(2): go to drawer 1
(3): go to dresser 1
(4): go to drawer 2
(5): go to drawer 3
(6): go to drawer 4
(7): go to drawer 5
(8): go to drawer 6
(9): go to drawer 7
(10): go to drawer 8
(11): go to drawer 9
(12): go to drawer 10
(13): go to drawer 11
(14): go to safe 1
(15): go to laundryhamper 1
(16): go to garbagecan 1
(17): take pillow 1 from sidetable 1
(18): take cellphone 1 from sidetable 1
(19): take pencil 1 from sidetable 1


**Answer**
Let's think step by step by following the instructions.
----------------------------------------

----------------------------------------

Original Response:
1. In all three images, we can see a bed, a sidetable, and a desklamp on the sidetable. The desklamp is not on in Image1 but is turned on in Image2 and Image3. On the sidetable, there is a cellphone and a pencil. There is no visible alarm clock in any of the images. The task description mentions "look at alarmclock under the desklamp," implying that the alarm clock should be under the desklamp's light when it is on. 

2. Based on the task hint, the agent must find the alarm clock, turn on the light source (which is the desklamp), and then look at the alarm clock under the desklamp's light. Since the desklamp is already on in Image2 and Image3, the agent needs to find the alarm clock. The initial observation does not mention an alarm clock, suggesting it may be in a location not immediately visible, such as inside a drawer.

3. The most reasonable action to find the alarm clock would be to search the locations where it is likely to be stored. Since the sidetable is already visible and does not contain the alarm clock, the next logical step is to check the drawers.

The answer is: (2): go to drawer 1. If the alarm clock is not found in drawer 1, the agent should continue searching the remaining drawers.

----------------------------------------

----------------------------------------

>>> Refine Original VLM Response and Get Pure Action: go to drawer 1

----------------------------------------

-----------------------------------------------------------------

Running time: 19.191274166107178 seconds

Total Money: 0.11817

-----------------------------------------------------------------

-----------------------------------------------------------------

Text Observation:You arrive at loc 2. The drawer 1 is closed. 

--------------------------------------------------------------------------------------------------------------------------task: 0---------------------------------------------------------
--------------------------------------------------------------------------------------------------------------------------------------------------------------------
--------------------------------------------------------------------------------------------------------------------------------------------------------------------
Step:--------------------------------------------------------------------------4-------------------------------------------------------------------------------
----------------------------------------
VLM Prompt:
Image1:
<image>
Image2:
<image>
Image3:
<image>
**Instruction**
1. Analyze the provided images to identify all visible household objects and compare the difference between images (e.h. whether the object is opened or not and taken on hand or not), focusing on those relevant to the task description "look at alarmclock under the desklamp."
2. Use the analysis of images and the task hint "The agent must find an object of the desired type, locate and turn on a light source with the desired object in-hand." to answer the question: what is the most reasonable action in the choices for the task description "look at alarmclock under the desklamp"?
3. Decide and write the answer using the template: The answer is: (i): <selected_action>, where i is the real number. If there is no desired object in images, search every place based on **Initial Observation** to find the object. And if no one is exactly correct, choose a similar answer.

**Initial Observation**
You are in the middle of a room. Looking quickly around you, you can see bed (1), sidetable (1), drawer (1-11), dresser (1), safe (1), laundryhamper (1), garbagecan (1)

**Answer Choices**
(1): go to bed 1
(2): go to sidetable 1
(3): go to dresser 1
(4): go to drawer 2
(5): go to drawer 3
(6): go to drawer 4
(7): go to drawer 5
(8): go to drawer 6
(9): go to drawer 7
(10): go to drawer 8
(11): go to drawer 9
(12): go to drawer 10
(13): go to drawer 11
(14): go to safe 1
(15): go to laundryhamper 1
(16): go to garbagecan 1
(17): open drawer 1
(18): close drawer 1
(19): examine drawer 1


**Answer**
Let's think step by step by following the instructions.
----------------------------------------

----------------------------------------

Original Response:
1. Analyzing the images:
- All three images show a nightstand with a drawer and a lamp on top of it. There is also a bed visible in the images.
- The images do not show any alarm clock under the desk lamp.
- The drawer of the nightstand appears to be closed in all images.
- There is no object taken in hand in any of the images.

2. Based on the task hint and the initial observation, the agent is supposed to find an alarm clock and then locate and turn on a light source with the alarm clock in hand. Since the images do not show an alarm clock under the desk lamp, the most reasonable action would be to search the places where an alarm clock might be found.

3. The answer is: (17): open drawer 1. This action is chosen because the nightstand's drawer is a logical place to search for an alarm clock, and it's the closest object to the desk lamp that needs to be turned on with the alarm clock in hand.

----------------------------------------

----------------------------------------

>>> Refine Original VLM Response and Get Pure Action: open drawer 1

----------------------------------------

-----------------------------------------------------------------

Running time: 11.381645917892456 seconds

Total Money: 0.15184999999999998

-----------------------------------------------------------------

-----------------------------------------------------------------

Text Observation:You open the drawer 1. The drawer 1 is open. In it, you see a pillow 1, a desklamp 1, a cellphone 1, and a pencil 1.

--------------------------------------------------------------------------------------------------------------------------task: 0---------------------------------------------------------
--------------------------------------------------------------------------------------------------------------------------------------------------------------------
--------------------------------------------------------------------------------------------------------------------------------------------------------------------
Step:--------------------------------------------------------------------------5-------------------------------------------------------------------------------
----------------------------------------
VLM Prompt:
Image1:
<image>
Image2:
<image>
Image3:
<image>
**Instruction**
1. Analyze the provided images to identify all visible household objects and compare the difference between images (e.h. whether the object is opened or not and taken on hand or not), focusing on those relevant to the task description "look at alarmclock under the desklamp."
2. Use the analysis of images and the task hint "The agent must find an object of the desired type, locate and turn on a light source with the desired object in-hand." to answer the question: what is the most reasonable action in the choices for the task description "look at alarmclock under the desklamp"?
3. Decide and write the answer using the template: The answer is: (i): <selected_action>, where i is the real number. If there is no desired object in images, search every place based on **Initial Observation** to find the object. And if no one is exactly correct, choose a similar answer.

**Initial Observation**
You are in the middle of a room. Looking quickly around you, you can see bed (1), sidetable (1), drawer (1-11), dresser (1), safe (1), laundryhamper (1), garbagecan (1)

**Answer Choices**
(1): go to bed 1
(2): go to sidetable 1
(3): go to dresser 1
(4): go to drawer 2
(5): go to drawer 3
(6): go to drawer 4
(7): go to drawer 5
(8): go to drawer 6
(9): go to drawer 7
(10): go to drawer 8
(11): go to drawer 9
(12): go to drawer 10
(13): go to drawer 11
(14): go to safe 1
(15): go to laundryhamper 1
(16): go to garbagecan 1
(17): close drawer 1
(18): take pillow 1 from drawer 1
(19): take cellphone 1 from drawer 1
(20): take pencil 1 from drawer 1
(21): use desklamp 1
(22): examine drawer 1


**Answer**
Let's think step by step by following the instructions.
----------------------------------------

----------------------------------------

Original Response:
1. Analyzing the images:
- In Image 1, we can see a sidetable with a closed drawer and a desklamp that is turned on. There is no alarm clock visible on the sidetable or in the hand.
- In Image 2, the scenario is the same as in Image 1: the drawer is closed, the desklamp is on, and there is no alarm clock in sight.
- In Image 3, the drawer of the sidetable is now open, but there is still no alarm clock visible.

2. Based on the task description "look at alarmclock under the desklamp" and the hint given, we know that the agent needs to find the alarm clock and turn on the desklamp with the alarm clock in hand. However, since the desklamp is already on, we can focus on finding the alarm clock.

3. Based on the **Initial Observation**, the alarm clock could be in any of the drawers, the dresser, the safe, the laundry hamper, or the garbage can. Since the task focuses on the alarm clock and the desklamp, and we can see the desklamp is already on and placed on the sidetable, the most reasonable action would be to search the sidetable drawer first for the alarm clock.

The answer is: (22): examine drawer 1

----------------------------------------

----------------------------------------

>>> Refine Original VLM Response and Get Pure Action: examine drawer 1

----------------------------------------

-----------------------------------------------------------------

Running time: 17.500807762145996 seconds

Total Money: 0.18800999999999998

-----------------------------------------------------------------

-----------------------------------------------------------------

Text Observation:On the drawer 1, you see a pillow 1, a desklamp 1, a cellphone 1, and a pencil 1.

--------------------------------------------------------------------------------------------------------------------------task: 0---------------------------------------------------------
--------------------------------------------------------------------------------------------------------------------------------------------------------------------
--------------------------------------------------------------------------------------------------------------------------------------------------------------------
Step:--------------------------------------------------------------------------6-------------------------------------------------------------------------------
----------------------------------------
VLM Prompt:
Image1:
<image>
Image2:
<image>
Image3:
<image>
**Instruction**
1. Analyze the provided images to identify all visible household objects and compare the difference between images (e.h. whether the object is opened or not and taken on hand or not), focusing on those relevant to the task description "look at alarmclock under the desklamp."
2. Use the analysis of images and the task hint "The agent must find an object of the desired type, locate and turn on a light source with the desired object in-hand." to answer the question: what is the most reasonable action in the choices for the task description "look at alarmclock under the desklamp"?
3. Decide and write the answer using the template: The answer is: (i): <selected_action>, where i is the real number. If there is no desired object in images, search every place based on **Initial Observation** to find the object. And if no one is exactly correct, choose a similar answer.

**Initial Observation**
You are in the middle of a room. Looking quickly around you, you can see bed (1), sidetable (1), drawer (1-11), dresser (1), safe (1), laundryhamper (1), garbagecan (1)

**Answer Choices**
(1): go to bed 1
(2): go to sidetable 1
(3): go to dresser 1
(4): go to drawer 2
(5): go to drawer 3
(6): go to drawer 4
(7): go to drawer 5
(8): go to drawer 6
(9): go to drawer 7
(10): go to drawer 8
(11): go to drawer 9
(12): go to drawer 10
(13): go to drawer 11
(14): go to safe 1
(15): go to laundryhamper 1
(16): go to garbagecan 1
(17): close drawer 1
(18): take pillow 1 from drawer 1
(19): take cellphone 1 from drawer 1
(20): take pencil 1 from drawer 1
(21): use desklamp 1


**Answer**
Let's think step by step by following the instructions.
----------------------------------------

----------------------------------------

Original Response:
First, we analyze the provided images. We can see a bed, a sidetable with a desklamp, a cellphone, and a drawer. The drawer is shown in different states across the images: closed in Image1, open in Image2, and closed again in Image3. There is no alarm clock visible on the sidetable or inside the drawer based on the images provided.

Next, we consider the task description, "look at alarmclock under the desklamp." Since the alarm clock is not visible in the images, we must search for it. We also consider the task hint, which suggests that the agent needs to find the desired object (the alarm clock) and use a light source (the desklamp) with the desired object in hand.

Based on the initial observation indicating the available objects in the room and the fact that the drawer has been interacted with, it's reasonable to assume that the alarm clock might be inside one of the drawers that have not been checked yet.

Therefore, the most reasonable action to take for the task description "look at alarmclock under the desklamp" would be to search the drawers that we haven't seen opened yet in the images.

The answer is: (4): go to drawer 2.

----------------------------------------

----------------------------------------

>>> Refine Original VLM Response and Get Pure Action: go to drawer 2

----------------------------------------

-----------------------------------------------------------------

Running time: 13.600867509841919 seconds

Total Money: 0.22346

-----------------------------------------------------------------

-----------------------------------------------------------------

Text Observation:You arrive at loc 4. The drawer 2 is closed. 

--------------------------------------------------------------------------------------------------------------------------task: 0---------------------------------------------------------
--------------------------------------------------------------------------------------------------------------------------------------------------------------------
--------------------------------------------------------------------------------------------------------------------------------------------------------------------
Step:--------------------------------------------------------------------------7-------------------------------------------------------------------------------
----------------------------------------
VLM Prompt:
Image1:
<image>
Image2:
<image>
Image3:
<image>
**Instruction**
1. Analyze the provided images to identify all visible household objects and compare the difference between images (e.h. whether the object is opened or not and taken on hand or not), focusing on those relevant to the task description "look at alarmclock under the desklamp."
2. Use the analysis of images and the task hint "The agent must find an object of the desired type, locate and turn on a light source with the desired object in-hand." to answer the question: what is the most reasonable action in the choices for the task description "look at alarmclock under the desklamp"?
3. Decide and write the answer using the template: The answer is: (i): <selected_action>, where i is the real number. If there is no desired object in images, search every place based on **Initial Observation** to find the object. And if no one is exactly correct, choose a similar answer.

**Initial Observation**
You are in the middle of a room. Looking quickly around you, you can see bed (1), sidetable (1), drawer (1-11), dresser (1), safe (1), laundryhamper (1), garbagecan (1)

**Answer Choices**
(1): go to bed 1
(2): go to sidetable 1
(3): go to drawer 1
(4): go to dresser 1
(5): go to drawer 3
(6): go to drawer 4
(7): go to drawer 5
(8): go to drawer 6
(9): go to drawer 7
(10): go to drawer 8
(11): go to drawer 9
(12): go to drawer 10
(13): go to drawer 11
(14): go to safe 1
(15): go to laundryhamper 1
(16): go to garbagecan 1
(17): open drawer 2
(18): close drawer 2
(19): examine drawer 2


**Answer**
Let's think step by step by following the instructions.
----------------------------------------

----------------------------------------

Original Response:
First, we analyze the provided images. In Image1 and Image2, we can see a sidetable with a desklamp on it. The images are very similar, and there doesn't seem to be any difference between them in terms of objects being opened or taken on hand. There is no visible alarm clock on or around the sidetable. In Image3, we see a dresser with various objects on top, but there is no alarm clock visible either.

Now, using the analysis of images and the task hint, the most reasonable action for the task description "look at alarmclock under the desklamp" would be to find the alarm clock first. Since there is no alarm clock in the visible images, we must search every place based on the Initial Observation.

Based on Initial Observation, the most reasonable places to search for an alarm clock would be the sidetable or the drawers, as these are common places where one might keep an alarm clock. Since the sidetable is already visible in the images and there is no alarm clock, the next logical step would be to check the drawers.

Drawer 2 is already partially open in Image3, and we are looking for an alarm clock under a desklamp, which implies we should focus on finding the alarm clock first. Therefore, the most reasonable action would be to examine drawer 2 to see if the alarm clock is inside.

The answer is: (19): examine drawer 2.

----------------------------------------

----------------------------------------

>>> Refine Original VLM Response and Get Pure Action: examine drawer 2

----------------------------------------

-----------------------------------------------------------------

Running time: 15.516355037689209 seconds

Total Money: 0.25969

-----------------------------------------------------------------

-----------------------------------------------------------------

Text Observation:On the drawer 2, you see a bowl 1, a alarmclock 1, a keychain 1, a pen 1, and a pencil 2.

--------------------------------------------------------------------------------------------------------------------------task: 0---------------------------------------------------------
--------------------------------------------------------------------------------------------------------------------------------------------------------------------
--------------------------------------------------------------------------------------------------------------------------------------------------------------------
Step:--------------------------------------------------------------------------8-------------------------------------------------------------------------------
----------------------------------------
VLM Prompt:
Image1:
<image>
Image2:
<image>
Image3:
<image>
**Instruction**
1. Analyze the provided images to identify all visible household objects and compare the difference between images (e.h. whether the object is opened or not and taken on hand or not), focusing on those relevant to the task description "look at alarmclock under the desklamp."
2. Use the analysis of images and the task hint "The agent must find an object of the desired type, locate and turn on a light source with the desired object in-hand." to answer the question: what is the most reasonable action in the choices for the task description "look at alarmclock under the desklamp"?
3. Decide and write the answer using the template: The answer is: (i): <selected_action>, where i is the real number. If there is no desired object in images, search every place based on **Initial Observation** to find the object. And if no one is exactly correct, choose a similar answer.

**Initial Observation**
You are in the middle of a room. Looking quickly around you, you can see bed (1), sidetable (1), drawer (1-11), dresser (1), safe (1), laundryhamper (1), garbagecan (1)

**Answer Choices**
(1): go to bed 1
(2): go to sidetable 1
(3): go to drawer 1
(4): go to dresser 1
(5): go to drawer 3
(6): go to drawer 4
(7): go to drawer 5
(8): go to drawer 6
(9): go to drawer 7
(10): go to drawer 8
(11): go to drawer 9
(12): go to drawer 10
(13): go to drawer 11
(14): go to safe 1
(15): go to laundryhamper 1
(16): go to garbagecan 1
(17): open drawer 2
(18): close drawer 2
(19): take bowl 1 from drawer 2
(20): take alarmclock 1 from drawer 2
(21): take keychain 1 from drawer 2
(22): take pen 1 from drawer 2
(23): take pencil 2 from drawer 2


**Answer**
Let's think step by step by following the instructions.
----------------------------------------

----------------------------------------

Original Response:
Firstly, we analyze the images provided:

Image1: We can see a bed with a sidetable beside it. On the sidetable, there is a desklamp that is turned on, and underneath it, we can see a book but no alarm clock.

Image2 and Image3: These two images are identical and show a dresser with several objects on top: a bowl, a keychain, a pencil, and a tape dispenser. There is no visible alarm clock on the dresser.

Based on the initial observation, we need to find an alarm clock and look at it under the desklamp. Since there is no alarm clock visible on the sidetable in Image1 or on the dresser in Image2 and Image3, we must search other locations.

The task hint suggests that we need to have the alarm clock in-hand to turn on a light source. The desklamp on the sidetable is already turned on, so we don't need to worry about turning on another light source. 

Now, let's decide the most reasonable action based on the given choices for the task "look at alarmclock under the desklamp":

Since the alarm clock is not on the sidetable or dresser, we should check the drawer, as it is a common place to keep such items. Image2 and Image3 show drawer 2 slightly open with some items inside, but no alarm clock is visible. It is likely that the alarm clock is in one of the other drawers that we have not seen inside yet.

The answer based on the most logical next step is: (5): go to drawer 3. Since drawer 2 is already open and does not contain the alarm clock, we should check the next drawer to find it.

----------------------------------------

----------------------------------------

>>> Refine Original VLM Response and Get Pure Action: No action

----------------------------------------

-----------------------------------------------------------------

Running time: 14.770340919494629 seconds

Total Money: 0.29825999999999997

-----------------------------------------------------------------

-----------------------------------------------------------------

Text Observation:Nothing happens.

--------------------------------------------------------------------------------------------------------------------------task: 0---------------------------------------------------------
--------------------------------------------------------------------------------------------------------------------------------------------------------------------
--------------------------------------------------------------------------------------------------------------------------------------------------------------------
Step:--------------------------------------------------------------------------9-------------------------------------------------------------------------------
----------------------------------------
VLM Prompt:
Image1:
<image>
Image2:
<image>
Image3:
<image>
**Instruction**
1. Analyze the provided images to identify all visible household objects and compare the difference between images (e.h. whether the object is opened or not and taken on hand or not), focusing on those relevant to the task description "look at alarmclock under the desklamp."
2. Use the analysis of images and the task hint "The agent must find an object of the desired type, locate and turn on a light source with the desired object in-hand." to answer the question: what is the most reasonable action in the choices for the task description "look at alarmclock under the desklamp"?
3. Decide and write the answer using the template: The answer is: (i): <selected_action>, where i is the real number. If there is no desired object in images, search every place based on **Initial Observation** to find the object. And if no one is exactly correct, choose a similar answer.

**Initial Observation**
You are in the middle of a room. Looking quickly around you, you can see bed (1), sidetable (1), drawer (1-11), dresser (1), safe (1), laundryhamper (1), garbagecan (1)

**Answer Choices**
(1): go to bed 1
(2): go to sidetable 1
(3): go to drawer 1
(4): go to dresser 1
(5): go to drawer 3
(6): go to drawer 4
(7): go to drawer 5
(8): go to drawer 6
(9): go to drawer 7
(10): go to drawer 8
(11): go to drawer 9
(12): go to drawer 10
(13): go to drawer 11
(14): go to safe 1
(15): go to laundryhamper 1
(16): go to garbagecan 1
(17): open drawer 2
(18): close drawer 2
(19): take bowl 1 from drawer 2
(20): take alarmclock 1 from drawer 2
(21): take keychain 1 from drawer 2
(22): take pen 1 from drawer 2
(23): take pencil 2 from drawer 2


**Answer**
Let's think step by step by following the instructions.
----------------------------------------

----------------------------------------

Original Response:
The task is to "look at alarmclock under the desklamp." Analyzing the images provided, we see a desklamp (which can be inferred from the shape of the object that looks like a lamp) lying on its side on the dresser (drawer 2). There is no alarm clock visible in any of the images on the dresser. 

Given the task description and the hint that the agent must find an object of the desired type (alarm clock) and turn on a light source (desklamp) with the desired object in hand, the most reasonable action would be to first locate the alarm clock. Since the alarm clock is not visible in the images, we should search the places listed in the initial observation that could contain an alarm clock. 

The sidetable, drawers, and dresser are the most likely places to find an alarm clock. Since the desklamp is on drawer 2 of the dresser, it is reasonable to start there. 

The answer is: (17): open drawer 2.

----------------------------------------

----------------------------------------

>>> Refine Original VLM Response and Get Pure Action: open drawer 2

----------------------------------------

-----------------------------------------------------------------

Running time: 18.9771888256073 seconds

Total Money: 0.33251

-----------------------------------------------------------------

-----------------------------------------------------------------

Text Observation:You open the drawer 2. The drawer 2 is open. In it, you see a bowl 1, a alarmclock 1, a keychain 1, a pen 1, and a pencil 2.

--------------------------------------------------------------------------------------------------------------------------task: 0---------------------------------------------------------
--------------------------------------------------------------------------------------------------------------------------------------------------------------------
--------------------------------------------------------------------------------------------------------------------------------------------------------------------
Step:--------------------------------------------------------------------------10-------------------------------------------------------------------------------
----------------------------------------
VLM Prompt:
Image1:
<image>
Image2:
<image>
Image3:
<image>
**Instruction**
1. Analyze the provided images to identify all visible household objects and compare the difference between images (e.h. whether the object is opened or not and taken on hand or not), focusing on those relevant to the task description "look at alarmclock under the desklamp."
2. Use the analysis of images and the task hint "The agent must find an object of the desired type, locate and turn on a light source with the desired object in-hand." to answer the question: what is the most reasonable action in the choices for the task description "look at alarmclock under the desklamp"?
3. Decide and write the answer using the template: The answer is: (i): <selected_action>, where i is the real number. If there is no desired object in images, search every place based on **Initial Observation** to find the object. And if no one is exactly correct, choose a similar answer.

**Initial Observation**
You are in the middle of a room. Looking quickly around you, you can see bed (1), sidetable (1), drawer (1-11), dresser (1), safe (1), laundryhamper (1), garbagecan (1)

**Answer Choices**
(1): go to bed 1
(2): go to sidetable 1
(3): go to drawer 1
(4): go to dresser 1
(5): go to drawer 3
(6): go to drawer 4
(7): go to drawer 5
(8): go to drawer 6
(9): go to drawer 7
(10): go to drawer 8
(11): go to drawer 9
(12): go to drawer 10
(13): go to drawer 11
(14): go to safe 1
(15): go to laundryhamper 1
(16): go to garbagecan 1
(17): close drawer 2
(18): take bowl 1 from drawer 2
(19): take alarmclock 1 from drawer 2
(20): take keychain 1 from drawer 2
(21): take pen 1 from drawer 2
(22): take pencil 2 from drawer 2


**Answer**
Let's think step by step by following the instructions.
----------------------------------------

----------------------------------------

Original Response:
Firstly, we analyze the provided images to identify all visible household objects:

- Bowl 1: Visible in all images, placed on the desk, and not opened or taken in hand.
- Keychain 1: Visible in all images, placed on the desk, and not opened or taken in hand.
- Pencil 2: Visible in all images, placed on the desk, and not opened or taken in hand.
- Pen 1: Visible in all images, placed on the desk, and not opened or taken in hand.
- Alarmclock 1: Not visible in any image.
- Drawer 2: Visible in all images, it's opened in all images.

Now, based on the task description "look at alarmclock under the desklamp" and the task hint "The agent must find an object of the desired type, locate and turn on a light source with the desired object in-hand," let's deduce the most reasonable action from the choices provided.

The alarm clock is not visible on the desk, so it must be located elsewhere. According to the initial observation, the agent is in the middle of a room with various items, including drawers and a dresser. Since the task is to look at the alarm clock under the desk lamp, the agent must first locate the alarm clock. 

The most logical place to look for the alarm clock would be in the drawer since that is a common place to store such items. Drawer 2 is already open, so there is no need to open it again.

Given the choices, the most reasonable action would be to take the alarm clock from drawer 2.

The answer is: (19): take alarmclock 1 from drawer 2.

----------------------------------------

----------------------------------------

>>> Refine Original VLM Response and Get Pure Action: take alarmclock 1 from drawer 2

----------------------------------------

-----------------------------------------------------------------

Running time: 15.42012095451355 seconds

Total Money: 0.37084999999999996

-----------------------------------------------------------------

-----------------------------------------------------------------

Text Observation:You pick up the alarmclock 1 from the drawer 2.

--------------------------------------------------------------------------------------------------------------------------task: 0---------------------------------------------------------
--------------------------------------------------------------------------------------------------------------------------------------------------------------------
--------------------------------------------------------------------------------------------------------------------------------------------------------------------
Step:--------------------------------------------------------------------------11-------------------------------------------------------------------------------
----------------------------------------
VLM Prompt:
Image1:
<image>
Image2:
<image>
Image3:
<image>
**Instruction**
1. Analyze the provided images to identify all visible household objects and compare the difference between images (e.h. whether the object is opened or not and taken on hand or not), focusing on those relevant to the task description "look at alarmclock under the desklamp."
2. Use the analysis of images and the task hint "The agent must find an object of the desired type, locate and turn on a light source with the desired object in-hand." to answer the question: what is the most reasonable action in the choices for the task description "look at alarmclock under the desklamp"?
3. Decide and write the answer using the template: The answer is: (i): <selected_action>, where i is the real number. If there is no desired object in images, search every place based on **Initial Observation** to find the object. And if no one is exactly correct, choose a similar answer.

**Initial Observation**
You are in the middle of a room. Looking quickly around you, you can see bed (1), sidetable (1), drawer (1-11), dresser (1), safe (1), laundryhamper (1), garbagecan (1)

**Answer Choices**
(1): go to bed 1
(2): go to sidetable 1
(3): go to drawer 1
(4): go to dresser 1
(5): go to drawer 3
(6): go to drawer 4
(7): go to drawer 5
(8): go to drawer 6
(9): go to drawer 7
(10): go to drawer 8
(11): go to drawer 9
(12): go to drawer 10
(13): go to drawer 11
(14): go to safe 1
(15): go to laundryhamper 1
(16): go to garbagecan 1
(17): close drawer 2
(18): put alarmclock 1 in/on drawer 2
(19): examine alarmclock 1
(20): examine drawer 2


**Answer**
Let's think step by step by following the instructions.
----------------------------------------

----------------------------------------

Original Response:
Upon analyzing the provided images, we can see several household objects on top of a wooden dresser. The objects include a bowl, a pair of scissors, a pencil, duct tape, and a pen. Based on the task description "look at alarmclock under the desklamp," we are looking for an alarm clock and a desk lamp. 

In Image1 and Image2, no changes are observed. However, in Image3, we see a large object appearing on the right side of the dresser, which could be a desklamp with a shade over it. There is no visible alarm clock on the dresser in any of the images.

Considering the task hint, the agent must find an alarm clock and then locate and turn on a light source with the alarm clock in hand. Since the alarm clock is not visible on the dresser and the desklamp appears to be off or not fully visible, the agent must search elsewhere to find the alarm clock.

Based on **Initial Observation**, the agent should search the places where an alarm clock might typically be found, such as a bedside table or drawers. Therefore, the most reasonable action would be to go to the sidetable or check the drawers.

The answer is: (2): go to sidetable 1

----------------------------------------

----------------------------------------

>>> Refine Original VLM Response and Get Pure Action: go to sidetable 1

----------------------------------------

-----------------------------------------------------------------

Running time: 10.352847576141357 seconds

Total Money: 0.40608999999999995

-----------------------------------------------------------------

-----------------------------------------------------------------

Text Observation:You arrive at loc 1. On the sidetable 1, you see a pillow 1, a desklamp 1, and a cellphone 1.

-----------------------------------------------------------------