---------------------------------------------------------task: 26---------------------------------------------------------
--------------------------------------------------------------------------------------------------------------------------------------------------------------------
--------------------------------------------------------------------------------------------------------------------------------------------------------------------
Step:--------------------------------------------------------------------------0-------------------------------------------------------------------------------
----------------------------------------
VLM Prompt:
Image1:
<image>
**Instruction**
1. Analyze the provided images to identify all visible household objects and compare the difference between images (e.h. whether the object is opened or not and taken on hand or not), focusing on those relevant to the task description "find two kettle and put them in cabinet."
2. Use the analysis of images and the task hint "The agent must find an object of the desired type, pick it up, find the correct location to place it, put it down there, then look for another object of the desired type, pick it up, return to previous location, and put it down there with the other object." to answer the question: what is the most reasonable action in the choices for the task description "find two kettle and put them in cabinet"?
3. Decide and write the answer using the template: The answer is: (i): <selected_action>, where i is the real number. If there is no desired object in images, search every place based on **Initial Observation** to find the object. And if no one is exactly correct, choose a similar answer.

**Initial Observation**
You are in the middle of a room. Looking quickly around you, you can see countertop (1), coffeemachine (1), cabinet (1-4), drawer (1-8), sink (1), sinkbasin (1), garbagecan (1), fridge (1), microwave (1), dresser (1), sidetable (1)

**Answer Choices**
(1): go to countertop 1
(2): go to coffeemachine 1
(3): go to cabinet 1
(4): go to cabinet 2
(5): go to drawer 1
(6): go to sink 1
(7): go to sinkbasin 1
(8): go to cabinet 3
(9): go to garbagecan 1
(10): go to cabinet 4
(11): go to drawer 2
(12): go to fridge 1
(13): go to microwave 1
(14): go to dresser 1
(15): go to sidetable 1
(16): go to drawer 3
(17): go to drawer 4
(18): go to drawer 5
(19): go to drawer 6
(20): go to drawer 7
(21): go to drawer 8


**Answer**
Let's think step by step by following the instructions.
----------------------------------------

----------------------------------------

Original Response:
Image 1 does not show any kettles, so we cannot take action based on this image alone.

Considering the task description "find two kettle and put them in cabinet," the most reasonable action would be to search for the kettles in the locations where they are likely to be found. Based on the initial observation, kettles are not typically stored on countertops, in coffeemachines, in sinkbasins, in garbage cans, in fridges, in microwaves, on dressers, or on sidetables. They are more likely to be found in cabinets or drawers.

Therefore, the answer is: (3): go to cabinet 1. If no kettle is found there, the agent should continue to search in other cabinets or drawers based on the initial observation.

----------------------------------------

----------------------------------------

>>> Refine Original VLM Response and Get Pure Action: No action

----------------------------------------

-----------------------------------------------------------------

Running time: 7.242764472961426 seconds

Total Money: 13.247770000000001

-----------------------------------------------------------------

-----------------------------------------------------------------

Text Observation:Nothing happens.

--------------------------------------------------------------------------------------------------------------------------task: 26---------------------------------------------------------
--------------------------------------------------------------------------------------------------------------------------------------------------------------------
--------------------------------------------------------------------------------------------------------------------------------------------------------------------
Step:--------------------------------------------------------------------------1-------------------------------------------------------------------------------
----------------------------------------
VLM Prompt:
Image1:
<image>
Image2:
<image>
**Instruction**
1. Analyze the provided images to identify all visible household objects and compare the difference between images (e.h. whether the object is opened or not and taken on hand or not), focusing on those relevant to the task description "find two kettle and put them in cabinet."
2. Use the analysis of images and the task hint "The agent must find an object of the desired type, pick it up, find the correct location to place it, put it down there, then look for another object of the desired type, pick it up, return to previous location, and put it down there with the other object." to answer the question: what is the most reasonable action in the choices for the task description "find two kettle and put them in cabinet"?
3. Decide and write the answer using the template: The answer is: (i): <selected_action>, where i is the real number. If there is no desired object in images, search every place based on **Initial Observation** to find the object. And if no one is exactly correct, choose a similar answer.

**Initial Observation**
You are in the middle of a room. Looking quickly around you, you can see countertop (1), coffeemachine (1), cabinet (1-4), drawer (1-8), sink (1), sinkbasin (1), garbagecan (1), fridge (1), microwave (1), dresser (1), sidetable (1)

**Answer Choices**
(1): go to countertop 1
(2): go to coffeemachine 1
(3): go to cabinet 1
(4): go to cabinet 2
(5): go to drawer 1
(6): go to sink 1
(7): go to sinkbasin 1
(8): go to cabinet 3
(9): go to garbagecan 1
(10): go to cabinet 4
(11): go to drawer 2
(12): go to fridge 1
(13): go to microwave 1
(14): go to dresser 1
(15): go to sidetable 1
(16): go to drawer 3
(17): go to drawer 4
(18): go to drawer 5
(19): go to drawer 6
(20): go to drawer 7
(21): go to drawer 8


**Answer**
Let's think step by step by following the instructions.
----------------------------------------

----------------------------------------

Original Response:
1. Analyzing the provided images, there are no kettles visible in either of the images. The visible objects are an egg, a bowl, and a knife on the draining board of the sink. There is no difference in the objects between the two images.

2. Based on the task description "find two kettle and put them in cabinet" and the provided task hint, the most reasonable action would be to search for the kettles. Since kettles are not typically stored on countertops, in coffee machines, in sinks, in sink basins, in garbage cans, in fridges, in microwaves, on dressers, or on side tables, the most likely locations to find kettles would be in cabinets or drawers.

3. Using the template provided, and considering the initial observation that suggests possible storage locations for kettles, the answer would be to search the cabinets and drawers. Since the images do not show the location of the cabinets or drawers, and we need to find two kettles, the most reasonable actions would be to sequentially search the cabinets. Therefore, the answer is:

The answer is: (3): go to cabinet 1. If the kettle is not found there, continue with (4): go to cabinet 2, and so on until the kettles are found. If the cabinets do not contain kettles, then proceed to search the drawers starting with (5): go to drawer 1 and continue sequentially.

----------------------------------------

----------------------------------------

>>> Refine Original VLM Response and Get Pure Action: go to cabinet 1

----------------------------------------

-----------------------------------------------------------------

Running time: 12.971092224121094 seconds

Total Money: 13.277330000000001

-----------------------------------------------------------------

-----------------------------------------------------------------

Text Observation:You arrive at loc 2. The cabinet 1 is closed. 

--------------------------------------------------------------------------------------------------------------------------task: 26---------------------------------------------------------
--------------------------------------------------------------------------------------------------------------------------------------------------------------------
--------------------------------------------------------------------------------------------------------------------------------------------------------------------
Step:--------------------------------------------------------------------------2-------------------------------------------------------------------------------
----------------------------------------
VLM Prompt:
Image1:
<image>
Image2:
<image>
**Instruction**
1. Analyze the provided images to identify all visible household objects and compare the difference between images (e.h. whether the object is opened or not and taken on hand or not), focusing on those relevant to the task description "find two kettle and put them in cabinet."
2. Use the analysis of images and the task hint "The agent must find an object of the desired type, pick it up, find the correct location to place it, put it down there, then look for another object of the desired type, pick it up, return to previous location, and put it down there with the other object." to answer the question: what is the most reasonable action in the choices for the task description "find two kettle and put them in cabinet"?
3. Decide and write the answer using the template: The answer is: (i): <selected_action>, where i is the real number. If there is no desired object in images, search every place based on **Initial Observation** to find the object. And if no one is exactly correct, choose a similar answer.

**Initial Observation**
You are in the middle of a room. Looking quickly around you, you can see countertop (1), coffeemachine (1), cabinet (1-4), drawer (1-8), sink (1), sinkbasin (1), garbagecan (1), fridge (1), microwave (1), dresser (1), sidetable (1)

**Answer Choices**
(1): go to countertop 1
(2): go to coffeemachine 1
(3): go to cabinet 2
(4): go to drawer 1
(5): go to sink 1
(6): go to sinkbasin 1
(7): go to cabinet 3
(8): go to garbagecan 1
(9): go to cabinet 4
(10): go to drawer 2
(11): go to fridge 1
(12): go to microwave 1
(13): go to dresser 1
(14): go to sidetable 1
(15): go to drawer 3
(16): go to drawer 4
(17): go to drawer 5
(18): go to drawer 6
(19): go to drawer 7
(20): go to drawer 8
(21): open cabinet 1
(22): close cabinet 1
(23): examine cabinet 1


**Answer**
Let's think step by step by following the instructions.
----------------------------------------

----------------------------------------

Original Response:
After analyzing the provided images, we can identify the following household objects:
- Image 1: egg, bowl, knife, sink, and a window above the sink.
- Image 2: coffee machine with a cup, stove burner, sponge, and a tomato.

None of the images show a kettle, which is the object we are tasked to find and put in a cabinet. Therefore, we need to search every place based on the **Initial Observation** to find the object.

The most reasonable action from the choices, based on the task description "find two kettle and put them in the cabinet," would be to go to the cabinet where kettles are most likely stored or to open cabinets to check for kettles. Since there are multiple cabinets mentioned in the **Initial Observation**, we should start with the first and systematically work through them.

The answer is: (21): open cabinet 1. If the kettle is not found there, the next reasonable actions would be to open subsequent cabinets (3, 7, 9) or to examine cabinet 1 (23) if the initial observation suggests that the kettle might be there.

----------------------------------------

----------------------------------------

>>> Refine Original VLM Response and Get Pure Action: open cabinet 1

----------------------------------------

-----------------------------------------------------------------

Running time: 15.878502130508423 seconds

Total Money: 13.30497

-----------------------------------------------------------------

-----------------------------------------------------------------

Text Observation:You open the cabinet 1. The cabinet 1 is open. In it, you see a plate 1, a mug 1, a plate 2, a dishsponge 1, and a tomato 1.

--------------------------------------------------------------------------------------------------------------------------task: 26---------------------------------------------------------
--------------------------------------------------------------------------------------------------------------------------------------------------------------------
--------------------------------------------------------------------------------------------------------------------------------------------------------------------
Step:--------------------------------------------------------------------------3-------------------------------------------------------------------------------
----------------------------------------
VLM Prompt:
Image1:
<image>
Image2:
<image>
**Instruction**
1. Analyze the provided images to identify all visible household objects and compare the difference between images (e.h. whether the object is opened or not and taken on hand or not), focusing on those relevant to the task description "find two kettle and put them in cabinet."
2. Use the analysis of images and the task hint "The agent must find an object of the desired type, pick it up, find the correct location to place it, put it down there, then look for another object of the desired type, pick it up, return to previous location, and put it down there with the other object." to answer the question: what is the most reasonable action in the choices for the task description "find two kettle and put them in cabinet"?
3. Decide and write the answer using the template: The answer is: (i): <selected_action>, where i is the real number. If there is no desired object in images, search every place based on **Initial Observation** to find the object. And if no one is exactly correct, choose a similar answer.

**Initial Observation**
You are in the middle of a room. Looking quickly around you, you can see countertop (1), coffeemachine (1), cabinet (1-4), drawer (1-8), sink (1), sinkbasin (1), garbagecan (1), fridge (1), microwave (1), dresser (1), sidetable (1)

**Answer Choices**
(1): go to countertop 1
(2): go to coffeemachine 1
(3): go to cabinet 2
(4): go to drawer 1
(5): go to sink 1
(6): go to sinkbasin 1
(7): go to cabinet 3
(8): go to garbagecan 1
(9): go to cabinet 4
(10): go to drawer 2
(11): go to fridge 1
(12): go to microwave 1
(13): go to dresser 1
(14): go to sidetable 1
(15): go to drawer 3
(16): go to drawer 4
(17): go to drawer 5
(18): go to drawer 6
(19): go to drawer 7
(20): go to drawer 8
(21): close cabinet 1
(22): take plate 1 from cabinet 1
(23): take mug 1 from cabinet 1
(24): take plate 2 from cabinet 1
(25): take dishsponge 1 from cabinet 1
(26): take tomato 1 from cabinet 1
(27): examine cabinet 1


**Answer**
Let's think step by step by following the instructions.
----------------------------------------

----------------------------------------

Original Response:
Firstly, we analyze the images provided. In both Image1 and Image2, we can see a coffeemachine and a mug on the countertop, a green object which could be a sponge or a pad, and a red object that might be a tomato or an apple. There is no kettle visible in either image.

Considering the task description "find two kettle and put them in cabinet," we can see that there is no kettle on the visible countertop, and we have no indication that a kettle is inside the coffeemachine or among the other objects. Therefore, we can eliminate choices (1) and (2) as they are not relevant to the task at hand.

From the initial observation, we can see that there are multiple cabinets and drawers to search. Since the task is to find two kettles and put them in a cabinet, we should start by searching the cabinets as it is the most likely place where a kettle would be found.

Therefore, the most reasonable action from the choices given would be to start examining the cabinets one by one. Since cabinet 1 is not explicitly mentioned in the initial observation and there are no options to examine cabinet 1, we should start with the cabinet mentioned next in the sequence.

The answer is: (3): go to cabinet 2. If the kettle is not there, continue searching the other cabinets and drawers in numerical order until the kettles are found.

----------------------------------------

----------------------------------------

>>> Refine Original VLM Response and Get Pure Action: go to cabinet 2

----------------------------------------

-----------------------------------------------------------------

Running time: 263.1128091812134 seconds

Total Money: 13.33486

-----------------------------------------------------------------

-----------------------------------------------------------------

Text Observation:You arrive at loc 3. The cabinet 2 is closed. 

--------------------------------------------------------------------------------------------------------------------------task: 26---------------------------------------------------------
--------------------------------------------------------------------------------------------------------------------------------------------------------------------
--------------------------------------------------------------------------------------------------------------------------------------------------------------------
Step:--------------------------------------------------------------------------4-------------------------------------------------------------------------------
----------------------------------------
VLM Prompt:
Image1:
<image>
Image2:
<image>
**Instruction**
1. Analyze the provided images to identify all visible household objects and compare the difference between images (e.h. whether the object is opened or not and taken on hand or not), focusing on those relevant to the task description "find two kettle and put them in cabinet."
2. Use the analysis of images and the task hint "The agent must find an object of the desired type, pick it up, find the correct location to place it, put it down there, then look for another object of the desired type, pick it up, return to previous location, and put it down there with the other object." to answer the question: what is the most reasonable action in the choices for the task description "find two kettle and put them in cabinet"?
3. Decide and write the answer using the template: The answer is: (i): <selected_action>, where i is the real number. If there is no desired object in images, search every place based on **Initial Observation** to find the object. And if no one is exactly correct, choose a similar answer.

**Initial Observation**
You are in the middle of a room. Looking quickly around you, you can see countertop (1), coffeemachine (1), cabinet (1-4), drawer (1-8), sink (1), sinkbasin (1), garbagecan (1), fridge (1), microwave (1), dresser (1), sidetable (1)

**Answer Choices**
(1): go to countertop 1
(2): go to coffeemachine 1
(3): go to drawer 1
(4): go to sink 1
(5): go to sinkbasin 1
(6): go to cabinet 3
(7): go to garbagecan 1
(8): go to cabinet 4
(9): go to drawer 2
(10): go to fridge 1
(11): go to microwave 1
(12): go to dresser 1
(13): go to sidetable 1
(14): go to drawer 3
(15): go to drawer 4
(16): go to drawer 5
(17): go to drawer 6
(18): go to drawer 7
(19): go to drawer 8
(20): open cabinet 2
(21): close cabinet 2
(22): examine cabinet 2


**Answer**
Let's think step by step by following the instructions.
----------------------------------------

----------------------------------------

Original Response:
First, we will identify all visible household objects from the images provided:

Image 1:
- Coffee machine with a cup
- Empty space on the countertop (possibly where a kettle could be placed)
- A green object that looks like a sponge or dishwashing pad
- A red round object, possibly a tomato or an apple

Image 2:
- Sink with a faucet
- Plant in a pot
- Yellow object, possibly a fruit or vegetable
- Knife
- Round green object, possibly a fruit or vegetable
- Cutting board
- Cabinet door open (below the sink)
- Empty space on the countertop

Comparison:
- No kettles are visible in either image.
- Cabinet below the sink is open in Image 2.

Based on the task description "find two kettle and put them in cabinet" and the task hint, the agent needs to find the kettles first. Since no kettles are visible in the provided images, the agent must search every place based on the **Initial Observation** to find the kettles.

Considering the **Initial Observation** list, kettles are most likely to be found in cabinets or on countertops. Since we do not see any kettles on the visible countertop spaces, the next reasonable action would be to start searching the cabinets.

The answer is: (6): go to cabinet 3

----------------------------------------

----------------------------------------

>>> Refine Original VLM Response and Get Pure Action: go to cabinet 3

----------------------------------------

-----------------------------------------------------------------

Running time: 12.821223258972168 seconds

Total Money: 13.36388

-----------------------------------------------------------------

-----------------------------------------------------------------

Text Observation:You arrive at loc 7. The cabinet 3 is closed. 

--------------------------------------------------------------------------------------------------------------------------task: 26---------------------------------------------------------
--------------------------------------------------------------------------------------------------------------------------------------------------------------------
--------------------------------------------------------------------------------------------------------------------------------------------------------------------
Step:--------------------------------------------------------------------------5-------------------------------------------------------------------------------
----------------------------------------
VLM Prompt:
Image1:
<image>
Image2:
<image>
**Instruction**
1. Analyze the provided images to identify all visible household objects and compare the difference between images (e.h. whether the object is opened or not and taken on hand or not), focusing on those relevant to the task description "find two kettle and put them in cabinet."
2. Use the analysis of images and the task hint "The agent must find an object of the desired type, pick it up, find the correct location to place it, put it down there, then look for another object of the desired type, pick it up, return to previous location, and put it down there with the other object." to answer the question: what is the most reasonable action in the choices for the task description "find two kettle and put them in cabinet"?
3. Decide and write the answer using the template: The answer is: (i): <selected_action>, where i is the real number. If there is no desired object in images, search every place based on **Initial Observation** to find the object. And if no one is exactly correct, choose a similar answer.

**Initial Observation**
You are in the middle of a room. Looking quickly around you, you can see countertop (1), coffeemachine (1), cabinet (1-4), drawer (1-8), sink (1), sinkbasin (1), garbagecan (1), fridge (1), microwave (1), dresser (1), sidetable (1)

**Answer Choices**
(1): go to countertop 1
(2): go to coffeemachine 1
(3): go to cabinet 1
(4): go to drawer 1
(5): go to sink 1
(6): go to sinkbasin 1
(7): go to garbagecan 1
(8): go to cabinet 4
(9): go to drawer 2
(10): go to fridge 1
(11): go to microwave 1
(12): go to dresser 1
(13): go to sidetable 1
(14): go to drawer 3
(15): go to drawer 4
(16): go to drawer 5
(17): go to drawer 6
(18): go to drawer 7
(19): go to drawer 8
(20): open cabinet 3
(21): close cabinet 3
(22): examine cabinet 3


**Answer**
Let's think step by step by following the instructions.
----------------------------------------

----------------------------------------

Original Response:
1. Analyzing the provided images, we can identify various household objects, such as a sink, a plant, a knife, a kettle, a bottle, a tomato, and a recycling garbage can. There are no kettles visible in the images on the countertop, and no cabinets are open to indicate a kettle might be inside. The task is to find two kettles and put them in a cabinet.

2. Based on the task description and hint, the most reasonable action would be to search for a kettle. Since no kettle is visible on the countertop or in open cabinets in the provided images, we must search other areas mentioned in the Initial Observation.

3. The answer is: (3): go to cabinet 1, as it is the first cabinet mentioned in the Initial Observation and a logical place to start searching for a kettle to complete the task. If a kettle is not found in cabinet 1, the agent should continue searching other cabinets and drawers.

----------------------------------------

----------------------------------------

>>> Refine Original VLM Response and Get Pure Action: go to cabinet 1, as it is the first cabinet mentioned in the Initial Observation and a logical place to start searching for a kettle to complete the task

----------------------------------------

-----------------------------------------------------------------

Running time: 10.934181213378906 seconds

Total Money: 13.39044

-----------------------------------------------------------------

-----------------------------------------------------------------

Text Observation:Nothing happens.

--------------------------------------------------------------------------------------------------------------------------task: 26---------------------------------------------------------
--------------------------------------------------------------------------------------------------------------------------------------------------------------------
--------------------------------------------------------------------------------------------------------------------------------------------------------------------
Step:--------------------------------------------------------------------------6-------------------------------------------------------------------------------
----------------------------------------
VLM Prompt:
Image1:
<image>
Image2:
<image>
**Instruction**
1. Analyze the provided images to identify all visible household objects and compare the difference between images (e.h. whether the object is opened or not and taken on hand or not), focusing on those relevant to the task description "find two kettle and put them in cabinet."
2. Use the analysis of images and the task hint "The agent must find an object of the desired type, pick it up, find the correct location to place it, put it down there, then look for another object of the desired type, pick it up, return to previous location, and put it down there with the other object." to answer the question: what is the most reasonable action in the choices for the task description "find two kettle and put them in cabinet"?
3. Decide and write the answer using the template: The answer is: (i): <selected_action>, where i is the real number. If there is no desired object in images, search every place based on **Initial Observation** to find the object. And if no one is exactly correct, choose a similar answer.

**Initial Observation**
You are in the middle of a room. Looking quickly around you, you can see countertop (1), coffeemachine (1), cabinet (1-4), drawer (1-8), sink (1), sinkbasin (1), garbagecan (1), fridge (1), microwave (1), dresser (1), sidetable (1)

**Answer Choices**
(1): go to countertop 1
(2): go to coffeemachine 1
(3): go to cabinet 1
(4): go to drawer 1
(5): go to sink 1
(6): go to sinkbasin 1
(7): go to garbagecan 1
(8): go to cabinet 4
(9): go to drawer 2
(10): go to fridge 1
(11): go to microwave 1
(12): go to dresser 1
(13): go to sidetable 1
(14): go to drawer 3
(15): go to drawer 4
(16): go to drawer 5
(17): go to drawer 6
(18): go to drawer 7
(19): go to drawer 8
(20): open cabinet 3
(21): close cabinet 3
(22): examine cabinet 3


**Answer**
Let's think step by step by following the instructions.
----------------------------------------

----------------------------------------

Original Response:
First, we need to identify all visible household objects in the images and compare the difference between the two images. In both Image1 and Image2, we can see a kettle on the countertop, a tomato, a wine bottle, a kiwi, and a recycling bin below the countertop. There is no visible change between the two images regarding these objects.

Next, according to the task description "find two kettle and put them in cabinet," we need to find another kettle as one is already visible on the countertop. Since there is only one visible kettle, the agent must search for another one. The task hint suggests that the agent must pick up the object and find the correct location to place it.

Now, let's look at the Initial Observation, which gives us the locations to check for the second kettle. We can eliminate the locations where a kettle is unlikely to be found, such as the coffeemachine, sinkbasin, garbagecan, fridge, microwave, dresser, and sidetable.

The most reasonable actions would be to check the cabinets and drawers, as these are common storage places for kitchen items like kettles. Since we do not have information on the specific contents of each cabinet or drawer, we should start by examining the cabinets.

Based on the provided information, the most reasonable action for the task description "find two kettle and put them in cabinet" would be:

The answer is: (20): open cabinet 3.

----------------------------------------

----------------------------------------

>>> Refine Original VLM Response and Get Pure Action: open cabinet 3

----------------------------------------

-----------------------------------------------------------------

Running time: 15.666170597076416 seconds

Total Money: 13.41985

-----------------------------------------------------------------

-----------------------------------------------------------------

Text Observation:You open the cabinet 3. The cabinet 3 is open. In it, you see a winebottle 1, a kettle 1, a tomato 2, and a potato 1.

--------------------------------------------------------------------------------------------------------------------------task: 26---------------------------------------------------------
--------------------------------------------------------------------------------------------------------------------------------------------------------------------
--------------------------------------------------------------------------------------------------------------------------------------------------------------------
Step:--------------------------------------------------------------------------7-------------------------------------------------------------------------------
----------------------------------------
VLM Prompt:
Image1:
<image>
Image2:
<image>
**Instruction**
1. Analyze the provided images to identify all visible household objects and compare the difference between images (e.h. whether the object is opened or not and taken on hand or not), focusing on those relevant to the task description "find two kettle and put them in cabinet."
2. Use the analysis of images and the task hint "The agent must find an object of the desired type, pick it up, find the correct location to place it, put it down there, then look for another object of the desired type, pick it up, return to previous location, and put it down there with the other object." to answer the question: what is the most reasonable action in the choices for the task description "find two kettle and put them in cabinet"?
3. Decide and write the answer using the template: The answer is: (i): <selected_action>, where i is the real number. If there is no desired object in images, search every place based on **Initial Observation** to find the object. And if no one is exactly correct, choose a similar answer.

**Initial Observation**
You are in the middle of a room. Looking quickly around you, you can see countertop (1), coffeemachine (1), cabinet (1-4), drawer (1-8), sink (1), sinkbasin (1), garbagecan (1), fridge (1), microwave (1), dresser (1), sidetable (1)

**Answer Choices**
(1): go to countertop 1
(2): go to coffeemachine 1
(3): go to cabinet 1
(4): go to cabinet 2
(5): go to drawer 1
(6): go to sink 1
(7): go to sinkbasin 1
(8): go to garbagecan 1
(9): go to cabinet 4
(10): go to drawer 2
(11): go to fridge 1
(12): go to microwave 1
(13): go to dresser 1
(14): go to sidetable 1
(15): go to drawer 3
(16): go to drawer 4
(17): go to drawer 5
(18): go to drawer 6
(19): go to drawer 7
(20): go to drawer 8
(21): close cabinet 3
(22): take winebottle 1 from cabinet 3
(23): take kettle 1 from cabinet 3
(24): take tomato 2 from cabinet 3
(25): take potato 1 from cabinet 3
(26): examine cabinet 3


**Answer**
Let's think step by step by following the instructions.
----------------------------------------

----------------------------------------

Original Response:
First, we analyze the provided images. In both images, we can see a kettle, a wine bottle, a tomato, and a potato on the countertop, and a garbage can under the countertop. There is no visible difference between the images regarding the state of these objects.

Next, based on the task description "find two kettle and put them in cabinet," we need to look for another kettle. Since there is only one kettle visible on the countertop, we need to search the other locations mentioned in the Initial Observation to find the second kettle.

Considering the task hint, the first reasonable action would be to pick up the visible kettle from the countertop and then look for the second kettle. However, the provided answer choices do not include an action for picking up the kettle.

Among the answer choices, the closest to the desired action would be to go to cabinet 3, as cabinets are typically where kettles are stored. However, the task description asks to put the kettles in a cabinet, not to take them from a cabinet. Since there is no option to pick up the kettle from the countertop, we must assume that the agent is already holding one kettle or that the action of picking up the kettle is implied.

Given that there is no option to pick up the kettle directly and we have to follow the task hint, the most reasonable action would be to search the cabinets for the second kettle. Therefore, the answer is:

The answer is: (3): go to cabinet 1

If the second kettle is not found in cabinet 1, the agent should continue searching the other cabinets (cabinet 2, cabinet 4) or drawers as mentioned in the Initial Observation.

----------------------------------------

----------------------------------------

>>> Refine Original VLM Response and Get Pure Action: go to cabinet 1

If the second kettle is not found in cabinet 1, the agent should continue searching the other cabinets (cabinet 2, cabinet 4) or drawers as mentioned in the Initial Observation

----------------------------------------

-----------------------------------------------------------------

Running time: 32.916719913482666 seconds

Total Money: 13.45133

-----------------------------------------------------------------

-----------------------------------------------------------------

Text Observation:Nothing happens.

--------------------------------------------------------------------------------------------------------------------------task: 26---------------------------------------------------------
--------------------------------------------------------------------------------------------------------------------------------------------------------------------
--------------------------------------------------------------------------------------------------------------------------------------------------------------------
Step:--------------------------------------------------------------------------8-------------------------------------------------------------------------------
----------------------------------------
VLM Prompt:
Image1:
<image>
Image2:
<image>
**Instruction**
1. Analyze the provided images to identify all visible household objects and compare the difference between images (e.h. whether the object is opened or not and taken on hand or not), focusing on those relevant to the task description "find two kettle and put them in cabinet."
2. Use the analysis of images and the task hint "The agent must find an object of the desired type, pick it up, find the correct location to place it, put it down there, then look for another object of the desired type, pick it up, return to previous location, and put it down there with the other object." to answer the question: what is the most reasonable action in the choices for the task description "find two kettle and put them in cabinet"?
3. Decide and write the answer using the template: The answer is: (i): <selected_action>, where i is the real number. If there is no desired object in images, search every place based on **Initial Observation** to find the object. And if no one is exactly correct, choose a similar answer.

**Initial Observation**
You are in the middle of a room. Looking quickly around you, you can see countertop (1), coffeemachine (1), cabinet (1-4), drawer (1-8), sink (1), sinkbasin (1), garbagecan (1), fridge (1), microwave (1), dresser (1), sidetable (1)

**Answer Choices**
(1): go to countertop 1
(2): go to coffeemachine 1
(3): go to cabinet 1
(4): go to cabinet 2
(5): go to drawer 1
(6): go to sink 1
(7): go to sinkbasin 1
(8): go to garbagecan 1
(9): go to cabinet 4
(10): go to drawer 2
(11): go to fridge 1
(12): go to microwave 1
(13): go to dresser 1
(14): go to sidetable 1
(15): go to drawer 3
(16): go to drawer 4
(17): go to drawer 5
(18): go to drawer 6
(19): go to drawer 7
(20): go to drawer 8
(21): close cabinet 3
(22): take winebottle 1 from cabinet 3
(23): take kettle 1 from cabinet 3
(24): take tomato 2 from cabinet 3
(25): take potato 1 from cabinet 3
(26): examine cabinet 3


**Answer**
Let's think step by step by following the instructions.
----------------------------------------

----------------------------------------

Original Response:
Firstly, we analyze the provided images. There are no kettles visible on the countertop in either image. We can see a kettle, a wine bottle, a tomato, and a potato on the countertop, and a recycling bin under the countertop. There's no difference between the two images regarding the objects' state (such as being open or held).

Next, based on the task description "find two kettle and put them in cabinet," we must look for kettles. Since there is one kettle visible on the countertop, the most reasonable action would be to pick up the kettle from the countertop.

However, the given answer choices do not include an action for picking up the kettle from the countertop. Therefore, we must choose the most similar action. The closest action related to the task would be to go to the location where the kettle is, which is the countertop.

The answer is: (1): go to countertop 1.

----------------------------------------

----------------------------------------

>>> Refine Original VLM Response and Get Pure Action: go to countertop 1

----------------------------------------

-----------------------------------------------------------------

Running time: 14.576947212219238 seconds

Total Money: 13.47837

-----------------------------------------------------------------

-----------------------------------------------------------------

Text Observation:You arrive at loc 0. On the countertop 1, you see a bread 1, a cup 1, a lettuce 1, a apple 1, and a kettle 1.

--------------------------------------------------------------------------------------------------------------------------task: 26---------------------------------------------------------
--------------------------------------------------------------------------------------------------------------------------------------------------------------------
--------------------------------------------------------------------------------------------------------------------------------------------------------------------
Step:--------------------------------------------------------------------------9-------------------------------------------------------------------------------
----------------------------------------
VLM Prompt:
Image1:
<image>
Image2:
<image>
**Instruction**
1. Analyze the provided images to identify all visible household objects and compare the difference between images (e.h. whether the object is opened or not and taken on hand or not), focusing on those relevant to the task description "find two kettle and put them in cabinet."
2. Use the analysis of images and the task hint "The agent must find an object of the desired type, pick it up, find the correct location to place it, put it down there, then look for another object of the desired type, pick it up, return to previous location, and put it down there with the other object." to answer the question: what is the most reasonable action in the choices for the task description "find two kettle and put them in cabinet"?
3. Decide and write the answer using the template: The answer is: (i): <selected_action>, where i is the real number. If there is no desired object in images, search every place based on **Initial Observation** to find the object. And if no one is exactly correct, choose a similar answer.

**Initial Observation**
You are in the middle of a room. Looking quickly around you, you can see countertop (1), coffeemachine (1), cabinet (1-4), drawer (1-8), sink (1), sinkbasin (1), garbagecan (1), fridge (1), microwave (1), dresser (1), sidetable (1)

**Answer Choices**
(1): go to coffeemachine 1
(2): go to cabinet 1
(3): go to cabinet 2
(4): go to drawer 1
(5): go to sink 1
(6): go to sinkbasin 1
(7): go to cabinet 3
(8): go to garbagecan 1
(9): go to cabinet 4
(10): go to drawer 2
(11): go to fridge 1
(12): go to microwave 1
(13): go to dresser 1
(14): go to sidetable 1
(15): go to drawer 3
(16): go to drawer 4
(17): go to drawer 5
(18): go to drawer 6
(19): go to drawer 7
(20): go to drawer 8
(21): take bread 1 from countertop 1
(22): take cup 1 from countertop 1
(23): take lettuce 1 from countertop 1
(24): take apple 1 from countertop 1
(25): take kettle 1 from countertop 1
(26): examine countertop 1


**Answer**
Let's think step by step by following the instructions.
----------------------------------------

----------------------------------------

Original Response:
Firstly, we analyze the provided images to identify all visible household objects. Image 1 shows a kettle, a tomato, a bottle, and a potato on the countertop, and a recycling garbage can under it. Image 2 shows a lettuce, an apple, a cup, and bread on the countertop. There are no kettles in the cabinets or being held in either image.

Based on the task description "find two kettle and put them in cabinet," we need to locate kettles and place them in a cabinet. According to the initial observation, there is one kettle on countertop 1. 

Using the task hint, the agent must pick up the kettle from countertop 1 and put it in a cabinet, then look for another kettle. Since there is only one kettle visible in the images, the agent would need to search other locations for the second kettle after placing the first one in a cabinet. 

The most reasonable action from the choices provided, considering the task description and the fact that there is one visible kettle on countertop 1, would be to take the kettle and put it in a cabinet. 

The answer is: (25): take kettle 1 from countertop 1

----------------------------------------

----------------------------------------

>>> Refine Original VLM Response and Get Pure Action: take kettle 1 from countertop 1

----------------------------------------

-----------------------------------------------------------------

Running time: 15.979313135147095 seconds

Total Money: 13.50698

-----------------------------------------------------------------

-----------------------------------------------------------------

Text Observation:You pick up the kettle 1 from the countertop 1.

--------------------------------------------------------------------------------------------------------------------------task: 26---------------------------------------------------------
--------------------------------------------------------------------------------------------------------------------------------------------------------------------
--------------------------------------------------------------------------------------------------------------------------------------------------------------------
Step:--------------------------------------------------------------------------10-------------------------------------------------------------------------------
----------------------------------------
VLM Prompt:
Image1:
<image>
Image2:
<image>
**Instruction**
1. Analyze the provided images to identify all visible household objects and compare the difference between images (e.h. whether the object is opened or not and taken on hand or not), focusing on those relevant to the task description "find two kettle and put them in cabinet."
2. Use the analysis of images and the task hint "The agent must find an object of the desired type, pick it up, find the correct location to place it, put it down there, then look for another object of the desired type, pick it up, return to previous location, and put it down there with the other object." to answer the question: what is the most reasonable action in the choices for the task description "find two kettle and put them in cabinet"?
3. Decide and write the answer using the template: The answer is: (i): <selected_action>, where i is the real number. If there is no desired object in images, search every place based on **Initial Observation** to find the object. And if no one is exactly correct, choose a similar answer.

**Initial Observation**
You are in the middle of a room. Looking quickly around you, you can see countertop (1), coffeemachine (1), cabinet (1-4), drawer (1-8), sink (1), sinkbasin (1), garbagecan (1), fridge (1), microwave (1), dresser (1), sidetable (1)

**Answer Choices**
(1): go to coffeemachine 1
(2): go to cabinet 1
(3): go to cabinet 2
(4): go to drawer 1
(5): go to sink 1
(6): go to sinkbasin 1
(7): go to cabinet 3
(8): go to garbagecan 1
(9): go to cabinet 4
(10): go to drawer 2
(11): go to fridge 1
(12): go to microwave 1
(13): go to dresser 1
(14): go to sidetable 1
(15): go to drawer 3
(16): go to drawer 4
(17): go to drawer 5
(18): go to drawer 6
(19): go to drawer 7
(20): go to drawer 8
(21): put kettle 1 in/on countertop 1
(22): examine kettle 1
(23): examine countertop 1


**Answer**
Let's think step by step by following the instructions.
----------------------------------------

----------------------------------------

Original Response:
First, we analyze the images provided. In both images, we can see a countertop with a loaf of bread, a piece of lettuce, a green cup, and an apple. In the second image, there is also a silver kettle with a blue handle placed on the countertop. This kettle appears to be the object relevant to the task description "find two kettle and put them in cabinet."

Comparing the difference between the images, the kettle is not present in the first image but is present and appears to be picked up by someone in the second image, as indicated by the hand holding it. No other household objects appear to have been interacted with between the two images.

Based on the task hint, the agent needs to find an object of the desired type (kettle), pick it up, find the correct location to place it (cabinet), put it down there, then look for another object of the desired type (another kettle), pick it up, return to the previous location (cabinet), and put it down there with the other object.

Since we have already found one kettle in the second image and it is being held, the most reasonable next action would be to put it in a cabinet. The initial observation does not specify where the kettle is, so we can assume that it is being held as shown in the second image. Therefore, we should go to one of the cabinets to put the kettle away.

The answer is: (2): go to cabinet 1.

----------------------------------------

----------------------------------------

>>> Refine Original VLM Response and Get Pure Action: go to cabinet 1

----------------------------------------

-----------------------------------------------------------------

Running time: 32.99357461929321 seconds

Total Money: 13.53678

-----------------------------------------------------------------

-----------------------------------------------------------------

Text Observation:You arrive at loc 2. The cabinet 1 is open. On the cabinet 1, you see a plate 1, a mug 1, a dishsponge 1, and a tomato 1.

--------------------------------------------------------------------------------------------------------------------------task: 26---------------------------------------------------------
--------------------------------------------------------------------------------------------------------------------------------------------------------------------
--------------------------------------------------------------------------------------------------------------------------------------------------------------------
Step:--------------------------------------------------------------------------11-------------------------------------------------------------------------------
----------------------------------------
VLM Prompt:
Image1:
<image>
Image2:
<image>
**Instruction**
1. Analyze the provided images to identify all visible household objects and compare the difference between images (e.h. whether the object is opened or not and taken on hand or not), focusing on those relevant to the task description "find two kettle and put them in cabinet."
2. Use the analysis of images and the task hint "The agent must find an object of the desired type, pick it up, find the correct location to place it, put it down there, then look for another object of the desired type, pick it up, return to previous location, and put it down there with the other object." to answer the question: what is the most reasonable action in the choices for the task description "find two kettle and put them in cabinet"?
3. Decide and write the answer using the template: The answer is: (i): <selected_action>, where i is the real number. If there is no desired object in images, search every place based on **Initial Observation** to find the object. And if no one is exactly correct, choose a similar answer.

**Initial Observation**
You are in the middle of a room. Looking quickly around you, you can see countertop (1), coffeemachine (1), cabinet (1-4), drawer (1-8), sink (1), sinkbasin (1), garbagecan (1), fridge (1), microwave (1), dresser (1), sidetable (1)

**Answer Choices**
(1): go to coffeemachine 1
(2): go to cabinet 2
(3): go to drawer 1
(4): go to sink 1
(5): go to sinkbasin 1
(6): go to cabinet 3
(7): go to garbagecan 1
(8): go to cabinet 4
(9): go to drawer 2
(10): go to fridge 1
(11): go to microwave 1
(12): go to dresser 1
(13): go to sidetable 1
(14): go to drawer 3
(15): go to drawer 4
(16): go to drawer 5
(17): go to drawer 6
(18): go to drawer 7
(19): go to drawer 8
(20): open cabinet 1
(21): close cabinet 1
(22): put kettle 1 in/on cabinet 1
(23): examine kettle 1
(24): examine cabinet 1


**Answer**
Let's think step by step by following the instructions.
----------------------------------------

----------------------------------------

Original Response:
Firstly, we need to identify all visible household objects in the provided images. 

In Image1, we can see:
- A kettle with a blue handle on the countertop
- A loaf of bread
- A green apple and a red apple
- A half-cut green apple
- A green lettuce

In Image2, we can see:
- The same kettle with a blue handle on the countertop
- A coffeemachine with a cup
- A black plate or tray
- A green book or box

Next, we need to compare the difference between images. The kettle seems to be in the same position in both images, indicating that it has not been picked up or moved. No objects seem to have been opened or taken in hand.

Now, we will use the analysis of images and the task hint to answer the question. Since the task is to find two kettles and put them in a cabinet, the most reasonable action from the choices provided would be to first pick up the visible kettle. However, there is no action listed for picking up the kettle. The closest relevant action would be to go to the cabinet where we can place the kettle after picking it up. The initial observation mentions multiple cabinets, but since we don't have a specific instruction on which cabinet to place the kettles in, we should choose the one closest to the current location of the kettle for efficiency.

The answer is: (2): go to cabinet 2, considering it is the closest cabinet to the kettle's current location on the countertop. If there is no desired object in images, we should search every place based on **Initial Observation** to find the object.

----------------------------------------

----------------------------------------

>>> Refine Original VLM Response and Get Pure Action: go to cabinet 2, considering it is the closest cabinet to the kettle's current location on the countertop

----------------------------------------

-----------------------------------------------------------------

Running time: 12.50236177444458 seconds

Total Money: 13.56783

-----------------------------------------------------------------

-----------------------------------------------------------------

Text Observation:Nothing happens.

--------------------------------------------------------------------------------------------------------------------------task: 26---------------------------------------------------------
--------------------------------------------------------------------------------------------------------------------------------------------------------------------
--------------------------------------------------------------------------------------------------------------------------------------------------------------------
Step:--------------------------------------------------------------------------12-------------------------------------------------------------------------------
----------------------------------------
VLM Prompt:
Image1:
<image>
Image2:
<image>
**Instruction**
1. Analyze the provided images to identify all visible household objects and compare the difference between images (e.h. whether the object is opened or not and taken on hand or not), focusing on those relevant to the task description "find two kettle and put them in cabinet."
2. Use the analysis of images and the task hint "The agent must find an object of the desired type, pick it up, find the correct location to place it, put it down there, then look for another object of the desired type, pick it up, return to previous location, and put it down there with the other object." to answer the question: what is the most reasonable action in the choices for the task description "find two kettle and put them in cabinet"?
3. Decide and write the answer using the template: The answer is: (i): <selected_action>, where i is the real number. If there is no desired object in images, search every place based on **Initial Observation** to find the object. And if no one is exactly correct, choose a similar answer.

**Initial Observation**
You are in the middle of a room. Looking quickly around you, you can see countertop (1), coffeemachine (1), cabinet (1-4), drawer (1-8), sink (1), sinkbasin (1), garbagecan (1), fridge (1), microwave (1), dresser (1), sidetable (1)

**Answer Choices**
(1): go to countertop 1
(2): go to coffeemachine 1
(3): go to cabinet 2
(4): go to drawer 1
(5): go to sink 1
(6): go to sinkbasin 1
(7): go to cabinet 3
(8): go to garbagecan 1
(9): go to cabinet 4
(10): go to drawer 2
(11): go to fridge 1
(12): go to microwave 1
(13): go to dresser 1
(14): go to sidetable 1
(15): go to drawer 3
(16): go to drawer 4
(17): go to drawer 5
(18): go to drawer 6
(19): go to drawer 7
(20): go to drawer 8
(21): open cabinet 1
(22): close cabinet 1
(23): put kettle 1 in/on cabinet 1
(24): examine kettle 1
(25): examine cabinet 1


**Answer**
Let's think step by step by following the instructions.
----------------------------------------

----------------------------------------

Original Response:
Firstly, we need to identify all visible household objects in the images. In both images, we can see a coffeemachine on the countertop with a cup underneath it, which is not a kettle. There are no other objects that resemble a kettle in the visible area.

Comparing the difference between the images, there seems to be no change; they are identical, and no objects appear to be opened or taken by hand.

Considering the task description "find two kettle and put them in cabinet," and the task hint which involves finding the desired object, picking it up, and placing it in the correct location, we need to look for a kettle.

Based on the initial observation, the agent is in the middle of a room with several cabinets and drawers. Since the images provided do not show any kettles, the agent must search every place to find the object.

Given the answer choices, the most likely places to find a kettle would be in a cabinet or on a countertop, as these are typical storage places for such an object. Since the countertop in the images does not have a kettle, the next reasonable action would be to check the cabinets.

The answer is: (21): open cabinet 1. If there is no kettle in cabinet 1, the agent can proceed to check the other cabinets mentioned in the initial observation.

----------------------------------------

----------------------------------------

>>> Refine Original VLM Response and Get Pure Action: open cabinet 1

----------------------------------------

-----------------------------------------------------------------

Running time: 19.08380150794983 seconds

Total Money: 13.596910000000001

-----------------------------------------------------------------

-----------------------------------------------------------------

Text Observation:Nothing happens.

--------------------------------------------------------------------------------------------------------------------------task: 26---------------------------------------------------------
--------------------------------------------------------------------------------------------------------------------------------------------------------------------
--------------------------------------------------------------------------------------------------------------------------------------------------------------------
Step:--------------------------------------------------------------------------13-------------------------------------------------------------------------------
----------------------------------------
VLM Prompt:
Image1:
<image>
Image2:
<image>
**Instruction**
1. Analyze the provided images to identify all visible household objects and compare the difference between images (e.h. whether the object is opened or not and taken on hand or not), focusing on those relevant to the task description "find two kettle and put them in cabinet."
2. Use the analysis of images and the task hint "The agent must find an object of the desired type, pick it up, find the correct location to place it, put it down there, then look for another object of the desired type, pick it up, return to previous location, and put it down there with the other object." to answer the question: what is the most reasonable action in the choices for the task description "find two kettle and put them in cabinet"?
3. Decide and write the answer using the template: The answer is: (i): <selected_action>, where i is the real number. If there is no desired object in images, search every place based on **Initial Observation** to find the object. And if no one is exactly correct, choose a similar answer.

**Initial Observation**
You are in the middle of a room. Looking quickly around you, you can see countertop (1), coffeemachine (1), cabinet (1-4), drawer (1-8), sink (1), sinkbasin (1), garbagecan (1), fridge (1), microwave (1), dresser (1), sidetable (1)

**Answer Choices**
(1): go to countertop 1
(2): go to coffeemachine 1
(3): go to cabinet 2
(4): go to drawer 1
(5): go to sink 1
(6): go to sinkbasin 1
(7): go to cabinet 3
(8): go to garbagecan 1
(9): go to cabinet 4
(10): go to drawer 2
(11): go to fridge 1
(12): go to microwave 1
(13): go to dresser 1
(14): go to sidetable 1
(15): go to drawer 3
(16): go to drawer 4
(17): go to drawer 5
(18): go to drawer 6
(19): go to drawer 7
(20): go to drawer 8
(21): close cabinet 1
(22): put kettle 1 in/on cabinet 1
(23): examine kettle 1
(24): examine cabinet 1


**Answer**
Let's think step by step by following the instructions.
----------------------------------------

----------------------------------------

Original Response:
Image Analysis:
In both images, we can see a kettle on the countertop. No other kettles are visible in the images provided. There are no differences between the two images, and no objects seem to be opened or held.

Task Analysis:
The task is to find two kettles and put them in a cabinet. Based on the task hint, the agent must locate a kettle, pick it up, find the correct cabinet, and place it inside. Then, the agent must find another kettle and repeat the process.

Given the Initial Observation, we know there are multiple cabinets and drawers to search for another kettle if it's not visible in the images provided.

Answer Choices Analysis:
Since we can see a kettle on the countertop in both images, the agent does not need to search for it. The agent's first action should be to pick up the visible kettle. However, there is no answer choice that directly states "pick up kettle 1," but we have the action to examine kettle 1, which could imply interacting with it. There is also an option to put kettle 1 in/on cabinet 1, but we should ensure we have the kettle before placing it in the cabinet.

The answer is: (23): examine kettle 1

If this action allows the agent to pick up the kettle, the next step would be to put it in the cabinet, which would be action (22). If there is no second kettle in the visible area, the agent should then search the cabinets, drawers, and other areas listed in the Initial Observation to find the second kettle.

----------------------------------------

----------------------------------------

>>> Refine Original VLM Response and Get Pure Action: examine kettle 1

If this action allows the agent to pick up the kettle, the next step would be to put it in the cabinet, which would be action (22)

----------------------------------------

-----------------------------------------------------------------

Running time: 27.437000036239624 seconds

Total Money: 13.62738

-----------------------------------------------------------------

-----------------------------------------------------------------

Text Observation:Nothing happens.

--------------------------------------------------------------------------------------------------------------------------task: 26---------------------------------------------------------
--------------------------------------------------------------------------------------------------------------------------------------------------------------------
--------------------------------------------------------------------------------------------------------------------------------------------------------------------
Step:--------------------------------------------------------------------------14-------------------------------------------------------------------------------
----------------------------------------
VLM Prompt:
Image1:
<image>
Image2:
<image>
**Instruction**
1. Analyze the provided images to identify all visible household objects and compare the difference between images (e.h. whether the object is opened or not and taken on hand or not), focusing on those relevant to the task description "find two kettle and put them in cabinet."
2. Use the analysis of images and the task hint "The agent must find an object of the desired type, pick it up, find the correct location to place it, put it down there, then look for another object of the desired type, pick it up, return to previous location, and put it down there with the other object." to answer the question: what is the most reasonable action in the choices for the task description "find two kettle and put them in cabinet"?
3. Decide and write the answer using the template: The answer is: (i): <selected_action>, where i is the real number. If there is no desired object in images, search every place based on **Initial Observation** to find the object. And if no one is exactly correct, choose a similar answer.

**Initial Observation**
You are in the middle of a room. Looking quickly around you, you can see countertop (1), coffeemachine (1), cabinet (1-4), drawer (1-8), sink (1), sinkbasin (1), garbagecan (1), fridge (1), microwave (1), dresser (1), sidetable (1)

**Answer Choices**
(1): go to countertop 1
(2): go to coffeemachine 1
(3): go to cabinet 2
(4): go to drawer 1
(5): go to sink 1
(6): go to sinkbasin 1
(7): go to cabinet 3
(8): go to garbagecan 1
(9): go to cabinet 4
(10): go to drawer 2
(11): go to fridge 1
(12): go to microwave 1
(13): go to dresser 1
(14): go to sidetable 1
(15): go to drawer 3
(16): go to drawer 4
(17): go to drawer 5
(18): go to drawer 6
(19): go to drawer 7
(20): go to drawer 8
(21): close cabinet 1
(22): put kettle 1 in/on cabinet 1
(23): examine kettle 1
(24): examine cabinet 1


**Answer**
Let's think step by step by following the instructions.
----------------------------------------

----------------------------------------

Original Response:
Image Analysis:
Both images show a kettle on the countertop near the coffee machine. There is no visible difference between the two images, and it appears that the kettle is closed and not being held by anyone.

Task Hint Analysis:
Based on the task hint, the agent needs to find a kettle, pick it up, and put it in the cabinet. Then, the agent needs to find another kettle, pick it up, and put it with the first kettle in the cabinet.

Initial Observation Analysis:
The initial observation lists various locations within the room, including countertops, cabinets, drawers, and appliances.

Decision:
Considering the task description and the initial observation, the most reasonable action would be to pick up the visible kettle from the countertop and put it in a cabinet. However, the given choices do not include picking up the kettle from the countertop. The closest relevant action is to examine the kettle to confirm it is the correct object before moving it.
The answer is: (23): examine kettle 1

After examining and confirming the kettle, the next reasonable action would be to put the kettle in the cabinet. Since the task requires placing the kettle in a cabinet, the action should be selecting a cabinet to place the kettle in. However, the given choices do not include picking up the kettle or placing it in the cabinet directly. The closest relevant action is to go to a cabinet where the kettle can potentially be placed.
The answer is: (9): go to cabinet 4

These actions would begin the process of completing the task "find two kettle and put them in cabinet."

----------------------------------------

----------------------------------------

>>> Refine Original VLM Response and Get Pure Action: examine kettle 1

After examining and confirming the kettle, the next reasonable action would be to put the kettle in the cabinet

----------------------------------------

-----------------------------------------------------------------

Running time: 11.534543991088867 seconds

Total Money: 13.65779

-----------------------------------------------------------------

-----------------------------------------------------------------

Text Observation:Nothing happens.

--------------------------------------------------------------------------------------------------------------------------task: 26---------------------------------------------------------
--------------------------------------------------------------------------------------------------------------------------------------------------------------------
--------------------------------------------------------------------------------------------------------------------------------------------------------------------
Step:--------------------------------------------------------------------------15-------------------------------------------------------------------------------
----------------------------------------
VLM Prompt:
Image1:
<image>
Image2:
<image>
**Instruction**
1. Analyze the provided images to identify all visible household objects and compare the difference between images (e.h. whether the object is opened or not and taken on hand or not), focusing on those relevant to the task description "find two kettle and put them in cabinet."
2. Use the analysis of images and the task hint "The agent must find an object of the desired type, pick it up, find the correct location to place it, put it down there, then look for another object of the desired type, pick it up, return to previous location, and put it down there with the other object." to answer the question: what is the most reasonable action in the choices for the task description "find two kettle and put them in cabinet"?
3. Decide and write the answer using the template: The answer is: (i): <selected_action>, where i is the real number. If there is no desired object in images, search every place based on **Initial Observation** to find the object. And if no one is exactly correct, choose a similar answer.

**Initial Observation**
You are in the middle of a room. Looking quickly around you, you can see countertop (1), coffeemachine (1), cabinet (1-4), drawer (1-8), sink (1), sinkbasin (1), garbagecan (1), fridge (1), microwave (1), dresser (1), sidetable (1)

**Answer Choices**
(1): go to countertop 1
(2): go to coffeemachine 1
(3): go to cabinet 2
(4): go to drawer 1
(5): go to sink 1
(6): go to sinkbasin 1
(7): go to cabinet 3
(8): go to garbagecan 1
(9): go to cabinet 4
(10): go to drawer 2
(11): go to fridge 1
(12): go to microwave 1
(13): go to dresser 1
(14): go to sidetable 1
(15): go to drawer 3
(16): go to drawer 4
(17): go to drawer 5
(18): go to drawer 6
(19): go to drawer 7
(20): go to drawer 8
(21): close cabinet 1
(22): put kettle 1 in/on cabinet 1
(23): examine kettle 1
(24): examine cabinet 1


**Answer**
Let's think step by step by following the instructions.
----------------------------------------

----------------------------------------

Original Response:
Image Analysis:
- In both images, there is a kettle visible on the countertop near the coffee machine.
- There are no other kettles visible in the images.
- The images appear to be identical with no change in the state of the kettle (it is not open or in someone's hand).

Task Analysis:
- The task description is to find two kettles and put them in a cabinet.
- Based on the task hint, the agent must first find one kettle, pick it up, locate the correct cabinet, place it there, then find another kettle, and repeat the process.

Initial Observation:
- Based on the initial observation, there are multiple cabinets and drawers in the room that can be checked for the second kettle.

Most Reasonable Action:
- Since one kettle is already visible on the countertop, the first action should be to pick it up.
- After picking up the first kettle, the agent should search for the second kettle, which might be inside a cabinet or drawer as it's not visible in the images.
- Once both kettles are found, the agent should put them in the cabinet as instructed.

The answer is: (22): put kettle 1 in/on cabinet 1, and after that, if there's no second kettle on the countertop or coffee machine, the agent should search the cabinets and drawers based on initial observation to find the second kettle.

----------------------------------------

----------------------------------------

>>> Refine Original VLM Response and Get Pure Action: put kettle 1 in/on cabinet 1, and after that, if there's no second kettle on the countertop or coffee machine, the agent should search the cabinets and drawers based on initial observation to find the second kettle

----------------------------------------

-----------------------------------------------------------------

Running time: 19.573895692825317 seconds

Total Money: 13.68712

-----------------------------------------------------------------

-----------------------------------------------------------------

Text Observation:Nothing happens.

--------------------------------------------------------------------------------------------------------------------------task: 26---------------------------------------------------------
--------------------------------------------------------------------------------------------------------------------------------------------------------------------
--------------------------------------------------------------------------------------------------------------------------------------------------------------------
Step:--------------------------------------------------------------------------16-------------------------------------------------------------------------------
----------------------------------------
VLM Prompt:
Image1:
<image>
Image2:
<image>
**Instruction**
1. Analyze the provided images to identify all visible household objects and compare the difference between images (e.h. whether the object is opened or not and taken on hand or not), focusing on those relevant to the task description "find two kettle and put them in cabinet."
2. Use the analysis of images and the task hint "The agent must find an object of the desired type, pick it up, find the correct location to place it, put it down there, then look for another object of the desired type, pick it up, return to previous location, and put it down there with the other object." to answer the question: what is the most reasonable action in the choices for the task description "find two kettle and put them in cabinet"?
3. Decide and write the answer using the template: The answer is: (i): <selected_action>, where i is the real number. If there is no desired object in images, search every place based on **Initial Observation** to find the object. And if no one is exactly correct, choose a similar answer.

**Initial Observation**
You are in the middle of a room. Looking quickly around you, you can see countertop (1), coffeemachine (1), cabinet (1-4), drawer (1-8), sink (1), sinkbasin (1), garbagecan (1), fridge (1), microwave (1), dresser (1), sidetable (1)

**Answer Choices**
(1): go to countertop 1
(2): go to coffeemachine 1
(3): go to cabinet 2
(4): go to drawer 1
(5): go to sink 1
(6): go to sinkbasin 1
(7): go to cabinet 3
(8): go to garbagecan 1
(9): go to cabinet 4
(10): go to drawer 2
(11): go to fridge 1
(12): go to microwave 1
(13): go to dresser 1
(14): go to sidetable 1
(15): go to drawer 3
(16): go to drawer 4
(17): go to drawer 5
(18): go to drawer 6
(19): go to drawer 7
(20): go to drawer 8
(21): open cabinet 1
(22): close cabinet 1
(23): put kettle 1 in/on cabinet 1
(24): examine kettle 1
(25): examine cabinet 1


**Answer**
Let's think step by step by following the instructions.
----------------------------------------

----------------------------------------

Original Response:
In the provided images, there is no clear visibility of a kettle. The object in front of the viewpoint appears to be a tea infuser, not a kettle. The coffee machine is also visible, but that is not the desired object. Since no kettle is visible in the images, we must search every place based on the **Initial Observation** to find the object.

The task description is to "find two kettle and put them in cabinet." Based on the **Initial Observation**, we will have to first find the kettle, which could be located in places where kitchen items are usually stored, such as cabinets or drawers.

The most reasonable action from the given choices, considering that we do not see a kettle in the images provided, would be to search the cabinets since they are common storage locations for kettles. The closest action that aligns with the task would be to go to a cabinet and search for the kettle. Cabinet 1 is not specified in the choices, so we should choose the next best option.

The answer is: (3): go to cabinet 2.

----------------------------------------

----------------------------------------

>>> Refine Original VLM Response and Get Pure Action: go to cabinet 2

----------------------------------------

-----------------------------------------------------------------

Running time: 15.735409498214722 seconds

Total Money: 13.714550000000001

-----------------------------------------------------------------

-----------------------------------------------------------------

Text Observation:You arrive at loc 3. The cabinet 2 is closed. 

--------------------------------------------------------------------------------------------------------------------------task: 26---------------------------------------------------------
--------------------------------------------------------------------------------------------------------------------------------------------------------------------
--------------------------------------------------------------------------------------------------------------------------------------------------------------------
Step:--------------------------------------------------------------------------17-------------------------------------------------------------------------------
----------------------------------------
VLM Prompt:
Image1:
<image>
Image2:
<image>
**Instruction**
1. Analyze the provided images to identify all visible household objects and compare the difference between images (e.h. whether the object is opened or not and taken on hand or not), focusing on those relevant to the task description "find two kettle and put them in cabinet."
2. Use the analysis of images and the task hint "The agent must find an object of the desired type, pick it up, find the correct location to place it, put it down there, then look for another object of the desired type, pick it up, return to previous location, and put it down there with the other object." to answer the question: what is the most reasonable action in the choices for the task description "find two kettle and put them in cabinet"?
3. Decide and write the answer using the template: The answer is: (i): <selected_action>, where i is the real number. If there is no desired object in images, search every place based on **Initial Observation** to find the object. And if no one is exactly correct, choose a similar answer.

**Initial Observation**
You are in the middle of a room. Looking quickly around you, you can see countertop (1), coffeemachine (1), cabinet (1-4), drawer (1-8), sink (1), sinkbasin (1), garbagecan (1), fridge (1), microwave (1), dresser (1), sidetable (1)

**Answer Choices**
(1): go to countertop 1
(2): go to coffeemachine 1
(3): go to cabinet 1
(4): go to drawer 1
(5): go to sink 1
(6): go to sinkbasin 1
(7): go to cabinet 3
(8): go to garbagecan 1
(9): go to cabinet 4
(10): go to drawer 2
(11): go to fridge 1
(12): go to microwave 1
(13): go to dresser 1
(14): go to sidetable 1
(15): go to drawer 3
(16): go to drawer 4
(17): go to drawer 5
(18): go to drawer 6
(19): go to drawer 7
(20): go to drawer 8
(21): open cabinet 2
(22): close cabinet 2
(23): put kettle 1 in/on cabinet 2
(24): examine kettle 1
(25): examine cabinet 2


**Answer**
Let's think step by step by following the instructions.
----------------------------------------

----------------------------------------

Original Response:
Firstly, we need to identify the kettle in the images. In both Image 1 and Image 2, there is no visible kettle on the countertop or in the immediate vicinity. Given that the task is to find two kettles and put them in a cabinet, we need to locate these kettles first.

According to the "Initial Observation," potential places to find a kettle could be the countertop, cabinet, drawer, fridge, microwave, dresser, or sidetable. Since the images do not show any kettles, we must search the areas not visible in the images. 

Considering the usual placement of kettles in a household, it is most likely to be stored in a cabinet or on the countertop. Since the countertop is visible and there's no kettle there, the next logical step would be to check the cabinets.

The answer is: (21): open cabinet 2

----------------------------------------

----------------------------------------

>>> Refine Original VLM Response and Get Pure Action: open cabinet 2

----------------------------------------

-----------------------------------------------------------------

Running time: 15.047454595565796 seconds

Total Money: 13.74102

-----------------------------------------------------------------

-----------------------------------------------------------------

Text Observation:You open the cabinet 2. The cabinet 2 is open. In it, you see a houseplant 1, a faucet 1, a bread 1, a pan 1, a lettuce 1, and a knife 1.

--------------------------------------------------------------------------------------------------------------------------task: 26---------------------------------------------------------
--------------------------------------------------------------------------------------------------------------------------------------------------------------------
--------------------------------------------------------------------------------------------------------------------------------------------------------------------
Step:--------------------------------------------------------------------------18-------------------------------------------------------------------------------
----------------------------------------
VLM Prompt:
Image1:
<image>
Image2:
<image>
**Instruction**
1. Analyze the provided images to identify all visible household objects and compare the difference between images (e.h. whether the object is opened or not and taken on hand or not), focusing on those relevant to the task description "find two kettle and put them in cabinet."
2. Use the analysis of images and the task hint "The agent must find an object of the desired type, pick it up, find the correct location to place it, put it down there, then look for another object of the desired type, pick it up, return to previous location, and put it down there with the other object." to answer the question: what is the most reasonable action in the choices for the task description "find two kettle and put them in cabinet"?
3. Decide and write the answer using the template: The answer is: (i): <selected_action>, where i is the real number. If there is no desired object in images, search every place based on **Initial Observation** to find the object. And if no one is exactly correct, choose a similar answer.

**Initial Observation**
You are in the middle of a room. Looking quickly around you, you can see countertop (1), coffeemachine (1), cabinet (1-4), drawer (1-8), sink (1), sinkbasin (1), garbagecan (1), fridge (1), microwave (1), dresser (1), sidetable (1)

**Answer Choices**
(1): go to countertop 1
(2): go to coffeemachine 1
(3): go to cabinet 1
(4): go to drawer 1
(5): go to sink 1
(6): go to sinkbasin 1
(7): go to cabinet 3
(8): go to garbagecan 1
(9): go to cabinet 4
(10): go to drawer 2
(11): go to fridge 1
(12): go to microwave 1
(13): go to dresser 1
(14): go to sidetable 1
(15): go to drawer 3
(16): go to drawer 4
(17): go to drawer 5
(18): go to drawer 6
(19): go to drawer 7
(20): go to drawer 8
(21): close cabinet 2
(22): put kettle 1 in/on cabinet 2
(23): examine kettle 1
(24): examine cabinet 2


**Answer**
Let's think step by step by following the instructions.
----------------------------------------

----------------------------------------

Original Response:
First, we analyze the provided images to identify all visible household objects. In both images, we can see a sink, countertop, drawers, and a cabinet with no visible kettle. The difference between the images is that drawer 6 is open in Image1 and closed in Image2, but there's no kettle inside it, as seen in Image2.

Based on the task description "find two kettle and put them in cabinet," and the initial observation which mentions the locations of various objects but does not specify where the kettles are, we can infer that the kettles are not visible in the provided images.

Considering the task hint, we must first find a kettle, pick it up, and then place it in a cabinet. Since the kettles are not visible, we need to search every place based on the initial observation to find the object.

Given that the most common places to find a kettle would be near the sink, on the countertop, or in a cabinet or drawer, we should prioritize those locations. However, since the countertop and sink are visible and there's no kettle, we should check the cabinets and drawers next.

The answer is: (3): go to cabinet 1.

----------------------------------------

----------------------------------------

>>> Refine Original VLM Response and Get Pure Action: go to cabinet 1

----------------------------------------

-----------------------------------------------------------------

Running time: 35.029733419418335 seconds

Total Money: 13.76924

-----------------------------------------------------------------

-----------------------------------------------------------------

Text Observation:You arrive at loc 2. The cabinet 1 is open. On the cabinet 1, you see a plate 1, a mug 1, a dishsponge 1, and a tomato 1.

--------------------------------------------------------------------------------------------------------------------------task: 26---------------------------------------------------------
--------------------------------------------------------------------------------------------------------------------------------------------------------------------
--------------------------------------------------------------------------------------------------------------------------------------------------------------------
Step:--------------------------------------------------------------------------19-------------------------------------------------------------------------------
----------------------------------------
VLM Prompt:
Image1:
<image>
Image2:
<image>
**Instruction**
1. Analyze the provided images to identify all visible household objects and compare the difference between images (e.h. whether the object is opened or not and taken on hand or not), focusing on those relevant to the task description "find two kettle and put them in cabinet."
2. Use the analysis of images and the task hint "The agent must find an object of the desired type, pick it up, find the correct location to place it, put it down there, then look for another object of the desired type, pick it up, return to previous location, and put it down there with the other object." to answer the question: what is the most reasonable action in the choices for the task description "find two kettle and put them in cabinet"?
3. Decide and write the answer using the template: The answer is: (i): <selected_action>, where i is the real number. If there is no desired object in images, search every place based on **Initial Observation** to find the object. And if no one is exactly correct, choose a similar answer.

**Initial Observation**
You are in the middle of a room. Looking quickly around you, you can see countertop (1), coffeemachine (1), cabinet (1-4), drawer (1-8), sink (1), sinkbasin (1), garbagecan (1), fridge (1), microwave (1), dresser (1), sidetable (1)

**Answer Choices**
(1): go to countertop 1
(2): go to coffeemachine 1
(3): go to drawer 1
(4): go to sink 1
(5): go to sinkbasin 1
(6): go to cabinet 3
(7): go to garbagecan 1
(8): go to cabinet 4
(9): go to drawer 2
(10): go to fridge 1
(11): go to microwave 1
(12): go to dresser 1
(13): go to sidetable 1
(14): go to drawer 3
(15): go to drawer 4
(16): go to drawer 5
(17): go to drawer 6
(18): go to drawer 7
(19): go to drawer 8
(20): open cabinet 1
(21): close cabinet 1
(22): put kettle 1 in/on cabinet 1
(23): examine kettle 1
(24): examine cabinet 1


**Answer**
Let's think step by step by following the instructions.
----------------------------------------

----------------------------------------

Original Response:
First, we analyze the provided images to identify all visible household objects. In both images, we see a kettle with a blue handle on a countertop. No other kettles are visible in the images provided. 

Based on the task description "find two kettle and put them in cabinet," we need to find another kettle after identifying the one visible in the images. Since there is no second kettle visible in the images, we need to search other locations based on the initial observation. 

The most reasonable action from the provided choices would be to first secure the visible kettle and then look for the second one. The visible kettle is already on the countertop, so we do not need to go there. The task hint guides us to pick up the object and find the correct location to place it, which would be a cabinet. 

Therefore, the most reasonable action would be to open a cabinet to place the kettle inside. Since the images do not show which cabinet is the correct one to use, we would need to open one to check. From the answer choices, the action to open cabinet 1 (20) seems like the logical next step. 

The answer is: (20): open cabinet 1.

----------------------------------------

----------------------------------------

>>> Refine Original VLM Response and Get Pure Action: open cabinet 1

----------------------------------------

-----------------------------------------------------------------

Running time: 9.81769347190857 seconds

Total Money: 13.79739

-----------------------------------------------------------------

-----------------------------------------------------------------

Text Observation:Nothing happens.

-----------------------------------------------------------------