---------------------------------------------------------task: 19---------------------------------------------------------
--------------------------------------------------------------------------------------------------------------------------------------------------------------------
--------------------------------------------------------------------------------------------------------------------------------------------------------------------
Step:--------------------------------------------------------------------------0-------------------------------------------------------------------------------
----------------------------------------
VLM Prompt:
Image1:
<image>
**Instruction**
1. Analyze the provided image to identify all visible household objects, focusing on those relevant to the task description "put a cool tomato in microwave."
2. Use the analysis of the image and the task hint "The agent must find an object of the desired type, pick it up, go to a fridge, cool the object with the fridge, then find the correct location to place it, and put it down there. The agent does not need to use the fridge button or open the fridge to cool the object, and the agent just needs to do action that is "cool the object with the fridge"." to answer the question: what is the most reasonable action in the choices for the task description "put a cool tomato in microwave"?
4. Decide and write the answer using the template: The answer is: (i): <selected_action>, where i is the real number. If there is no desired object in the image, search every place based on **Initial Observation** to find the object. And if no one is exactly correct, choose a similar answer.

**Initial Observation**
You are in the middle of a room. Looking quickly around you, you can see cabinet (1-15), fridge (1), countertop (1-4), drawer (1-4), microwave (1), toaster (1), coffeemachine (1), garbagecan (1), sink (1), stoveburner (1-3), sinkbasin (1)

**Answer Choices**
(1): go to cabinet 1
(2): go to cabinet 2
(3): go to cabinet 3
(4): go to fridge 1
(5): go to countertop 1
(6): go to cabinet 4
(7): go to cabinet 5
(8): go to cabinet 6
(9): go to cabinet 7
(10): go to drawer 1
(11): go to drawer 2
(12): go to cabinet 8
(13): go to drawer 3
(14): go to cabinet 9
(15): go to cabinet 10
(16): go to drawer 4
(17): go to microwave 1
(18): go to cabinet 11
(19): go to toaster 1
(20): go to cabinet 12
(21): go to cabinet 13
(22): go to cabinet 14
(23): go to cabinet 15
(24): go to countertop 2
(25): go to coffeemachine 1
(26): go to garbagecan 1
(27): go to countertop 3
(28): go to countertop 4
(29): go to sink 1
(30): go to stoveburner 1
(31): go to stoveburner 2
(32): go to stoveburner 3
(33): go to sinkbasin 1

**Answer**
Let's think step by step by following the instructions.
----------------------------------------

----------------------------------------

Original Response:
First, we need to identify all visible household objects relevant to the task "put a cool tomato in microwave." In the image, we can see a tomato on the countertop 2, a microwave 1, and a sink 1. 

Now, using the task hint, we know that the agent must find a tomato, cool it with the fridge, and then put it in the microwave. Since we can already see a tomato on countertop 2, there is no need to search for it in cabinets or drawers. 

The next step is to cool the tomato with the fridge. Since the agent does not need to use the fridge button or open the fridge to cool the object, the most reasonable action is to go to the fridge to perform the "cool the object with the fridge" action. 

The final step would be to go to the microwave to place the cool tomato inside. However, since the task only asked for the next reasonable action after identifying the tomato, we focus on the cooling part.

Therefore, the answer is: (4): go to fridge 1.

----------------------------------------

----------------------------------------

>>> Refine Original VLM Response and Get Pure Action: No action

----------------------------------------

-----------------------------------------------------------------

Running time: 9.331795930862427 seconds

Total Money: 11.874609999999999

-----------------------------------------------------------------

-----------------------------------------------------------------

Text Observation:Nothing happens.

--------------------------------------------------------------------------------------------------------------------------task: 19---------------------------------------------------------
--------------------------------------------------------------------------------------------------------------------------------------------------------------------
--------------------------------------------------------------------------------------------------------------------------------------------------------------------
Step:--------------------------------------------------------------------------1-------------------------------------------------------------------------------
----------------------------------------
VLM Prompt:
Image1:
<image>
Image2:
<image>
**Instruction**
1. Analyze the provided image to identify all visible household objects, focusing on those relevant to the task description "put a cool tomato in microwave."
2. Use the analysis of the image and the task hint "The agent must find an object of the desired type, pick it up, go to a fridge, cool the object with the fridge, then find the correct location to place it, and put it down there. The agent does not need to use the fridge button or open the fridge to cool the object, and the agent just needs to do action that is "cool the object with the fridge"." to answer the question: what is the most reasonable action in the choices for the task description "put a cool tomato in microwave"?
4. Decide and write the answer using the template: The answer is: (i): <selected_action>, where i is the real number. If there is no desired object in the image, search every place based on **Initial Observation** to find the object. And if no one is exactly correct, choose a similar answer.

**Initial Observation**
You are in the middle of a room. Looking quickly around you, you can see cabinet (1-15), fridge (1), countertop (1-4), drawer (1-4), microwave (1), toaster (1), coffeemachine (1), garbagecan (1), sink (1), stoveburner (1-3), sinkbasin (1)

**Answer Choices**
(1): go to cabinet 1
(2): go to cabinet 2
(3): go to cabinet 3
(4): go to fridge 1
(5): go to countertop 1
(6): go to cabinet 4
(7): go to cabinet 5
(8): go to cabinet 6
(9): go to cabinet 7
(10): go to drawer 1
(11): go to drawer 2
(12): go to cabinet 8
(13): go to drawer 3
(14): go to cabinet 9
(15): go to cabinet 10
(16): go to drawer 4
(17): go to microwave 1
(18): go to cabinet 11
(19): go to toaster 1
(20): go to cabinet 12
(21): go to cabinet 13
(22): go to cabinet 14
(23): go to cabinet 15
(24): go to countertop 2
(25): go to coffeemachine 1
(26): go to garbagecan 1
(27): go to countertop 3
(28): go to countertop 4
(29): go to sink 1
(30): go to stoveburner 1
(31): go to stoveburner 2
(32): go to stoveburner 3
(33): go to sinkbasin 1

**Answer**
Let's think step by step by following the instructions.
----------------------------------------

----------------------------------------

Original Response:
First, we need to find a tomato, which is visible on the countertop 2. Therefore, we need to pick up the tomato. Next, we have to cool the tomato with the fridge, so we need to go to the fridge. Lastly, we need to put the cool tomato in the microwave. 

The answer is: (4): go to fridge 1

----------------------------------------

----------------------------------------

>>> Refine Original VLM Response and Get Pure Action: go to fridge 1

----------------------------------------

-----------------------------------------------------------------

Running time: 7.026835680007935 seconds

Total Money: 11.898629999999999

-----------------------------------------------------------------

-----------------------------------------------------------------

Text Observation:You arrive at loc 3. The fridge 1 is closed. 

--------------------------------------------------------------------------------------------------------------------------task: 19---------------------------------------------------------
--------------------------------------------------------------------------------------------------------------------------------------------------------------------
--------------------------------------------------------------------------------------------------------------------------------------------------------------------
Step:--------------------------------------------------------------------------2-------------------------------------------------------------------------------
----------------------------------------
VLM Prompt:
Image1:
<image>
Image2:
<image>
Image3:
<image>
**Instruction**
1. Analyze the provided image to identify all visible household objects, focusing on those relevant to the task description "put a cool tomato in microwave."
2. Use the analysis of the image and the task hint "The agent must find an object of the desired type, pick it up, go to a fridge, cool the object with the fridge, then find the correct location to place it, and put it down there. The agent does not need to use the fridge button or open the fridge to cool the object, and the agent just needs to do action that is "cool the object with the fridge"." to answer the question: what is the most reasonable action in the choices for the task description "put a cool tomato in microwave"?
4. Decide and write the answer using the template: The answer is: (i): <selected_action>, where i is the real number. If there is no desired object in the image, search every place based on **Initial Observation** to find the object. And if no one is exactly correct, choose a similar answer.

**Initial Observation**
You are in the middle of a room. Looking quickly around you, you can see cabinet (1-15), fridge (1), countertop (1-4), drawer (1-4), microwave (1), toaster (1), coffeemachine (1), garbagecan (1), sink (1), stoveburner (1-3), sinkbasin (1)

**Answer Choices**
(1): go to cabinet 1
(2): go to cabinet 2
(3): go to cabinet 3
(4): go to countertop 1
(5): go to cabinet 4
(6): go to cabinet 5
(7): go to cabinet 6
(8): go to cabinet 7
(9): go to drawer 1
(10): go to drawer 2
(11): go to cabinet 8
(12): go to drawer 3
(13): go to cabinet 9
(14): go to cabinet 10
(15): go to drawer 4
(16): go to microwave 1
(17): go to cabinet 11
(18): go to toaster 1
(19): go to cabinet 12
(20): go to cabinet 13
(21): go to cabinet 14
(22): go to cabinet 15
(23): go to countertop 2
(24): go to coffeemachine 1
(25): go to garbagecan 1
(26): go to countertop 3
(27): go to countertop 4
(28): go to sink 1
(29): go to stoveburner 1
(30): go to stoveburner 2
(31): go to stoveburner 3
(32): go to sinkbasin 1
(33): open fridge 1
(34): close fridge 1
(35): examine fridge 1

**Answer**
Let's think step by step by following the instructions.
----------------------------------------

----------------------------------------

Original Response:
The answer is: (16): go to microwave 1

----------------------------------------

----------------------------------------

>>> Refine Original VLM Response and Get Pure Action: go to microwave 1

----------------------------------------

-----------------------------------------------------------------

Running time: 4.1253087520599365 seconds

Total Money: 11.92888

-----------------------------------------------------------------

-----------------------------------------------------------------

Text Observation:You arrive at loc 16. The microwave 1 is closed. 

--------------------------------------------------------------------------------------------------------------------------task: 19---------------------------------------------------------
--------------------------------------------------------------------------------------------------------------------------------------------------------------------
--------------------------------------------------------------------------------------------------------------------------------------------------------------------
Step:--------------------------------------------------------------------------3-------------------------------------------------------------------------------
----------------------------------------
VLM Prompt:
Image1:
<image>
Image2:
<image>
Image3:
<image>
**Instruction**
1. Analyze the provided image to identify all visible household objects, focusing on those relevant to the task description "put a cool tomato in microwave."
2. Use the analysis of the image and the task hint "The agent must find an object of the desired type, pick it up, go to a fridge, cool the object with the fridge, then find the correct location to place it, and put it down there. The agent does not need to use the fridge button or open the fridge to cool the object, and the agent just needs to do action that is "cool the object with the fridge"." to answer the question: what is the most reasonable action in the choices for the task description "put a cool tomato in microwave"?
4. Decide and write the answer using the template: The answer is: (i): <selected_action>, where i is the real number. If there is no desired object in the image, search every place based on **Initial Observation** to find the object. And if no one is exactly correct, choose a similar answer.

**Initial Observation**
You are in the middle of a room. Looking quickly around you, you can see cabinet (1-15), fridge (1), countertop (1-4), drawer (1-4), microwave (1), toaster (1), coffeemachine (1), garbagecan (1), sink (1), stoveburner (1-3), sinkbasin (1)

**Answer Choices**
(1): go to cabinet 1
(2): go to cabinet 2
(3): go to cabinet 3
(4): go to countertop 1
(5): go to cabinet 4
(6): go to cabinet 5
(7): go to cabinet 6
(8): go to cabinet 7
(9): go to drawer 1
(10): go to drawer 2
(11): go to cabinet 8
(12): go to drawer 3
(13): go to cabinet 9
(14): go to cabinet 10
(15): go to drawer 4
(16): go to cabinet 11
(17): go to toaster 1
(18): go to cabinet 12
(19): go to cabinet 13
(20): go to cabinet 14
(21): go to cabinet 15
(22): go to countertop 2
(23): go to coffeemachine 1
(24): go to garbagecan 1
(25): go to countertop 3
(26): go to countertop 4
(27): go to sink 1
(28): go to stoveburner 1
(29): go to stoveburner 2
(30): go to stoveburner 3
(31): go to sinkbasin 1
(32): open microwave 1
(33): close microwave 1
(34): examine microwave 1

**Answer**
Let's think step by step by following the instructions.
----------------------------------------

----------------------------------------

Original Response:
The answer is: (22): go to countertop 2.

----------------------------------------

----------------------------------------

>>> Refine Original VLM Response and Get Pure Action: go to countertop 2

----------------------------------------

-----------------------------------------------------------------

Running time: 5.013471364974976 seconds

Total Money: 11.9591

-----------------------------------------------------------------

-----------------------------------------------------------------

Text Observation:You arrive at loc 23. On the countertop 2, you see a tomato 1, and a butterknife 1.

--------------------------------------------------------------------------------------------------------------------------task: 19---------------------------------------------------------
--------------------------------------------------------------------------------------------------------------------------------------------------------------------
--------------------------------------------------------------------------------------------------------------------------------------------------------------------
Step:--------------------------------------------------------------------------4-------------------------------------------------------------------------------
----------------------------------------
VLM Prompt:
Image1:
<image>
Image2:
<image>
Image3:
<image>
**Instruction**
1. Analyze the provided image to identify all visible household objects, focusing on those relevant to the task description "put a cool tomato in microwave."
2. Use the analysis of the image and the task hint "The agent must find an object of the desired type, pick it up, go to a fridge, cool the object with the fridge, then find the correct location to place it, and put it down there. The agent does not need to use the fridge button or open the fridge to cool the object, and the agent just needs to do action that is "cool the object with the fridge"." to answer the question: what is the most reasonable action in the choices for the task description "put a cool tomato in microwave"?
4. Decide and write the answer using the template: The answer is: (i): <selected_action>, where i is the real number. If there is no desired object in the image, search every place based on **Initial Observation** to find the object. And if no one is exactly correct, choose a similar answer.

**Initial Observation**
You are in the middle of a room. Looking quickly around you, you can see cabinet (1-15), fridge (1), countertop (1-4), drawer (1-4), microwave (1), toaster (1), coffeemachine (1), garbagecan (1), sink (1), stoveburner (1-3), sinkbasin (1)

**Answer Choices**
(1): go to cabinet 1
(2): go to cabinet 2
(3): go to cabinet 3
(4): go to countertop 1
(5): go to cabinet 4
(6): go to cabinet 5
(7): go to cabinet 6
(8): go to cabinet 7
(9): go to drawer 1
(10): go to drawer 2
(11): go to cabinet 8
(12): go to drawer 3
(13): go to cabinet 9
(14): go to cabinet 10
(15): go to drawer 4
(16): go to cabinet 11
(17): go to toaster 1
(18): go to cabinet 12
(19): go to cabinet 13
(20): go to cabinet 14
(21): go to cabinet 15
(22): go to coffeemachine 1
(23): go to garbagecan 1
(24): go to countertop 3
(25): go to countertop 4
(26): go to sink 1
(27): go to stoveburner 1
(28): go to stoveburner 2
(29): go to stoveburner 3
(30): go to sinkbasin 1
(31): take tomato 1 from countertop 2
(32): take butterknife 1 from countertop 2
(33): examine countertop 2

**Answer**
Let's think step by step by following the instructions.
----------------------------------------

----------------------------------------

Original Response:
The answer is: (31): take tomato 1 from countertop 2

----------------------------------------

----------------------------------------

>>> Refine Original VLM Response and Get Pure Action: take tomato 1 from countertop 2

----------------------------------------

-----------------------------------------------------------------

Running time: 5.9562013149261475 seconds

Total Money: 11.98939

-----------------------------------------------------------------

-----------------------------------------------------------------

Text Observation:You pick up the tomato 1 from the countertop 2.

--------------------------------------------------------------------------------------------------------------------------task: 19---------------------------------------------------------
--------------------------------------------------------------------------------------------------------------------------------------------------------------------
--------------------------------------------------------------------------------------------------------------------------------------------------------------------
Step:--------------------------------------------------------------------------5-------------------------------------------------------------------------------
----------------------------------------
VLM Prompt:
Image1:
<image>
Image2:
<image>
Image3:
<image>
**Instruction**
1. Analyze the provided image to identify all visible household objects, focusing on those relevant to the task description "put a cool tomato in microwave."
2. Use the analysis of the image and the task hint "The agent must find an object of the desired type, pick it up, go to a fridge, cool the object with the fridge, then find the correct location to place it, and put it down there. The agent does not need to use the fridge button or open the fridge to cool the object, and the agent just needs to do action that is "cool the object with the fridge"." to answer the question: what is the most reasonable action in the choices for the task description "put a cool tomato in microwave"?
4. Decide and write the answer using the template: The answer is: (i): <selected_action>, where i is the real number. If there is no desired object in the image, search every place based on **Initial Observation** to find the object. And if no one is exactly correct, choose a similar answer.

**Initial Observation**
You are in the middle of a room. Looking quickly around you, you can see cabinet (1-15), fridge (1), countertop (1-4), drawer (1-4), microwave (1), toaster (1), coffeemachine (1), garbagecan (1), sink (1), stoveburner (1-3), sinkbasin (1)

**Answer Choices**
(1): go to cabinet 1
(2): go to cabinet 2
(3): go to cabinet 3
(4): go to fridge 1
(5): go to countertop 1
(6): go to cabinet 4
(7): go to cabinet 5
(8): go to cabinet 6
(9): go to cabinet 7
(10): go to drawer 1
(11): go to drawer 2
(12): go to cabinet 8
(13): go to drawer 3
(14): go to cabinet 9
(15): go to cabinet 10
(16): go to drawer 4
(17): go to cabinet 11
(18): go to toaster 1
(19): go to cabinet 12
(20): go to cabinet 13
(21): go to cabinet 14
(22): go to cabinet 15
(23): go to coffeemachine 1
(24): go to garbagecan 1
(25): go to countertop 3
(26): go to countertop 4
(27): go to sink 1
(28): go to stoveburner 1
(29): go to stoveburner 2
(30): go to stoveburner 3
(31): go to sinkbasin 1
(32): put tomato 1 in/on countertop 2
(33): examine tomato 1
(34): examine countertop 2

**Answer**
Let's think step by step by following the instructions.
----------------------------------------

----------------------------------------

Original Response:
The task is to "put a cool tomato in microwave." From the initial observation, we know that there's a fridge and a microwave in the room. The analysis of Image2 and Image3 shows a tomato on countertop 2. Since the agent does not need to use the fridge button or open the fridge to cool the object, the agent can directly cool the tomato using the fridge. 

The most reasonable next action to accomplish the task would be to first go to the fridge to cool the tomato. 

The answer is: (4): go to fridge 1.

----------------------------------------

----------------------------------------

>>> Refine Original VLM Response and Get Pure Action: go to fridge 1

----------------------------------------

-----------------------------------------------------------------

Running time: 6.499168872833252 seconds

Total Money: 12.02242

-----------------------------------------------------------------

-----------------------------------------------------------------

Text Observation:You arrive at loc 3. The fridge 1 is closed. 

--------------------------------------------------------------------------------------------------------------------------task: 19---------------------------------------------------------
--------------------------------------------------------------------------------------------------------------------------------------------------------------------
--------------------------------------------------------------------------------------------------------------------------------------------------------------------
Step:--------------------------------------------------------------------------6-------------------------------------------------------------------------------
----------------------------------------
VLM Prompt:
Image1:
<image>
Image2:
<image>
Image3:
<image>
**Instruction**
1. Analyze the provided image to identify all visible household objects, focusing on those relevant to the task description "put a cool tomato in microwave."
2. Use the analysis of the image and the task hint "The agent must find an object of the desired type, pick it up, go to a fridge, cool the object with the fridge, then find the correct location to place it, and put it down there. The agent does not need to use the fridge button or open the fridge to cool the object, and the agent just needs to do action that is "cool the object with the fridge"." to answer the question: what is the most reasonable action in the choices for the task description "put a cool tomato in microwave"?
4. Decide and write the answer using the template: The answer is: (i): <selected_action>, where i is the real number. If there is no desired object in the image, search every place based on **Initial Observation** to find the object. And if no one is exactly correct, choose a similar answer.

**Initial Observation**
You are in the middle of a room. Looking quickly around you, you can see cabinet (1-15), fridge (1), countertop (1-4), drawer (1-4), microwave (1), toaster (1), coffeemachine (1), garbagecan (1), sink (1), stoveburner (1-3), sinkbasin (1)

**Answer Choices**
(1): go to cabinet 1
(2): go to cabinet 2
(3): go to cabinet 3
(4): go to countertop 1
(5): go to cabinet 4
(6): go to cabinet 5
(7): go to cabinet 6
(8): go to cabinet 7
(9): go to drawer 1
(10): go to drawer 2
(11): go to cabinet 8
(12): go to drawer 3
(13): go to cabinet 9
(14): go to cabinet 10
(15): go to drawer 4
(16): go to microwave 1
(17): go to cabinet 11
(18): go to toaster 1
(19): go to cabinet 12
(20): go to cabinet 13
(21): go to cabinet 14
(22): go to cabinet 15
(23): go to coffeemachine 1
(24): go to garbagecan 1
(25): go to countertop 3
(26): go to countertop 4
(27): go to sink 1
(28): go to stoveburner 1
(29): go to stoveburner 2
(30): go to stoveburner 3
(31): go to sinkbasin 1
(32): open fridge 1
(33): close fridge 1
(34): put tomato 1 in/on fridge 1
(35): cool tomato 1 with fridge 1
(36): examine tomato 1
(37): examine fridge 1

**Answer**
Let's think step by step by following the instructions.
----------------------------------------

----------------------------------------

Original Response:
The answer is: (35): cool tomato 1 with fridge 1

----------------------------------------

----------------------------------------

>>> Refine Original VLM Response and Get Pure Action: cool tomato 1 with fridge 1

----------------------------------------

-----------------------------------------------------------------

Running time: 5.1234517097473145 seconds

Total Money: 12.052990000000001

-----------------------------------------------------------------

-----------------------------------------------------------------

Text Observation:You cool the tomato 1 using the fridge 1.

--------------------------------------------------------------------------------------------------------------------------task: 19---------------------------------------------------------
--------------------------------------------------------------------------------------------------------------------------------------------------------------------
--------------------------------------------------------------------------------------------------------------------------------------------------------------------
Step:--------------------------------------------------------------------------7-------------------------------------------------------------------------------
----------------------------------------
VLM Prompt:
Image1:
<image>
Image2:
<image>
Image3:
<image>
**Instruction**
1. Analyze the provided image to identify all visible household objects, focusing on those relevant to the task description "put a cool tomato in microwave."
2. Use the analysis of the image and the task hint "The agent must find an object of the desired type, pick it up, go to a fridge, cool the object with the fridge, then find the correct location to place it, and put it down there. The agent does not need to use the fridge button or open the fridge to cool the object, and the agent just needs to do action that is "cool the object with the fridge"." to answer the question: what is the most reasonable action in the choices for the task description "put a cool tomato in microwave"?
4. Decide and write the answer using the template: The answer is: (i): <selected_action>, where i is the real number. If there is no desired object in the image, search every place based on **Initial Observation** to find the object. And if no one is exactly correct, choose a similar answer.

**Initial Observation**
You are in the middle of a room. Looking quickly around you, you can see cabinet (1-15), fridge (1), countertop (1-4), drawer (1-4), microwave (1), toaster (1), coffeemachine (1), garbagecan (1), sink (1), stoveburner (1-3), sinkbasin (1)

**Answer Choices**
(1): go to cabinet 1
(2): go to cabinet 2
(3): go to cabinet 3
(4): go to countertop 1
(5): go to cabinet 4
(6): go to cabinet 5
(7): go to cabinet 6
(8): go to cabinet 7
(9): go to drawer 1
(10): go to drawer 2
(11): go to cabinet 8
(12): go to drawer 3
(13): go to cabinet 9
(14): go to cabinet 10
(15): go to drawer 4
(16): go to microwave 1
(17): go to cabinet 11
(18): go to toaster 1
(19): go to cabinet 12
(20): go to cabinet 13
(21): go to cabinet 14
(22): go to cabinet 15
(23): go to countertop 2
(24): go to coffeemachine 1
(25): go to garbagecan 1
(26): go to countertop 3
(27): go to countertop 4
(28): go to sink 1
(29): go to stoveburner 1
(30): go to stoveburner 2
(31): go to stoveburner 3
(32): go to sinkbasin 1
(33): open fridge 1
(34): close fridge 1
(35): put tomato 1 in/on fridge 1
(36): examine tomato 1
(37): examine fridge 1

**Answer**
Let's think step by step by following the instructions.
----------------------------------------

----------------------------------------

Original Response:
The answer is: (35): put tomato 1 in/on fridge 1

----------------------------------------

----------------------------------------

>>> Refine Original VLM Response and Get Pure Action: put tomato 1 in/on fridge 1

----------------------------------------

-----------------------------------------------------------------

Running time: 5.826596260070801 seconds

Total Money: 12.083570000000002

-----------------------------------------------------------------

-----------------------------------------------------------------

Text Observation:Nothing happens.

--------------------------------------------------------------------------------------------------------------------------task: 19---------------------------------------------------------
--------------------------------------------------------------------------------------------------------------------------------------------------------------------
--------------------------------------------------------------------------------------------------------------------------------------------------------------------
Step:--------------------------------------------------------------------------8-------------------------------------------------------------------------------
----------------------------------------
VLM Prompt:
Image1:
<image>
Image2:
<image>
Image3:
<image>
**Instruction**
1. Analyze the provided image to identify all visible household objects, focusing on those relevant to the task description "put a cool tomato in microwave."
2. Use the analysis of the image and the task hint "The agent must find an object of the desired type, pick it up, go to a fridge, cool the object with the fridge, then find the correct location to place it, and put it down there. The agent does not need to use the fridge button or open the fridge to cool the object, and the agent just needs to do action that is "cool the object with the fridge"." to answer the question: what is the most reasonable action in the choices for the task description "put a cool tomato in microwave"?
4. Decide and write the answer using the template: The answer is: (i): <selected_action>, where i is the real number. If there is no desired object in the image, search every place based on **Initial Observation** to find the object. And if no one is exactly correct, choose a similar answer.

**Initial Observation**
You are in the middle of a room. Looking quickly around you, you can see cabinet (1-15), fridge (1), countertop (1-4), drawer (1-4), microwave (1), toaster (1), coffeemachine (1), garbagecan (1), sink (1), stoveburner (1-3), sinkbasin (1)

**Answer Choices**
(1): go to cabinet 1
(2): go to cabinet 2
(3): go to cabinet 3
(4): go to countertop 1
(5): go to cabinet 4
(6): go to cabinet 5
(7): go to cabinet 6
(8): go to cabinet 7
(9): go to drawer 1
(10): go to drawer 2
(11): go to cabinet 8
(12): go to drawer 3
(13): go to cabinet 9
(14): go to cabinet 10
(15): go to drawer 4
(16): go to microwave 1
(17): go to cabinet 11
(18): go to toaster 1
(19): go to cabinet 12
(20): go to cabinet 13
(21): go to cabinet 14
(22): go to cabinet 15
(23): go to countertop 2
(24): go to coffeemachine 1
(25): go to garbagecan 1
(26): go to countertop 3
(27): go to countertop 4
(28): go to sink 1
(29): go to stoveburner 1
(30): go to stoveburner 2
(31): go to stoveburner 3
(32): go to sinkbasin 1
(33): open fridge 1
(34): close fridge 1
(35): examine tomato 1
(36): examine fridge 1

**Answer**
Let's think step by step by following the instructions.
----------------------------------------

----------------------------------------

Original Response:
The answer is: (35): examine tomato 1.

----------------------------------------

----------------------------------------

>>> Refine Original VLM Response and Get Pure Action: examine tomato 1

----------------------------------------

-----------------------------------------------------------------

Running time: 4.800337553024292 seconds

Total Money: 12.113900000000001

-----------------------------------------------------------------

-----------------------------------------------------------------

Text Observation:This is a cool tomato 1.

--------------------------------------------------------------------------------------------------------------------------task: 19---------------------------------------------------------
--------------------------------------------------------------------------------------------------------------------------------------------------------------------
--------------------------------------------------------------------------------------------------------------------------------------------------------------------
Step:--------------------------------------------------------------------------9-------------------------------------------------------------------------------
----------------------------------------
VLM Prompt:
Image1:
<image>
Image2:
<image>
Image3:
<image>
**Instruction**
1. Analyze the provided image to identify all visible household objects, focusing on those relevant to the task description "put a cool tomato in microwave."
2. Use the analysis of the image and the task hint "The agent must find an object of the desired type, pick it up, go to a fridge, cool the object with the fridge, then find the correct location to place it, and put it down there. The agent does not need to use the fridge button or open the fridge to cool the object, and the agent just needs to do action that is "cool the object with the fridge"." to answer the question: what is the most reasonable action in the choices for the task description "put a cool tomato in microwave"?
4. Decide and write the answer using the template: The answer is: (i): <selected_action>, where i is the real number. If there is no desired object in the image, search every place based on **Initial Observation** to find the object. And if no one is exactly correct, choose a similar answer.

**Initial Observation**
You are in the middle of a room. Looking quickly around you, you can see cabinet (1-15), fridge (1), countertop (1-4), drawer (1-4), microwave (1), toaster (1), coffeemachine (1), garbagecan (1), sink (1), stoveburner (1-3), sinkbasin (1)

**Answer Choices**
(1): go to cabinet 1
(2): go to cabinet 2
(3): go to cabinet 3
(4): go to countertop 1
(5): go to cabinet 4
(6): go to cabinet 5
(7): go to cabinet 6
(8): go to cabinet 7
(9): go to drawer 1
(10): go to drawer 2
(11): go to cabinet 8
(12): go to drawer 3
(13): go to cabinet 9
(14): go to cabinet 10
(15): go to drawer 4
(16): go to microwave 1
(17): go to cabinet 11
(18): go to toaster 1
(19): go to cabinet 12
(20): go to cabinet 13
(21): go to cabinet 14
(22): go to cabinet 15
(23): go to countertop 2
(24): go to coffeemachine 1
(25): go to garbagecan 1
(26): go to countertop 3
(27): go to countertop 4
(28): go to sink 1
(29): go to stoveburner 1
(30): go to stoveburner 2
(31): go to stoveburner 3
(32): go to sinkbasin 1
(33): open fridge 1
(34): close fridge 1
(35): examine fridge 1

**Answer**
Let's think step by step by following the instructions.
----------------------------------------

----------------------------------------

Original Response:
The answer is: (20): go to cabinet 13.

----------------------------------------

----------------------------------------

>>> Refine Original VLM Response and Get Pure Action: go to cabinet 13

----------------------------------------

-----------------------------------------------------------------

Running time: 5.806729078292847 seconds

Total Money: 12.14418

-----------------------------------------------------------------

-----------------------------------------------------------------

Text Observation:You arrive at loc 20. The cabinet 13 is closed. 

--------------------------------------------------------------------------------------------------------------------------task: 19---------------------------------------------------------
--------------------------------------------------------------------------------------------------------------------------------------------------------------------
--------------------------------------------------------------------------------------------------------------------------------------------------------------------
Step:--------------------------------------------------------------------------10-------------------------------------------------------------------------------
----------------------------------------
VLM Prompt:
Image1:
<image>
Image2:
<image>
Image3:
<image>
**Instruction**
1. Analyze the provided image to identify all visible household objects, focusing on those relevant to the task description "put a cool tomato in microwave."
2. Use the analysis of the image and the task hint "The agent must find an object of the desired type, pick it up, go to a fridge, cool the object with the fridge, then find the correct location to place it, and put it down there. The agent does not need to use the fridge button or open the fridge to cool the object, and the agent just needs to do action that is "cool the object with the fridge"." to answer the question: what is the most reasonable action in the choices for the task description "put a cool tomato in microwave"?
4. Decide and write the answer using the template: The answer is: (i): <selected_action>, where i is the real number. If there is no desired object in the image, search every place based on **Initial Observation** to find the object. And if no one is exactly correct, choose a similar answer.

**Initial Observation**
You are in the middle of a room. Looking quickly around you, you can see cabinet (1-15), fridge (1), countertop (1-4), drawer (1-4), microwave (1), toaster (1), coffeemachine (1), garbagecan (1), sink (1), stoveburner (1-3), sinkbasin (1)

**Answer Choices**
(1): go to cabinet 1
(2): go to cabinet 2
(3): go to cabinet 3
(4): go to fridge 1
(5): go to countertop 1
(6): go to cabinet 4
(7): go to cabinet 5
(8): go to cabinet 6
(9): go to cabinet 7
(10): go to drawer 1
(11): go to drawer 2
(12): go to cabinet 8
(13): go to drawer 3
(14): go to cabinet 9
(15): go to cabinet 10
(16): go to drawer 4
(17): go to microwave 1
(18): go to cabinet 11
(19): go to toaster 1
(20): go to cabinet 12
(21): go to cabinet 14
(22): go to cabinet 15
(23): go to countertop 2
(24): go to coffeemachine 1
(25): go to garbagecan 1
(26): go to countertop 3
(27): go to countertop 4
(28): go to sink 1
(29): go to stoveburner 1
(30): go to stoveburner 2
(31): go to stoveburner 3
(32): go to sinkbasin 1
(33): open cabinet 13
(34): close cabinet 13
(35): put tomato 1 in/on cabinet 13
(36): examine cabinet 13

**Answer**
Let's think step by step by following the instructions.
----------------------------------------

----------------------------------------

Original Response:
The answer is: (4): go to fridge 1

----------------------------------------

----------------------------------------

>>> Refine Original VLM Response and Get Pure Action: go to fridge 1

----------------------------------------

-----------------------------------------------------------------

Running time: 254.75283098220825 seconds

Total Money: 12.17456

-----------------------------------------------------------------

-----------------------------------------------------------------

Text Observation:You arrive at loc 3. The fridge 1 is closed. 

--------------------------------------------------------------------------------------------------------------------------task: 19---------------------------------------------------------
--------------------------------------------------------------------------------------------------------------------------------------------------------------------
--------------------------------------------------------------------------------------------------------------------------------------------------------------------
Step:--------------------------------------------------------------------------11-------------------------------------------------------------------------------
----------------------------------------
VLM Prompt:
Image1:
<image>
Image2:
<image>
Image3:
<image>
**Instruction**
1. Analyze the provided image to identify all visible household objects, focusing on those relevant to the task description "put a cool tomato in microwave."
2. Use the analysis of the image and the task hint "The agent must find an object of the desired type, pick it up, go to a fridge, cool the object with the fridge, then find the correct location to place it, and put it down there. The agent does not need to use the fridge button or open the fridge to cool the object, and the agent just needs to do action that is "cool the object with the fridge"." to answer the question: what is the most reasonable action in the choices for the task description "put a cool tomato in microwave"?
4. Decide and write the answer using the template: The answer is: (i): <selected_action>, where i is the real number. If there is no desired object in the image, search every place based on **Initial Observation** to find the object. And if no one is exactly correct, choose a similar answer.

**Initial Observation**
You are in the middle of a room. Looking quickly around you, you can see cabinet (1-15), fridge (1), countertop (1-4), drawer (1-4), microwave (1), toaster (1), coffeemachine (1), garbagecan (1), sink (1), stoveburner (1-3), sinkbasin (1)

**Answer Choices**
(1): go to cabinet 1
(2): go to cabinet 2
(3): go to cabinet 3
(4): go to countertop 1
(5): go to cabinet 4
(6): go to cabinet 5
(7): go to cabinet 6
(8): go to cabinet 7
(9): go to drawer 1
(10): go to drawer 2
(11): go to cabinet 8
(12): go to drawer 3
(13): go to cabinet 9
(14): go to cabinet 10
(15): go to drawer 4
(16): go to microwave 1
(17): go to cabinet 11
(18): go to toaster 1
(19): go to cabinet 12
(20): go to cabinet 14
(21): go to cabinet 15
(22): go to countertop 2
(23): go to coffeemachine 1
(24): go to garbagecan 1
(25): go to countertop 3
(26): go to countertop 4
(27): go to sink 1
(28): go to stoveburner 1
(29): go to stoveburner 2
(30): go to stoveburner 3
(31): go to sinkbasin 1
(32): open fridge 1
(33): close fridge 1
(34): put tomato 1 in/on fridge 1
(35): cool tomato 1 with fridge 1
(36): examine fridge 1

**Answer**
Let's think step by step by following the instructions.
----------------------------------------

----------------------------------------

Original Response:
The answer is: (35): cool tomato 1 with fridge 1.

----------------------------------------

----------------------------------------

>>> Refine Original VLM Response and Get Pure Action: cool tomato 1 with fridge 1

----------------------------------------

-----------------------------------------------------------------

Running time: 6.909160375595093 seconds

Total Money: 12.20509

-----------------------------------------------------------------

-----------------------------------------------------------------

Text Observation:You cool the tomato 1 using the fridge 1.

--------------------------------------------------------------------------------------------------------------------------task: 19---------------------------------------------------------
--------------------------------------------------------------------------------------------------------------------------------------------------------------------
--------------------------------------------------------------------------------------------------------------------------------------------------------------------
Step:--------------------------------------------------------------------------12-------------------------------------------------------------------------------
----------------------------------------
VLM Prompt:
Image1:
<image>
Image2:
<image>
Image3:
<image>
**Instruction**
1. Analyze the provided image to identify all visible household objects, focusing on those relevant to the task description "put a cool tomato in microwave."
2. Use the analysis of the image and the task hint "The agent must find an object of the desired type, pick it up, go to a fridge, cool the object with the fridge, then find the correct location to place it, and put it down there. The agent does not need to use the fridge button or open the fridge to cool the object, and the agent just needs to do action that is "cool the object with the fridge"." to answer the question: what is the most reasonable action in the choices for the task description "put a cool tomato in microwave"?
4. Decide and write the answer using the template: The answer is: (i): <selected_action>, where i is the real number. If there is no desired object in the image, search every place based on **Initial Observation** to find the object. And if no one is exactly correct, choose a similar answer.

**Initial Observation**
You are in the middle of a room. Looking quickly around you, you can see cabinet (1-15), fridge (1), countertop (1-4), drawer (1-4), microwave (1), toaster (1), coffeemachine (1), garbagecan (1), sink (1), stoveburner (1-3), sinkbasin (1)

**Answer Choices**
(1): go to cabinet 1
(2): go to cabinet 2
(3): go to cabinet 3
(4): go to countertop 1
(5): go to cabinet 4
(6): go to cabinet 5
(7): go to cabinet 6
(8): go to cabinet 7
(9): go to drawer 1
(10): go to drawer 2
(11): go to cabinet 8
(12): go to drawer 3
(13): go to cabinet 9
(14): go to cabinet 10
(15): go to drawer 4
(16): go to microwave 1
(17): go to cabinet 11
(18): go to toaster 1
(19): go to cabinet 12
(20): go to cabinet 14
(21): go to cabinet 15
(22): go to countertop 2
(23): go to coffeemachine 1
(24): go to garbagecan 1
(25): go to countertop 3
(26): go to countertop 4
(27): go to sink 1
(28): go to stoveburner 1
(29): go to stoveburner 2
(30): go to stoveburner 3
(31): go to sinkbasin 1
(32): open fridge 1
(33): close fridge 1
(34): put tomato 1 in/on fridge 1
(35): examine tomato 1
(36): examine fridge 1

**Answer**
Let's think step by step by following the instructions.
----------------------------------------

----------------------------------------

Original Response:
The answer is: (34): put tomato 1 in/on fridge 1

----------------------------------------

----------------------------------------

>>> Refine Original VLM Response and Get Pure Action: put tomato 1 in/on fridge 1

----------------------------------------

-----------------------------------------------------------------

Running time: 5.03149938583374 seconds

Total Money: 12.23558

-----------------------------------------------------------------

-----------------------------------------------------------------

Text Observation:Nothing happens.

--------------------------------------------------------------------------------------------------------------------------task: 19---------------------------------------------------------
--------------------------------------------------------------------------------------------------------------------------------------------------------------------
--------------------------------------------------------------------------------------------------------------------------------------------------------------------
Step:--------------------------------------------------------------------------13-------------------------------------------------------------------------------
----------------------------------------
VLM Prompt:
Image1:
<image>
Image2:
<image>
Image3:
<image>
**Instruction**
1. Analyze the provided image to identify all visible household objects, focusing on those relevant to the task description "put a cool tomato in microwave."
2. Use the analysis of the image and the task hint "The agent must find an object of the desired type, pick it up, go to a fridge, cool the object with the fridge, then find the correct location to place it, and put it down there. The agent does not need to use the fridge button or open the fridge to cool the object, and the agent just needs to do action that is "cool the object with the fridge"." to answer the question: what is the most reasonable action in the choices for the task description "put a cool tomato in microwave"?
4. Decide and write the answer using the template: The answer is: (i): <selected_action>, where i is the real number. If there is no desired object in the image, search every place based on **Initial Observation** to find the object. And if no one is exactly correct, choose a similar answer.

**Initial Observation**
You are in the middle of a room. Looking quickly around you, you can see cabinet (1-15), fridge (1), countertop (1-4), drawer (1-4), microwave (1), toaster (1), coffeemachine (1), garbagecan (1), sink (1), stoveburner (1-3), sinkbasin (1)

**Answer Choices**
(1): go to cabinet 1
(2): go to cabinet 2
(3): go to cabinet 3
(4): go to countertop 1
(5): go to cabinet 4
(6): go to cabinet 5
(7): go to cabinet 6
(8): go to cabinet 7
(9): go to drawer 1
(10): go to drawer 2
(11): go to cabinet 8
(12): go to drawer 3
(13): go to cabinet 9
(14): go to cabinet 10
(15): go to drawer 4
(16): go to microwave 1
(17): go to cabinet 11
(18): go to toaster 1
(19): go to cabinet 12
(20): go to cabinet 13
(21): go to cabinet 14
(22): go to cabinet 15
(23): go to countertop 2
(24): go to coffeemachine 1
(25): go to garbagecan 1
(26): go to countertop 3
(27): go to countertop 4
(28): go to sink 1
(29): go to stoveburner 1
(30): go to stoveburner 2
(31): go to stoveburner 3
(32): go to sinkbasin 1
(33): open fridge 1
(34): close fridge 1
(35): examine tomato 1
(36): examine fridge 1

**Answer**
Let's think step by step by following the instructions.
----------------------------------------

----------------------------------------

Original Response:
The answer is: (35): examine tomato 1

----------------------------------------

----------------------------------------

>>> Refine Original VLM Response and Get Pure Action: examine tomato 1

----------------------------------------

-----------------------------------------------------------------

Running time: 4.880444765090942 seconds

Total Money: 12.265880000000001

-----------------------------------------------------------------

-----------------------------------------------------------------

Text Observation:This is a cool tomato 1.

--------------------------------------------------------------------------------------------------------------------------task: 19---------------------------------------------------------
--------------------------------------------------------------------------------------------------------------------------------------------------------------------
--------------------------------------------------------------------------------------------------------------------------------------------------------------------
Step:--------------------------------------------------------------------------14-------------------------------------------------------------------------------
----------------------------------------
VLM Prompt:
Image1:
<image>
Image2:
<image>
Image3:
<image>
**Instruction**
1. Analyze the provided image to identify all visible household objects, focusing on those relevant to the task description "put a cool tomato in microwave."
2. Use the analysis of the image and the task hint "The agent must find an object of the desired type, pick it up, go to a fridge, cool the object with the fridge, then find the correct location to place it, and put it down there. The agent does not need to use the fridge button or open the fridge to cool the object, and the agent just needs to do action that is "cool the object with the fridge"." to answer the question: what is the most reasonable action in the choices for the task description "put a cool tomato in microwave"?
4. Decide and write the answer using the template: The answer is: (i): <selected_action>, where i is the real number. If there is no desired object in the image, search every place based on **Initial Observation** to find the object. And if no one is exactly correct, choose a similar answer.

**Initial Observation**
You are in the middle of a room. Looking quickly around you, you can see cabinet (1-15), fridge (1), countertop (1-4), drawer (1-4), microwave (1), toaster (1), coffeemachine (1), garbagecan (1), sink (1), stoveburner (1-3), sinkbasin (1)

**Answer Choices**
(1): go to cabinet 1
(2): go to cabinet 2
(3): go to cabinet 3
(4): go to countertop 1
(5): go to cabinet 4
(6): go to cabinet 5
(7): go to cabinet 6
(8): go to cabinet 7
(9): go to drawer 1
(10): go to drawer 2
(11): go to cabinet 8
(12): go to drawer 3
(13): go to cabinet 9
(14): go to cabinet 10
(15): go to drawer 4
(16): go to microwave 1
(17): go to cabinet 11
(18): go to toaster 1
(19): go to cabinet 12
(20): go to cabinet 13
(21): go to cabinet 14
(22): go to cabinet 15
(23): go to countertop 2
(24): go to coffeemachine 1
(25): go to garbagecan 1
(26): go to countertop 3
(27): go to countertop 4
(28): go to sink 1
(29): go to stoveburner 1
(30): go to stoveburner 2
(31): go to stoveburner 3
(32): go to sinkbasin 1
(33): open fridge 1
(34): close fridge 1
(35): examine fridge 1

**Answer**
Let's think step by step by following the instructions.
----------------------------------------

----------------------------------------

Original Response:
The answer is: (16): go to microwave 1.

----------------------------------------

----------------------------------------

>>> Refine Original VLM Response and Get Pure Action: go to microwave 1

----------------------------------------

-----------------------------------------------------------------

Running time: 5.0249810218811035 seconds

Total Money: 12.29616

-----------------------------------------------------------------

-----------------------------------------------------------------

Text Observation:You arrive at loc 16. The microwave 1 is closed. 

--------------------------------------------------------------------------------------------------------------------------task: 19---------------------------------------------------------
--------------------------------------------------------------------------------------------------------------------------------------------------------------------
--------------------------------------------------------------------------------------------------------------------------------------------------------------------
Step:--------------------------------------------------------------------------15-------------------------------------------------------------------------------
----------------------------------------
VLM Prompt:
Image1:
<image>
Image2:
<image>
Image3:
<image>
**Instruction**
1. Analyze the provided image to identify all visible household objects, focusing on those relevant to the task description "put a cool tomato in microwave."
2. Use the analysis of the image and the task hint "The agent must find an object of the desired type, pick it up, go to a fridge, cool the object with the fridge, then find the correct location to place it, and put it down there. The agent does not need to use the fridge button or open the fridge to cool the object, and the agent just needs to do action that is "cool the object with the fridge"." to answer the question: what is the most reasonable action in the choices for the task description "put a cool tomato in microwave"?
4. Decide and write the answer using the template: The answer is: (i): <selected_action>, where i is the real number. If there is no desired object in the image, search every place based on **Initial Observation** to find the object. And if no one is exactly correct, choose a similar answer.

**Initial Observation**
You are in the middle of a room. Looking quickly around you, you can see cabinet (1-15), fridge (1), countertop (1-4), drawer (1-4), microwave (1), toaster (1), coffeemachine (1), garbagecan (1), sink (1), stoveburner (1-3), sinkbasin (1)

**Answer Choices**
(1): go to cabinet 1
(2): go to cabinet 2
(3): go to cabinet 3
(4): go to fridge 1
(5): go to countertop 1
(6): go to cabinet 4
(7): go to cabinet 5
(8): go to cabinet 6
(9): go to cabinet 7
(10): go to drawer 1
(11): go to drawer 2
(12): go to cabinet 8
(13): go to drawer 3
(14): go to cabinet 9
(15): go to cabinet 10
(16): go to drawer 4
(17): go to cabinet 11
(18): go to toaster 1
(19): go to cabinet 12
(20): go to cabinet 13
(21): go to cabinet 14
(22): go to cabinet 15
(23): go to countertop 2
(24): go to coffeemachine 1
(25): go to garbagecan 1
(26): go to countertop 3
(27): go to countertop 4
(28): go to sink 1
(29): go to stoveburner 1
(30): go to stoveburner 2
(31): go to stoveburner 3
(32): go to sinkbasin 1
(33): open microwave 1
(34): close microwave 1
(35): put tomato 1 in/on microwave 1
(36): heat tomato 1 with microwave 1
(37): examine microwave 1

**Answer**
Let's think step by step by following the instructions.
----------------------------------------

----------------------------------------

Original Response:
The answer is: (4): go to fridge 1

----------------------------------------

----------------------------------------

>>> Refine Original VLM Response and Get Pure Action: go to fridge 1

----------------------------------------

-----------------------------------------------------------------

Running time: 4.557685852050781 seconds

Total Money: 12.32666

-----------------------------------------------------------------

-----------------------------------------------------------------

Text Observation:You arrive at loc 3. The fridge 1 is closed. 

--------------------------------------------------------------------------------------------------------------------------task: 19---------------------------------------------------------
--------------------------------------------------------------------------------------------------------------------------------------------------------------------
--------------------------------------------------------------------------------------------------------------------------------------------------------------------
Step:--------------------------------------------------------------------------16-------------------------------------------------------------------------------
----------------------------------------
VLM Prompt:
Image1:
<image>
Image2:
<image>
Image3:
<image>
**Instruction**
1. Analyze the provided image to identify all visible household objects, focusing on those relevant to the task description "put a cool tomato in microwave."
2. Use the analysis of the image and the task hint "The agent must find an object of the desired type, pick it up, go to a fridge, cool the object with the fridge, then find the correct location to place it, and put it down there. The agent does not need to use the fridge button or open the fridge to cool the object, and the agent just needs to do action that is "cool the object with the fridge"." to answer the question: what is the most reasonable action in the choices for the task description "put a cool tomato in microwave"?
4. Decide and write the answer using the template: The answer is: (i): <selected_action>, where i is the real number. If there is no desired object in the image, search every place based on **Initial Observation** to find the object. And if no one is exactly correct, choose a similar answer.

**Initial Observation**
You are in the middle of a room. Looking quickly around you, you can see cabinet (1-15), fridge (1), countertop (1-4), drawer (1-4), microwave (1), toaster (1), coffeemachine (1), garbagecan (1), sink (1), stoveburner (1-3), sinkbasin (1)

**Answer Choices**
(1): go to cabinet 1
(2): go to cabinet 2
(3): go to cabinet 3
(4): go to countertop 1
(5): go to cabinet 4
(6): go to cabinet 5
(7): go to cabinet 6
(8): go to cabinet 7
(9): go to drawer 1
(10): go to drawer 2
(11): go to cabinet 8
(12): go to drawer 3
(13): go to cabinet 9
(14): go to cabinet 10
(15): go to drawer 4
(16): go to cabinet 11
(17): go to toaster 1
(18): go to cabinet 12
(19): go to cabinet 13
(20): go to cabinet 14
(21): go to cabinet 15
(22): go to countertop 2
(23): go to coffeemachine 1
(24): go to garbagecan 1
(25): go to countertop 3
(26): go to countertop 4
(27): go to sink 1
(28): go to stoveburner 1
(29): go to stoveburner 2
(30): go to stoveburner 3
(31): go to sinkbasin 1
(32): open fridge 1
(33): close fridge 1
(34): put tomato 1 in/on fridge 1
(35): cool tomato 1 with fridge 1
(36): examine fridge 1

**Answer**
Let's think step by step by following the instructions.
----------------------------------------

----------------------------------------

Original Response:
The answer is: (35): cool tomato 1 with fridge 1.

----------------------------------------

----------------------------------------

>>> Refine Original VLM Response and Get Pure Action: cool tomato 1 with fridge 1

----------------------------------------

-----------------------------------------------------------------

Running time: 3.5803568363189697 seconds

Total Money: 12.357190000000001

-----------------------------------------------------------------

-----------------------------------------------------------------

Text Observation:You cool the tomato 1 using the fridge 1.

--------------------------------------------------------------------------------------------------------------------------task: 19---------------------------------------------------------
--------------------------------------------------------------------------------------------------------------------------------------------------------------------
--------------------------------------------------------------------------------------------------------------------------------------------------------------------
Step:--------------------------------------------------------------------------17-------------------------------------------------------------------------------
----------------------------------------
VLM Prompt:
Image1:
<image>
Image2:
<image>
Image3:
<image>
**Instruction**
1. Analyze the provided image to identify all visible household objects, focusing on those relevant to the task description "put a cool tomato in microwave."
2. Use the analysis of the image and the task hint "The agent must find an object of the desired type, pick it up, go to a fridge, cool the object with the fridge, then find the correct location to place it, and put it down there. The agent does not need to use the fridge button or open the fridge to cool the object, and the agent just needs to do action that is "cool the object with the fridge"." to answer the question: what is the most reasonable action in the choices for the task description "put a cool tomato in microwave"?
4. Decide and write the answer using the template: The answer is: (i): <selected_action>, where i is the real number. If there is no desired object in the image, search every place based on **Initial Observation** to find the object. And if no one is exactly correct, choose a similar answer.

**Initial Observation**
You are in the middle of a room. Looking quickly around you, you can see cabinet (1-15), fridge (1), countertop (1-4), drawer (1-4), microwave (1), toaster (1), coffeemachine (1), garbagecan (1), sink (1), stoveburner (1-3), sinkbasin (1)

**Answer Choices**
(1): go to cabinet 1
(2): go to cabinet 2
(3): go to cabinet 3
(4): go to countertop 1
(5): go to cabinet 4
(6): go to cabinet 5
(7): go to cabinet 6
(8): go to cabinet 7
(9): go to drawer 1
(10): go to drawer 2
(11): go to cabinet 8
(12): go to drawer 3
(13): go to cabinet 9
(14): go to cabinet 10
(15): go to drawer 4
(16): go to cabinet 11
(17): go to toaster 1
(18): go to cabinet 12
(19): go to cabinet 13
(20): go to cabinet 14
(21): go to cabinet 15
(22): go to countertop 2
(23): go to coffeemachine 1
(24): go to garbagecan 1
(25): go to countertop 3
(26): go to countertop 4
(27): go to sink 1
(28): go to stoveburner 1
(29): go to stoveburner 2
(30): go to stoveburner 3
(31): go to sinkbasin 1
(32): open fridge 1
(33): close fridge 1
(34): put tomato 1 in/on fridge 1
(35): examine tomato 1
(36): examine fridge 1

**Answer**
Let's think step by step by following the instructions.
----------------------------------------

----------------------------------------

Original Response:
The answer is: (34): put tomato 1 in/on fridge 1

----------------------------------------

----------------------------------------

>>> Refine Original VLM Response and Get Pure Action: put tomato 1 in/on fridge 1

----------------------------------------

-----------------------------------------------------------------

Running time: 4.830710411071777 seconds

Total Money: 12.387680000000001

-----------------------------------------------------------------

-----------------------------------------------------------------

Text Observation:Nothing happens.

--------------------------------------------------------------------------------------------------------------------------task: 19---------------------------------------------------------
--------------------------------------------------------------------------------------------------------------------------------------------------------------------
--------------------------------------------------------------------------------------------------------------------------------------------------------------------
Step:--------------------------------------------------------------------------18-------------------------------------------------------------------------------
----------------------------------------
VLM Prompt:
Image1:
<image>
Image2:
<image>
Image3:
<image>
**Instruction**
1. Analyze the provided image to identify all visible household objects, focusing on those relevant to the task description "put a cool tomato in microwave."
2. Use the analysis of the image and the task hint "The agent must find an object of the desired type, pick it up, go to a fridge, cool the object with the fridge, then find the correct location to place it, and put it down there. The agent does not need to use the fridge button or open the fridge to cool the object, and the agent just needs to do action that is "cool the object with the fridge"." to answer the question: what is the most reasonable action in the choices for the task description "put a cool tomato in microwave"?
4. Decide and write the answer using the template: The answer is: (i): <selected_action>, where i is the real number. If there is no desired object in the image, search every place based on **Initial Observation** to find the object. And if no one is exactly correct, choose a similar answer.

**Initial Observation**
You are in the middle of a room. Looking quickly around you, you can see cabinet (1-15), fridge (1), countertop (1-4), drawer (1-4), microwave (1), toaster (1), coffeemachine (1), garbagecan (1), sink (1), stoveburner (1-3), sinkbasin (1)

**Answer Choices**
(1): go to cabinet 1
(2): go to cabinet 2
(3): go to cabinet 3
(4): go to countertop 1
(5): go to cabinet 4
(6): go to cabinet 5
(7): go to cabinet 6
(8): go to cabinet 7
(9): go to drawer 1
(10): go to drawer 2
(11): go to cabinet 8
(12): go to drawer 3
(13): go to cabinet 9
(14): go to cabinet 10
(15): go to drawer 4
(16): go to microwave 1
(17): go to cabinet 11
(18): go to toaster 1
(19): go to cabinet 12
(20): go to cabinet 13
(21): go to cabinet 14
(22): go to cabinet 15
(23): go to countertop 2
(24): go to coffeemachine 1
(25): go to garbagecan 1
(26): go to countertop 3
(27): go to countertop 4
(28): go to sink 1
(29): go to stoveburner 1
(30): go to stoveburner 2
(31): go to stoveburner 3
(32): go to sinkbasin 1
(33): open fridge 1
(34): close fridge 1
(35): examine tomato 1
(36): examine fridge 1

**Answer**
Let's think step by step by following the instructions.
----------------------------------------

----------------------------------------

Original Response:
The answer is: (35): examine tomato 1

----------------------------------------

----------------------------------------

>>> Refine Original VLM Response and Get Pure Action: examine tomato 1

----------------------------------------

-----------------------------------------------------------------

Running time: 4.98730206489563 seconds

Total Money: 12.417980000000002

-----------------------------------------------------------------

-----------------------------------------------------------------

Text Observation:This is a cool tomato 1.

--------------------------------------------------------------------------------------------------------------------------task: 19---------------------------------------------------------
--------------------------------------------------------------------------------------------------------------------------------------------------------------------
--------------------------------------------------------------------------------------------------------------------------------------------------------------------
Step:--------------------------------------------------------------------------19-------------------------------------------------------------------------------
----------------------------------------
VLM Prompt:
Image1:
<image>
Image2:
<image>
Image3:
<image>
**Instruction**
1. Analyze the provided image to identify all visible household objects, focusing on those relevant to the task description "put a cool tomato in microwave."
2. Use the analysis of the image and the task hint "The agent must find an object of the desired type, pick it up, go to a fridge, cool the object with the fridge, then find the correct location to place it, and put it down there. The agent does not need to use the fridge button or open the fridge to cool the object, and the agent just needs to do action that is "cool the object with the fridge"." to answer the question: what is the most reasonable action in the choices for the task description "put a cool tomato in microwave"?
4. Decide and write the answer using the template: The answer is: (i): <selected_action>, where i is the real number. If there is no desired object in the image, search every place based on **Initial Observation** to find the object. And if no one is exactly correct, choose a similar answer.

**Initial Observation**
You are in the middle of a room. Looking quickly around you, you can see cabinet (1-15), fridge (1), countertop (1-4), drawer (1-4), microwave (1), toaster (1), coffeemachine (1), garbagecan (1), sink (1), stoveburner (1-3), sinkbasin (1)

**Answer Choices**
(1): go to cabinet 1
(2): go to cabinet 2
(3): go to cabinet 3
(4): go to countertop 1
(5): go to cabinet 4
(6): go to cabinet 5
(7): go to cabinet 6
(8): go to cabinet 7
(9): go to drawer 1
(10): go to drawer 2
(11): go to cabinet 8
(12): go to drawer 3
(13): go to cabinet 9
(14): go to cabinet 10
(15): go to drawer 4
(16): go to microwave 1
(17): go to cabinet 11
(18): go to toaster 1
(19): go to cabinet 12
(20): go to cabinet 13
(21): go to cabinet 14
(22): go to cabinet 15
(23): go to countertop 2
(24): go to coffeemachine 1
(25): go to garbagecan 1
(26): go to countertop 3
(27): go to countertop 4
(28): go to sink 1
(29): go to stoveburner 1
(30): go to stoveburner 2
(31): go to stoveburner 3
(32): go to sinkbasin 1
(33): open fridge 1
(34): close fridge 1
(35): examine fridge 1

**Answer**
Let's think step by step by following the instructions.
----------------------------------------

----------------------------------------

Original Response:
The answer is: (16): go to microwave 1

----------------------------------------

----------------------------------------

>>> Refine Original VLM Response and Get Pure Action: go to microwave 1

----------------------------------------

-----------------------------------------------------------------

Running time: 4.672126531600952 seconds

Total Money: 12.448230000000002

-----------------------------------------------------------------

-----------------------------------------------------------------

Text Observation:You arrive at loc 16. The microwave 1 is closed. 

-----------------------------------------------------------------