---------------------------------------------------------task: 23---------------------------------------------------------
--------------------------------------------------------------------------------------------------------------------------------------------------------------------
--------------------------------------------------------------------------------------------------------------------------------------------------------------------
Step:--------------------------------------------------------------------------0-------------------------------------------------------------------------------
----------------------------------------
VLM Prompt:
Image1:
<image>
**Instruction**
1. Analyze the provided image to identify all visible household objects, focusing on those relevant to the task description "put a hot mug in coffeemachine."
2. Use the analysis of the image and the task hint "The agent must find an object of the desired type, pick it up, go to a microwave, heat the object with the microwave, then find the correct location to place it, and put it down there. The agent does not need to use the microwave button or open the microwave to heat the object, and the agent just needs to do action that is "heat the object with the microwave"." to answer the question: what is the most reasonable action in the choices for the task description "put a hot mug in coffeemachine"?
4. Decide and write the answer using the template: The answer is: (i): <selected_action>, where i is the real number. If there is no desired object in the image, search every place based on **Initial Observation** to find the object. And if no one is exactly correct, choose a similar answer.

**Initial Observation**
You are in the middle of a room. Looking quickly around you, you can see cabinet (1-15), fridge (1), countertop (1-4), drawer (1-4), microwave (1), toaster (1), coffeemachine (1), garbagecan (1), sink (1), stoveburner (1-3), sinkbasin (1)

**Answer Choices**
(1): go to cabinet 1
(2): go to cabinet 2
(3): go to cabinet 3
(4): go to fridge 1
(5): go to countertop 1
(6): go to cabinet 4
(7): go to cabinet 5
(8): go to cabinet 6
(9): go to cabinet 7
(10): go to drawer 1
(11): go to drawer 2
(12): go to cabinet 8
(13): go to drawer 3
(14): go to cabinet 9
(15): go to cabinet 10
(16): go to drawer 4
(17): go to microwave 1
(18): go to cabinet 11
(19): go to toaster 1
(20): go to cabinet 12
(21): go to cabinet 13
(22): go to cabinet 14
(23): go to cabinet 15
(24): go to countertop 2
(25): go to coffeemachine 1
(26): go to garbagecan 1
(27): go to countertop 3
(28): go to countertop 4
(29): go to sink 1
(30): go to stoveburner 1
(31): go to stoveburner 2
(32): go to stoveburner 3
(33): go to sinkbasin 1

**Answer**
Let's think step by step by following the instructions.
----------------------------------------

----------------------------------------

Original Response:
Firstly, the task is to "put a hot mug in coffeemachine." To complete this task, the agent must find a mug, heat it, and then put it in the coffeemachine.

From the image provided, we can see part of a coffeemachine on the right side of the countertop, which is likely "coffeemachine 1". There is no visible mug, microwave, or other objects relevant to heating a mug in this image. Therefore, we must rely on the initial observation to decide the next action.

According to the task hint, the agent does not need to use the microwave button or open the microwave to heat the object. The agent should find a mug first, which is usually stored in a cabinet or on a countertop.

Given the information, the most reasonable action from the choices is to search the cabinets or countertops to find a mug. Since the agent is already at "countertop 1" and no mug is visible, the next logical action would be to check nearby cabinets.

The answer is: (6): go to cabinet 4.

----------------------------------------

----------------------------------------

>>> Refine Original VLM Response and Get Pure Action: go to cabinet 4

----------------------------------------

-----------------------------------------------------------------

Running time: 17.391356229782104 seconds

Total Money: 7.99332

-----------------------------------------------------------------

-----------------------------------------------------------------

Text Observation:You arrive at loc 5. The cabinet 4 is closed. 

--------------------------------------------------------------------------------------------------------------------------task: 23---------------------------------------------------------
--------------------------------------------------------------------------------------------------------------------------------------------------------------------
--------------------------------------------------------------------------------------------------------------------------------------------------------------------
Step:--------------------------------------------------------------------------1-------------------------------------------------------------------------------
----------------------------------------
VLM Prompt:
Image1:
<image>
**Instruction**
1. Analyze the provided image to identify all visible household objects, focusing on those relevant to the task description "put a hot mug in coffeemachine."
2. Use the analysis of the image and the task hint "The agent must find an object of the desired type, pick it up, go to a microwave, heat the object with the microwave, then find the correct location to place it, and put it down there. The agent does not need to use the microwave button or open the microwave to heat the object, and the agent just needs to do action that is "heat the object with the microwave"." to answer the question: what is the most reasonable action in the choices for the task description "put a hot mug in coffeemachine"?
4. Decide and write the answer using the template: The answer is: (i): <selected_action>, where i is the real number. If there is no desired object in the image, search every place based on **Initial Observation** to find the object. And if no one is exactly correct, choose a similar answer.

**Initial Observation**
You are in the middle of a room. Looking quickly around you, you can see cabinet (1-15), fridge (1), countertop (1-4), drawer (1-4), microwave (1), toaster (1), coffeemachine (1), garbagecan (1), sink (1), stoveburner (1-3), sinkbasin (1)

**Answer Choices**
(1): go to cabinet 1
(2): go to cabinet 2
(3): go to cabinet 3
(4): go to fridge 1
(5): go to countertop 1
(6): go to cabinet 5
(7): go to cabinet 6
(8): go to cabinet 7
(9): go to drawer 1
(10): go to drawer 2
(11): go to cabinet 8
(12): go to drawer 3
(13): go to cabinet 9
(14): go to cabinet 10
(15): go to drawer 4
(16): go to microwave 1
(17): go to cabinet 11
(18): go to toaster 1
(19): go to cabinet 12
(20): go to cabinet 13
(21): go to cabinet 14
(22): go to cabinet 15
(23): go to countertop 2
(24): go to coffeemachine 1
(25): go to garbagecan 1
(26): go to countertop 3
(27): go to countertop 4
(28): go to sink 1
(29): go to stoveburner 1
(30): go to stoveburner 2
(31): go to stoveburner 3
(32): go to sinkbasin 1
(33): open cabinet 4
(34): close cabinet 4
(35): examine cabinet 4

**Answer**
Let's think step by step by following the instructions.
----------------------------------------

----------------------------------------

Original Response:
Firstly, the task is to put a hot mug in the coffeemachine. Since the image shows a countertop next to a fridge, which is likely countertop 1, and no mugs are visible, we should start by finding a mug. The most likely locations for a mug would be in a cabinet or on a countertop. Since we do not see a mug on countertop 1, we should search the cabinets.

Given that countertop 1 is visible and there's no mug on it, we can reasonably assume that the mug might be stored in a nearby cabinet. Since cabinet 1 is likely to be the one closest to the fridge and countertop 1 based on the initial observation, it would be a logical starting point.

Therefore, the most reasonable action from the choices provided would be to check cabinet 1 for a mug.

The answer is: (1): go to cabinet 1.

----------------------------------------

----------------------------------------

>>> Refine Original VLM Response and Get Pure Action: go to cabinet 1

----------------------------------------

-----------------------------------------------------------------

Running time: 11.519744873046875 seconds

Total Money: 8.01317

-----------------------------------------------------------------

-----------------------------------------------------------------

Text Observation:You arrive at loc 0. The cabinet 1 is closed. 

--------------------------------------------------------------------------------------------------------------------------task: 23---------------------------------------------------------
--------------------------------------------------------------------------------------------------------------------------------------------------------------------
--------------------------------------------------------------------------------------------------------------------------------------------------------------------
Step:--------------------------------------------------------------------------2-------------------------------------------------------------------------------
----------------------------------------
VLM Prompt:
Image1:
<image>
**Instruction**
1. Analyze the provided image to identify all visible household objects, focusing on those relevant to the task description "put a hot mug in coffeemachine."
2. Use the analysis of the image and the task hint "The agent must find an object of the desired type, pick it up, go to a microwave, heat the object with the microwave, then find the correct location to place it, and put it down there. The agent does not need to use the microwave button or open the microwave to heat the object, and the agent just needs to do action that is "heat the object with the microwave"." to answer the question: what is the most reasonable action in the choices for the task description "put a hot mug in coffeemachine"?
4. Decide and write the answer using the template: The answer is: (i): <selected_action>, where i is the real number. If there is no desired object in the image, search every place based on **Initial Observation** to find the object. And if no one is exactly correct, choose a similar answer.

**Initial Observation**
You are in the middle of a room. Looking quickly around you, you can see cabinet (1-15), fridge (1), countertop (1-4), drawer (1-4), microwave (1), toaster (1), coffeemachine (1), garbagecan (1), sink (1), stoveburner (1-3), sinkbasin (1)

**Answer Choices**
(1): go to cabinet 2
(2): go to cabinet 3
(3): go to fridge 1
(4): go to countertop 1
(5): go to cabinet 5
(6): go to cabinet 6
(7): go to cabinet 7
(8): go to drawer 1
(9): go to drawer 2
(10): go to cabinet 8
(11): go to drawer 3
(12): go to cabinet 9
(13): go to cabinet 10
(14): go to drawer 4
(15): go to microwave 1
(16): go to cabinet 11
(17): go to toaster 1
(18): go to cabinet 12
(19): go to cabinet 13
(20): go to cabinet 14
(21): go to cabinet 15
(22): go to countertop 2
(23): go to coffeemachine 1
(24): go to garbagecan 1
(25): go to countertop 3
(26): go to countertop 4
(27): go to sink 1
(28): go to stoveburner 1
(29): go to stoveburner 2
(30): go to stoveburner 3
(31): go to sinkbasin 1
(32): open cabinet 1
(33): close cabinet 1
(34): examine cabinet 1

**Answer**
Let's think step by step by following the instructions.
----------------------------------------

----------------------------------------

Original Response:
The task is to put a hot mug in the coffeemachine. According to the task hint, the agent needs to find a mug, heat it in the microwave, and then place it in the coffeemachine.

From Image 1, we can see there is a cabinet. Since the initial observation states there are multiple cabinets, and typically mugs are stored in cabinets, the reasonable action would be to search the cabinets for a mug.

The answer is: (1): go to cabinet 2.

----------------------------------------

----------------------------------------

>>> Refine Original VLM Response and Get Pure Action: go to cabinet 2

----------------------------------------

-----------------------------------------------------------------

Running time: 12.51891541481018 seconds

Total Money: 8.030380000000001

-----------------------------------------------------------------

-----------------------------------------------------------------

Text Observation:You arrive at loc 1. The cabinet 2 is closed. 

--------------------------------------------------------------------------------------------------------------------------task: 23---------------------------------------------------------
--------------------------------------------------------------------------------------------------------------------------------------------------------------------
--------------------------------------------------------------------------------------------------------------------------------------------------------------------
Step:--------------------------------------------------------------------------3-------------------------------------------------------------------------------
----------------------------------------
VLM Prompt:
Image1:
<image>
**Instruction**
1. Analyze the provided image to identify all visible household objects, focusing on those relevant to the task description "put a hot mug in coffeemachine."
2. Use the analysis of the image and the task hint "The agent must find an object of the desired type, pick it up, go to a microwave, heat the object with the microwave, then find the correct location to place it, and put it down there. The agent does not need to use the microwave button or open the microwave to heat the object, and the agent just needs to do action that is "heat the object with the microwave"." to answer the question: what is the most reasonable action in the choices for the task description "put a hot mug in coffeemachine"?
4. Decide and write the answer using the template: The answer is: (i): <selected_action>, where i is the real number. If there is no desired object in the image, search every place based on **Initial Observation** to find the object. And if no one is exactly correct, choose a similar answer.

**Initial Observation**
You are in the middle of a room. Looking quickly around you, you can see cabinet (1-15), fridge (1), countertop (1-4), drawer (1-4), microwave (1), toaster (1), coffeemachine (1), garbagecan (1), sink (1), stoveburner (1-3), sinkbasin (1)

**Answer Choices**
(1): go to cabinet 3
(2): go to fridge 1
(3): go to countertop 1
(4): go to cabinet 5
(5): go to cabinet 6
(6): go to cabinet 7
(7): go to drawer 1
(8): go to drawer 2
(9): go to cabinet 8
(10): go to drawer 3
(11): go to cabinet 9
(12): go to cabinet 10
(13): go to drawer 4
(14): go to microwave 1
(15): go to cabinet 11
(16): go to toaster 1
(17): go to cabinet 12
(18): go to cabinet 13
(19): go to cabinet 14
(20): go to cabinet 15
(21): go to countertop 2
(22): go to coffeemachine 1
(23): go to garbagecan 1
(24): go to countertop 3
(25): go to countertop 4
(26): go to sink 1
(27): go to stoveburner 1
(28): go to stoveburner 2
(29): go to stoveburner 3
(30): go to sinkbasin 1
(31): open cabinet 2
(32): close cabinet 2
(33): examine cabinet 2

**Answer**
Let's think step by step by following the instructions.
----------------------------------------

----------------------------------------

Original Response:
The task is to put a hot mug in the coffee machine. To do this, the agent must first find a mug. Since we are looking for a mug, it is reasonable to look inside the cabinets where mugs are commonly stored. 

Looking at the image provided, we can see that it shows a part of a cabinet. However, we cannot confirm if there is a mug inside without opening it. Based on the initial observation, we know there are multiple cabinets to check.

Since the task does not specify which cabinet the mug might be in, we can start by checking the cabinets closest to the coffee machine for efficiency. The closest cabinet to the coffee machine would likely be cabinet 9 or cabinet 10, as these are usually placed above or near the coffee machine in a typical kitchen setup.

Therefore, the most reasonable action from the choices provided would be to go to either cabinet 9 or cabinet 10. Since we have to choose one, we will select the one that is first in the numerical order.

The answer is: (11): go to cabinet 9.

----------------------------------------

----------------------------------------

>>> Refine Original VLM Response and Get Pure Action: go to cabinet 9

----------------------------------------

-----------------------------------------------------------------

Running time: 9.812314510345459 seconds

Total Money: 8.050980000000001

-----------------------------------------------------------------

-----------------------------------------------------------------

Text Observation:You arrive at loc 13. The cabinet 9 is closed. 

--------------------------------------------------------------------------------------------------------------------------task: 23---------------------------------------------------------
--------------------------------------------------------------------------------------------------------------------------------------------------------------------
--------------------------------------------------------------------------------------------------------------------------------------------------------------------
Step:--------------------------------------------------------------------------4-------------------------------------------------------------------------------
----------------------------------------
VLM Prompt:
Image1:
<image>
**Instruction**
1. Analyze the provided image to identify all visible household objects, focusing on those relevant to the task description "put a hot mug in coffeemachine."
2. Use the analysis of the image and the task hint "The agent must find an object of the desired type, pick it up, go to a microwave, heat the object with the microwave, then find the correct location to place it, and put it down there. The agent does not need to use the microwave button or open the microwave to heat the object, and the agent just needs to do action that is "heat the object with the microwave"." to answer the question: what is the most reasonable action in the choices for the task description "put a hot mug in coffeemachine"?
4. Decide and write the answer using the template: The answer is: (i): <selected_action>, where i is the real number. If there is no desired object in the image, search every place based on **Initial Observation** to find the object. And if no one is exactly correct, choose a similar answer.

**Initial Observation**
You are in the middle of a room. Looking quickly around you, you can see cabinet (1-15), fridge (1), countertop (1-4), drawer (1-4), microwave (1), toaster (1), coffeemachine (1), garbagecan (1), sink (1), stoveburner (1-3), sinkbasin (1)

**Answer Choices**
(1): go to cabinet 3
(2): go to fridge 1
(3): go to countertop 1
(4): go to cabinet 4
(5): go to cabinet 5
(6): go to cabinet 6
(7): go to cabinet 7
(8): go to drawer 1
(9): go to drawer 2
(10): go to cabinet 8
(11): go to drawer 3
(12): go to cabinet 10
(13): go to drawer 4
(14): go to microwave 1
(15): go to cabinet 11
(16): go to toaster 1
(17): go to cabinet 12
(18): go to cabinet 13
(19): go to cabinet 14
(20): go to cabinet 15
(21): go to countertop 2
(22): go to coffeemachine 1
(23): go to garbagecan 1
(24): go to countertop 3
(25): go to countertop 4
(26): go to sink 1
(27): go to stoveburner 1
(28): go to stoveburner 2
(29): go to stoveburner 3
(30): go to sinkbasin 1
(31): open cabinet 9
(32): close cabinet 9
(33): examine cabinet 9

**Answer**
Let's think step by step by following the instructions.
----------------------------------------

----------------------------------------

Original Response:
The task is to "put a hot mug in coffeemachine." The hint provided tells us that we need to find a mug, heat it in the microwave, and then put it in the coffeemachine. 

In the image provided, there is no mug visible. Therefore, we need to search for the mug in likely locations based on the initial observation. Mugs are typically found in cabinets or drawers near the coffeemachine.

Looking at the answer choices, the most reasonable action to find a mug would be to check the cabinets or drawers. The choices related to cabinets and drawers are (1), (4), (5), (6), (7), (8), (9), (10), (11), (12), (13), (15), (17), (18), (19), (20), (31), (32), and (33). Since the task does not require us to open or close cabinets, we can eliminate (31), (32), and (33). 

Out of the remaining options, we should choose one that is closest to the coffeemachine for efficiency. Without specific information on the layout, we can make an educated guess.

The answer is: (4): go to cabinet 4, as it is a reasonable first step to find a mug. If the mug is not there, we would continue searching the other cabinets or drawers.

----------------------------------------

----------------------------------------

>>> Refine Original VLM Response and Get Pure Action: go to cabinet 4, as it is a reasonable first step to find a mug

----------------------------------------

-----------------------------------------------------------------

Running time: 14.766356706619263 seconds

Total Money: 8.07347

-----------------------------------------------------------------

-----------------------------------------------------------------

Text Observation:Nothing happens.

--------------------------------------------------------------------------------------------------------------------------task: 23---------------------------------------------------------
--------------------------------------------------------------------------------------------------------------------------------------------------------------------
--------------------------------------------------------------------------------------------------------------------------------------------------------------------
Step:--------------------------------------------------------------------------5-------------------------------------------------------------------------------
----------------------------------------
VLM Prompt:
Image1:
<image>
**Instruction**
1. Analyze the provided image to identify all visible household objects, focusing on those relevant to the task description "put a hot mug in coffeemachine."
2. Use the analysis of the image and the task hint "The agent must find an object of the desired type, pick it up, go to a microwave, heat the object with the microwave, then find the correct location to place it, and put it down there. The agent does not need to use the microwave button or open the microwave to heat the object, and the agent just needs to do action that is "heat the object with the microwave"." to answer the question: what is the most reasonable action in the choices for the task description "put a hot mug in coffeemachine"?
4. Decide and write the answer using the template: The answer is: (i): <selected_action>, where i is the real number. If there is no desired object in the image, search every place based on **Initial Observation** to find the object. And if no one is exactly correct, choose a similar answer.

**Initial Observation**
You are in the middle of a room. Looking quickly around you, you can see cabinet (1-15), fridge (1), countertop (1-4), drawer (1-4), microwave (1), toaster (1), coffeemachine (1), garbagecan (1), sink (1), stoveburner (1-3), sinkbasin (1)

**Answer Choices**
(1): go to cabinet 1
(2): go to cabinet 3
(3): go to fridge 1
(4): go to countertop 1
(5): go to cabinet 4
(6): go to cabinet 5
(7): go to cabinet 6
(8): go to cabinet 7
(9): go to drawer 1
(10): go to drawer 2
(11): go to cabinet 8
(12): go to drawer 3
(13): go to cabinet 10
(14): go to drawer 4
(15): go to microwave 1
(16): go to cabinet 11
(17): go to toaster 1
(18): go to cabinet 12
(19): go to cabinet 13
(20): go to cabinet 14
(21): go to cabinet 15
(22): go to countertop 2
(23): go to coffeemachine 1
(24): go to garbagecan 1
(25): go to countertop 3
(26): go to countertop 4
(27): go to sink 1
(28): go to stoveburner 1
(29): go to stoveburner 2
(30): go to stoveburner 3
(31): go to sinkbasin 1
(32): open cabinet 9
(33): close cabinet 9
(34): examine cabinet 9

**Answer**
Let's think step by step by following the instructions.
----------------------------------------

----------------------------------------

Original Response:
The task description is "put a hot mug in coffeemachine." To execute this task, we need to find a mug, heat it in the microwave, and then put it in the coffeemachine.

From the initial observation, we know the location of the microwave (1), coffeemachine (1), and other objects. Now, analyzing the image, we can see a microwave on countertop 4, a toaster on countertop 3, and there is no visible mug or coffeemachine. Since the coffeemachine is not visible in the image, we need to search for it based on the initial observation, which tells us there is one coffeemachine (1).

Before we can put a hot mug in the coffeemachine, we first need to locate the coffeemachine. Therefore, the most reasonable action to begin with would be to go to the coffeemachine.

The answer is: (23): go to coffeemachine 1.

----------------------------------------

----------------------------------------

>>> Refine Original VLM Response and Get Pure Action: go to coffeemachine 1

----------------------------------------

-----------------------------------------------------------------

Running time: 47.98102021217346 seconds

Total Money: 8.0935

-----------------------------------------------------------------

-----------------------------------------------------------------

Text Observation:You arrive at loc 24. On the coffeemachine 1, you see a mug 1.

--------------------------------------------------------------------------------------------------------------------------task: 23---------------------------------------------------------
--------------------------------------------------------------------------------------------------------------------------------------------------------------------
--------------------------------------------------------------------------------------------------------------------------------------------------------------------
Step:--------------------------------------------------------------------------6-------------------------------------------------------------------------------
----------------------------------------
VLM Prompt:
Image1:
<image>
**Instruction**
1. Analyze the provided image to identify all visible household objects, focusing on those relevant to the task description "put a hot mug in coffeemachine."
2. Use the analysis of the image and the task hint "The agent must find an object of the desired type, pick it up, go to a microwave, heat the object with the microwave, then find the correct location to place it, and put it down there. The agent does not need to use the microwave button or open the microwave to heat the object, and the agent just needs to do action that is "heat the object with the microwave"." to answer the question: what is the most reasonable action in the choices for the task description "put a hot mug in coffeemachine"?
4. Decide and write the answer using the template: The answer is: (i): <selected_action>, where i is the real number. If there is no desired object in the image, search every place based on **Initial Observation** to find the object. And if no one is exactly correct, choose a similar answer.

**Initial Observation**
You are in the middle of a room. Looking quickly around you, you can see cabinet (1-15), fridge (1), countertop (1-4), drawer (1-4), microwave (1), toaster (1), coffeemachine (1), garbagecan (1), sink (1), stoveburner (1-3), sinkbasin (1)

**Answer Choices**
(1): go to cabinet 1
(2): go to cabinet 2
(3): go to cabinet 3
(4): go to fridge 1
(5): go to countertop 1
(6): go to cabinet 4
(7): go to cabinet 5
(8): go to cabinet 6
(9): go to cabinet 7
(10): go to drawer 1
(11): go to drawer 2
(12): go to cabinet 8
(13): go to drawer 3
(14): go to cabinet 10
(15): go to drawer 4
(16): go to microwave 1
(17): go to cabinet 11
(18): go to toaster 1
(19): go to cabinet 12
(20): go to cabinet 13
(21): go to cabinet 14
(22): go to cabinet 15
(23): go to countertop 2
(24): go to garbagecan 1
(25): go to countertop 3
(26): go to countertop 4
(27): go to sink 1
(28): go to stoveburner 1
(29): go to stoveburner 2
(30): go to stoveburner 3
(31): go to sinkbasin 1
(32): take mug 1 from coffeemachine 1
(33): examine coffeemachine 1

**Answer**
Let's think step by step by following the instructions.
----------------------------------------

----------------------------------------

Original Response:
The task is to put a hot mug in the coffeemachine. From the image, we can see a coffeemachine (1) with a mug (1) already placed under it. According to the task hint, the agent needs to heat the mug with the microwave before placing it in the coffeemachine. Since the mug is already in the coffeemachine, the reasonable action would be to take the mug first and then heat it in the microwave.

The answer is: (32): take mug 1 from coffeemachine 1.

----------------------------------------

----------------------------------------

>>> Refine Original VLM Response and Get Pure Action: take mug 1 from coffeemachine 1

----------------------------------------

-----------------------------------------------------------------

Running time: 49.103506565093994 seconds

Total Money: 8.11096

-----------------------------------------------------------------

-----------------------------------------------------------------

Text Observation:You pick up the mug 1 from the coffeemachine 1.

--------------------------------------------------------------------------------------------------------------------------task: 23---------------------------------------------------------
--------------------------------------------------------------------------------------------------------------------------------------------------------------------
--------------------------------------------------------------------------------------------------------------------------------------------------------------------
Step:--------------------------------------------------------------------------7-------------------------------------------------------------------------------
----------------------------------------
VLM Prompt:
Image1:
<image>
**Instruction**
1. Analyze the provided image to identify all visible household objects, focusing on those relevant to the task description "put a hot mug in coffeemachine."
2. Use the analysis of the image and the task hint "The agent must find an object of the desired type, pick it up, go to a microwave, heat the object with the microwave, then find the correct location to place it, and put it down there. The agent does not need to use the microwave button or open the microwave to heat the object, and the agent just needs to do action that is "heat the object with the microwave"." to answer the question: what is the most reasonable action in the choices for the task description "put a hot mug in coffeemachine"?
4. Decide and write the answer using the template: The answer is: (i): <selected_action>, where i is the real number. If there is no desired object in the image, search every place based on **Initial Observation** to find the object. And if no one is exactly correct, choose a similar answer.

**Initial Observation**
You are in the middle of a room. Looking quickly around you, you can see cabinet (1-15), fridge (1), countertop (1-4), drawer (1-4), microwave (1), toaster (1), coffeemachine (1), garbagecan (1), sink (1), stoveburner (1-3), sinkbasin (1)

**Answer Choices**
(1): go to cabinet 1
(2): go to cabinet 2
(3): go to cabinet 3
(4): go to fridge 1
(5): go to countertop 1
(6): go to cabinet 4
(7): go to cabinet 5
(8): go to cabinet 6
(9): go to cabinet 7
(10): go to drawer 1
(11): go to drawer 2
(12): go to cabinet 8
(13): go to drawer 3
(14): go to cabinet 9
(15): go to cabinet 10
(16): go to drawer 4
(17): go to microwave 1
(18): go to cabinet 11
(19): go to toaster 1
(20): go to cabinet 12
(21): go to cabinet 13
(22): go to cabinet 14
(23): go to cabinet 15
(24): go to countertop 2
(25): go to garbagecan 1
(26): go to countertop 3
(27): go to countertop 4
(28): go to sink 1
(29): go to stoveburner 1
(30): go to stoveburner 2
(31): go to stoveburner 3
(32): go to sinkbasin 1
(33): put mug 1 in/on coffeemachine 1
(34): examine mug 1
(35): examine coffeemachine 1

**Answer**
Let's think step by step by following the instructions.
----------------------------------------

----------------------------------------

Original Response:
The image shows a coffeemachine and a mug on the countertop. The task description is "put a hot mug in coffeemachine." According to the task hint, the agent must find an object of the desired type (a mug), pick it up, go to a microwave, heat the object with the microwave, then find the correct location to place it, and put it down there.

Since the image already shows a mug on the countertop, there is no need to go to any cabinets, drawers, or other locations to find a mug. The next step would be to heat the mug with the microwave. However, the instruction states that the agent does not need to use the microwave button or open the microwave.

The image does not show a microwave, so we cannot heat the mug using the microwave in this image. Therefore, the most reasonable action from the choices provided would be to put the mug in or on the coffeemachine, as the mug is already present and no heating action can be performed according to the image and instructions.

The answer is: (33): put mug 1 in/on coffeemachine 1.

----------------------------------------

----------------------------------------

>>> Refine Original VLM Response and Get Pure Action: put mug 1 in/on coffeemachine 1

----------------------------------------

-----------------------------------------------------------------

Running time: 102.21117401123047 seconds

Total Money: 8.13217

-----------------------------------------------------------------

-----------------------------------------------------------------

Text Observation:You put the mug 1 in/on the coffeemachine 1.

--------------------------------------------------------------------------------------------------------------------------task: 23---------------------------------------------------------
--------------------------------------------------------------------------------------------------------------------------------------------------------------------
--------------------------------------------------------------------------------------------------------------------------------------------------------------------
Step:--------------------------------------------------------------------------8-------------------------------------------------------------------------------
----------------------------------------
VLM Prompt:
Image1:
<image>
**Instruction**
1. Analyze the provided image to identify all visible household objects, focusing on those relevant to the task description "put a hot mug in coffeemachine."
2. Use the analysis of the image and the task hint "The agent must find an object of the desired type, pick it up, go to a microwave, heat the object with the microwave, then find the correct location to place it, and put it down there. The agent does not need to use the microwave button or open the microwave to heat the object, and the agent just needs to do action that is "heat the object with the microwave"." to answer the question: what is the most reasonable action in the choices for the task description "put a hot mug in coffeemachine"?
4. Decide and write the answer using the template: The answer is: (i): <selected_action>, where i is the real number. If there is no desired object in the image, search every place based on **Initial Observation** to find the object. And if no one is exactly correct, choose a similar answer.

**Initial Observation**
You are in the middle of a room. Looking quickly around you, you can see cabinet (1-15), fridge (1), countertop (1-4), drawer (1-4), microwave (1), toaster (1), coffeemachine (1), garbagecan (1), sink (1), stoveburner (1-3), sinkbasin (1)

**Answer Choices**
(1): go to cabinet 1
(2): go to cabinet 2
(3): go to cabinet 3
(4): go to fridge 1
(5): go to countertop 1
(6): go to cabinet 4
(7): go to cabinet 5
(8): go to cabinet 6
(9): go to cabinet 7
(10): go to drawer 1
(11): go to drawer 2
(12): go to cabinet 8
(13): go to drawer 3
(14): go to cabinet 9
(15): go to cabinet 10
(16): go to drawer 4
(17): go to microwave 1
(18): go to cabinet 11
(19): go to toaster 1
(20): go to cabinet 12
(21): go to cabinet 13
(22): go to cabinet 14
(23): go to cabinet 15
(24): go to countertop 2
(25): go to garbagecan 1
(26): go to countertop 3
(27): go to countertop 4
(28): go to sink 1
(29): go to stoveburner 1
(30): go to stoveburner 2
(31): go to stoveburner 3
(32): go to sinkbasin 1
(33): examine coffeemachine 1

**Answer**
Let's think step by step by following the instructions.
----------------------------------------

----------------------------------------

Original Response:
The task is to "put a hot mug in coffeemachine." From the image provided, we can see a coffeemachine (1) with a mug already in place. Since the task requires the mug to be hot, the agent must heat the mug. According to the task hint, the agent doesn't need to use the microwave button or open the microwave to heat the object; the agent just needs to perform an action that is "heat the object with the microwave."

In the image, we do not see a microwave, but based on the **Initial Observation**, we know there is a microwave (1) in the room. Therefore, the most reasonable action for the agent to perform the task would be to go to the microwave to heat the mug, and then put it in the coffeemachine.

The answer is: (17): go to microwave 1.

----------------------------------------

----------------------------------------

>>> Refine Original VLM Response and Get Pure Action: go to microwave 1

----------------------------------------

-----------------------------------------------------------------

Running time: 12.38849687576294 seconds

Total Money: 8.151530000000001

-----------------------------------------------------------------

-----------------------------------------------------------------

Text Observation:You arrive at loc 16. The microwave 1 is closed. 

--------------------------------------------------------------------------------------------------------------------------task: 23---------------------------------------------------------
--------------------------------------------------------------------------------------------------------------------------------------------------------------------
--------------------------------------------------------------------------------------------------------------------------------------------------------------------
Step:--------------------------------------------------------------------------9-------------------------------------------------------------------------------
----------------------------------------
VLM Prompt:
Image1:
<image>
**Instruction**
1. Analyze the provided image to identify all visible household objects, focusing on those relevant to the task description "put a hot mug in coffeemachine."
2. Use the analysis of the image and the task hint "The agent must find an object of the desired type, pick it up, go to a microwave, heat the object with the microwave, then find the correct location to place it, and put it down there. The agent does not need to use the microwave button or open the microwave to heat the object, and the agent just needs to do action that is "heat the object with the microwave"." to answer the question: what is the most reasonable action in the choices for the task description "put a hot mug in coffeemachine"?
4. Decide and write the answer using the template: The answer is: (i): <selected_action>, where i is the real number. If there is no desired object in the image, search every place based on **Initial Observation** to find the object. And if no one is exactly correct, choose a similar answer.

**Initial Observation**
You are in the middle of a room. Looking quickly around you, you can see cabinet (1-15), fridge (1), countertop (1-4), drawer (1-4), microwave (1), toaster (1), coffeemachine (1), garbagecan (1), sink (1), stoveburner (1-3), sinkbasin (1)

**Answer Choices**
(1): go to cabinet 1
(2): go to cabinet 2
(3): go to cabinet 3
(4): go to fridge 1
(5): go to countertop 1
(6): go to cabinet 4
(7): go to cabinet 5
(8): go to cabinet 6
(9): go to cabinet 7
(10): go to drawer 1
(11): go to drawer 2
(12): go to cabinet 8
(13): go to drawer 3
(14): go to cabinet 9
(15): go to cabinet 10
(16): go to drawer 4
(17): go to cabinet 11
(18): go to toaster 1
(19): go to cabinet 12
(20): go to cabinet 13
(21): go to cabinet 14
(22): go to cabinet 15
(23): go to countertop 2
(24): go to coffeemachine 1
(25): go to garbagecan 1
(26): go to countertop 3
(27): go to countertop 4
(28): go to sink 1
(29): go to stoveburner 1
(30): go to stoveburner 2
(31): go to stoveburner 3
(32): go to sinkbasin 1
(33): open microwave 1
(34): close microwave 1
(35): examine microwave 1

**Answer**
Let's think step by step by following the instructions.
----------------------------------------

----------------------------------------

Original Response:
The task is to "put a hot mug in coffeemachine." Based on the task hint, the agent must first find a mug, heat it in the microwave, and then place it in the coffeemachine. The image provided shows a microwave, which is relevant to the task as it is needed to heat the mug. However, there is no mug visible in the image.

The agent does not need to use the microwave button or open the microwave to heat the object. Therefore, the agent first needs to find a mug. The mug could be in a cabinet, drawer, or on the countertop. Since the agent is in the middle of a room with various household objects, options like going to the fridge, toaster, garbage can, sink, stove burner, or sink basin are not relevant to the task at hand. 

Based on the options provided and the initial observation, the most reasonable action would be to search the cabinets or drawers, as that is where one would typically find a mug. Since there is no specific information on where the mug is, the agent should start by checking the nearest storage areas.

The answer is: (1): go to cabinet 1. If the mug is not found there, the agent should continue searching the cabinets and drawers in numerical order until the mug is found.

----------------------------------------

----------------------------------------

>>> Refine Original VLM Response and Get Pure Action: go to cabinet 1

----------------------------------------

-----------------------------------------------------------------

Running time: 20.854126930236816 seconds

Total Money: 8.17369

-----------------------------------------------------------------

-----------------------------------------------------------------

Text Observation:You arrive at loc 0. The cabinet 1 is closed. 

--------------------------------------------------------------------------------------------------------------------------task: 23---------------------------------------------------------
--------------------------------------------------------------------------------------------------------------------------------------------------------------------
--------------------------------------------------------------------------------------------------------------------------------------------------------------------
Step:--------------------------------------------------------------------------10-------------------------------------------------------------------------------
----------------------------------------
VLM Prompt:
Image1:
<image>
**Instruction**
1. Analyze the provided image to identify all visible household objects, focusing on those relevant to the task description "put a hot mug in coffeemachine."
2. Use the analysis of the image and the task hint "The agent must find an object of the desired type, pick it up, go to a microwave, heat the object with the microwave, then find the correct location to place it, and put it down there. The agent does not need to use the microwave button or open the microwave to heat the object, and the agent just needs to do action that is "heat the object with the microwave"." to answer the question: what is the most reasonable action in the choices for the task description "put a hot mug in coffeemachine"?
4. Decide and write the answer using the template: The answer is: (i): <selected_action>, where i is the real number. If there is no desired object in the image, search every place based on **Initial Observation** to find the object. And if no one is exactly correct, choose a similar answer.

**Initial Observation**
You are in the middle of a room. Looking quickly around you, you can see cabinet (1-15), fridge (1), countertop (1-4), drawer (1-4), microwave (1), toaster (1), coffeemachine (1), garbagecan (1), sink (1), stoveburner (1-3), sinkbasin (1)

**Answer Choices**
(1): go to cabinet 2
(2): go to cabinet 3
(3): go to fridge 1
(4): go to countertop 1
(5): go to cabinet 4
(6): go to cabinet 5
(7): go to cabinet 6
(8): go to cabinet 7
(9): go to drawer 1
(10): go to drawer 2
(11): go to cabinet 8
(12): go to drawer 3
(13): go to cabinet 9
(14): go to cabinet 10
(15): go to drawer 4
(16): go to cabinet 11
(17): go to toaster 1
(18): go to cabinet 12
(19): go to cabinet 13
(20): go to cabinet 14
(21): go to cabinet 15
(22): go to countertop 2
(23): go to coffeemachine 1
(24): go to garbagecan 1
(25): go to countertop 3
(26): go to countertop 4
(27): go to sink 1
(28): go to stoveburner 1
(29): go to stoveburner 2
(30): go to stoveburner 3
(31): go to sinkbasin 1
(32): open cabinet 1
(33): close cabinet 1
(34): examine cabinet 1

**Answer**
Let's think step by step by following the instructions.
----------------------------------------

----------------------------------------

Original Response:
Image1 shows a cabinet, which is one of the objects mentioned in the "Initial Observation." Since the task is to "put a hot mug in coffeemachine," we need to find a mug, heat it, and then place it in the coffeemachine. 

The agent does not need to use the microwave button or open the microwave to heat the object; they just need to perform the action "heat the object with the microwave." Therefore, we can skip the actions related to operating the microwave and focus on finding a mug and the coffeemachine. 

Based on the "Initial Observation," we know there is a coffeemachine (1) and cabinets (1-15) where a mug could possibly be stored. Since the image shows a cabinet, it is reasonable to assume that we should start by examining the cabinets to find a mug. 

The best course of action is to examine the cabinet shown in the image, which would be cabinet 1. Therefore, the action of examining cabinet 1 seems to be the most reasonable to accomplish the task.

The answer is: (34): examine cabinet 1.

----------------------------------------

----------------------------------------

>>> Refine Original VLM Response and Get Pure Action: examine cabinet 1

----------------------------------------

-----------------------------------------------------------------

Running time: 21.802783489227295 seconds

Total Money: 8.194650000000001

-----------------------------------------------------------------

-----------------------------------------------------------------

Text Observation:

--------------------------------------------------------------------------------------------------------------------------task: 23---------------------------------------------------------
--------------------------------------------------------------------------------------------------------------------------------------------------------------------
--------------------------------------------------------------------------------------------------------------------------------------------------------------------
Step:--------------------------------------------------------------------------11-------------------------------------------------------------------------------
----------------------------------------
VLM Prompt:
Image1:
<image>
**Instruction**
1. Analyze the provided image to identify all visible household objects, focusing on those relevant to the task description "put a hot mug in coffeemachine."
2. Use the analysis of the image and the task hint "The agent must find an object of the desired type, pick it up, go to a microwave, heat the object with the microwave, then find the correct location to place it, and put it down there. The agent does not need to use the microwave button or open the microwave to heat the object, and the agent just needs to do action that is "heat the object with the microwave"." to answer the question: what is the most reasonable action in the choices for the task description "put a hot mug in coffeemachine"?
4. Decide and write the answer using the template: The answer is: (i): <selected_action>, where i is the real number. If there is no desired object in the image, search every place based on **Initial Observation** to find the object. And if no one is exactly correct, choose a similar answer.

**Initial Observation**
You are in the middle of a room. Looking quickly around you, you can see cabinet (1-15), fridge (1), countertop (1-4), drawer (1-4), microwave (1), toaster (1), coffeemachine (1), garbagecan (1), sink (1), stoveburner (1-3), sinkbasin (1)

**Answer Choices**
(1): go to cabinet 2
(2): go to cabinet 3
(3): go to fridge 1
(4): go to countertop 1
(5): go to cabinet 4
(6): go to cabinet 5
(7): go to cabinet 6
(8): go to cabinet 7
(9): go to drawer 1
(10): go to drawer 2
(11): go to cabinet 8
(12): go to drawer 3
(13): go to cabinet 9
(14): go to cabinet 10
(15): go to drawer 4
(16): go to cabinet 11
(17): go to toaster 1
(18): go to cabinet 12
(19): go to cabinet 13
(20): go to cabinet 14
(21): go to cabinet 15
(22): go to countertop 2
(23): go to coffeemachine 1
(24): go to garbagecan 1
(25): go to countertop 3
(26): go to countertop 4
(27): go to sink 1
(28): go to stoveburner 1
(29): go to stoveburner 2
(30): go to stoveburner 3
(31): go to sinkbasin 1
(32): open cabinet 1
(33): close cabinet 1

**Answer**
Let's think step by step by following the instructions.
----------------------------------------

----------------------------------------

Original Response:
The task description is "put a hot mug in coffeemachine." To accomplish this task, we would first need to find a mug. Mugs are typically stored in cabinets or sometimes on countertops. Next, we would need to heat the mug, which implies using a microwave. Finally, we would place the heated mug in the coffeemachine.

From the image provided, we can see a cabinet (the object in the image is cabinet 1). According to the initial observation, we are in the middle of a room surrounded by multiple objects, including a microwave (which we need for the task), but we don't see a mug in the image. Therefore, we need to search for a mug.

Based on common household organization, the most likely place to find a mug would be in a cabinet. Since we are already at cabinet 1 in the image, it's logical to start there.

The answer is: (32): open cabinet 1.

----------------------------------------

----------------------------------------

>>> Refine Original VLM Response and Get Pure Action: open cabinet 1

----------------------------------------

-----------------------------------------------------------------

Running time: 8.352036952972412 seconds

Total Money: 8.21451

-----------------------------------------------------------------

-----------------------------------------------------------------

Text Observation:You open the cabinet 1. The cabinet 1 is open. In it, you see a plate 3.

--------------------------------------------------------------------------------------------------------------------------task: 23---------------------------------------------------------
--------------------------------------------------------------------------------------------------------------------------------------------------------------------
--------------------------------------------------------------------------------------------------------------------------------------------------------------------
Step:--------------------------------------------------------------------------12-------------------------------------------------------------------------------
----------------------------------------
VLM Prompt:
Image1:
<image>
**Instruction**
1. Analyze the provided image to identify all visible household objects, focusing on those relevant to the task description "put a hot mug in coffeemachine."
2. Use the analysis of the image and the task hint "The agent must find an object of the desired type, pick it up, go to a microwave, heat the object with the microwave, then find the correct location to place it, and put it down there. The agent does not need to use the microwave button or open the microwave to heat the object, and the agent just needs to do action that is "heat the object with the microwave"." to answer the question: what is the most reasonable action in the choices for the task description "put a hot mug in coffeemachine"?
4. Decide and write the answer using the template: The answer is: (i): <selected_action>, where i is the real number. If there is no desired object in the image, search every place based on **Initial Observation** to find the object. And if no one is exactly correct, choose a similar answer.

**Initial Observation**
You are in the middle of a room. Looking quickly around you, you can see cabinet (1-15), fridge (1), countertop (1-4), drawer (1-4), microwave (1), toaster (1), coffeemachine (1), garbagecan (1), sink (1), stoveburner (1-3), sinkbasin (1)

**Answer Choices**
(1): go to cabinet 2
(2): go to cabinet 3
(3): go to fridge 1
(4): go to countertop 1
(5): go to cabinet 4
(6): go to cabinet 5
(7): go to cabinet 6
(8): go to cabinet 7
(9): go to drawer 1
(10): go to drawer 2
(11): go to cabinet 8
(12): go to drawer 3
(13): go to cabinet 9
(14): go to cabinet 10
(15): go to drawer 4
(16): go to microwave 1
(17): go to cabinet 11
(18): go to toaster 1
(19): go to cabinet 12
(20): go to cabinet 13
(21): go to cabinet 14
(22): go to cabinet 15
(23): go to countertop 2
(24): go to coffeemachine 1
(25): go to garbagecan 1
(26): go to countertop 3
(27): go to countertop 4
(28): go to sink 1
(29): go to stoveburner 1
(30): go to stoveburner 2
(31): go to stoveburner 3
(32): go to sinkbasin 1
(33): close cabinet 1
(34): take plate 3 from cabinet 1

**Answer**
Let's think step by step by following the instructions.
----------------------------------------

----------------------------------------

Original Response:
The task description is "put a hot mug in coffeemachine." To accomplish this, we would need to find a mug, heat it, and then place it in the coffeemachine. 

Looking at Image 1, we can see it's a cabinet that is open. However, there are no visible mugs or objects that can be heated within this cabinet.

Based on the **Initial Observation**, the most reasonable step would be to first find a mug. Mugs are typically stored in cabinets or on countertops. Since we cannot see a mug on the countertop in the provided image, we should look in the cabinets next.

The answer is: (1): go to cabinet 2.

----------------------------------------

----------------------------------------

>>> Refine Original VLM Response and Get Pure Action: go to cabinet 2

----------------------------------------

-----------------------------------------------------------------

Running time: 7.125966310501099 seconds

Total Money: 8.232940000000001

-----------------------------------------------------------------

-----------------------------------------------------------------

Text Observation:You arrive at loc 1. The cabinet 2 is closed. 

--------------------------------------------------------------------------------------------------------------------------task: 23---------------------------------------------------------
--------------------------------------------------------------------------------------------------------------------------------------------------------------------
--------------------------------------------------------------------------------------------------------------------------------------------------------------------
Step:--------------------------------------------------------------------------13-------------------------------------------------------------------------------
----------------------------------------
VLM Prompt:
Image1:
<image>
**Instruction**
1. Analyze the provided image to identify all visible household objects, focusing on those relevant to the task description "put a hot mug in coffeemachine."
2. Use the analysis of the image and the task hint "The agent must find an object of the desired type, pick it up, go to a microwave, heat the object with the microwave, then find the correct location to place it, and put it down there. The agent does not need to use the microwave button or open the microwave to heat the object, and the agent just needs to do action that is "heat the object with the microwave"." to answer the question: what is the most reasonable action in the choices for the task description "put a hot mug in coffeemachine"?
4. Decide and write the answer using the template: The answer is: (i): <selected_action>, where i is the real number. If there is no desired object in the image, search every place based on **Initial Observation** to find the object. And if no one is exactly correct, choose a similar answer.

**Initial Observation**
You are in the middle of a room. Looking quickly around you, you can see cabinet (1-15), fridge (1), countertop (1-4), drawer (1-4), microwave (1), toaster (1), coffeemachine (1), garbagecan (1), sink (1), stoveburner (1-3), sinkbasin (1)

**Answer Choices**
(1): go to cabinet 1
(2): go to cabinet 3
(3): go to fridge 1
(4): go to countertop 1
(5): go to cabinet 4
(6): go to cabinet 5
(7): go to cabinet 6
(8): go to cabinet 7
(9): go to drawer 1
(10): go to drawer 2
(11): go to cabinet 8
(12): go to drawer 3
(13): go to cabinet 9
(14): go to cabinet 10
(15): go to drawer 4
(16): go to microwave 1
(17): go to cabinet 11
(18): go to toaster 1
(19): go to cabinet 12
(20): go to cabinet 13
(21): go to cabinet 14
(22): go to cabinet 15
(23): go to countertop 2
(24): go to coffeemachine 1
(25): go to garbagecan 1
(26): go to countertop 3
(27): go to countertop 4
(28): go to sink 1
(29): go to stoveburner 1
(30): go to stoveburner 2
(31): go to stoveburner 3
(32): go to sinkbasin 1
(33): open cabinet 2
(34): close cabinet 2
(35): examine cabinet 2

**Answer**
Let's think step by step by following the instructions.
----------------------------------------

----------------------------------------

Original Response:
The task is to "put a hot mug in coffeemachine," which implies that we first need to find a mug. Mugs are typically stored in cabinets or on countertops. Since the provided image shows a closed cabinet, we cannot determine if there's a mug inside without opening it. 

The task hint reminds us that we need to heat the object with the microwave, but we don't need to interact with the microwave's buttons or door. So, the first step would be to find a mug.

Considering the Initial Observation, which lists all the visible household objects, we should start by looking for the mug in the most likely places.

The most reasonable action from the choices provided would be to open a cabinet where mugs are commonly stored. Since the image provided shows closed cabinets and we cannot see inside, we should choose an action that involves opening a cabinet. However, none of the answer choices include opening a cabinet except for choice (33): open cabinet 2. This choice seems to be the most relevant action to find a mug.

The answer is: (33): open cabinet 2.

----------------------------------------

----------------------------------------

>>> Refine Original VLM Response and Get Pure Action: open cabinet 2

----------------------------------------

-----------------------------------------------------------------

Running time: 12.058696508407593 seconds

Total Money: 8.25384

-----------------------------------------------------------------

-----------------------------------------------------------------

Text Observation:You open the cabinet 2. The cabinet 2 is open. In it, you see a plate 1.

--------------------------------------------------------------------------------------------------------------------------task: 23---------------------------------------------------------
--------------------------------------------------------------------------------------------------------------------------------------------------------------------
--------------------------------------------------------------------------------------------------------------------------------------------------------------------
Step:--------------------------------------------------------------------------14-------------------------------------------------------------------------------
----------------------------------------
VLM Prompt:
Image1:
<image>
**Instruction**
1. Analyze the provided image to identify all visible household objects, focusing on those relevant to the task description "put a hot mug in coffeemachine."
2. Use the analysis of the image and the task hint "The agent must find an object of the desired type, pick it up, go to a microwave, heat the object with the microwave, then find the correct location to place it, and put it down there. The agent does not need to use the microwave button or open the microwave to heat the object, and the agent just needs to do action that is "heat the object with the microwave"." to answer the question: what is the most reasonable action in the choices for the task description "put a hot mug in coffeemachine"?
4. Decide and write the answer using the template: The answer is: (i): <selected_action>, where i is the real number. If there is no desired object in the image, search every place based on **Initial Observation** to find the object. And if no one is exactly correct, choose a similar answer.

**Initial Observation**
You are in the middle of a room. Looking quickly around you, you can see cabinet (1-15), fridge (1), countertop (1-4), drawer (1-4), microwave (1), toaster (1), coffeemachine (1), garbagecan (1), sink (1), stoveburner (1-3), sinkbasin (1)

**Answer Choices**
(1): go to cabinet 1
(2): go to cabinet 3
(3): go to fridge 1
(4): go to countertop 1
(5): go to cabinet 4
(6): go to cabinet 5
(7): go to cabinet 6
(8): go to cabinet 7
(9): go to drawer 1
(10): go to drawer 2
(11): go to cabinet 8
(12): go to drawer 3
(13): go to cabinet 9
(14): go to cabinet 10
(15): go to drawer 4
(16): go to microwave 1
(17): go to cabinet 11
(18): go to toaster 1
(19): go to cabinet 12
(20): go to cabinet 13
(21): go to cabinet 14
(22): go to cabinet 15
(23): go to countertop 2
(24): go to coffeemachine 1
(25): go to garbagecan 1
(26): go to countertop 3
(27): go to countertop 4
(28): go to sink 1
(29): go to stoveburner 1
(30): go to stoveburner 2
(31): go to stoveburner 3
(32): go to sinkbasin 1
(33): close cabinet 2
(34): take plate 1 from cabinet 2
(35): examine cabinet 2

**Answer**
Let's think step by step by following the instructions.
----------------------------------------

----------------------------------------

Original Response:
The task is to put a hot mug in the coffeemachine. We need to find a mug, heat it in the microwave, and then place it in the coffeemachine. The image shows an open cabinet with no visible mug, so we will need to search for it.

Based on the Initial Observation, we know there is a coffeemachine and a microwave in the room. Since we need to heat the mug, we should first find the mug. Mugs are typically stored in cabinets or on countertops. There are no mugs visible on the countertops in the image, so it would make sense to search the cabinets.

The most reasonable action from the given choices would be to start by going to one of the cabinets to find a mug. Since the image shows cabinet 2 is already open and has no mug, we can skip it. Therefore, we should choose an action that involves going to another cabinet. 

The answer is: (1): go to cabinet 1.

----------------------------------------

----------------------------------------

>>> Refine Original VLM Response and Get Pure Action: go to cabinet 1

----------------------------------------

-----------------------------------------------------------------

Running time: 7.830826044082642 seconds

Total Money: 8.274090000000001

-----------------------------------------------------------------

-----------------------------------------------------------------

Text Observation:You arrive at loc 0. The cabinet 1 is open. On the cabinet 1, you see a plate 3.

--------------------------------------------------------------------------------------------------------------------------task: 23---------------------------------------------------------
--------------------------------------------------------------------------------------------------------------------------------------------------------------------
--------------------------------------------------------------------------------------------------------------------------------------------------------------------
Step:--------------------------------------------------------------------------15-------------------------------------------------------------------------------
----------------------------------------
VLM Prompt:
Image1:
<image>
**Instruction**
1. Analyze the provided image to identify all visible household objects, focusing on those relevant to the task description "put a hot mug in coffeemachine."
2. Use the analysis of the image and the task hint "The agent must find an object of the desired type, pick it up, go to a microwave, heat the object with the microwave, then find the correct location to place it, and put it down there. The agent does not need to use the microwave button or open the microwave to heat the object, and the agent just needs to do action that is "heat the object with the microwave"." to answer the question: what is the most reasonable action in the choices for the task description "put a hot mug in coffeemachine"?
4. Decide and write the answer using the template: The answer is: (i): <selected_action>, where i is the real number. If there is no desired object in the image, search every place based on **Initial Observation** to find the object. And if no one is exactly correct, choose a similar answer.

**Initial Observation**
You are in the middle of a room. Looking quickly around you, you can see cabinet (1-15), fridge (1), countertop (1-4), drawer (1-4), microwave (1), toaster (1), coffeemachine (1), garbagecan (1), sink (1), stoveburner (1-3), sinkbasin (1)

**Answer Choices**
(1): go to cabinet 3
(2): go to fridge 1
(3): go to countertop 1
(4): go to cabinet 4
(5): go to cabinet 5
(6): go to cabinet 6
(7): go to cabinet 7
(8): go to drawer 1
(9): go to drawer 2
(10): go to cabinet 8
(11): go to drawer 3
(12): go to cabinet 9
(13): go to cabinet 10
(14): go to drawer 4
(15): go to microwave 1
(16): go to cabinet 11
(17): go to toaster 1
(18): go to cabinet 12
(19): go to cabinet 13
(20): go to cabinet 14
(21): go to cabinet 15
(22): go to countertop 2
(23): go to coffeemachine 1
(24): go to garbagecan 1
(25): go to countertop 3
(26): go to countertop 4
(27): go to sink 1
(28): go to stoveburner 1
(29): go to stoveburner 2
(30): go to stoveburner 3
(31): go to sinkbasin 1
(32): open cabinet 1
(33): close cabinet 1
(34): take plate 3 from cabinet 1
(35): examine cabinet 1

**Answer**
Let's think step by step by following the instructions.
----------------------------------------

----------------------------------------

Original Response:
The task is to "put a hot mug in coffeemachine." To do this, the agent must first find a mug. The image provided does not show any mugs or other household objects, as it is focused on the ceiling of the room. Therefore, we must rely on the Initial Observation to determine the most reasonable action to find a mug.

Based on the Initial Observation, mugs are commonly found in cabinets or on countertops. We do not have a specific location for mugs mentioned, so the agent should begin by searching the cabinets, as they are more likely to contain mugs than the other listed household objects like the fridge or drawers.

Considering the answer choices, the most reasonable action for the task description "put a hot mug in coffeemachine" would be to first go to a cabinet where a mug is likely to be found. Since we do not have specific information on which cabinet contains mugs, the agent can start by checking any cabinet.

The answer is: (1): go to cabinet 3

----------------------------------------

----------------------------------------

>>> Refine Original VLM Response and Get Pure Action: go to cabinet 3

----------------------------------------

-----------------------------------------------------------------

Running time: 8.13442850112915 seconds

Total Money: 8.294540000000001

-----------------------------------------------------------------

-----------------------------------------------------------------

Text Observation:You arrive at loc 2. The cabinet 3 is closed. 

--------------------------------------------------------------------------------------------------------------------------task: 23---------------------------------------------------------
--------------------------------------------------------------------------------------------------------------------------------------------------------------------
--------------------------------------------------------------------------------------------------------------------------------------------------------------------
Step:--------------------------------------------------------------------------16-------------------------------------------------------------------------------
----------------------------------------
VLM Prompt:
Image1:
<image>
**Instruction**
1. Analyze the provided image to identify all visible household objects, focusing on those relevant to the task description "put a hot mug in coffeemachine."
2. Use the analysis of the image and the task hint "The agent must find an object of the desired type, pick it up, go to a microwave, heat the object with the microwave, then find the correct location to place it, and put it down there. The agent does not need to use the microwave button or open the microwave to heat the object, and the agent just needs to do action that is "heat the object with the microwave"." to answer the question: what is the most reasonable action in the choices for the task description "put a hot mug in coffeemachine"?
4. Decide and write the answer using the template: The answer is: (i): <selected_action>, where i is the real number. If there is no desired object in the image, search every place based on **Initial Observation** to find the object. And if no one is exactly correct, choose a similar answer.

**Initial Observation**
You are in the middle of a room. Looking quickly around you, you can see cabinet (1-15), fridge (1), countertop (1-4), drawer (1-4), microwave (1), toaster (1), coffeemachine (1), garbagecan (1), sink (1), stoveburner (1-3), sinkbasin (1)

**Answer Choices**
(1): go to cabinet 2
(2): go to fridge 1
(3): go to countertop 1
(4): go to cabinet 4
(5): go to cabinet 5
(6): go to cabinet 6
(7): go to cabinet 7
(8): go to drawer 1
(9): go to drawer 2
(10): go to cabinet 8
(11): go to drawer 3
(12): go to cabinet 9
(13): go to cabinet 10
(14): go to drawer 4
(15): go to microwave 1
(16): go to cabinet 11
(17): go to toaster 1
(18): go to cabinet 12
(19): go to cabinet 13
(20): go to cabinet 14
(21): go to cabinet 15
(22): go to countertop 2
(23): go to coffeemachine 1
(24): go to garbagecan 1
(25): go to countertop 3
(26): go to countertop 4
(27): go to sink 1
(28): go to stoveburner 1
(29): go to stoveburner 2
(30): go to stoveburner 3
(31): go to sinkbasin 1
(32): open cabinet 3
(33): close cabinet 3
(34): examine cabinet 3

**Answer**
Let's think step by step by following the instructions.
----------------------------------------

----------------------------------------

Original Response:
The task is to put a hot mug in the coffeemachine. We first need to find a mug, then heat it in the microwave before placing it in the coffeemachine. The image provided shows a cabinet (presumably cabinet 3 based on the numbering in the instructions), but we cannot see inside it to know if there is a mug there.

Based on the initial observation, we know there is a microwave (1) and a coffeemachine (1) present in the room. Since we need to heat the mug, the most reasonable action would be to go to the microwave. However, we first need to find a mug before we can heat it.

None of the answer choices directly indicate finding a mug, but we can assume that mugs are often kept in cabinets. Therefore, we should check the cabinets to find a mug.

The answer is: (4): go to cabinet 4. This is a reasonable choice as any cabinet could potentially contain mugs, and cabinet 4 is as likely as any other cabinet listed in the choices. If cabinet 4 does not contain a mug, we would continue to search the other cabinets.

----------------------------------------

----------------------------------------

>>> Refine Original VLM Response and Get Pure Action: go to cabinet 4

----------------------------------------

-----------------------------------------------------------------

Running time: 12.091651678085327 seconds

Total Money: 8.315680000000002

-----------------------------------------------------------------

-----------------------------------------------------------------

Text Observation:You arrive at loc 5. The cabinet 4 is closed. 

--------------------------------------------------------------------------------------------------------------------------task: 23---------------------------------------------------------
--------------------------------------------------------------------------------------------------------------------------------------------------------------------
--------------------------------------------------------------------------------------------------------------------------------------------------------------------
Step:--------------------------------------------------------------------------17-------------------------------------------------------------------------------
----------------------------------------
VLM Prompt:
Image1:
<image>
**Instruction**
1. Analyze the provided image to identify all visible household objects, focusing on those relevant to the task description "put a hot mug in coffeemachine."
2. Use the analysis of the image and the task hint "The agent must find an object of the desired type, pick it up, go to a microwave, heat the object with the microwave, then find the correct location to place it, and put it down there. The agent does not need to use the microwave button or open the microwave to heat the object, and the agent just needs to do action that is "heat the object with the microwave"." to answer the question: what is the most reasonable action in the choices for the task description "put a hot mug in coffeemachine"?
4. Decide and write the answer using the template: The answer is: (i): <selected_action>, where i is the real number. If there is no desired object in the image, search every place based on **Initial Observation** to find the object. And if no one is exactly correct, choose a similar answer.

**Initial Observation**
You are in the middle of a room. Looking quickly around you, you can see cabinet (1-15), fridge (1), countertop (1-4), drawer (1-4), microwave (1), toaster (1), coffeemachine (1), garbagecan (1), sink (1), stoveburner (1-3), sinkbasin (1)

**Answer Choices**
(1): go to cabinet 2
(2): go to fridge 1
(3): go to countertop 1
(4): go to cabinet 5
(5): go to cabinet 6
(6): go to cabinet 7
(7): go to drawer 1
(8): go to drawer 2
(9): go to cabinet 8
(10): go to drawer 3
(11): go to cabinet 9
(12): go to cabinet 10
(13): go to drawer 4
(14): go to microwave 1
(15): go to cabinet 11
(16): go to toaster 1
(17): go to cabinet 12
(18): go to cabinet 13
(19): go to cabinet 14
(20): go to cabinet 15
(21): go to countertop 2
(22): go to coffeemachine 1
(23): go to garbagecan 1
(24): go to countertop 3
(25): go to countertop 4
(26): go to sink 1
(27): go to stoveburner 1
(28): go to stoveburner 2
(29): go to stoveburner 3
(30): go to sinkbasin 1
(31): open cabinet 4
(32): close cabinet 4
(33): examine cabinet 4

**Answer**
Let's think step by step by following the instructions.
----------------------------------------

----------------------------------------

Original Response:
First, we need to identify all visible household objects relevant to the task "put a hot mug in coffeemachine." In the image, we can see a countertop with a chocolate bar, a mug, and a green vegetable. The mug is the object relevant to the task.

According to the task hint, the agent must find a mug, heat it in the microwave, then put it in the coffeemachine. The image shows the mug on the countertop, and the initial observation tells us there is a microwave available.

Since the mug is already located on the countertop, the most reasonable next step is to heat the mug with the microwave. Therefore, we need to go to the microwave to proceed with the task.

The answer is: (14): go to microwave 1.

----------------------------------------

----------------------------------------

>>> Refine Original VLM Response and Get Pure Action: go to microwave 1

----------------------------------------

-----------------------------------------------------------------

Running time: 9.39830231666565 seconds

Total Money: 8.334540000000002

-----------------------------------------------------------------

-----------------------------------------------------------------

Text Observation:You arrive at loc 16. The microwave 1 is closed. 

--------------------------------------------------------------------------------------------------------------------------task: 23---------------------------------------------------------
--------------------------------------------------------------------------------------------------------------------------------------------------------------------
--------------------------------------------------------------------------------------------------------------------------------------------------------------------
Step:--------------------------------------------------------------------------18-------------------------------------------------------------------------------
----------------------------------------
VLM Prompt:
Image1:
<image>
**Instruction**
1. Analyze the provided image to identify all visible household objects, focusing on those relevant to the task description "put a hot mug in coffeemachine."
2. Use the analysis of the image and the task hint "The agent must find an object of the desired type, pick it up, go to a microwave, heat the object with the microwave, then find the correct location to place it, and put it down there. The agent does not need to use the microwave button or open the microwave to heat the object, and the agent just needs to do action that is "heat the object with the microwave"." to answer the question: what is the most reasonable action in the choices for the task description "put a hot mug in coffeemachine"?
4. Decide and write the answer using the template: The answer is: (i): <selected_action>, where i is the real number. If there is no desired object in the image, search every place based on **Initial Observation** to find the object. And if no one is exactly correct, choose a similar answer.

**Initial Observation**
You are in the middle of a room. Looking quickly around you, you can see cabinet (1-15), fridge (1), countertop (1-4), drawer (1-4), microwave (1), toaster (1), coffeemachine (1), garbagecan (1), sink (1), stoveburner (1-3), sinkbasin (1)

**Answer Choices**
(1): go to cabinet 1
(2): go to cabinet 2
(3): go to fridge 1
(4): go to countertop 1
(5): go to cabinet 5
(6): go to cabinet 6
(7): go to cabinet 7
(8): go to drawer 1
(9): go to drawer 2
(10): go to cabinet 8
(11): go to drawer 3
(12): go to cabinet 9
(13): go to cabinet 10
(14): go to drawer 4
(15): go to cabinet 11
(16): go to toaster 1
(17): go to cabinet 12
(18): go to cabinet 13
(19): go to cabinet 14
(20): go to cabinet 15
(21): go to countertop 2
(22): go to coffeemachine 1
(23): go to garbagecan 1
(24): go to countertop 3
(25): go to countertop 4
(26): go to sink 1
(27): go to stoveburner 1
(28): go to stoveburner 2
(29): go to stoveburner 3
(30): go to sinkbasin 1
(31): open microwave 1
(32): close microwave 1
(33): examine microwave 1

**Answer**
Let's think step by step by following the instructions.
----------------------------------------

----------------------------------------

Original Response:
The task description mentions "put a hot mug in coffeemachine," which implies that the agent first needs to find a mug, then heat it using the microwave, and finally place it in the coffeemachine. The image provided shows a microwave, which is relevant to the task as it is used to heat the mug. However, the image does not show a mug or a coffeemachine.

Given the initial observation, mugs are typically stored in cabinets or drawers. Since cabinets and drawers are listed in the initial observation, it is reasonable to assume that the agent should first search these locations for a mug.

The agent does not need to use the microwave button or open the microwave to heat the object, as per the task hint. Therefore, actions related to operating the microwave (open, close, examine) are not necessary.

Considering the above analysis, the most reasonable action to fulfill the task description would be to first find a mug. Since the image does not provide enough information about where the mug could be, we need to search the locations listed in the initial observation.

The answer is: (1): go to cabinet 1. If the mug is not found in cabinet 1, the agent should continue searching the cabinets and drawers sequentially until the mug is found. Once the mug is found, the agent can proceed to heat it with the microwave and then put it in the coffeemachine.

----------------------------------------

----------------------------------------

>>> Refine Original VLM Response and Get Pure Action: go to cabinet 1

----------------------------------------

-----------------------------------------------------------------

Running time: 114.84651589393616 seconds

Total Money: 8.357060000000002

-----------------------------------------------------------------

-----------------------------------------------------------------

Text Observation:You arrive at loc 0. The cabinet 1 is open. On the cabinet 1, you see a plate 3.

--------------------------------------------------------------------------------------------------------------------------task: 23---------------------------------------------------------
--------------------------------------------------------------------------------------------------------------------------------------------------------------------
--------------------------------------------------------------------------------------------------------------------------------------------------------------------
Step:--------------------------------------------------------------------------19-------------------------------------------------------------------------------
----------------------------------------
VLM Prompt:
Image1:
<image>
**Instruction**
1. Analyze the provided image to identify all visible household objects, focusing on those relevant to the task description "put a hot mug in coffeemachine."
2. Use the analysis of the image and the task hint "The agent must find an object of the desired type, pick it up, go to a microwave, heat the object with the microwave, then find the correct location to place it, and put it down there. The agent does not need to use the microwave button or open the microwave to heat the object, and the agent just needs to do action that is "heat the object with the microwave"." to answer the question: what is the most reasonable action in the choices for the task description "put a hot mug in coffeemachine"?
4. Decide and write the answer using the template: The answer is: (i): <selected_action>, where i is the real number. If there is no desired object in the image, search every place based on **Initial Observation** to find the object. And if no one is exactly correct, choose a similar answer.

**Initial Observation**
You are in the middle of a room. Looking quickly around you, you can see cabinet (1-15), fridge (1), countertop (1-4), drawer (1-4), microwave (1), toaster (1), coffeemachine (1), garbagecan (1), sink (1), stoveburner (1-3), sinkbasin (1)

**Answer Choices**
(1): go to cabinet 2
(2): go to cabinet 3
(3): go to fridge 1
(4): go to countertop 1
(5): go to cabinet 5
(6): go to cabinet 6
(7): go to cabinet 7
(8): go to drawer 1
(9): go to drawer 2
(10): go to cabinet 8
(11): go to drawer 3
(12): go to cabinet 9
(13): go to cabinet 10
(14): go to drawer 4
(15): go to cabinet 11
(16): go to toaster 1
(17): go to cabinet 12
(18): go to cabinet 13
(19): go to cabinet 14
(20): go to cabinet 15
(21): go to countertop 2
(22): go to coffeemachine 1
(23): go to garbagecan 1
(24): go to countertop 3
(25): go to countertop 4
(26): go to sink 1
(27): go to stoveburner 1
(28): go to stoveburner 2
(29): go to stoveburner 3
(30): go to sinkbasin 1
(31): open cabinet 1
(32): close cabinet 1
(33): take plate 3 from cabinet 1
(34): examine cabinet 1

**Answer**
Let's think step by step by following the instructions.
----------------------------------------

----------------------------------------

Original Response:
The task is to put a hot mug in the coffeemachine. Based on the initial observation, there are various cabinets, drawers, and a microwave listed. Since the task mentions heating an object with a microwave, it is implied that we first need to find a mug. Mugs are typically found in cabinets.

Analyzing the image provided, it shows an empty cabinet, which is presumably cabinet 1, given that the agent is instructed to either open or close cabinet 1 in the answer choices. Since cabinet 1 is empty, the mug is not here.

Given the task description and initial observation, the most reasonable action is to search for a mug in the other cabinets. Since the image only shows cabinet 1 and it is empty, we can disregard the actions related to cabinet 1 (such as opening, closing, examining, or taking an item from it).

The answer is: (2): go to cabinet 3. This action is chosen with the assumption that cabinet 3 might contain mugs, based on typical household organization, and it is one of the early options provided in the list which suggests it might be closer to the agent's current position. If cabinet 3 does not contain a mug, the agent would need to continue searching the other cabinets.

----------------------------------------

----------------------------------------

>>> Refine Original VLM Response and Get Pure Action: go to cabinet 3

----------------------------------------

-----------------------------------------------------------------

Running time: 18.91061520576477 seconds

Total Money: 8.378950000000003

-----------------------------------------------------------------

-----------------------------------------------------------------

Text Observation:You arrive at loc 2. The cabinet 3 is closed. 

-----------------------------------------------------------------