---------------------------------------------------------task: 28---------------------------------------------------------
--------------------------------------------------------------------------------------------------------------------------------------------------------------------
--------------------------------------------------------------------------------------------------------------------------------------------------------------------
Step:--------------------------------------------------------------------------0-------------------------------------------------------------------------------
----------------------------------------
VLM Prompt:
Image1:
<image>
**Instruction**
1. Analyze the provided image to identify all visible household objects, focusing on those relevant to the task description "find two spraybottle and put them in toilet."
2. Use the analysis of the image and the task hint "The agent must find an object of the desired type, pick it up, find the correct location to place it, put it down there, then look for another object of the desired type, pick it up, return to previous location, and put it down there with the other object." to answer the question: what is the most reasonable action in the choices for the task description "find two spraybottle and put them in toilet"?
4. Decide and write the answer using the template: The answer is: (i): <selected_action>, where i is the real number. If there is no desired object in the image, search every place based on **Initial Observation** to find the object. And if no one is exactly correct, choose a similar answer.

**Initial Observation**
You are in the middle of a room. Looking quickly around you, you can see bathtub (1), bathtubbasin (1), cart (1), sink (1), garbagecan (1), sinkbasin (1), countertop (1), drawer (1-4), toilet (1), toiletpaperhanger (1)

**Answer Choices**
(1): go to bathtub 1
(2): go to bathtubbasin 1
(3): go to cart 1
(4): go to sink 1
(5): go to garbagecan 1
(6): go to sinkbasin 1
(7): go to countertop 1
(8): go to drawer 1
(9): go to drawer 2
(10): go to drawer 3
(11): go to drawer 4
(12): go to toilet 1
(13): go to toiletpaperhanger 1

**Answer**
Let's think step by step by following the instructions.
----------------------------------------

----------------------------------------

Original Response:
First, we analyze the provided image. There is a toilet visible, and on top of the toilet tank, there is a spray bottle. Since the task is to find two spray bottles and put them in the toilet, we have already found one of the spray bottles.

Now, we need to find another spray bottle. The image does not show another spray bottle, so we must search other places based on the Initial Observation. None of the answer choices specifically mention finding a spray bottle, so we must choose a location where a spray bottle is likely to be found.

Commonly, spray bottles might be found in a bathroom's cart, countertop, or drawers, where cleaning supplies or toiletries are stored.

Given the available options, the most reasonable actions to find a second spray bottle would be to check the cart, countertop, or drawers. Since the cart is a singular, easily visible item and could hold cleaning supplies, we'll start there.

The answer is: (3): go to cart 1.

----------------------------------------

----------------------------------------

>>> Refine Original VLM Response and Get Pure Action: go to cart 1

----------------------------------------

-----------------------------------------------------------------

Running time: 8.763466358184814 seconds

Total Money: 9.892660000000001

-----------------------------------------------------------------

-----------------------------------------------------------------

Text Observation:You arrive at loc 2. On the cart 1, you see a tissuebox 1, a tissuebox 2, a faucet 1, a soapbottle 1, a spraybottle 1, a spraybottle 2, a toiletpaper 1, and a soapbar 1.

--------------------------------------------------------------------------------------------------------------------------task: 28---------------------------------------------------------
--------------------------------------------------------------------------------------------------------------------------------------------------------------------
--------------------------------------------------------------------------------------------------------------------------------------------------------------------
Step:--------------------------------------------------------------------------1-------------------------------------------------------------------------------
----------------------------------------
VLM Prompt:
Image1:
<image>
**Instruction**
1. Analyze the provided image to identify all visible household objects, focusing on those relevant to the task description "find two spraybottle and put them in toilet."
2. Use the analysis of the image and the task hint "The agent must find an object of the desired type, pick it up, find the correct location to place it, put it down there, then look for another object of the desired type, pick it up, return to previous location, and put it down there with the other object." to answer the question: what is the most reasonable action in the choices for the task description "find two spraybottle and put them in toilet"?
4. Decide and write the answer using the template: The answer is: (i): <selected_action>, where i is the real number. If there is no desired object in the image, search every place based on **Initial Observation** to find the object. And if no one is exactly correct, choose a similar answer.

**Initial Observation**
You are in the middle of a room. Looking quickly around you, you can see bathtub (1), bathtubbasin (1), cart (1), sink (1), garbagecan (1), sinkbasin (1), countertop (1), drawer (1-4), toilet (1), toiletpaperhanger (1)

**Answer Choices**
(1): go to bathtub 1
(2): go to bathtubbasin 1
(3): go to sink 1
(4): go to garbagecan 1
(5): go to sinkbasin 1
(6): go to countertop 1
(7): go to drawer 1
(8): go to drawer 2
(9): go to drawer 3
(10): go to drawer 4
(11): go to toilet 1
(12): go to toiletpaperhanger 1
(13): take tissuebox 1 from cart 1
(14): take tissuebox 2 from cart 1
(15): take faucet 1 from cart 1
(16): take soapbottle 1 from cart 1
(17): take spraybottle 1 from cart 1
(18): take spraybottle 2 from cart 1
(19): take toiletpaper 1 from cart 1
(20): take soapbar 1 from cart 1
(21): examine cart 1

**Answer**
Let's think step by step by following the instructions.
----------------------------------------

----------------------------------------

Original Response:
The task is to find two spray bottles and put them in the toilet. Looking at the image, we can see a cart with various objects on it. The objects that resemble spray bottles are on the bottom shelf of the cart. There are two bottles with nozzles that appear to be spray bottles, labeled as spraybottle 1 and spraybottle 2 in the answer choices.

The answer is: (17): take spraybottle 1 from cart 1. After completing this action, the next reasonable action would be to (18): take spraybottle 2 from cart 1, and then (11): go to toilet 1 to complete the task.

----------------------------------------

----------------------------------------

>>> Refine Original VLM Response and Get Pure Action: take spraybottle 1 from cart 1

----------------------------------------

-----------------------------------------------------------------

Running time: 9.139580011367798 seconds

Total Money: 9.90984

-----------------------------------------------------------------

-----------------------------------------------------------------

Text Observation:You pick up the spraybottle 1 from the cart 1.

--------------------------------------------------------------------------------------------------------------------------task: 28---------------------------------------------------------
--------------------------------------------------------------------------------------------------------------------------------------------------------------------
--------------------------------------------------------------------------------------------------------------------------------------------------------------------
Step:--------------------------------------------------------------------------2-------------------------------------------------------------------------------
----------------------------------------
VLM Prompt:
Image1:
<image>
**Instruction**
1. Analyze the provided image to identify all visible household objects, focusing on those relevant to the task description "find two spraybottle and put them in toilet."
2. Use the analysis of the image and the task hint "The agent must find an object of the desired type, pick it up, find the correct location to place it, put it down there, then look for another object of the desired type, pick it up, return to previous location, and put it down there with the other object." to answer the question: what is the most reasonable action in the choices for the task description "find two spraybottle and put them in toilet"?
4. Decide and write the answer using the template: The answer is: (i): <selected_action>, where i is the real number. If there is no desired object in the image, search every place based on **Initial Observation** to find the object. And if no one is exactly correct, choose a similar answer.

**Initial Observation**
You are in the middle of a room. Looking quickly around you, you can see bathtub (1), bathtubbasin (1), cart (1), sink (1), garbagecan (1), sinkbasin (1), countertop (1), drawer (1-4), toilet (1), toiletpaperhanger (1)

**Answer Choices**
(1): go to bathtub 1
(2): go to bathtubbasin 1
(3): go to sink 1
(4): go to garbagecan 1
(5): go to sinkbasin 1
(6): go to countertop 1
(7): go to drawer 1
(8): go to drawer 2
(9): go to drawer 3
(10): go to drawer 4
(11): go to toilet 1
(12): go to toiletpaperhanger 1
(13): put spraybottle 1 in/on cart 1
(14): examine spraybottle 1
(15): examine cart 1

**Answer**
Let's think step by step by following the instructions.
----------------------------------------

----------------------------------------

Original Response:
First, we need to analyze the image to identify all visible household objects. The image shows a spray bottle on a cart. There are no other spray bottles visible in this image. 

Based on the task description "find two spraybottle and put them in toilet," the most reasonable first action would be to pick up the spray bottle that is already visible on the cart. However, since the task requires two spray bottles, and only one is visible, it is likely necessary to search other locations to find the second spray bottle. 

Looking at the initial observation list, none of the locations explicitly mention another spray bottle. Therefore, the agent should check the storage areas such as drawers or the countertop, which are more likely to have such items.

The answer is: (14): examine spraybottle 1. This action will confirm possession of the first spray bottle before looking for the second one. After that, the agent should check likely locations such as drawers or the countertop to find the second spray bottle.

----------------------------------------

----------------------------------------

>>> Refine Original VLM Response and Get Pure Action: examine spraybottle 1

----------------------------------------

-----------------------------------------------------------------

Running time: 12.767530679702759 seconds

Total Money: 9.928180000000001

-----------------------------------------------------------------

-----------------------------------------------------------------

Text Observation:This is a normal spraybottle 1

--------------------------------------------------------------------------------------------------------------------------task: 28---------------------------------------------------------
--------------------------------------------------------------------------------------------------------------------------------------------------------------------
--------------------------------------------------------------------------------------------------------------------------------------------------------------------
Step:--------------------------------------------------------------------------3-------------------------------------------------------------------------------
----------------------------------------
VLM Prompt:
Image1:
<image>
**Instruction**
1. Analyze the provided image to identify all visible household objects, focusing on those relevant to the task description "find two spraybottle and put them in toilet."
2. Use the analysis of the image and the task hint "The agent must find an object of the desired type, pick it up, find the correct location to place it, put it down there, then look for another object of the desired type, pick it up, return to previous location, and put it down there with the other object." to answer the question: what is the most reasonable action in the choices for the task description "find two spraybottle and put them in toilet"?
4. Decide and write the answer using the template: The answer is: (i): <selected_action>, where i is the real number. If there is no desired object in the image, search every place based on **Initial Observation** to find the object. And if no one is exactly correct, choose a similar answer.

**Initial Observation**
You are in the middle of a room. Looking quickly around you, you can see bathtub (1), bathtubbasin (1), cart (1), sink (1), garbagecan (1), sinkbasin (1), countertop (1), drawer (1-4), toilet (1), toiletpaperhanger (1)

**Answer Choices**
(1): go to bathtub 1
(2): go to bathtubbasin 1
(3): go to sink 1
(4): go to garbagecan 1
(5): go to sinkbasin 1
(6): go to countertop 1
(7): go to drawer 1
(8): go to drawer 2
(9): go to drawer 3
(10): go to drawer 4
(11): go to toilet 1
(12): go to toiletpaperhanger 1
(13): put spraybottle 1 in/on cart 1
(14): examine cart 1

**Answer**
Let's think step by step by following the instructions.
----------------------------------------

----------------------------------------

Original Response:
The task is to find two spray bottles and put them in the toilet. From the provided image, we can see one spray bottle on the cart. 

According to the task hint, we need to pick up the visible spray bottle first, then find the second one. Since the image only shows one spray bottle, we must search other locations to find the second one. However, none of the answer choices directly involve picking up the spray bottle from the cart; the closest action we can take is to examine the cart, which might be a precursor to picking up the spray bottle.

Therefore, the most reasonable action from the choices given, which aligns with the task description and the initial observation, would be to examine the cart where we see the spray bottle. After examining the cart, we would likely be able to pick up the spray bottle.

The answer is: (14): examine cart 1.

----------------------------------------

----------------------------------------

>>> Refine Original VLM Response and Get Pure Action: examine cart 1

----------------------------------------

-----------------------------------------------------------------

Running time: 8.13771653175354 seconds

Total Money: 9.945730000000001

-----------------------------------------------------------------

-----------------------------------------------------------------

Text Observation:On the cart 1, you see a tissuebox 1, a tissuebox 2, a faucet 1, a toiletpaper 1, a soapbottle 1, and a spraybottle 2.

--------------------------------------------------------------------------------------------------------------------------task: 28---------------------------------------------------------
--------------------------------------------------------------------------------------------------------------------------------------------------------------------
--------------------------------------------------------------------------------------------------------------------------------------------------------------------
Step:--------------------------------------------------------------------------4-------------------------------------------------------------------------------
----------------------------------------
VLM Prompt:
Image1:
<image>
**Instruction**
1. Analyze the provided image to identify all visible household objects, focusing on those relevant to the task description "find two spraybottle and put them in toilet."
2. Use the analysis of the image and the task hint "The agent must find an object of the desired type, pick it up, find the correct location to place it, put it down there, then look for another object of the desired type, pick it up, return to previous location, and put it down there with the other object." to answer the question: what is the most reasonable action in the choices for the task description "find two spraybottle and put them in toilet"?
4. Decide and write the answer using the template: The answer is: (i): <selected_action>, where i is the real number. If there is no desired object in the image, search every place based on **Initial Observation** to find the object. And if no one is exactly correct, choose a similar answer.

**Initial Observation**
You are in the middle of a room. Looking quickly around you, you can see bathtub (1), bathtubbasin (1), cart (1), sink (1), garbagecan (1), sinkbasin (1), countertop (1), drawer (1-4), toilet (1), toiletpaperhanger (1)

**Answer Choices**
(1): go to bathtub 1
(2): go to bathtubbasin 1
(3): go to sink 1
(4): go to garbagecan 1
(5): go to sinkbasin 1
(6): go to countertop 1
(7): go to drawer 1
(8): go to drawer 2
(9): go to drawer 3
(10): go to drawer 4
(11): go to toilet 1
(12): go to toiletpaperhanger 1
(13): put spraybottle 1 in/on cart 1

**Answer**
Let's think step by step by following the instructions.
----------------------------------------

----------------------------------------

Original Response:
From the image provided, we can see a spray bottle located on the cart. This is relevant to the task of finding two spray bottles and putting them in the toilet. 

Based on the task hint, the agent must first find one spray bottle, pick it up, and then find the correct location to place it. In this case, the correct location is the toilet. After placing the first spray bottle in the toilet, the agent must find another spray bottle and repeat the process.

From the Initial Observation, we know there are several places to search for the second spray bottle, such as the bathtub, sink, garbage can, countertop, drawers, and toilet paper hanger.

However, since we already have one spray bottle visible on the cart, the most reasonable action would be to pick it up and put it in the toilet, which is not directly listed in the answer choices. The closest action related to this would be to go to the toilet and then put the spray bottle there. 

The answer is: (11): go to toilet 1

----------------------------------------

----------------------------------------

>>> Refine Original VLM Response and Get Pure Action: go to toilet 1

----------------------------------------

-----------------------------------------------------------------

Running time: 11.995503425598145 seconds

Total Money: 9.96413

-----------------------------------------------------------------

-----------------------------------------------------------------

Text Observation:You arrive at loc 11. On the toilet 1, you see a showerdoor 1, and a soapbottle 2.

--------------------------------------------------------------------------------------------------------------------------task: 28---------------------------------------------------------
--------------------------------------------------------------------------------------------------------------------------------------------------------------------
--------------------------------------------------------------------------------------------------------------------------------------------------------------------
Step:--------------------------------------------------------------------------5-------------------------------------------------------------------------------
----------------------------------------
VLM Prompt:
Image1:
<image>
**Instruction**
1. Analyze the provided image to identify all visible household objects, focusing on those relevant to the task description "find two spraybottle and put them in toilet."
2. Use the analysis of the image and the task hint "The agent must find an object of the desired type, pick it up, find the correct location to place it, put it down there, then look for another object of the desired type, pick it up, return to previous location, and put it down there with the other object." to answer the question: what is the most reasonable action in the choices for the task description "find two spraybottle and put them in toilet"?
4. Decide and write the answer using the template: The answer is: (i): <selected_action>, where i is the real number. If there is no desired object in the image, search every place based on **Initial Observation** to find the object. And if no one is exactly correct, choose a similar answer.

**Initial Observation**
You are in the middle of a room. Looking quickly around you, you can see bathtub (1), bathtubbasin (1), cart (1), sink (1), garbagecan (1), sinkbasin (1), countertop (1), drawer (1-4), toilet (1), toiletpaperhanger (1)

**Answer Choices**
(1): go to bathtub 1
(2): go to bathtubbasin 1
(3): go to cart 1
(4): go to sink 1
(5): go to garbagecan 1
(6): go to sinkbasin 1
(7): go to countertop 1
(8): go to drawer 1
(9): go to drawer 2
(10): go to drawer 3
(11): go to drawer 4
(12): go to toiletpaperhanger 1
(13): put spraybottle 1 in/on toilet 1
(14): examine toilet 1

**Answer**
Let's think step by step by following the instructions.
----------------------------------------

----------------------------------------

Original Response:
Firstly, by looking at the image, we can identify one spraybottle on the countertop. This is relevant to our task. 
Next, according to the task, we need to find two spraybottles and put them in the toilet. Since we have found one spraybottle, the next reasonable action would be to pick up this spraybottle and place it in the toilet.
However, none of the answer choices directly say "pick up spraybottle 1," so we must choose the next closest action that would lead us to eventually putting the identified spraybottle in the toilet.
The most reasonable action from the choices given would be to go to the countertop where we saw the spraybottle, so we can then pick it up and proceed with the task.

The answer is: (7): go to countertop 1

----------------------------------------

----------------------------------------

>>> Refine Original VLM Response and Get Pure Action: go to countertop 1

----------------------------------------

-----------------------------------------------------------------

Running time: 10.187490940093994 seconds

Total Money: 9.981440000000001

-----------------------------------------------------------------

-----------------------------------------------------------------

Text Observation:You arrive at loc 6. On the countertop 1, you see a tissuebox 3, a spraybottle 3, a toiletpaper 2, a handtowel 1, and a candle 1.

--------------------------------------------------------------------------------------------------------------------------task: 28---------------------------------------------------------
--------------------------------------------------------------------------------------------------------------------------------------------------------------------
--------------------------------------------------------------------------------------------------------------------------------------------------------------------
Step:--------------------------------------------------------------------------6-------------------------------------------------------------------------------
----------------------------------------
VLM Prompt:
Image1:
<image>
**Instruction**
1. Analyze the provided image to identify all visible household objects, focusing on those relevant to the task description "find two spraybottle and put them in toilet."
2. Use the analysis of the image and the task hint "The agent must find an object of the desired type, pick it up, find the correct location to place it, put it down there, then look for another object of the desired type, pick it up, return to previous location, and put it down there with the other object." to answer the question: what is the most reasonable action in the choices for the task description "find two spraybottle and put them in toilet"?
4. Decide and write the answer using the template: The answer is: (i): <selected_action>, where i is the real number. If there is no desired object in the image, search every place based on **Initial Observation** to find the object. And if no one is exactly correct, choose a similar answer.

**Initial Observation**
You are in the middle of a room. Looking quickly around you, you can see bathtub (1), bathtubbasin (1), cart (1), sink (1), garbagecan (1), sinkbasin (1), countertop (1), drawer (1-4), toilet (1), toiletpaperhanger (1)

**Answer Choices**
(1): go to bathtub 1
(2): go to bathtubbasin 1
(3): go to cart 1
(4): go to sink 1
(5): go to garbagecan 1
(6): go to sinkbasin 1
(7): go to drawer 1
(8): go to drawer 2
(9): go to drawer 3
(10): go to drawer 4
(11): go to toiletpaperhanger 1
(12): put spraybottle 1 in/on countertop 1
(13): examine spraybottle 1
(14): examine countertop 1

**Answer**
Let's think step by step by following the instructions.
----------------------------------------

----------------------------------------

Original Response:
Firstly, we need to identify the spray bottles in the image. There is one visible yellow spray bottle in the foreground and another identical one reflected in the mirror on the countertop. Since the task is to find two spray bottles and put them in the toilet, and we can already see two spray bottles, there is no need to search other places.

Now, we need to pick up the first spray bottle. The most reasonable action to start with would be to examine the spray bottle that is clearly visible to us to ensure it's the correct object we need to pick up.

The answer is: (13): examine spraybottle 1

----------------------------------------

----------------------------------------

>>> Refine Original VLM Response and Get Pure Action: examine spraybottle 1

----------------------------------------

-----------------------------------------------------------------

Running time: 7.606628179550171 seconds

Total Money: 9.99745

-----------------------------------------------------------------

-----------------------------------------------------------------

Text Observation:This is a normal spraybottle 1

--------------------------------------------------------------------------------------------------------------------------task: 28---------------------------------------------------------
--------------------------------------------------------------------------------------------------------------------------------------------------------------------
--------------------------------------------------------------------------------------------------------------------------------------------------------------------
Step:--------------------------------------------------------------------------7-------------------------------------------------------------------------------
----------------------------------------
VLM Prompt:
Image1:
<image>
**Instruction**
1. Analyze the provided image to identify all visible household objects, focusing on those relevant to the task description "find two spraybottle and put them in toilet."
2. Use the analysis of the image and the task hint "The agent must find an object of the desired type, pick it up, find the correct location to place it, put it down there, then look for another object of the desired type, pick it up, return to previous location, and put it down there with the other object." to answer the question: what is the most reasonable action in the choices for the task description "find two spraybottle and put them in toilet"?
4. Decide and write the answer using the template: The answer is: (i): <selected_action>, where i is the real number. If there is no desired object in the image, search every place based on **Initial Observation** to find the object. And if no one is exactly correct, choose a similar answer.

**Initial Observation**
You are in the middle of a room. Looking quickly around you, you can see bathtub (1), bathtubbasin (1), cart (1), sink (1), garbagecan (1), sinkbasin (1), countertop (1), drawer (1-4), toilet (1), toiletpaperhanger (1)

**Answer Choices**
(1): go to bathtub 1
(2): go to bathtubbasin 1
(3): go to cart 1
(4): go to sink 1
(5): go to garbagecan 1
(6): go to sinkbasin 1
(7): go to drawer 1
(8): go to drawer 2
(9): go to drawer 3
(10): go to drawer 4
(11): go to toiletpaperhanger 1
(12): put spraybottle 1 in/on countertop 1
(13): examine countertop 1

**Answer**
Let's think step by step by following the instructions.
----------------------------------------

----------------------------------------

Original Response:
The task is to find two spray bottles and put them in the toilet. From the image provided, we can see one yellow spray bottle on the countertop. Since we need to find two, and there's only one visible, it's logical to first pick up the one we can see.

The answer is: (13): examine countertop 1

----------------------------------------

----------------------------------------

>>> Refine Original VLM Response and Get Pure Action: examine countertop 1

----------------------------------------

-----------------------------------------------------------------

Running time: 6.136443614959717 seconds

Total Money: 10.01162

-----------------------------------------------------------------

-----------------------------------------------------------------

Text Observation:On the countertop 1, you see a tissuebox 3, a spraybottle 3, a toiletpaper 2, a handtowel 1, and a candle 1.

--------------------------------------------------------------------------------------------------------------------------task: 28---------------------------------------------------------
--------------------------------------------------------------------------------------------------------------------------------------------------------------------
--------------------------------------------------------------------------------------------------------------------------------------------------------------------
Step:--------------------------------------------------------------------------8-------------------------------------------------------------------------------
----------------------------------------
VLM Prompt:
Image1:
<image>
**Instruction**
1. Analyze the provided image to identify all visible household objects, focusing on those relevant to the task description "find two spraybottle and put them in toilet."
2. Use the analysis of the image and the task hint "The agent must find an object of the desired type, pick it up, find the correct location to place it, put it down there, then look for another object of the desired type, pick it up, return to previous location, and put it down there with the other object." to answer the question: what is the most reasonable action in the choices for the task description "find two spraybottle and put them in toilet"?
4. Decide and write the answer using the template: The answer is: (i): <selected_action>, where i is the real number. If there is no desired object in the image, search every place based on **Initial Observation** to find the object. And if no one is exactly correct, choose a similar answer.

**Initial Observation**
You are in the middle of a room. Looking quickly around you, you can see bathtub (1), bathtubbasin (1), cart (1), sink (1), garbagecan (1), sinkbasin (1), countertop (1), drawer (1-4), toilet (1), toiletpaperhanger (1)

**Answer Choices**
(1): go to bathtub 1
(2): go to bathtubbasin 1
(3): go to cart 1
(4): go to sink 1
(5): go to garbagecan 1
(6): go to sinkbasin 1
(7): go to drawer 1
(8): go to drawer 2
(9): go to drawer 3
(10): go to drawer 4
(11): go to toilet 1
(12): go to toiletpaperhanger 1
(13): put spraybottle 1 in/on countertop 1

**Answer**
Let's think step by step by following the instructions.
----------------------------------------

----------------------------------------

Original Response:
The task is to find two spray bottles and put them in the toilet. From the image provided, we can see one yellow spray bottle on the countertop. Since we need to find two spray bottles, we should first pick up the visible one and then look for another one. The image doesn't show a second spray bottle, so we need to search other places based on the Initial Observation. The places listed do not include shelves or cabinets where a second spray bottle might be stored, but they do include drawers. It is common to store cleaning supplies in drawers in a bathroom.

The most reasonable first action would be to pick up the visible spray bottle on the countertop. However, since that option is not given, we should look for the second spray bottle. We would start by checking the drawers. Since we do not know in which drawer the spray bottle might be, we would start with drawer 1 and proceed sequentially if necessary.

The answer is: (7): go to drawer 1.

----------------------------------------

----------------------------------------

>>> Refine Original VLM Response and Get Pure Action: go to drawer 1

----------------------------------------

-----------------------------------------------------------------

Running time: 25.150221347808838 seconds

Total Money: 10.02969

-----------------------------------------------------------------

-----------------------------------------------------------------

Text Observation:You arrive at loc 7. The drawer 1 is closed. 

--------------------------------------------------------------------------------------------------------------------------task: 28---------------------------------------------------------
--------------------------------------------------------------------------------------------------------------------------------------------------------------------
--------------------------------------------------------------------------------------------------------------------------------------------------------------------
Step:--------------------------------------------------------------------------9-------------------------------------------------------------------------------
----------------------------------------
VLM Prompt:
Image1:
<image>
**Instruction**
1. Analyze the provided image to identify all visible household objects, focusing on those relevant to the task description "find two spraybottle and put them in toilet."
2. Use the analysis of the image and the task hint "The agent must find an object of the desired type, pick it up, find the correct location to place it, put it down there, then look for another object of the desired type, pick it up, return to previous location, and put it down there with the other object." to answer the question: what is the most reasonable action in the choices for the task description "find two spraybottle and put them in toilet"?
4. Decide and write the answer using the template: The answer is: (i): <selected_action>, where i is the real number. If there is no desired object in the image, search every place based on **Initial Observation** to find the object. And if no one is exactly correct, choose a similar answer.

**Initial Observation**
You are in the middle of a room. Looking quickly around you, you can see bathtub (1), bathtubbasin (1), cart (1), sink (1), garbagecan (1), sinkbasin (1), countertop (1), drawer (1-4), toilet (1), toiletpaperhanger (1)

**Answer Choices**
(1): go to bathtub 1
(2): go to bathtubbasin 1
(3): go to cart 1
(4): go to sink 1
(5): go to garbagecan 1
(6): go to sinkbasin 1
(7): go to countertop 1
(8): go to drawer 2
(9): go to drawer 3
(10): go to drawer 4
(11): go to toilet 1
(12): go to toiletpaperhanger 1
(13): open drawer 1
(14): close drawer 1
(15): put spraybottle 1 in/on drawer 1
(16): examine drawer 1

**Answer**
Let's think step by step by following the instructions.
----------------------------------------

----------------------------------------

Original Response:
First, we need to identify the visible household objects in the image relevant to the task. In the image, we can see two spray bottles, one in the forefront and another reflected in the mirror on the countertop. 

Next, considering the task description "find two spraybottle and put them in toilet" and the task hint, the most reasonable action is to pick up the spray bottles and place them in the toilet. 

Based on the **Initial Observation** and the **Answer Choices** provided, the first step is to go to where the spray bottles are located, which is the countertop. 

Therefore, the answer is: (7): go to countertop 1. After reaching the countertop, the next actions would involve picking up the spray bottles and then going to the toilet to place them there. However, these actions are not listed in the provided answer choices.

----------------------------------------

----------------------------------------

>>> Refine Original VLM Response and Get Pure Action: No action

----------------------------------------

-----------------------------------------------------------------

Running time: 7.853492975234985 seconds

Total Money: 10.04734

-----------------------------------------------------------------

-----------------------------------------------------------------

Text Observation:Nothing happens.

--------------------------------------------------------------------------------------------------------------------------task: 28---------------------------------------------------------
--------------------------------------------------------------------------------------------------------------------------------------------------------------------
--------------------------------------------------------------------------------------------------------------------------------------------------------------------
Step:--------------------------------------------------------------------------10-------------------------------------------------------------------------------
----------------------------------------
VLM Prompt:
Image1:
<image>
**Instruction**
1. Analyze the provided image to identify all visible household objects, focusing on those relevant to the task description "find two spraybottle and put them in toilet."
2. Use the analysis of the image and the task hint "The agent must find an object of the desired type, pick it up, find the correct location to place it, put it down there, then look for another object of the desired type, pick it up, return to previous location, and put it down there with the other object." to answer the question: what is the most reasonable action in the choices for the task description "find two spraybottle and put them in toilet"?
4. Decide and write the answer using the template: The answer is: (i): <selected_action>, where i is the real number. If there is no desired object in the image, search every place based on **Initial Observation** to find the object. And if no one is exactly correct, choose a similar answer.

**Initial Observation**
You are in the middle of a room. Looking quickly around you, you can see bathtub (1), bathtubbasin (1), cart (1), sink (1), garbagecan (1), sinkbasin (1), countertop (1), drawer (1-4), toilet (1), toiletpaperhanger (1)

**Answer Choices**
(1): go to bathtub 1
(2): go to bathtubbasin 1
(3): go to cart 1
(4): go to sink 1
(5): go to garbagecan 1
(6): go to sinkbasin 1
(7): go to countertop 1
(8): go to drawer 2
(9): go to drawer 3
(10): go to drawer 4
(11): go to toilet 1
(12): go to toiletpaperhanger 1
(13): open drawer 1
(14): close drawer 1
(15): put spraybottle 1 in/on drawer 1
(16): examine spraybottle 1
(17): examine drawer 1

**Answer**
Let's think step by step by following the instructions.
----------------------------------------

----------------------------------------

Original Response:
The task is to find two spray bottles and put them in the toilet. From the image provided, we can see one spray bottle is visible on the countertop. The other objects on the countertop are not spray bottles, so we can ignore them. There is also a reflection of another spray bottle in the mirror, which suggests it is also on the countertop but not visible from the current angle. 

Given the task and initial observation, the most reasonable first action would be to go to the countertop to pick up the visible spray bottle, then look for the second one. Since the countertop is mentioned in the initial observation and a spray bottle is clearly visible there, that is the best place to start.

The answer is: (7): go to countertop 1.

----------------------------------------

----------------------------------------

>>> Refine Original VLM Response and Get Pure Action: go to countertop 1

----------------------------------------

-----------------------------------------------------------------

Running time: 7.081367254257202 seconds

Total Money: 10.06446

-----------------------------------------------------------------

-----------------------------------------------------------------

Text Observation:You arrive at loc 6. On the countertop 1, you see a tissuebox 3, a spraybottle 3, a toiletpaper 2, a handtowel 1, and a candle 1.

--------------------------------------------------------------------------------------------------------------------------task: 28---------------------------------------------------------
--------------------------------------------------------------------------------------------------------------------------------------------------------------------
--------------------------------------------------------------------------------------------------------------------------------------------------------------------
Step:--------------------------------------------------------------------------11-------------------------------------------------------------------------------
----------------------------------------
VLM Prompt:
Image1:
<image>
**Instruction**
1. Analyze the provided image to identify all visible household objects, focusing on those relevant to the task description "find two spraybottle and put them in toilet."
2. Use the analysis of the image and the task hint "The agent must find an object of the desired type, pick it up, find the correct location to place it, put it down there, then look for another object of the desired type, pick it up, return to previous location, and put it down there with the other object." to answer the question: what is the most reasonable action in the choices for the task description "find two spraybottle and put them in toilet"?
4. Decide and write the answer using the template: The answer is: (i): <selected_action>, where i is the real number. If there is no desired object in the image, search every place based on **Initial Observation** to find the object. And if no one is exactly correct, choose a similar answer.

**Initial Observation**
You are in the middle of a room. Looking quickly around you, you can see bathtub (1), bathtubbasin (1), cart (1), sink (1), garbagecan (1), sinkbasin (1), countertop (1), drawer (1-4), toilet (1), toiletpaperhanger (1)

**Answer Choices**
(1): go to bathtub 1
(2): go to bathtubbasin 1
(3): go to cart 1
(4): go to sink 1
(5): go to garbagecan 1
(6): go to sinkbasin 1
(7): go to drawer 2
(8): go to drawer 3
(9): go to drawer 4
(10): go to toilet 1
(11): go to toiletpaperhanger 1
(12): put spraybottle 1 in/on countertop 1
(13): examine spraybottle 1
(14): examine countertop 1

**Answer**
Let's think step by step by following the instructions.
----------------------------------------

----------------------------------------

Original Response:
First, we need to identify all visible household objects relevant to the task description. In the image, we can see one yellow spray bottle in the foreground and another one reflected in the mirror. These are the objects we need to find and put in the toilet.

Following the task hint, the agent must first find one spray bottle, pick it up, then find the toilet and put it down there. After that, the agent needs to find the second spray bottle, pick it up, return to the toilet, and put it down with the other object.

Based on the **Initial Observation** list, the toilet is already identified as an item in the room.

The most reasonable action from the choices would be to go to the toilet first to put down the first spray bottle. So the answer is:

The answer is: (10): go to toilet 1

----------------------------------------

----------------------------------------

>>> Refine Original VLM Response and Get Pure Action: go to toilet 1

----------------------------------------

-----------------------------------------------------------------

Running time: 7.5444676876068115 seconds

Total Money: 10.081760000000001

-----------------------------------------------------------------

-----------------------------------------------------------------

Text Observation:You arrive at loc 11. On the toilet 1, you see a showerdoor 1, and a soapbottle 2.

--------------------------------------------------------------------------------------------------------------------------task: 28---------------------------------------------------------
--------------------------------------------------------------------------------------------------------------------------------------------------------------------
--------------------------------------------------------------------------------------------------------------------------------------------------------------------
Step:--------------------------------------------------------------------------12-------------------------------------------------------------------------------
----------------------------------------
VLM Prompt:
Image1:
<image>
**Instruction**
1. Analyze the provided image to identify all visible household objects, focusing on those relevant to the task description "find two spraybottle and put them in toilet."
2. Use the analysis of the image and the task hint "The agent must find an object of the desired type, pick it up, find the correct location to place it, put it down there, then look for another object of the desired type, pick it up, return to previous location, and put it down there with the other object." to answer the question: what is the most reasonable action in the choices for the task description "find two spraybottle and put them in toilet"?
4. Decide and write the answer using the template: The answer is: (i): <selected_action>, where i is the real number. If there is no desired object in the image, search every place based on **Initial Observation** to find the object. And if no one is exactly correct, choose a similar answer.

**Initial Observation**
You are in the middle of a room. Looking quickly around you, you can see bathtub (1), bathtubbasin (1), cart (1), sink (1), garbagecan (1), sinkbasin (1), countertop (1), drawer (1-4), toilet (1), toiletpaperhanger (1)

**Answer Choices**
(1): go to bathtub 1
(2): go to bathtubbasin 1
(3): go to cart 1
(4): go to sink 1
(5): go to garbagecan 1
(6): go to sinkbasin 1
(7): go to drawer 1
(8): go to drawer 2
(9): go to drawer 3
(10): go to drawer 4
(11): go to toiletpaperhanger 1
(12): put spraybottle 1 in/on toilet 1
(13): examine spraybottle 1
(14): examine toilet 1

**Answer**
Let's think step by step by following the instructions.
----------------------------------------

----------------------------------------

Original Response:
First, we need to identify the visible household objects relevant to the task description. In the image provided, we can see one spray bottle on the countertop. This is relevant to the task as we are looking for spray bottles.

Next, we need to think about the task hint. The task requires us to find two spray bottles, pick them up, and put them in the toilet. We have identified one spray bottle, so we need to find another. According to the initial observation, there are several locations where another spray bottle could potentially be found, such as the drawers or the cart.

Now, let's look at the answer choices to determine the most reasonable action. Since we have already found one spray bottle (spraybottle 1), we need to find the second one. The choices related to finding or examining the first spray bottle are not immediately relevant (choices 13 and 14).

The choices related to going to different parts of the room (choices 1-11) are potential actions to find the second spray bottle, but we need to prioritize based on the likelihood of finding such an item. Drawers and carts are common storage places for household items like spray bottles, so it would be reasonable to check there first.

Therefore, the most reasonable first action would be to go to a location where we might find another spray bottle. Since we do not have information on where the second spray bottle is, we should start by checking the drawers, as they are typical storage places. We can start with drawer 1 and proceed from there if needed.

The answer is: (7): go to drawer 1

----------------------------------------

----------------------------------------

>>> Refine Original VLM Response and Get Pure Action: go to drawer 1

----------------------------------------

-----------------------------------------------------------------

Running time: 13.577611684799194 seconds

Total Money: 10.10369

-----------------------------------------------------------------

-----------------------------------------------------------------

Text Observation:You arrive at loc 7. The drawer 1 is closed. 

--------------------------------------------------------------------------------------------------------------------------task: 28---------------------------------------------------------
--------------------------------------------------------------------------------------------------------------------------------------------------------------------
--------------------------------------------------------------------------------------------------------------------------------------------------------------------
Step:--------------------------------------------------------------------------13-------------------------------------------------------------------------------
----------------------------------------
VLM Prompt:
Image1:
<image>
**Instruction**
1. Analyze the provided image to identify all visible household objects, focusing on those relevant to the task description "find two spraybottle and put them in toilet."
2. Use the analysis of the image and the task hint "The agent must find an object of the desired type, pick it up, find the correct location to place it, put it down there, then look for another object of the desired type, pick it up, return to previous location, and put it down there with the other object." to answer the question: what is the most reasonable action in the choices for the task description "find two spraybottle and put them in toilet"?
4. Decide and write the answer using the template: The answer is: (i): <selected_action>, where i is the real number. If there is no desired object in the image, search every place based on **Initial Observation** to find the object. And if no one is exactly correct, choose a similar answer.

**Initial Observation**
You are in the middle of a room. Looking quickly around you, you can see bathtub (1), bathtubbasin (1), cart (1), sink (1), garbagecan (1), sinkbasin (1), countertop (1), drawer (1-4), toilet (1), toiletpaperhanger (1)

**Answer Choices**
(1): go to bathtub 1
(2): go to bathtubbasin 1
(3): go to cart 1
(4): go to sink 1
(5): go to garbagecan 1
(6): go to sinkbasin 1
(7): go to drawer 2
(8): go to drawer 3
(9): go to drawer 4
(10): go to toiletpaperhanger 1
(11): open drawer 1
(12): close drawer 1
(13): put spraybottle 1 in/on drawer 1
(14): examine spraybottle 1
(15): examine drawer 1

**Answer**
Let's think step by step by following the instructions.
----------------------------------------

----------------------------------------

Original Response:
The task is to find two spray bottles and put them in the toilet. From the image provided, we can clearly see one spray bottle on the countertop. Since the task requires finding two spray bottles, the most reasonable action would be to first pick up the visible spray bottle. However, none of the answer choices directly mention picking up the spray bottle. The closest action related to the visible spray bottle is to examine it, which could be a precursor to picking it up. Therefore, the most reasonable action from the given choices would be:

The answer is: (14): examine spraybottle 1

After examining and potentially picking up the first spray bottle, the next step would be to search for the second spray bottle, which might be in a drawer or another location in the room based on the initial observation.

----------------------------------------

----------------------------------------

>>> Refine Original VLM Response and Get Pure Action: examine spraybottle 1

After examining and potentially picking up the first spray bottle, the next step would be to search for the second spray bottle, which might be in a drawer or another location in the room based on the initial observation

----------------------------------------

-----------------------------------------------------------------

Running time: 9.662113428115845 seconds

Total Money: 10.120800000000001

-----------------------------------------------------------------

-----------------------------------------------------------------

Text Observation:Nothing happens.

--------------------------------------------------------------------------------------------------------------------------task: 28---------------------------------------------------------
--------------------------------------------------------------------------------------------------------------------------------------------------------------------
--------------------------------------------------------------------------------------------------------------------------------------------------------------------
Step:--------------------------------------------------------------------------14-------------------------------------------------------------------------------
----------------------------------------
VLM Prompt:
Image1:
<image>
**Instruction**
1. Analyze the provided image to identify all visible household objects, focusing on those relevant to the task description "find two spraybottle and put them in toilet."
2. Use the analysis of the image and the task hint "The agent must find an object of the desired type, pick it up, find the correct location to place it, put it down there, then look for another object of the desired type, pick it up, return to previous location, and put it down there with the other object." to answer the question: what is the most reasonable action in the choices for the task description "find two spraybottle and put them in toilet"?
4. Decide and write the answer using the template: The answer is: (i): <selected_action>, where i is the real number. If there is no desired object in the image, search every place based on **Initial Observation** to find the object. And if no one is exactly correct, choose a similar answer.

**Initial Observation**
You are in the middle of a room. Looking quickly around you, you can see bathtub (1), bathtubbasin (1), cart (1), sink (1), garbagecan (1), sinkbasin (1), countertop (1), drawer (1-4), toilet (1), toiletpaperhanger (1)

**Answer Choices**
(1): go to bathtub 1
(2): go to bathtubbasin 1
(3): go to cart 1
(4): go to sink 1
(5): go to garbagecan 1
(6): go to sinkbasin 1
(7): go to countertop 1
(8): go to drawer 2
(9): go to drawer 3
(10): go to drawer 4
(11): go to toiletpaperhanger 1
(12): open drawer 1
(13): close drawer 1
(14): put spraybottle 1 in/on drawer 1
(15): examine spraybottle 1
(16): examine drawer 1

**Answer**
Let's think step by step by following the instructions.
----------------------------------------

----------------------------------------

Original Response:
First, we need to analyze the image to identify all visible household objects. From the image, we can see there is a spray bottle on the countertop. Since the task description is to find two spray bottles, and we have identified one, we need to find another one before completing the task of putting them in the toilet.

The task hint guides us to pick up the identified object, find another object of the same type, and then place both objects in the correct location. Since we have already found one spray bottle on the countertop, the next reasonable action would be to search for the second spray bottle.

Based on the **Initial Observation**, possible locations to search for the second spray bottle could be the cart, the drawers, or the sinkbasin. Since the countertop is already in view and we have found one spray bottle there, the next reasonable action is to search the drawers.

The answer is: (12): open drawer 1, as this is the first action to take to search inside the drawer for the second spray bottle. If we find it, we can then proceed to put both spray bottles in the toilet as per the task description.

----------------------------------------

----------------------------------------

>>> Refine Original VLM Response and Get Pure Action: open drawer 1, as this is the first action to take to search inside the drawer for the second spray bottle

----------------------------------------

-----------------------------------------------------------------

Running time: 14.460007905960083 seconds

Total Money: 10.140110000000002

-----------------------------------------------------------------

-----------------------------------------------------------------

Text Observation:Nothing happens.

--------------------------------------------------------------------------------------------------------------------------task: 28---------------------------------------------------------
--------------------------------------------------------------------------------------------------------------------------------------------------------------------
--------------------------------------------------------------------------------------------------------------------------------------------------------------------
Step:--------------------------------------------------------------------------15-------------------------------------------------------------------------------
----------------------------------------
VLM Prompt:
Image1:
<image>
**Instruction**
1. Analyze the provided image to identify all visible household objects, focusing on those relevant to the task description "find two spraybottle and put them in toilet."
2. Use the analysis of the image and the task hint "The agent must find an object of the desired type, pick it up, find the correct location to place it, put it down there, then look for another object of the desired type, pick it up, return to previous location, and put it down there with the other object." to answer the question: what is the most reasonable action in the choices for the task description "find two spraybottle and put them in toilet"?
4. Decide and write the answer using the template: The answer is: (i): <selected_action>, where i is the real number. If there is no desired object in the image, search every place based on **Initial Observation** to find the object. And if no one is exactly correct, choose a similar answer.

**Initial Observation**
You are in the middle of a room. Looking quickly around you, you can see bathtub (1), bathtubbasin (1), cart (1), sink (1), garbagecan (1), sinkbasin (1), countertop (1), drawer (1-4), toilet (1), toiletpaperhanger (1)

**Answer Choices**
(1): go to bathtub 1
(2): go to bathtubbasin 1
(3): go to cart 1
(4): go to sink 1
(5): go to garbagecan 1
(6): go to sinkbasin 1
(7): go to countertop 1
(8): go to drawer 2
(9): go to drawer 3
(10): go to drawer 4
(11): go to toilet 1
(12): go to toiletpaperhanger 1
(13): open drawer 1
(14): close drawer 1
(15): put spraybottle 1 in/on drawer 1
(16): examine spraybottle 1
(17): examine drawer 1

**Answer**
Let's think step by step by following the instructions.
----------------------------------------

----------------------------------------

Original Response:
First, we need to identify the visible household objects that are relevant to the task of finding two spray bottles and putting them in the toilet. In the image, we can see one spray bottle on the countertop and its reflection in the mirror, which makes it seem like there are two spray bottles. However, there is only one spray bottle visible. 

Based on the Initial Observation, we are in the middle of a room with various items, including a countertop where we have already identified one spray bottle. Since the task is to find two spray bottles, we would need to look for the second one. It is not visible in the image, so we need to search in other places.

The most reasonable action to begin this task is to pick up the visible spray bottle from the countertop. Therefore, we should choose the action that involves going to the countertop to pick up the spray bottle. The answer choice that corresponds to this action is (7): go to countertop 1.

After picking up the first spray bottle, we would then search for the second one by checking other locations such as drawers, carts, or the garbage can. Since none of the answer choices directly involve picking up the spray bottle, we will choose the action that allows us to start the task.

The answer is: (7): go to countertop 1.

----------------------------------------

----------------------------------------

>>> Refine Original VLM Response and Get Pure Action: go to countertop 1

----------------------------------------

-----------------------------------------------------------------

Running time: 11.285117626190186 seconds

Total Money: 10.160650000000002

-----------------------------------------------------------------

-----------------------------------------------------------------

Text Observation:You arrive at loc 6. On the countertop 1, you see a tissuebox 3, a spraybottle 3, a toiletpaper 2, a handtowel 1, and a candle 1.

--------------------------------------------------------------------------------------------------------------------------task: 28---------------------------------------------------------
--------------------------------------------------------------------------------------------------------------------------------------------------------------------
--------------------------------------------------------------------------------------------------------------------------------------------------------------------
Step:--------------------------------------------------------------------------16-------------------------------------------------------------------------------
----------------------------------------
VLM Prompt:
Image1:
<image>
**Instruction**
1. Analyze the provided image to identify all visible household objects, focusing on those relevant to the task description "find two spraybottle and put them in toilet."
2. Use the analysis of the image and the task hint "The agent must find an object of the desired type, pick it up, find the correct location to place it, put it down there, then look for another object of the desired type, pick it up, return to previous location, and put it down there with the other object." to answer the question: what is the most reasonable action in the choices for the task description "find two spraybottle and put them in toilet"?
4. Decide and write the answer using the template: The answer is: (i): <selected_action>, where i is the real number. If there is no desired object in the image, search every place based on **Initial Observation** to find the object. And if no one is exactly correct, choose a similar answer.

**Initial Observation**
You are in the middle of a room. Looking quickly around you, you can see bathtub (1), bathtubbasin (1), cart (1), sink (1), garbagecan (1), sinkbasin (1), countertop (1), drawer (1-4), toilet (1), toiletpaperhanger (1)

**Answer Choices**
(1): go to bathtub 1
(2): go to bathtubbasin 1
(3): go to cart 1
(4): go to sink 1
(5): go to garbagecan 1
(6): go to sinkbasin 1
(7): go to drawer 1
(8): go to drawer 2
(9): go to drawer 3
(10): go to drawer 4
(11): go to toilet 1
(12): go to toiletpaperhanger 1
(13): put spraybottle 1 in/on countertop 1
(14): examine spraybottle 1
(15): examine countertop 1

**Answer**
Let's think step by step by following the instructions.
----------------------------------------

----------------------------------------

Original Response:
First, we need to identify the visible household objects in the image relevant to the task. We can see two spray bottles on the countertop.

Next, considering the task, we need to find the spray bottles and put them in the toilet. Since we have already located the spray bottles, the next reasonable action would be to pick up the first spray bottle.

However, the answer choices provided do not include an action for picking up an object. Therefore, we need to choose the closest action that could lead to completing the task. The most reasonable action from the choices given would be to go to the location where we need to place the spray bottles, which is the toilet.

The answer is: (11): go to toilet 1.

----------------------------------------

----------------------------------------

>>> Refine Original VLM Response and Get Pure Action: go to toilet 1

----------------------------------------

-----------------------------------------------------------------

Running time: 86.44966435432434 seconds

Total Money: 10.177320000000002

-----------------------------------------------------------------

-----------------------------------------------------------------

Text Observation:You arrive at loc 11. On the toilet 1, you see a showerdoor 1, and a soapbottle 2.

--------------------------------------------------------------------------------------------------------------------------task: 28---------------------------------------------------------
--------------------------------------------------------------------------------------------------------------------------------------------------------------------
--------------------------------------------------------------------------------------------------------------------------------------------------------------------
Step:--------------------------------------------------------------------------17-------------------------------------------------------------------------------
----------------------------------------
VLM Prompt:
Image1:
<image>
**Instruction**
1. Analyze the provided image to identify all visible household objects, focusing on those relevant to the task description "find two spraybottle and put them in toilet."
2. Use the analysis of the image and the task hint "The agent must find an object of the desired type, pick it up, find the correct location to place it, put it down there, then look for another object of the desired type, pick it up, return to previous location, and put it down there with the other object." to answer the question: what is the most reasonable action in the choices for the task description "find two spraybottle and put them in toilet"?
4. Decide and write the answer using the template: The answer is: (i): <selected_action>, where i is the real number. If there is no desired object in the image, search every place based on **Initial Observation** to find the object. And if no one is exactly correct, choose a similar answer.

**Initial Observation**
You are in the middle of a room. Looking quickly around you, you can see bathtub (1), bathtubbasin (1), cart (1), sink (1), garbagecan (1), sinkbasin (1), countertop (1), drawer (1-4), toilet (1), toiletpaperhanger (1)

**Answer Choices**
(1): go to bathtub 1
(2): go to bathtubbasin 1
(3): go to cart 1
(4): go to sink 1
(5): go to garbagecan 1
(6): go to sinkbasin 1
(7): go to drawer 1
(8): go to drawer 2
(9): go to drawer 3
(10): go to drawer 4
(11): go to toiletpaperhanger 1
(12): put spraybottle 1 in/on toilet 1
(13): examine spraybottle 1
(14): examine toilet 1

**Answer**
Let's think step by step by following the instructions.
----------------------------------------

----------------------------------------

Original Response:
The image shows a single spray bottle on a countertop. According to the task description, the goal is to find two spray bottles and put them in the toilet. 

Since we only see one spray bottle in the image, the first action should be to pick up the visible spray bottle. However, there is no action listed that directly states "pick up spray bottle 1". The closest action related to the spray bottle is to examine it, which may imply picking it up to inspect it before moving it to the desired location.

The next steps after picking up the first spray bottle would be to find the second spray bottle and then place both in the toilet. But since we have not yet found the second spray bottle, we cannot perform the action of putting them in the toilet yet.

Given the available answer choices, the most reasonable action to start with would be to examine the spray bottle that is visible in the image.

The answer is: (13): examine spraybottle 1

----------------------------------------

----------------------------------------

>>> Refine Original VLM Response and Get Pure Action: examine spraybottle 1

----------------------------------------

-----------------------------------------------------------------

Running time: 114.98530960083008 seconds

Total Money: 10.195350000000001

-----------------------------------------------------------------

-----------------------------------------------------------------

Text Observation:This is a normal spraybottle 1

--------------------------------------------------------------------------------------------------------------------------task: 28---------------------------------------------------------
--------------------------------------------------------------------------------------------------------------------------------------------------------------------
--------------------------------------------------------------------------------------------------------------------------------------------------------------------
Step:--------------------------------------------------------------------------18-------------------------------------------------------------------------------
----------------------------------------
VLM Prompt:
Image1:
<image>
**Instruction**
1. Analyze the provided image to identify all visible household objects, focusing on those relevant to the task description "find two spraybottle and put them in toilet."
2. Use the analysis of the image and the task hint "The agent must find an object of the desired type, pick it up, find the correct location to place it, put it down there, then look for another object of the desired type, pick it up, return to previous location, and put it down there with the other object." to answer the question: what is the most reasonable action in the choices for the task description "find two spraybottle and put them in toilet"?
4. Decide and write the answer using the template: The answer is: (i): <selected_action>, where i is the real number. If there is no desired object in the image, search every place based on **Initial Observation** to find the object. And if no one is exactly correct, choose a similar answer.

**Initial Observation**
You are in the middle of a room. Looking quickly around you, you can see bathtub (1), bathtubbasin (1), cart (1), sink (1), garbagecan (1), sinkbasin (1), countertop (1), drawer (1-4), toilet (1), toiletpaperhanger (1)

**Answer Choices**
(1): go to bathtub 1
(2): go to bathtubbasin 1
(3): go to cart 1
(4): go to sink 1
(5): go to garbagecan 1
(6): go to sinkbasin 1
(7): go to drawer 1
(8): go to drawer 2
(9): go to drawer 3
(10): go to drawer 4
(11): go to toiletpaperhanger 1
(12): put spraybottle 1 in/on toilet 1
(13): examine toilet 1

**Answer**
Let's think step by step by following the instructions.
----------------------------------------

----------------------------------------

Original Response:
The image shows a spray bottle on the countertop. According to the task description, we need to find two spray bottles and put them in the toilet.

The image only shows one spray bottle, so the first reasonable action would be to pick up the visible spray bottle and put it in the toilet. The corresponding action from the provided choices is (12): put spraybottle 1 in/on toilet 1.

After placing the first spray bottle in the toilet, we would then need to search for the second spray bottle. Since the image does not show a second spray bottle, we would need to search the locations mentioned in the initial observation. The most likely places to find a spray bottle would be in a drawer or on a cart, as these are common storage areas for cleaning supplies.

The answer is: (12): put spraybottle 1 in/on toilet 1. After completing this action, search drawers 1-4 and cart 1 for the second spray bottle.

----------------------------------------

----------------------------------------

>>> Refine Original VLM Response and Get Pure Action: put spraybottle 1 in/on toilet 1

----------------------------------------

-----------------------------------------------------------------

Running time: 8.0258948802948 seconds

Total Money: 10.213310000000002

-----------------------------------------------------------------

-----------------------------------------------------------------

Text Observation:You put the spraybottle 1 in/on the toilet 1.

--------------------------------------------------------------------------------------------------------------------------task: 28---------------------------------------------------------
--------------------------------------------------------------------------------------------------------------------------------------------------------------------
--------------------------------------------------------------------------------------------------------------------------------------------------------------------
Step:--------------------------------------------------------------------------19-------------------------------------------------------------------------------
----------------------------------------
VLM Prompt:
Image1:
<image>
**Instruction**
1. Analyze the provided image to identify all visible household objects, focusing on those relevant to the task description "find two spraybottle and put them in toilet."
2. Use the analysis of the image and the task hint "The agent must find an object of the desired type, pick it up, find the correct location to place it, put it down there, then look for another object of the desired type, pick it up, return to previous location, and put it down there with the other object." to answer the question: what is the most reasonable action in the choices for the task description "find two spraybottle and put them in toilet"?
4. Decide and write the answer using the template: The answer is: (i): <selected_action>, where i is the real number. If there is no desired object in the image, search every place based on **Initial Observation** to find the object. And if no one is exactly correct, choose a similar answer.

**Initial Observation**
You are in the middle of a room. Looking quickly around you, you can see bathtub (1), bathtubbasin (1), cart (1), sink (1), garbagecan (1), sinkbasin (1), countertop (1), drawer (1-4), toilet (1), toiletpaperhanger (1)

**Answer Choices**
(1): go to bathtub 1
(2): go to bathtubbasin 1
(3): go to cart 1
(4): go to sink 1
(5): go to garbagecan 1
(6): go to sinkbasin 1
(7): go to countertop 1
(8): go to drawer 1
(9): go to drawer 2
(10): go to drawer 3
(11): go to drawer 4
(12): go to toiletpaperhanger 1
(13): take showerdoor 1 from toilet 1
(14): take soapbottle 2 from toilet 1
(15): examine toilet 1

**Answer**
Let's think step by step by following the instructions.
----------------------------------------

----------------------------------------

Original Response:
First, we need to identify the visible household objects in the image relevant to the task description. We can see a spray bottle on top of the toilet tank.

Now, considering the task hint, the most reasonable first action would be to pick up the visible spray bottle. However, there are no answer choices that directly suggest picking up the spray bottle. The closest action that relates to interacting with the toilet (where the spray bottle is located) is examining the toilet.

Therefore, the answer is: (15): examine toilet 1.

----------------------------------------

----------------------------------------

>>> Refine Original VLM Response and Get Pure Action: No action

----------------------------------------

-----------------------------------------------------------------

Running time: 5.325731039047241 seconds

Total Money: 10.228760000000001

-----------------------------------------------------------------

-----------------------------------------------------------------

Text Observation:Nothing happens.

-----------------------------------------------------------------