---------------------------------------------------------task: 12---------------------------------------------------------
--------------------------------------------------------------------------------------------------------------------------------------------------------------------
--------------------------------------------------------------------------------------------------------------------------------------------------------------------
Step:--------------------------------------------------------------------------0-------------------------------------------------------------------------------
----------------------------------------
VLM Prompt:
Image1:
<image>
**Instruction**
1. Analyze the provided image to identify all visible household objects, focusing on those relevant to the task description "clean some tomato and put it in countertop."
2. Use the analysis of the image and the task hint "The agent must find an object of the desired type, pick it up, go to a sink or a basin, clean the object with a sink or basin, and then find the correct location to place it and put it down there. The agent does not need to use soap bottle or faucet to clean the object, and the agent just needs to do action that is "clean the object with the sink or sink basin"." to answer the question: what is the most reasonable action in the choices for the task description "clean some tomato and put it in countertop"?
4. Decide and write the answer using the template: The answer is: (i): <selected_action>, where i is the real number. If there is no desired object in the image, search every place based on **Initial Observation** to find the object. And if no one is exactly correct, choose a similar answer.

**Initial Observation**
You are in the middle of a room. Looking quickly around you, you can see cabinet (1-6), microwave (1), countertop (1-2), coffeemachine (1), toaster (1), sink (1), sinkbasin (1), fridge (1)

**Answer Choices**
(1): go to cabinet 1
(2): go to cabinet 2
(3): go to cabinet 3
(4): go to microwave 1
(5): go to cabinet 4
(6): go to cabinet 5
(7): go to cabinet 6
(8): go to countertop 1
(9): go to coffeemachine 1
(10): go to toaster 1
(11): go to countertop 2
(12): go to sink 1
(13): go to sinkbasin 1
(14): go to fridge 1

**Answer**
Let's think step by step by following the instructions.
----------------------------------------

----------------------------------------

Original Response:
First, we need to find a tomato. The tomato is most likely to be found in cabinet 1-6 or fridge 1, as these are common storage places for food items. However, given that tomatoes are often kept in a fridge to maintain freshness, the most reasonable action would be to start by checking the fridge. Therefore, the answer is: (14): go to fridge 1.

----------------------------------------

----------------------------------------

>>> Refine Original VLM Response and Get Pure Action: No action

----------------------------------------

-----------------------------------------------------------------

Running time: 26.811405181884766 seconds

Total Money: 3.7086100000000006

-----------------------------------------------------------------

-----------------------------------------------------------------

Text Observation:Nothing happens.

--------------------------------------------------------------------------------------------------------------------------task: 12---------------------------------------------------------
--------------------------------------------------------------------------------------------------------------------------------------------------------------------
--------------------------------------------------------------------------------------------------------------------------------------------------------------------
Step:--------------------------------------------------------------------------1-------------------------------------------------------------------------------
----------------------------------------
VLM Prompt:
Image1:
<image>
**Instruction**
1. Analyze the provided image to identify all visible household objects, focusing on those relevant to the task description "clean some tomato and put it in countertop."
2. Use the analysis of the image and the task hint "The agent must find an object of the desired type, pick it up, go to a sink or a basin, clean the object with a sink or basin, and then find the correct location to place it and put it down there. The agent does not need to use soap bottle or faucet to clean the object, and the agent just needs to do action that is "clean the object with the sink or sink basin"." to answer the question: what is the most reasonable action in the choices for the task description "clean some tomato and put it in countertop"?
4. Decide and write the answer using the template: The answer is: (i): <selected_action>, where i is the real number. If there is no desired object in the image, search every place based on **Initial Observation** to find the object. And if no one is exactly correct, choose a similar answer.

**Initial Observation**
You are in the middle of a room. Looking quickly around you, you can see cabinet (1-6), microwave (1), countertop (1-2), coffeemachine (1), toaster (1), sink (1), sinkbasin (1), fridge (1)

**Answer Choices**
(1): go to cabinet 1
(2): go to cabinet 2
(3): go to cabinet 3
(4): go to microwave 1
(5): go to cabinet 4
(6): go to cabinet 5
(7): go to cabinet 6
(8): go to countertop 1
(9): go to coffeemachine 1
(10): go to toaster 1
(11): go to countertop 2
(12): go to sink 1
(13): go to sinkbasin 1
(14): go to fridge 1

**Answer**
Let's think step by step by following the instructions.
----------------------------------------

----------------------------------------

Original Response:
First, we need to find a tomato, which is most likely to be inside the fridge. So the first action would be to go to the fridge to get the tomato.

After acquiring the tomato, the next step is to clean it. The image shows a sink and a sink basin that can be used for this purpose. Since the agent does not need to use a soap bottle or faucet, they just need to perform the action of cleaning the tomato with the sink or sink basin.

Finally, after cleaning the tomato, the agent needs to put it on the countertop. The image shows two countertops, labeled as countertop 1 and countertop 2.

Based on the **Initial Observation** and the image provided, the most reasonable sequence of actions would be:
- Go to the fridge to get the tomato (14).
- Clean the tomato with the sink or sink basin (12 or 13).
- Put the cleaned tomato on the countertop (8 or 11).

Since we need to select one action for the task description "clean some tomato and put it in countertop," we will choose the first logical step:

The answer is: (14): go to fridge 1.

----------------------------------------

----------------------------------------

>>> Refine Original VLM Response and Get Pure Action: go to fridge 1

----------------------------------------

-----------------------------------------------------------------

Running time: 39.458027362823486 seconds

Total Money: 3.7279800000000005

-----------------------------------------------------------------

-----------------------------------------------------------------

Text Observation:You arrive at loc 13. The fridge 1 is closed. 

--------------------------------------------------------------------------------------------------------------------------task: 12---------------------------------------------------------
--------------------------------------------------------------------------------------------------------------------------------------------------------------------
--------------------------------------------------------------------------------------------------------------------------------------------------------------------
Step:--------------------------------------------------------------------------2-------------------------------------------------------------------------------
----------------------------------------
VLM Prompt:
Image1:
<image>
**Instruction**
1. Analyze the provided image to identify all visible household objects, focusing on those relevant to the task description "clean some tomato and put it in countertop."
2. Use the analysis of the image and the task hint "The agent must find an object of the desired type, pick it up, go to a sink or a basin, clean the object with a sink or basin, and then find the correct location to place it and put it down there. The agent does not need to use soap bottle or faucet to clean the object, and the agent just needs to do action that is "clean the object with the sink or sink basin"." to answer the question: what is the most reasonable action in the choices for the task description "clean some tomato and put it in countertop"?
4. Decide and write the answer using the template: The answer is: (i): <selected_action>, where i is the real number. If there is no desired object in the image, search every place based on **Initial Observation** to find the object. And if no one is exactly correct, choose a similar answer.

**Initial Observation**
You are in the middle of a room. Looking quickly around you, you can see cabinet (1-6), microwave (1), countertop (1-2), coffeemachine (1), toaster (1), sink (1), sinkbasin (1), fridge (1)

**Answer Choices**
(1): go to cabinet 1
(2): go to cabinet 2
(3): go to cabinet 3
(4): go to microwave 1
(5): go to cabinet 4
(6): go to cabinet 5
(7): go to cabinet 6
(8): go to countertop 1
(9): go to coffeemachine 1
(10): go to toaster 1
(11): go to countertop 2
(12): go to sink 1
(13): go to sinkbasin 1
(14): open fridge 1
(15): close fridge 1
(16): examine fridge 1

**Answer**
Let's think step by step by following the instructions.
----------------------------------------

----------------------------------------

Original Response:
The answer is: (14): open fridge 1

----------------------------------------

----------------------------------------

>>> Refine Original VLM Response and Get Pure Action: open fridge 1

----------------------------------------

-----------------------------------------------------------------

Running time: 4.288122892379761 seconds

Total Money: 3.7409400000000006

-----------------------------------------------------------------

-----------------------------------------------------------------

Text Observation:You open the fridge 1. The fridge 1 is open. In it, you see a apple 1, and a potato 1.

--------------------------------------------------------------------------------------------------------------------------task: 12---------------------------------------------------------
--------------------------------------------------------------------------------------------------------------------------------------------------------------------
--------------------------------------------------------------------------------------------------------------------------------------------------------------------
Step:--------------------------------------------------------------------------3-------------------------------------------------------------------------------
----------------------------------------
VLM Prompt:
Image1:
<image>
**Instruction**
1. Analyze the provided image to identify all visible household objects, focusing on those relevant to the task description "clean some tomato and put it in countertop."
2. Use the analysis of the image and the task hint "The agent must find an object of the desired type, pick it up, go to a sink or a basin, clean the object with a sink or basin, and then find the correct location to place it and put it down there. The agent does not need to use soap bottle or faucet to clean the object, and the agent just needs to do action that is "clean the object with the sink or sink basin"." to answer the question: what is the most reasonable action in the choices for the task description "clean some tomato and put it in countertop"?
4. Decide and write the answer using the template: The answer is: (i): <selected_action>, where i is the real number. If there is no desired object in the image, search every place based on **Initial Observation** to find the object. And if no one is exactly correct, choose a similar answer.

**Initial Observation**
You are in the middle of a room. Looking quickly around you, you can see cabinet (1-6), microwave (1), countertop (1-2), coffeemachine (1), toaster (1), sink (1), sinkbasin (1), fridge (1)

**Answer Choices**
(1): go to cabinet 1
(2): go to cabinet 2
(3): go to cabinet 3
(4): go to microwave 1
(5): go to cabinet 4
(6): go to cabinet 5
(7): go to cabinet 6
(8): go to countertop 1
(9): go to coffeemachine 1
(10): go to toaster 1
(11): go to countertop 2
(12): go to sink 1
(13): go to sinkbasin 1
(14): close fridge 1
(15): take apple 1 from fridge 1
(16): take potato 1 from fridge 1
(17): examine fridge 1

**Answer**
Let's think step by step by following the instructions.
----------------------------------------

----------------------------------------

Original Response:
The task is to clean some tomato and put it on the countertop. In the provided image, there is no tomato visible inside the fridge, only a potato and an apple. Therefore, the agent must search every place based on the initial observation to find the tomato.

Since tomatoes are not typically stored in appliances like microwaves, coffee machines, or toasters, it is reasonable to exclude those locations. Cabinets and countertops are common storage places for tomatoes. The sink or sink basin will be needed to clean the tomato once it is found.

Given the information provided, the most reasonable action would be to start searching the cabinets for a tomato. Starting with cabinet 1 seems like a logical first step, as it is often the convention to start with the first in a series.

The answer is: (1): go to cabinet 1.

----------------------------------------

----------------------------------------

>>> Refine Original VLM Response and Get Pure Action: go to cabinet 1

----------------------------------------

-----------------------------------------------------------------

Running time: 9.193309545516968 seconds

Total Money: 3.7584900000000006

-----------------------------------------------------------------

-----------------------------------------------------------------

Text Observation:You arrive at loc 0. The cabinet 1 is closed. 

--------------------------------------------------------------------------------------------------------------------------task: 12---------------------------------------------------------
--------------------------------------------------------------------------------------------------------------------------------------------------------------------
--------------------------------------------------------------------------------------------------------------------------------------------------------------------
Step:--------------------------------------------------------------------------4-------------------------------------------------------------------------------
----------------------------------------
VLM Prompt:
Image1:
<image>
**Instruction**
1. Analyze the provided image to identify all visible household objects, focusing on those relevant to the task description "clean some tomato and put it in countertop."
2. Use the analysis of the image and the task hint "The agent must find an object of the desired type, pick it up, go to a sink or a basin, clean the object with a sink or basin, and then find the correct location to place it and put it down there. The agent does not need to use soap bottle or faucet to clean the object, and the agent just needs to do action that is "clean the object with the sink or sink basin"." to answer the question: what is the most reasonable action in the choices for the task description "clean some tomato and put it in countertop"?
4. Decide and write the answer using the template: The answer is: (i): <selected_action>, where i is the real number. If there is no desired object in the image, search every place based on **Initial Observation** to find the object. And if no one is exactly correct, choose a similar answer.

**Initial Observation**
You are in the middle of a room. Looking quickly around you, you can see cabinet (1-6), microwave (1), countertop (1-2), coffeemachine (1), toaster (1), sink (1), sinkbasin (1), fridge (1)

**Answer Choices**
(1): go to cabinet 2
(2): go to cabinet 3
(3): go to microwave 1
(4): go to cabinet 4
(5): go to cabinet 5
(6): go to cabinet 6
(7): go to countertop 1
(8): go to coffeemachine 1
(9): go to toaster 1
(10): go to countertop 2
(11): go to sink 1
(12): go to sinkbasin 1
(13): open cabinet 1
(14): close cabinet 1
(15): examine cabinet 1

**Answer**
Let's think step by step by following the instructions.
----------------------------------------

----------------------------------------

Original Response:
Firstly, the task is to clean some tomato and put it on the countertop. For this, we need to find a tomato. Typically, tomatoes are stored in a refrigerator, but the fridge is not one of the options, so we must look for a cabinet where tomatoes might be stored temporarily after grocery shopping or being taken out of the fridge. Cabinets are often used to store food items, so it's likely we'll find the tomato there.

Next, the instructions state that the agent must find the object, clean it with a sink or basin, and then place it on the correct location. Since we need to find a tomato first, we should look in the cabinets. The image shows three cabinets labeled "cabinet 1," "cabinet 2," and "cabinet 3." However, we do not have enough information to know which cabinet contains the tomato.

Given the initial observation, searching every cabinet is a reasonable approach to find the tomato. Once we find a tomato, we can then go to the sink or sink basin to clean it and place it on the countertop.

The most reasonable action from the given choices to start with would be to go to one of the cabinets. Since the image shows "cabinet 1," "cabinet 2," and "cabinet 3," we can assume these are closest to us. "Cabinet 1" is the first labeled cabinet in the sequence, so it is reasonable to start from there.

The answer is: (13): open cabinet 1.

----------------------------------------

----------------------------------------

>>> Refine Original VLM Response and Get Pure Action: open cabinet 1

----------------------------------------

-----------------------------------------------------------------

Running time: 10.042410373687744 seconds

Total Money: 3.7800500000000006

-----------------------------------------------------------------

-----------------------------------------------------------------

Text Observation:You open the cabinet 1. The cabinet 1 is open. In it, you see nothing.

--------------------------------------------------------------------------------------------------------------------------task: 12---------------------------------------------------------
--------------------------------------------------------------------------------------------------------------------------------------------------------------------
--------------------------------------------------------------------------------------------------------------------------------------------------------------------
Step:--------------------------------------------------------------------------5-------------------------------------------------------------------------------
----------------------------------------
VLM Prompt:
Image1:
<image>
**Instruction**
1. Analyze the provided image to identify all visible household objects, focusing on those relevant to the task description "clean some tomato and put it in countertop."
2. Use the analysis of the image and the task hint "The agent must find an object of the desired type, pick it up, go to a sink or a basin, clean the object with a sink or basin, and then find the correct location to place it and put it down there. The agent does not need to use soap bottle or faucet to clean the object, and the agent just needs to do action that is "clean the object with the sink or sink basin"." to answer the question: what is the most reasonable action in the choices for the task description "clean some tomato and put it in countertop"?
4. Decide and write the answer using the template: The answer is: (i): <selected_action>, where i is the real number. If there is no desired object in the image, search every place based on **Initial Observation** to find the object. And if no one is exactly correct, choose a similar answer.

**Initial Observation**
You are in the middle of a room. Looking quickly around you, you can see cabinet (1-6), microwave (1), countertop (1-2), coffeemachine (1), toaster (1), sink (1), sinkbasin (1), fridge (1)

**Answer Choices**
(1): go to cabinet 2
(2): go to cabinet 3
(3): go to microwave 1
(4): go to cabinet 4
(5): go to cabinet 5
(6): go to cabinet 6
(7): go to countertop 1
(8): go to coffeemachine 1
(9): go to toaster 1
(10): go to countertop 2
(11): go to sink 1
(12): go to sinkbasin 1
(13): go to fridge 1
(14): close cabinet 1
(15): take nothing from cabinet 1
(16): examine cabinet 1

**Answer**
Let's think step by step by following the instructions.
----------------------------------------

----------------------------------------

Original Response:
The task is to clean some tomato and put it on the countertop. Tomatoes are generally stored in a fridge to keep them fresh. Based on the initial observation, there is a fridge in the room.

Given the task description and the initial observation, the most reasonable action to start with would be to go to the fridge to get the tomato. Therefore, the answer is:
The answer is: (13): go to fridge 1.

----------------------------------------

----------------------------------------

>>> Refine Original VLM Response and Get Pure Action: go to fridge 1

----------------------------------------

-----------------------------------------------------------------

Running time: 5.617049217224121 seconds

Total Money: 3.7950600000000008

-----------------------------------------------------------------

-----------------------------------------------------------------

Text Observation:You arrive at loc 13. The fridge 1 is open. On the fridge 1, you see a apple 1, and a potato 1.

--------------------------------------------------------------------------------------------------------------------------task: 12---------------------------------------------------------
--------------------------------------------------------------------------------------------------------------------------------------------------------------------
--------------------------------------------------------------------------------------------------------------------------------------------------------------------
Step:--------------------------------------------------------------------------6-------------------------------------------------------------------------------
----------------------------------------
VLM Prompt:
Image1:
<image>
**Instruction**
1. Analyze the provided image to identify all visible household objects, focusing on those relevant to the task description "clean some tomato and put it in countertop."
2. Use the analysis of the image and the task hint "The agent must find an object of the desired type, pick it up, go to a sink or a basin, clean the object with a sink or basin, and then find the correct location to place it and put it down there. The agent does not need to use soap bottle or faucet to clean the object, and the agent just needs to do action that is "clean the object with the sink or sink basin"." to answer the question: what is the most reasonable action in the choices for the task description "clean some tomato and put it in countertop"?
4. Decide and write the answer using the template: The answer is: (i): <selected_action>, where i is the real number. If there is no desired object in the image, search every place based on **Initial Observation** to find the object. And if no one is exactly correct, choose a similar answer.

**Initial Observation**
You are in the middle of a room. Looking quickly around you, you can see cabinet (1-6), microwave (1), countertop (1-2), coffeemachine (1), toaster (1), sink (1), sinkbasin (1), fridge (1)

**Answer Choices**
(1): go to cabinet 2
(2): go to cabinet 3
(3): go to microwave 1
(4): go to cabinet 4
(5): go to cabinet 5
(6): go to cabinet 6
(7): go to countertop 1
(8): go to coffeemachine 1
(9): go to toaster 1
(10): go to countertop 2
(11): go to sink 1
(12): go to sinkbasin 1
(13): open fridge 1
(14): close fridge 1
(15): take apple 1 from fridge 1
(16): take potato 1 from fridge 1
(17): examine fridge 1

**Answer**
Let's think step by step by following the instructions.
----------------------------------------

----------------------------------------

Original Response:
The task is to clean some tomato and put it on the countertop. From the image provided, we can see the inside of fridge 1, which contains an apple and a potato, but no tomato. Based on the initial observation, we should search every place to find the tomato.

The most reasonable action to start with would be to search the cabinets as tomatoes are usually not stored in the microwave, coffeemachine, toaster, sink, or sinkbasin. Since the fridge has been examined and contains no tomato, we can rule out actions related to the fridge. 

Therefore, the answer is: (1): go to cabinet 2.

----------------------------------------

----------------------------------------

>>> Refine Original VLM Response and Get Pure Action: No action

----------------------------------------

-----------------------------------------------------------------

Running time: 17.03455138206482 seconds

Total Money: 3.8114600000000007

-----------------------------------------------------------------

-----------------------------------------------------------------

Text Observation:Nothing happens.

--------------------------------------------------------------------------------------------------------------------------task: 12---------------------------------------------------------
--------------------------------------------------------------------------------------------------------------------------------------------------------------------
--------------------------------------------------------------------------------------------------------------------------------------------------------------------
Step:--------------------------------------------------------------------------7-------------------------------------------------------------------------------
----------------------------------------
VLM Prompt:
Image1:
<image>
**Instruction**
1. Analyze the provided image to identify all visible household objects, focusing on those relevant to the task description "clean some tomato and put it in countertop."
2. Use the analysis of the image and the task hint "The agent must find an object of the desired type, pick it up, go to a sink or a basin, clean the object with a sink or basin, and then find the correct location to place it and put it down there. The agent does not need to use soap bottle or faucet to clean the object, and the agent just needs to do action that is "clean the object with the sink or sink basin"." to answer the question: what is the most reasonable action in the choices for the task description "clean some tomato and put it in countertop"?
4. Decide and write the answer using the template: The answer is: (i): <selected_action>, where i is the real number. If there is no desired object in the image, search every place based on **Initial Observation** to find the object. And if no one is exactly correct, choose a similar answer.

**Initial Observation**
You are in the middle of a room. Looking quickly around you, you can see cabinet (1-6), microwave (1), countertop (1-2), coffeemachine (1), toaster (1), sink (1), sinkbasin (1), fridge (1)

**Answer Choices**
(1): go to cabinet 1
(2): go to cabinet 2
(3): go to cabinet 3
(4): go to microwave 1
(5): go to cabinet 4
(6): go to cabinet 5
(7): go to cabinet 6
(8): go to countertop 1
(9): go to coffeemachine 1
(10): go to toaster 1
(11): go to countertop 2
(12): go to sink 1
(13): go to sinkbasin 1
(14): open fridge 1
(15): close fridge 1
(16): take apple 1 from fridge 1
(17): take potato 1 from fridge 1
(18): examine fridge 1

**Answer**
Let's think step by step by following the instructions.
----------------------------------------

----------------------------------------

Original Response:
The task is to clean a tomato and put it on the countertop. The image shows the inside of a fridge with a potato and an apple, but no tomato is visible. Therefore, we must search every place based on the Initial Observation to find the tomato.

The most reasonable action from the choices provided would be to check the cabinets, as tomatoes are not typically stored in the fridge or appliances like microwaves, coffee machines, or toasters. Since we are looking for a tomato, it is less likely to be in the sink or sink basin, as these are places to clean the tomato, not to find it.

The answer is: (1): go to cabinet 1. If the tomato is not in cabinet 1, we would continue with cabinets 2-6 until the tomato is found. After finding the tomato, we would then go to the sink or sink basin to clean it and finally place it on the countertop.

----------------------------------------

----------------------------------------

>>> Refine Original VLM Response and Get Pure Action: go to cabinet 1

----------------------------------------

-----------------------------------------------------------------

Running time: 8.244810819625854 seconds

Total Money: 3.8297500000000007

-----------------------------------------------------------------

-----------------------------------------------------------------

Text Observation:You arrive at loc 0. The cabinet 1 is open. On the cabinet 1, you see nothing.

--------------------------------------------------------------------------------------------------------------------------task: 12---------------------------------------------------------
--------------------------------------------------------------------------------------------------------------------------------------------------------------------
--------------------------------------------------------------------------------------------------------------------------------------------------------------------
Step:--------------------------------------------------------------------------8-------------------------------------------------------------------------------
----------------------------------------
VLM Prompt:
Image1:
<image>
**Instruction**
1. Analyze the provided image to identify all visible household objects, focusing on those relevant to the task description "clean some tomato and put it in countertop."
2. Use the analysis of the image and the task hint "The agent must find an object of the desired type, pick it up, go to a sink or a basin, clean the object with a sink or basin, and then find the correct location to place it and put it down there. The agent does not need to use soap bottle or faucet to clean the object, and the agent just needs to do action that is "clean the object with the sink or sink basin"." to answer the question: what is the most reasonable action in the choices for the task description "clean some tomato and put it in countertop"?
4. Decide and write the answer using the template: The answer is: (i): <selected_action>, where i is the real number. If there is no desired object in the image, search every place based on **Initial Observation** to find the object. And if no one is exactly correct, choose a similar answer.

**Initial Observation**
You are in the middle of a room. Looking quickly around you, you can see cabinet (1-6), microwave (1), countertop (1-2), coffeemachine (1), toaster (1), sink (1), sinkbasin (1), fridge (1)

**Answer Choices**
(1): go to cabinet 2
(2): go to cabinet 3
(3): go to microwave 1
(4): go to cabinet 4
(5): go to cabinet 5
(6): go to cabinet 6
(7): go to countertop 1
(8): go to coffeemachine 1
(9): go to toaster 1
(10): go to countertop 2
(11): go to sink 1
(12): go to sinkbasin 1
(13): open cabinet 1
(14): close cabinet 1
(15): take nothing from cabinet 1
(16): examine cabinet 1

**Answer**
Let's think step by step by following the instructions.
----------------------------------------

----------------------------------------

Original Response:
The task is to clean some tomato and put it on the countertop. To achieve this, the agent must first find a tomato. Since tomatoes are not visible in the image provided, the agent should search in places where tomatoes are likely to be stored, which is typically in a cabinet or a fridge.

Based on the Initial Observation, the agent is in a room with multiple cabinets, a fridge, and other household objects. Since the fridge is not listed in the answer choices, the agent should check the cabinets for the tomato.

The most reasonable action is to open a cabinet to search for the tomato. Once the tomato is found, the agent can then proceed to the sink or sink basin to clean it and finally place it on the countertop.

Based on the given answer choices, the action that aligns with finding a tomato is to open a cabinet. Since cabinets 2 and 3 are visible in the image and are not open, the agent should start with cabinet 1, which is also mentioned in the Initial Observation.

The answer is: (13): open cabinet 1.

----------------------------------------

----------------------------------------

>>> Refine Original VLM Response and Get Pure Action: open cabinet 1

----------------------------------------

-----------------------------------------------------------------

Running time: 8.99518895149231 seconds

Total Money: 3.8486500000000006

-----------------------------------------------------------------

-----------------------------------------------------------------

Text Observation:Nothing happens.

--------------------------------------------------------------------------------------------------------------------------task: 12---------------------------------------------------------
--------------------------------------------------------------------------------------------------------------------------------------------------------------------
--------------------------------------------------------------------------------------------------------------------------------------------------------------------
Step:--------------------------------------------------------------------------9-------------------------------------------------------------------------------
----------------------------------------
VLM Prompt:
Image1:
<image>
**Instruction**
1. Analyze the provided image to identify all visible household objects, focusing on those relevant to the task description "clean some tomato and put it in countertop."
2. Use the analysis of the image and the task hint "The agent must find an object of the desired type, pick it up, go to a sink or a basin, clean the object with a sink or basin, and then find the correct location to place it and put it down there. The agent does not need to use soap bottle or faucet to clean the object, and the agent just needs to do action that is "clean the object with the sink or sink basin"." to answer the question: what is the most reasonable action in the choices for the task description "clean some tomato and put it in countertop"?
4. Decide and write the answer using the template: The answer is: (i): <selected_action>, where i is the real number. If there is no desired object in the image, search every place based on **Initial Observation** to find the object. And if no one is exactly correct, choose a similar answer.

**Initial Observation**
You are in the middle of a room. Looking quickly around you, you can see cabinet (1-6), microwave (1), countertop (1-2), coffeemachine (1), toaster (1), sink (1), sinkbasin (1), fridge (1)

**Answer Choices**
(1): go to cabinet 2
(2): go to cabinet 3
(3): go to microwave 1
(4): go to cabinet 4
(5): go to cabinet 5
(6): go to cabinet 6
(7): go to countertop 1
(8): go to coffeemachine 1
(9): go to toaster 1
(10): go to countertop 2
(11): go to sink 1
(12): go to sinkbasin 1
(13): go to fridge 1
(14): close cabinet 1
(15): take nothing from cabinet 1
(16): examine cabinet 1

**Answer**
Let's think step by step by following the instructions.
----------------------------------------

----------------------------------------

Original Response:
The first step is to clean some tomato. To do that, the agent would need to find a tomato. Tomatoes are typically stored in the fridge or on the countertop, but since the task specifically mentions cleaning it, it's likely that the tomato hasn't been cleaned yet and is still in storage, which would be the fridge. Therefore, the agent should first go to the fridge to get the tomato.

After obtaining the tomato, the agent must clean it. The instructions specify that the agent must go to a sink or a basin to clean the object. Therefore, after getting the tomato from the fridge, the agent should go to the sink or the sink basin.

Finally, the agent needs to put the cleaned tomato on the countertop. After cleaning the tomato, the agent should go to the countertop to place the tomato there.

Based on the Initial Observation, the first step would be to go to the fridge to find the tomato, which is answer choice (13). The next step is to clean the tomato at the sink or sink basin, but since the image does not show where the sink or basin is located and no specific answer choice is given for cleaning the tomato, we cannot select an action for this step. Lastly, the agent must put the tomato on the countertop, which would be either answer choice (7) or (10). However, the image provided does not show the countertop, so we cannot determine which one to choose.

The answer is: (13): go to fridge 1, as this is the first logical step in the task of cleaning some tomato and putting it on the countertop. The subsequent steps cannot be determined from the image provided and the answer choices available.

----------------------------------------

----------------------------------------

>>> Refine Original VLM Response and Get Pure Action: go to fridge 1, as this is the first logical step in the task of cleaning some tomato and putting it on the countertop

----------------------------------------

-----------------------------------------------------------------

Running time: 20.852782249450684 seconds

Total Money: 3.8713400000000004

-----------------------------------------------------------------

-----------------------------------------------------------------

Text Observation:Nothing happens.

--------------------------------------------------------------------------------------------------------------------------task: 12---------------------------------------------------------
--------------------------------------------------------------------------------------------------------------------------------------------------------------------
--------------------------------------------------------------------------------------------------------------------------------------------------------------------
Step:--------------------------------------------------------------------------10-------------------------------------------------------------------------------
----------------------------------------
VLM Prompt:
Image1:
<image>
**Instruction**
1. Analyze the provided image to identify all visible household objects, focusing on those relevant to the task description "clean some tomato and put it in countertop."
2. Use the analysis of the image and the task hint "The agent must find an object of the desired type, pick it up, go to a sink or a basin, clean the object with a sink or basin, and then find the correct location to place it and put it down there. The agent does not need to use soap bottle or faucet to clean the object, and the agent just needs to do action that is "clean the object with the sink or sink basin"." to answer the question: what is the most reasonable action in the choices for the task description "clean some tomato and put it in countertop"?
4. Decide and write the answer using the template: The answer is: (i): <selected_action>, where i is the real number. If there is no desired object in the image, search every place based on **Initial Observation** to find the object. And if no one is exactly correct, choose a similar answer.

**Initial Observation**
You are in the middle of a room. Looking quickly around you, you can see cabinet (1-6), microwave (1), countertop (1-2), coffeemachine (1), toaster (1), sink (1), sinkbasin (1), fridge (1)

**Answer Choices**
(1): go to cabinet 2
(2): go to cabinet 3
(3): go to microwave 1
(4): go to cabinet 4
(5): go to cabinet 5
(6): go to cabinet 6
(7): go to countertop 1
(8): go to coffeemachine 1
(9): go to toaster 1
(10): go to countertop 2
(11): go to sink 1
(12): go to sinkbasin 1
(13): go to fridge 1
(14): close cabinet 1
(15): take nothing from cabinet 1
(16): examine cabinet 1

**Answer**
Let's think step by step by following the instructions.
----------------------------------------

----------------------------------------

Original Response:
Firstly, we need to find a tomato. Since tomatoes are typically stored in a fridge to keep them fresh, the most logical place to start looking for a tomato would be the fridge. 

After finding and picking up the tomato, the next step is to clean it. For this, we would need to go to a sink or sink basin. As there is no indication of where the sink or sink basin is located in Image 1, we will consider the **Initial Observation** which states there is a sink (1) and sinkbasin (1) available.

Once the tomato is cleaned, the final step is to place it on the countertop. Again, referring to the **Initial Observation**, we know there are two countertops available, countertop (1-2).

Based on this analysis, the most reasonable action in the choices provided for the task description "clean some tomato and put it in countertop" would be to first go to the fridge to obtain the tomato, which is not explicitly given as an option but is implied in choice (13). Then, go to the sink or sinkbasin to clean it (choices 11 or 12), and finally go to either of the countertops to place the cleaned tomato (choices 7 or 10).

Since we have to choose the most reasonable action from the provided choices and the first step is to obtain a tomato, the answer is: (13): go to fridge 1.

----------------------------------------

----------------------------------------

>>> Refine Original VLM Response and Get Pure Action: No action

----------------------------------------

-----------------------------------------------------------------

Running time: 11.419283390045166 seconds

Total Money: 3.8924400000000006

-----------------------------------------------------------------

-----------------------------------------------------------------

Text Observation:Nothing happens.

--------------------------------------------------------------------------------------------------------------------------task: 12---------------------------------------------------------
--------------------------------------------------------------------------------------------------------------------------------------------------------------------
--------------------------------------------------------------------------------------------------------------------------------------------------------------------
Step:--------------------------------------------------------------------------11-------------------------------------------------------------------------------
----------------------------------------
VLM Prompt:
Image1:
<image>
**Instruction**
1. Analyze the provided image to identify all visible household objects, focusing on those relevant to the task description "clean some tomato and put it in countertop."
2. Use the analysis of the image and the task hint "The agent must find an object of the desired type, pick it up, go to a sink or a basin, clean the object with a sink or basin, and then find the correct location to place it and put it down there. The agent does not need to use soap bottle or faucet to clean the object, and the agent just needs to do action that is "clean the object with the sink or sink basin"." to answer the question: what is the most reasonable action in the choices for the task description "clean some tomato and put it in countertop"?
4. Decide and write the answer using the template: The answer is: (i): <selected_action>, where i is the real number. If there is no desired object in the image, search every place based on **Initial Observation** to find the object. And if no one is exactly correct, choose a similar answer.

**Initial Observation**
You are in the middle of a room. Looking quickly around you, you can see cabinet (1-6), microwave (1), countertop (1-2), coffeemachine (1), toaster (1), sink (1), sinkbasin (1), fridge (1)

**Answer Choices**
(1): go to cabinet 2
(2): go to cabinet 3
(3): go to microwave 1
(4): go to cabinet 4
(5): go to cabinet 5
(6): go to cabinet 6
(7): go to countertop 1
(8): go to coffeemachine 1
(9): go to toaster 1
(10): go to countertop 2
(11): go to sink 1
(12): go to sinkbasin 1
(13): go to fridge 1
(14): close cabinet 1
(15): take nothing from cabinet 1
(16): examine cabinet 1

**Answer**
Let's think step by step by following the instructions.
----------------------------------------

----------------------------------------

Original Response:
First, we need to find a tomato to clean and put it on the countertop. The image shows cabinet 1, cabinet 2, and cabinet 3. Tomatoes are not usually stored in cabinets; they are more likely to be found in a fridge. Therefore, the most reasonable action from the choices is to go to the fridge where the tomato might be stored.

The answer is: (13): go to fridge 1.

----------------------------------------

----------------------------------------

>>> Refine Original VLM Response and Get Pure Action: go to fridge 1

----------------------------------------

-----------------------------------------------------------------

Running time: 7.659292697906494 seconds

Total Money: 3.9074500000000008

-----------------------------------------------------------------

-----------------------------------------------------------------

Text Observation:You arrive at loc 13. The fridge 1 is open. On the fridge 1, you see a apple 1, and a potato 1.

--------------------------------------------------------------------------------------------------------------------------task: 12---------------------------------------------------------
--------------------------------------------------------------------------------------------------------------------------------------------------------------------
--------------------------------------------------------------------------------------------------------------------------------------------------------------------
Step:--------------------------------------------------------------------------12-------------------------------------------------------------------------------
----------------------------------------
VLM Prompt:
Image1:
<image>
**Instruction**
1. Analyze the provided image to identify all visible household objects, focusing on those relevant to the task description "clean some tomato and put it in countertop."
2. Use the analysis of the image and the task hint "The agent must find an object of the desired type, pick it up, go to a sink or a basin, clean the object with a sink or basin, and then find the correct location to place it and put it down there. The agent does not need to use soap bottle or faucet to clean the object, and the agent just needs to do action that is "clean the object with the sink or sink basin"." to answer the question: what is the most reasonable action in the choices for the task description "clean some tomato and put it in countertop"?
4. Decide and write the answer using the template: The answer is: (i): <selected_action>, where i is the real number. If there is no desired object in the image, search every place based on **Initial Observation** to find the object. And if no one is exactly correct, choose a similar answer.

**Initial Observation**
You are in the middle of a room. Looking quickly around you, you can see cabinet (1-6), microwave (1), countertop (1-2), coffeemachine (1), toaster (1), sink (1), sinkbasin (1), fridge (1)

**Answer Choices**
(1): go to cabinet 1
(2): go to cabinet 2
(3): go to cabinet 3
(4): go to microwave 1
(5): go to cabinet 4
(6): go to cabinet 5
(7): go to cabinet 6
(8): go to countertop 1
(9): go to coffeemachine 1
(10): go to toaster 1
(11): go to countertop 2
(12): go to sink 1
(13): go to sinkbasin 1
(14): open fridge 1
(15): close fridge 1
(16): take apple 1 from fridge 1
(17): take potato 1 from fridge 1
(18): examine fridge 1

**Answer**
Let's think step by step by following the instructions.
----------------------------------------

----------------------------------------

Original Response:
First, we need to identify all visible household objects relevant to the task "clean some tomato and put it in countertop." In Image1, we can see a fridge with an apple and a potato inside, but no tomato is visible.

According to the Initial Observation, there are several cabinets, a microwave, countertops, a coffee machine, a toaster, a sink, a sink basin, and a fridge. Since no tomato is visible in the fridge, we must search every place to find the object.

Given that tomatoes are commonly stored at room temperature rather than in the fridge, it would be reasonable to first check the cabinets or countertops where a tomato might be typically stored.

The most reasonable action from the choices provided, to begin with, would be to go to a cabinet or countertop where a tomato might be found. However, none of the choices directly mention searching for a tomato. Therefore, we will choose the action that involves checking a location where a tomato might be found.

The answer is: (2): go to cabinet 2.

----------------------------------------

----------------------------------------

>>> Refine Original VLM Response and Get Pure Action: go to cabinet 2

----------------------------------------

-----------------------------------------------------------------

Running time: 12.602668046951294 seconds

Total Money: 3.926310000000001

-----------------------------------------------------------------

-----------------------------------------------------------------

Text Observation:You arrive at loc 1. The cabinet 2 is closed. 

--------------------------------------------------------------------------------------------------------------------------task: 12---------------------------------------------------------
--------------------------------------------------------------------------------------------------------------------------------------------------------------------
--------------------------------------------------------------------------------------------------------------------------------------------------------------------
Step:--------------------------------------------------------------------------13-------------------------------------------------------------------------------
----------------------------------------
VLM Prompt:
Image1:
<image>
**Instruction**
1. Analyze the provided image to identify all visible household objects, focusing on those relevant to the task description "clean some tomato and put it in countertop."
2. Use the analysis of the image and the task hint "The agent must find an object of the desired type, pick it up, go to a sink or a basin, clean the object with a sink or basin, and then find the correct location to place it and put it down there. The agent does not need to use soap bottle or faucet to clean the object, and the agent just needs to do action that is "clean the object with the sink or sink basin"." to answer the question: what is the most reasonable action in the choices for the task description "clean some tomato and put it in countertop"?
4. Decide and write the answer using the template: The answer is: (i): <selected_action>, where i is the real number. If there is no desired object in the image, search every place based on **Initial Observation** to find the object. And if no one is exactly correct, choose a similar answer.

**Initial Observation**
You are in the middle of a room. Looking quickly around you, you can see cabinet (1-6), microwave (1), countertop (1-2), coffeemachine (1), toaster (1), sink (1), sinkbasin (1), fridge (1)

**Answer Choices**
(1): go to cabinet 1
(2): go to cabinet 3
(3): go to microwave 1
(4): go to cabinet 4
(5): go to cabinet 5
(6): go to cabinet 6
(7): go to countertop 1
(8): go to coffeemachine 1
(9): go to toaster 1
(10): go to countertop 2
(11): go to sink 1
(12): go to sinkbasin 1
(13): open cabinet 2
(14): close cabinet 2
(15): examine cabinet 2

**Answer**
Let's think step by step by following the instructions.
----------------------------------------

----------------------------------------

Original Response:
The task description is "clean some tomato and put it in countertop." This means we need to find a tomato, clean it, and then place it on the countertop. 

From the initial observation, we know there are cabinets, a microwave, a countertop, a coffee machine, a toaster, a sink, a sink basin, and a fridge. Since tomatoes are generally stored in a fridge or a cabinet, we can rule out the microwave, coffee machine, toaster, and sink basin as the starting points for this task. 

The image shows us the inside of cabinet 2, which is empty, so there is no tomato there. We can also rule out going to or examining cabinet 2 since we already know it's empty, which eliminates answer choices (1), (13), (14), and (15). 

We need to find a tomato, but the image does not show us where the tomato is, so we must search every place based on the initial observation. We should start by looking in the most likely places where a tomato might be stored, such as the fridge or other cabinets. 

Since the fridge and cabinets 1, 3, 4, 5, and 6 have not been ruled out, we should check these locations. Once we find the tomato, we would then go to the sink to clean it and finally place it on the countertop.

Based on the most likely places to find a tomato, the most reasonable next action is to check either the fridge or another cabinet. Since the fridge is not listed in the answer choices and cabinet 1 is the next sequential cabinet after cabinet 2, the answer is:

The answer is: (1): go to cabinet 1.

----------------------------------------

----------------------------------------

>>> Refine Original VLM Response and Get Pure Action: go to cabinet 1

----------------------------------------

-----------------------------------------------------------------

Running time: 15.799540519714355 seconds

Total Money: 3.949040000000001

-----------------------------------------------------------------

-----------------------------------------------------------------

Text Observation:You arrive at loc 0. The cabinet 1 is open. On the cabinet 1, you see nothing.

--------------------------------------------------------------------------------------------------------------------------task: 12---------------------------------------------------------
--------------------------------------------------------------------------------------------------------------------------------------------------------------------
--------------------------------------------------------------------------------------------------------------------------------------------------------------------
Step:--------------------------------------------------------------------------14-------------------------------------------------------------------------------
----------------------------------------
VLM Prompt:
Image1:
<image>
**Instruction**
1. Analyze the provided image to identify all visible household objects, focusing on those relevant to the task description "clean some tomato and put it in countertop."
2. Use the analysis of the image and the task hint "The agent must find an object of the desired type, pick it up, go to a sink or a basin, clean the object with a sink or basin, and then find the correct location to place it and put it down there. The agent does not need to use soap bottle or faucet to clean the object, and the agent just needs to do action that is "clean the object with the sink or sink basin"." to answer the question: what is the most reasonable action in the choices for the task description "clean some tomato and put it in countertop"?
4. Decide and write the answer using the template: The answer is: (i): <selected_action>, where i is the real number. If there is no desired object in the image, search every place based on **Initial Observation** to find the object. And if no one is exactly correct, choose a similar answer.

**Initial Observation**
You are in the middle of a room. Looking quickly around you, you can see cabinet (1-6), microwave (1), countertop (1-2), coffeemachine (1), toaster (1), sink (1), sinkbasin (1), fridge (1)

**Answer Choices**
(1): go to cabinet 3
(2): go to microwave 1
(3): go to cabinet 4
(4): go to cabinet 5
(5): go to cabinet 6
(6): go to countertop 1
(7): go to coffeemachine 1
(8): go to toaster 1
(9): go to countertop 2
(10): go to sink 1
(11): go to sinkbasin 1
(12): open cabinet 1
(13): close cabinet 1
(14): take nothing from cabinet 1
(15): examine cabinet 1

**Answer**
Let's think step by step by following the instructions.
----------------------------------------

----------------------------------------

Original Response:
First, we need to find a tomato to clean. Tomatoes are typically stored in a fridge or sometimes on a countertop, but they would not be stored in a microwave, coffeemachine, toaster, sink, or sinkbasin. Cabinets could potentially have tomatoes if they are being stored in a dry place or if the tomato is canned. 

Based on the initial observation, we have not seen a fridge yet, so we should search all the cabinets as they are mentioned in the image and the observation. 

So the most reasonable first action would be to go to each cabinet and search for a tomato. 

Starting with cabinet 3 as it is the first visible cabinet in the image and following the numerical order of the cabinets, the answer is: (1): go to cabinet 3. If the tomato is not there, we would continue with the other cabinets until we find it.

----------------------------------------

----------------------------------------

>>> Refine Original VLM Response and Get Pure Action: No action

----------------------------------------

-----------------------------------------------------------------

Running time: 13.0056312084198 seconds

Total Money: 3.966680000000001

-----------------------------------------------------------------

-----------------------------------------------------------------

Text Observation:Nothing happens.

--------------------------------------------------------------------------------------------------------------------------task: 12---------------------------------------------------------
--------------------------------------------------------------------------------------------------------------------------------------------------------------------
--------------------------------------------------------------------------------------------------------------------------------------------------------------------
Step:--------------------------------------------------------------------------15-------------------------------------------------------------------------------
----------------------------------------
VLM Prompt:
Image1:
<image>
**Instruction**
1. Analyze the provided image to identify all visible household objects, focusing on those relevant to the task description "clean some tomato and put it in countertop."
2. Use the analysis of the image and the task hint "The agent must find an object of the desired type, pick it up, go to a sink or a basin, clean the object with a sink or basin, and then find the correct location to place it and put it down there. The agent does not need to use soap bottle or faucet to clean the object, and the agent just needs to do action that is "clean the object with the sink or sink basin"." to answer the question: what is the most reasonable action in the choices for the task description "clean some tomato and put it in countertop"?
4. Decide and write the answer using the template: The answer is: (i): <selected_action>, where i is the real number. If there is no desired object in the image, search every place based on **Initial Observation** to find the object. And if no one is exactly correct, choose a similar answer.

**Initial Observation**
You are in the middle of a room. Looking quickly around you, you can see cabinet (1-6), microwave (1), countertop (1-2), coffeemachine (1), toaster (1), sink (1), sinkbasin (1), fridge (1)

**Answer Choices**
(1): go to cabinet 3
(2): go to microwave 1
(3): go to cabinet 4
(4): go to cabinet 5
(5): go to cabinet 6
(6): go to countertop 1
(7): go to coffeemachine 1
(8): go to toaster 1
(9): go to countertop 2
(10): go to sink 1
(11): go to sinkbasin 1
(12): go to fridge 1
(13): open cabinet 1
(14): close cabinet 1
(15): take nothing from cabinet 1
(16): examine cabinet 1

**Answer**
Let's think step by step by following the instructions.
----------------------------------------

----------------------------------------

Original Response:
First, we need to find a tomato. Tomatoes are generally stored in a refrigerator (fridge) to keep them fresh or sometimes in a countertop if they are being ripened. Based on the Initial Observation, there is a fridge (1) available in the room. Therefore, the most reasonable first action would be to check the fridge for tomatoes.

The answer is: (12): go to fridge 1.

----------------------------------------

----------------------------------------

>>> Refine Original VLM Response and Get Pure Action: go to fridge 1

----------------------------------------

-----------------------------------------------------------------

Running time: 7.031133651733398 seconds

Total Money: 3.981560000000001

-----------------------------------------------------------------

-----------------------------------------------------------------

Text Observation:You arrive at loc 13. The fridge 1 is open. On the fridge 1, you see a apple 1, and a potato 1.

--------------------------------------------------------------------------------------------------------------------------task: 12---------------------------------------------------------
--------------------------------------------------------------------------------------------------------------------------------------------------------------------
--------------------------------------------------------------------------------------------------------------------------------------------------------------------
Step:--------------------------------------------------------------------------16-------------------------------------------------------------------------------
----------------------------------------
VLM Prompt:
Image1:
<image>
**Instruction**
1. Analyze the provided image to identify all visible household objects, focusing on those relevant to the task description "clean some tomato and put it in countertop."
2. Use the analysis of the image and the task hint "The agent must find an object of the desired type, pick it up, go to a sink or a basin, clean the object with a sink or basin, and then find the correct location to place it and put it down there. The agent does not need to use soap bottle or faucet to clean the object, and the agent just needs to do action that is "clean the object with the sink or sink basin"." to answer the question: what is the most reasonable action in the choices for the task description "clean some tomato and put it in countertop"?
4. Decide and write the answer using the template: The answer is: (i): <selected_action>, where i is the real number. If there is no desired object in the image, search every place based on **Initial Observation** to find the object. And if no one is exactly correct, choose a similar answer.

**Initial Observation**
You are in the middle of a room. Looking quickly around you, you can see cabinet (1-6), microwave (1), countertop (1-2), coffeemachine (1), toaster (1), sink (1), sinkbasin (1), fridge (1)

**Answer Choices**
(1): go to cabinet 2
(2): go to cabinet 3
(3): go to microwave 1
(4): go to cabinet 4
(5): go to cabinet 5
(6): go to cabinet 6
(7): go to countertop 1
(8): go to coffeemachine 1
(9): go to toaster 1
(10): go to countertop 2
(11): go to sink 1
(12): go to sinkbasin 1
(13): open fridge 1
(14): close fridge 1
(15): take apple 1 from fridge 1
(16): take potato 1 from fridge 1
(17): examine fridge 1

**Answer**
Let's think step by step by following the instructions.
----------------------------------------

----------------------------------------

Original Response:
The task description is to "clean some tomato and put it in countertop." From the image provided, we can see the inside of a fridge with a potato and an apple. There is no tomato visible in the image.

Based on the initial observation, there are several cabinets, a microwave, countertops, a coffee machine, a toaster, a sink, a sink basin, and the fridge. To find a tomato, we need to search the places where a tomato is likely to be stored, which could be the fridge or cabinets.

Since the image only shows the inside of the fridge and there is no tomato there, the next reasonable action would be to search the cabinets. None of the answer choices directly mention searching for a tomato, so we have to choose the action that involves searching for the object.

The answer is: (1): go to cabinet 2

----------------------------------------

----------------------------------------

>>> Refine Original VLM Response and Get Pure Action: go to cabinet 2

----------------------------------------

-----------------------------------------------------------------

Running time: 8.315640449523926 seconds

Total Money: 3.9992200000000007

-----------------------------------------------------------------

-----------------------------------------------------------------

Text Observation:You arrive at loc 1. The cabinet 2 is closed. 

--------------------------------------------------------------------------------------------------------------------------task: 12---------------------------------------------------------
--------------------------------------------------------------------------------------------------------------------------------------------------------------------
--------------------------------------------------------------------------------------------------------------------------------------------------------------------
Step:--------------------------------------------------------------------------17-------------------------------------------------------------------------------
----------------------------------------
VLM Prompt:
Image1:
<image>
**Instruction**
1. Analyze the provided image to identify all visible household objects, focusing on those relevant to the task description "clean some tomato and put it in countertop."
2. Use the analysis of the image and the task hint "The agent must find an object of the desired type, pick it up, go to a sink or a basin, clean the object with a sink or basin, and then find the correct location to place it and put it down there. The agent does not need to use soap bottle or faucet to clean the object, and the agent just needs to do action that is "clean the object with the sink or sink basin"." to answer the question: what is the most reasonable action in the choices for the task description "clean some tomato and put it in countertop"?
4. Decide and write the answer using the template: The answer is: (i): <selected_action>, where i is the real number. If there is no desired object in the image, search every place based on **Initial Observation** to find the object. And if no one is exactly correct, choose a similar answer.

**Initial Observation**
You are in the middle of a room. Looking quickly around you, you can see cabinet (1-6), microwave (1), countertop (1-2), coffeemachine (1), toaster (1), sink (1), sinkbasin (1), fridge (1)

**Answer Choices**
(1): go to cabinet 1
(2): go to cabinet 3
(3): go to microwave 1
(4): go to cabinet 4
(5): go to cabinet 5
(6): go to cabinet 6
(7): go to countertop 1
(8): go to coffeemachine 1
(9): go to toaster 1
(10): go to countertop 2
(11): go to sink 1
(12): go to sinkbasin 1
(13): open cabinet 2
(14): close cabinet 2
(15): examine cabinet 2

**Answer**
Let's think step by step by following the instructions.
----------------------------------------

----------------------------------------

Original Response:
First, we need to find a tomato, which is a type of food typically stored in a fridge or a cabinet. The image provided shows cabinet 2, which is closed, and we don't have any visual information about the contents of the other cabinets or the fridge. Based on the Initial Observation, we know there are multiple cabinets, a fridge, and other kitchen appliances.

Since we need to clean the tomato, we will eventually need to go to the sink or sinkbasin, but that's not our first step. The first step is to find the tomato.

The most reasonable action from the choices provided would be to search for the tomato in the places where food is usually stored, which are the cabinets and the fridge. Since we can't see inside cabinet 2 and there's no option to search the fridge, the best choice is to start by examining cabinet 2, where the tomato might be stored.

The answer is: (15): examine cabinet 2.

----------------------------------------

----------------------------------------

>>> Refine Original VLM Response and Get Pure Action: examine cabinet 2

----------------------------------------

-----------------------------------------------------------------

Running time: 10.66491150856018 seconds

Total Money: 4.017360000000001

-----------------------------------------------------------------

-----------------------------------------------------------------

Text Observation:

--------------------------------------------------------------------------------------------------------------------------task: 12---------------------------------------------------------
--------------------------------------------------------------------------------------------------------------------------------------------------------------------
--------------------------------------------------------------------------------------------------------------------------------------------------------------------
Step:--------------------------------------------------------------------------18-------------------------------------------------------------------------------
----------------------------------------
VLM Prompt:
Image1:
<image>
**Instruction**
1. Analyze the provided image to identify all visible household objects, focusing on those relevant to the task description "clean some tomato and put it in countertop."
2. Use the analysis of the image and the task hint "The agent must find an object of the desired type, pick it up, go to a sink or a basin, clean the object with a sink or basin, and then find the correct location to place it and put it down there. The agent does not need to use soap bottle or faucet to clean the object, and the agent just needs to do action that is "clean the object with the sink or sink basin"." to answer the question: what is the most reasonable action in the choices for the task description "clean some tomato and put it in countertop"?
4. Decide and write the answer using the template: The answer is: (i): <selected_action>, where i is the real number. If there is no desired object in the image, search every place based on **Initial Observation** to find the object. And if no one is exactly correct, choose a similar answer.

**Initial Observation**
You are in the middle of a room. Looking quickly around you, you can see cabinet (1-6), microwave (1), countertop (1-2), coffeemachine (1), toaster (1), sink (1), sinkbasin (1), fridge (1)

**Answer Choices**
(1): go to cabinet 1
(2): go to cabinet 3
(3): go to microwave 1
(4): go to cabinet 4
(5): go to cabinet 5
(6): go to cabinet 6
(7): go to countertop 1
(8): go to coffeemachine 1
(9): go to toaster 1
(10): go to countertop 2
(11): go to sink 1
(12): go to sinkbasin 1
(13): open cabinet 2
(14): close cabinet 2

**Answer**
Let's think step by step by following the instructions.
----------------------------------------

----------------------------------------

Original Response:
First, we need to find a tomato to clean. Tomatoes are typically stored in a refrigerator or sometimes in a cabinet if they are not refrigerated. Since the fridge is not visible in the image and there are no tomatoes on the visible countertops, we need to search the cabinets. 

The image shows cabinet 1 and cabinet 2 open, and there are no tomatoes inside them, so we can eliminate (1) and (13). Cabinet 3 is closed in the image, and it is a possible location for a tomato, so (2) could be a reasonable action. However, since cabinet 4, cabinet 5, and cabinet 6 are not visible in the image and based on the **Initial Observation**, we should consider them too.

Once we find a tomato, the next step is to clean it. For this, we would go to the sink or sink basin. Since we have not yet found a tomato, we cannot proceed to (11) or (12).

Based on this analysis and the **Initial Observation**, the most reasonable next action is to search the cabinets that have not been checked yet for the tomato. Therefore, the answer is:
(4): go to cabinet 4

----------------------------------------

----------------------------------------

>>> Refine Original VLM Response and Get Pure Action: No action

----------------------------------------

-----------------------------------------------------------------

Running time: 9.01621699333191 seconds

Total Money: 4.036830000000001

-----------------------------------------------------------------

-----------------------------------------------------------------

Text Observation:Nothing happens.

--------------------------------------------------------------------------------------------------------------------------task: 12---------------------------------------------------------
--------------------------------------------------------------------------------------------------------------------------------------------------------------------
--------------------------------------------------------------------------------------------------------------------------------------------------------------------
Step:--------------------------------------------------------------------------19-------------------------------------------------------------------------------
----------------------------------------
VLM Prompt:
Image1:
<image>
**Instruction**
1. Analyze the provided image to identify all visible household objects, focusing on those relevant to the task description "clean some tomato and put it in countertop."
2. Use the analysis of the image and the task hint "The agent must find an object of the desired type, pick it up, go to a sink or a basin, clean the object with a sink or basin, and then find the correct location to place it and put it down there. The agent does not need to use soap bottle or faucet to clean the object, and the agent just needs to do action that is "clean the object with the sink or sink basin"." to answer the question: what is the most reasonable action in the choices for the task description "clean some tomato and put it in countertop"?
4. Decide and write the answer using the template: The answer is: (i): <selected_action>, where i is the real number. If there is no desired object in the image, search every place based on **Initial Observation** to find the object. And if no one is exactly correct, choose a similar answer.

**Initial Observation**
You are in the middle of a room. Looking quickly around you, you can see cabinet (1-6), microwave (1), countertop (1-2), coffeemachine (1), toaster (1), sink (1), sinkbasin (1), fridge (1)

**Answer Choices**
(1): go to cabinet 1
(2): go to cabinet 3
(3): go to microwave 1
(4): go to cabinet 4
(5): go to cabinet 5
(6): go to cabinet 6
(7): go to countertop 1
(8): go to coffeemachine 1
(9): go to toaster 1
(10): go to countertop 2
(11): go to sink 1
(12): go to sinkbasin 1
(13): go to fridge 1
(14): open cabinet 2
(15): close cabinet 2

**Answer**
Let's think step by step by following the instructions.
----------------------------------------

----------------------------------------

Original Response:
First, we need to find a tomato. Tomatoes are generally kept in the fridge or on the countertop if they are about to be used. 

Next, we need to clean the tomato, which requires us to go to a sink or sink basin.

Finally, we need to put the cleaned tomato on the countertop.

Based on the initial observation, we don't see any tomatoes in the provided image of the open cabinet. Therefore, we need to search every place. We can eliminate options that are not relevant to finding a tomato, such as the microwave (3), coffeemachine (8), and toaster (9).

Among the remaining options, the fridge (13) is the most likely place to find a tomato. After finding the tomato, we would then go to the sink or sink basin (11 or 12) to clean it, and then to the countertop (7 or 10) to place it down.

The answer is: (13): go to fridge 1.

----------------------------------------

----------------------------------------

>>> Refine Original VLM Response and Get Pure Action: go to fridge 1

----------------------------------------

-----------------------------------------------------------------

Running time: 43.62761211395264 seconds

Total Money: 4.055130000000001

-----------------------------------------------------------------

-----------------------------------------------------------------

Text Observation:You arrive at loc 13. The fridge 1 is open. On the fridge 1, you see a apple 1, and a potato 1.

-----------------------------------------------------------------