---------------------------------------------------------task: 26---------------------------------------------------------
--------------------------------------------------------------------------------------------------------------------------------------------------------------------
--------------------------------------------------------------------------------------------------------------------------------------------------------------------
Step:--------------------------------------------------------------------------0-------------------------------------------------------------------------------
----------------------------------------
VLM Prompt:
Image1:
<image>
**Instruction**
1. Analyze the provided images to identify all visible household objects and compare the difference between images (e.h. whether the object is opened or not and taken on hand or not), focusing on those relevant to the task description "find two kettle and put them in cabinet."
2. Use the analysis of images and the task hint "The agent must find an object of the desired type, pick it up, find the correct location to place it, put it down there, then look for another object of the desired type, pick it up, return to previous location, and put it down there with the other object." to answer the question: what is the most reasonable action in the choices for the task description "find two kettle and put them in cabinet"?
3. Decide and write the answer using the template: The answer is: (i): <selected_action>, where i is the real number. If there is no desired object in images, search every place based on **Initial Observation** to find the object. And if no one is exactly correct, choose a similar answer.

**Initial Observation**
You are in the middle of a room. Looking quickly around you, you can see countertop (1), coffeemachine (1), cabinet (1-4), drawer (1-8), sink (1), sinkbasin (1), garbagecan (1), fridge (1), microwave (1), dresser (1), sidetable (1)

**Answer Choices**
(1): go to countertop 1
(2): go to coffeemachine 1
(3): go to cabinet 1
(4): go to cabinet 2
(5): go to drawer 1
(6): go to sink 1
(7): go to sinkbasin 1
(8): go to cabinet 3
(9): go to garbagecan 1
(10): go to cabinet 4
(11): go to drawer 2
(12): go to fridge 1
(13): go to microwave 1
(14): go to dresser 1
(15): go to sidetable 1
(16): go to drawer 3
(17): go to drawer 4
(18): go to drawer 5
(19): go to drawer 6
(20): go to drawer 7
(21): go to drawer 8


**Answer**
Let's think step by step by following the instructions.
----------------------------------------

----------------------------------------

Original Response:
Image1:
There is no kettle visible in the image. Objects visible are a sink with a drying rack, an egg, a bowl, a knife, and a window with a view outside.

Based on the task description "find two kettle and put them in cabinet," the most reasonable action would be to search for the kettles in locations where they are likely to be stored when not in use. Since kettles are typically stored in cabinets or on countertops, we can eliminate options that are irrelevant to the storage of kettles, such as the coffeemachine, sink, sinkbasin, garbagecan, fridge, microwave, dresser, and sidetable.

Given the initial observation that there are cabinets numbered 1-4, the most reasonable actions would be to check each cabinet for the kettles. Therefore, the best course of action would be to go to cabinet 1, then proceed to check cabinet 2, 3, and 4 if the kettles are not found in cabinet 1.

The answer is: (3): go to cabinet 1. If the kettles are not found there, continue to check cabinets 2, 3, and 4.

----------------------------------------

----------------------------------------

>>> Refine Original VLM Response and Get Pure Action: go to cabinet 1

----------------------------------------

-----------------------------------------------------------------

Running time: 14.730030298233032 seconds

Total Money: 16.062260000000002

-----------------------------------------------------------------

-----------------------------------------------------------------

Text Observation:You arrive at loc 2. The cabinet 1 is closed. 

--------------------------------------------------------------------------------------------------------------------------task: 26---------------------------------------------------------
--------------------------------------------------------------------------------------------------------------------------------------------------------------------
--------------------------------------------------------------------------------------------------------------------------------------------------------------------
Step:--------------------------------------------------------------------------1-------------------------------------------------------------------------------
----------------------------------------
VLM Prompt:
Image1:
<image>
Image2:
<image>
**Instruction**
1. Analyze the provided images to identify all visible household objects and compare the difference between images (e.h. whether the object is opened or not and taken on hand or not), focusing on those relevant to the task description "find two kettle and put them in cabinet."
2. Use the analysis of images and the task hint "The agent must find an object of the desired type, pick it up, find the correct location to place it, put it down there, then look for another object of the desired type, pick it up, return to previous location, and put it down there with the other object." to answer the question: what is the most reasonable action in the choices for the task description "find two kettle and put them in cabinet"?
3. Decide and write the answer using the template: The answer is: (i): <selected_action>, where i is the real number. If there is no desired object in images, search every place based on **Initial Observation** to find the object. And if no one is exactly correct, choose a similar answer.

**Initial Observation**
You are in the middle of a room. Looking quickly around you, you can see countertop (1), coffeemachine (1), cabinet (1-4), drawer (1-8), sink (1), sinkbasin (1), garbagecan (1), fridge (1), microwave (1), dresser (1), sidetable (1)

**Answer Choices**
(1): go to countertop 1
(2): go to coffeemachine 1
(3): go to cabinet 2
(4): go to drawer 1
(5): go to sink 1
(6): go to sinkbasin 1
(7): go to cabinet 3
(8): go to garbagecan 1
(9): go to cabinet 4
(10): go to drawer 2
(11): go to fridge 1
(12): go to microwave 1
(13): go to dresser 1
(14): go to sidetable 1
(15): go to drawer 3
(16): go to drawer 4
(17): go to drawer 5
(18): go to drawer 6
(19): go to drawer 7
(20): go to drawer 8
(21): open cabinet 1
(22): close cabinet 1
(23): examine cabinet 1


**Answer**
Let's think step by step by following the instructions.
----------------------------------------

----------------------------------------

Original Response:
First, we need to analyze the provided images. In image 1, we can see a sink with a draining board, a bowl, an egg, and a knife. There is no kettle visible in this image. In image 2, we have a countertop with a coffee machine, a cup, a hot plate, a sponge, and a tomato. Again, there is no kettle visible in this image.

Given the task is to find two kettles and put them in a cabinet, we need to search for the kettles. As per the initial observation, there are several locations where a kettle might be found, such as countertops, cabinets, drawers, and appliances like a microwave or fridge.

The most reasonable action from the provided choices, based on the initial observation and task description, would be to first open and examine the cabinets as it's common to store kettles in cabinets when not in use.

The answer is: (21): open cabinet 1. If the kettle is not found in cabinet 1, we should proceed to open and examine other cabinets and drawers as needed.

----------------------------------------

----------------------------------------

>>> Refine Original VLM Response and Get Pure Action: open cabinet 1

----------------------------------------

-----------------------------------------------------------------

Running time: 108.36870193481445 seconds

Total Money: 16.08969

-----------------------------------------------------------------

-----------------------------------------------------------------

Text Observation:You open the cabinet 1. The cabinet 1 is open. In it, you see a plate 1, a mug 1, a plate 2, a dishsponge 1, and a tomato 1.

--------------------------------------------------------------------------------------------------------------------------task: 26---------------------------------------------------------
--------------------------------------------------------------------------------------------------------------------------------------------------------------------
--------------------------------------------------------------------------------------------------------------------------------------------------------------------
Step:--------------------------------------------------------------------------2-------------------------------------------------------------------------------
----------------------------------------
VLM Prompt:
Image1:
<image>
Image2:
<image>
Image3:
<image>
**Instruction**
1. Analyze the provided images to identify all visible household objects and compare the difference between images (e.h. whether the object is opened or not and taken on hand or not), focusing on those relevant to the task description "find two kettle and put them in cabinet."
2. Use the analysis of images and the task hint "The agent must find an object of the desired type, pick it up, find the correct location to place it, put it down there, then look for another object of the desired type, pick it up, return to previous location, and put it down there with the other object." to answer the question: what is the most reasonable action in the choices for the task description "find two kettle and put them in cabinet"?
3. Decide and write the answer using the template: The answer is: (i): <selected_action>, where i is the real number. If there is no desired object in images, search every place based on **Initial Observation** to find the object. And if no one is exactly correct, choose a similar answer.

**Initial Observation**
You are in the middle of a room. Looking quickly around you, you can see countertop (1), coffeemachine (1), cabinet (1-4), drawer (1-8), sink (1), sinkbasin (1), garbagecan (1), fridge (1), microwave (1), dresser (1), sidetable (1)

**Answer Choices**
(1): go to countertop 1
(2): go to coffeemachine 1
(3): go to cabinet 2
(4): go to drawer 1
(5): go to sink 1
(6): go to sinkbasin 1
(7): go to cabinet 3
(8): go to garbagecan 1
(9): go to cabinet 4
(10): go to drawer 2
(11): go to fridge 1
(12): go to microwave 1
(13): go to dresser 1
(14): go to sidetable 1
(15): go to drawer 3
(16): go to drawer 4
(17): go to drawer 5
(18): go to drawer 6
(19): go to drawer 7
(20): go to drawer 8
(21): close cabinet 1
(22): take plate 1 from cabinet 1
(23): take mug 1 from cabinet 1
(24): take plate 2 from cabinet 1
(25): take dishsponge 1 from cabinet 1
(26): take tomato 1 from cabinet 1
(27): examine cabinet 1


**Answer**
Let's think step by step by following the instructions.
----------------------------------------

----------------------------------------

Original Response:
Image 1 Analysis:
- Visible Objects: egg 1, bowl 1, sink 1, faucet 1
- No kettles are visible in this image.

Image 2 & 3 Analysis:
- Visible Objects: coffeemachine 1, mug 1
- No kettles are visible in these images either.

Task Description Analysis:
- The task requires finding two kettles and putting them in a cabinet. 

Based on the Initial Observation, we can determine that none of the visible objects in the provided images are kettles, and they do not seem to be relevant to the task description.

Given the task hint, the most reasonable action would be to start searching for the kettles in the locations mentioned. Cabinets and drawers are common places where kettles might be stored in a household environment.

Considering the Answer Choices and the task at hand, the most logical first step would be to check the cabinets, as they are more likely to contain larger items like kettles compared to drawers, which typically contain smaller items.

The answer is: (3): go to cabinet 2

----------------------------------------

----------------------------------------

>>> Refine Original VLM Response and Get Pure Action: go to cabinet 2

----------------------------------------

-----------------------------------------------------------------

Running time: 16.08943223953247 seconds

Total Money: 16.12544

-----------------------------------------------------------------

-----------------------------------------------------------------

Text Observation:You arrive at loc 3. The cabinet 2 is closed. 

--------------------------------------------------------------------------------------------------------------------------task: 26---------------------------------------------------------
--------------------------------------------------------------------------------------------------------------------------------------------------------------------
--------------------------------------------------------------------------------------------------------------------------------------------------------------------
Step:--------------------------------------------------------------------------3-------------------------------------------------------------------------------
----------------------------------------
VLM Prompt:
Image1:
<image>
Image2:
<image>
Image3:
<image>
**Instruction**
1. Analyze the provided images to identify all visible household objects and compare the difference between images (e.h. whether the object is opened or not and taken on hand or not), focusing on those relevant to the task description "find two kettle and put them in cabinet."
2. Use the analysis of images and the task hint "The agent must find an object of the desired type, pick it up, find the correct location to place it, put it down there, then look for another object of the desired type, pick it up, return to previous location, and put it down there with the other object." to answer the question: what is the most reasonable action in the choices for the task description "find two kettle and put them in cabinet"?
3. Decide and write the answer using the template: The answer is: (i): <selected_action>, where i is the real number. If there is no desired object in images, search every place based on **Initial Observation** to find the object. And if no one is exactly correct, choose a similar answer.

**Initial Observation**
You are in the middle of a room. Looking quickly around you, you can see countertop (1), coffeemachine (1), cabinet (1-4), drawer (1-8), sink (1), sinkbasin (1), garbagecan (1), fridge (1), microwave (1), dresser (1), sidetable (1)

**Answer Choices**
(1): go to countertop 1
(2): go to coffeemachine 1
(3): go to drawer 1
(4): go to sink 1
(5): go to sinkbasin 1
(6): go to cabinet 3
(7): go to garbagecan 1
(8): go to cabinet 4
(9): go to drawer 2
(10): go to fridge 1
(11): go to microwave 1
(12): go to dresser 1
(13): go to sidetable 1
(14): go to drawer 3
(15): go to drawer 4
(16): go to drawer 5
(17): go to drawer 6
(18): go to drawer 7
(19): go to drawer 8
(20): open cabinet 2
(21): close cabinet 2
(22): examine cabinet 2


**Answer**
Let's think step by step by following the instructions.
----------------------------------------

----------------------------------------

Original Response:
First, we analyze the provided images to identify all visible household objects. In Image1 and Image2, we can see a countertop, a coffee machine with a cup, and what seems to be a sponge or cloth on the countertop. In Image3, we can see a sink, a knife, a pot, a plant, and some food items on the countertop. There are no visible kettles in any of the images.

Next, we use the task hint to determine the most reasonable action for the task description "find two kettle and put them in cabinet." The task hint suggests finding an object of the desired type, which in this case is a kettle. Since there are no kettles visible on the countertops or near the coffee machine, the next logical step would be to search in areas where a kettle might be stored, such as cabinets or drawers.

Based on the **Initial Observation**, we have several cabinets and drawers that could be checked. However, since we are specifically instructed to "put them in cabinet," it is more likely that the kettles are stored in one of the cabinets rather than the drawers. 

Among the answer choices, (6): go to cabinet 3, (8): go to cabinet 4, and (20): open cabinet 2 are the most relevant actions. Since we have already seen the inside of cabinet 2 in Image3 and there is no kettle there, we can eliminate (20): open cabinet 2 and (21): close cabinet 2 from our options. Similarly, (22): examine cabinet 2 is not useful since we have already seen inside it.

Between (6): go to cabinet 3 and (8): go to cabinet 4, either could be correct, but we do not have information on which cabinet is more likely to contain the kettles. Therefore, we must search based on the **Initial Observation**. 

The answer is: (6): go to cabinet 3 or (8): go to cabinet 4. Since we have to pick one, we'll go with the lower number. 

The answer is: (6): go to cabinet 3.

----------------------------------------

----------------------------------------

>>> Refine Original VLM Response and Get Pure Action: go to cabinet 3 or (8): go to cabinet 4

----------------------------------------

-----------------------------------------------------------------

Running time: 15.507519483566284 seconds

Total Money: 16.16692

-----------------------------------------------------------------

-----------------------------------------------------------------

Text Observation:Nothing happens.

--------------------------------------------------------------------------------------------------------------------------task: 26---------------------------------------------------------
--------------------------------------------------------------------------------------------------------------------------------------------------------------------
--------------------------------------------------------------------------------------------------------------------------------------------------------------------
Step:--------------------------------------------------------------------------4-------------------------------------------------------------------------------
----------------------------------------
VLM Prompt:
Image1:
<image>
Image2:
<image>
Image3:
<image>
**Instruction**
1. Analyze the provided images to identify all visible household objects and compare the difference between images (e.h. whether the object is opened or not and taken on hand or not), focusing on those relevant to the task description "find two kettle and put them in cabinet."
2. Use the analysis of images and the task hint "The agent must find an object of the desired type, pick it up, find the correct location to place it, put it down there, then look for another object of the desired type, pick it up, return to previous location, and put it down there with the other object." to answer the question: what is the most reasonable action in the choices for the task description "find two kettle and put them in cabinet"?
3. Decide and write the answer using the template: The answer is: (i): <selected_action>, where i is the real number. If there is no desired object in images, search every place based on **Initial Observation** to find the object. And if no one is exactly correct, choose a similar answer.

**Initial Observation**
You are in the middle of a room. Looking quickly around you, you can see countertop (1), coffeemachine (1), cabinet (1-4), drawer (1-8), sink (1), sinkbasin (1), garbagecan (1), fridge (1), microwave (1), dresser (1), sidetable (1)

**Answer Choices**
(1): go to countertop 1
(2): go to coffeemachine 1
(3): go to cabinet 1
(4): go to drawer 1
(5): go to sink 1
(6): go to sinkbasin 1
(7): go to cabinet 3
(8): go to garbagecan 1
(9): go to cabinet 4
(10): go to drawer 2
(11): go to fridge 1
(12): go to microwave 1
(13): go to dresser 1
(14): go to sidetable 1
(15): go to drawer 3
(16): go to drawer 4
(17): go to drawer 5
(18): go to drawer 6
(19): go to drawer 7
(20): go to drawer 8
(21): open cabinet 2
(22): close cabinet 2
(23): examine cabinet 2


**Answer**
Let's think step by step by following the instructions.
----------------------------------------

----------------------------------------

Original Response:
First, we analyze the provided images. In Image1, we can see a coffee machine with a mug on a countertop and what seems to be a round, shadowy spot that could indicate where an object (possibly a kettle) was sitting before. No kettles are visible. In Image2 and Image3, which are identical, we can see a sink, countertop, knife, and some vegetables, but again, no visible kettles.

Based on the initial observation, we should look for kettles in places where they are likely to be stored, such as cabinets or drawers. The task description is to find two kettles and put them in a cabinet. Since we do not see any kettles on the countertops or near the coffee machine, we can rule out actions (1) and (2).

The next logical step would be to search the cabinets and drawers, as kettles are not typically stored in sinks, sink basins, garbage cans, fridges, microwaves, dressers, or side tables. Cabinet 2 is already open in Image1, and no kettle is visible there, so we can rule out actions (21), (22), and (23).

The most reasonable next actions would be to check inside other cabinets or drawers that have not been explored yet. Since we have already looked at cabinet 2, we should look into other cabinets. Action (7) mentions going to cabinet 3, which is a reasonable next step in our search for the kettles.

The answer is: (7): go to cabinet 3.

----------------------------------------

----------------------------------------

>>> Refine Original VLM Response and Get Pure Action: go to cabinet 3

----------------------------------------

-----------------------------------------------------------------

Running time: 14.798135757446289 seconds

Total Money: 16.20504

-----------------------------------------------------------------

-----------------------------------------------------------------

Text Observation:You arrive at loc 7. The cabinet 3 is closed. 

--------------------------------------------------------------------------------------------------------------------------task: 26---------------------------------------------------------
--------------------------------------------------------------------------------------------------------------------------------------------------------------------
--------------------------------------------------------------------------------------------------------------------------------------------------------------------
Step:--------------------------------------------------------------------------5-------------------------------------------------------------------------------
----------------------------------------
VLM Prompt:
Image1:
<image>
Image2:
<image>
Image3:
<image>
**Instruction**
1. Analyze the provided images to identify all visible household objects and compare the difference between images (e.h. whether the object is opened or not and taken on hand or not), focusing on those relevant to the task description "find two kettle and put them in cabinet."
2. Use the analysis of images and the task hint "The agent must find an object of the desired type, pick it up, find the correct location to place it, put it down there, then look for another object of the desired type, pick it up, return to previous location, and put it down there with the other object." to answer the question: what is the most reasonable action in the choices for the task description "find two kettle and put them in cabinet"?
3. Decide and write the answer using the template: The answer is: (i): <selected_action>, where i is the real number. If there is no desired object in images, search every place based on **Initial Observation** to find the object. And if no one is exactly correct, choose a similar answer.

**Initial Observation**
You are in the middle of a room. Looking quickly around you, you can see countertop (1), coffeemachine (1), cabinet (1-4), drawer (1-8), sink (1), sinkbasin (1), garbagecan (1), fridge (1), microwave (1), dresser (1), sidetable (1)

**Answer Choices**
(1): go to countertop 1
(2): go to coffeemachine 1
(3): go to cabinet 1
(4): go to drawer 1
(5): go to sink 1
(6): go to sinkbasin 1
(7): go to garbagecan 1
(8): go to cabinet 4
(9): go to drawer 2
(10): go to fridge 1
(11): go to microwave 1
(12): go to dresser 1
(13): go to sidetable 1
(14): go to drawer 3
(15): go to drawer 4
(16): go to drawer 5
(17): go to drawer 6
(18): go to drawer 7
(19): go to drawer 8
(20): open cabinet 3
(21): close cabinet 3
(22): examine cabinet 3


**Answer**
Let's think step by step by following the instructions.
----------------------------------------

----------------------------------------

Original Response:
1. Analyzing the provided images, there are no kettles visible in any of the images. Image1 and Image2 seem to be identical, showing a countertop with a sink, plant, knife, and some vegetables. Image3 shows a different angle of the countertop with a bottle, a tomato, a kiwi, and a recycling bin nearby. None of the cabinets are open, and no kettles are in hand or visible.

2. Based on the task description and the task hint, the most reasonable action would be to search for a kettle, pick it up, find a cabinet, and place it inside. Since there are no kettles visible in the images, we must search every place based on the Initial Observation to find a kettle.

3. Since the Initial Observation mentions a cabinet (1-4) and drawer (1-8), it is likely that the kettles could be found inside one of these storage spaces. The action should be to go to a cabinet or drawer and then to open it to search for a kettle.

The answer is: (3): go to cabinet 1. If the kettle is not found there, continue searching in the other cabinets or drawers as per the Initial Observation until two kettles are found.

----------------------------------------

----------------------------------------

>>> Refine Original VLM Response and Get Pure Action: go to cabinet 1

----------------------------------------

-----------------------------------------------------------------

Running time: 11.32381296157837 seconds

Total Money: 16.24112

-----------------------------------------------------------------

-----------------------------------------------------------------

Text Observation:You arrive at loc 2. The cabinet 1 is open. On the cabinet 1, you see a plate 1, a mug 1, a plate 2, a dishsponge 1, and a tomato 1.

--------------------------------------------------------------------------------------------------------------------------task: 26---------------------------------------------------------
--------------------------------------------------------------------------------------------------------------------------------------------------------------------
--------------------------------------------------------------------------------------------------------------------------------------------------------------------
Step:--------------------------------------------------------------------------6-------------------------------------------------------------------------------
----------------------------------------
VLM Prompt:
Image1:
<image>
Image2:
<image>
Image3:
<image>
**Instruction**
1. Analyze the provided images to identify all visible household objects and compare the difference between images (e.h. whether the object is opened or not and taken on hand or not), focusing on those relevant to the task description "find two kettle and put them in cabinet."
2. Use the analysis of images and the task hint "The agent must find an object of the desired type, pick it up, find the correct location to place it, put it down there, then look for another object of the desired type, pick it up, return to previous location, and put it down there with the other object." to answer the question: what is the most reasonable action in the choices for the task description "find two kettle and put them in cabinet"?
3. Decide and write the answer using the template: The answer is: (i): <selected_action>, where i is the real number. If there is no desired object in images, search every place based on **Initial Observation** to find the object. And if no one is exactly correct, choose a similar answer.

**Initial Observation**
You are in the middle of a room. Looking quickly around you, you can see countertop (1), coffeemachine (1), cabinet (1-4), drawer (1-8), sink (1), sinkbasin (1), garbagecan (1), fridge (1), microwave (1), dresser (1), sidetable (1)

**Answer Choices**
(1): go to countertop 1
(2): go to coffeemachine 1
(3): go to cabinet 2
(4): go to drawer 1
(5): go to sink 1
(6): go to sinkbasin 1
(7): go to garbagecan 1
(8): go to cabinet 4
(9): go to drawer 2
(10): go to fridge 1
(11): go to microwave 1
(12): go to dresser 1
(13): go to sidetable 1
(14): go to drawer 3
(15): go to drawer 4
(16): go to drawer 5
(17): go to drawer 6
(18): go to drawer 7
(19): go to drawer 8
(20): open cabinet 1
(21): close cabinet 1
(22): take plate 1 from cabinet 1
(23): take mug 1 from cabinet 1
(24): take plate 2 from cabinet 1
(25): take dishsponge 1 from cabinet 1
(26): take tomato 1 from cabinet 1
(27): examine cabinet 1


**Answer**
Let's think step by step by following the instructions.
----------------------------------------

----------------------------------------

Original Response:
1. Analyzing the provided images:
- Image 1 shows a countertop with a sink, a plant, a knife, and some food items (cucumber and bread).
- Image 2 shows a different angle of the countertop with a kettle, a wine bottle, a tomato, and a potato. There is also a recycling bin.
- Image 3 shows a coffee machine on the countertop with a mug, a coffee pod, and a dish sponge.

Comparing the differences between the images, none of the images show a kettle being opened, taken on hand, or placed in a cabinet. There is only one kettle visible in image 2.

2. Based on the task description "find two kettle and put them in cabinet," we must find another kettle since only one is visible. Given that the initial observation mentions a coffeemachine and a microwave, which are not cabinets, we can rule out those options.

3. The most reasonable action based on the task description and initial observation is to search the cabinets since that is where a kettle is typically stored. We should start with cabinet 1, as it is the first cabinet mentioned in the initial observation.

The answer is: (20): open cabinet 1. If no second kettle is found there, continue searching other cabinets and drawers as per the initial observation.

----------------------------------------

----------------------------------------

>>> Refine Original VLM Response and Get Pure Action: open cabinet 1

----------------------------------------

-----------------------------------------------------------------

Running time: 13.978344440460205 seconds

Total Money: 16.278119999999998

-----------------------------------------------------------------

-----------------------------------------------------------------

Text Observation:Nothing happens.

--------------------------------------------------------------------------------------------------------------------------task: 26---------------------------------------------------------
--------------------------------------------------------------------------------------------------------------------------------------------------------------------
--------------------------------------------------------------------------------------------------------------------------------------------------------------------
Step:--------------------------------------------------------------------------7-------------------------------------------------------------------------------
----------------------------------------
VLM Prompt:
Image1:
<image>
Image2:
<image>
Image3:
<image>
**Instruction**
1. Analyze the provided images to identify all visible household objects and compare the difference between images (e.h. whether the object is opened or not and taken on hand or not), focusing on those relevant to the task description "find two kettle and put them in cabinet."
2. Use the analysis of images and the task hint "The agent must find an object of the desired type, pick it up, find the correct location to place it, put it down there, then look for another object of the desired type, pick it up, return to previous location, and put it down there with the other object." to answer the question: what is the most reasonable action in the choices for the task description "find two kettle and put them in cabinet"?
3. Decide and write the answer using the template: The answer is: (i): <selected_action>, where i is the real number. If there is no desired object in images, search every place based on **Initial Observation** to find the object. And if no one is exactly correct, choose a similar answer.

**Initial Observation**
You are in the middle of a room. Looking quickly around you, you can see countertop (1), coffeemachine (1), cabinet (1-4), drawer (1-8), sink (1), sinkbasin (1), garbagecan (1), fridge (1), microwave (1), dresser (1), sidetable (1)

**Answer Choices**
(1): go to countertop 1
(2): go to coffeemachine 1
(3): go to cabinet 2
(4): go to drawer 1
(5): go to sink 1
(6): go to sinkbasin 1
(7): go to garbagecan 1
(8): go to cabinet 4
(9): go to drawer 2
(10): go to fridge 1
(11): go to microwave 1
(12): go to dresser 1
(13): go to sidetable 1
(14): go to drawer 3
(15): go to drawer 4
(16): go to drawer 5
(17): go to drawer 6
(18): go to drawer 7
(19): go to drawer 8
(20): close cabinet 1
(21): take plate 1 from cabinet 1
(22): take mug 1 from cabinet 1
(23): take plate 2 from cabinet 1
(24): take dishsponge 1 from cabinet 1
(25): take tomato 1 from cabinet 1
(26): examine cabinet 1


**Answer**
Let's think step by step by following the instructions.
----------------------------------------

----------------------------------------

Original Response:
1. Analyzing the images:
- Image 1: There is a kettle on the countertop, a bottle, a tomato, and a kiwi.
- Image 2 and Image 3: There is a coffee machine with a mug on it, a stove burner, and a green sponge on the countertop.

Comparing the images, there is no significant change between Image 2 and Image 3; they are identical, indicating no action has been taken.

2. Task hint analysis:
The task requires finding two kettles and putting them in a cabinet. From the initial observation, we know the environment has several cabinets and a countertop where items are commonly placed. In Image 1, we can see a kettle on the countertop, which is relevant to our task.

3. Answer using the template:
Given that we can see a kettle in Image 1 and the task is to find two kettles and put them in a cabinet, the most reasonable first action would be to go where we visually confirmed the presence of a kettle. Since the kettle is on the countertop, the correct action would be:

The answer is: (1): go to countertop 1

After this, we would need to search other locations like cabinets, drawers, or any other places where a second kettle could be found based on the initial observation.

----------------------------------------

----------------------------------------

>>> Refine Original VLM Response and Get Pure Action: go to countertop 1

After this, we would need to search other locations like cabinets, drawers, or any other places where a second kettle could be found based on the initial observation

----------------------------------------

-----------------------------------------------------------------

Running time: 24.44167923927307 seconds

Total Money: 16.315219999999997

-----------------------------------------------------------------

-----------------------------------------------------------------

Text Observation:Nothing happens.

--------------------------------------------------------------------------------------------------------------------------task: 26---------------------------------------------------------
--------------------------------------------------------------------------------------------------------------------------------------------------------------------
--------------------------------------------------------------------------------------------------------------------------------------------------------------------
Step:--------------------------------------------------------------------------8-------------------------------------------------------------------------------
----------------------------------------
VLM Prompt:
Image1:
<image>
Image2:
<image>
Image3:
<image>
**Instruction**
1. Analyze the provided images to identify all visible household objects and compare the difference between images (e.h. whether the object is opened or not and taken on hand or not), focusing on those relevant to the task description "find two kettle and put them in cabinet."
2. Use the analysis of images and the task hint "The agent must find an object of the desired type, pick it up, find the correct location to place it, put it down there, then look for another object of the desired type, pick it up, return to previous location, and put it down there with the other object." to answer the question: what is the most reasonable action in the choices for the task description "find two kettle and put them in cabinet"?
3. Decide and write the answer using the template: The answer is: (i): <selected_action>, where i is the real number. If there is no desired object in images, search every place based on **Initial Observation** to find the object. And if no one is exactly correct, choose a similar answer.

**Initial Observation**
You are in the middle of a room. Looking quickly around you, you can see countertop (1), coffeemachine (1), cabinet (1-4), drawer (1-8), sink (1), sinkbasin (1), garbagecan (1), fridge (1), microwave (1), dresser (1), sidetable (1)

**Answer Choices**
(1): go to countertop 1
(2): go to coffeemachine 1
(3): go to cabinet 2
(4): go to drawer 1
(5): go to sink 1
(6): go to sinkbasin 1
(7): go to cabinet 3
(8): go to garbagecan 1
(9): go to cabinet 4
(10): go to drawer 2
(11): go to fridge 1
(12): go to microwave 1
(13): go to dresser 1
(14): go to sidetable 1
(15): go to drawer 3
(16): go to drawer 4
(17): go to drawer 5
(18): go to drawer 6
(19): go to drawer 7
(20): go to drawer 8
(21): close cabinet 1
(22): take plate 1 from cabinet 1
(23): take mug 1 from cabinet 1
(24): take plate 2 from cabinet 1
(25): take dishsponge 1 from cabinet 1
(26): take tomato 1 from cabinet 1
(27): examine cabinet 1


**Answer**
Let's think step by step by following the instructions.
----------------------------------------

----------------------------------------

Original Response:
1. Analyzing the provided images, we can see a coffee machine with a mug on it and a countertop. There is no visible kettle in any of the images. All images are identical, and there are no differences in terms of objects being opened or taken.

2. According to the task description "find two kettle and put them in cabinet," the most reasonable action would be to search for the kettles. Since they are not visible in the provided images, we should follow the Initial Observation to look for them in likely places such as the countertop, cabinets, or drawers.

3. Based on the Initial Observation, the countertop and cabinets are the most likely places to find a kettle. Therefore, we should check these locations first.

The answer is: (1): go to countertop 1. If the kettles are not there, the next reasonable actions would be to check the cabinets (3): go to cabinet 2, (7): go to cabinet 3, or (9): go to cabinet 4. Since we need to find two kettles, it makes sense to start with the countertop and then move to the cabinets.

----------------------------------------

----------------------------------------

>>> Refine Original VLM Response and Get Pure Action: go to countertop 1

----------------------------------------

-----------------------------------------------------------------

Running time: 10.35830044746399 seconds

Total Money: 16.351299999999995

-----------------------------------------------------------------

-----------------------------------------------------------------

Text Observation:You arrive at loc 0. On the countertop 1, you see a bread 1, a cup 1, a lettuce 1, a apple 1, and a kettle 1.

--------------------------------------------------------------------------------------------------------------------------task: 26---------------------------------------------------------
--------------------------------------------------------------------------------------------------------------------------------------------------------------------
--------------------------------------------------------------------------------------------------------------------------------------------------------------------
Step:--------------------------------------------------------------------------9-------------------------------------------------------------------------------
----------------------------------------
VLM Prompt:
Image1:
<image>
Image2:
<image>
Image3:
<image>
**Instruction**
1. Analyze the provided images to identify all visible household objects and compare the difference between images (e.h. whether the object is opened or not and taken on hand or not), focusing on those relevant to the task description "find two kettle and put them in cabinet."
2. Use the analysis of images and the task hint "The agent must find an object of the desired type, pick it up, find the correct location to place it, put it down there, then look for another object of the desired type, pick it up, return to previous location, and put it down there with the other object." to answer the question: what is the most reasonable action in the choices for the task description "find two kettle and put them in cabinet"?
3. Decide and write the answer using the template: The answer is: (i): <selected_action>, where i is the real number. If there is no desired object in images, search every place based on **Initial Observation** to find the object. And if no one is exactly correct, choose a similar answer.

**Initial Observation**
You are in the middle of a room. Looking quickly around you, you can see countertop (1), coffeemachine (1), cabinet (1-4), drawer (1-8), sink (1), sinkbasin (1), garbagecan (1), fridge (1), microwave (1), dresser (1), sidetable (1)

**Answer Choices**
(1): go to coffeemachine 1
(2): go to cabinet 1
(3): go to cabinet 2
(4): go to drawer 1
(5): go to sink 1
(6): go to sinkbasin 1
(7): go to cabinet 3
(8): go to garbagecan 1
(9): go to cabinet 4
(10): go to drawer 2
(11): go to fridge 1
(12): go to microwave 1
(13): go to dresser 1
(14): go to sidetable 1
(15): go to drawer 3
(16): go to drawer 4
(17): go to drawer 5
(18): go to drawer 6
(19): go to drawer 7
(20): go to drawer 8
(21): take bread 1 from countertop 1
(22): take cup 1 from countertop 1
(23): take lettuce 1 from countertop 1
(24): take apple 1 from countertop 1
(25): take kettle 1 from countertop 1
(26): examine countertop 1


**Answer**
Let's think step by step by following the instructions.
----------------------------------------

----------------------------------------

Original Response:
First, we analyze the provided images:

- Image 1 and 2: We can see a coffee machine with a cup on the countertop, a green rectangle (possibly a sponge or dishcloth), and a red round object (possibly a tomato or an apple). There do not seem to be any kettles visible on the countertop.
- Image 3: We can see a loaf of bread, a piece of lettuce, an apple, and a green cup on the countertop. Again, there are no kettles visible on the countertop.

Based on the task description "find two kettles and put them in the cabinet," we need to find kettles, which are not present on the countertop in any of the provided images.

Next, we refer to the task hint, which suggests that the agent needs to find the object (kettle), pick it up, and then find the correct location (cabinet) to place it. Since there are no kettles on the countertop, the agent must search other locations mentioned in the initial observation to find the kettles.

Considering the initial observation, which mentions the locations available to search in the room, and the need to find two kettles, the most reasonable action would be to go to the cabinet or drawer, as they are common places where kettles might be stored.

Comparing the answer choices with the task at hand, none of the options directly state "take kettle" from a specific location. Therefore, the agent should first go to a cabinet or a drawer to search for the kettles.

Since the task requires finding two kettles, it would be more efficient to start with cabinets, as they are larger and more likely to hold such items. Among the cabinet options provided (1, 2, 3, and 4), there is no specific indication as to which one might contain the kettles. Therefore, the agent should choose any of them as a starting point.

The answer is: (2): go to cabinet 1. If the kettle is not found there, the agent should proceed to check the other cabinets and drawers as necessary.

----------------------------------------

----------------------------------------

>>> Refine Original VLM Response and Get Pure Action: go to cabinet 1

----------------------------------------

-----------------------------------------------------------------

Running time: 26.08980965614319 seconds

Total Money: 16.393419999999995

-----------------------------------------------------------------

-----------------------------------------------------------------

Text Observation:You arrive at loc 2. The cabinet 1 is open. On the cabinet 1, you see a plate 1, a mug 1, a plate 2, a dishsponge 1, and a tomato 1.

--------------------------------------------------------------------------------------------------------------------------task: 26---------------------------------------------------------
--------------------------------------------------------------------------------------------------------------------------------------------------------------------
--------------------------------------------------------------------------------------------------------------------------------------------------------------------
Step:--------------------------------------------------------------------------10-------------------------------------------------------------------------------
----------------------------------------
VLM Prompt:
Image1:
<image>
Image2:
<image>
Image3:
<image>
**Instruction**
1. Analyze the provided images to identify all visible household objects and compare the difference between images (e.h. whether the object is opened or not and taken on hand or not), focusing on those relevant to the task description "find two kettle and put them in cabinet."
2. Use the analysis of images and the task hint "The agent must find an object of the desired type, pick it up, find the correct location to place it, put it down there, then look for another object of the desired type, pick it up, return to previous location, and put it down there with the other object." to answer the question: what is the most reasonable action in the choices for the task description "find two kettle and put them in cabinet"?
3. Decide and write the answer using the template: The answer is: (i): <selected_action>, where i is the real number. If there is no desired object in images, search every place based on **Initial Observation** to find the object. And if no one is exactly correct, choose a similar answer.

**Initial Observation**
You are in the middle of a room. Looking quickly around you, you can see countertop (1), coffeemachine (1), cabinet (1-4), drawer (1-8), sink (1), sinkbasin (1), garbagecan (1), fridge (1), microwave (1), dresser (1), sidetable (1)

**Answer Choices**
(1): go to coffeemachine 1
(2): go to cabinet 2
(3): go to drawer 1
(4): go to sink 1
(5): go to sinkbasin 1
(6): go to cabinet 3
(7): go to garbagecan 1
(8): go to cabinet 4
(9): go to drawer 2
(10): go to fridge 1
(11): go to microwave 1
(12): go to dresser 1
(13): go to sidetable 1
(14): go to drawer 3
(15): go to drawer 4
(16): go to drawer 5
(17): go to drawer 6
(18): go to drawer 7
(19): go to drawer 8
(20): open cabinet 1
(21): close cabinet 1
(22): take plate 1 from cabinet 1
(23): take mug 1 from cabinet 1
(24): take plate 2 from cabinet 1
(25): take dishsponge 1 from cabinet 1
(26): take tomato 1 from cabinet 1
(27): examine cabinet 1


**Answer**
Let's think step by step by following the instructions.
----------------------------------------

----------------------------------------

Original Response:
First, we analyze the images provided. In the images, we can see a coffee machine with a mug on it and a few other household items like a loaf of bread, lettuce, an apple, and a green cup, but no kettles are visible. 

Since the task description asks us to "find two kettles and put them in the cabinet," we need to find where the kettles might be. Based on the initial observation, we have several cabinets and drawers to check, as well as other household appliance locations such as the fridge and microwave. 

Given that kettles are not typically stored in drawers or small kitchen appliances like microwaves or fridges, it's reasonable to first check the cabinets, which are common storage places for kettles. 

The most reasonable action from the choices provided would be to go to one of the cabinets that we haven't opened yet. 

The answer is: (2): go to cabinet 2. If cabinet 2 does not contain a kettle, we should continue searching the remaining cabinets and then any other logical storage spaces based on the initial observation.

----------------------------------------

----------------------------------------

>>> Refine Original VLM Response and Get Pure Action: go to cabinet 2

----------------------------------------

-----------------------------------------------------------------

Running time: 13.957730770111084 seconds

Total Money: 16.429149999999996

-----------------------------------------------------------------

-----------------------------------------------------------------

Text Observation:You arrive at loc 3. The cabinet 2 is closed. 

--------------------------------------------------------------------------------------------------------------------------task: 26---------------------------------------------------------
--------------------------------------------------------------------------------------------------------------------------------------------------------------------
--------------------------------------------------------------------------------------------------------------------------------------------------------------------
Step:--------------------------------------------------------------------------11-------------------------------------------------------------------------------
----------------------------------------
VLM Prompt:
Image1:
<image>
Image2:
<image>
Image3:
<image>
**Instruction**
1. Analyze the provided images to identify all visible household objects and compare the difference between images (e.h. whether the object is opened or not and taken on hand or not), focusing on those relevant to the task description "find two kettle and put them in cabinet."
2. Use the analysis of images and the task hint "The agent must find an object of the desired type, pick it up, find the correct location to place it, put it down there, then look for another object of the desired type, pick it up, return to previous location, and put it down there with the other object." to answer the question: what is the most reasonable action in the choices for the task description "find two kettle and put them in cabinet"?
3. Decide and write the answer using the template: The answer is: (i): <selected_action>, where i is the real number. If there is no desired object in images, search every place based on **Initial Observation** to find the object. And if no one is exactly correct, choose a similar answer.

**Initial Observation**
You are in the middle of a room. Looking quickly around you, you can see countertop (1), coffeemachine (1), cabinet (1-4), drawer (1-8), sink (1), sinkbasin (1), garbagecan (1), fridge (1), microwave (1), dresser (1), sidetable (1)

**Answer Choices**
(1): go to coffeemachine 1
(2): go to drawer 1
(3): go to sink 1
(4): go to sinkbasin 1
(5): go to cabinet 3
(6): go to garbagecan 1
(7): go to cabinet 4
(8): go to drawer 2
(9): go to fridge 1
(10): go to microwave 1
(11): go to dresser 1
(12): go to sidetable 1
(13): go to drawer 3
(14): go to drawer 4
(15): go to drawer 5
(16): go to drawer 6
(17): go to drawer 7
(18): go to drawer 8
(19): open cabinet 2
(20): close cabinet 2
(21): examine cabinet 2


**Answer**
Let's think step by step by following the instructions.
----------------------------------------

----------------------------------------

Original Response:
Firstly, we analyze the images provided:

Image 1: We can see a countertop with a loaf of bread, an apple, a green cup, and a lettuce.
Image 2: We can see a countertop with a coffee machine and a cup on it, and a dark circular object which might be a stove burner.
Image 3: We can see a countertop with a sink, a plant, a knife, a banana, a lettuce, and a bread loaf. Also, there is an open cabinet with no visible kettle inside.

Comparing the images, we do not see any kettle in the visible areas of the countertop or the open cabinet.

Based on the task description "find two kettle and put them in cabinet," we must find the kettles first. Since the kettles are not visible on the countertop or in the open cabinet, we should start searching locations where a kettle might typically be stored, such as cabinets and drawers.

Now, let's consider the task hint, which suggests we need to find an object of the desired type (kettle in this case), pick it up, and then find the correct location to place it (in a cabinet as per the task description).

Based on the initial observation, there are multiple cabinets and drawers that have not been checked yet. Since none of the answer choices include "search" or "look for kettle," we must choose an action that could potentially lead to finding a kettle.

Considering all the information, the most reasonable action from the choices provided would be to start checking inside the cabinets since that's a common place to store kettles.

The answer is: (5): go to cabinet 3.

----------------------------------------

----------------------------------------

>>> Refine Original VLM Response and Get Pure Action: go to cabinet 3

----------------------------------------

-----------------------------------------------------------------

Running time: 11.719264030456543 seconds

Total Money: 16.467649999999995

-----------------------------------------------------------------

-----------------------------------------------------------------

Text Observation:You arrive at loc 7. The cabinet 3 is closed. 

--------------------------------------------------------------------------------------------------------------------------task: 26---------------------------------------------------------
--------------------------------------------------------------------------------------------------------------------------------------------------------------------
--------------------------------------------------------------------------------------------------------------------------------------------------------------------
Step:--------------------------------------------------------------------------12-------------------------------------------------------------------------------
----------------------------------------
VLM Prompt:
Image1:
<image>
Image2:
<image>
Image3:
<image>
**Instruction**
1. Analyze the provided images to identify all visible household objects and compare the difference between images (e.h. whether the object is opened or not and taken on hand or not), focusing on those relevant to the task description "find two kettle and put them in cabinet."
2. Use the analysis of images and the task hint "The agent must find an object of the desired type, pick it up, find the correct location to place it, put it down there, then look for another object of the desired type, pick it up, return to previous location, and put it down there with the other object." to answer the question: what is the most reasonable action in the choices for the task description "find two kettle and put them in cabinet"?
3. Decide and write the answer using the template: The answer is: (i): <selected_action>, where i is the real number. If there is no desired object in images, search every place based on **Initial Observation** to find the object. And if no one is exactly correct, choose a similar answer.

**Initial Observation**
You are in the middle of a room. Looking quickly around you, you can see countertop (1), coffeemachine (1), cabinet (1-4), drawer (1-8), sink (1), sinkbasin (1), garbagecan (1), fridge (1), microwave (1), dresser (1), sidetable (1)

**Answer Choices**
(1): go to countertop 1
(2): go to coffeemachine 1
(3): go to drawer 1
(4): go to sink 1
(5): go to sinkbasin 1
(6): go to garbagecan 1
(7): go to cabinet 4
(8): go to drawer 2
(9): go to fridge 1
(10): go to microwave 1
(11): go to dresser 1
(12): go to sidetable 1
(13): go to drawer 3
(14): go to drawer 4
(15): go to drawer 5
(16): go to drawer 6
(17): go to drawer 7
(18): go to drawer 8
(19): open cabinet 3
(20): close cabinet 3
(21): examine cabinet 3


**Answer**
Let's think step by step by following the instructions.
----------------------------------------

----------------------------------------

Original Response:
First, we analyze the images:

Image1: A coffee machine with a cup under it is on the countertop. There is a dark circular object and a green rectangular object on the countertop as well, but no kettle is visible.

Image2: There is a sink with a faucet, a plant in a pot, a knife, a green vegetable, and a loaf of bread on the countertop. Again, no kettle is visible.

Image3: A kettle, a tomato, a potato, and a wine bottle are on the countertop. A recycling bin is underneath the countertop. This image is the first one where a kettle is visible.

Based on the task description "find two kettle and put them in cabinet" and the task hint, the agent needs to find two kettles, pick them up one by one, and place them in a cabinet.

Since we have observed one kettle on the countertop in Image3, the most reasonable next action would be to go to the countertop where the kettle is located and pick it up.

The answer is: (1): go to countertop 1.

----------------------------------------

----------------------------------------

>>> Refine Original VLM Response and Get Pure Action: go to countertop 1

----------------------------------------

-----------------------------------------------------------------

Running time: 17.13357448577881 seconds

Total Money: 16.502679999999994

-----------------------------------------------------------------

-----------------------------------------------------------------

Text Observation:You arrive at loc 0. On the countertop 1, you see a bread 1, a cup 1, a lettuce 1, a apple 1, and a kettle 1.

--------------------------------------------------------------------------------------------------------------------------task: 26---------------------------------------------------------
--------------------------------------------------------------------------------------------------------------------------------------------------------------------
--------------------------------------------------------------------------------------------------------------------------------------------------------------------
Step:--------------------------------------------------------------------------13-------------------------------------------------------------------------------
----------------------------------------
VLM Prompt:
Image1:
<image>
Image2:
<image>
Image3:
<image>
**Instruction**
1. Analyze the provided images to identify all visible household objects and compare the difference between images (e.h. whether the object is opened or not and taken on hand or not), focusing on those relevant to the task description "find two kettle and put them in cabinet."
2. Use the analysis of images and the task hint "The agent must find an object of the desired type, pick it up, find the correct location to place it, put it down there, then look for another object of the desired type, pick it up, return to previous location, and put it down there with the other object." to answer the question: what is the most reasonable action in the choices for the task description "find two kettle and put them in cabinet"?
3. Decide and write the answer using the template: The answer is: (i): <selected_action>, where i is the real number. If there is no desired object in images, search every place based on **Initial Observation** to find the object. And if no one is exactly correct, choose a similar answer.

**Initial Observation**
You are in the middle of a room. Looking quickly around you, you can see countertop (1), coffeemachine (1), cabinet (1-4), drawer (1-8), sink (1), sinkbasin (1), garbagecan (1), fridge (1), microwave (1), dresser (1), sidetable (1)

**Answer Choices**
(1): go to coffeemachine 1
(2): go to cabinet 1
(3): go to drawer 1
(4): go to sink 1
(5): go to sinkbasin 1
(6): go to garbagecan 1
(7): go to cabinet 4
(8): go to drawer 2
(9): go to fridge 1
(10): go to microwave 1
(11): go to dresser 1
(12): go to sidetable 1
(13): go to drawer 3
(14): go to drawer 4
(15): go to drawer 5
(16): go to drawer 6
(17): go to drawer 7
(18): go to drawer 8
(19): take bread 1 from countertop 1
(20): take cup 1 from countertop 1
(21): take lettuce 1 from countertop 1
(22): take apple 1 from countertop 1
(23): take kettle 1 from countertop 1
(24): examine countertop 1


**Answer**
Let's think step by step by following the instructions.
----------------------------------------

----------------------------------------

Original Response:
Firstly, we need to identify if there are any kettles visible in the provided images.

- Image 1: There is no kettle visible on the countertop.
- Image 2: There is a kettle visible on the countertop on the left side of the image.
- Image 3: There is no kettle visible on the countertop.

From the initial observation, we know there is one kettle on the countertop. Since the task is to find two kettles and put them in a cabinet, the most reasonable action would be to take the visible kettle first.

Using the template, the answer is: (23): take kettle 1 from countertop 1. After securing the first kettle, the agent should then search the cabinets and drawers for the second kettle, as it is not visible in the provided images.

----------------------------------------

----------------------------------------

>>> Refine Original VLM Response and Get Pure Action: No action

----------------------------------------

-----------------------------------------------------------------

Running time: 9.670325517654419 seconds

Total Money: 16.536459999999995

-----------------------------------------------------------------

-----------------------------------------------------------------

Text Observation:Nothing happens.

--------------------------------------------------------------------------------------------------------------------------task: 26---------------------------------------------------------
--------------------------------------------------------------------------------------------------------------------------------------------------------------------
--------------------------------------------------------------------------------------------------------------------------------------------------------------------
Step:--------------------------------------------------------------------------14-------------------------------------------------------------------------------
----------------------------------------
VLM Prompt:
Image1:
<image>
Image2:
<image>
Image3:
<image>
**Instruction**
1. Analyze the provided images to identify all visible household objects and compare the difference between images (e.h. whether the object is opened or not and taken on hand or not), focusing on those relevant to the task description "find two kettle and put them in cabinet."
2. Use the analysis of images and the task hint "The agent must find an object of the desired type, pick it up, find the correct location to place it, put it down there, then look for another object of the desired type, pick it up, return to previous location, and put it down there with the other object." to answer the question: what is the most reasonable action in the choices for the task description "find two kettle and put them in cabinet"?
3. Decide and write the answer using the template: The answer is: (i): <selected_action>, where i is the real number. If there is no desired object in images, search every place based on **Initial Observation** to find the object. And if no one is exactly correct, choose a similar answer.

**Initial Observation**
You are in the middle of a room. Looking quickly around you, you can see countertop (1), coffeemachine (1), cabinet (1-4), drawer (1-8), sink (1), sinkbasin (1), garbagecan (1), fridge (1), microwave (1), dresser (1), sidetable (1)

**Answer Choices**
(1): go to coffeemachine 1
(2): go to cabinet 1
(3): go to cabinet 2
(4): go to drawer 1
(5): go to sink 1
(6): go to sinkbasin 1
(7): go to garbagecan 1
(8): go to cabinet 4
(9): go to drawer 2
(10): go to fridge 1
(11): go to microwave 1
(12): go to dresser 1
(13): go to sidetable 1
(14): go to drawer 3
(15): go to drawer 4
(16): go to drawer 5
(17): go to drawer 6
(18): go to drawer 7
(19): go to drawer 8
(20): take bread 1 from countertop 1
(21): take cup 1 from countertop 1
(22): take lettuce 1 from countertop 1
(23): take apple 1 from countertop 1
(24): take kettle 1 from countertop 1
(25): examine countertop 1


**Answer**
Let's think step by step by following the instructions.
----------------------------------------

----------------------------------------

Original Response:
First, we will analyze the provided images. In Image1, we can see a kettle on the countertop, a tomato, a potato, a bottle, and a recycle bin under the countertop. In Image2 and Image3, which are identical, we see a loaf of bread, a green cup, an apple, and lettuce on the countertop. There is no kettle visible in Image2 and Image3.

Given the task description "find two kettle and put them in cabinet," we must locate the kettles. According to our initial observation, there is one kettle visible on the countertop (1) in Image1. There are no kettles visible in Image2 and Image3.

Based on the task hint, we need to find an object of the desired type (kettle), pick it up, find the correct location to place it (cabinet), and then repeat the process for another object of the same type.

From the answer choices, the most reasonable action that aligns with the task description and the visible objects in the images is to take the kettle from the countertop.

The answer is: (24): take kettle 1 from countertop 1

----------------------------------------

----------------------------------------

>>> Refine Original VLM Response and Get Pure Action: take kettle 1 from countertop 1

----------------------------------------

-----------------------------------------------------------------

Running time: 11.532294988632202 seconds

Total Money: 16.572459999999996

-----------------------------------------------------------------

-----------------------------------------------------------------

Text Observation:You pick up the kettle 1 from the countertop 1.

--------------------------------------------------------------------------------------------------------------------------task: 26---------------------------------------------------------
--------------------------------------------------------------------------------------------------------------------------------------------------------------------
--------------------------------------------------------------------------------------------------------------------------------------------------------------------
Step:--------------------------------------------------------------------------15-------------------------------------------------------------------------------
----------------------------------------
VLM Prompt:
Image1:
<image>
Image2:
<image>
Image3:
<image>
**Instruction**
1. Analyze the provided images to identify all visible household objects and compare the difference between images (e.h. whether the object is opened or not and taken on hand or not), focusing on those relevant to the task description "find two kettle and put them in cabinet."
2. Use the analysis of images and the task hint "The agent must find an object of the desired type, pick it up, find the correct location to place it, put it down there, then look for another object of the desired type, pick it up, return to previous location, and put it down there with the other object." to answer the question: what is the most reasonable action in the choices for the task description "find two kettle and put them in cabinet"?
3. Decide and write the answer using the template: The answer is: (i): <selected_action>, where i is the real number. If there is no desired object in images, search every place based on **Initial Observation** to find the object. And if no one is exactly correct, choose a similar answer.

**Initial Observation**
You are in the middle of a room. Looking quickly around you, you can see countertop (1), coffeemachine (1), cabinet (1-4), drawer (1-8), sink (1), sinkbasin (1), garbagecan (1), fridge (1), microwave (1), dresser (1), sidetable (1)

**Answer Choices**
(1): go to coffeemachine 1
(2): go to cabinet 1
(3): go to cabinet 2
(4): go to drawer 1
(5): go to sink 1
(6): go to sinkbasin 1
(7): go to cabinet 3
(8): go to garbagecan 1
(9): go to cabinet 4
(10): go to drawer 2
(11): go to fridge 1
(12): go to microwave 1
(13): go to dresser 1
(14): go to sidetable 1
(15): go to drawer 3
(16): go to drawer 4
(17): go to drawer 5
(18): go to drawer 6
(19): go to drawer 7
(20): go to drawer 8
(21): put kettle 1 in/on countertop 1
(22): examine kettle 1
(23): examine countertop 1


**Answer**
Let's think step by step by following the instructions.
----------------------------------------

----------------------------------------

Original Response:
First, we analyze the provided images. Image1 and Image2 seem to be the same, with no visible changes. In both images, we can see a loaf of bread, a green cup, and a red apple on a countertop. There are no kettles visible in these images. Image3 introduces a new object, which is a silver kettle with a blue handle on the countertop.

With the task description in mind, "find two kettles and put them in the cabinet," we must find another kettle since we have already identified one in Image3. The initial observation mentions various locations where we can search for household objects, including cabinets, drawers, and appliances.

Based on the task hint, we need to pick up the kettle we have found and then search for the second kettle. Once we have both kettles, we must put them in the cabinet. Since we have already found one kettle in Image3, the next reasonable action would be to pick it up.

However, none of the answer choices explicitly mention picking up the kettle from the countertop. The closest action related to the kettle is to examine it, which could imply checking it before picking it up. Since no other action directly aligns with picking up the kettle, we will choose the action to examine the kettle, which could be the precursor to picking it up.

The answer is: (22): examine kettle 1.

----------------------------------------

----------------------------------------

>>> Refine Original VLM Response and Get Pure Action: examine kettle 1

----------------------------------------

-----------------------------------------------------------------

Running time: 12.388460397720337 seconds

Total Money: 16.609469999999995

-----------------------------------------------------------------

-----------------------------------------------------------------

Text Observation:This is a normal kettle 1

--------------------------------------------------------------------------------------------------------------------------task: 26---------------------------------------------------------
--------------------------------------------------------------------------------------------------------------------------------------------------------------------
--------------------------------------------------------------------------------------------------------------------------------------------------------------------
Step:--------------------------------------------------------------------------16-------------------------------------------------------------------------------
----------------------------------------
VLM Prompt:
Image1:
<image>
Image2:
<image>
Image3:
<image>
**Instruction**
1. Analyze the provided images to identify all visible household objects and compare the difference between images (e.h. whether the object is opened or not and taken on hand or not), focusing on those relevant to the task description "find two kettle and put them in cabinet."
2. Use the analysis of images and the task hint "The agent must find an object of the desired type, pick it up, find the correct location to place it, put it down there, then look for another object of the desired type, pick it up, return to previous location, and put it down there with the other object." to answer the question: what is the most reasonable action in the choices for the task description "find two kettle and put them in cabinet"?
3. Decide and write the answer using the template: The answer is: (i): <selected_action>, where i is the real number. If there is no desired object in images, search every place based on **Initial Observation** to find the object. And if no one is exactly correct, choose a similar answer.

**Initial Observation**
You are in the middle of a room. Looking quickly around you, you can see countertop (1), coffeemachine (1), cabinet (1-4), drawer (1-8), sink (1), sinkbasin (1), garbagecan (1), fridge (1), microwave (1), dresser (1), sidetable (1)

**Answer Choices**
(1): go to coffeemachine 1
(2): go to cabinet 1
(3): go to cabinet 2
(4): go to drawer 1
(5): go to sink 1
(6): go to sinkbasin 1
(7): go to cabinet 3
(8): go to garbagecan 1
(9): go to cabinet 4
(10): go to drawer 2
(11): go to fridge 1
(12): go to microwave 1
(13): go to dresser 1
(14): go to sidetable 1
(15): go to drawer 3
(16): go to drawer 4
(17): go to drawer 5
(18): go to drawer 6
(19): go to drawer 7
(20): go to drawer 8
(21): put kettle 1 in/on countertop 1
(22): examine countertop 1


**Answer**
Let's think step by step by following the instructions.
----------------------------------------

----------------------------------------

Original Response:
First, we analyze the images provided. In image 1, we can see a loaf of bread, an apple, a green cup, and a lettuce head on a countertop. In image 2, a silver kettle with a blue handle has appeared on the countertop. In image 3, we see the same kettle, indicating it has been picked up and is now being held, as per the task hint instructions.

Next, we refer to the task description "find two kettles and put them in the cabinet." According to the initial observation, there is only one coffeemachine and no mention of a second kettle. Since we already have one kettle in hand, as seen in images 2 and 3, the next reasonable action would be to find the second kettle. 

However, the answer choices do not include an action to find another kettle, so we must choose the next best action that aligns with the task description. Since we have one kettle in hand, the next logical step would be to put it in the cabinet.

Among the given choices, the most reasonable action would be to go to one of the cabinets to place the kettle inside. Since we do not have any specific information about which cabinet to use, we can choose any of the cabinet options provided.

Therefore, the answer is: (2): go to cabinet 1.

----------------------------------------

----------------------------------------

>>> Refine Original VLM Response and Get Pure Action: No action

----------------------------------------

-----------------------------------------------------------------

Running time: 11.098225116729736 seconds

Total Money: 16.646099999999993

-----------------------------------------------------------------

-----------------------------------------------------------------

Text Observation:Nothing happens.

--------------------------------------------------------------------------------------------------------------------------task: 26---------------------------------------------------------
--------------------------------------------------------------------------------------------------------------------------------------------------------------------
--------------------------------------------------------------------------------------------------------------------------------------------------------------------
Step:--------------------------------------------------------------------------17-------------------------------------------------------------------------------
----------------------------------------
VLM Prompt:
Image1:
<image>
Image2:
<image>
Image3:
<image>
**Instruction**
1. Analyze the provided images to identify all visible household objects and compare the difference between images (e.h. whether the object is opened or not and taken on hand or not), focusing on those relevant to the task description "find two kettle and put them in cabinet."
2. Use the analysis of images and the task hint "The agent must find an object of the desired type, pick it up, find the correct location to place it, put it down there, then look for another object of the desired type, pick it up, return to previous location, and put it down there with the other object." to answer the question: what is the most reasonable action in the choices for the task description "find two kettle and put them in cabinet"?
3. Decide and write the answer using the template: The answer is: (i): <selected_action>, where i is the real number. If there is no desired object in images, search every place based on **Initial Observation** to find the object. And if no one is exactly correct, choose a similar answer.

**Initial Observation**
You are in the middle of a room. Looking quickly around you, you can see countertop (1), coffeemachine (1), cabinet (1-4), drawer (1-8), sink (1), sinkbasin (1), garbagecan (1), fridge (1), microwave (1), dresser (1), sidetable (1)

**Answer Choices**
(1): go to coffeemachine 1
(2): go to cabinet 1
(3): go to cabinet 2
(4): go to drawer 1
(5): go to sink 1
(6): go to sinkbasin 1
(7): go to cabinet 3
(8): go to garbagecan 1
(9): go to cabinet 4
(10): go to drawer 2
(11): go to fridge 1
(12): go to microwave 1
(13): go to dresser 1
(14): go to sidetable 1
(15): go to drawer 3
(16): go to drawer 4
(17): go to drawer 5
(18): go to drawer 6
(19): go to drawer 7
(20): go to drawer 8
(21): put kettle 1 in/on countertop 1
(22): examine countertop 1


**Answer**
Let's think step by step by following the instructions.
----------------------------------------

----------------------------------------

Original Response:
Firstly, we need to analyze the images provided. In all three images, we can see a kettle on the countertop with a blue handle, a loaf of bread, a green apple, a red apple, a green bowl, and a head of lettuce. There are no differences between the images in terms of objects being opened or taken in hand. 

Next, according to the task description "find two kettles and put them in the cabinet," we need to find another kettle. None of the answer choices directly mention finding a kettle, so we must search every place based on the Initial Observation to find the object.

Considering the Initial Observation, kettles are usually found in cabinets or on countertops. Since we already have one kettle on the countertop and none of the choices mention another countertop, we should check the cabinets.

The most reasonable action from the answer choices for the task description, based on the Initial Observation, would be to check the cabinets where a kettle might be stored.

The answer is: (2): go to cabinet 1. If there is no kettle in cabinet 1, the agent should continue to search the remaining cabinets (3, 4) and other locations where a kettle might be found based on the Initial Observation.

----------------------------------------

----------------------------------------

>>> Refine Original VLM Response and Get Pure Action: go to cabinet 1

----------------------------------------

-----------------------------------------------------------------

Running time: 18.978703498840332 seconds

Total Money: 16.682099999999995

-----------------------------------------------------------------

-----------------------------------------------------------------

Text Observation:You arrive at loc 2. The cabinet 1 is open. On the cabinet 1, you see a plate 1, a mug 1, a dishsponge 1, and a tomato 1.

--------------------------------------------------------------------------------------------------------------------------task: 26---------------------------------------------------------
--------------------------------------------------------------------------------------------------------------------------------------------------------------------
--------------------------------------------------------------------------------------------------------------------------------------------------------------------
Step:--------------------------------------------------------------------------18-------------------------------------------------------------------------------
----------------------------------------
VLM Prompt:
Image1:
<image>
Image2:
<image>
Image3:
<image>
**Instruction**
1. Analyze the provided images to identify all visible household objects and compare the difference between images (e.h. whether the object is opened or not and taken on hand or not), focusing on those relevant to the task description "find two kettle and put them in cabinet."
2. Use the analysis of images and the task hint "The agent must find an object of the desired type, pick it up, find the correct location to place it, put it down there, then look for another object of the desired type, pick it up, return to previous location, and put it down there with the other object." to answer the question: what is the most reasonable action in the choices for the task description "find two kettle and put them in cabinet"?
3. Decide and write the answer using the template: The answer is: (i): <selected_action>, where i is the real number. If there is no desired object in images, search every place based on **Initial Observation** to find the object. And if no one is exactly correct, choose a similar answer.

**Initial Observation**
You are in the middle of a room. Looking quickly around you, you can see countertop (1), coffeemachine (1), cabinet (1-4), drawer (1-8), sink (1), sinkbasin (1), garbagecan (1), fridge (1), microwave (1), dresser (1), sidetable (1)

**Answer Choices**
(1): go to countertop 1
(2): go to coffeemachine 1
(3): go to cabinet 2
(4): go to drawer 1
(5): go to sink 1
(6): go to sinkbasin 1
(7): go to cabinet 3
(8): go to garbagecan 1
(9): go to cabinet 4
(10): go to drawer 2
(11): go to fridge 1
(12): go to microwave 1
(13): go to dresser 1
(14): go to sidetable 1
(15): go to drawer 3
(16): go to drawer 4
(17): go to drawer 5
(18): go to drawer 6
(19): go to drawer 7
(20): go to drawer 8
(21): open cabinet 1
(22): close cabinet 1
(23): put kettle 1 in/on cabinet 1
(24): examine cabinet 1


**Answer**
Let's think step by step by following the instructions.
----------------------------------------

----------------------------------------

Original Response:
Image Analysis:
- Image 1 and Image 2 both show the same objects on the countertop, which include a loaf of bread, a kettle with a blue handle, a bowl with apples, and a green vegetable.
- Image 3 shows the same kettle with a blue handle but from a different angle, and also shows a coffeemaker with a cup and a coffee pod holder on the countertop.

Comparing the images, there are no significant changes between Image 1 and Image 2. Image 3 seems to be taken from a different perspective, but the objects remain the same. There is no indication of the objects being opened or taken by hand.

Task Analysis:
The task is to find two kettles and put them in a cabinet. From the images, we can see one kettle on the countertop. Since the task requires two kettles, we would need to search for another kettle. The initial observation mentions various locations like cabinets, drawers, and appliances where the second kettle may be found.

Based on the given information and the task hint, the most reasonable action to start with would be to check cabinets, as they are the most likely place to store a kettle. Since we already see one kettle on the countertop, it's not necessary to go there. Therefore, we should check the cabinets that have not been mentioned in the images.

The answer is: (9): go to cabinet 4

----------------------------------------

----------------------------------------

>>> Refine Original VLM Response and Get Pure Action: go to cabinet 4

----------------------------------------

-----------------------------------------------------------------

Running time: 13.056006669998169 seconds

Total Money: 16.719299999999993

-----------------------------------------------------------------

-----------------------------------------------------------------

Text Observation:You arrive at loc 9. The cabinet 4 is closed. 

--------------------------------------------------------------------------------------------------------------------------task: 26---------------------------------------------------------
--------------------------------------------------------------------------------------------------------------------------------------------------------------------
--------------------------------------------------------------------------------------------------------------------------------------------------------------------
Step:--------------------------------------------------------------------------19-------------------------------------------------------------------------------
----------------------------------------
VLM Prompt:
Image1:
<image>
Image2:
<image>
Image3:
<image>
**Instruction**
1. Analyze the provided images to identify all visible household objects and compare the difference between images (e.h. whether the object is opened or not and taken on hand or not), focusing on those relevant to the task description "find two kettle and put them in cabinet."
2. Use the analysis of images and the task hint "The agent must find an object of the desired type, pick it up, find the correct location to place it, put it down there, then look for another object of the desired type, pick it up, return to previous location, and put it down there with the other object." to answer the question: what is the most reasonable action in the choices for the task description "find two kettle and put them in cabinet"?
3. Decide and write the answer using the template: The answer is: (i): <selected_action>, where i is the real number. If there is no desired object in images, search every place based on **Initial Observation** to find the object. And if no one is exactly correct, choose a similar answer.

**Initial Observation**
You are in the middle of a room. Looking quickly around you, you can see countertop (1), coffeemachine (1), cabinet (1-4), drawer (1-8), sink (1), sinkbasin (1), garbagecan (1), fridge (1), microwave (1), dresser (1), sidetable (1)

**Answer Choices**
(1): go to countertop 1
(2): go to coffeemachine 1
(3): go to cabinet 2
(4): go to drawer 1
(5): go to sink 1
(6): go to sinkbasin 1
(7): go to cabinet 3
(8): go to garbagecan 1
(9): go to drawer 2
(10): go to fridge 1
(11): go to microwave 1
(12): go to dresser 1
(13): go to sidetable 1
(14): go to drawer 3
(15): go to drawer 4
(16): go to drawer 5
(17): go to drawer 6
(18): go to drawer 7
(19): go to drawer 8
(20): open cabinet 4
(21): close cabinet 4
(22): put kettle 1 in/on cabinet 4
(23): examine kettle 1
(24): examine cabinet 4


**Answer**
Let's think step by step by following the instructions.
----------------------------------------

----------------------------------------

Original Response:
First, we analyze the provided images to identify all visible household objects and compare the differences between the images. In all three images, we see a kettle with a blue handle on the table. The kettle's position does not change in any of the images, indicating it has not been moved or taken on hand.

Now, referring to the task description "find two kettles and put them in the cabinet," we need to locate two kettles and place them in a cabinet. Since we only see one kettle in the images and it is not already in a cabinet, we need to take action to locate another kettle and then place both in the cabinet.

Based on the **Initial Observation**, we have a list of possible locations to search for another kettle, such as countertops, cabinets, drawers, etc. Since we are tasked with finding the kettles and putting them in a cabinet, the logical first step is to pick up the visible kettle.

However, none of the answer choices explicitly mention picking up the kettle. The closest relevant action from the provided choices is to go to the location where we can find cabinets to potentially place the kettles. Since we need to open a cabinet to put the kettles inside, the most reasonable action from the choices given would be to open a cabinet, which is option (20): open cabinet 4. This action aligns with the task hint and the steps required to complete the task.

The answer is: (20): open cabinet 4.

----------------------------------------

----------------------------------------

>>> Refine Original VLM Response and Get Pure Action: open cabinet 4

----------------------------------------

-----------------------------------------------------------------

Running time: 38.78785753250122 seconds

Total Money: 16.756879999999992

-----------------------------------------------------------------

-----------------------------------------------------------------

Text Observation:You open the cabinet 4. The cabinet 4 is open. In it, you see a faucet 1, a bowl 1, a cup 2, a soapbottle 1, a egg 1, a spatula 1, and a spoon 1.

-----------------------------------------------------------------