---------------------------------------------------------task: 27---------------------------------------------------------
--------------------------------------------------------------------------------------------------------------------------------------------------------------------
--------------------------------------------------------------------------------------------------------------------------------------------------------------------
Step:--------------------------------------------------------------------------0-------------------------------------------------------------------------------
----------------------------------------
VLM Prompt:
Image1:
<image>
**Instruction**
1. Analyze the provided images to identify all visible household objects and compare the difference between images (e.h. whether the object is opened or not and taken on hand or not), focusing on those relevant to the task description "find two soapbottle and put them in garbagecan."
2. Use the analysis of images and the task hint "The agent must find an object of the desired type, pick it up, find the correct location to place it, put it down there, then look for another object of the desired type, pick it up, return to previous location, and put it down there with the other object." to answer the question: what is the most reasonable action in the choices for the task description "find two soapbottle and put them in garbagecan"?
3. Decide and write the answer using the template: The answer is: (i): <selected_action>, where i is the real number. If there is no desired object in images, search every place based on **Initial Observation** to find the object. And if no one is exactly correct, choose a similar answer.

**Initial Observation**
You are in the middle of a room. Looking quickly around you, you can see countertop (1), sinkbasin (1-2), sink (1-2), garbagecan (1), drawer (1-2), toilet (1), handtowelholder (1)

**Answer Choices**
(1): go to countertop 1
(2): go to sinkbasin 1
(3): go to sink 1
(4): go to garbagecan 1
(5): go to drawer 1
(6): go to drawer 2
(7): go to sink 2
(8): go to sinkbasin 2
(9): go to toilet 1
(10): go to handtowelholder 1


**Answer**
Let's think step by step by following the instructions.
----------------------------------------

----------------------------------------

Original Response:
The answer is: (4): go to garbagecan 1

----------------------------------------

----------------------------------------

>>> Refine Original VLM Response and Get Pure Action: go to garbagecan 1

----------------------------------------

-----------------------------------------------------------------

Running time: 5.190211296081543 seconds

Total Money: 13.8096

-----------------------------------------------------------------

-----------------------------------------------------------------

Text Observation:You arrive at loc 3. On the garbagecan 1, you see a handtowel 1, a soapbottle 1, a toiletpaper 1, a cloth 1, a scrubbrush 1, and a plunger 1.

--------------------------------------------------------------------------------------------------------------------------task: 27---------------------------------------------------------
--------------------------------------------------------------------------------------------------------------------------------------------------------------------
--------------------------------------------------------------------------------------------------------------------------------------------------------------------
Step:--------------------------------------------------------------------------1-------------------------------------------------------------------------------
----------------------------------------
VLM Prompt:
Image1:
<image>
Image2:
<image>
**Instruction**
1. Analyze the provided images to identify all visible household objects and compare the difference between images (e.h. whether the object is opened or not and taken on hand or not), focusing on those relevant to the task description "find two soapbottle and put them in garbagecan."
2. Use the analysis of images and the task hint "The agent must find an object of the desired type, pick it up, find the correct location to place it, put it down there, then look for another object of the desired type, pick it up, return to previous location, and put it down there with the other object." to answer the question: what is the most reasonable action in the choices for the task description "find two soapbottle and put them in garbagecan"?
3. Decide and write the answer using the template: The answer is: (i): <selected_action>, where i is the real number. If there is no desired object in images, search every place based on **Initial Observation** to find the object. And if no one is exactly correct, choose a similar answer.

**Initial Observation**
You are in the middle of a room. Looking quickly around you, you can see countertop (1), sinkbasin (1-2), sink (1-2), garbagecan (1), drawer (1-2), toilet (1), handtowelholder (1)

**Answer Choices**
(1): go to countertop 1
(2): go to sinkbasin 1
(3): go to sink 1
(4): go to drawer 1
(5): go to drawer 2
(6): go to sink 2
(7): go to sinkbasin 2
(8): go to toilet 1
(9): go to handtowelholder 1
(10): take handtowel 1 from garbagecan 1
(11): take soapbottle 1 from garbagecan 1
(12): take toiletpaper 1 from garbagecan 1
(13): take cloth 1 from garbagecan 1
(14): take scrubbrush 1 from garbagecan 1
(15): take plunger 1 from garbagecan 1
(16): examine garbagecan 1


**Answer**
Let's think step by step by following the instructions.
----------------------------------------

----------------------------------------

Original Response:
Firstly, we analyze the provided images. In both images, we see a soap bottle on top of a closed toilet lid and a garbage can next to it. There is no visible difference between the two images. 

Based on the task description, "find two soap bottles and put them in the garbage can," and the task hint, the agent must first locate a soap bottle, pick it up, find the garbage can, and put the soap bottle inside it. Then, the agent must find another soap bottle and repeat the action.

From the initial observation, we know the location of the garbage can (1) and that there are multiple places to check for another soap bottle, including the countertop, sink basin, sink, drawer, toilet, and hand towel holder.

Since we can already see a soap bottle in the image, which is not in the garbage can, the most reasonable next action would be to pick up this visible soap bottle and put it in the garbage can.

The answer is: (11): take soapbottle 1 from toilet 1

Note: The option to take the soap bottle from the garbage can is incorrect as the soap bottle is not currently in the garbage can, but on top of the toilet. Hence, the phrasing of the action is slightly off, but the intent to pick up the soap bottle from its current location (on top of the toilet) is the correct action to take next.

----------------------------------------

----------------------------------------

>>> Refine Original VLM Response and Get Pure Action: take soapbottle 1 from toilet 1

Note: The option to take the soap bottle from the garbage can is incorrect as the soap bottle is not currently in the garbage can, but on top of the toilet

----------------------------------------

-----------------------------------------------------------------

Running time: 11.743405818939209 seconds

Total Money: 13.838659999999999

-----------------------------------------------------------------

-----------------------------------------------------------------

Text Observation:You pick up the soapbottle 1 from the the toilet.

--------------------------------------------------------------------------------------------------------------------------task: 27---------------------------------------------------------
--------------------------------------------------------------------------------------------------------------------------------------------------------------------
--------------------------------------------------------------------------------------------------------------------------------------------------------------------
Step:--------------------------------------------------------------------------2-------------------------------------------------------------------------------
----------------------------------------
VLM Prompt:
Image1:
<image>
Image2:
<image>
**Instruction**
1. Analyze the provided images to identify all visible household objects and compare the difference between images (e.h. whether the object is opened or not and taken on hand or not), focusing on those relevant to the task description "find two soapbottle and put them in garbagecan."
2. Use the analysis of images and the task hint "The agent must find an object of the desired type, pick it up, find the correct location to place it, put it down there, then look for another object of the desired type, pick it up, return to previous location, and put it down there with the other object." to answer the question: what is the most reasonable action in the choices for the task description "find two soapbottle and put them in garbagecan"?
3. Decide and write the answer using the template: The answer is: (i): <selected_action>, where i is the real number. If there is no desired object in images, search every place based on **Initial Observation** to find the object. And if no one is exactly correct, choose a similar answer.

**Initial Observation**
You are in the middle of a room. Looking quickly around you, you can see countertop (1), sinkbasin (1-2), sink (1-2), garbagecan (1), drawer (1-2), toilet (1), handtowelholder (1)

**Answer Choices**
(1): go to countertop 1
(2): go to sinkbasin 1
(3): go to sink 1
(4): go to drawer 1
(5): go to drawer 2
(6): go to sink 2
(7): go to sinkbasin 2
(8): go to toilet 1
(9): go to handtowelholder 1
(10): put soapbottle 1 in/on garbagecan 1
(11): examine soapbottle 1
(12): examine garbagecan 1


**Answer**
Let's think step by step by following the instructions.
----------------------------------------

----------------------------------------

Original Response:
Firstly, we need to identify the household objects that are relevant to the task description "find two soapbottle and put them in garbagecan." From the images provided, we can see a soap bottle placed on top of the toilet tank in both images. The only difference between the two images is that in image 2, the soap bottle appears to be opened.

Based on the task hint, the agent needs to pick up the soap bottle and put it in the garbage can. Since we only see one soap bottle in the images, the agent should first pick up this soap bottle.

Now, we must decide the most reasonable action from the answer choices for the task. Since we have identified the soap bottle (soapbottle 1) and we know the location of the garbage can (garbagecan 1) from the initial observation, the agent should pick up the soap bottle and place it in the garbage can.

Therefore, the correct action to take next would be to pick up the soap bottle.

The answer is: (10): put soapbottle 1 in/on garbagecan 1

----------------------------------------

----------------------------------------

>>> Refine Original VLM Response and Get Pure Action: put soapbottle 1 in/on garbagecan 1

----------------------------------------

-----------------------------------------------------------------

Running time: 10.003999948501587 seconds

Total Money: 13.865079999999999

-----------------------------------------------------------------

-----------------------------------------------------------------

Text Observation:You put the soapbottle 1 in/on the garbagecan 1.

--------------------------------------------------------------------------------------------------------------------------task: 27---------------------------------------------------------
--------------------------------------------------------------------------------------------------------------------------------------------------------------------
--------------------------------------------------------------------------------------------------------------------------------------------------------------------
Step:--------------------------------------------------------------------------3-------------------------------------------------------------------------------
----------------------------------------
VLM Prompt:
Image1:
<image>
Image2:
<image>
**Instruction**
1. Analyze the provided images to identify all visible household objects and compare the difference between images (e.h. whether the object is opened or not and taken on hand or not), focusing on those relevant to the task description "find two soapbottle and put them in garbagecan."
2. Use the analysis of images and the task hint "The agent must find an object of the desired type, pick it up, find the correct location to place it, put it down there, then look for another object of the desired type, pick it up, return to previous location, and put it down there with the other object." to answer the question: what is the most reasonable action in the choices for the task description "find two soapbottle and put them in garbagecan"?
3. Decide and write the answer using the template: The answer is: (i): <selected_action>, where i is the real number. If there is no desired object in images, search every place based on **Initial Observation** to find the object. And if no one is exactly correct, choose a similar answer.

**Initial Observation**
You are in the middle of a room. Looking quickly around you, you can see countertop (1), sinkbasin (1-2), sink (1-2), garbagecan (1), drawer (1-2), toilet (1), handtowelholder (1)

**Answer Choices**
(1): go to countertop 1
(2): go to sinkbasin 1
(3): go to sink 1
(4): go to drawer 1
(5): go to drawer 2
(6): go to sink 2
(7): go to sinkbasin 2
(8): go to toilet 1
(9): go to handtowelholder 1
(10): take handtowel 1 from garbagecan 1
(11): take soapbottle 1 from garbagecan 1
(12): take toiletpaper 1 from garbagecan 1
(13): take cloth 1 from garbagecan 1
(14): take scrubbrush 1 from garbagecan 1
(15): take plunger 1 from garbagecan 1
(16): examine garbagecan 1


**Answer**
Let's think step by step by following the instructions.
----------------------------------------

----------------------------------------

Original Response:
Upon analyzing the images, we can see that in Image 1 there is a soapbottle on the countertop next to the garbagecan. In Image 2, the soapbottle is no longer there, indicating that it has been moved or taken.

Given the task description "find two soapbottle and put them in garbagecan," we can infer that one soapbottle has already been put in the garbagecan, as it is missing from the countertop in Image 2. 

Based on the task hint, the agent must now find another soapbottle. Since there is no other soapbottle visible in the images, the agent needs to search other locations mentioned in the Initial Observation. 

Therefore, the most reasonable action from the choices provided would be to search places where soapbottles are likely to be found, such as the countertop, sinkbasin, or drawers.

The answer is: (1): go to countertop 1. This would be the first logical location to check for another soapbottle before moving on to other areas if needed.

----------------------------------------

----------------------------------------

>>> Refine Original VLM Response and Get Pure Action: go to countertop 1

----------------------------------------

-----------------------------------------------------------------

Running time: 13.216012239456177 seconds

Total Money: 13.892009999999999

-----------------------------------------------------------------

-----------------------------------------------------------------

Text Observation:You arrive at loc 0. On the countertop 1, you see a faucet 1, a cloth 1, a soapbar 1, and a soapbottle 2.

--------------------------------------------------------------------------------------------------------------------------task: 27---------------------------------------------------------
--------------------------------------------------------------------------------------------------------------------------------------------------------------------
--------------------------------------------------------------------------------------------------------------------------------------------------------------------
Step:--------------------------------------------------------------------------4-------------------------------------------------------------------------------
----------------------------------------
VLM Prompt:
Image1:
<image>
Image2:
<image>
**Instruction**
1. Analyze the provided images to identify all visible household objects and compare the difference between images (e.h. whether the object is opened or not and taken on hand or not), focusing on those relevant to the task description "find two soapbottle and put them in garbagecan."
2. Use the analysis of images and the task hint "The agent must find an object of the desired type, pick it up, find the correct location to place it, put it down there, then look for another object of the desired type, pick it up, return to previous location, and put it down there with the other object." to answer the question: what is the most reasonable action in the choices for the task description "find two soapbottle and put them in garbagecan"?
3. Decide and write the answer using the template: The answer is: (i): <selected_action>, where i is the real number. If there is no desired object in images, search every place based on **Initial Observation** to find the object. And if no one is exactly correct, choose a similar answer.

**Initial Observation**
You are in the middle of a room. Looking quickly around you, you can see countertop (1), sinkbasin (1-2), sink (1-2), garbagecan (1), drawer (1-2), toilet (1), handtowelholder (1)

**Answer Choices**
(1): go to sinkbasin 1
(2): go to sink 1
(3): go to garbagecan 1
(4): go to drawer 1
(5): go to drawer 2
(6): go to sink 2
(7): go to sinkbasin 2
(8): go to toilet 1
(9): go to handtowelholder 1
(10): take faucet 1 from countertop 1
(11): take cloth 1 from countertop 1
(12): take soapbar 1 from countertop 1
(13): take soapbottle 2 from countertop 1
(14): examine countertop 1


**Answer**
Let's think step by step by following the instructions.
----------------------------------------

----------------------------------------

Original Response:
1. Analyzing the images:
- Image1 shows a garbagecan, a toilet, a handtowelholder with a hanging towel, and a countertop with a toilet paper roll on it. 
- Image2 shows a sink with a pink soapbar on the countertop, a cloth, and a brick wall shower cabin with a glass door. There are no soapbottles visible in either image.

2. Based on the task, the agent needs to find two soapbottles. Since none are visible in the images provided, the agent will need to search other locations based on the initial observation.

3. The most reasonable action to start the task of "find two soapbottle and put them in garbagecan" would be to search the locations where soapbottles are likely to be found, such as drawers or countertops.

The answer is: (4): go to drawer 1

----------------------------------------

----------------------------------------

>>> Refine Original VLM Response and Get Pure Action: go to drawer 1

----------------------------------------

-----------------------------------------------------------------

Running time: 12.432122230529785 seconds

Total Money: 13.917549999999999

-----------------------------------------------------------------

-----------------------------------------------------------------

Text Observation:You arrive at loc 4. The drawer 1 is closed. 

--------------------------------------------------------------------------------------------------------------------------task: 27---------------------------------------------------------
--------------------------------------------------------------------------------------------------------------------------------------------------------------------
--------------------------------------------------------------------------------------------------------------------------------------------------------------------
Step:--------------------------------------------------------------------------5-------------------------------------------------------------------------------
----------------------------------------
VLM Prompt:
Image1:
<image>
Image2:
<image>
**Instruction**
1. Analyze the provided images to identify all visible household objects and compare the difference between images (e.h. whether the object is opened or not and taken on hand or not), focusing on those relevant to the task description "find two soapbottle and put them in garbagecan."
2. Use the analysis of images and the task hint "The agent must find an object of the desired type, pick it up, find the correct location to place it, put it down there, then look for another object of the desired type, pick it up, return to previous location, and put it down there with the other object." to answer the question: what is the most reasonable action in the choices for the task description "find two soapbottle and put them in garbagecan"?
3. Decide and write the answer using the template: The answer is: (i): <selected_action>, where i is the real number. If there is no desired object in images, search every place based on **Initial Observation** to find the object. And if no one is exactly correct, choose a similar answer.

**Initial Observation**
You are in the middle of a room. Looking quickly around you, you can see countertop (1), sinkbasin (1-2), sink (1-2), garbagecan (1), drawer (1-2), toilet (1), handtowelholder (1)

**Answer Choices**
(1): go to sinkbasin 1
(2): go to sink 1
(3): go to garbagecan 1
(4): go to drawer 2
(5): go to sink 2
(6): go to sinkbasin 2
(7): go to toilet 1
(8): go to handtowelholder 1
(9): open drawer 1
(10): close drawer 1
(11): examine drawer 1


**Answer**
Let's think step by step by following the instructions.
----------------------------------------

----------------------------------------

Original Response:
First, by analyzing the images, we can identify the following objects:

- In Image 1, there is a sink with a faucet, a soap bottle on the countertop, and a yellow cleaning cloth.
- In Image 2, there are two sinks with faucets, two soap bottles on the countertop between the sinks, and a yellow cleaning cloth.

Comparing the images, we can see that in Image 2, there is an additional sink and an additional soap bottle compared to Image 1.

Now, referring to the task description "find two soap bottles and put them in the garbage can," we need to locate two soap bottles and then proceed to place them in the garbage can. Based on the initial observation, we know there is a garbage can in the room.

Using the task hint, the most reasonable action would be to first go to the location where the soap bottles are located, pick them up, and then go to the garbage can to dispose of them.

Since the images show two soap bottles on the countertop between the sinks in Image 2, and we need to perform the task of disposing of them, the most reasonable action would be:

The answer is: (6): go to sinkbasin 2

This action will bring the agent closer to the two soap bottles, allowing them to pick them up and proceed with the task.

----------------------------------------

----------------------------------------

>>> Refine Original VLM Response and Get Pure Action: go to sinkbasin 2

This action will bring the agent closer to the two soap bottles, allowing them to pick them up and proceed with the task

----------------------------------------

-----------------------------------------------------------------

Running time: 14.760779619216919 seconds

Total Money: 13.945389999999998

-----------------------------------------------------------------

-----------------------------------------------------------------

Text Observation:Nothing happens.

--------------------------------------------------------------------------------------------------------------------------task: 27---------------------------------------------------------
--------------------------------------------------------------------------------------------------------------------------------------------------------------------
--------------------------------------------------------------------------------------------------------------------------------------------------------------------
Step:--------------------------------------------------------------------------6-------------------------------------------------------------------------------
----------------------------------------
VLM Prompt:
Image1:
<image>
Image2:
<image>
**Instruction**
1. Analyze the provided images to identify all visible household objects and compare the difference between images (e.h. whether the object is opened or not and taken on hand or not), focusing on those relevant to the task description "find two soapbottle and put them in garbagecan."
2. Use the analysis of images and the task hint "The agent must find an object of the desired type, pick it up, find the correct location to place it, put it down there, then look for another object of the desired type, pick it up, return to previous location, and put it down there with the other object." to answer the question: what is the most reasonable action in the choices for the task description "find two soapbottle and put them in garbagecan"?
3. Decide and write the answer using the template: The answer is: (i): <selected_action>, where i is the real number. If there is no desired object in images, search every place based on **Initial Observation** to find the object. And if no one is exactly correct, choose a similar answer.

**Initial Observation**
You are in the middle of a room. Looking quickly around you, you can see countertop (1), sinkbasin (1-2), sink (1-2), garbagecan (1), drawer (1-2), toilet (1), handtowelholder (1)

**Answer Choices**
(1): go to sinkbasin 1
(2): go to sink 1
(3): go to garbagecan 1
(4): go to drawer 2
(5): go to sink 2
(6): go to sinkbasin 2
(7): go to toilet 1
(8): go to handtowelholder 1
(9): open drawer 1
(10): close drawer 1
(11): examine drawer 1


**Answer**
Let's think step by step by following the instructions.
----------------------------------------

----------------------------------------

Original Response:
1. In both images, we can see two soap bottles on the countertop between the two sink basins. There is no visible difference between the two images regarding the soap bottles (they are not opened or being held).

2. Based on the task description "find two soapbottle and put them in garbagecan," and the hint provided, the most reasonable action would be to first pick up the soap bottles. However, none of the answer choices includes picking up an object. Therefore, we need to choose the action that gets the agent closest to the soap bottles to be able to pick them up.

3. Using the template provided, the most reasonable action from the answer choices to accomplish the task of finding two soap bottles and putting them in the garbage can would be to go to the location where the soap bottles are, which is the countertop between the two sink basins. Since there is no specific choice for "go to countertop," we should choose the closest option.

The answer is: (1): go to sinkbasin 1. This choice brings the agent closest to one of the soap bottles on the countertop.

----------------------------------------

----------------------------------------

>>> Refine Original VLM Response and Get Pure Action: go to sinkbasin 1

----------------------------------------

-----------------------------------------------------------------

Running time: 8.910258769989014 seconds

Total Money: 13.971849999999998

-----------------------------------------------------------------

-----------------------------------------------------------------

Text Observation:You arrive at loc 1. On the sinkbasin 1, you see a faucet 1, a cloth 1, a soapbar 1, and a soapbottle 2.

--------------------------------------------------------------------------------------------------------------------------task: 27---------------------------------------------------------
--------------------------------------------------------------------------------------------------------------------------------------------------------------------
--------------------------------------------------------------------------------------------------------------------------------------------------------------------
Step:--------------------------------------------------------------------------7-------------------------------------------------------------------------------
----------------------------------------
VLM Prompt:
Image1:
<image>
Image2:
<image>
**Instruction**
1. Analyze the provided images to identify all visible household objects and compare the difference between images (e.h. whether the object is opened or not and taken on hand or not), focusing on those relevant to the task description "find two soapbottle and put them in garbagecan."
2. Use the analysis of images and the task hint "The agent must find an object of the desired type, pick it up, find the correct location to place it, put it down there, then look for another object of the desired type, pick it up, return to previous location, and put it down there with the other object." to answer the question: what is the most reasonable action in the choices for the task description "find two soapbottle and put them in garbagecan"?
3. Decide and write the answer using the template: The answer is: (i): <selected_action>, where i is the real number. If there is no desired object in images, search every place based on **Initial Observation** to find the object. And if no one is exactly correct, choose a similar answer.

**Initial Observation**
You are in the middle of a room. Looking quickly around you, you can see countertop (1), sinkbasin (1-2), sink (1-2), garbagecan (1), drawer (1-2), toilet (1), handtowelholder (1)

**Answer Choices**
(1): go to countertop 1
(2): go to sink 1
(3): go to garbagecan 1
(4): go to drawer 2
(5): go to sink 2
(6): go to sinkbasin 2
(7): go to toilet 1
(8): go to handtowelholder 1
(9): take faucet 1 from sinkbasin 1
(10): take cloth 1 from sinkbasin 1
(11): take soapbar 1 from sinkbasin 1
(12): take soapbottle 2 from sinkbasin 1
(13): examine sinkbasin 1


**Answer**
Let's think step by step by following the instructions.
----------------------------------------

----------------------------------------

Original Response:
First, analyzing the images, we can see in Image 1 there are two soap bottles on the countertop near the sink basins. No objects are being held in hand in any of the images, and the soap bottles are not opened.

Now, considering the task description "find two soapbottles and put them in garbagecan," we should look for actions related to picking up the soap bottles and placing them in the garbage can.

From the initial observation, we know the location of the countertop and the garbage can. To complete the task, the agent would need to go to the countertop, take the soap bottles, and then go to the garbage can to dispose of them.

Looking at the answer choices, the most relevant actions would be:
- Going to the countertop to be near the soap bottles (1).
- Taking the soap bottles (12).
- Going to the garbage can to dispose of them (3).

Since the task requires finding and disposing of two soap bottles, the first action should be to pick up the soap bottles. Therefore, the most reasonable action from the choices would be to take soapbottle 2 from sinkbasin 1, as it is one of the soap bottles visible in the image.

The answer is: (12): take soapbottle 2 from sinkbasin 1.

----------------------------------------

----------------------------------------

>>> Refine Original VLM Response and Get Pure Action: take soapbottle 2 from sinkbasin 1

----------------------------------------

-----------------------------------------------------------------

Running time: 26.57958459854126 seconds

Total Money: 13.999979999999999

-----------------------------------------------------------------

-----------------------------------------------------------------

Text Observation:You pick up the soapbottle 2 from the sinkbasin 1.

--------------------------------------------------------------------------------------------------------------------------task: 27---------------------------------------------------------
--------------------------------------------------------------------------------------------------------------------------------------------------------------------
--------------------------------------------------------------------------------------------------------------------------------------------------------------------
Step:--------------------------------------------------------------------------8-------------------------------------------------------------------------------
----------------------------------------
VLM Prompt:
Image1:
<image>
Image2:
<image>
**Instruction**
1. Analyze the provided images to identify all visible household objects and compare the difference between images (e.h. whether the object is opened or not and taken on hand or not), focusing on those relevant to the task description "find two soapbottle and put them in garbagecan."
2. Use the analysis of images and the task hint "The agent must find an object of the desired type, pick it up, find the correct location to place it, put it down there, then look for another object of the desired type, pick it up, return to previous location, and put it down there with the other object." to answer the question: what is the most reasonable action in the choices for the task description "find two soapbottle and put them in garbagecan"?
3. Decide and write the answer using the template: The answer is: (i): <selected_action>, where i is the real number. If there is no desired object in images, search every place based on **Initial Observation** to find the object. And if no one is exactly correct, choose a similar answer.

**Initial Observation**
You are in the middle of a room. Looking quickly around you, you can see countertop (1), sinkbasin (1-2), sink (1-2), garbagecan (1), drawer (1-2), toilet (1), handtowelholder (1)

**Answer Choices**
(1): go to countertop 1
(2): go to sink 1
(3): go to garbagecan 1
(4): go to drawer 1
(5): go to drawer 2
(6): go to sink 2
(7): go to sinkbasin 2
(8): go to toilet 1
(9): go to handtowelholder 1
(10): put soapbottle 2 in/on sinkbasin 1
(11): clean soapbottle 2 with sinkbasin 1
(12): clean soapbottle 2 with sink 1
(13): clean soapbottle 2 with sink 2
(14): clean soapbottle 2 with sinkbasin 2
(15): examine soapbottle 2
(16): examine sinkbasin 1


**Answer**
Let's think step by step by following the instructions.
----------------------------------------

----------------------------------------

Original Response:
Image Analysis:
- In Image 1, we can see a sink with a sinkbasin and a handtowel on the countertop. There is no soap bottle visible in this image.
- In Image 2, there is a soap bottle placed on the sinkbasin, and the handtowel remains on the countertop. 

Based on the task description to "find two soapbottle and put them in garbagecan," we need to locate two soap bottles. From the initial observation, we note the presence of a garbagecan and other items in the room.

If we analyze the answer choices, we can deduce the following:
- Choices (1) to (9) involve going to different places in the room.
- Choice (10) involves placing the soap bottle into the sinkbasin, which is not part of the task.
- Choices (11) to (14) involve cleaning the soap bottle, which is not part of the task.
- Choice (15) involves examining the soap bottle, which may be necessary to ensure it's the correct object but does not accomplish the task.
- Choice (16) involves examining the sinkbasin, which is not part of the task.

Considering we only see one soap bottle in Image 2 and none in Image 1, we must search for another soap bottle. Since we are asked to put the soap bottles in the garbagecan, and we have already located one soap bottle on the sinkbasin, the most reasonable next action would be to go to the garbagecan to deposit the located soap bottle before searching for the second one. 

The answer is: (3): go to garbagecan 1.

----------------------------------------

----------------------------------------

>>> Refine Original VLM Response and Get Pure Action: go to garbagecan 1

----------------------------------------

-----------------------------------------------------------------

Running time: 20.287292003631592 seconds

Total Money: 14.03052

-----------------------------------------------------------------

-----------------------------------------------------------------

Text Observation:You arrive at loc 3. On the garbagecan 1, you see a handtowel 1, a toiletpaper 1, a cloth 1, a soapbottle 1, a scrubbrush 1, and a plunger 1.

--------------------------------------------------------------------------------------------------------------------------task: 27---------------------------------------------------------
--------------------------------------------------------------------------------------------------------------------------------------------------------------------
--------------------------------------------------------------------------------------------------------------------------------------------------------------------
Step:--------------------------------------------------------------------------9-------------------------------------------------------------------------------
----------------------------------------
VLM Prompt:
Image1:
<image>
Image2:
<image>
**Instruction**
1. Analyze the provided images to identify all visible household objects and compare the difference between images (e.h. whether the object is opened or not and taken on hand or not), focusing on those relevant to the task description "find two soapbottle and put them in garbagecan."
2. Use the analysis of images and the task hint "The agent must find an object of the desired type, pick it up, find the correct location to place it, put it down there, then look for another object of the desired type, pick it up, return to previous location, and put it down there with the other object." to answer the question: what is the most reasonable action in the choices for the task description "find two soapbottle and put them in garbagecan"?
3. Decide and write the answer using the template: The answer is: (i): <selected_action>, where i is the real number. If there is no desired object in images, search every place based on **Initial Observation** to find the object. And if no one is exactly correct, choose a similar answer.

**Initial Observation**
You are in the middle of a room. Looking quickly around you, you can see countertop (1), sinkbasin (1-2), sink (1-2), garbagecan (1), drawer (1-2), toilet (1), handtowelholder (1)

**Answer Choices**
(1): go to countertop 1
(2): go to sink 1
(3): go to drawer 1
(4): go to drawer 2
(5): go to sink 2
(6): go to sinkbasin 2
(7): go to toilet 1
(8): go to handtowelholder 1
(9): put soapbottle 2 in/on garbagecan 1
(10): examine soapbottle 2
(11): examine garbagecan 1


**Answer**
Let's think step by step by following the instructions.
----------------------------------------

----------------------------------------

Original Response:
Firstly, we need to identify the visible household objects in the images provided. 

In Image 1, we can see a soap bottle on the countertop near the sink, a garbage can, and a yellow hand towel. In Image 2, we can see another soap bottle on top of the toilet tank, a roll of toilet paper, and a garbage can next to the toilet.

Now, considering the task description "find two soap bottles and put them in the garbage can," we need to locate and move both soap bottles to the garbage can.

In both images, the soap bottles appear to be closed and not in hand. They are simply placed on the countertop and toilet tank.

Based on the **Initial Observation**, we are in the middle of a room with a visible countertop, sink basin, sink, garbage can, drawer, toilet, and hand towel holder.

The most reasonable action to complete the task would be to first pick up one soap bottle and then the other, before placing them in the garbage can. The soap bottles are located on the countertop 1 and toilet 1.

Given the answer choices, the most reasonable action to perform next would be:

The answer is: (1): go to countertop 1

This action will bring the agent closer to the first soap bottle, allowing them to pick it up and move it to the garbage can as per the task description. Afterward, the agent can proceed to toilet 1 to pick up the second soap bottle and place it in the garbage can as well.

----------------------------------------

----------------------------------------

>>> Refine Original VLM Response and Get Pure Action: go to countertop 1

This action will bring the agent closer to the first soap bottle, allowing them to pick it up and move it to the garbage can as per the task description

----------------------------------------

-----------------------------------------------------------------

Running time: 11.964131355285645 seconds

Total Money: 14.05956

-----------------------------------------------------------------

-----------------------------------------------------------------

Text Observation:Nothing happens.

--------------------------------------------------------------------------------------------------------------------------task: 27---------------------------------------------------------
--------------------------------------------------------------------------------------------------------------------------------------------------------------------
--------------------------------------------------------------------------------------------------------------------------------------------------------------------
Step:--------------------------------------------------------------------------10-------------------------------------------------------------------------------
----------------------------------------
VLM Prompt:
Image1:
<image>
Image2:
<image>
**Instruction**
1. Analyze the provided images to identify all visible household objects and compare the difference between images (e.h. whether the object is opened or not and taken on hand or not), focusing on those relevant to the task description "find two soapbottle and put them in garbagecan."
2. Use the analysis of images and the task hint "The agent must find an object of the desired type, pick it up, find the correct location to place it, put it down there, then look for another object of the desired type, pick it up, return to previous location, and put it down there with the other object." to answer the question: what is the most reasonable action in the choices for the task description "find two soapbottle and put them in garbagecan"?
3. Decide and write the answer using the template: The answer is: (i): <selected_action>, where i is the real number. If there is no desired object in images, search every place based on **Initial Observation** to find the object. And if no one is exactly correct, choose a similar answer.

**Initial Observation**
You are in the middle of a room. Looking quickly around you, you can see countertop (1), sinkbasin (1-2), sink (1-2), garbagecan (1), drawer (1-2), toilet (1), handtowelholder (1)

**Answer Choices**
(1): go to countertop 1
(2): go to sinkbasin 1
(3): go to sink 1
(4): go to drawer 1
(5): go to drawer 2
(6): go to sink 2
(7): go to sinkbasin 2
(8): go to toilet 1
(9): go to handtowelholder 1
(10): put soapbottle 2 in/on garbagecan 1
(11): examine soapbottle 2
(12): examine garbagecan 1


**Answer**
Let's think step by step by following the instructions.
----------------------------------------

----------------------------------------

Original Response:
1. In both images, we can see a soap bottle on the countertop next to the sink. There are no differences between the images regarding the soap bottle, and it is not opened or in hand.

2. Based on the task description and the hint, the most reasonable action is to pick up the soap bottle and put it in the garbage can. However, the options do not include an action to pick up the soap bottle. 

3. Given the available options and the initial observation stating the location of the garbage can, the most reasonable action to start with would be to go to the garbage can to prepare for putting the soap bottle in it.

The answer is: (12): examine garbagecan 1.

----------------------------------------

----------------------------------------

>>> Refine Original VLM Response and Get Pure Action: examine garbagecan 1

----------------------------------------

-----------------------------------------------------------------

Running time: 8.238806247711182 seconds

Total Money: 14.08367

-----------------------------------------------------------------

-----------------------------------------------------------------

Text Observation:On the garbagecan 1, you see a handtowel 1, a toiletpaper 1, a cloth 1, a soapbottle 1, a scrubbrush 1, and a plunger 1.

--------------------------------------------------------------------------------------------------------------------------task: 27---------------------------------------------------------
--------------------------------------------------------------------------------------------------------------------------------------------------------------------
--------------------------------------------------------------------------------------------------------------------------------------------------------------------
Step:--------------------------------------------------------------------------11-------------------------------------------------------------------------------
----------------------------------------
VLM Prompt:
Image1:
<image>
Image2:
<image>
**Instruction**
1. Analyze the provided images to identify all visible household objects and compare the difference between images (e.h. whether the object is opened or not and taken on hand or not), focusing on those relevant to the task description "find two soapbottle and put them in garbagecan."
2. Use the analysis of images and the task hint "The agent must find an object of the desired type, pick it up, find the correct location to place it, put it down there, then look for another object of the desired type, pick it up, return to previous location, and put it down there with the other object." to answer the question: what is the most reasonable action in the choices for the task description "find two soapbottle and put them in garbagecan"?
3. Decide and write the answer using the template: The answer is: (i): <selected_action>, where i is the real number. If there is no desired object in images, search every place based on **Initial Observation** to find the object. And if no one is exactly correct, choose a similar answer.

**Initial Observation**
You are in the middle of a room. Looking quickly around you, you can see countertop (1), sinkbasin (1-2), sink (1-2), garbagecan (1), drawer (1-2), toilet (1), handtowelholder (1)

**Answer Choices**
(1): go to countertop 1
(2): go to sinkbasin 1
(3): go to sink 1
(4): go to drawer 1
(5): go to drawer 2
(6): go to sink 2
(7): go to sinkbasin 2
(8): go to toilet 1
(9): go to handtowelholder 1
(10): put soapbottle 2 in/on garbagecan 1
(11): examine soapbottle 2


**Answer**
Let's think step by step by following the instructions.
----------------------------------------

----------------------------------------

Original Response:
Upon analyzing the provided images, we can identify several household objects. In both images, we see a soap bottle on a countertop near the sink basin, which seems to be the same soap bottle in the same position in both images. There are no visible differences between the two images in terms of the soap bottle's status (it is neither opened nor taken by hand in either image). Additionally, we can see a toilet roll and a garbage can, which are also in the same position in both images.

Based on the task description "find two soap bottles and put them in the garbage can," we need to identify and pick up two soap bottles and place them in the garbage can. Since we can only see one soap bottle in the images, we need to search for another one.

According to the initial observation, we are in the middle of a room with various locations such as a countertop, sink basin, sink, garbage can, drawer, toilet, and hand towel holder. The task hint guides us to find an object of the desired type (soap bottle), pick it up, find the correct location to place it (garbage can), put it down there, then look for another object of the desired type, pick it up, return to the previous location, and put it down there with the other object.

Given that we can see one soap bottle on the countertop near the sink basin, and we need to find another one, we should first go to the locations where a soap bottle is likely to be found, such as the sink, sink basin, or countertop. Since we are already near the countertop and sink basin, we should check the drawers next, as they are common storage places for household items like soap bottles.

The most reasonable action in the choices for the task description "find two soap bottles and put them in the garbage can" would be to first go to drawer 1, where we might find another soap bottle. If we find it there, we can then proceed to put both soap bottles in the garbage can.

The answer is: (4): go to drawer 1.

----------------------------------------

----------------------------------------

>>> Refine Original VLM Response and Get Pure Action: go to drawer 1

----------------------------------------

-----------------------------------------------------------------

Running time: 18.578343152999878 seconds

Total Money: 14.11612

-----------------------------------------------------------------

-----------------------------------------------------------------

Text Observation:You arrive at loc 4. The drawer 1 is closed. 

--------------------------------------------------------------------------------------------------------------------------task: 27---------------------------------------------------------
--------------------------------------------------------------------------------------------------------------------------------------------------------------------
--------------------------------------------------------------------------------------------------------------------------------------------------------------------
Step:--------------------------------------------------------------------------12-------------------------------------------------------------------------------
----------------------------------------
VLM Prompt:
Image1:
<image>
Image2:
<image>
**Instruction**
1. Analyze the provided images to identify all visible household objects and compare the difference between images (e.h. whether the object is opened or not and taken on hand or not), focusing on those relevant to the task description "find two soapbottle and put them in garbagecan."
2. Use the analysis of images and the task hint "The agent must find an object of the desired type, pick it up, find the correct location to place it, put it down there, then look for another object of the desired type, pick it up, return to previous location, and put it down there with the other object." to answer the question: what is the most reasonable action in the choices for the task description "find two soapbottle and put them in garbagecan"?
3. Decide and write the answer using the template: The answer is: (i): <selected_action>, where i is the real number. If there is no desired object in images, search every place based on **Initial Observation** to find the object. And if no one is exactly correct, choose a similar answer.

**Initial Observation**
You are in the middle of a room. Looking quickly around you, you can see countertop (1), sinkbasin (1-2), sink (1-2), garbagecan (1), drawer (1-2), toilet (1), handtowelholder (1)

**Answer Choices**
(1): go to countertop 1
(2): go to sinkbasin 1
(3): go to sink 1
(4): go to garbagecan 1
(5): go to drawer 2
(6): go to sink 2
(7): go to sinkbasin 2
(8): go to toilet 1
(9): go to handtowelholder 1
(10): open drawer 1
(11): close drawer 1
(12): put soapbottle 2 in/on drawer 1
(13): examine soapbottle 2
(14): examine drawer 1


**Answer**
Let's think step by step by following the instructions.
----------------------------------------

----------------------------------------

Original Response:
Firstly, we need to identify the soap bottles in the images. In Image 1, there is no visible soap bottle. In Image 2, we can see two different soap bottles on the countertop near sinkbasin 2.

Comparing the differences between images, we notice that the soap bottles are not opened and not in hand; they are simply placed on the countertop.

Based on the task description, "find two soapbottle and put them in garbagecan," and the task hint, the agent must first find the soap bottles, pick them up, and then put them in the garbagecan.

Given the initial observation, we know there is a garbagecan in location 1.

Based on this analysis, the most reasonable action to take first would be to go to the countertop where the soap bottles are located, which is near sinkbasin 2.

The answer is: (7): go to sinkbasin 2. After reaching there, the agent should pick up the soap bottles and then go to garbagecan 1 to complete the task.

----------------------------------------

----------------------------------------

>>> Refine Original VLM Response and Get Pure Action: go to sinkbasin 2

----------------------------------------

-----------------------------------------------------------------

Running time: 14.08685564994812 seconds

Total Money: 14.142570000000001

-----------------------------------------------------------------

-----------------------------------------------------------------

Text Observation:You arrive at loc 7. On the sinkbasin 2, you see a faucet 2, a spraybottle 1, a faucet 1, a soapbar 2, a candle 1, a soapbottle 3, and a soapbar 3.

--------------------------------------------------------------------------------------------------------------------------task: 27---------------------------------------------------------
--------------------------------------------------------------------------------------------------------------------------------------------------------------------
--------------------------------------------------------------------------------------------------------------------------------------------------------------------
Step:--------------------------------------------------------------------------13-------------------------------------------------------------------------------
----------------------------------------
VLM Prompt:
Image1:
<image>
Image2:
<image>
**Instruction**
1. Analyze the provided images to identify all visible household objects and compare the difference between images (e.h. whether the object is opened or not and taken on hand or not), focusing on those relevant to the task description "find two soapbottle and put them in garbagecan."
2. Use the analysis of images and the task hint "The agent must find an object of the desired type, pick it up, find the correct location to place it, put it down there, then look for another object of the desired type, pick it up, return to previous location, and put it down there with the other object." to answer the question: what is the most reasonable action in the choices for the task description "find two soapbottle and put them in garbagecan"?
3. Decide and write the answer using the template: The answer is: (i): <selected_action>, where i is the real number. If there is no desired object in images, search every place based on **Initial Observation** to find the object. And if no one is exactly correct, choose a similar answer.

**Initial Observation**
You are in the middle of a room. Looking quickly around you, you can see countertop (1), sinkbasin (1-2), sink (1-2), garbagecan (1), drawer (1-2), toilet (1), handtowelholder (1)

**Answer Choices**
(1): go to countertop 1
(2): go to sinkbasin 1
(3): go to sink 1
(4): go to garbagecan 1
(5): go to drawer 2
(6): go to sink 2
(7): go to toilet 1
(8): go to handtowelholder 1
(9): put soapbottle 2 in/on sinkbasin 2
(10): clean soapbottle 2 with sinkbasin 1
(11): clean soapbottle 2 with sink 1
(12): clean soapbottle 2 with sink 2
(13): clean soapbottle 2 with sinkbasin 2
(14): examine soapbottle 2
(15): examine sinkbasin 2


**Answer**
Let's think step by step by following the instructions.
----------------------------------------

----------------------------------------

Original Response:
Image Analysis:
In both images, we can see a countertop with two sink basins and two soap bottles. In Image 1, both soap bottles are placed on the countertop, and none of them is being held. In Image 2, one of the soap bottles appears to have been picked up as it is no longer on the countertop.

Task Description Analysis:
The task is to find two soap bottles and put them in the garbage can. Based on the task hint, the agent must pick up one soap bottle, find the garbage can, put the soap bottle there, then find another soap bottle, pick it up, and place it with the first one in the garbage can.

Initial Observation:
The garbage can is mentioned in the initial observation, so we know where to place the soap bottles once they are picked up.

Answer Choices Analysis:
The agent has already picked up one soap bottle (as seen in Image 2), so the next reasonable action would be to go to the garbage can to dispose of it.

The answer is: (4): go to garbagecan 1

----------------------------------------

----------------------------------------

>>> Refine Original VLM Response and Get Pure Action: go to garbagecan 1

----------------------------------------

-----------------------------------------------------------------

Running time: 22.78649401664734 seconds

Total Money: 14.169450000000001

-----------------------------------------------------------------

-----------------------------------------------------------------

Text Observation:You arrive at loc 3. On the garbagecan 1, you see a handtowel 1, a toiletpaper 1, a cloth 1, a soapbottle 1, a scrubbrush 1, and a plunger 1.

--------------------------------------------------------------------------------------------------------------------------task: 27---------------------------------------------------------
--------------------------------------------------------------------------------------------------------------------------------------------------------------------
--------------------------------------------------------------------------------------------------------------------------------------------------------------------
Step:--------------------------------------------------------------------------14-------------------------------------------------------------------------------
----------------------------------------
VLM Prompt:
Image1:
<image>
Image2:
<image>
**Instruction**
1. Analyze the provided images to identify all visible household objects and compare the difference between images (e.h. whether the object is opened or not and taken on hand or not), focusing on those relevant to the task description "find two soapbottle and put them in garbagecan."
2. Use the analysis of images and the task hint "The agent must find an object of the desired type, pick it up, find the correct location to place it, put it down there, then look for another object of the desired type, pick it up, return to previous location, and put it down there with the other object." to answer the question: what is the most reasonable action in the choices for the task description "find two soapbottle and put them in garbagecan"?
3. Decide and write the answer using the template: The answer is: (i): <selected_action>, where i is the real number. If there is no desired object in images, search every place based on **Initial Observation** to find the object. And if no one is exactly correct, choose a similar answer.

**Initial Observation**
You are in the middle of a room. Looking quickly around you, you can see countertop (1), sinkbasin (1-2), sink (1-2), garbagecan (1), drawer (1-2), toilet (1), handtowelholder (1)

**Answer Choices**
(1): go to countertop 1
(2): go to sinkbasin 1
(3): go to sink 1
(4): go to drawer 2
(5): go to sink 2
(6): go to toilet 1
(7): go to handtowelholder 1
(8): put soapbottle 2 in/on garbagecan 1
(9): examine soapbottle 2
(10): examine garbagecan 1


**Answer**
Let's think step by step by following the instructions.
----------------------------------------

----------------------------------------

Original Response:
First, we analyze the images provided:

Image 1: We can see a soap bottle on the countertop, near the sink basin. It appears to be closed and not in hand. There is also a garbage can visible in the image.

Image 2: Another soap bottle is visible on the countertop, next to the toilet. This bottle also appears to be closed and not in hand. 

Comparing the images, we can identify that both images have a soap bottle that is relevant to the task description "find two soap bottles and put them in the garbage can."

Based on the task hint, we must find an object of the desired type (soap bottle), pick it up, find the correct location to place it (garbage can), put it down there, then look for another object of the desired type (second soap bottle), pick it up, return to the previous location (garbage can), and put it down there with the other object.

Given the initial observation and the task at hand, the most reasonable actions would be to first go to the location of the soap bottles, pick them up, and then go to the garbage can to put them in.

However, looking at the answer choices provided, there are no options to pick up the soap bottles. The closest relevant actions would be to go to the locations of the soap bottles and then go to the garbage can.

The answer is: (1): go to countertop 1, then (2): go to sinkbasin 1, and finally (8): put soapbottle 2 in/on garbagecan 1. If we consider that soapbottle 2 refers to the second soap bottle we need to find and put in the garbage can, then these actions would complete the task. However, since there is no direct instruction to pick up the soap bottles, we assume the agent would do so upon reaching the locations.

----------------------------------------

----------------------------------------

>>> Refine Original VLM Response and Get Pure Action: go to countertop 1, then (2): go to sinkbasin 1, and finally (8): put soapbottle 2 in/on garbagecan 1

----------------------------------------

-----------------------------------------------------------------

Running time: 19.67860198020935 seconds

Total Money: 14.200560000000001

-----------------------------------------------------------------

-----------------------------------------------------------------

Text Observation:Nothing happens.

--------------------------------------------------------------------------------------------------------------------------task: 27---------------------------------------------------------
--------------------------------------------------------------------------------------------------------------------------------------------------------------------
--------------------------------------------------------------------------------------------------------------------------------------------------------------------
Step:--------------------------------------------------------------------------15-------------------------------------------------------------------------------
----------------------------------------
VLM Prompt:
Image1:
<image>
Image2:
<image>
**Instruction**
1. Analyze the provided images to identify all visible household objects and compare the difference between images (e.h. whether the object is opened or not and taken on hand or not), focusing on those relevant to the task description "find two soapbottle and put them in garbagecan."
2. Use the analysis of images and the task hint "The agent must find an object of the desired type, pick it up, find the correct location to place it, put it down there, then look for another object of the desired type, pick it up, return to previous location, and put it down there with the other object." to answer the question: what is the most reasonable action in the choices for the task description "find two soapbottle and put them in garbagecan"?
3. Decide and write the answer using the template: The answer is: (i): <selected_action>, where i is the real number. If there is no desired object in images, search every place based on **Initial Observation** to find the object. And if no one is exactly correct, choose a similar answer.

**Initial Observation**
You are in the middle of a room. Looking quickly around you, you can see countertop (1), sinkbasin (1-2), sink (1-2), garbagecan (1), drawer (1-2), toilet (1), handtowelholder (1)

**Answer Choices**
(1): go to countertop 1
(2): go to sinkbasin 1
(3): go to sink 1
(4): go to drawer 1
(5): go to drawer 2
(6): go to sink 2
(7): go to toilet 1
(8): go to handtowelholder 1
(9): put soapbottle 2 in/on garbagecan 1
(10): examine soapbottle 2
(11): examine garbagecan 1


**Answer**
Let's think step by step by following the instructions.
----------------------------------------

----------------------------------------

Original Response:
Firstly, we analyze the provided images. In both images, we see a soap bottle on the countertop next to the sink basin. There is no visible difference between the two images regarding the soap bottle's state (it is not opened or taken on hand in either image).

Based on the task description "find two soapbottle and put them in garbagecan," we know that we need to find another soap bottle. The task hint guides us to find an object of the desired type, pick it up, and then find the correct location to place it.

From the initial observation, we know that the location of the garbage can is visible in image 1. Since we already have one soap bottle in sight, we need to look for another one. To do this, we should search every place based on the initial observation.

Looking at the answer choices, the most reasonable action to find another soap bottle would be to search the locations where it is most likely to be found. We can rule out options like "go to toilet 1" and "go to handtowelholder 1" as these are not typical places to find a soap bottle.

The remaining options are "go to countertop 1," "go to sinkbasin 1," "go to sink 1," "go to drawer 1," "go to drawer 2," and "go to sink 2." Since we already see the soap bottle on the countertop next to sink basin 1, we can rule out "go to countertop 1" and "go to sinkbasin 1." 

The most likely places to find another soap bottle would be in the drawers or at another sink. Therefore, the most reasonable actions would be to check the drawers or the other sink.

The answer is: (4): go to drawer 1 or (5): go to drawer 2 or (6): go to sink 2.

----------------------------------------

----------------------------------------

>>> Refine Original VLM Response and Get Pure Action: go to drawer 1 or (5): go to drawer 2 or (6): go to sink 2

----------------------------------------

-----------------------------------------------------------------

Running time: 19.785134077072144 seconds

Total Money: 14.231940000000002

-----------------------------------------------------------------

-----------------------------------------------------------------

Text Observation:Nothing happens.

--------------------------------------------------------------------------------------------------------------------------task: 27---------------------------------------------------------
--------------------------------------------------------------------------------------------------------------------------------------------------------------------
--------------------------------------------------------------------------------------------------------------------------------------------------------------------
Step:--------------------------------------------------------------------------16-------------------------------------------------------------------------------
----------------------------------------
VLM Prompt:
Image1:
<image>
Image2:
<image>
**Instruction**
1. Analyze the provided images to identify all visible household objects and compare the difference between images (e.h. whether the object is opened or not and taken on hand or not), focusing on those relevant to the task description "find two soapbottle and put them in garbagecan."
2. Use the analysis of images and the task hint "The agent must find an object of the desired type, pick it up, find the correct location to place it, put it down there, then look for another object of the desired type, pick it up, return to previous location, and put it down there with the other object." to answer the question: what is the most reasonable action in the choices for the task description "find two soapbottle and put them in garbagecan"?
3. Decide and write the answer using the template: The answer is: (i): <selected_action>, where i is the real number. If there is no desired object in images, search every place based on **Initial Observation** to find the object. And if no one is exactly correct, choose a similar answer.

**Initial Observation**
You are in the middle of a room. Looking quickly around you, you can see countertop (1), sinkbasin (1-2), sink (1-2), garbagecan (1), drawer (1-2), toilet (1), handtowelholder (1)

**Answer Choices**
(1): go to countertop 1
(2): go to sinkbasin 1
(3): go to sink 1
(4): go to drawer 1
(5): go to drawer 2
(6): go to sink 2
(7): go to sinkbasin 2
(8): go to toilet 1
(9): go to handtowelholder 1
(10): put soapbottle 2 in/on garbagecan 1
(11): examine soapbottle 2
(12): examine garbagecan 1


**Answer**
Let's think step by step by following the instructions.
----------------------------------------

----------------------------------------

Original Response:
1. In both images, we can see a soap bottle on the countertop next to the sink. There is no visible difference between the two images regarding the soap bottle; it is not open, nor is it in someone's hand. We can also see a garbage can in the corner of the image.

2. Based on the task description "find two soapbottle and put them in garbagecan," the agent must first locate and pick up a soap bottle and then place it in the garbage can. After that, the agent must find another soap bottle and repeat the process.

3. Since we can only see one soap bottle in the images provided, and it is located on the countertop, the most reasonable action to start the task would be to go to the countertop and pick up the visible soap bottle. After that, the agent should place it in the garbage can and search for another soap bottle.

The answer is: (1): go to countertop 1

----------------------------------------

----------------------------------------

>>> Refine Original VLM Response and Get Pure Action: go to countertop 1

----------------------------------------

-----------------------------------------------------------------

Running time: 10.930363893508911 seconds

Total Money: 14.257610000000001

-----------------------------------------------------------------

-----------------------------------------------------------------

Text Observation:You arrive at loc 0. On the countertop 1, you see a faucet 1, a cloth 1, and a soapbar 1.

--------------------------------------------------------------------------------------------------------------------------task: 27---------------------------------------------------------
--------------------------------------------------------------------------------------------------------------------------------------------------------------------
--------------------------------------------------------------------------------------------------------------------------------------------------------------------
Step:--------------------------------------------------------------------------17-------------------------------------------------------------------------------
----------------------------------------
VLM Prompt:
Image1:
<image>
Image2:
<image>
**Instruction**
1. Analyze the provided images to identify all visible household objects and compare the difference between images (e.h. whether the object is opened or not and taken on hand or not), focusing on those relevant to the task description "find two soapbottle and put them in garbagecan."
2. Use the analysis of images and the task hint "The agent must find an object of the desired type, pick it up, find the correct location to place it, put it down there, then look for another object of the desired type, pick it up, return to previous location, and put it down there with the other object." to answer the question: what is the most reasonable action in the choices for the task description "find two soapbottle and put them in garbagecan"?
3. Decide and write the answer using the template: The answer is: (i): <selected_action>, where i is the real number. If there is no desired object in images, search every place based on **Initial Observation** to find the object. And if no one is exactly correct, choose a similar answer.

**Initial Observation**
You are in the middle of a room. Looking quickly around you, you can see countertop (1), sinkbasin (1-2), sink (1-2), garbagecan (1), drawer (1-2), toilet (1), handtowelholder (1)

**Answer Choices**
(1): go to sinkbasin 1
(2): go to sink 1
(3): go to garbagecan 1
(4): go to drawer 1
(5): go to drawer 2
(6): go to sink 2
(7): go to sinkbasin 2
(8): go to toilet 1
(9): go to handtowelholder 1
(10): put soapbottle 2 in/on countertop 1
(11): examine soapbottle 2
(12): examine countertop 1


**Answer**
Let's think step by step by following the instructions.
----------------------------------------

----------------------------------------

Original Response:
1. In Image 1, we can see a soap bottle on top of the countertop next to the toilet paper. In Image 2, we can see another soap bottle on the countertop next to the sink basin. There is a garbage can visible in Image 1.

2. According to the task description "find two soapbottle and put them in garbagecan," the agent needs to pick up the two visible soap bottles from the countertop and place them in the garbage can.

3. The most reasonable action for the agent to start with would be to go to one of the soap bottles to pick it up. Since Image 1 shows a soap bottle and a garbage can in close proximity, it would be logical for the agent to start with the soap bottle in Image 1.

The answer is: (1): go to sinkbasin 1

----------------------------------------

----------------------------------------

>>> Refine Original VLM Response and Get Pure Action: go to sinkbasin 1

----------------------------------------

-----------------------------------------------------------------

Running time: 11.108900308609009 seconds

Total Money: 14.282620000000001

-----------------------------------------------------------------

-----------------------------------------------------------------

Text Observation:You arrive at loc 1. On the sinkbasin 1, you see a faucet 1, a cloth 1, and a soapbar 1.

--------------------------------------------------------------------------------------------------------------------------task: 27---------------------------------------------------------
--------------------------------------------------------------------------------------------------------------------------------------------------------------------
--------------------------------------------------------------------------------------------------------------------------------------------------------------------
Step:--------------------------------------------------------------------------18-------------------------------------------------------------------------------
----------------------------------------
VLM Prompt:
Image1:
<image>
Image2:
<image>
**Instruction**
1. Analyze the provided images to identify all visible household objects and compare the difference between images (e.h. whether the object is opened or not and taken on hand or not), focusing on those relevant to the task description "find two soapbottle and put them in garbagecan."
2. Use the analysis of images and the task hint "The agent must find an object of the desired type, pick it up, find the correct location to place it, put it down there, then look for another object of the desired type, pick it up, return to previous location, and put it down there with the other object." to answer the question: what is the most reasonable action in the choices for the task description "find two soapbottle and put them in garbagecan"?
3. Decide and write the answer using the template: The answer is: (i): <selected_action>, where i is the real number. If there is no desired object in images, search every place based on **Initial Observation** to find the object. And if no one is exactly correct, choose a similar answer.

**Initial Observation**
You are in the middle of a room. Looking quickly around you, you can see countertop (1), sinkbasin (1-2), sink (1-2), garbagecan (1), drawer (1-2), toilet (1), handtowelholder (1)

**Answer Choices**
(1): go to sink 1
(2): go to garbagecan 1
(3): go to drawer 1
(4): go to drawer 2
(5): go to sink 2
(6): go to sinkbasin 2
(7): go to toilet 1
(8): go to handtowelholder 1
(9): put soapbottle 2 in/on sinkbasin 1
(10): clean soapbottle 2 with sinkbasin 1
(11): clean soapbottle 2 with sink 1
(12): clean soapbottle 2 with sink 2
(13): clean soapbottle 2 with sinkbasin 2
(14): examine soapbottle 2
(15): examine sinkbasin 1


**Answer**
Let's think step by step by following the instructions.
----------------------------------------

----------------------------------------

Original Response:
First, we analyze the provided images. In both images, we can see a soap bottle on the countertop near the sink. There is no visible difference between the two images regarding the soap bottle; it is neither opened nor taken by hand in any of the images.

The task description is "find two soapbottle and put them in garbagecan." The task hint suggests that the agent must first find an object of the desired type (soap bottle) and then place it in the correct location (garbage can). Since we can see a soap bottle in the images and there is only one, the agent would first need to pick up this soap bottle and then look for another one.

Based on the initial observation, the garbagecan is mentioned, which is likely where the agent needs to place the soap bottles. However, since the agent needs to find two soap bottles and we only see one, the agent should first pick up the visible soap bottle before looking for another one.

The most reasonable action from the choices provided would be to first go to the visible soap bottle, which is on the countertop near the sink. The closest action that matches this description is (1): go to sink 1, where the soap bottle is located.

The answer is: (1): go to sink 1

----------------------------------------

----------------------------------------

>>> Refine Original VLM Response and Get Pure Action: go to sink 1

----------------------------------------

-----------------------------------------------------------------

Running time: 10.953914880752563 seconds

Total Money: 14.310720000000002

-----------------------------------------------------------------

-----------------------------------------------------------------

Text Observation:You arrive at loc 2. On the sink 1, you see a faucet 1, a cloth 1, and a soapbar 1.

--------------------------------------------------------------------------------------------------------------------------task: 27---------------------------------------------------------
--------------------------------------------------------------------------------------------------------------------------------------------------------------------
--------------------------------------------------------------------------------------------------------------------------------------------------------------------
Step:--------------------------------------------------------------------------19-------------------------------------------------------------------------------
----------------------------------------
VLM Prompt:
Image1:
<image>
Image2:
<image>
**Instruction**
1. Analyze the provided images to identify all visible household objects and compare the difference between images (e.h. whether the object is opened or not and taken on hand or not), focusing on those relevant to the task description "find two soapbottle and put them in garbagecan."
2. Use the analysis of images and the task hint "The agent must find an object of the desired type, pick it up, find the correct location to place it, put it down there, then look for another object of the desired type, pick it up, return to previous location, and put it down there with the other object." to answer the question: what is the most reasonable action in the choices for the task description "find two soapbottle and put them in garbagecan"?
3. Decide and write the answer using the template: The answer is: (i): <selected_action>, where i is the real number. If there is no desired object in images, search every place based on **Initial Observation** to find the object. And if no one is exactly correct, choose a similar answer.

**Initial Observation**
You are in the middle of a room. Looking quickly around you, you can see countertop (1), sinkbasin (1-2), sink (1-2), garbagecan (1), drawer (1-2), toilet (1), handtowelholder (1)

**Answer Choices**
(1): go to garbagecan 1
(2): go to drawer 1
(3): go to drawer 2
(4): go to sink 2
(5): go to sinkbasin 2
(6): go to toilet 1
(7): go to handtowelholder 1
(8): put soapbottle 2 in/on sink 1
(9): clean soapbottle 2 with sinkbasin 1
(10): clean soapbottle 2 with sink 1
(11): clean soapbottle 2 with sink 2
(12): clean soapbottle 2 with sinkbasin 2
(13): examine soapbottle 2
(14): examine sink 1


**Answer**
Let's think step by step by following the instructions.
----------------------------------------

----------------------------------------

Original Response:
Firstly, we need to identify visible household objects in the images provided. In both Image1 and Image2, we can see a soap bottle on the countertop in front of the sink. Additionally, there is a yellow cloth beside it. There are no significant visible differences between the two images, and there is no indication that the soap bottle has been moved or opened.

Now, considering the task description "find two soapbottle and put them in garbagecan" and the task hint provided, the most reasonable action would be to first locate and pick up the soap bottle. However, in the initial observation, we only have one soap bottle visible, and we need to find another one.

According to the initial observation, the likely places to search for another soap bottle could be the countertop, drawer, or sink basin. Since we already see one soap bottle on the countertop, the next reasonable place to search could be in the drawers, as they often contain extra household items.

Therefore, the most reasonable action to take next would be to search the drawers for another soap bottle. The answer is: (2): go to drawer 1. If a second soap bottle is found in drawer 1, it can then be taken to the garbagecan along with the first soap bottle from the countertop. If drawer 1 does not contain the second soap bottle, the next reasonable action would be to check drawer 2.

----------------------------------------

----------------------------------------

>>> Refine Original VLM Response and Get Pure Action: go to drawer 1

----------------------------------------

-----------------------------------------------------------------

Running time: 22.03045344352722 seconds

Total Money: 14.339470000000002

-----------------------------------------------------------------

-----------------------------------------------------------------

Text Observation:You arrive at loc 4. The drawer 1 is closed. 

-----------------------------------------------------------------