---------------------------------------------------------task: 9---------------------------------------------------------
--------------------------------------------------------------------------------------------------------------------------------------------------------------------
--------------------------------------------------------------------------------------------------------------------------------------------------------------------
Step:--------------------------------------------------------------------------0-------------------------------------------------------------------------------
----------------------------------------
VLM Prompt:
Image1:
<image>
**Instruction**
1. Analyze the provided image to identify all visible household objects, focusing on those relevant to the task description "put a soapbottle in toilet."
2. Use the analysis of the image and the task hint "The agent must find an object of the desired type, pick it up, find the correct location to place it, and put it down there." to answer the question: what is the most reasonable action in the choices for the task description "put a soapbottle in toilet"?
4. Decide and write the answer using the template: The answer is: (i): <selected_action>, where i is the real number. If there is no desired object in the image, search every place based on **Initial Observation** to find the object. And if no one is exactly correct, choose a similar answer.

**Initial Observation**
You are in the middle of a room. Looking quickly around you, you can see bathtub (1), bathtubbasin (1), toilet (1), cabinet (1-4), sink (1-2), countertop (1), sinkbasin (1-2), toiletpaperhanger (1), towelholder (1), garbagecan (1), handtowelholder (1)

**Answer Choices**
(1): go to bathtub 1
(2): go to bathtubbasin 1
(3): go to toilet 1
(4): go to cabinet 1
(5): go to cabinet 2
(6): go to cabinet 3
(7): go to sink 1
(8): go to sink 2
(9): go to countertop 1
(10): go to cabinet 4
(11): go to sinkbasin 1
(12): go to sinkbasin 2
(13): go to toiletpaperhanger 1
(14): go to towelholder 1
(15): go to garbagecan 1
(16): go to handtowelholder 1

**Answer**
Let's think step by step by following the instructions.
----------------------------------------

----------------------------------------

Original Response:
The task is to put a soap bottle in the toilet. From the initial observation, we know there's a toilet and cabinets in the room, which are common places to find a soap bottle. In the provided image, there is no visible soap bottle, so we need to search for one. 

Looking at the answer choices, the most logical places to search for a soap bottle would be in the cabinets or on the countertop, as these are common storage areas for such items in a bathroom. The countertop (choice 9) is visible in the image and does not have a soap bottle, so we can rule that out.

The next reasonable actions would be to check the cabinets. Since we cannot see inside the cabinets from the current image, we would need to go to each one to search for the soap bottle. 

The answer is: (4): go to cabinet 1. If the soap bottle is not found there, the next actions would be to check cabinet 2, cabinet 3, and cabinet 4, in that order.

----------------------------------------

----------------------------------------

>>> Refine Original VLM Response and Get Pure Action: go to cabinet 1

----------------------------------------

-----------------------------------------------------------------

Running time: 10.2132248878479 seconds

Total Money: 2.2949900000000003

-----------------------------------------------------------------

-----------------------------------------------------------------

Text Observation:You arrive at loc 3. The cabinet 1 is closed. 

--------------------------------------------------------------------------------------------------------------------------task: 9---------------------------------------------------------
--------------------------------------------------------------------------------------------------------------------------------------------------------------------
--------------------------------------------------------------------------------------------------------------------------------------------------------------------
Step:--------------------------------------------------------------------------1-------------------------------------------------------------------------------
----------------------------------------
VLM Prompt:
Image1:
<image>
**Instruction**
1. Analyze the provided image to identify all visible household objects, focusing on those relevant to the task description "put a soapbottle in toilet."
2. Use the analysis of the image and the task hint "The agent must find an object of the desired type, pick it up, find the correct location to place it, and put it down there." to answer the question: what is the most reasonable action in the choices for the task description "put a soapbottle in toilet"?
4. Decide and write the answer using the template: The answer is: (i): <selected_action>, where i is the real number. If there is no desired object in the image, search every place based on **Initial Observation** to find the object. And if no one is exactly correct, choose a similar answer.

**Initial Observation**
You are in the middle of a room. Looking quickly around you, you can see bathtub (1), bathtubbasin (1), toilet (1), cabinet (1-4), sink (1-2), countertop (1), sinkbasin (1-2), toiletpaperhanger (1), towelholder (1), garbagecan (1), handtowelholder (1)

**Answer Choices**
(1): go to bathtub 1
(2): go to bathtubbasin 1
(3): go to toilet 1
(4): go to cabinet 2
(5): go to cabinet 3
(6): go to sink 1
(7): go to sink 2
(8): go to countertop 1
(9): go to cabinet 4
(10): go to sinkbasin 1
(11): go to sinkbasin 2
(12): go to toiletpaperhanger 1
(13): go to towelholder 1
(14): go to garbagecan 1
(15): go to handtowelholder 1
(16): open cabinet 1
(17): close cabinet 1
(18): examine cabinet 1

**Answer**
Let's think step by step by following the instructions.
----------------------------------------

----------------------------------------

Original Response:
Firstly, we need to identify all visible household objects in the image. The image shows a bathroom with two sinks, a mirror, a countertop, and a cabinet below the sinks. There are also visible objects like a candle on the countertop and a toilet paper roll on a holder next to the cabinet. However, there is no soap bottle visible in the image.

Given the task description "put a soapbottle in toilet," we must find an object of the desired type (a soap bottle) and put it in the correct location (toilet). Since there is no soap bottle visible, we need to search every place based on the initial observation to find the object.

The most reasonable action from the choices provided would be to go to a cabinet, as soap bottles are often stored in cabinets in a bathroom. The visible cabinet in the image is cabinet 1, but the option to go to cabinet 1 is not present. The next best choice would be to open cabinet 1 to search for a soap bottle inside.

The answer is: (16): open cabinet 1.

----------------------------------------

----------------------------------------

>>> Refine Original VLM Response and Get Pure Action: open cabinet 1

----------------------------------------

-----------------------------------------------------------------

Running time: 12.840847253799438 seconds

Total Money: 2.3138300000000003

-----------------------------------------------------------------

-----------------------------------------------------------------

Text Observation:You open the cabinet 1. The cabinet 1 is open. In it, you see a faucet 1, a faucet 2, a candle 1, and a spraybottle 1.

--------------------------------------------------------------------------------------------------------------------------task: 9---------------------------------------------------------
--------------------------------------------------------------------------------------------------------------------------------------------------------------------
--------------------------------------------------------------------------------------------------------------------------------------------------------------------
Step:--------------------------------------------------------------------------2-------------------------------------------------------------------------------
----------------------------------------
VLM Prompt:
Image1:
<image>
**Instruction**
1. Analyze the provided image to identify all visible household objects, focusing on those relevant to the task description "put a soapbottle in toilet."
2. Use the analysis of the image and the task hint "The agent must find an object of the desired type, pick it up, find the correct location to place it, and put it down there." to answer the question: what is the most reasonable action in the choices for the task description "put a soapbottle in toilet"?
4. Decide and write the answer using the template: The answer is: (i): <selected_action>, where i is the real number. If there is no desired object in the image, search every place based on **Initial Observation** to find the object. And if no one is exactly correct, choose a similar answer.

**Initial Observation**
You are in the middle of a room. Looking quickly around you, you can see bathtub (1), bathtubbasin (1), toilet (1), cabinet (1-4), sink (1-2), countertop (1), sinkbasin (1-2), toiletpaperhanger (1), towelholder (1), garbagecan (1), handtowelholder (1)

**Answer Choices**
(1): go to bathtub 1
(2): go to bathtubbasin 1
(3): go to toilet 1
(4): go to cabinet 2
(5): go to cabinet 3
(6): go to sink 1
(7): go to sink 2
(8): go to countertop 1
(9): go to cabinet 4
(10): go to sinkbasin 1
(11): go to sinkbasin 2
(12): go to toiletpaperhanger 1
(13): go to towelholder 1
(14): go to garbagecan 1
(15): go to handtowelholder 1
(16): close cabinet 1
(17): take faucet 1 from cabinet 1
(18): take faucet 2 from cabinet 1
(19): take candle 1 from cabinet 1
(20): take spraybottle 1 from cabinet 1
(21): examine cabinet 1

**Answer**
Let's think step by step by following the instructions.
----------------------------------------

----------------------------------------

Original Response:
The task description is "put a soapbottle in toilet." From the image provided, there is no visible soap bottle. Therefore, we should search for the soap bottle. Based on the Initial Observation, a soap bottle is likely to be found in a cabinet or on a countertop near a sink or bathtub.

Given the answer choices, the most reasonable action to find the soap bottle would be to check inside the cabinets. Therefore, we can eliminate options that do not involve searching inside a cabinet.

The answer is: (4): go to cabinet 2

----------------------------------------

----------------------------------------

>>> Refine Original VLM Response and Get Pure Action: go to cabinet 2

----------------------------------------

-----------------------------------------------------------------

Running time: 44.575092792510986 seconds

Total Money: 2.3298500000000004

-----------------------------------------------------------------

-----------------------------------------------------------------

Text Observation:You arrive at loc 4. The cabinet 2 is closed. 

--------------------------------------------------------------------------------------------------------------------------task: 9---------------------------------------------------------
--------------------------------------------------------------------------------------------------------------------------------------------------------------------
--------------------------------------------------------------------------------------------------------------------------------------------------------------------
Step:--------------------------------------------------------------------------3-------------------------------------------------------------------------------
----------------------------------------
VLM Prompt:
Image1:
<image>
**Instruction**
1. Analyze the provided image to identify all visible household objects, focusing on those relevant to the task description "put a soapbottle in toilet."
2. Use the analysis of the image and the task hint "The agent must find an object of the desired type, pick it up, find the correct location to place it, and put it down there." to answer the question: what is the most reasonable action in the choices for the task description "put a soapbottle in toilet"?
4. Decide and write the answer using the template: The answer is: (i): <selected_action>, where i is the real number. If there is no desired object in the image, search every place based on **Initial Observation** to find the object. And if no one is exactly correct, choose a similar answer.

**Initial Observation**
You are in the middle of a room. Looking quickly around you, you can see bathtub (1), bathtubbasin (1), toilet (1), cabinet (1-4), sink (1-2), countertop (1), sinkbasin (1-2), toiletpaperhanger (1), towelholder (1), garbagecan (1), handtowelholder (1)

**Answer Choices**
(1): go to bathtub 1
(2): go to bathtubbasin 1
(3): go to toilet 1
(4): go to cabinet 3
(5): go to sink 1
(6): go to sink 2
(7): go to countertop 1
(8): go to cabinet 4
(9): go to sinkbasin 1
(10): go to sinkbasin 2
(11): go to toiletpaperhanger 1
(12): go to towelholder 1
(13): go to garbagecan 1
(14): go to handtowelholder 1
(15): open cabinet 2
(16): close cabinet 2
(17): examine cabinet 2

**Answer**
Let's think step by step by following the instructions.
----------------------------------------

----------------------------------------

Original Response:
The task is to put a soap bottle in the toilet. From the initial observation, we can assume that the soap bottle might be in a cabinet or on the countertop, as these are common places where soap bottles are stored in bathrooms. 

Analyzing the image provided, there is no visible soap bottle on the countertop or in any open cabinets. Therefore, we must search the cabinets to find the soap bottle.

The most reasonable action from the answer choices to accomplish the task description "put a soapbottle in toilet" would be to first open a cabinet where a soap bottle might be stored. In the answer choices, the only action related to opening a cabinet is (15): open cabinet 2.

The answer is: (15): open cabinet 2.

----------------------------------------

----------------------------------------

>>> Refine Original VLM Response and Get Pure Action: open cabinet 2

----------------------------------------

-----------------------------------------------------------------

Running time: 15.980135440826416 seconds

Total Money: 2.3466500000000003

-----------------------------------------------------------------

-----------------------------------------------------------------

Text Observation:You open the cabinet 2. The cabinet 2 is open. In it, you see a faucet 1, a faucet 2, a cloth 1, a candle 1, and a spraybottle 1.

--------------------------------------------------------------------------------------------------------------------------task: 9---------------------------------------------------------
--------------------------------------------------------------------------------------------------------------------------------------------------------------------
--------------------------------------------------------------------------------------------------------------------------------------------------------------------
Step:--------------------------------------------------------------------------4-------------------------------------------------------------------------------
----------------------------------------
VLM Prompt:
Image1:
<image>
**Instruction**
1. Analyze the provided image to identify all visible household objects, focusing on those relevant to the task description "put a soapbottle in toilet."
2. Use the analysis of the image and the task hint "The agent must find an object of the desired type, pick it up, find the correct location to place it, and put it down there." to answer the question: what is the most reasonable action in the choices for the task description "put a soapbottle in toilet"?
4. Decide and write the answer using the template: The answer is: (i): <selected_action>, where i is the real number. If there is no desired object in the image, search every place based on **Initial Observation** to find the object. And if no one is exactly correct, choose a similar answer.

**Initial Observation**
You are in the middle of a room. Looking quickly around you, you can see bathtub (1), bathtubbasin (1), toilet (1), cabinet (1-4), sink (1-2), countertop (1), sinkbasin (1-2), toiletpaperhanger (1), towelholder (1), garbagecan (1), handtowelholder (1)

**Answer Choices**
(1): go to bathtub 1
(2): go to bathtubbasin 1
(3): go to toilet 1
(4): go to cabinet 1
(5): go to cabinet 3
(6): go to sink 1
(7): go to sink 2
(8): go to countertop 1
(9): go to cabinet 4
(10): go to sinkbasin 1
(11): go to sinkbasin 2
(12): go to toiletpaperhanger 1
(13): go to towelholder 1
(14): go to garbagecan 1
(15): go to handtowelholder 1
(16): close cabinet 2
(17): take faucet 1 from cabinet 2
(18): take faucet 2 from cabinet 2
(19): take cloth 1 from cabinet 2
(20): take candle 1 from cabinet 2
(21): take spraybottle 1 from cabinet 2
(22): examine cabinet 2

**Answer**
Let's think step by step by following the instructions.
----------------------------------------

----------------------------------------

Original Response:
First, we analyze the image to identify all visible household objects. In the image, we can see a sink with two sink basins, faucets, a mirror, a candle on the countertop, and an open cabinet with a purple cloth inside. There is no soap bottle visible in the image.

Based on the task description "put a soapbottle in toilet," we need to find a soap bottle. The initial observation provides us with locations to search for the soap bottle. Since the soap bottle is not visible in the image, we should search the cabinets as they are typical storage places for such items.

The most reasonable action from the choices provided would be to go to a cabinet that we have not seen inside yet, which could be cabinet 1, cabinet 3, or cabinet 4.

The answer is: (4): go to cabinet 1.

----------------------------------------

----------------------------------------

>>> Refine Original VLM Response and Get Pure Action: go to cabinet 1

----------------------------------------

-----------------------------------------------------------------

Running time: 9.898014545440674 seconds

Total Money: 2.3646800000000003

-----------------------------------------------------------------

-----------------------------------------------------------------

Text Observation:You arrive at loc 3. The cabinet 1 is open. On the cabinet 1, you see a faucet 1, a faucet 2, a cloth 1, a candle 1, and a spraybottle 1.

--------------------------------------------------------------------------------------------------------------------------task: 9---------------------------------------------------------
--------------------------------------------------------------------------------------------------------------------------------------------------------------------
--------------------------------------------------------------------------------------------------------------------------------------------------------------------
Step:--------------------------------------------------------------------------5-------------------------------------------------------------------------------
----------------------------------------
VLM Prompt:
Image1:
<image>
**Instruction**
1. Analyze the provided image to identify all visible household objects, focusing on those relevant to the task description "put a soapbottle in toilet."
2. Use the analysis of the image and the task hint "The agent must find an object of the desired type, pick it up, find the correct location to place it, and put it down there." to answer the question: what is the most reasonable action in the choices for the task description "put a soapbottle in toilet"?
4. Decide and write the answer using the template: The answer is: (i): <selected_action>, where i is the real number. If there is no desired object in the image, search every place based on **Initial Observation** to find the object. And if no one is exactly correct, choose a similar answer.

**Initial Observation**
You are in the middle of a room. Looking quickly around you, you can see bathtub (1), bathtubbasin (1), toilet (1), cabinet (1-4), sink (1-2), countertop (1), sinkbasin (1-2), toiletpaperhanger (1), towelholder (1), garbagecan (1), handtowelholder (1)

**Answer Choices**
(1): go to bathtub 1
(2): go to bathtubbasin 1
(3): go to toilet 1
(4): go to cabinet 3
(5): go to sink 1
(6): go to sink 2
(7): go to countertop 1
(8): go to cabinet 4
(9): go to sinkbasin 1
(10): go to sinkbasin 2
(11): go to toiletpaperhanger 1
(12): go to towelholder 1
(13): go to garbagecan 1
(14): go to handtowelholder 1
(15): open cabinet 1
(16): close cabinet 1
(17): take faucet 1 from cabinet 1
(18): take faucet 2 from cabinet 1
(19): take cloth 1 from cabinet 1
(20): take candle 1 from cabinet 1
(21): take spraybottle 1 from cabinet 1
(22): examine cabinet 1

**Answer**
Let's think step by step by following the instructions.
----------------------------------------

----------------------------------------

Original Response:
The task is to put a soap bottle in the toilet. We need to locate a soap bottle first. By analyzing the image, we see that there is no soap bottle visible on the countertop, sink basins, or the open cabinet. Therefore, we must search the cabinets that are not visible in the image.

The most reasonable action from the choices to find a soap bottle would be to first open a cabinet that is not visible in the image, as soap bottles are commonly stored in cabinets in a bathroom. The visible cabinet (cabinet 3) is already open and does not contain a soap bottle.

The answer is: (15): open cabinet 1.

----------------------------------------

----------------------------------------

>>> Refine Original VLM Response and Get Pure Action: open cabinet 1

----------------------------------------

-----------------------------------------------------------------

Running time: 6.895246744155884 seconds

Total Money: 2.3815000000000004

-----------------------------------------------------------------

-----------------------------------------------------------------

Text Observation:Nothing happens.

--------------------------------------------------------------------------------------------------------------------------task: 9---------------------------------------------------------
--------------------------------------------------------------------------------------------------------------------------------------------------------------------
--------------------------------------------------------------------------------------------------------------------------------------------------------------------
Step:--------------------------------------------------------------------------6-------------------------------------------------------------------------------
----------------------------------------
VLM Prompt:
Image1:
<image>
**Instruction**
1. Analyze the provided image to identify all visible household objects, focusing on those relevant to the task description "put a soapbottle in toilet."
2. Use the analysis of the image and the task hint "The agent must find an object of the desired type, pick it up, find the correct location to place it, and put it down there." to answer the question: what is the most reasonable action in the choices for the task description "put a soapbottle in toilet"?
4. Decide and write the answer using the template: The answer is: (i): <selected_action>, where i is the real number. If there is no desired object in the image, search every place based on **Initial Observation** to find the object. And if no one is exactly correct, choose a similar answer.

**Initial Observation**
You are in the middle of a room. Looking quickly around you, you can see bathtub (1), bathtubbasin (1), toilet (1), cabinet (1-4), sink (1-2), countertop (1), sinkbasin (1-2), toiletpaperhanger (1), towelholder (1), garbagecan (1), handtowelholder (1)

**Answer Choices**
(1): go to bathtub 1
(2): go to bathtubbasin 1
(3): go to toilet 1
(4): go to cabinet 2
(5): go to cabinet 3
(6): go to sink 1
(7): go to sink 2
(8): go to countertop 1
(9): go to cabinet 4
(10): go to sinkbasin 1
(11): go to sinkbasin 2
(12): go to toiletpaperhanger 1
(13): go to towelholder 1
(14): go to garbagecan 1
(15): go to handtowelholder 1
(16): close cabinet 1
(17): take faucet 1 from cabinet 1
(18): take faucet 2 from cabinet 1
(19): take cloth 1 from cabinet 1
(20): take candle 1 from cabinet 1
(21): take spraybottle 1 from cabinet 1
(22): examine cabinet 1

**Answer**
Let's think step by step by following the instructions.
----------------------------------------

----------------------------------------

Original Response:
The task is to put a soap bottle in the toilet. From the image provided, there is no visible soap bottle. Therefore, we must search for the object based on the initial observation which lists the places where objects are typically found in a bathroom setting.

The most common places to find a soap bottle would be near the sink or in a cabinet. In the image, the countertop next to the sink and cabinets are visible, but no soap bottle is seen on the countertop. Therefore, the next reasonable action would be to search the cabinets.

Given the answer choices, the most logical next step would be to go to one of the cabinets. Cabinet 1 is partially open with a visible purple object that does not resemble a soap bottle, so we can rule out answer (16) to close cabinet 1 and answers (17) to (21) as they list specific objects not related to the task, and (22) to examine cabinet 1 which we can already partially see inside. Cabinet 2 is not visible in the image. Cabinet 3 is completely closed, and cabinet 4 is slightly ajar but nothing can be discerned from the opening.

Considering the options, the most reasonable action would be to search the closed cabinets as they are likely places to find a soap bottle.

The answer is: (5): go to cabinet 3.

----------------------------------------

----------------------------------------

>>> Refine Original VLM Response and Get Pure Action: go to cabinet 3

----------------------------------------

-----------------------------------------------------------------

Running time: 9.803056716918945 seconds

Total Money: 2.4025000000000003

-----------------------------------------------------------------

-----------------------------------------------------------------

Text Observation:You arrive at loc 5. The cabinet 3 is closed. 

--------------------------------------------------------------------------------------------------------------------------task: 9---------------------------------------------------------
--------------------------------------------------------------------------------------------------------------------------------------------------------------------
--------------------------------------------------------------------------------------------------------------------------------------------------------------------
Step:--------------------------------------------------------------------------7-------------------------------------------------------------------------------
----------------------------------------
VLM Prompt:
Image1:
<image>
**Instruction**
1. Analyze the provided image to identify all visible household objects, focusing on those relevant to the task description "put a soapbottle in toilet."
2. Use the analysis of the image and the task hint "The agent must find an object of the desired type, pick it up, find the correct location to place it, and put it down there." to answer the question: what is the most reasonable action in the choices for the task description "put a soapbottle in toilet"?
4. Decide and write the answer using the template: The answer is: (i): <selected_action>, where i is the real number. If there is no desired object in the image, search every place based on **Initial Observation** to find the object. And if no one is exactly correct, choose a similar answer.

**Initial Observation**
You are in the middle of a room. Looking quickly around you, you can see bathtub (1), bathtubbasin (1), toilet (1), cabinet (1-4), sink (1-2), countertop (1), sinkbasin (1-2), toiletpaperhanger (1), towelholder (1), garbagecan (1), handtowelholder (1)

**Answer Choices**
(1): go to bathtub 1
(2): go to bathtubbasin 1
(3): go to toilet 1
(4): go to cabinet 2
(5): go to sink 1
(6): go to sink 2
(7): go to countertop 1
(8): go to cabinet 4
(9): go to sinkbasin 1
(10): go to sinkbasin 2
(11): go to toiletpaperhanger 1
(12): go to towelholder 1
(13): go to garbagecan 1
(14): go to handtowelholder 1
(15): open cabinet 3
(16): close cabinet 3
(17): examine cabinet 3

**Answer**
Let's think step by step by following the instructions.
----------------------------------------

----------------------------------------

Original Response:
The task is to "put a soapbottle in toilet." From the image, we can see that there are no soap bottles visible on the countertop, sink basins, or any open cabinets. Therefore, we must search for the soap bottle.

Based on the **Initial Observation**, soap bottles are commonly stored in cabinets in a bathroom setting. Cabinet 3 is open and empty, so the soap bottle is not there. The next logical step would be to search the other cabinets.

The most reasonable action from the choices provided would be to go to or examine another cabinet to find the soap bottle.

The answer is: (4): go to cabinet 2.

----------------------------------------

----------------------------------------

>>> Refine Original VLM Response and Get Pure Action: go to cabinet 2

----------------------------------------

-----------------------------------------------------------------

Running time: 6.043813943862915 seconds

Total Money: 2.41867

-----------------------------------------------------------------

-----------------------------------------------------------------

Text Observation:You arrive at loc 4. The cabinet 2 is open. On the cabinet 2, you see a faucet 1, a faucet 2, a cloth 1, a candle 1, and a spraybottle 1.

--------------------------------------------------------------------------------------------------------------------------task: 9---------------------------------------------------------
--------------------------------------------------------------------------------------------------------------------------------------------------------------------
--------------------------------------------------------------------------------------------------------------------------------------------------------------------
Step:--------------------------------------------------------------------------8-------------------------------------------------------------------------------
----------------------------------------
VLM Prompt:
Image1:
<image>
**Instruction**
1. Analyze the provided image to identify all visible household objects, focusing on those relevant to the task description "put a soapbottle in toilet."
2. Use the analysis of the image and the task hint "The agent must find an object of the desired type, pick it up, find the correct location to place it, and put it down there." to answer the question: what is the most reasonable action in the choices for the task description "put a soapbottle in toilet"?
4. Decide and write the answer using the template: The answer is: (i): <selected_action>, where i is the real number. If there is no desired object in the image, search every place based on **Initial Observation** to find the object. And if no one is exactly correct, choose a similar answer.

**Initial Observation**
You are in the middle of a room. Looking quickly around you, you can see bathtub (1), bathtubbasin (1), toilet (1), cabinet (1-4), sink (1-2), countertop (1), sinkbasin (1-2), toiletpaperhanger (1), towelholder (1), garbagecan (1), handtowelholder (1)

**Answer Choices**
(1): go to bathtub 1
(2): go to bathtubbasin 1
(3): go to toilet 1
(4): go to cabinet 1
(5): go to sink 1
(6): go to sink 2
(7): go to countertop 1
(8): go to cabinet 4
(9): go to sinkbasin 1
(10): go to sinkbasin 2
(11): go to toiletpaperhanger 1
(12): go to towelholder 1
(13): go to garbagecan 1
(14): go to handtowelholder 1
(15): open cabinet 2
(16): close cabinet 2
(17): take faucet 1 from cabinet 2
(18): take faucet 2 from cabinet 2
(19): take cloth 1 from cabinet 2
(20): take candle 1 from cabinet 2
(21): take spraybottle 1 from cabinet 2
(22): examine cabinet 2

**Answer**
Let's think step by step by following the instructions.
----------------------------------------

----------------------------------------

Original Response:
The task description is "put a soapbottle in toilet." From the image, there is no visible soap bottle. According to the Initial Observation, there are cabinets (1-4) that could potentially contain a soap bottle. Therefore, the most reasonable action would be to search the cabinets for the soap bottle.

The answer is: (4): go to cabinet 1.

----------------------------------------

----------------------------------------

>>> Refine Original VLM Response and Get Pure Action: go to cabinet 1

----------------------------------------

-----------------------------------------------------------------

Running time: 37.66035866737366 seconds

Total Money: 2.43372

-----------------------------------------------------------------

-----------------------------------------------------------------

Text Observation:You arrive at loc 3. The cabinet 1 is open. On the cabinet 1, you see a faucet 1, a faucet 2, a cloth 1, a candle 1, and a spraybottle 1.

--------------------------------------------------------------------------------------------------------------------------task: 9---------------------------------------------------------
--------------------------------------------------------------------------------------------------------------------------------------------------------------------
--------------------------------------------------------------------------------------------------------------------------------------------------------------------
Step:--------------------------------------------------------------------------9-------------------------------------------------------------------------------
----------------------------------------
VLM Prompt:
Image1:
<image>
**Instruction**
1. Analyze the provided image to identify all visible household objects, focusing on those relevant to the task description "put a soapbottle in toilet."
2. Use the analysis of the image and the task hint "The agent must find an object of the desired type, pick it up, find the correct location to place it, and put it down there." to answer the question: what is the most reasonable action in the choices for the task description "put a soapbottle in toilet"?
4. Decide and write the answer using the template: The answer is: (i): <selected_action>, where i is the real number. If there is no desired object in the image, search every place based on **Initial Observation** to find the object. And if no one is exactly correct, choose a similar answer.

**Initial Observation**
You are in the middle of a room. Looking quickly around you, you can see bathtub (1), bathtubbasin (1), toilet (1), cabinet (1-4), sink (1-2), countertop (1), sinkbasin (1-2), toiletpaperhanger (1), towelholder (1), garbagecan (1), handtowelholder (1)

**Answer Choices**
(1): go to bathtub 1
(2): go to bathtubbasin 1
(3): go to toilet 1
(4): go to sink 1
(5): go to sink 2
(6): go to countertop 1
(7): go to cabinet 4
(8): go to sinkbasin 1
(9): go to sinkbasin 2
(10): go to toiletpaperhanger 1
(11): go to towelholder 1
(12): go to garbagecan 1
(13): go to handtowelholder 1
(14): open cabinet 1
(15): close cabinet 1
(16): take faucet 1 from cabinet 1
(17): take faucet 2 from cabinet 1
(18): take cloth 1 from cabinet 1
(19): take candle 1 from cabinet 1
(20): take spraybottle 1 from cabinet 1
(21): examine cabinet 1

**Answer**
Let's think step by step by following the instructions.
----------------------------------------

----------------------------------------

Original Response:
Firstly, we need to identify all visible household objects related to the task "put a soapbottle in toilet." From the provided image, we can see sinks, faucets, a candle, a cabinet, and a mirror. However, there is no soap bottle visible in the image.

Given the task description and the hint provided, the agent must find a soap bottle. Since the image doesn't show a soap bottle, we must search every place based on the initial observation to find the object. The most likely locations where a soap bottle might be found are cabinets, as they are commonly used for storage in bathrooms.

Therefore, the most reasonable action from the choices given would be to look inside the cabinet. Since the image shows cabinet 1 open and there's no soap bottle inside, we should check the other cabinets.

The answer is: (7): go to cabinet 4.

----------------------------------------

----------------------------------------

>>> Refine Original VLM Response and Get Pure Action: go to cabinet 4

----------------------------------------

-----------------------------------------------------------------

Running time: 28.72512412071228 seconds

Total Money: 2.4517700000000002

-----------------------------------------------------------------

-----------------------------------------------------------------

Text Observation:You arrive at loc 9. The cabinet 4 is closed. 

--------------------------------------------------------------------------------------------------------------------------task: 9---------------------------------------------------------
--------------------------------------------------------------------------------------------------------------------------------------------------------------------
--------------------------------------------------------------------------------------------------------------------------------------------------------------------
Step:--------------------------------------------------------------------------10-------------------------------------------------------------------------------
----------------------------------------
VLM Prompt:
Image1:
<image>
**Instruction**
1. Analyze the provided image to identify all visible household objects, focusing on those relevant to the task description "put a soapbottle in toilet."
2. Use the analysis of the image and the task hint "The agent must find an object of the desired type, pick it up, find the correct location to place it, and put it down there." to answer the question: what is the most reasonable action in the choices for the task description "put a soapbottle in toilet"?
4. Decide and write the answer using the template: The answer is: (i): <selected_action>, where i is the real number. If there is no desired object in the image, search every place based on **Initial Observation** to find the object. And if no one is exactly correct, choose a similar answer.

**Initial Observation**
You are in the middle of a room. Looking quickly around you, you can see bathtub (1), bathtubbasin (1), toilet (1), cabinet (1-4), sink (1-2), countertop (1), sinkbasin (1-2), toiletpaperhanger (1), towelholder (1), garbagecan (1), handtowelholder (1)

**Answer Choices**
(1): go to bathtub 1
(2): go to bathtubbasin 1
(3): go to toilet 1
(4): go to cabinet 3
(5): go to sink 1
(6): go to sink 2
(7): go to countertop 1
(8): go to sinkbasin 1
(9): go to sinkbasin 2
(10): go to toiletpaperhanger 1
(11): go to towelholder 1
(12): go to garbagecan 1
(13): go to handtowelholder 1
(14): open cabinet 4
(15): close cabinet 4
(16): examine cabinet 4

**Answer**
Let's think step by step by following the instructions.
----------------------------------------

----------------------------------------

Original Response:
The task is to "put a soapbottle in toilet," and based on the initial observation, we can rule out several locations that likely wouldn't contain a soap bottle, such as the bathtub, bathtub basin, toilet, toilet paper hanger, towel holder, garbage can, and hand towel holder.

The image shows us a bathroom vanity with two sinks, cabinets, a countertop, and a mirror. The most logical place to find a soap bottle in this scenario would be either on the countertop or inside one of the cabinets. The image does not show any soap bottle on the countertop or in the open cabinet, so we must search inside the closed cabinets.

Based on this analysis, the most reasonable action would be to open a cabinet to look for a soap bottle, and since cabinet 4 is the only one mentioned in the answer choices for an action other than going to a location, we will select that option.

The answer is: (14): open cabinet 4.

----------------------------------------

----------------------------------------

>>> Refine Original VLM Response and Get Pure Action: open cabinet 4

----------------------------------------

-----------------------------------------------------------------

Running time: 12.410290002822876 seconds

Total Money: 2.4698

-----------------------------------------------------------------

-----------------------------------------------------------------

Text Observation:You open the cabinet 4. The cabinet 4 is open. In it, you see a faucet 1, a faucet 2, a cloth 1, a candle 1, and a spraybottle 1.

--------------------------------------------------------------------------------------------------------------------------task: 9---------------------------------------------------------
--------------------------------------------------------------------------------------------------------------------------------------------------------------------
--------------------------------------------------------------------------------------------------------------------------------------------------------------------
Step:--------------------------------------------------------------------------11-------------------------------------------------------------------------------
----------------------------------------
VLM Prompt:
Image1:
<image>
**Instruction**
1. Analyze the provided image to identify all visible household objects, focusing on those relevant to the task description "put a soapbottle in toilet."
2. Use the analysis of the image and the task hint "The agent must find an object of the desired type, pick it up, find the correct location to place it, and put it down there." to answer the question: what is the most reasonable action in the choices for the task description "put a soapbottle in toilet"?
4. Decide and write the answer using the template: The answer is: (i): <selected_action>, where i is the real number. If there is no desired object in the image, search every place based on **Initial Observation** to find the object. And if no one is exactly correct, choose a similar answer.

**Initial Observation**
You are in the middle of a room. Looking quickly around you, you can see bathtub (1), bathtubbasin (1), toilet (1), cabinet (1-4), sink (1-2), countertop (1), sinkbasin (1-2), toiletpaperhanger (1), towelholder (1), garbagecan (1), handtowelholder (1)

**Answer Choices**
(1): go to bathtub 1
(2): go to bathtubbasin 1
(3): go to toilet 1
(4): go to cabinet 2
(5): go to cabinet 3
(6): go to sink 1
(7): go to sink 2
(8): go to countertop 1
(9): go to sinkbasin 1
(10): go to sinkbasin 2
(11): go to toiletpaperhanger 1
(12): go to towelholder 1
(13): go to garbagecan 1
(14): go to handtowelholder 1
(15): close cabinet 4
(16): take faucet 1 from cabinet 4
(17): take faucet 2 from cabinet 4
(18): take cloth 1 from cabinet 4
(19): take candle 1 from cabinet 4
(20): take spraybottle 1 from cabinet 4
(21): examine cabinet 4

**Answer**
Let's think step by step by following the instructions.
----------------------------------------

----------------------------------------

Original Response:
The task description is to "put a soapbottle in toilet," which means we need to find a soap bottle first. From the initial observation, we know there are several cabinets in the room that could potentially hold a soap bottle. The image provided shows a cabinet with an open door (cabinet 4) and some objects inside.

Analyzing the image, we can see a purple object inside the cabinet that resembles a spray bottle, which could potentially be mistaken for a soap bottle due to its similar shape and size. However, the task specifically asks for a "soapbottle," and there is no clear indication that the purple object is indeed a soap bottle. Additionally, the image does not show any other household objects that might be a soap bottle.

Based on the analysis and the task hint, the most reasonable action would be to search every place mentioned in the initial observation to find the soap bottle. Since the image does not provide a clear answer, we need to follow the initial observation and check all possible locations where a soap bottle might be stored.

Looking at the answer choices, none of them directly mention taking a soap bottle. However, since cabinet 4 is open and we can see its contents, it makes sense to examine this cabinet further to see if the purple object is indeed a soap bottle or if there is another soap bottle hidden inside.

The answer is: (21): examine cabinet 4.

----------------------------------------

----------------------------------------

>>> Refine Original VLM Response and Get Pure Action: examine cabinet 4

----------------------------------------

-----------------------------------------------------------------

Running time: 10.710944890975952 seconds

Total Money: 2.49101

-----------------------------------------------------------------

-----------------------------------------------------------------

Text Observation:On the cabinet 4, you see a faucet 1, a faucet 2, a cloth 1, a candle 1, and a spraybottle 1.

--------------------------------------------------------------------------------------------------------------------------task: 9---------------------------------------------------------
--------------------------------------------------------------------------------------------------------------------------------------------------------------------
--------------------------------------------------------------------------------------------------------------------------------------------------------------------
Step:--------------------------------------------------------------------------12-------------------------------------------------------------------------------
----------------------------------------
VLM Prompt:
Image1:
<image>
**Instruction**
1. Analyze the provided image to identify all visible household objects, focusing on those relevant to the task description "put a soapbottle in toilet."
2. Use the analysis of the image and the task hint "The agent must find an object of the desired type, pick it up, find the correct location to place it, and put it down there." to answer the question: what is the most reasonable action in the choices for the task description "put a soapbottle in toilet"?
4. Decide and write the answer using the template: The answer is: (i): <selected_action>, where i is the real number. If there is no desired object in the image, search every place based on **Initial Observation** to find the object. And if no one is exactly correct, choose a similar answer.

**Initial Observation**
You are in the middle of a room. Looking quickly around you, you can see bathtub (1), bathtubbasin (1), toilet (1), cabinet (1-4), sink (1-2), countertop (1), sinkbasin (1-2), toiletpaperhanger (1), towelholder (1), garbagecan (1), handtowelholder (1)

**Answer Choices**
(1): go to bathtub 1
(2): go to bathtubbasin 1
(3): go to toilet 1
(4): go to cabinet 1
(5): go to cabinet 2
(6): go to cabinet 3
(7): go to sink 1
(8): go to sink 2
(9): go to countertop 1
(10): go to sinkbasin 1
(11): go to sinkbasin 2
(12): go to toiletpaperhanger 1
(13): go to towelholder 1
(14): go to garbagecan 1
(15): go to handtowelholder 1
(16): close cabinet 4
(17): take faucet 1 from cabinet 4
(18): take faucet 2 from cabinet 4
(19): take cloth 1 from cabinet 4
(20): take candle 1 from cabinet 4
(21): take spraybottle 1 from cabinet 4

**Answer**
Let's think step by step by following the instructions.
----------------------------------------

----------------------------------------

Original Response:
The task description is "put a soapbottle in toilet." From the initial observation, we know that there is a cabinet (1-4) in the room, which may contain a soapbottle. In the provided image, we can see an open cabinet (cabinet 4) with a visible object that looks like a purple cloth inside. However, we do not see a soapbottle in the image.

Given that the task requires us to find a soapbottle, the most reasonable action would be to search the cabinets that are not visible in the image, as the soapbottle may be stored inside one of them. Therefore, we should go to the cabinets that have not been checked yet.

The answer is: (4): go to cabinet 1.

----------------------------------------

----------------------------------------

>>> Refine Original VLM Response and Get Pure Action: go to cabinet 1

----------------------------------------

-----------------------------------------------------------------

Running time: 8.06107211112976 seconds

Total Money: 2.50842

-----------------------------------------------------------------

-----------------------------------------------------------------

Text Observation:You arrive at loc 3. The cabinet 1 is open. On the cabinet 1, you see a faucet 1, a faucet 2, a cloth 1, a candle 1, and a spraybottle 1.

--------------------------------------------------------------------------------------------------------------------------task: 9---------------------------------------------------------
--------------------------------------------------------------------------------------------------------------------------------------------------------------------
--------------------------------------------------------------------------------------------------------------------------------------------------------------------
Step:--------------------------------------------------------------------------13-------------------------------------------------------------------------------
----------------------------------------
VLM Prompt:
Image1:
<image>
**Instruction**
1. Analyze the provided image to identify all visible household objects, focusing on those relevant to the task description "put a soapbottle in toilet."
2. Use the analysis of the image and the task hint "The agent must find an object of the desired type, pick it up, find the correct location to place it, and put it down there." to answer the question: what is the most reasonable action in the choices for the task description "put a soapbottle in toilet"?
4. Decide and write the answer using the template: The answer is: (i): <selected_action>, where i is the real number. If there is no desired object in the image, search every place based on **Initial Observation** to find the object. And if no one is exactly correct, choose a similar answer.

**Initial Observation**
You are in the middle of a room. Looking quickly around you, you can see bathtub (1), bathtubbasin (1), toilet (1), cabinet (1-4), sink (1-2), countertop (1), sinkbasin (1-2), toiletpaperhanger (1), towelholder (1), garbagecan (1), handtowelholder (1)

**Answer Choices**
(1): go to bathtub 1
(2): go to bathtubbasin 1
(3): go to toilet 1
(4): go to cabinet 2
(5): go to cabinet 3
(6): go to sink 1
(7): go to sink 2
(8): go to countertop 1
(9): go to cabinet 4
(10): go to sinkbasin 1
(11): go to sinkbasin 2
(12): go to toiletpaperhanger 1
(13): go to towelholder 1
(14): go to garbagecan 1
(15): go to handtowelholder 1
(16): open cabinet 1
(17): close cabinet 1
(18): take faucet 1 from cabinet 1
(19): take faucet 2 from cabinet 1
(20): take cloth 1 from cabinet 1
(21): take candle 1 from cabinet 1
(22): take spraybottle 1 from cabinet 1
(23): examine cabinet 1

**Answer**
Let's think step by step by following the instructions.
----------------------------------------

----------------------------------------

Original Response:
First, we need to identify all visible household objects in the image that are relevant to the task description "put a soapbottle in toilet." In the image, we can see two sinks, a countertop, faucets, a candle, and a cabinet with one door ajar showing a purple object inside which could be a cloth. There is no visible soap bottle in the image.

Based on the **Initial Observation**, we are in a room with a toilet, and it's mentioned that there is a cabinet (1-4). Since we need to find a soap bottle and there is no soap bottle in the visible part of the image, we must search the cabinets.

The most reasonable action from the given choices, for the task description "put a soapbottle in toilet," would be to first find a soap bottle. The action that corresponds to searching for the soap bottle would be to go to one of the cabinets that we haven't seen inside yet.

Since cabinet 1 is the only one partially visible and we don't see a soap bottle there, we should check the other cabinets. Cabinet 2 and cabinet 3 are not visible in the image, so they could potentially contain a soap bottle. Cabinet 4 is also an option, but since we are to search every place based on **Initial Observation**, we should prioritize the cabinets that were not visible first. Therefore, the best action to take would be to go to either cabinet 2 or cabinet 3.

Since both actions are equally reasonable based on the information provided, we can choose either. However, since we can only select one action as the answer, we'll choose the one listed first.

The answer is: (4): go to cabinet 2.

----------------------------------------

----------------------------------------

>>> Refine Original VLM Response and Get Pure Action: go to cabinet 2

----------------------------------------

-----------------------------------------------------------------

Running time: 13.216160774230957 seconds

Total Money: 2.53175

-----------------------------------------------------------------

-----------------------------------------------------------------

Text Observation:You arrive at loc 4. The cabinet 2 is open. On the cabinet 2, you see a faucet 1, a faucet 2, a cloth 1, a candle 1, and a spraybottle 1.

--------------------------------------------------------------------------------------------------------------------------task: 9---------------------------------------------------------
--------------------------------------------------------------------------------------------------------------------------------------------------------------------
--------------------------------------------------------------------------------------------------------------------------------------------------------------------
Step:--------------------------------------------------------------------------14-------------------------------------------------------------------------------
----------------------------------------
VLM Prompt:
Image1:
<image>
**Instruction**
1. Analyze the provided image to identify all visible household objects, focusing on those relevant to the task description "put a soapbottle in toilet."
2. Use the analysis of the image and the task hint "The agent must find an object of the desired type, pick it up, find the correct location to place it, and put it down there." to answer the question: what is the most reasonable action in the choices for the task description "put a soapbottle in toilet"?
4. Decide and write the answer using the template: The answer is: (i): <selected_action>, where i is the real number. If there is no desired object in the image, search every place based on **Initial Observation** to find the object. And if no one is exactly correct, choose a similar answer.

**Initial Observation**
You are in the middle of a room. Looking quickly around you, you can see bathtub (1), bathtubbasin (1), toilet (1), cabinet (1-4), sink (1-2), countertop (1), sinkbasin (1-2), toiletpaperhanger (1), towelholder (1), garbagecan (1), handtowelholder (1)

**Answer Choices**
(1): go to bathtub 1
(2): go to bathtubbasin 1
(3): go to toilet 1
(4): go to cabinet 3
(5): go to sink 1
(6): go to sink 2
(7): go to countertop 1
(8): go to cabinet 4
(9): go to sinkbasin 1
(10): go to sinkbasin 2
(11): go to toiletpaperhanger 1
(12): go to towelholder 1
(13): go to garbagecan 1
(14): go to handtowelholder 1
(15): open cabinet 2
(16): close cabinet 2
(17): take faucet 1 from cabinet 2
(18): take faucet 2 from cabinet 2
(19): take cloth 1 from cabinet 2
(20): take candle 1 from cabinet 2
(21): take spraybottle 1 from cabinet 2
(22): examine cabinet 2

**Answer**
Let's think step by step by following the instructions.
----------------------------------------

----------------------------------------

Original Response:
The task is to "put a soapbottle in toilet." First, we need to identify if there is a soap bottle in the image provided. Looking at the image, we do not see any soap bottles on the sink, countertop, or in the open cabinet. According to the initial observation, there are multiple cabinets in the room. Since the soap bottle is not visible in the image, the most reasonable action would be to search the cabinets for the soap bottle.

The answer is: (15): open cabinet 2

----------------------------------------

----------------------------------------

>>> Refine Original VLM Response and Get Pure Action: open cabinet 2

----------------------------------------

-----------------------------------------------------------------

Running time: 5.958777666091919 seconds

Total Money: 2.5477000000000003

-----------------------------------------------------------------

-----------------------------------------------------------------

Text Observation:Nothing happens.

--------------------------------------------------------------------------------------------------------------------------task: 9---------------------------------------------------------
--------------------------------------------------------------------------------------------------------------------------------------------------------------------
--------------------------------------------------------------------------------------------------------------------------------------------------------------------
Step:--------------------------------------------------------------------------15-------------------------------------------------------------------------------
----------------------------------------
VLM Prompt:
Image1:
<image>
**Instruction**
1. Analyze the provided image to identify all visible household objects, focusing on those relevant to the task description "put a soapbottle in toilet."
2. Use the analysis of the image and the task hint "The agent must find an object of the desired type, pick it up, find the correct location to place it, and put it down there." to answer the question: what is the most reasonable action in the choices for the task description "put a soapbottle in toilet"?
4. Decide and write the answer using the template: The answer is: (i): <selected_action>, where i is the real number. If there is no desired object in the image, search every place based on **Initial Observation** to find the object. And if no one is exactly correct, choose a similar answer.

**Initial Observation**
You are in the middle of a room. Looking quickly around you, you can see bathtub (1), bathtubbasin (1), toilet (1), cabinet (1-4), sink (1-2), countertop (1), sinkbasin (1-2), toiletpaperhanger (1), towelholder (1), garbagecan (1), handtowelholder (1)

**Answer Choices**
(1): go to bathtub 1
(2): go to bathtubbasin 1
(3): go to toilet 1
(4): go to cabinet 3
(5): go to sink 1
(6): go to sink 2
(7): go to countertop 1
(8): go to cabinet 4
(9): go to sinkbasin 1
(10): go to sinkbasin 2
(11): go to toiletpaperhanger 1
(12): go to towelholder 1
(13): go to garbagecan 1
(14): go to handtowelholder 1
(15): close cabinet 2
(16): take faucet 1 from cabinet 2
(17): take faucet 2 from cabinet 2
(18): take cloth 1 from cabinet 2
(19): take candle 1 from cabinet 2
(20): take spraybottle 1 from cabinet 2
(21): examine cabinet 2

**Answer**
Let's think step by step by following the instructions.
----------------------------------------

----------------------------------------

Original Response:
The task is to "put a soapbottle in toilet." From the initial observation, we know there is a toilet (1) and cabinets (1-4) in the room. The image shows us the inside of cabinet 2 which is open, and we can see a purple cloth inside it, but no soapbottle is visible. 

Since the soapbottle is not visible in the image provided, we must search every place based on the initial observation to find the object. The soapbottle could reasonably be expected to be found in a cabinet, as that is a common storage place for such items in a bathroom. Therefore, we should check the other cabinets to find the soapbottle.

The answer is: (4): go to cabinet 3.

----------------------------------------

----------------------------------------

>>> Refine Original VLM Response and Get Pure Action: go to cabinet 3

----------------------------------------

-----------------------------------------------------------------

Running time: 13.25389289855957 seconds

Total Money: 2.5650700000000004

-----------------------------------------------------------------

-----------------------------------------------------------------

Text Observation:You arrive at loc 5. The cabinet 3 is closed. 

--------------------------------------------------------------------------------------------------------------------------task: 9---------------------------------------------------------
--------------------------------------------------------------------------------------------------------------------------------------------------------------------
--------------------------------------------------------------------------------------------------------------------------------------------------------------------
Step:--------------------------------------------------------------------------16-------------------------------------------------------------------------------
----------------------------------------
VLM Prompt:
Image1:
<image>
**Instruction**
1. Analyze the provided image to identify all visible household objects, focusing on those relevant to the task description "put a soapbottle in toilet."
2. Use the analysis of the image and the task hint "The agent must find an object of the desired type, pick it up, find the correct location to place it, and put it down there." to answer the question: what is the most reasonable action in the choices for the task description "put a soapbottle in toilet"?
4. Decide and write the answer using the template: The answer is: (i): <selected_action>, where i is the real number. If there is no desired object in the image, search every place based on **Initial Observation** to find the object. And if no one is exactly correct, choose a similar answer.

**Initial Observation**
You are in the middle of a room. Looking quickly around you, you can see bathtub (1), bathtubbasin (1), toilet (1), cabinet (1-4), sink (1-2), countertop (1), sinkbasin (1-2), toiletpaperhanger (1), towelholder (1), garbagecan (1), handtowelholder (1)

**Answer Choices**
(1): go to bathtub 1
(2): go to bathtubbasin 1
(3): go to toilet 1
(4): go to cabinet 1
(5): go to sink 1
(6): go to sink 2
(7): go to countertop 1
(8): go to cabinet 4
(9): go to sinkbasin 1
(10): go to sinkbasin 2
(11): go to toiletpaperhanger 1
(12): go to towelholder 1
(13): go to garbagecan 1
(14): go to handtowelholder 1
(15): open cabinet 3
(16): close cabinet 3
(17): examine cabinet 3

**Answer**
Let's think step by step by following the instructions.
----------------------------------------

----------------------------------------

Original Response:
The task is to put a soap bottle in the toilet. The image shows two sinks with sink basins, a countertop, and cabinets beneath the sinks. There is no visible soap bottle on the countertop or in the sink basins.

Based on the initial observation, there are several cabinets in the room. Since soap bottles are commonly stored in cabinets, it would be reasonable to search there.

The most reasonable action from the choices would be to open a cabinet to look for a soap bottle. Cabinet 3 is already ajar, suggesting it may have been accessed recently or is in use, potentially increasing the likelihood of finding a soap bottle there.

The answer is: (15): open cabinet 3.

----------------------------------------

----------------------------------------

>>> Refine Original VLM Response and Get Pure Action: open cabinet 3

----------------------------------------

-----------------------------------------------------------------

Running time: 11.57774567604065 seconds

Total Money: 2.58151

-----------------------------------------------------------------

-----------------------------------------------------------------

Text Observation:You open the cabinet 3. The cabinet 3 is open. In it, you see a faucet 1, a faucet 2, a toiletpaper 1, a cloth 2, a cloth 1, a candle 1, and a spraybottle 1.

--------------------------------------------------------------------------------------------------------------------------task: 9---------------------------------------------------------
--------------------------------------------------------------------------------------------------------------------------------------------------------------------
--------------------------------------------------------------------------------------------------------------------------------------------------------------------
Step:--------------------------------------------------------------------------17-------------------------------------------------------------------------------
----------------------------------------
VLM Prompt:
Image1:
<image>
**Instruction**
1. Analyze the provided image to identify all visible household objects, focusing on those relevant to the task description "put a soapbottle in toilet."
2. Use the analysis of the image and the task hint "The agent must find an object of the desired type, pick it up, find the correct location to place it, and put it down there." to answer the question: what is the most reasonable action in the choices for the task description "put a soapbottle in toilet"?
4. Decide and write the answer using the template: The answer is: (i): <selected_action>, where i is the real number. If there is no desired object in the image, search every place based on **Initial Observation** to find the object. And if no one is exactly correct, choose a similar answer.

**Initial Observation**
You are in the middle of a room. Looking quickly around you, you can see bathtub (1), bathtubbasin (1), toilet (1), cabinet (1-4), sink (1-2), countertop (1), sinkbasin (1-2), toiletpaperhanger (1), towelholder (1), garbagecan (1), handtowelholder (1)

**Answer Choices**
(1): go to bathtub 1
(2): go to bathtubbasin 1
(3): go to toilet 1
(4): go to cabinet 1
(5): go to cabinet 2
(6): go to sink 1
(7): go to sink 2
(8): go to countertop 1
(9): go to cabinet 4
(10): go to sinkbasin 1
(11): go to sinkbasin 2
(12): go to toiletpaperhanger 1
(13): go to towelholder 1
(14): go to garbagecan 1
(15): go to handtowelholder 1
(16): close cabinet 3
(17): take faucet 1 from cabinet 3
(18): take faucet 2 from cabinet 3
(19): take toiletpaper 1 from cabinet 3
(20): take cloth 2 from cabinet 3
(21): take cloth 1 from cabinet 3
(22): take candle 1 from cabinet 3
(23): take spraybottle 1 from cabinet 3
(24): examine cabinet 3

**Answer**
Let's think step by step by following the instructions.
----------------------------------------

----------------------------------------

Original Response:
The task is to "put a soapbottle in toilet." Analyzing the image, there are no visible soap bottles on the countertop or in the sink basins. Based on the Initial Observation, the soap bottle may likely be stored inside a cabinet.

The most reasonable action to find the soap bottle would be to search inside the cabinets. Among the given answer choices, the only actions related to searching inside a cabinet are "go to cabinet [number]" and "examine cabinet 3." Since the image shows cabinet 3 partially open with no soap bottle visible, it would be logical to explore other cabinets first.

The answer is: (4): go to cabinet 1.

----------------------------------------

----------------------------------------

>>> Refine Original VLM Response and Get Pure Action: go to cabinet 1

----------------------------------------

-----------------------------------------------------------------

Running time: 7.604218244552612 seconds

Total Money: 2.5986900000000004

-----------------------------------------------------------------

-----------------------------------------------------------------

Text Observation:You arrive at loc 3. The cabinet 1 is open. On the cabinet 1, you see a faucet 1, a faucet 2, a toiletpaper 1, a cloth 2, a cloth 1, a candle 1, and a spraybottle 1.

--------------------------------------------------------------------------------------------------------------------------task: 9---------------------------------------------------------
--------------------------------------------------------------------------------------------------------------------------------------------------------------------
--------------------------------------------------------------------------------------------------------------------------------------------------------------------
Step:--------------------------------------------------------------------------18-------------------------------------------------------------------------------
----------------------------------------
VLM Prompt:
Image1:
<image>
**Instruction**
1. Analyze the provided image to identify all visible household objects, focusing on those relevant to the task description "put a soapbottle in toilet."
2. Use the analysis of the image and the task hint "The agent must find an object of the desired type, pick it up, find the correct location to place it, and put it down there." to answer the question: what is the most reasonable action in the choices for the task description "put a soapbottle in toilet"?
4. Decide and write the answer using the template: The answer is: (i): <selected_action>, where i is the real number. If there is no desired object in the image, search every place based on **Initial Observation** to find the object. And if no one is exactly correct, choose a similar answer.

**Initial Observation**
You are in the middle of a room. Looking quickly around you, you can see bathtub (1), bathtubbasin (1), toilet (1), cabinet (1-4), sink (1-2), countertop (1), sinkbasin (1-2), toiletpaperhanger (1), towelholder (1), garbagecan (1), handtowelholder (1)

**Answer Choices**
(1): go to bathtub 1
(2): go to bathtubbasin 1
(3): go to toilet 1
(4): go to cabinet 2
(5): go to sink 1
(6): go to sink 2
(7): go to countertop 1
(8): go to cabinet 4
(9): go to sinkbasin 1
(10): go to sinkbasin 2
(11): go to toiletpaperhanger 1
(12): go to towelholder 1
(13): go to garbagecan 1
(14): go to handtowelholder 1
(15): open cabinet 1
(16): close cabinet 1
(17): take faucet 1 from cabinet 1
(18): take faucet 2 from cabinet 1
(19): take toiletpaper 1 from cabinet 1
(20): take cloth 2 from cabinet 1
(21): take cloth 1 from cabinet 1
(22): take candle 1 from cabinet 1
(23): take spraybottle 1 from cabinet 1
(24): examine cabinet 1

**Answer**
Let's think step by step by following the instructions.
----------------------------------------

----------------------------------------

Original Response:
The task description is "put a soapbottle in toilet." The image shows a bathroom setting with two sinks, a mirror, and a countertop, but no soap bottle is visible. Based on the **Initial Observation**, there are multiple cabinets that could potentially contain the desired object. Given the task hint, the agent must find a soap bottle, so the most reasonable action would be to search the cabinets.

The answer is: (15): open cabinet 1.

----------------------------------------

----------------------------------------

>>> Refine Original VLM Response and Get Pure Action: open cabinet 1

----------------------------------------

-----------------------------------------------------------------

Running time: 8.530475378036499 seconds

Total Money: 2.6145400000000003

-----------------------------------------------------------------

-----------------------------------------------------------------

Text Observation:Nothing happens.

--------------------------------------------------------------------------------------------------------------------------task: 9---------------------------------------------------------
--------------------------------------------------------------------------------------------------------------------------------------------------------------------
--------------------------------------------------------------------------------------------------------------------------------------------------------------------
Step:--------------------------------------------------------------------------19-------------------------------------------------------------------------------
----------------------------------------
VLM Prompt:
Image1:
<image>
**Instruction**
1. Analyze the provided image to identify all visible household objects, focusing on those relevant to the task description "put a soapbottle in toilet."
2. Use the analysis of the image and the task hint "The agent must find an object of the desired type, pick it up, find the correct location to place it, and put it down there." to answer the question: what is the most reasonable action in the choices for the task description "put a soapbottle in toilet"?
4. Decide and write the answer using the template: The answer is: (i): <selected_action>, where i is the real number. If there is no desired object in the image, search every place based on **Initial Observation** to find the object. And if no one is exactly correct, choose a similar answer.

**Initial Observation**
You are in the middle of a room. Looking quickly around you, you can see bathtub (1), bathtubbasin (1), toilet (1), cabinet (1-4), sink (1-2), countertop (1), sinkbasin (1-2), toiletpaperhanger (1), towelholder (1), garbagecan (1), handtowelholder (1)

**Answer Choices**
(1): go to bathtub 1
(2): go to bathtubbasin 1
(3): go to toilet 1
(4): go to cabinet 2
(5): go to cabinet 3
(6): go to sink 1
(7): go to sink 2
(8): go to countertop 1
(9): go to cabinet 4
(10): go to sinkbasin 1
(11): go to sinkbasin 2
(12): go to toiletpaperhanger 1
(13): go to towelholder 1
(14): go to garbagecan 1
(15): go to handtowelholder 1
(16): close cabinet 1
(17): take faucet 1 from cabinet 1
(18): take faucet 2 from cabinet 1
(19): take toiletpaper 1 from cabinet 1
(20): take cloth 2 from cabinet 1
(21): take cloth 1 from cabinet 1
(22): take candle 1 from cabinet 1
(23): take spraybottle 1 from cabinet 1
(24): examine cabinet 1

**Answer**
Let's think step by step by following the instructions.
----------------------------------------

----------------------------------------

Original Response:
The task description is "put a soapbottle in toilet." Therefore, we need to find a soap bottle first. Looking at the image provided, there is no visible soap bottle on the countertop or in the sink basins. Based on the **Initial Observation**, we know there is a cabinet in the room that has not been searched yet.

The most reasonable action to find a soap bottle would be to look inside the cabinets, as household items like soap are often stored there. In the image, we can see that cabinet 1 is open, and there are items inside it, but no soap bottle is visible. Since cabinet 1 has already been examined (option 24), the next logical step is to examine other cabinets.

The answer is: (5): go to cabinet 3.

----------------------------------------

----------------------------------------

>>> Refine Original VLM Response and Get Pure Action: go to cabinet 3

----------------------------------------

-----------------------------------------------------------------

Running time: 29.527481079101562 seconds

Total Money: 2.63241

-----------------------------------------------------------------

-----------------------------------------------------------------

Text Observation:You arrive at loc 5. The cabinet 3 is open. On the cabinet 3, you see a faucet 1, a faucet 2, a toiletpaper 1, a cloth 2, a cloth 1, a candle 1, and a spraybottle 1.

-----------------------------------------------------------------