---------------------------------------------------------task: 27---------------------------------------------------------
--------------------------------------------------------------------------------------------------------------------------------------------------------------------
--------------------------------------------------------------------------------------------------------------------------------------------------------------------
Step:--------------------------------------------------------------------------0-------------------------------------------------------------------------------
----------------------------------------
VLM Prompt:
Image1:
<image>
**Instruction**
1. Analyze the provided image to identify all visible household objects, focusing on those relevant to the task description "find two soapbottle and put them in garbagecan."
2. Use the analysis of the image and the task hint "The agent must find an object of the desired type, pick it up, find the correct location to place it, put it down there, then look for another object of the desired type, pick it up, return to previous location, and put it down there with the other object." to answer the question: what is the most reasonable action in the choices for the task description "find two soapbottle and put them in garbagecan"?
4. Decide and write the answer using the template: The answer is: (i): <selected_action>, where i is the real number. If there is no desired object in the image, search every place based on **Initial Observation** to find the object. And if no one is exactly correct, choose a similar answer.

**Initial Observation**
You are in the middle of a room. Looking quickly around you, you can see countertop (1), sinkbasin (1-2), sink (1-2), garbagecan (1), drawer (1-2), toilet (1), handtowelholder (1)

**Answer Choices**
(1): go to countertop 1
(2): go to sinkbasin 1
(3): go to sink 1
(4): go to garbagecan 1
(5): go to drawer 1
(6): go to drawer 2
(7): go to sink 2
(8): go to sinkbasin 2
(9): go to toilet 1
(10): go to handtowelholder 1

**Answer**
Let's think step by step by following the instructions.
----------------------------------------

----------------------------------------

Original Response:
The task is to find two soap bottles and put them in the garbage can. From the image provided, we can see a garbage can, a hand towel holder, and a toilet. However, there are no soap bottles visible in the image. Based on the initial observation, the soap bottles could potentially be located on the countertop, in the sink basin, in the drawers, or by the sink. 

Since the image doesn't show any soap bottles, we need to search every place based on the initial observation to find the soap bottles. The most logical place to start looking for soap bottles would be near the sink or countertop as these are common places to keep soap bottles in a bathroom. 

Therefore, the most reasonable action from the choices given for the task description "find two soapbottle and put them in garbagecan" would be to first go to the countertop or sink basin, as these are the places where soap bottles are most likely to be found.

The answer is: (1): go to countertop 1 or (2): go to sinkbasin 1.

----------------------------------------

----------------------------------------

>>> Refine Original VLM Response and Get Pure Action: go to countertop 1 or (2): go to sinkbasin 1

----------------------------------------

-----------------------------------------------------------------

Running time: 9.682216882705688 seconds

Total Money: 9.65383000000001

-----------------------------------------------------------------

-----------------------------------------------------------------

Text Observation:Nothing happens.

--------------------------------------------------------------------------------------------------------------------------task: 27---------------------------------------------------------
--------------------------------------------------------------------------------------------------------------------------------------------------------------------
--------------------------------------------------------------------------------------------------------------------------------------------------------------------
Step:--------------------------------------------------------------------------1-------------------------------------------------------------------------------
----------------------------------------
VLM Prompt:
Image1:
<image>
**Instruction**
1. Analyze the provided image to identify all visible household objects, focusing on those relevant to the task description "find two soapbottle and put them in garbagecan."
2. Use the analysis of the image and the task hint "The agent must find an object of the desired type, pick it up, find the correct location to place it, put it down there, then look for another object of the desired type, pick it up, return to previous location, and put it down there with the other object." to answer the question: what is the most reasonable action in the choices for the task description "find two soapbottle and put them in garbagecan"?
4. Decide and write the answer using the template: The answer is: (i): <selected_action>, where i is the real number. If there is no desired object in the image, search every place based on **Initial Observation** to find the object. And if no one is exactly correct, choose a similar answer.

**Initial Observation**
You are in the middle of a room. Looking quickly around you, you can see countertop (1), sinkbasin (1-2), sink (1-2), garbagecan (1), drawer (1-2), toilet (1), handtowelholder (1)

**Answer Choices**
(1): go to countertop 1
(2): go to sinkbasin 1
(3): go to sink 1
(4): go to garbagecan 1
(5): go to drawer 1
(6): go to drawer 2
(7): go to sink 2
(8): go to sinkbasin 2
(9): go to toilet 1
(10): go to handtowelholder 1

**Answer**
Let's think step by step by following the instructions.
----------------------------------------

----------------------------------------

Original Response:
The task is to find two soap bottles and put them in the garbage can. From the initial observation, we can see various household objects, but no soap bottles are visible in the image provided. Since the soap bottle is not visible, we must search every place based on the Initial Observation to find the object.

We can eliminate some options based on the task description and common household object locations. For example, soap bottles are less likely to be found near the handtowelholder or the toilet; hence, we can eliminate options (9) and (10). 

Considering the most common places to find soap bottles in a bathroom setting, they would likely be on the countertop near the sink or inside a drawer. So the most reasonable actions to begin the search would be to go to either the countertop or the drawers.

The answer is: (1): go to countertop 1 or (5): go to drawer 1.

----------------------------------------

----------------------------------------

>>> Refine Original VLM Response and Get Pure Action: go to countertop 1 or (5): go to drawer 1

----------------------------------------

-----------------------------------------------------------------

Running time: 10.67443299293518 seconds

Total Money: 9.67108000000001

-----------------------------------------------------------------

-----------------------------------------------------------------

Text Observation:Nothing happens.

--------------------------------------------------------------------------------------------------------------------------task: 27---------------------------------------------------------
--------------------------------------------------------------------------------------------------------------------------------------------------------------------
--------------------------------------------------------------------------------------------------------------------------------------------------------------------
Step:--------------------------------------------------------------------------2-------------------------------------------------------------------------------
----------------------------------------
VLM Prompt:
Image1:
<image>
**Instruction**
1. Analyze the provided image to identify all visible household objects, focusing on those relevant to the task description "find two soapbottle and put them in garbagecan."
2. Use the analysis of the image and the task hint "The agent must find an object of the desired type, pick it up, find the correct location to place it, put it down there, then look for another object of the desired type, pick it up, return to previous location, and put it down there with the other object." to answer the question: what is the most reasonable action in the choices for the task description "find two soapbottle and put them in garbagecan"?
4. Decide and write the answer using the template: The answer is: (i): <selected_action>, where i is the real number. If there is no desired object in the image, search every place based on **Initial Observation** to find the object. And if no one is exactly correct, choose a similar answer.

**Initial Observation**
You are in the middle of a room. Looking quickly around you, you can see countertop (1), sinkbasin (1-2), sink (1-2), garbagecan (1), drawer (1-2), toilet (1), handtowelholder (1)

**Answer Choices**
(1): go to countertop 1
(2): go to sinkbasin 1
(3): go to sink 1
(4): go to garbagecan 1
(5): go to drawer 1
(6): go to drawer 2
(7): go to sink 2
(8): go to sinkbasin 2
(9): go to toilet 1
(10): go to handtowelholder 1

**Answer**
Let's think step by step by following the instructions.
----------------------------------------

----------------------------------------

Original Response:
The task is to find two soap bottles and put them in the garbage can. The image shows a toilet, a hand towel holder, and a garbage can, but no soap bottles are visible in this image. Based on the initial observation, we can deduce that soap bottles are more likely to be found on the countertop, near the sink, or in drawers where such items are commonly stored. Therefore, the most reasonable action would be to first look at the countertop or the sink basins.

The answer is: (1): go to countertop 1

----------------------------------------

----------------------------------------

>>> Refine Original VLM Response and Get Pure Action: go to countertop 1

----------------------------------------

-----------------------------------------------------------------

Running time: 11.211037397384644 seconds

Total Money: 9.68611000000001

-----------------------------------------------------------------

-----------------------------------------------------------------

Text Observation:You arrive at loc 0. On the countertop 1, you see a faucet 1, a cloth 1, a soapbar 1, and a soapbottle 1.

--------------------------------------------------------------------------------------------------------------------------task: 27---------------------------------------------------------
--------------------------------------------------------------------------------------------------------------------------------------------------------------------
--------------------------------------------------------------------------------------------------------------------------------------------------------------------
Step:--------------------------------------------------------------------------3-------------------------------------------------------------------------------
----------------------------------------
VLM Prompt:
Image1:
<image>
**Instruction**
1. Analyze the provided image to identify all visible household objects, focusing on those relevant to the task description "find two soapbottle and put them in garbagecan."
2. Use the analysis of the image and the task hint "The agent must find an object of the desired type, pick it up, find the correct location to place it, put it down there, then look for another object of the desired type, pick it up, return to previous location, and put it down there with the other object." to answer the question: what is the most reasonable action in the choices for the task description "find two soapbottle and put them in garbagecan"?
4. Decide and write the answer using the template: The answer is: (i): <selected_action>, where i is the real number. If there is no desired object in the image, search every place based on **Initial Observation** to find the object. And if no one is exactly correct, choose a similar answer.

**Initial Observation**
You are in the middle of a room. Looking quickly around you, you can see countertop (1), sinkbasin (1-2), sink (1-2), garbagecan (1), drawer (1-2), toilet (1), handtowelholder (1)

**Answer Choices**
(1): go to sinkbasin 1
(2): go to sink 1
(3): go to garbagecan 1
(4): go to drawer 1
(5): go to drawer 2
(6): go to sink 2
(7): go to sinkbasin 2
(8): go to toilet 1
(9): go to handtowelholder 1
(10): take faucet 1 from countertop 1
(11): take cloth 1 from countertop 1
(12): take soapbar 1 from countertop 1
(13): take soapbottle 1 from countertop 1
(14): examine countertop 1

**Answer**
Let's think step by step by following the instructions.
----------------------------------------

----------------------------------------

Original Response:
First, we need to identify any soapbottles in the image. From the image, it appears there are no soapbottles visible on the countertop, sinkbasin, or in the garbagecan. The objects we can see are faucet 1, cloth 1, sink 1, soapbar 1, and garbagecan 1. 

Since we don't see any soapbottles in the image, we should search every place based on the initial observation to find the object. The most reasonable action to begin this task would be to examine the countertop, as it is the closest object to us and could potentially have a soapbottle on it or in a drawer below it.

The answer is: (14): examine countertop 1.

----------------------------------------

----------------------------------------

>>> Refine Original VLM Response and Get Pure Action: examine countertop 1

----------------------------------------

-----------------------------------------------------------------

Running time: 7.834226131439209 seconds

Total Money: 9.70297000000001

-----------------------------------------------------------------

-----------------------------------------------------------------

Text Observation:On the countertop 1, you see a faucet 1, a cloth 1, a soapbar 1, and a soapbottle 1.

--------------------------------------------------------------------------------------------------------------------------task: 27---------------------------------------------------------
--------------------------------------------------------------------------------------------------------------------------------------------------------------------
--------------------------------------------------------------------------------------------------------------------------------------------------------------------
Step:--------------------------------------------------------------------------4-------------------------------------------------------------------------------
----------------------------------------
VLM Prompt:
Image1:
<image>
**Instruction**
1. Analyze the provided image to identify all visible household objects, focusing on those relevant to the task description "find two soapbottle and put them in garbagecan."
2. Use the analysis of the image and the task hint "The agent must find an object of the desired type, pick it up, find the correct location to place it, put it down there, then look for another object of the desired type, pick it up, return to previous location, and put it down there with the other object." to answer the question: what is the most reasonable action in the choices for the task description "find two soapbottle and put them in garbagecan"?
4. Decide and write the answer using the template: The answer is: (i): <selected_action>, where i is the real number. If there is no desired object in the image, search every place based on **Initial Observation** to find the object. And if no one is exactly correct, choose a similar answer.

**Initial Observation**
You are in the middle of a room. Looking quickly around you, you can see countertop (1), sinkbasin (1-2), sink (1-2), garbagecan (1), drawer (1-2), toilet (1), handtowelholder (1)

**Answer Choices**
(1): go to sinkbasin 1
(2): go to sink 1
(3): go to garbagecan 1
(4): go to drawer 1
(5): go to drawer 2
(6): go to sink 2
(7): go to sinkbasin 2
(8): go to toilet 1
(9): go to handtowelholder 1
(10): take faucet 1 from countertop 1
(11): take cloth 1 from countertop 1
(12): take soapbar 1 from countertop 1
(13): take soapbottle 1 from countertop 1

**Answer**
Let's think step by step by following the instructions.
----------------------------------------

----------------------------------------

Original Response:
Firstly, we need to identify all visible household objects relevant to the task description "find two soapbottle and put them in garbagecan." From the image, we can see a soapbar (1) on the sinkbasin (1) but no soapbottle. 

Based on the task hint, the agent must find an object of the desired type, which in this case is a soapbottle. Since there is no soapbottle visible in the image, we must search every place based on the Initial Observation to find the object.

Considering the provided answer choices and the Initial Observation, the most reasonable action to start looking for the soapbottle would be to check the places where such an item would likely be stored, such as drawers or countertops. There are no countertops listed in the answer choices, so drawers would be the next best option.

Therefore, the most reasonable action from the choices provided would be to go to either drawer 1 or drawer 2 to search for a soapbottle. Since we do not have specific information on which drawer is more likely to contain the soapbottle, either (4): go to drawer 1 or (5): go to drawer 2 could be a reasonable action. However, since we can only select one action, we will choose the first drawer listed.

The answer is: (4): go to drawer 1.

----------------------------------------

----------------------------------------

>>> Refine Original VLM Response and Get Pure Action: go to drawer 1

----------------------------------------

-----------------------------------------------------------------

Running time: 12.448961734771729 seconds

Total Money: 9.723400000000009

-----------------------------------------------------------------

-----------------------------------------------------------------

Text Observation:You arrive at loc 4. The drawer 1 is closed. 

--------------------------------------------------------------------------------------------------------------------------task: 27---------------------------------------------------------
--------------------------------------------------------------------------------------------------------------------------------------------------------------------
--------------------------------------------------------------------------------------------------------------------------------------------------------------------
Step:--------------------------------------------------------------------------5-------------------------------------------------------------------------------
----------------------------------------
VLM Prompt:
Image1:
<image>
**Instruction**
1. Analyze the provided image to identify all visible household objects, focusing on those relevant to the task description "find two soapbottle and put them in garbagecan."
2. Use the analysis of the image and the task hint "The agent must find an object of the desired type, pick it up, find the correct location to place it, put it down there, then look for another object of the desired type, pick it up, return to previous location, and put it down there with the other object." to answer the question: what is the most reasonable action in the choices for the task description "find two soapbottle and put them in garbagecan"?
4. Decide and write the answer using the template: The answer is: (i): <selected_action>, where i is the real number. If there is no desired object in the image, search every place based on **Initial Observation** to find the object. And if no one is exactly correct, choose a similar answer.

**Initial Observation**
You are in the middle of a room. Looking quickly around you, you can see countertop (1), sinkbasin (1-2), sink (1-2), garbagecan (1), drawer (1-2), toilet (1), handtowelholder (1)

**Answer Choices**
(1): go to sinkbasin 1
(2): go to sink 1
(3): go to garbagecan 1
(4): go to drawer 2
(5): go to sink 2
(6): go to sinkbasin 2
(7): go to toilet 1
(8): go to handtowelholder 1
(9): open drawer 1
(10): close drawer 1
(11): examine drawer 1

**Answer**
Let's think step by step by following the instructions.
----------------------------------------

----------------------------------------

Original Response:
The task is to find two soapbottle and put them in garbagecan. Based on the initial observation, we are in a room with various objects, including the garbagecan (1) where the soapbottles need to be placed. Looking at the image, we can see two soapbottles labeled as "soapbottle 1" and "soapbottle 3." They are located near the sinkbasin 1 and sinkbasin 2 respectively.

The most reasonable action would be to first go to one of the soapbottles, pick it up, then go to the garbagecan to put it down, and repeat the process for the second soapbottle. Since "go to soapbottle" is not an option, we will choose the closest action that leads us to the soapbottles.

The answer is: (1): go to sinkbasin 1, as it is the closest to soapbottle 1. Once we have soapbottle 1, we can then proceed to action (3): go to garbagecan 1 to place it inside, and then go to action (6): go to sinkbasin 2 to get soapbottle 3 and repeat the process.

----------------------------------------

----------------------------------------

>>> Refine Original VLM Response and Get Pure Action: go to sinkbasin 1, as it is the closest to soapbottle 1

----------------------------------------

-----------------------------------------------------------------

Running time: 10.593052864074707 seconds

Total Money: 9.742650000000008

-----------------------------------------------------------------

-----------------------------------------------------------------

Text Observation:Nothing happens.

--------------------------------------------------------------------------------------------------------------------------task: 27---------------------------------------------------------
--------------------------------------------------------------------------------------------------------------------------------------------------------------------
--------------------------------------------------------------------------------------------------------------------------------------------------------------------
Step:--------------------------------------------------------------------------6-------------------------------------------------------------------------------
----------------------------------------
VLM Prompt:
Image1:
<image>
**Instruction**
1. Analyze the provided image to identify all visible household objects, focusing on those relevant to the task description "find two soapbottle and put them in garbagecan."
2. Use the analysis of the image and the task hint "The agent must find an object of the desired type, pick it up, find the correct location to place it, put it down there, then look for another object of the desired type, pick it up, return to previous location, and put it down there with the other object." to answer the question: what is the most reasonable action in the choices for the task description "find two soapbottle and put them in garbagecan"?
4. Decide and write the answer using the template: The answer is: (i): <selected_action>, where i is the real number. If there is no desired object in the image, search every place based on **Initial Observation** to find the object. And if no one is exactly correct, choose a similar answer.

**Initial Observation**
You are in the middle of a room. Looking quickly around you, you can see countertop (1), sinkbasin (1-2), sink (1-2), garbagecan (1), drawer (1-2), toilet (1), handtowelholder (1)

**Answer Choices**
(1): go to countertop 1
(2): go to sinkbasin 1
(3): go to sink 1
(4): go to garbagecan 1
(5): go to drawer 2
(6): go to sink 2
(7): go to sinkbasin 2
(8): go to toilet 1
(9): go to handtowelholder 1
(10): open drawer 1
(11): close drawer 1
(12): examine drawer 1

**Answer**
Let's think step by step by following the instructions.
----------------------------------------

----------------------------------------

Original Response:
First, we need to identify the soapbottles. From the image, we can see two soapbottles labeled "soapbottle 1" and "soapbottle 3" on the countertop next to sink 1 and sinkbasin 2. 

Next, according to the task hint, the agent must find an object of the desired type, which is the soapbottles in this case. Since we have located them, the agent does not need to search every place.

Now, we need to choose the most reasonable action for the task description "find two soapbottle and put them in garbagecan." Since the soapbottles are on the countertop and we need to put them in the garbagecan, the most reasonable first action would be to go to the countertop to pick up the soapbottles.

Therefore, the answer is: (1): go to countertop 1.

----------------------------------------

----------------------------------------

>>> Refine Original VLM Response and Get Pure Action: No action

----------------------------------------

-----------------------------------------------------------------

Running time: 17.305780172348022 seconds

Total Money: 9.760110000000008

-----------------------------------------------------------------

-----------------------------------------------------------------

Text Observation:Nothing happens.

--------------------------------------------------------------------------------------------------------------------------task: 27---------------------------------------------------------
--------------------------------------------------------------------------------------------------------------------------------------------------------------------
--------------------------------------------------------------------------------------------------------------------------------------------------------------------
Step:--------------------------------------------------------------------------7-------------------------------------------------------------------------------
----------------------------------------
VLM Prompt:
Image1:
<image>
**Instruction**
1. Analyze the provided image to identify all visible household objects, focusing on those relevant to the task description "find two soapbottle and put them in garbagecan."
2. Use the analysis of the image and the task hint "The agent must find an object of the desired type, pick it up, find the correct location to place it, put it down there, then look for another object of the desired type, pick it up, return to previous location, and put it down there with the other object." to answer the question: what is the most reasonable action in the choices for the task description "find two soapbottle and put them in garbagecan"?
4. Decide and write the answer using the template: The answer is: (i): <selected_action>, where i is the real number. If there is no desired object in the image, search every place based on **Initial Observation** to find the object. And if no one is exactly correct, choose a similar answer.

**Initial Observation**
You are in the middle of a room. Looking quickly around you, you can see countertop (1), sinkbasin (1-2), sink (1-2), garbagecan (1), drawer (1-2), toilet (1), handtowelholder (1)

**Answer Choices**
(1): go to countertop 1
(2): go to sinkbasin 1
(3): go to sink 1
(4): go to garbagecan 1
(5): go to drawer 2
(6): go to sink 2
(7): go to sinkbasin 2
(8): go to toilet 1
(9): go to handtowelholder 1
(10): open drawer 1
(11): close drawer 1
(12): examine drawer 1

**Answer**
Let's think step by step by following the instructions.
----------------------------------------

----------------------------------------

Original Response:
The first step is to find a soapbottle. Looking at the image, we can see two soapbottles clearly visible on the countertop, labeled as soapbottle 1 and soapbottle 3. Since the task is to find two soapbottles and put them in the garbagecan, the most reasonable first action would be to go to the location where the soapbottles are visible.

The answer is: (1): go to countertop 1.

----------------------------------------

----------------------------------------

>>> Refine Original VLM Response and Get Pure Action: go to countertop 1

----------------------------------------

-----------------------------------------------------------------

Running time: 5.70205545425415 seconds

Total Money: 9.774840000000008

-----------------------------------------------------------------

-----------------------------------------------------------------

Text Observation:You arrive at loc 0. On the countertop 1, you see a faucet 1, a cloth 1, a soapbar 1, and a soapbottle 1.

--------------------------------------------------------------------------------------------------------------------------task: 27---------------------------------------------------------
--------------------------------------------------------------------------------------------------------------------------------------------------------------------
--------------------------------------------------------------------------------------------------------------------------------------------------------------------
Step:--------------------------------------------------------------------------8-------------------------------------------------------------------------------
----------------------------------------
VLM Prompt:
Image1:
<image>
**Instruction**
1. Analyze the provided image to identify all visible household objects, focusing on those relevant to the task description "find two soapbottle and put them in garbagecan."
2. Use the analysis of the image and the task hint "The agent must find an object of the desired type, pick it up, find the correct location to place it, put it down there, then look for another object of the desired type, pick it up, return to previous location, and put it down there with the other object." to answer the question: what is the most reasonable action in the choices for the task description "find two soapbottle and put them in garbagecan"?
4. Decide and write the answer using the template: The answer is: (i): <selected_action>, where i is the real number. If there is no desired object in the image, search every place based on **Initial Observation** to find the object. And if no one is exactly correct, choose a similar answer.

**Initial Observation**
You are in the middle of a room. Looking quickly around you, you can see countertop (1), sinkbasin (1-2), sink (1-2), garbagecan (1), drawer (1-2), toilet (1), handtowelholder (1)

**Answer Choices**
(1): go to sinkbasin 1
(2): go to sink 1
(3): go to garbagecan 1
(4): go to drawer 1
(5): go to drawer 2
(6): go to sink 2
(7): go to sinkbasin 2
(8): go to toilet 1
(9): go to handtowelholder 1
(10): take faucet 1 from countertop 1
(11): take cloth 1 from countertop 1
(12): take soapbar 1 from countertop 1
(13): take soapbottle 1 from countertop 1
(14): examine countertop 1

**Answer**
Let's think step by step by following the instructions.
----------------------------------------

----------------------------------------

Original Response:
The task is to find two soapbottles and put them in the garbagecan. Analyzing the image, there are no visible soapbottles on the countertop or in the sinkbasin. However, the countertop seems to be the closest and most likely place to start looking for the soapbottles. The initial observation doesn't list any soapbottles either, but the drawers have not been checked and could potentially contain the needed items. 

Given that we need to first find the soapbottles, the most reasonable action would be to start searching areas where they might be located. Since the countertop is visible and has objects on it, examining the countertop first would be a logical step to potentially find a soapbottle before moving on to the drawers. 

The answer is: (14): examine countertop 1.

----------------------------------------

----------------------------------------

>>> Refine Original VLM Response and Get Pure Action: examine countertop 1

----------------------------------------

-----------------------------------------------------------------

Running time: 7.762269496917725 seconds

Total Money: 9.792210000000008

-----------------------------------------------------------------

-----------------------------------------------------------------

Text Observation:On the countertop 1, you see a faucet 1, a cloth 1, a soapbar 1, and a soapbottle 1.

--------------------------------------------------------------------------------------------------------------------------task: 27---------------------------------------------------------
--------------------------------------------------------------------------------------------------------------------------------------------------------------------
--------------------------------------------------------------------------------------------------------------------------------------------------------------------
Step:--------------------------------------------------------------------------9-------------------------------------------------------------------------------
----------------------------------------
VLM Prompt:
Image1:
<image>
**Instruction**
1. Analyze the provided image to identify all visible household objects, focusing on those relevant to the task description "find two soapbottle and put them in garbagecan."
2. Use the analysis of the image and the task hint "The agent must find an object of the desired type, pick it up, find the correct location to place it, put it down there, then look for another object of the desired type, pick it up, return to previous location, and put it down there with the other object." to answer the question: what is the most reasonable action in the choices for the task description "find two soapbottle and put them in garbagecan"?
4. Decide and write the answer using the template: The answer is: (i): <selected_action>, where i is the real number. If there is no desired object in the image, search every place based on **Initial Observation** to find the object. And if no one is exactly correct, choose a similar answer.

**Initial Observation**
You are in the middle of a room. Looking quickly around you, you can see countertop (1), sinkbasin (1-2), sink (1-2), garbagecan (1), drawer (1-2), toilet (1), handtowelholder (1)

**Answer Choices**
(1): go to sinkbasin 1
(2): go to sink 1
(3): go to garbagecan 1
(4): go to drawer 1
(5): go to drawer 2
(6): go to sink 2
(7): go to sinkbasin 2
(8): go to toilet 1
(9): go to handtowelholder 1
(10): take faucet 1 from countertop 1
(11): take cloth 1 from countertop 1
(12): take soapbar 1 from countertop 1
(13): take soapbottle 1 from countertop 1

**Answer**
Let's think step by step by following the instructions.
----------------------------------------

----------------------------------------

Original Response:
The task is to find two soapbottles and put them in the garbagecan. From the initial observation, we can conclude that we are in a bathroom with various objects and locations identified.

Looking at the provided image, we can see a countertop, a sink with a faucet, and a soapbar on the countertop. There is a garbagecan indicated, but no soapbottles are visible in this image. 

Since the task requires us to find two soapbottles, we should search every place based on the initial observation to find the desired objects. The answer choices do not directly indicate the presence of a soapbottle, but we can assume that soapbottles might be located near the sink or in the drawers, as these are common places to store such items in a household.

Based on this, the most reasonable actions from the given choices would be to go to either sink 1 or sink 2, or to check drawer 1 or drawer 2, where one might expect to find soapbottles stored.

However, the answer choices do not include an option to look for or take a soapbottle from those locations. Instead, we see an option to take soapbar 1 from countertop 1. Since this does not align with the task of finding soapbottles, and there is no other option that accurately represents the task, we must conclude that none of the answer choices are exactly correct.

Therefore, we should choose a similar answer that could potentially lead us to find soapbottles. The most reasonable action would be to go to locations where soapbottles might be found, which in this case could be near the sink or in the drawers.

The answer is: (4): go to drawer 1 or (5): go to drawer 2, as these are places where one might expect to find soapbottles. Since we need to choose one, we will select the first drawer to check.

The answer is: (4): go to drawer 1.

----------------------------------------

----------------------------------------

>>> Refine Original VLM Response and Get Pure Action: go to drawer 1 or (5): go to drawer 2, as these are places where one might expect to find soapbottles

----------------------------------------

-----------------------------------------------------------------

Running time: 16.063940048217773 seconds

Total Money: 9.816660000000008

-----------------------------------------------------------------

-----------------------------------------------------------------

Text Observation:Nothing happens.

--------------------------------------------------------------------------------------------------------------------------task: 27---------------------------------------------------------
--------------------------------------------------------------------------------------------------------------------------------------------------------------------
--------------------------------------------------------------------------------------------------------------------------------------------------------------------
Step:--------------------------------------------------------------------------10-------------------------------------------------------------------------------
----------------------------------------
VLM Prompt:
Image1:
<image>
**Instruction**
1. Analyze the provided image to identify all visible household objects, focusing on those relevant to the task description "find two soapbottle and put them in garbagecan."
2. Use the analysis of the image and the task hint "The agent must find an object of the desired type, pick it up, find the correct location to place it, put it down there, then look for another object of the desired type, pick it up, return to previous location, and put it down there with the other object." to answer the question: what is the most reasonable action in the choices for the task description "find two soapbottle and put them in garbagecan"?
4. Decide and write the answer using the template: The answer is: (i): <selected_action>, where i is the real number. If there is no desired object in the image, search every place based on **Initial Observation** to find the object. And if no one is exactly correct, choose a similar answer.

**Initial Observation**
You are in the middle of a room. Looking quickly around you, you can see countertop (1), sinkbasin (1-2), sink (1-2), garbagecan (1), drawer (1-2), toilet (1), handtowelholder (1)

**Answer Choices**
(1): go to sinkbasin 1
(2): go to sink 1
(3): go to garbagecan 1
(4): go to drawer 1
(5): go to drawer 2
(6): go to sink 2
(7): go to sinkbasin 2
(8): go to toilet 1
(9): go to handtowelholder 1
(10): take faucet 1 from countertop 1
(11): take cloth 1 from countertop 1
(12): take soapbar 1 from countertop 1
(13): take soapbottle 1 from countertop 1

**Answer**
Let's think step by step by following the instructions.
----------------------------------------

----------------------------------------

Original Response:
The task is to find two soapbottles and put them in the garbagecan. From the initial observation, we know that there are countertop (1), sinkbasin (1-2), sink (1-2), garbagecan (1), drawer (1-2), toilet (1), and handtowelholder (1) in the room. 

Analyzing the image, we can see that there is a soapbar (1) on the countertop (1), but no soapbottle is visible. Since the instruction is to find soapbottles, we need to search every place based on the initial observation to find the object. 

Looking at the answer choices, there are no specific actions to take a soapbottle from any of the listed locations, and we cannot see any soapbottle in the image provided. Therefore, we should choose an action that involves searching for a soapbottle in the locations mentioned in the initial observation. 

The most reasonable action would be to go to places where one would typically find a soapbottle, such as sinkbasin or drawer. Since sinkbasin 1 is visible in the image and has no soapbottle, the next reasonable place to look would be sinkbasin 2 or the drawers. 

The answer is: (7): go to sinkbasin 2

----------------------------------------

----------------------------------------

>>> Refine Original VLM Response and Get Pure Action: go to sinkbasin 2

----------------------------------------

-----------------------------------------------------------------

Running time: 9.909736394882202 seconds

Total Money: 9.836970000000008

-----------------------------------------------------------------

-----------------------------------------------------------------

Text Observation:You arrive at loc 7. On the sinkbasin 2, you see a faucet 2, a spraybottle 1, a soapbottle 1, a faucet 1, a candle 1, a soapbar 2, a soapbar 3, and a soapbottle 2.

--------------------------------------------------------------------------------------------------------------------------task: 27---------------------------------------------------------
--------------------------------------------------------------------------------------------------------------------------------------------------------------------
--------------------------------------------------------------------------------------------------------------------------------------------------------------------
Step:--------------------------------------------------------------------------11-------------------------------------------------------------------------------
----------------------------------------
VLM Prompt:
Image1:
<image>
**Instruction**
1. Analyze the provided image to identify all visible household objects, focusing on those relevant to the task description "find two soapbottle and put them in garbagecan."
2. Use the analysis of the image and the task hint "The agent must find an object of the desired type, pick it up, find the correct location to place it, put it down there, then look for another object of the desired type, pick it up, return to previous location, and put it down there with the other object." to answer the question: what is the most reasonable action in the choices for the task description "find two soapbottle and put them in garbagecan"?
4. Decide and write the answer using the template: The answer is: (i): <selected_action>, where i is the real number. If there is no desired object in the image, search every place based on **Initial Observation** to find the object. And if no one is exactly correct, choose a similar answer.

**Initial Observation**
You are in the middle of a room. Looking quickly around you, you can see countertop (1), sinkbasin (1-2), sink (1-2), garbagecan (1), drawer (1-2), toilet (1), handtowelholder (1)

**Answer Choices**
(1): go to countertop 1
(2): go to sinkbasin 1
(3): go to sink 1
(4): go to garbagecan 1
(5): go to drawer 1
(6): go to drawer 2
(7): go to sink 2
(8): go to toilet 1
(9): go to handtowelholder 1
(10): take faucet 2 from sinkbasin 2
(11): take spraybottle 1 from sinkbasin 2
(12): take soapbottle 1 from sinkbasin 2
(13): take faucet 1 from sinkbasin 2
(14): take candle 1 from sinkbasin 2
(15): take soapbar 2 from sinkbasin 2
(16): take soapbar 3 from sinkbasin 2
(17): take soapbottle 2 from sinkbasin 2
(18): examine sinkbasin 2

**Answer**
Let's think step by step by following the instructions.
----------------------------------------

----------------------------------------

Original Response:
The task is to find two soap bottles and put them in the garbage can. Analyzing the image, we can see two soap bottles labeled as "soapbottle 1" and "soapbottle 2," both located on "sinkbasin 2." The most reasonable actions would be to pick up both soap bottles and put them in the garbage can. However, since the task specifies to find and pick up one object at a time, we will follow that approach.

The answer is: (12): take soapbottle 1 from sinkbasin 2

----------------------------------------

----------------------------------------

>>> Refine Original VLM Response and Get Pure Action: take soapbottle 1 from sinkbasin 2

----------------------------------------

-----------------------------------------------------------------

Running time: 9.251371622085571 seconds

Total Money: 9.853250000000008

-----------------------------------------------------------------

-----------------------------------------------------------------

Text Observation:You pick up the soapbottle 1 from the sinkbasin 2.

--------------------------------------------------------------------------------------------------------------------------task: 27---------------------------------------------------------
--------------------------------------------------------------------------------------------------------------------------------------------------------------------
--------------------------------------------------------------------------------------------------------------------------------------------------------------------
Step:--------------------------------------------------------------------------12-------------------------------------------------------------------------------
----------------------------------------
VLM Prompt:
Image1:
<image>
**Instruction**
1. Analyze the provided image to identify all visible household objects, focusing on those relevant to the task description "find two soapbottle and put them in garbagecan."
2. Use the analysis of the image and the task hint "The agent must find an object of the desired type, pick it up, find the correct location to place it, put it down there, then look for another object of the desired type, pick it up, return to previous location, and put it down there with the other object." to answer the question: what is the most reasonable action in the choices for the task description "find two soapbottle and put them in garbagecan"?
4. Decide and write the answer using the template: The answer is: (i): <selected_action>, where i is the real number. If there is no desired object in the image, search every place based on **Initial Observation** to find the object. And if no one is exactly correct, choose a similar answer.

**Initial Observation**
You are in the middle of a room. Looking quickly around you, you can see countertop (1), sinkbasin (1-2), sink (1-2), garbagecan (1), drawer (1-2), toilet (1), handtowelholder (1)

**Answer Choices**
(1): go to countertop 1
(2): go to sinkbasin 1
(3): go to sink 1
(4): go to garbagecan 1
(5): go to drawer 1
(6): go to drawer 2
(7): go to sink 2
(8): go to toilet 1
(9): go to handtowelholder 1
(10): put soapbottle 1 in/on sinkbasin 2
(11): clean soapbottle 1 with sinkbasin 1
(12): clean soapbottle 1 with sink 1
(13): clean soapbottle 1 with sink 2
(14): clean soapbottle 1 with sinkbasin 2
(15): examine soapbottle 1
(16): examine sinkbasin 2

**Answer**
Let's think step by step by following the instructions.
----------------------------------------

----------------------------------------

Original Response:
The task is to find two soapbottles and put them in the garbagecan. Looking at the image, we can identify two soapbottles labeled as "soapbottle 1" and "soapbottle 2." According to the task hint, the agent must pick up an object of the desired type and then find the correct location to place it. 

In this scenario, the agent should first go to where the soapbottles are located. Soapbottle 1 is visible in the image, so the agent should go there first.

The answer is: (2): go to sinkbasin 1

----------------------------------------

----------------------------------------

>>> Refine Original VLM Response and Get Pure Action: go to sinkbasin 1

----------------------------------------

-----------------------------------------------------------------

Running time: 12.506668329238892 seconds

Total Money: 9.869560000000009

-----------------------------------------------------------------

-----------------------------------------------------------------

Text Observation:You arrive at loc 1. On the sinkbasin 1, you see a faucet 1, a cloth 1, and a soapbar 1.

--------------------------------------------------------------------------------------------------------------------------task: 27---------------------------------------------------------
--------------------------------------------------------------------------------------------------------------------------------------------------------------------
--------------------------------------------------------------------------------------------------------------------------------------------------------------------
Step:--------------------------------------------------------------------------13-------------------------------------------------------------------------------
----------------------------------------
VLM Prompt:
Image1:
<image>
**Instruction**
1. Analyze the provided image to identify all visible household objects, focusing on those relevant to the task description "find two soapbottle and put them in garbagecan."
2. Use the analysis of the image and the task hint "The agent must find an object of the desired type, pick it up, find the correct location to place it, put it down there, then look for another object of the desired type, pick it up, return to previous location, and put it down there with the other object." to answer the question: what is the most reasonable action in the choices for the task description "find two soapbottle and put them in garbagecan"?
4. Decide and write the answer using the template: The answer is: (i): <selected_action>, where i is the real number. If there is no desired object in the image, search every place based on **Initial Observation** to find the object. And if no one is exactly correct, choose a similar answer.

**Initial Observation**
You are in the middle of a room. Looking quickly around you, you can see countertop (1), sinkbasin (1-2), sink (1-2), garbagecan (1), drawer (1-2), toilet (1), handtowelholder (1)

**Answer Choices**
(1): go to countertop 1
(2): go to sink 1
(3): go to garbagecan 1
(4): go to drawer 1
(5): go to drawer 2
(6): go to sink 2
(7): go to toilet 1
(8): go to handtowelholder 1
(9): put soapbottle 1 in/on sinkbasin 1
(10): clean soapbottle 1 with sinkbasin 1
(11): clean soapbottle 1 with sink 1
(12): clean soapbottle 1 with sink 2
(13): clean soapbottle 1 with sinkbasin 2
(14): examine soapbottle 1
(15): examine sinkbasin 1

**Answer**
Let's think step by step by following the instructions.
----------------------------------------

----------------------------------------

Original Response:
The task is to find two soapbottles and put them in the garbagecan. From the image, we can see that there is one soapbottle (soapbottle 1) visible on the countertop. Since the task requires two soapbottles, we first need to collect the visible one and then search for another. The most reasonable action would be to go to the location of the visible soapbottle, which is on the countertop, and pick it up.

The answer is: (1): go to countertop 1

----------------------------------------

----------------------------------------

>>> Refine Original VLM Response and Get Pure Action: go to countertop 1

----------------------------------------

-----------------------------------------------------------------

Running time: 16.303551197052002 seconds

Total Money: 9.885280000000009

-----------------------------------------------------------------

-----------------------------------------------------------------

Text Observation:You arrive at loc 0. On the countertop 1, you see a faucet 1, a cloth 1, and a soapbar 1.

--------------------------------------------------------------------------------------------------------------------------task: 27---------------------------------------------------------
--------------------------------------------------------------------------------------------------------------------------------------------------------------------
--------------------------------------------------------------------------------------------------------------------------------------------------------------------
Step:--------------------------------------------------------------------------14-------------------------------------------------------------------------------
----------------------------------------
VLM Prompt:
Image1:
<image>
**Instruction**
1. Analyze the provided image to identify all visible household objects, focusing on those relevant to the task description "find two soapbottle and put them in garbagecan."
2. Use the analysis of the image and the task hint "The agent must find an object of the desired type, pick it up, find the correct location to place it, put it down there, then look for another object of the desired type, pick it up, return to previous location, and put it down there with the other object." to answer the question: what is the most reasonable action in the choices for the task description "find two soapbottle and put them in garbagecan"?
4. Decide and write the answer using the template: The answer is: (i): <selected_action>, where i is the real number. If there is no desired object in the image, search every place based on **Initial Observation** to find the object. And if no one is exactly correct, choose a similar answer.

**Initial Observation**
You are in the middle of a room. Looking quickly around you, you can see countertop (1), sinkbasin (1-2), sink (1-2), garbagecan (1), drawer (1-2), toilet (1), handtowelholder (1)

**Answer Choices**
(1): go to sink 1
(2): go to garbagecan 1
(3): go to drawer 1
(4): go to drawer 2
(5): go to sink 2
(6): go to sinkbasin 2
(7): go to toilet 1
(8): go to handtowelholder 1
(9): put soapbottle 1 in/on countertop 1
(10): examine soapbottle 1
(11): examine countertop 1

**Answer**
Let's think step by step by following the instructions.
----------------------------------------

----------------------------------------

Original Response:
First, we need to find two soap bottles. In the image, we can see one soap bottle labeled "soapbottle 1" on the countertop. We need to find another one. Based on the initial observation, we should search every place to find the second soap bottle. However, since we can only see one soap bottle in the image, we will start with picking up the visible one.

The next step according to the task hint is to pick up the soap bottle and put it in the garbage can. The garbage can is labeled "garbagecan 1" in the image. Therefore, the most reasonable action to take first would be to pick up the visible soap bottle.

The answer is: (10): examine soapbottle 1. This action will allow us to pick up the soap bottle and then proceed to put it in the garbage can, following the task description.

----------------------------------------

----------------------------------------

>>> Refine Original VLM Response and Get Pure Action: examine soapbottle 1

----------------------------------------

-----------------------------------------------------------------

Running time: 8.61928105354309 seconds

Total Money: 9.902460000000008

-----------------------------------------------------------------

-----------------------------------------------------------------

Text Observation:This is a normal soapbottle 1

--------------------------------------------------------------------------------------------------------------------------task: 27---------------------------------------------------------
--------------------------------------------------------------------------------------------------------------------------------------------------------------------
--------------------------------------------------------------------------------------------------------------------------------------------------------------------
Step:--------------------------------------------------------------------------15-------------------------------------------------------------------------------
----------------------------------------
VLM Prompt:
Image1:
<image>
**Instruction**
1. Analyze the provided image to identify all visible household objects, focusing on those relevant to the task description "find two soapbottle and put them in garbagecan."
2. Use the analysis of the image and the task hint "The agent must find an object of the desired type, pick it up, find the correct location to place it, put it down there, then look for another object of the desired type, pick it up, return to previous location, and put it down there with the other object." to answer the question: what is the most reasonable action in the choices for the task description "find two soapbottle and put them in garbagecan"?
4. Decide and write the answer using the template: The answer is: (i): <selected_action>, where i is the real number. If there is no desired object in the image, search every place based on **Initial Observation** to find the object. And if no one is exactly correct, choose a similar answer.

**Initial Observation**
You are in the middle of a room. Looking quickly around you, you can see countertop (1), sinkbasin (1-2), sink (1-2), garbagecan (1), drawer (1-2), toilet (1), handtowelholder (1)

**Answer Choices**
(1): go to sink 1
(2): go to garbagecan 1
(3): go to drawer 1
(4): go to drawer 2
(5): go to sink 2
(6): go to sinkbasin 2
(7): go to toilet 1
(8): go to handtowelholder 1
(9): put soapbottle 1 in/on countertop 1
(10): examine countertop 1

**Answer**
Let's think step by step by following the instructions.
----------------------------------------

----------------------------------------

Original Response:
- The task is to find two soap bottles and put them in the garbage can.
- From the image, we can identify one soap bottle labeled "soapbottle 1" on the countertop.
- There is no second soap bottle visible in the image, so we would need to search other places based on the initial observation to find another one.
- The first reasonable action would be to go to the location of the visible soap bottle, which is on the countertop.

The answer is: (1): go to sink 1

----------------------------------------

----------------------------------------

>>> Refine Original VLM Response and Get Pure Action: go to sink 1

----------------------------------------

-----------------------------------------------------------------

Running time: 19.161187410354614 seconds

Total Money: 9.917350000000008

-----------------------------------------------------------------

-----------------------------------------------------------------

Text Observation:You arrive at loc 2. On the sink 1, you see a faucet 1, a cloth 1, and a soapbar 1.

--------------------------------------------------------------------------------------------------------------------------task: 27---------------------------------------------------------
--------------------------------------------------------------------------------------------------------------------------------------------------------------------
--------------------------------------------------------------------------------------------------------------------------------------------------------------------
Step:--------------------------------------------------------------------------16-------------------------------------------------------------------------------
----------------------------------------
VLM Prompt:
Image1:
<image>
**Instruction**
1. Analyze the provided image to identify all visible household objects, focusing on those relevant to the task description "find two soapbottle and put them in garbagecan."
2. Use the analysis of the image and the task hint "The agent must find an object of the desired type, pick it up, find the correct location to place it, put it down there, then look for another object of the desired type, pick it up, return to previous location, and put it down there with the other object." to answer the question: what is the most reasonable action in the choices for the task description "find two soapbottle and put them in garbagecan"?
4. Decide and write the answer using the template: The answer is: (i): <selected_action>, where i is the real number. If there is no desired object in the image, search every place based on **Initial Observation** to find the object. And if no one is exactly correct, choose a similar answer.

**Initial Observation**
You are in the middle of a room. Looking quickly around you, you can see countertop (1), sinkbasin (1-2), sink (1-2), garbagecan (1), drawer (1-2), toilet (1), handtowelholder (1)

**Answer Choices**
(1): go to sinkbasin 1
(2): go to garbagecan 1
(3): go to drawer 1
(4): go to drawer 2
(5): go to sink 2
(6): go to sinkbasin 2
(7): go to toilet 1
(8): go to handtowelholder 1
(9): put soapbottle 1 in/on sink 1
(10): clean soapbottle 1 with sinkbasin 1
(11): clean soapbottle 1 with sink 1
(12): clean soapbottle 1 with sink 2
(13): clean soapbottle 1 with sinkbasin 2
(14): examine sink 1

**Answer**
Let's think step by step by following the instructions.
----------------------------------------

----------------------------------------

Original Response:
Firstly, we need to identify the soap bottles. In the image, we can see one soap bottle labeled "soapbottle 1" on the countertop next to the sink. The task requires us to find two soap bottles, but only one is visible in the image. As per the Initial Observation, we should search every place if the desired object is not visible. However, since one soap bottle is already visible, we will first focus on that.

According to the task description, the agent must pick up the soap bottle and put it in the garbage can. Therefore, the agent should first go to the location of the soap bottle.

The answer is: (1): go to sinkbasin 1.

----------------------------------------

----------------------------------------

>>> Refine Original VLM Response and Get Pure Action: go to sinkbasin 1

----------------------------------------

-----------------------------------------------------------------

Running time: 8.343689918518066 seconds

Total Money: 9.933950000000008

-----------------------------------------------------------------

-----------------------------------------------------------------

Text Observation:You arrive at loc 1. On the sinkbasin 1, you see a faucet 1, a cloth 1, and a soapbar 1.

--------------------------------------------------------------------------------------------------------------------------task: 27---------------------------------------------------------
--------------------------------------------------------------------------------------------------------------------------------------------------------------------
--------------------------------------------------------------------------------------------------------------------------------------------------------------------
Step:--------------------------------------------------------------------------17-------------------------------------------------------------------------------
----------------------------------------
VLM Prompt:
Image1:
<image>
**Instruction**
1. Analyze the provided image to identify all visible household objects, focusing on those relevant to the task description "find two soapbottle and put them in garbagecan."
2. Use the analysis of the image and the task hint "The agent must find an object of the desired type, pick it up, find the correct location to place it, put it down there, then look for another object of the desired type, pick it up, return to previous location, and put it down there with the other object." to answer the question: what is the most reasonable action in the choices for the task description "find two soapbottle and put them in garbagecan"?
4. Decide and write the answer using the template: The answer is: (i): <selected_action>, where i is the real number. If there is no desired object in the image, search every place based on **Initial Observation** to find the object. And if no one is exactly correct, choose a similar answer.

**Initial Observation**
You are in the middle of a room. Looking quickly around you, you can see countertop (1), sinkbasin (1-2), sink (1-2), garbagecan (1), drawer (1-2), toilet (1), handtowelholder (1)

**Answer Choices**
(1): go to countertop 1
(2): go to garbagecan 1
(3): go to drawer 1
(4): go to drawer 2
(5): go to sink 2
(6): go to sinkbasin 2
(7): go to toilet 1
(8): go to handtowelholder 1
(9): put soapbottle 1 in/on sinkbasin 1
(10): clean soapbottle 1 with sinkbasin 1
(11): clean soapbottle 1 with sink 1
(12): clean soapbottle 1 with sink 2
(13): clean soapbottle 1 with sinkbasin 2
(14): examine sinkbasin 1

**Answer**
Let's think step by step by following the instructions.
----------------------------------------

----------------------------------------

Original Response:
First, we need to identify the visible household objects. In the image, we can see a soapbottle labeled "soapbottle 1" on the countertop next to the sink. There is also a garbagecan labeled "garbagecan 1" in the image, although it is not visible, it was mentioned in the initial observation, so we know it is there. 

The task is to find two soapbottles and put them in the garbagecan. We can only see one soapbottle in the image. The agent will need to pick up the visible soapbottle and then search for the second one based on the initial observation.

The most reasonable next action for the task would be to go to the soapbottle and pick it up. However, this option is not available in the answer choices. The closest action that would initiate the task is to go to the location of the visible soapbottle, which is on the countertop.

The answer is: (1): go to countertop 1

----------------------------------------

----------------------------------------

>>> Refine Original VLM Response and Get Pure Action: go to countertop 1

----------------------------------------

-----------------------------------------------------------------

Running time: 10.480771541595459 seconds

Total Money: 9.952500000000008

-----------------------------------------------------------------

-----------------------------------------------------------------

Text Observation:You arrive at loc 0. On the countertop 1, you see a faucet 1, a cloth 1, and a soapbar 1.

--------------------------------------------------------------------------------------------------------------------------task: 27---------------------------------------------------------
--------------------------------------------------------------------------------------------------------------------------------------------------------------------
--------------------------------------------------------------------------------------------------------------------------------------------------------------------
Step:--------------------------------------------------------------------------18-------------------------------------------------------------------------------
----------------------------------------
VLM Prompt:
Image1:
<image>
**Instruction**
1. Analyze the provided image to identify all visible household objects, focusing on those relevant to the task description "find two soapbottle and put them in garbagecan."
2. Use the analysis of the image and the task hint "The agent must find an object of the desired type, pick it up, find the correct location to place it, put it down there, then look for another object of the desired type, pick it up, return to previous location, and put it down there with the other object." to answer the question: what is the most reasonable action in the choices for the task description "find two soapbottle and put them in garbagecan"?
4. Decide and write the answer using the template: The answer is: (i): <selected_action>, where i is the real number. If there is no desired object in the image, search every place based on **Initial Observation** to find the object. And if no one is exactly correct, choose a similar answer.

**Initial Observation**
You are in the middle of a room. Looking quickly around you, you can see countertop (1), sinkbasin (1-2), sink (1-2), garbagecan (1), drawer (1-2), toilet (1), handtowelholder (1)

**Answer Choices**
(1): go to garbagecan 1
(2): go to drawer 1
(3): go to drawer 2
(4): go to sink 2
(5): go to sinkbasin 2
(6): go to toilet 1
(7): go to handtowelholder 1
(8): put soapbottle 1 in/on countertop 1
(9): examine soapbottle 1
(10): examine countertop 1

**Answer**
Let's think step by step by following the instructions.
----------------------------------------

----------------------------------------

Original Response:
The task is to find two soap bottles and put them in the garbage can. From the image, we can see there is a soap bottle (soapbottle 1) on the countertop next to the sink. Since the task description mentions finding two soap bottles, we need to first pick up the visible soap bottle before looking for the second one.

The most reasonable action from the choices provided would be to pick up the visible soap bottle so that we can then search for the second one. However, there is no direct action to pick up the soap bottle in the answer choices. The closest action that would lead to picking up the soap bottle is to examine it first.

The answer is: (9): examine soapbottle 1. After examining, the agent would likely be able to pick it up and then proceed to find the second soap bottle and the garbage can to complete the task.

----------------------------------------

----------------------------------------

>>> Refine Original VLM Response and Get Pure Action: examine soapbottle 1

----------------------------------------

-----------------------------------------------------------------

Running time: 10.130847215652466 seconds

Total Money: 9.969560000000008

-----------------------------------------------------------------

-----------------------------------------------------------------

Text Observation:This is a normal soapbottle 1

--------------------------------------------------------------------------------------------------------------------------task: 27---------------------------------------------------------
--------------------------------------------------------------------------------------------------------------------------------------------------------------------
--------------------------------------------------------------------------------------------------------------------------------------------------------------------
Step:--------------------------------------------------------------------------19-------------------------------------------------------------------------------
----------------------------------------
VLM Prompt:
Image1:
<image>
**Instruction**
1. Analyze the provided image to identify all visible household objects, focusing on those relevant to the task description "find two soapbottle and put them in garbagecan."
2. Use the analysis of the image and the task hint "The agent must find an object of the desired type, pick it up, find the correct location to place it, put it down there, then look for another object of the desired type, pick it up, return to previous location, and put it down there with the other object." to answer the question: what is the most reasonable action in the choices for the task description "find two soapbottle and put them in garbagecan"?
4. Decide and write the answer using the template: The answer is: (i): <selected_action>, where i is the real number. If there is no desired object in the image, search every place based on **Initial Observation** to find the object. And if no one is exactly correct, choose a similar answer.

**Initial Observation**
You are in the middle of a room. Looking quickly around you, you can see countertop (1), sinkbasin (1-2), sink (1-2), garbagecan (1), drawer (1-2), toilet (1), handtowelholder (1)

**Answer Choices**
(1): go to sink 1
(2): go to garbagecan 1
(3): go to drawer 1
(4): go to drawer 2
(5): go to sink 2
(6): go to sinkbasin 2
(7): go to toilet 1
(8): go to handtowelholder 1
(9): put soapbottle 1 in/on countertop 1
(10): examine countertop 1

**Answer**
Let's think step by step by following the instructions.
----------------------------------------

----------------------------------------

Original Response:
First, we need to identify the soapbottles. In the image, we can see one soapbottle labeled "soapbottle 1" on the sinkbasin labeled "sinkbasin 1." Since the task requires finding two soapbottles, we should look for another one, which might be in a similar location like a sinkbasin or a countertop. The image only shows one soapbottle, so we need to search other places based on the initial observation. 

The most reasonable action to start with would be to go to the location where we can find a soapbottle. Since we can already see "soapbottle 1" on "sinkbasin 1," the next step would be to go to another similar location where we might find the second soapbottle. "Sinkbasin 2" would be a reasonable choice as it is a similar location to "sinkbasin 1."

The answer is: (6): go to sinkbasin 2

----------------------------------------

----------------------------------------

>>> Refine Original VLM Response and Get Pure Action: go to sinkbasin 2

----------------------------------------

-----------------------------------------------------------------

Running time: 18.449247121810913 seconds

Total Money: 9.987390000000008

-----------------------------------------------------------------

-----------------------------------------------------------------

Text Observation:You arrive at loc 7. On the sinkbasin 2, you see a faucet 2, a spraybottle 1, a faucet 1, a soapbar 2, a candle 1, a soapbottle 2, and a soapbar 3.

-----------------------------------------------------------------