---------------------------------------------------------task: 16---------------------------------------------------------
--------------------------------------------------------------------------------------------------------------------------------------------------------------------
--------------------------------------------------------------------------------------------------------------------------------------------------------------------
Step:--------------------------------------------------------------------------0-------------------------------------------------------------------------------
----------------------------------------
VLM Prompt:
Image1:
<image>
**Instruction**
1. Analyze the provided image to identify all visible household objects, focusing on those relevant to the task description "put a cool pan in sinkbasin."
2. Use the analysis of the image and the task hint "The agent must find an object of the desired type, pick it up, go to a fridge, cool the object with the fridge, then find the correct location to place it, and put it down there. The agent does not need to use the fridge button or open the fridge to cool the object, and the agent just needs to do action that is "cool the object with the fridge"." to answer the question: what is the most reasonable action in the choices for the task description "put a cool pan in sinkbasin"?
4. Decide and write the answer using the template: The answer is: (i): <selected_action>, where i is the real number. If there is no desired object in the image, search every place based on **Initial Observation** to find the object. And if no one is exactly correct, choose a similar answer.

**Initial Observation**
You are in the middle of a room. Looking quickly around you, you can see cabinet (1-9), countertop (1-3), drawer (1-9), stoveburner (1-4), microwave (1), sink (1), fridge (1), toaster (1), coffeemachine (1), sinkbasin (1), shelf (1-3), garbagecan (1)

**Answer Choices**
(1): go to cabinet 1
(2): go to countertop 1
(3): go to cabinet 2
(4): go to countertop 2
(5): go to drawer 1
(6): go to drawer 2
(7): go to drawer 3
(8): go to drawer 4
(9): go to stoveburner 1
(10): go to drawer 5
(11): go to stoveburner 2
(12): go to stoveburner 3
(13): go to stoveburner 4
(14): go to cabinet 3
(15): go to cabinet 4
(16): go to microwave 1
(17): go to cabinet 5
(18): go to cabinet 6
(19): go to cabinet 7
(20): go to sink 1
(21): go to fridge 1
(22): go to toaster 1
(23): go to coffeemachine 1
(24): go to cabinet 8
(25): go to drawer 6
(26): go to drawer 7
(27): go to drawer 8
(28): go to sinkbasin 1
(29): go to shelf 1
(30): go to shelf 2
(31): go to countertop 3
(32): go to shelf 3
(33): go to drawer 9
(34): go to cabinet 9
(35): go to garbagecan 1

**Answer**
Let's think step by step by following the instructions.
----------------------------------------

----------------------------------------

Original Response:
Firstly, the task is to put a cool pan in the sinkbasin. Looking at the image provided, we can see sinkbasin 1 which is relevant to the task description. We cannot see a pan in the image, so we must search for one based on the initial observation.

To cool the pan, we will need to go to the fridge as per the task hint. However, we first need to locate a pan. Pans are commonly found in cabinets or drawers near the stove area. Since the image doesn't show the stove area, we'll have to rely on the initial observation.

Based on the initial observation, the most likely places to find a pan would be in cabinets or drawers. Since the image shows cabinet 7 and cabinet 8, we can assume we are in the lower cabinet area, and drawers are usually below the countertop. Therefore, we should check the drawers first.

The answer is: (5): go to drawer 1. If no pan is found there, we should continue to search the drawers and cabinets nearest to the stove. Once the pan is found, we would then go to the fridge to cool it and finally place it in sinkbasin 1.

----------------------------------------

----------------------------------------

>>> Refine Original VLM Response and Get Pure Action: go to drawer 1

----------------------------------------

-----------------------------------------------------------------

Running time: 10.369207859039307 seconds

Total Money: 7.4124

-----------------------------------------------------------------

-----------------------------------------------------------------

Text Observation:You arrive at loc 4. The drawer 1 is closed. 

--------------------------------------------------------------------------------------------------------------------------task: 16---------------------------------------------------------
--------------------------------------------------------------------------------------------------------------------------------------------------------------------
--------------------------------------------------------------------------------------------------------------------------------------------------------------------
Step:--------------------------------------------------------------------------1-------------------------------------------------------------------------------
----------------------------------------
VLM Prompt:
Image1:
<image>
Image2:
<image>
**Instruction**
1. Analyze the provided image to identify all visible household objects, focusing on those relevant to the task description "put a cool pan in sinkbasin."
2. Use the analysis of the image and the task hint "The agent must find an object of the desired type, pick it up, go to a fridge, cool the object with the fridge, then find the correct location to place it, and put it down there. The agent does not need to use the fridge button or open the fridge to cool the object, and the agent just needs to do action that is "cool the object with the fridge"." to answer the question: what is the most reasonable action in the choices for the task description "put a cool pan in sinkbasin"?
4. Decide and write the answer using the template: The answer is: (i): <selected_action>, where i is the real number. If there is no desired object in the image, search every place based on **Initial Observation** to find the object. And if no one is exactly correct, choose a similar answer.

**Initial Observation**
You are in the middle of a room. Looking quickly around you, you can see cabinet (1-9), countertop (1-3), drawer (1-9), stoveburner (1-4), microwave (1), sink (1), fridge (1), toaster (1), coffeemachine (1), sinkbasin (1), shelf (1-3), garbagecan (1)

**Answer Choices**
(1): go to cabinet 1
(2): go to countertop 1
(3): go to cabinet 2
(4): go to countertop 2
(5): go to drawer 2
(6): go to drawer 3
(7): go to drawer 4
(8): go to stoveburner 1
(9): go to drawer 5
(10): go to stoveburner 2
(11): go to stoveburner 3
(12): go to stoveburner 4
(13): go to cabinet 3
(14): go to cabinet 4
(15): go to microwave 1
(16): go to cabinet 5
(17): go to cabinet 6
(18): go to cabinet 7
(19): go to sink 1
(20): go to fridge 1
(21): go to toaster 1
(22): go to coffeemachine 1
(23): go to cabinet 8
(24): go to drawer 6
(25): go to drawer 7
(26): go to drawer 8
(27): go to sinkbasin 1
(28): go to shelf 1
(29): go to shelf 2
(30): go to countertop 3
(31): go to shelf 3
(32): go to drawer 9
(33): go to cabinet 9
(34): go to garbagecan 1
(35): open drawer 1
(36): close drawer 1
(37): examine drawer 1

**Answer**
Let's think step by step by following the instructions.
----------------------------------------

----------------------------------------

Original Response:
First, we need to identify if there is a pan visible in the images provided. In Image 1, we can see a sinkbasin, but no pan is visible. In Image 2, we can see various items on shelves and a countertop, but no pan is visible either.

Since there is no pan visible in the images, we must search every place based on our Initial Observation to find the object. The places where a pan is most likely to be found are cabinets, drawers, or stove burners.

Given that the task description is "put a cool pan in sinkbasin," and we need to first find a pan and then cool it using the fridge. The most reasonable first action would be to find a pan. A pan would most likely be in a cabinet or on a stove burner.

The answer is: (8): go to stoveburner 1. This is the most reasonable action as stoveburners are a common place to find pans, and it's the first stoveburner option in the list. If the pan is not there, the agent can proceed to check other likely locations like other stove burners or cabinets.

----------------------------------------

----------------------------------------

>>> Refine Original VLM Response and Get Pure Action: go to stoveburner 1

----------------------------------------

-----------------------------------------------------------------

Running time: 11.464274883270264 seconds

Total Money: 7.44163

-----------------------------------------------------------------

-----------------------------------------------------------------

Text Observation:You arrive at loc 8. On the stoveburner 1, you see a pot 1, a houseplant 1, a kettle 1, a dishsponge 1, a stoveknob 1, a stoveknob 2, a fork 1, a spoon 2, a stoveknob 3, and a kettle 2.

--------------------------------------------------------------------------------------------------------------------------task: 16---------------------------------------------------------
--------------------------------------------------------------------------------------------------------------------------------------------------------------------
--------------------------------------------------------------------------------------------------------------------------------------------------------------------
Step:--------------------------------------------------------------------------2-------------------------------------------------------------------------------
----------------------------------------
VLM Prompt:
Image1:
<image>
Image2:
<image>
**Instruction**
1. Analyze the provided image to identify all visible household objects, focusing on those relevant to the task description "put a cool pan in sinkbasin."
2. Use the analysis of the image and the task hint "The agent must find an object of the desired type, pick it up, go to a fridge, cool the object with the fridge, then find the correct location to place it, and put it down there. The agent does not need to use the fridge button or open the fridge to cool the object, and the agent just needs to do action that is "cool the object with the fridge"." to answer the question: what is the most reasonable action in the choices for the task description "put a cool pan in sinkbasin"?
4. Decide and write the answer using the template: The answer is: (i): <selected_action>, where i is the real number. If there is no desired object in the image, search every place based on **Initial Observation** to find the object. And if no one is exactly correct, choose a similar answer.

**Initial Observation**
You are in the middle of a room. Looking quickly around you, you can see cabinet (1-9), countertop (1-3), drawer (1-9), stoveburner (1-4), microwave (1), sink (1), fridge (1), toaster (1), coffeemachine (1), sinkbasin (1), shelf (1-3), garbagecan (1)

**Answer Choices**
(1): go to cabinet 1
(2): go to countertop 1
(3): go to cabinet 2
(4): go to countertop 2
(5): go to drawer 2
(6): go to drawer 3
(7): go to drawer 4
(8): go to drawer 5
(9): go to stoveburner 2
(10): go to stoveburner 3
(11): go to stoveburner 4
(12): go to cabinet 3
(13): go to cabinet 4
(14): go to microwave 1
(15): go to cabinet 5
(16): go to cabinet 6
(17): go to cabinet 7
(18): go to sink 1
(19): go to fridge 1
(20): go to toaster 1
(21): go to coffeemachine 1
(22): go to cabinet 8
(23): go to drawer 6
(24): go to drawer 7
(25): go to drawer 8
(26): go to sinkbasin 1
(27): go to shelf 1
(28): go to shelf 2
(29): go to countertop 3
(30): go to shelf 3
(31): go to drawer 9
(32): go to cabinet 9
(33): go to garbagecan 1
(34): take pot 1 from stoveburner 1
(35): take houseplant 1 from stoveburner 1
(36): take kettle 1 from stoveburner 1
(37): take dishsponge 1 from stoveburner 1
(38): take stoveknob 1 from stoveburner 1
(39): take stoveknob 2 from stoveburner 1
(40): take fork 1 from stoveburner 1
(41): take spoon 2 from stoveburner 1
(42): take stoveknob 3 from stoveburner 1
(43): take kettle 2 from stoveburner 1
(44): examine stoveburner 1

**Answer**
Let's think step by step by following the instructions.
----------------------------------------

----------------------------------------

Original Response:
First, we need to identify all visible household objects related to the task "put a cool pan in sinkbasin." In Image 1, there is no pan visible. In Image 2, we can see a pot on countertop 2, which might be confused with a pan. However, the task specifically states "pan," so we need to continue our search based on the Initial Observation.

According to the Initial Observation, there are several cabinets, drawers, and a stove with burners where a pan might be located. Since we don't see a pan on the visible stove burners, we can deduce that the pan might be stored in a cabinet or drawer or on a countertop not visible in the images provided.

Now, based on the task hint, the agent must first find a pan, go to the fridge to cool it, and then put it in the sinkbasin. Since we cannot see a pan in the images, our first action should be to search the cabinets, drawers, or countertops for the pan.

The most reasonable action from the choices given would be to search the cabinets first as pans are commonly stored in cabinets. Starting with cabinet 1 seems logical as it would be the first in the sequence of cabinets to check.

The answer is: (1): go to cabinet 1.

----------------------------------------

----------------------------------------

>>> Refine Original VLM Response and Get Pure Action: go to cabinet 1

----------------------------------------

-----------------------------------------------------------------

Running time: 15.112742900848389 seconds

Total Money: 7.47306

-----------------------------------------------------------------

-----------------------------------------------------------------

Text Observation:You arrive at loc 0. The cabinet 1 is closed. 

--------------------------------------------------------------------------------------------------------------------------task: 16---------------------------------------------------------
--------------------------------------------------------------------------------------------------------------------------------------------------------------------
--------------------------------------------------------------------------------------------------------------------------------------------------------------------
Step:--------------------------------------------------------------------------3-------------------------------------------------------------------------------
----------------------------------------
VLM Prompt:
Image1:
<image>
Image2:
<image>
**Instruction**
1. Analyze the provided image to identify all visible household objects, focusing on those relevant to the task description "put a cool pan in sinkbasin."
2. Use the analysis of the image and the task hint "The agent must find an object of the desired type, pick it up, go to a fridge, cool the object with the fridge, then find the correct location to place it, and put it down there. The agent does not need to use the fridge button or open the fridge to cool the object, and the agent just needs to do action that is "cool the object with the fridge"." to answer the question: what is the most reasonable action in the choices for the task description "put a cool pan in sinkbasin"?
4. Decide and write the answer using the template: The answer is: (i): <selected_action>, where i is the real number. If there is no desired object in the image, search every place based on **Initial Observation** to find the object. And if no one is exactly correct, choose a similar answer.

**Initial Observation**
You are in the middle of a room. Looking quickly around you, you can see cabinet (1-9), countertop (1-3), drawer (1-9), stoveburner (1-4), microwave (1), sink (1), fridge (1), toaster (1), coffeemachine (1), sinkbasin (1), shelf (1-3), garbagecan (1)

**Answer Choices**
(1): go to countertop 1
(2): go to cabinet 2
(3): go to countertop 2
(4): go to drawer 2
(5): go to drawer 3
(6): go to drawer 4
(7): go to drawer 5
(8): go to stoveburner 2
(9): go to stoveburner 3
(10): go to stoveburner 4
(11): go to cabinet 3
(12): go to cabinet 4
(13): go to microwave 1
(14): go to cabinet 5
(15): go to cabinet 6
(16): go to cabinet 7
(17): go to sink 1
(18): go to fridge 1
(19): go to toaster 1
(20): go to coffeemachine 1
(21): go to cabinet 8
(22): go to drawer 6
(23): go to drawer 7
(24): go to drawer 8
(25): go to sinkbasin 1
(26): go to shelf 1
(27): go to shelf 2
(28): go to countertop 3
(29): go to shelf 3
(30): go to drawer 9
(31): go to cabinet 9
(32): go to garbagecan 1
(33): open cabinet 1
(34): close cabinet 1
(35): examine cabinet 1

**Answer**
Let's think step by step by following the instructions.
----------------------------------------

----------------------------------------

Original Response:
First, we need to find a pan that can be cooled in the sinkbasin. In Image 1, we can see a pot on countertop 2, but no pan is visible. However, in Image 2, we can see a pan on countertop 1. This pan is the object relevant to the task description "put a cool pan in sinkbasin."

Now, according to the task hint, the agent must first find the pan, pick it up, and cool it with the fridge before placing it in the sinkbasin. Since the agent does not need to interact with the fridge buttons or open it, we can assume that the agent just needs to be near the fridge to perform the "cool the object with the fridge" action.

The most reasonable action to start this task is to go to the location of the pan to pick it up. Therefore, the answer is: (1): go to countertop 1.

----------------------------------------

----------------------------------------

>>> Refine Original VLM Response and Get Pure Action: No action

----------------------------------------

-----------------------------------------------------------------

Running time: 9.689757347106934 seconds

Total Money: 7.5008300000000006

-----------------------------------------------------------------

-----------------------------------------------------------------

Text Observation:Nothing happens.

--------------------------------------------------------------------------------------------------------------------------task: 16---------------------------------------------------------
--------------------------------------------------------------------------------------------------------------------------------------------------------------------
--------------------------------------------------------------------------------------------------------------------------------------------------------------------
Step:--------------------------------------------------------------------------4-------------------------------------------------------------------------------
----------------------------------------
VLM Prompt:
Image1:
<image>
Image2:
<image>
**Instruction**
1. Analyze the provided image to identify all visible household objects, focusing on those relevant to the task description "put a cool pan in sinkbasin."
2. Use the analysis of the image and the task hint "The agent must find an object of the desired type, pick it up, go to a fridge, cool the object with the fridge, then find the correct location to place it, and put it down there. The agent does not need to use the fridge button or open the fridge to cool the object, and the agent just needs to do action that is "cool the object with the fridge"." to answer the question: what is the most reasonable action in the choices for the task description "put a cool pan in sinkbasin"?
4. Decide and write the answer using the template: The answer is: (i): <selected_action>, where i is the real number. If there is no desired object in the image, search every place based on **Initial Observation** to find the object. And if no one is exactly correct, choose a similar answer.

**Initial Observation**
You are in the middle of a room. Looking quickly around you, you can see cabinet (1-9), countertop (1-3), drawer (1-9), stoveburner (1-4), microwave (1), sink (1), fridge (1), toaster (1), coffeemachine (1), sinkbasin (1), shelf (1-3), garbagecan (1)

**Answer Choices**
(1): go to countertop 1
(2): go to cabinet 2
(3): go to countertop 2
(4): go to drawer 1
(5): go to drawer 2
(6): go to drawer 3
(7): go to drawer 4
(8): go to drawer 5
(9): go to stoveburner 2
(10): go to stoveburner 3
(11): go to stoveburner 4
(12): go to cabinet 3
(13): go to cabinet 4
(14): go to microwave 1
(15): go to cabinet 5
(16): go to cabinet 6
(17): go to cabinet 7
(18): go to sink 1
(19): go to fridge 1
(20): go to toaster 1
(21): go to coffeemachine 1
(22): go to cabinet 8
(23): go to drawer 6
(24): go to drawer 7
(25): go to drawer 8
(26): go to sinkbasin 1
(27): go to shelf 1
(28): go to shelf 2
(29): go to countertop 3
(30): go to shelf 3
(31): go to drawer 9
(32): go to cabinet 9
(33): go to garbagecan 1
(34): open cabinet 1
(35): close cabinet 1
(36): examine cabinet 1

**Answer**
Let's think step by step by following the instructions.
----------------------------------------

----------------------------------------

Original Response:
Firstly, we need to identify a pan which is a relevant object for the task "put a cool pan in sinkbasin." In the image provided, we can see a pan located on the countertop 1. This is the object we need to cool and then put in the sinkbasin.

Secondly, according to the task hint, the agent must find the object, pick it up, go to a fridge, cool the object with the fridge, then find the correct location to place it, and put it down there. The agent does not need to use the fridge button or open the fridge to cool the object. The agent just needs to do an action that is "cool the object with the fridge."

Considering the initial observation, we know there is a fridge (1) in the room.

Now, to complete the task:

- The agent needs to pick up the pan from countertop 1.
- Then, the agent must go to the fridge to "cool" the pan.
- After cooling the pan, the agent must go to the sinkbasin to place the cool pan in it.

Among the answer choices, we need to select the action that involves going to the fridge. The action that matches this requirement is:

(19): go to fridge 1

This is the most reasonable action to complete the task description "put a cool pan in sinkbasin."

The answer is: (19): go to fridge 1.

----------------------------------------

----------------------------------------

>>> Refine Original VLM Response and Get Pure Action: go to fridge 1

----------------------------------------

-----------------------------------------------------------------

Running time: 10.20250916481018 seconds

Total Money: 7.531750000000001

-----------------------------------------------------------------

-----------------------------------------------------------------

Text Observation:You arrive at loc 20. The fridge 1 is closed. 

--------------------------------------------------------------------------------------------------------------------------task: 16---------------------------------------------------------
--------------------------------------------------------------------------------------------------------------------------------------------------------------------
--------------------------------------------------------------------------------------------------------------------------------------------------------------------
Step:--------------------------------------------------------------------------5-------------------------------------------------------------------------------
----------------------------------------
VLM Prompt:
Image1:
<image>
Image2:
<image>
**Instruction**
1. Analyze the provided image to identify all visible household objects, focusing on those relevant to the task description "put a cool pan in sinkbasin."
2. Use the analysis of the image and the task hint "The agent must find an object of the desired type, pick it up, go to a fridge, cool the object with the fridge, then find the correct location to place it, and put it down there. The agent does not need to use the fridge button or open the fridge to cool the object, and the agent just needs to do action that is "cool the object with the fridge"." to answer the question: what is the most reasonable action in the choices for the task description "put a cool pan in sinkbasin"?
4. Decide and write the answer using the template: The answer is: (i): <selected_action>, where i is the real number. If there is no desired object in the image, search every place based on **Initial Observation** to find the object. And if no one is exactly correct, choose a similar answer.

**Initial Observation**
You are in the middle of a room. Looking quickly around you, you can see cabinet (1-9), countertop (1-3), drawer (1-9), stoveburner (1-4), microwave (1), sink (1), fridge (1), toaster (1), coffeemachine (1), sinkbasin (1), shelf (1-3), garbagecan (1)

**Answer Choices**
(1): go to countertop 1
(2): go to cabinet 2
(3): go to countertop 2
(4): go to drawer 1
(5): go to drawer 2
(6): go to drawer 3
(7): go to drawer 4
(8): go to stoveburner 1
(9): go to drawer 5
(10): go to stoveburner 2
(11): go to stoveburner 3
(12): go to stoveburner 4
(13): go to cabinet 3
(14): go to cabinet 4
(15): go to microwave 1
(16): go to cabinet 5
(17): go to cabinet 6
(18): go to cabinet 7
(19): go to sink 1
(20): go to toaster 1
(21): go to coffeemachine 1
(22): go to cabinet 8
(23): go to drawer 6
(24): go to drawer 7
(25): go to drawer 8
(26): go to sinkbasin 1
(27): go to shelf 1
(28): go to shelf 2
(29): go to countertop 3
(30): go to shelf 3
(31): go to drawer 9
(32): go to cabinet 9
(33): go to garbagecan 1
(34): open fridge 1
(35): close fridge 1
(36): examine fridge 1

**Answer**
Let's think step by step by following the instructions.
----------------------------------------

----------------------------------------

Original Response:
First, we need to identify a pan that can be cooled in the fridge. In Image 1, we can see a "pan 1" on "countertop 1". Since the task requires cooling the pan, and the hint specifies that the agent does not need to use the fridge button or open the fridge to cool the object, we will assume that the agent can cool the pan simply by the action "cool the object with the fridge".

After cooling the pan, the next step is to place it in the "sinkbasin." From the Initial Observation, we know there is a "sinkbasin 1" available.

Putting this information together, the most reasonable action to take is to first go to "countertop 1" to pick up the "pan 1", cool it with the "fridge 1" as per the task hint, and then put it in "sinkbasin 1". However, since the options do not include cooling the pan with the fridge directly, we will select the action that involves picking up the pan.

The answer is: (1): go to countertop 1

----------------------------------------

----------------------------------------

>>> Refine Original VLM Response and Get Pure Action: go to countertop 1

----------------------------------------

-----------------------------------------------------------------

Running time: 11.043856143951416 seconds

Total Money: 7.560770000000001

-----------------------------------------------------------------

-----------------------------------------------------------------

Text Observation:You arrive at loc 1. On the countertop 1, you see a pan 1, a bread 1, a tomato 1, a spoon 1, a butterknife 1, a saltshaker 2, and a cup 1.

--------------------------------------------------------------------------------------------------------------------------task: 16---------------------------------------------------------
--------------------------------------------------------------------------------------------------------------------------------------------------------------------
--------------------------------------------------------------------------------------------------------------------------------------------------------------------
Step:--------------------------------------------------------------------------6-------------------------------------------------------------------------------
----------------------------------------
VLM Prompt:
Image1:
<image>
Image2:
<image>
**Instruction**
1. Analyze the provided image to identify all visible household objects, focusing on those relevant to the task description "put a cool pan in sinkbasin."
2. Use the analysis of the image and the task hint "The agent must find an object of the desired type, pick it up, go to a fridge, cool the object with the fridge, then find the correct location to place it, and put it down there. The agent does not need to use the fridge button or open the fridge to cool the object, and the agent just needs to do action that is "cool the object with the fridge"." to answer the question: what is the most reasonable action in the choices for the task description "put a cool pan in sinkbasin"?
4. Decide and write the answer using the template: The answer is: (i): <selected_action>, where i is the real number. If there is no desired object in the image, search every place based on **Initial Observation** to find the object. And if no one is exactly correct, choose a similar answer.

**Initial Observation**
You are in the middle of a room. Looking quickly around you, you can see cabinet (1-9), countertop (1-3), drawer (1-9), stoveburner (1-4), microwave (1), sink (1), fridge (1), toaster (1), coffeemachine (1), sinkbasin (1), shelf (1-3), garbagecan (1)

**Answer Choices**
(1): go to cabinet 1
(2): go to cabinet 2
(3): go to countertop 2
(4): go to drawer 1
(5): go to drawer 2
(6): go to drawer 3
(7): go to drawer 4
(8): go to stoveburner 1
(9): go to drawer 5
(10): go to stoveburner 2
(11): go to stoveburner 3
(12): go to stoveburner 4
(13): go to cabinet 3
(14): go to cabinet 4
(15): go to microwave 1
(16): go to cabinet 5
(17): go to cabinet 6
(18): go to cabinet 7
(19): go to sink 1
(20): go to toaster 1
(21): go to coffeemachine 1
(22): go to cabinet 8
(23): go to drawer 6
(24): go to drawer 7
(25): go to drawer 8
(26): go to sinkbasin 1
(27): go to shelf 1
(28): go to shelf 2
(29): go to countertop 3
(30): go to shelf 3
(31): go to drawer 9
(32): go to cabinet 9
(33): go to garbagecan 1
(34): take pan 1 from countertop 1
(35): take bread 1 from countertop 1
(36): take tomato 1 from countertop 1
(37): take spoon 1 from countertop 1
(38): take butterknife 1 from countertop 1
(39): take saltshaker 2 from countertop 1
(40): take cup 1 from countertop 1
(41): examine countertop 1

**Answer**
Let's think step by step by following the instructions.
----------------------------------------

----------------------------------------

Original Response:
The task is to put a cool pan in the sinkbasin. From the initial observation, we know that there is a sinkbasin (1), a fridge (1), and multiple cabinets and drawers where a pan could potentially be found. In Image 2, we can see a pan on the countertop. Therefore, the agent does not need to search cabinets or drawers for a pan.

According to the task hint, the agent needs to pick up the pan, cool it with the fridge, and then put it in the sinkbasin. There is no need to use the fridge button or open the fridge, just the action of cooling the object with the fridge. Image 1 shows the fridge labeled "Frost Aid," and Image 2 shows the pan labeled "pan 1" on the countertop.

Based on the analysis, the most reasonable action for the agent to perform next, considering the given answer choices, would be to take the pan from the countertop, as it is the object needed for the task. Therefore:

The answer is: (34): take pan 1 from countertop 1.

----------------------------------------

----------------------------------------

>>> Refine Original VLM Response and Get Pure Action: take pan 1 from countertop 1

----------------------------------------

-----------------------------------------------------------------

Running time: 23.430086851119995 seconds

Total Money: 7.590470000000001

-----------------------------------------------------------------

-----------------------------------------------------------------

Text Observation:You pick up the pan 1 from the countertop 1.

--------------------------------------------------------------------------------------------------------------------------task: 16---------------------------------------------------------
--------------------------------------------------------------------------------------------------------------------------------------------------------------------
--------------------------------------------------------------------------------------------------------------------------------------------------------------------
Step:--------------------------------------------------------------------------7-------------------------------------------------------------------------------
----------------------------------------
VLM Prompt:
Image1:
<image>
Image2:
<image>
**Instruction**
1. Analyze the provided image to identify all visible household objects, focusing on those relevant to the task description "put a cool pan in sinkbasin."
2. Use the analysis of the image and the task hint "The agent must find an object of the desired type, pick it up, go to a fridge, cool the object with the fridge, then find the correct location to place it, and put it down there. The agent does not need to use the fridge button or open the fridge to cool the object, and the agent just needs to do action that is "cool the object with the fridge"." to answer the question: what is the most reasonable action in the choices for the task description "put a cool pan in sinkbasin"?
4. Decide and write the answer using the template: The answer is: (i): <selected_action>, where i is the real number. If there is no desired object in the image, search every place based on **Initial Observation** to find the object. And if no one is exactly correct, choose a similar answer.

**Initial Observation**
You are in the middle of a room. Looking quickly around you, you can see cabinet (1-9), countertop (1-3), drawer (1-9), stoveburner (1-4), microwave (1), sink (1), fridge (1), toaster (1), coffeemachine (1), sinkbasin (1), shelf (1-3), garbagecan (1)

**Answer Choices**
(1): go to cabinet 1
(2): go to cabinet 2
(3): go to countertop 2
(4): go to drawer 1
(5): go to drawer 2
(6): go to drawer 3
(7): go to drawer 4
(8): go to stoveburner 1
(9): go to drawer 5
(10): go to stoveburner 2
(11): go to stoveburner 3
(12): go to stoveburner 4
(13): go to cabinet 3
(14): go to cabinet 4
(15): go to microwave 1
(16): go to cabinet 5
(17): go to cabinet 6
(18): go to cabinet 7
(19): go to sink 1
(20): go to toaster 1
(21): go to coffeemachine 1
(22): go to cabinet 8
(23): go to drawer 6
(24): go to drawer 7
(25): go to drawer 8
(26): go to sinkbasin 1
(27): go to shelf 1
(28): go to shelf 2
(29): go to countertop 3
(30): go to shelf 3
(31): go to drawer 9
(32): go to cabinet 9
(33): go to garbagecan 1
(34): put pan 1 in/on countertop 1
(35): examine pan 1
(36): examine countertop 1

**Answer**
Let's think step by step by following the instructions.
----------------------------------------

----------------------------------------

Original Response:
First, we need to identify the pan to be put in the sink basin. In Image 1, we can see a pan labeled as "pan 1" located on the countertop, which aligns with the task description of identifying a pan. The task also specifies that the pan needs to be cool, so we can assume that the pan is already cool or that we need to cool it with the fridge based on the task hint.

Now, we need to determine the most reasonable action from the provided choices to complete the task, which is to "put a cool pan in sinkbasin." Since the pan is already visible on the countertop, we do not need to search cabinets or drawers for it. The next logical step would be to take the pan to the sink basin. The sink basin is not visible in the images, but based on the initial observation, there is a "sinkbasin (1)" present in the room. 

Therefore, the most reasonable action to complete the task is to take the pan from the countertop to the sink basin. However, there is no option provided explicitly stating to "take pan 1 to sinkbasin 1." Among the choices, the closest action related to the pan and completing the task is to examine the pan or put the pan on the countertop, but neither directly achieves the task of placing the pan in the sink basin.

Since the task requires us to put the pan in the sink basin and none of the choices directly state this action, we must choose a similar answer that involves the pan. 

The answer is: (34): put pan 1 in/on countertop 1, with the understanding that the agent will need to pick up the pan from the countertop and then proceed to place it in the sink basin, which is not explicitly stated in the answer choices.

----------------------------------------

----------------------------------------

>>> Refine Original VLM Response and Get Pure Action: put pan 1 in/on countertop 1, with the understanding that the agent will need to pick up the pan from the countertop and then proceed to place it in the sink basin, which is not explicitly stated in the answer choices

----------------------------------------

-----------------------------------------------------------------

Running time: 22.569610834121704 seconds

Total Money: 7.623810000000001

-----------------------------------------------------------------

-----------------------------------------------------------------

Text Observation:Nothing happens.

--------------------------------------------------------------------------------------------------------------------------task: 16---------------------------------------------------------
--------------------------------------------------------------------------------------------------------------------------------------------------------------------
--------------------------------------------------------------------------------------------------------------------------------------------------------------------
Step:--------------------------------------------------------------------------8-------------------------------------------------------------------------------
----------------------------------------
VLM Prompt:
Image1:
<image>
Image2:
<image>
**Instruction**
1. Analyze the provided image to identify all visible household objects, focusing on those relevant to the task description "put a cool pan in sinkbasin."
2. Use the analysis of the image and the task hint "The agent must find an object of the desired type, pick it up, go to a fridge, cool the object with the fridge, then find the correct location to place it, and put it down there. The agent does not need to use the fridge button or open the fridge to cool the object, and the agent just needs to do action that is "cool the object with the fridge"." to answer the question: what is the most reasonable action in the choices for the task description "put a cool pan in sinkbasin"?
4. Decide and write the answer using the template: The answer is: (i): <selected_action>, where i is the real number. If there is no desired object in the image, search every place based on **Initial Observation** to find the object. And if no one is exactly correct, choose a similar answer.

**Initial Observation**
You are in the middle of a room. Looking quickly around you, you can see cabinet (1-9), countertop (1-3), drawer (1-9), stoveburner (1-4), microwave (1), sink (1), fridge (1), toaster (1), coffeemachine (1), sinkbasin (1), shelf (1-3), garbagecan (1)

**Answer Choices**
(1): go to cabinet 1
(2): go to cabinet 2
(3): go to countertop 2
(4): go to drawer 1
(5): go to drawer 2
(6): go to drawer 3
(7): go to drawer 4
(8): go to stoveburner 1
(9): go to drawer 5
(10): go to stoveburner 2
(11): go to stoveburner 3
(12): go to stoveburner 4
(13): go to cabinet 3
(14): go to cabinet 4
(15): go to microwave 1
(16): go to cabinet 5
(17): go to cabinet 6
(18): go to cabinet 7
(19): go to sink 1
(20): go to fridge 1
(21): go to toaster 1
(22): go to coffeemachine 1
(23): go to cabinet 8
(24): go to drawer 6
(25): go to drawer 7
(26): go to drawer 8
(27): go to sinkbasin 1
(28): go to shelf 1
(29): go to shelf 2
(30): go to countertop 3
(31): go to shelf 3
(32): go to drawer 9
(33): go to cabinet 9
(34): go to garbagecan 1
(35): put pan 1 in/on countertop 1
(36): examine pan 1
(37): examine countertop 1

**Answer**
Let's think step by step by following the instructions.
----------------------------------------

----------------------------------------

Original Response:
The task is to "put a cool pan in sinkbasin". From the initial observation, we know there is a pan (pan 1) and a sinkbasin (sinkbasin 1) in the room. In the image, we can see the pan (pan 1) on the countertop 1, and the task hint informs us that we do not need to use the fridge button or open the fridge to cool the object, we just need to perform an action that is "cool the object with the fridge". Therefore, the most logical sequence of actions would be to pick up the pan (pan 1), go to the fridge (fridge 1) to cool the pan, and then put the cool pan in the sinkbasin (sinkbasin 1).

From the answer choices, the ones that are relevant to the task are:
(20): go to fridge 1 - to cool the pan.
(27): go to sinkbasin 1 - to place the cool pan in.

However, we need to pick up the pan first, which is not explicitly listed in the answer choices. The closest action related to handling the pan is:
(36): examine pan 1 - this could imply picking up or interacting with the pan.

Thus, the most reasonable action sequence would be first to examine the pan, then cool it with the fridge, and finally place it in the sinkbasin. Since we can only select one action, and the first step would be to interact with the pan, the answer is:

The answer is: (36): examine pan 1

----------------------------------------

----------------------------------------

>>> Refine Original VLM Response and Get Pure Action: examine pan 1

----------------------------------------

-----------------------------------------------------------------

Running time: 19.08544945716858 seconds

Total Money: 7.655830000000001

-----------------------------------------------------------------

-----------------------------------------------------------------

Text Observation:This is a normal pan 1

--------------------------------------------------------------------------------------------------------------------------task: 16---------------------------------------------------------
--------------------------------------------------------------------------------------------------------------------------------------------------------------------
--------------------------------------------------------------------------------------------------------------------------------------------------------------------
Step:--------------------------------------------------------------------------9-------------------------------------------------------------------------------
----------------------------------------
VLM Prompt:
Image1:
<image>
Image2:
<image>
**Instruction**
1. Analyze the provided image to identify all visible household objects, focusing on those relevant to the task description "put a cool pan in sinkbasin."
2. Use the analysis of the image and the task hint "The agent must find an object of the desired type, pick it up, go to a fridge, cool the object with the fridge, then find the correct location to place it, and put it down there. The agent does not need to use the fridge button or open the fridge to cool the object, and the agent just needs to do action that is "cool the object with the fridge"." to answer the question: what is the most reasonable action in the choices for the task description "put a cool pan in sinkbasin"?
4. Decide and write the answer using the template: The answer is: (i): <selected_action>, where i is the real number. If there is no desired object in the image, search every place based on **Initial Observation** to find the object. And if no one is exactly correct, choose a similar answer.

**Initial Observation**
You are in the middle of a room. Looking quickly around you, you can see cabinet (1-9), countertop (1-3), drawer (1-9), stoveburner (1-4), microwave (1), sink (1), fridge (1), toaster (1), coffeemachine (1), sinkbasin (1), shelf (1-3), garbagecan (1)

**Answer Choices**
(1): go to cabinet 1
(2): go to cabinet 2
(3): go to countertop 2
(4): go to drawer 1
(5): go to drawer 2
(6): go to drawer 3
(7): go to drawer 4
(8): go to stoveburner 1
(9): go to drawer 5
(10): go to stoveburner 2
(11): go to stoveburner 3
(12): go to stoveburner 4
(13): go to cabinet 3
(14): go to cabinet 4
(15): go to microwave 1
(16): go to cabinet 5
(17): go to cabinet 6
(18): go to cabinet 7
(19): go to sink 1
(20): go to fridge 1
(21): go to toaster 1
(22): go to coffeemachine 1
(23): go to cabinet 8
(24): go to drawer 6
(25): go to drawer 7
(26): go to drawer 8
(27): go to sinkbasin 1
(28): go to shelf 1
(29): go to shelf 2
(30): go to countertop 3
(31): go to shelf 3
(32): go to drawer 9
(33): go to cabinet 9
(34): go to garbagecan 1
(35): put pan 1 in/on countertop 1
(36): examine countertop 1

**Answer**
Let's think step by step by following the instructions.
----------------------------------------

----------------------------------------

Original Response:
First, we need to identify all visible household objects relevant to the task "put a cool pan in sinkbasin." From the image, we can see a pan on the countertop, which is the object we need for the task. Now, according to the task hint, the agent must find the pan, pick it up, go to the fridge to cool it, and then put it in the sinkbasin.

Since the image shows the pan on countertop 1 and the task requires cooling the pan with the fridge before placing it in the sinkbasin, the most reasonable action would be to first go to the fridge to perform the cooling action. As per the initial observation, there is a fridge in the room, so the agent doesn't need to search for it.

Therefore, the answer is: (20): go to fridge 1.

----------------------------------------

----------------------------------------

>>> Refine Original VLM Response and Get Pure Action: No action

----------------------------------------

-----------------------------------------------------------------

Running time: 9.054111242294312 seconds

Total Money: 7.683180000000001

-----------------------------------------------------------------

-----------------------------------------------------------------

Text Observation:Nothing happens.

--------------------------------------------------------------------------------------------------------------------------task: 16---------------------------------------------------------
--------------------------------------------------------------------------------------------------------------------------------------------------------------------
--------------------------------------------------------------------------------------------------------------------------------------------------------------------
Step:--------------------------------------------------------------------------10-------------------------------------------------------------------------------
----------------------------------------
VLM Prompt:
Image1:
<image>
Image2:
<image>
**Instruction**
1. Analyze the provided image to identify all visible household objects, focusing on those relevant to the task description "put a cool pan in sinkbasin."
2. Use the analysis of the image and the task hint "The agent must find an object of the desired type, pick it up, go to a fridge, cool the object with the fridge, then find the correct location to place it, and put it down there. The agent does not need to use the fridge button or open the fridge to cool the object, and the agent just needs to do action that is "cool the object with the fridge"." to answer the question: what is the most reasonable action in the choices for the task description "put a cool pan in sinkbasin"?
4. Decide and write the answer using the template: The answer is: (i): <selected_action>, where i is the real number. If there is no desired object in the image, search every place based on **Initial Observation** to find the object. And if no one is exactly correct, choose a similar answer.

**Initial Observation**
You are in the middle of a room. Looking quickly around you, you can see cabinet (1-9), countertop (1-3), drawer (1-9), stoveburner (1-4), microwave (1), sink (1), fridge (1), toaster (1), coffeemachine (1), sinkbasin (1), shelf (1-3), garbagecan (1)

**Answer Choices**
(1): go to cabinet 1
(2): go to cabinet 2
(3): go to countertop 2
(4): go to drawer 1
(5): go to drawer 2
(6): go to drawer 3
(7): go to drawer 4
(8): go to stoveburner 1
(9): go to drawer 5
(10): go to stoveburner 2
(11): go to stoveburner 3
(12): go to stoveburner 4
(13): go to cabinet 3
(14): go to cabinet 4
(15): go to microwave 1
(16): go to cabinet 5
(17): go to cabinet 6
(18): go to cabinet 7
(19): go to sink 1
(20): go to fridge 1
(21): go to toaster 1
(22): go to coffeemachine 1
(23): go to cabinet 8
(24): go to drawer 6
(25): go to drawer 7
(26): go to drawer 8
(27): go to sinkbasin 1
(28): go to shelf 1
(29): go to shelf 2
(30): go to countertop 3
(31): go to shelf 3
(32): go to drawer 9
(33): go to cabinet 9
(34): go to garbagecan 1
(35): put pan 1 in/on countertop 1
(36): examine countertop 1

**Answer**
Let's think step by step by following the instructions.
----------------------------------------

----------------------------------------

Original Response:
First, we need to identify all visible household objects related to the task "put a cool pan in sinkbasin." In the image, we can see a pan (pan_1) on top of countertop 1, a shelf (shelf_1 and shelf_2) on the left, and a butter knife on countertop 1. 

According to the task hint, the agent must find a pan, pick it up, go to the fridge, cool the object with the fridge, then find the sinkbasin and put the pan in it. The image shows the pan, so the agent does not need to search for it in cabinets or drawers.

The most reasonable action from the choices is to first cool the pan with the fridge and then put it in the sinkbasin. However, none of the answer choices directly state "cool the pan with the fridge." The closest action related to the fridge is (20): go to fridge 1. Since the agent is already at countertop 1 and the pan is also there, the agent should first go to the fridge to cool the pan, and then proceed to put it in the sinkbasin.

The answer is: (20): go to fridge 1.

----------------------------------------

----------------------------------------

>>> Refine Original VLM Response and Get Pure Action: go to fridge 1

----------------------------------------

-----------------------------------------------------------------

Running time: 10.610124588012695 seconds

Total Money: 7.712840000000001

-----------------------------------------------------------------

-----------------------------------------------------------------

Text Observation:You arrive at loc 20. The fridge 1 is closed. 

--------------------------------------------------------------------------------------------------------------------------task: 16---------------------------------------------------------
--------------------------------------------------------------------------------------------------------------------------------------------------------------------
--------------------------------------------------------------------------------------------------------------------------------------------------------------------
Step:--------------------------------------------------------------------------11-------------------------------------------------------------------------------
----------------------------------------
VLM Prompt:
Image1:
<image>
Image2:
<image>
**Instruction**
1. Analyze the provided image to identify all visible household objects, focusing on those relevant to the task description "put a cool pan in sinkbasin."
2. Use the analysis of the image and the task hint "The agent must find an object of the desired type, pick it up, go to a fridge, cool the object with the fridge, then find the correct location to place it, and put it down there. The agent does not need to use the fridge button or open the fridge to cool the object, and the agent just needs to do action that is "cool the object with the fridge"." to answer the question: what is the most reasonable action in the choices for the task description "put a cool pan in sinkbasin"?
4. Decide and write the answer using the template: The answer is: (i): <selected_action>, where i is the real number. If there is no desired object in the image, search every place based on **Initial Observation** to find the object. And if no one is exactly correct, choose a similar answer.

**Initial Observation**
You are in the middle of a room. Looking quickly around you, you can see cabinet (1-9), countertop (1-3), drawer (1-9), stoveburner (1-4), microwave (1), sink (1), fridge (1), toaster (1), coffeemachine (1), sinkbasin (1), shelf (1-3), garbagecan (1)

**Answer Choices**
(1): go to cabinet 1
(2): go to countertop 1
(3): go to cabinet 2
(4): go to countertop 2
(5): go to drawer 1
(6): go to drawer 2
(7): go to drawer 3
(8): go to drawer 4
(9): go to stoveburner 1
(10): go to drawer 5
(11): go to stoveburner 2
(12): go to stoveburner 3
(13): go to stoveburner 4
(14): go to cabinet 3
(15): go to cabinet 4
(16): go to microwave 1
(17): go to cabinet 5
(18): go to cabinet 6
(19): go to cabinet 7
(20): go to sink 1
(21): go to toaster 1
(22): go to coffeemachine 1
(23): go to cabinet 8
(24): go to drawer 6
(25): go to drawer 7
(26): go to drawer 8
(27): go to sinkbasin 1
(28): go to shelf 1
(29): go to shelf 2
(30): go to countertop 3
(31): go to shelf 3
(32): go to drawer 9
(33): go to cabinet 9
(34): go to garbagecan 1
(35): open fridge 1
(36): close fridge 1
(37): put pan 1 in/on fridge 1
(38): cool pan 1 with fridge 1
(39): examine fridge 1

**Answer**
Let's think step by step by following the instructions.
----------------------------------------

----------------------------------------

Original Response:
The task is to put a cool pan in the sinkbasin. First, we need to identify if there is a pan visible in the provided images. Analyzing Image 1 and Image 2, we can see that there is a pan labeled as "pan_1" on the countertop.

Based on the task hint, we don't need to open the fridge or use the fridge button; we simply need to perform the action to cool the object with the fridge. Since the pan is already located on the countertop and no further interaction with the fridge is required other than the "cool" action, the most reasonable next step would be to cool the pan with the fridge and then proceed to place it in the sinkbasin.

The answer is: (38): cool pan 1 with fridge 1.

----------------------------------------

----------------------------------------

>>> Refine Original VLM Response and Get Pure Action: cool pan 1 with fridge 1

----------------------------------------

-----------------------------------------------------------------

Running time: 8.853737831115723 seconds

Total Money: 7.740220000000001

-----------------------------------------------------------------

-----------------------------------------------------------------

Text Observation:You cool the pan 1 using the fridge 1.

--------------------------------------------------------------------------------------------------------------------------task: 16---------------------------------------------------------
--------------------------------------------------------------------------------------------------------------------------------------------------------------------
--------------------------------------------------------------------------------------------------------------------------------------------------------------------
Step:--------------------------------------------------------------------------12-------------------------------------------------------------------------------
----------------------------------------
VLM Prompt:
Image1:
<image>
Image2:
<image>
**Instruction**
1. Analyze the provided image to identify all visible household objects, focusing on those relevant to the task description "put a cool pan in sinkbasin."
2. Use the analysis of the image and the task hint "The agent must find an object of the desired type, pick it up, go to a fridge, cool the object with the fridge, then find the correct location to place it, and put it down there. The agent does not need to use the fridge button or open the fridge to cool the object, and the agent just needs to do action that is "cool the object with the fridge"." to answer the question: what is the most reasonable action in the choices for the task description "put a cool pan in sinkbasin"?
4. Decide and write the answer using the template: The answer is: (i): <selected_action>, where i is the real number. If there is no desired object in the image, search every place based on **Initial Observation** to find the object. And if no one is exactly correct, choose a similar answer.

**Initial Observation**
You are in the middle of a room. Looking quickly around you, you can see cabinet (1-9), countertop (1-3), drawer (1-9), stoveburner (1-4), microwave (1), sink (1), fridge (1), toaster (1), coffeemachine (1), sinkbasin (1), shelf (1-3), garbagecan (1)

**Answer Choices**
(1): go to cabinet 1
(2): go to countertop 1
(3): go to cabinet 2
(4): go to countertop 2
(5): go to drawer 1
(6): go to drawer 2
(7): go to drawer 3
(8): go to drawer 4
(9): go to stoveburner 1
(10): go to drawer 5
(11): go to stoveburner 2
(12): go to stoveburner 3
(13): go to stoveburner 4
(14): go to cabinet 3
(15): go to cabinet 4
(16): go to microwave 1
(17): go to cabinet 5
(18): go to cabinet 6
(19): go to cabinet 7
(20): go to sink 1
(21): go to toaster 1
(22): go to coffeemachine 1
(23): go to cabinet 8
(24): go to drawer 6
(25): go to drawer 7
(26): go to drawer 8
(27): go to sinkbasin 1
(28): go to shelf 1
(29): go to shelf 2
(30): go to countertop 3
(31): go to shelf 3
(32): go to drawer 9
(33): go to cabinet 9
(34): go to garbagecan 1
(35): open fridge 1
(36): close fridge 1
(37): put pan 1 in/on fridge 1
(38): examine pan 1
(39): examine fridge 1

**Answer**
Let's think step by step by following the instructions.
----------------------------------------

----------------------------------------

Original Response:
The task requires the agent to find a pan, cool it with the fridge, and then put it in the sinkbasin. From the initial observation, we know there's a fridge and a sinkbasin in the room. 

In Image 1 and Image 2, we can see a pan labeled as "pan 1" and a spoon labeled as "spoon 1." According to the task hint, the agent does not need to use the fridge button or open the fridge to cool the object. So, the agent just needs to perform an action that is "cool the object with the fridge."

Since the pan is already visible in the images and assuming it is not already cool, the next reasonable action would be to cool the pan with the fridge. However, the provided answer choices do not include an action that directly states "cool pan 1 with fridge 1." The closest action to what is described in the task hint is to put pan 1 in/on fridge 1, which is option (37). 

Therefore, the most reasonable action to choose for the task description "put a cool pan in sinkbasin" is to first cool the pan with the fridge, and the action that represents this step is (37): put pan 1 in/on fridge 1. Afterward, the agent would need to go to the sinkbasin to complete the task, but this action is not listed in the choices provided.

The answer is: (37): put pan 1 in/on fridge 1.

----------------------------------------

----------------------------------------

>>> Refine Original VLM Response and Get Pure Action: put pan 1 in/on fridge 1

----------------------------------------

-----------------------------------------------------------------

Running time: 16.325770378112793 seconds

Total Money: 7.77188

-----------------------------------------------------------------

-----------------------------------------------------------------

Text Observation:Nothing happens.

--------------------------------------------------------------------------------------------------------------------------task: 16---------------------------------------------------------
--------------------------------------------------------------------------------------------------------------------------------------------------------------------
--------------------------------------------------------------------------------------------------------------------------------------------------------------------
Step:--------------------------------------------------------------------------13-------------------------------------------------------------------------------
----------------------------------------
VLM Prompt:
Image1:
<image>
Image2:
<image>
**Instruction**
1. Analyze the provided image to identify all visible household objects, focusing on those relevant to the task description "put a cool pan in sinkbasin."
2. Use the analysis of the image and the task hint "The agent must find an object of the desired type, pick it up, go to a fridge, cool the object with the fridge, then find the correct location to place it, and put it down there. The agent does not need to use the fridge button or open the fridge to cool the object, and the agent just needs to do action that is "cool the object with the fridge"." to answer the question: what is the most reasonable action in the choices for the task description "put a cool pan in sinkbasin"?
4. Decide and write the answer using the template: The answer is: (i): <selected_action>, where i is the real number. If there is no desired object in the image, search every place based on **Initial Observation** to find the object. And if no one is exactly correct, choose a similar answer.

**Initial Observation**
You are in the middle of a room. Looking quickly around you, you can see cabinet (1-9), countertop (1-3), drawer (1-9), stoveburner (1-4), microwave (1), sink (1), fridge (1), toaster (1), coffeemachine (1), sinkbasin (1), shelf (1-3), garbagecan (1)

**Answer Choices**
(1): go to cabinet 1
(2): go to countertop 1
(3): go to cabinet 2
(4): go to countertop 2
(5): go to drawer 1
(6): go to drawer 2
(7): go to drawer 3
(8): go to drawer 4
(9): go to stoveburner 1
(10): go to drawer 5
(11): go to stoveburner 2
(12): go to stoveburner 3
(13): go to stoveburner 4
(14): go to cabinet 3
(15): go to cabinet 4
(16): go to microwave 1
(17): go to cabinet 5
(18): go to cabinet 6
(19): go to cabinet 7
(20): go to sink 1
(21): go to toaster 1
(22): go to coffeemachine 1
(23): go to cabinet 8
(24): go to drawer 6
(25): go to drawer 7
(26): go to drawer 8
(27): go to sinkbasin 1
(28): go to shelf 1
(29): go to shelf 2
(30): go to countertop 3
(31): go to shelf 3
(32): go to drawer 9
(33): go to cabinet 9
(34): go to garbagecan 1
(35): open fridge 1
(36): close fridge 1
(37): examine pan 1
(38): examine fridge 1

**Answer**
Let's think step by step by following the instructions.
----------------------------------------

----------------------------------------

Original Response:
The task description is "put a cool pan in sinkbasin." To accomplish this, the agent must first locate a pan, then cool it with the fridge, and finally place it in the sinkbasin.

From the provided image, we can see a pan labeled "pan 1" on the countertop. Therefore, the agent does not need to search for a pan in cabinets or drawers since it is already visible in the image.

According to the task hint, the agent does not need to use the fridge button or open the fridge to cool the object. The action to be performed is "cool the object with the fridge." So, the agent needs to go to the fridge to cool the pan.

After cooling the pan, the agent must find the sinkbasin to place the cooled pan in it. From the initial observation, we know there is a sinkbasin (1) in the room.

The most reasonable action from the choices provided, considering the task of cooling the pan and then putting it in the sinkbasin, would be to first cool the pan with the fridge and then go to the sinkbasin. Since the image already shows the pan, and there's no action to "cool the pan with the fridge" explicitly mentioned, the next logical step is to go to the sinkbasin to complete the task.

The answer is: (27): go to sinkbasin 1.

----------------------------------------

----------------------------------------

>>> Refine Original VLM Response and Get Pure Action: go to sinkbasin 1

----------------------------------------

-----------------------------------------------------------------

Running time: 22.662824153900146 seconds

Total Money: 7.802720000000001

-----------------------------------------------------------------

-----------------------------------------------------------------

Text Observation:You arrive at loc 27. On the sinkbasin 1, you see a spoon 1, a vase 2, a faucet 1, and a knife 1.

--------------------------------------------------------------------------------------------------------------------------task: 16---------------------------------------------------------
--------------------------------------------------------------------------------------------------------------------------------------------------------------------
--------------------------------------------------------------------------------------------------------------------------------------------------------------------
Step:--------------------------------------------------------------------------14-------------------------------------------------------------------------------
----------------------------------------
VLM Prompt:
Image1:
<image>
Image2:
<image>
**Instruction**
1. Analyze the provided image to identify all visible household objects, focusing on those relevant to the task description "put a cool pan in sinkbasin."
2. Use the analysis of the image and the task hint "The agent must find an object of the desired type, pick it up, go to a fridge, cool the object with the fridge, then find the correct location to place it, and put it down there. The agent does not need to use the fridge button or open the fridge to cool the object, and the agent just needs to do action that is "cool the object with the fridge"." to answer the question: what is the most reasonable action in the choices for the task description "put a cool pan in sinkbasin"?
4. Decide and write the answer using the template: The answer is: (i): <selected_action>, where i is the real number. If there is no desired object in the image, search every place based on **Initial Observation** to find the object. And if no one is exactly correct, choose a similar answer.

**Initial Observation**
You are in the middle of a room. Looking quickly around you, you can see cabinet (1-9), countertop (1-3), drawer (1-9), stoveburner (1-4), microwave (1), sink (1), fridge (1), toaster (1), coffeemachine (1), sinkbasin (1), shelf (1-3), garbagecan (1)

**Answer Choices**
(1): go to cabinet 1
(2): go to countertop 1
(3): go to cabinet 2
(4): go to countertop 2
(5): go to drawer 1
(6): go to drawer 2
(7): go to drawer 3
(8): go to drawer 4
(9): go to stoveburner 1
(10): go to drawer 5
(11): go to stoveburner 2
(12): go to stoveburner 3
(13): go to stoveburner 4
(14): go to cabinet 3
(15): go to cabinet 4
(16): go to microwave 1
(17): go to cabinet 5
(18): go to cabinet 6
(19): go to cabinet 7
(20): go to sink 1
(21): go to fridge 1
(22): go to toaster 1
(23): go to coffeemachine 1
(24): go to cabinet 8
(25): go to drawer 6
(26): go to drawer 7
(27): go to drawer 8
(28): go to shelf 1
(29): go to shelf 2
(30): go to countertop 3
(31): go to shelf 3
(32): go to drawer 9
(33): go to cabinet 9
(34): go to garbagecan 1
(35): put pan 1 in/on sinkbasin 1
(36): clean pan 1 with sink 1
(37): clean pan 1 with sinkbasin 1
(38): examine pan 1
(39): examine sinkbasin 1

**Answer**
Let's think step by step by following the instructions.
----------------------------------------

----------------------------------------

Original Response:
The task is to "put a cool pan in sinkbasin." From the images provided, we can see a pan (pan 1) located on the countertop in both images, which indicates that the pan is already available and doesn't need to be searched for in cabinets or drawers.

According to the task hint, the agent must find the pan, cool it with the fridge, and then place it in the sinkbasin. The images do not show the fridge, but we know from the initial observation that there is a fridge (fridge 1) in the room. The agent does not need to perform any actions with the fridge button or open the fridge; it just needs to "cool the object with the fridge."

Given that the pan is already visible and we know the location of the fridge and sinkbasin, the most reasonable next action for the agent to take would be to cool the pan with the fridge and then put it in the sinkbasin.

The answer is: (35): put pan 1 in/on sinkbasin 1.

----------------------------------------

----------------------------------------

>>> Refine Original VLM Response and Get Pure Action: put pan 1 in/on sinkbasin 1

----------------------------------------

-----------------------------------------------------------------

Running time: 9.533481359481812 seconds

Total Money: 7.831710000000001

-----------------------------------------------------------------

-----------------------------------------------------------------

Text Observation:You put the pan 1 in/on the sinkbasin 1.

-----------------------------------------------------------------