---------------------------------------------------------task: 24---------------------------------------------------------
--------------------------------------------------------------------------------------------------------------------------------------------------------------------
--------------------------------------------------------------------------------------------------------------------------------------------------------------------
Step:--------------------------------------------------------------------------0-------------------------------------------------------------------------------
----------------------------------------
VLM Prompt:
Image1:
<image>
**Instruction**
1. Analyze the provided image to identify all visible household objects, focusing on those relevant to the task description "heat some tomato and put it in fridge."
2. Use the analysis of the image and the task hint "The agent must find an object of the desired type, pick it up, go to a microwave, heat the object with the microwave, then find the correct location to place it, and put it down there. The agent does not need to use the microwave button or open the microwave to heat the object, and the agent just needs to do action that is "heat the object with the microwave"." to answer the question: what is the most reasonable action in the choices for the task description "heat some tomato and put it in fridge"?
4. Decide and write the answer using the template: The answer is: (i): <selected_action>, where i is the real number. If there is no desired object in the image, search every place based on **Initial Observation** to find the object. And if no one is exactly correct, choose a similar answer.

**Initial Observation**
You are in the middle of a room. Looking quickly around you, you can see cabinet (1-14), countertop (1-2), microwave (1), drawer (1-5), sink (1), sinkbasin (1), coffeemachine (1), stoveburner (1-4), toaster (1), fridge (1), diningtable (1), garbagecan (1), safe (1)

**Answer Choices**
(1): go to cabinet 1
(2): go to cabinet 2
(3): go to cabinet 3
(4): go to countertop 1
(5): go to cabinet 4
(6): go to cabinet 5
(7): go to microwave 1
(8): go to cabinet 6
(9): go to drawer 1
(10): go to drawer 2
(11): go to drawer 3
(12): go to cabinet 7
(13): go to cabinet 8
(14): go to sink 1
(15): go to sinkbasin 1
(16): go to coffeemachine 1
(17): go to cabinet 9
(18): go to cabinet 10
(19): go to drawer 4
(20): go to cabinet 11
(21): go to stoveburner 1
(22): go to stoveburner 2
(23): go to stoveburner 3
(24): go to stoveburner 4
(25): go to cabinet 12
(26): go to toaster 1
(27): go to drawer 5
(28): go to countertop 2
(29): go to fridge 1
(30): go to cabinet 13
(31): go to cabinet 14
(32): go to diningtable 1
(33): go to garbagecan 1
(34): go to safe 1

**Answer**
Let's think step by step by following the instructions.
----------------------------------------

----------------------------------------

Original Response:
Firstly, the task is to heat some tomato and put it in the fridge. As per the Initial Observation, there's no mention of tomato being visible. Therefore, the agent must search for the tomato. Considering the common storage locations for tomatoes in a household, they are likely to be found in a cabinet or a fridge.

After finding the tomato, the agent must go to the microwave to heat it as per the task hint. Since the microwave (1) is mentioned in the Initial Observation, we know its location.

Finally, after heating the tomato, the agent must put it in the fridge (1), which is also mentioned in the Initial Observation.

Given these steps, the most reasonable actions from the choices would be to first find the tomato in the cabinets or fridge, then go to the microwave to heat it, and finally put it in the fridge. Since the image does not show tomatoes, we will rely on the Initial Observation. Cabinets and the fridge are the most likely places to find tomatoes.

Therefore, the most reasonable actions are:
- To find the tomato: (1): go to cabinet 1, (2): go to cabinet 2, (3): go to cabinet 3, (5): go to cabinet 4, (6): go to cabinet 5, (8): go to cabinet 6, (12): go to cabinet 7, (13): go to cabinet 8, (17): go to cabinet 9, (18): go to cabinet 10, (20): go to cabinet 11, (25): go to cabinet 12, (30): go to cabinet 13, (31): go to cabinet 14, or (29): go to fridge 1.
- To heat the tomato: (7): go to microwave 1.
- To put the heated tomato in the fridge: (29): go to fridge 1.

Since we need to choose the most reasonable action for the entire task, we will select the action that involves the microwave, as it is a definite step in the task after finding the tomato.

The answer is: (7): go to microwave 1.

----------------------------------------

----------------------------------------

>>> Refine Original VLM Response and Get Pure Action: go to microwave 1

----------------------------------------

-----------------------------------------------------------------

Running time: 14.341533184051514 seconds

Total Money: 8.485540000000006

-----------------------------------------------------------------

-----------------------------------------------------------------

Text Observation:You arrive at loc 6. The microwave 1 is closed. 

--------------------------------------------------------------------------------------------------------------------------task: 24---------------------------------------------------------
--------------------------------------------------------------------------------------------------------------------------------------------------------------------
--------------------------------------------------------------------------------------------------------------------------------------------------------------------
Step:--------------------------------------------------------------------------1-------------------------------------------------------------------------------
----------------------------------------
VLM Prompt:
Image1:
<image>
**Instruction**
1. Analyze the provided image to identify all visible household objects, focusing on those relevant to the task description "heat some tomato and put it in fridge."
2. Use the analysis of the image and the task hint "The agent must find an object of the desired type, pick it up, go to a microwave, heat the object with the microwave, then find the correct location to place it, and put it down there. The agent does not need to use the microwave button or open the microwave to heat the object, and the agent just needs to do action that is "heat the object with the microwave"." to answer the question: what is the most reasonable action in the choices for the task description "heat some tomato and put it in fridge"?
4. Decide and write the answer using the template: The answer is: (i): <selected_action>, where i is the real number. If there is no desired object in the image, search every place based on **Initial Observation** to find the object. And if no one is exactly correct, choose a similar answer.

**Initial Observation**
You are in the middle of a room. Looking quickly around you, you can see cabinet (1-14), countertop (1-2), microwave (1), drawer (1-5), sink (1), sinkbasin (1), coffeemachine (1), stoveburner (1-4), toaster (1), fridge (1), diningtable (1), garbagecan (1), safe (1)

**Answer Choices**
(1): go to cabinet 1
(2): go to cabinet 2
(3): go to cabinet 3
(4): go to countertop 1
(5): go to cabinet 4
(6): go to cabinet 5
(7): go to cabinet 6
(8): go to drawer 1
(9): go to drawer 2
(10): go to drawer 3
(11): go to cabinet 7
(12): go to cabinet 8
(13): go to sink 1
(14): go to sinkbasin 1
(15): go to coffeemachine 1
(16): go to cabinet 9
(17): go to cabinet 10
(18): go to drawer 4
(19): go to cabinet 11
(20): go to stoveburner 1
(21): go to stoveburner 2
(22): go to stoveburner 3
(23): go to stoveburner 4
(24): go to cabinet 12
(25): go to toaster 1
(26): go to drawer 5
(27): go to countertop 2
(28): go to fridge 1
(29): go to cabinet 13
(30): go to cabinet 14
(31): go to diningtable 1
(32): go to garbagecan 1
(33): go to safe 1
(34): open microwave 1
(35): close microwave 1
(36): examine microwave 1

**Answer**
Let's think step by step by following the instructions.
----------------------------------------

----------------------------------------

Original Response:
First, we need to find a tomato, which is most likely stored in a cabinet or a fridge. The image shows cabinet 1 and cabinet 2, and since neither is open, we cannot directly confirm if there's a tomato inside. However, based on the Initial Observation, we know there is also a fridge present in the room.

The task requires us to heat the tomato, and since the microwave is visible in the image, we don't need to search for it. The instructions state that we don't need to use the microwave button or open the microwave to heat the object, so we can skip those actions.

After heating the tomato, we need to put it in the fridge. Since the fridge is not visible in the image, we need to find it based on the Initial Observation.

Given these considerations, the most reasonable actions to perform in sequence would be:
1. Find the tomato (either in a cabinet or the fridge).
2. Heat the tomato with the microwave.
3. Put the heated tomato in the fridge.

Looking at the answer choices, the first step should be to go to a location where tomatoes might be stored, which could be either a cabinet or the fridge. Since "go to fridge 1" is an option and it is a likely place to find a tomato, we will select that action.

The answer is: (28): go to fridge 1.

----------------------------------------

----------------------------------------

>>> Refine Original VLM Response and Get Pure Action: go to fridge 1

----------------------------------------

-----------------------------------------------------------------

Running time: 17.239140033721924 seconds

Total Money: 8.508430000000006

-----------------------------------------------------------------

-----------------------------------------------------------------

Text Observation:You arrive at loc 28. The fridge 1 is closed. 

--------------------------------------------------------------------------------------------------------------------------task: 24---------------------------------------------------------
--------------------------------------------------------------------------------------------------------------------------------------------------------------------
--------------------------------------------------------------------------------------------------------------------------------------------------------------------
Step:--------------------------------------------------------------------------2-------------------------------------------------------------------------------
----------------------------------------
VLM Prompt:
Image1:
<image>
**Instruction**
1. Analyze the provided image to identify all visible household objects, focusing on those relevant to the task description "heat some tomato and put it in fridge."
2. Use the analysis of the image and the task hint "The agent must find an object of the desired type, pick it up, go to a microwave, heat the object with the microwave, then find the correct location to place it, and put it down there. The agent does not need to use the microwave button or open the microwave to heat the object, and the agent just needs to do action that is "heat the object with the microwave"." to answer the question: what is the most reasonable action in the choices for the task description "heat some tomato and put it in fridge"?
4. Decide and write the answer using the template: The answer is: (i): <selected_action>, where i is the real number. If there is no desired object in the image, search every place based on **Initial Observation** to find the object. And if no one is exactly correct, choose a similar answer.

**Initial Observation**
You are in the middle of a room. Looking quickly around you, you can see cabinet (1-14), countertop (1-2), microwave (1), drawer (1-5), sink (1), sinkbasin (1), coffeemachine (1), stoveburner (1-4), toaster (1), fridge (1), diningtable (1), garbagecan (1), safe (1)

**Answer Choices**
(1): go to cabinet 1
(2): go to cabinet 2
(3): go to cabinet 3
(4): go to countertop 1
(5): go to cabinet 4
(6): go to cabinet 5
(7): go to cabinet 6
(8): go to drawer 1
(9): go to drawer 2
(10): go to drawer 3
(11): go to cabinet 7
(12): go to cabinet 8
(13): go to sink 1
(14): go to sinkbasin 1
(15): go to coffeemachine 1
(16): go to cabinet 9
(17): go to cabinet 10
(18): go to drawer 4
(19): go to cabinet 11
(20): go to stoveburner 1
(21): go to stoveburner 2
(22): go to stoveburner 3
(23): go to stoveburner 4
(24): go to cabinet 12
(25): go to toaster 1
(26): go to drawer 5
(27): go to countertop 2
(28): go to cabinet 13
(29): go to cabinet 14
(30): go to diningtable 1
(31): go to garbagecan 1
(32): go to safe 1
(33): open fridge 1
(34): close fridge 1
(35): examine fridge 1

**Answer**
Let's think step by step by following the instructions.
----------------------------------------

----------------------------------------

Original Response:
The task requires us to heat some tomato and put it in the fridge. From the image provided, we do not see any tomatoes or a microwave. Therefore, we need to search for these items based on the initial observation.

Firstly, we need to find the tomato, which is likely to be stored in the fridge or a cabinet. Since we are focusing on the task of heating and then placing the tomato back, we should first check the fridge.

The answer is: (33): open fridge 1.

----------------------------------------

----------------------------------------

>>> Refine Original VLM Response and Get Pure Action: open fridge 1

----------------------------------------

-----------------------------------------------------------------

Running time: 7.723170757293701 seconds

Total Money: 8.525860000000005

-----------------------------------------------------------------

-----------------------------------------------------------------

Text Observation:You open the fridge 1. The fridge 1 is open. In it, you see a cup 1, a apple 1, and a egg 1.

--------------------------------------------------------------------------------------------------------------------------task: 24---------------------------------------------------------
--------------------------------------------------------------------------------------------------------------------------------------------------------------------
--------------------------------------------------------------------------------------------------------------------------------------------------------------------
Step:--------------------------------------------------------------------------3-------------------------------------------------------------------------------
----------------------------------------
VLM Prompt:
Image1:
<image>
**Instruction**
1. Analyze the provided image to identify all visible household objects, focusing on those relevant to the task description "heat some tomato and put it in fridge."
2. Use the analysis of the image and the task hint "The agent must find an object of the desired type, pick it up, go to a microwave, heat the object with the microwave, then find the correct location to place it, and put it down there. The agent does not need to use the microwave button or open the microwave to heat the object, and the agent just needs to do action that is "heat the object with the microwave"." to answer the question: what is the most reasonable action in the choices for the task description "heat some tomato and put it in fridge"?
4. Decide and write the answer using the template: The answer is: (i): <selected_action>, where i is the real number. If there is no desired object in the image, search every place based on **Initial Observation** to find the object. And if no one is exactly correct, choose a similar answer.

**Initial Observation**
You are in the middle of a room. Looking quickly around you, you can see cabinet (1-14), countertop (1-2), microwave (1), drawer (1-5), sink (1), sinkbasin (1), coffeemachine (1), stoveburner (1-4), toaster (1), fridge (1), diningtable (1), garbagecan (1), safe (1)

**Answer Choices**
(1): go to cabinet 1
(2): go to cabinet 2
(3): go to cabinet 3
(4): go to countertop 1
(5): go to cabinet 4
(6): go to cabinet 5
(7): go to cabinet 6
(8): go to drawer 1
(9): go to drawer 2
(10): go to drawer 3
(11): go to cabinet 7
(12): go to cabinet 8
(13): go to sink 1
(14): go to sinkbasin 1
(15): go to coffeemachine 1
(16): go to cabinet 9
(17): go to cabinet 10
(18): go to drawer 4
(19): go to cabinet 11
(20): go to stoveburner 1
(21): go to stoveburner 2
(22): go to stoveburner 3
(23): go to stoveburner 4
(24): go to cabinet 12
(25): go to toaster 1
(26): go to drawer 5
(27): go to countertop 2
(28): go to cabinet 13
(29): go to cabinet 14
(30): go to diningtable 1
(31): go to garbagecan 1
(32): go to safe 1
(33): close fridge 1
(34): take cup 1 from fridge 1
(35): take apple 1 from fridge 1
(36): take egg 1 from fridge 1
(37): examine fridge 1

**Answer**
Let's think step by step by following the instructions.
----------------------------------------

----------------------------------------

Original Response:
First, we identify the objects in the image. We see "egg 1," "apple 1," and "cup 1" inside "fridge 1." However, there is no tomato visible in the image, which is the object we need to heat according to the task description. 

Since there is no tomato in the fridge based on the image and the task requires heating a tomato, the next step would be to search for a tomato in the locations listed in the "Initial Observation." Since cabinets are common places where food items like tomatoes might be stored, it is reasonable to check the cabinets first.

Therefore, the most reasonable action from the choices provided would be to go to the nearest cabinet to search for a tomato. 

The answer is: (1): go to cabinet 1

----------------------------------------

----------------------------------------

>>> Refine Original VLM Response and Get Pure Action: go to cabinet 1

----------------------------------------

-----------------------------------------------------------------

Running time: 11.053027868270874 seconds

Total Money: 8.545310000000006

-----------------------------------------------------------------

-----------------------------------------------------------------

Text Observation:You arrive at loc 0. The cabinet 1 is closed. 

--------------------------------------------------------------------------------------------------------------------------task: 24---------------------------------------------------------
--------------------------------------------------------------------------------------------------------------------------------------------------------------------
--------------------------------------------------------------------------------------------------------------------------------------------------------------------
Step:--------------------------------------------------------------------------4-------------------------------------------------------------------------------
----------------------------------------
VLM Prompt:
Image1:
<image>
**Instruction**
1. Analyze the provided image to identify all visible household objects, focusing on those relevant to the task description "heat some tomato and put it in fridge."
2. Use the analysis of the image and the task hint "The agent must find an object of the desired type, pick it up, go to a microwave, heat the object with the microwave, then find the correct location to place it, and put it down there. The agent does not need to use the microwave button or open the microwave to heat the object, and the agent just needs to do action that is "heat the object with the microwave"." to answer the question: what is the most reasonable action in the choices for the task description "heat some tomato and put it in fridge"?
4. Decide and write the answer using the template: The answer is: (i): <selected_action>, where i is the real number. If there is no desired object in the image, search every place based on **Initial Observation** to find the object. And if no one is exactly correct, choose a similar answer.

**Initial Observation**
You are in the middle of a room. Looking quickly around you, you can see cabinet (1-14), countertop (1-2), microwave (1), drawer (1-5), sink (1), sinkbasin (1), coffeemachine (1), stoveburner (1-4), toaster (1), fridge (1), diningtable (1), garbagecan (1), safe (1)

**Answer Choices**
(1): go to cabinet 2
(2): go to cabinet 3
(3): go to countertop 1
(4): go to cabinet 4
(5): go to cabinet 5
(6): go to microwave 1
(7): go to cabinet 6
(8): go to drawer 1
(9): go to drawer 2
(10): go to drawer 3
(11): go to cabinet 7
(12): go to cabinet 8
(13): go to sink 1
(14): go to sinkbasin 1
(15): go to coffeemachine 1
(16): go to cabinet 9
(17): go to cabinet 10
(18): go to drawer 4
(19): go to cabinet 11
(20): go to stoveburner 1
(21): go to stoveburner 2
(22): go to stoveburner 3
(23): go to stoveburner 4
(24): go to cabinet 12
(25): go to toaster 1
(26): go to drawer 5
(27): go to countertop 2
(28): go to cabinet 13
(29): go to cabinet 14
(30): go to diningtable 1
(31): go to garbagecan 1
(32): go to safe 1
(33): open cabinet 1
(34): close cabinet 1
(35): examine cabinet 1

**Answer**
Let's think step by step by following the instructions.
----------------------------------------

----------------------------------------

Original Response:
First, we need to find a tomato, which is likely to be stored in a cabinet or fridge. The image provided shows cabinet 1, cabinet 2, and cabinet 8, but there is no clear indication of where the tomato might be. Hence, we should search the cabinets based on the initial observation.

Looking at the initial observation, the most reasonable place to start searching for a tomato would be the cabinets in the kitchen, as tomatoes are typically stored in a pantry or refrigerator before they are used.

The answer is: (1): go to cabinet 2.

----------------------------------------

----------------------------------------

>>> Refine Original VLM Response and Get Pure Action: go to cabinet 2

----------------------------------------

-----------------------------------------------------------------

Running time: 5.560330152511597 seconds

Total Money: 8.563130000000006

-----------------------------------------------------------------

-----------------------------------------------------------------

Text Observation:You arrive at loc 1. The cabinet 2 is closed. 

--------------------------------------------------------------------------------------------------------------------------task: 24---------------------------------------------------------
--------------------------------------------------------------------------------------------------------------------------------------------------------------------
--------------------------------------------------------------------------------------------------------------------------------------------------------------------
Step:--------------------------------------------------------------------------5-------------------------------------------------------------------------------
----------------------------------------
VLM Prompt:
Image1:
<image>
**Instruction**
1. Analyze the provided image to identify all visible household objects, focusing on those relevant to the task description "heat some tomato and put it in fridge."
2. Use the analysis of the image and the task hint "The agent must find an object of the desired type, pick it up, go to a microwave, heat the object with the microwave, then find the correct location to place it, and put it down there. The agent does not need to use the microwave button or open the microwave to heat the object, and the agent just needs to do action that is "heat the object with the microwave"." to answer the question: what is the most reasonable action in the choices for the task description "heat some tomato and put it in fridge"?
4. Decide and write the answer using the template: The answer is: (i): <selected_action>, where i is the real number. If there is no desired object in the image, search every place based on **Initial Observation** to find the object. And if no one is exactly correct, choose a similar answer.

**Initial Observation**
You are in the middle of a room. Looking quickly around you, you can see cabinet (1-14), countertop (1-2), microwave (1), drawer (1-5), sink (1), sinkbasin (1), coffeemachine (1), stoveburner (1-4), toaster (1), fridge (1), diningtable (1), garbagecan (1), safe (1)

**Answer Choices**
(1): go to cabinet 3
(2): go to countertop 1
(3): go to cabinet 4
(4): go to cabinet 5
(5): go to microwave 1
(6): go to cabinet 6
(7): go to drawer 1
(8): go to drawer 2
(9): go to drawer 3
(10): go to cabinet 7
(11): go to cabinet 8
(12): go to sink 1
(13): go to sinkbasin 1
(14): go to coffeemachine 1
(15): go to cabinet 9
(16): go to cabinet 10
(17): go to drawer 4
(18): go to cabinet 11
(19): go to stoveburner 1
(20): go to stoveburner 2
(21): go to stoveburner 3
(22): go to stoveburner 4
(23): go to cabinet 12
(24): go to toaster 1
(25): go to drawer 5
(26): go to countertop 2
(27): go to fridge 1
(28): go to cabinet 13
(29): go to cabinet 14
(30): go to diningtable 1
(31): go to garbagecan 1
(32): go to safe 1
(33): open cabinet 2
(34): close cabinet 2
(35): examine cabinet 2

**Answer**
Let's think step by step by following the instructions.
----------------------------------------

----------------------------------------

Original Response:
First, we need to find the tomato. It is not visible in the provided image, so we must search every place based on the Initial Observation. Cabinets are common storage places for food items, so it would be reasonable to check the cabinets first.

Since we don't have any specific information about which cabinet might contain the tomato, we should start with the closest one and work our way around. Cabinet 3 is mentioned before cabinet 4 in the answer choices, so we can assume it is closer based on the order given.

After finding the tomato, the next step would be to heat it with the microwave. Since we do not need to use the microwave button or open the microwave, the action of going to the microwave is sufficient for this task.

Finally, we need to put the heated tomato in the fridge. The action of going to the fridge would be the last step.

Based on this analysis, the most reasonable actions in sequence would be:
- Go to cabinet 3 to search for the tomato.
- Go to microwave 1 to heat the tomato.
- Go to fridge 1 to put the heated tomato inside.

However, since we can only choose one action, we should select the first logical step, which is to find the tomato. Therefore, the answer is:
The answer is: (1): go to cabinet 3.

----------------------------------------

----------------------------------------

>>> Refine Original VLM Response and Get Pure Action: go to cabinet 3

----------------------------------------

-----------------------------------------------------------------

Running time: 15.008368968963623 seconds

Total Money: 8.585600000000007

-----------------------------------------------------------------

-----------------------------------------------------------------

Text Observation:You arrive at loc 2. The cabinet 3 is closed. 

--------------------------------------------------------------------------------------------------------------------------task: 24---------------------------------------------------------
--------------------------------------------------------------------------------------------------------------------------------------------------------------------
--------------------------------------------------------------------------------------------------------------------------------------------------------------------
Step:--------------------------------------------------------------------------6-------------------------------------------------------------------------------
----------------------------------------
VLM Prompt:
Image1:
<image>
**Instruction**
1. Analyze the provided image to identify all visible household objects, focusing on those relevant to the task description "heat some tomato and put it in fridge."
2. Use the analysis of the image and the task hint "The agent must find an object of the desired type, pick it up, go to a microwave, heat the object with the microwave, then find the correct location to place it, and put it down there. The agent does not need to use the microwave button or open the microwave to heat the object, and the agent just needs to do action that is "heat the object with the microwave"." to answer the question: what is the most reasonable action in the choices for the task description "heat some tomato and put it in fridge"?
4. Decide and write the answer using the template: The answer is: (i): <selected_action>, where i is the real number. If there is no desired object in the image, search every place based on **Initial Observation** to find the object. And if no one is exactly correct, choose a similar answer.

**Initial Observation**
You are in the middle of a room. Looking quickly around you, you can see cabinet (1-14), countertop (1-2), microwave (1), drawer (1-5), sink (1), sinkbasin (1), coffeemachine (1), stoveburner (1-4), toaster (1), fridge (1), diningtable (1), garbagecan (1), safe (1)

**Answer Choices**
(1): go to countertop 1
(2): go to cabinet 4
(3): go to cabinet 5
(4): go to microwave 1
(5): go to cabinet 6
(6): go to drawer 1
(7): go to drawer 2
(8): go to drawer 3
(9): go to cabinet 7
(10): go to cabinet 8
(11): go to sink 1
(12): go to sinkbasin 1
(13): go to coffeemachine 1
(14): go to cabinet 9
(15): go to cabinet 10
(16): go to drawer 4
(17): go to cabinet 11
(18): go to stoveburner 1
(19): go to stoveburner 2
(20): go to stoveburner 3
(21): go to stoveburner 4
(22): go to cabinet 12
(23): go to toaster 1
(24): go to drawer 5
(25): go to countertop 2
(26): go to fridge 1
(27): go to cabinet 13
(28): go to cabinet 14
(29): go to diningtable 1
(30): go to garbagecan 1
(31): go to safe 1
(32): open cabinet 3
(33): close cabinet 3
(34): examine cabinet 3

**Answer**
Let's think step by step by following the instructions.
----------------------------------------

----------------------------------------

Original Response:
First, we need to find a tomato, which is not visible in the provided image. So, we will search every place based on the **Initial Observation**. The most likely places to find a tomato would be in the cabinets or the fridge. Since cabinets are usually used for storing non-perishable items and the fridge for perishable items, it is more likely that a tomato would be stored in the fridge.

Next, we need to heat the tomato, so we will need to go to the microwave.

Lastly, we need to put the heated tomato in the fridge.

Based on the **Initial Observation** and the task description, the most reasonable actions in order would be:
1. Go to the fridge to get the tomato.
2. Go to the microwave to heat the tomato.
3. Go back to the fridge to put the heated tomato inside.

Since the provided actions do not include picking up or heating the tomato, we will choose the actions that correspond to the locations we need to go to in the correct order. Therefore:

The answer is: (26): go to fridge 1, then (4): go to microwave 1, and lastly again (26): go to fridge 1.

----------------------------------------

----------------------------------------

>>> Refine Original VLM Response and Get Pure Action: go to fridge 1, then (4): go to microwave 1, and lastly again (26): go to fridge 1

----------------------------------------

-----------------------------------------------------------------

Running time: 11.667818546295166 seconds

Total Money: 8.607200000000006

-----------------------------------------------------------------

-----------------------------------------------------------------

Text Observation:Nothing happens.

--------------------------------------------------------------------------------------------------------------------------task: 24---------------------------------------------------------
--------------------------------------------------------------------------------------------------------------------------------------------------------------------
--------------------------------------------------------------------------------------------------------------------------------------------------------------------
Step:--------------------------------------------------------------------------7-------------------------------------------------------------------------------
----------------------------------------
VLM Prompt:
Image1:
<image>
**Instruction**
1. Analyze the provided image to identify all visible household objects, focusing on those relevant to the task description "heat some tomato and put it in fridge."
2. Use the analysis of the image and the task hint "The agent must find an object of the desired type, pick it up, go to a microwave, heat the object with the microwave, then find the correct location to place it, and put it down there. The agent does not need to use the microwave button or open the microwave to heat the object, and the agent just needs to do action that is "heat the object with the microwave"." to answer the question: what is the most reasonable action in the choices for the task description "heat some tomato and put it in fridge"?
4. Decide and write the answer using the template: The answer is: (i): <selected_action>, where i is the real number. If there is no desired object in the image, search every place based on **Initial Observation** to find the object. And if no one is exactly correct, choose a similar answer.

**Initial Observation**
You are in the middle of a room. Looking quickly around you, you can see cabinet (1-14), countertop (1-2), microwave (1), drawer (1-5), sink (1), sinkbasin (1), coffeemachine (1), stoveburner (1-4), toaster (1), fridge (1), diningtable (1), garbagecan (1), safe (1)

**Answer Choices**
(1): go to cabinet 1
(2): go to countertop 1
(3): go to cabinet 4
(4): go to cabinet 5
(5): go to microwave 1
(6): go to cabinet 6
(7): go to drawer 1
(8): go to drawer 2
(9): go to drawer 3
(10): go to cabinet 7
(11): go to cabinet 8
(12): go to sink 1
(13): go to sinkbasin 1
(14): go to coffeemachine 1
(15): go to cabinet 9
(16): go to cabinet 10
(17): go to drawer 4
(18): go to cabinet 11
(19): go to stoveburner 1
(20): go to stoveburner 2
(21): go to stoveburner 3
(22): go to stoveburner 4
(23): go to cabinet 12
(24): go to toaster 1
(25): go to drawer 5
(26): go to countertop 2
(27): go to fridge 1
(28): go to cabinet 13
(29): go to cabinet 14
(30): go to diningtable 1
(31): go to garbagecan 1
(32): go to safe 1
(33): open cabinet 3
(34): close cabinet 3
(35): examine cabinet 3

**Answer**
Let's think step by step by following the instructions.
----------------------------------------

----------------------------------------

Original Response:
First, we need to find a tomato. The image provided shows cabinet 1, cabinet 6, and cabinet 14. Since tomatoes are typically stored in fridges or sometimes in cabinets and not on countertops, the most logical first step would be to search inside a cabinet.

Next, based on the task description, we must heat the tomato. Since we don't need to interact with buttons or open the microwave, the action of "go to microwave 1" would be the next step after obtaining the tomato.

Finally, we must put the heated tomato in the fridge. This means the last step would be "go to fridge 1."

Since the image does not show the inside of the cabinets, we must search every place based on the Initial Observation. The cabinets closest to the fridge would be a reasonable starting point to look for a tomato.

From the provided choices, the first reasonable action would be to search for the tomato in one of the cabinets. Cabinet 1 is one of the options, so we will select that.

The answer is: (1): go to cabinet 1.

----------------------------------------

----------------------------------------

>>> Refine Original VLM Response and Get Pure Action: go to cabinet 1

----------------------------------------

-----------------------------------------------------------------

Running time: 11.659466981887817 seconds

Total Money: 8.628170000000006

-----------------------------------------------------------------

-----------------------------------------------------------------

Text Observation:You arrive at loc 0. The cabinet 1 is closed. 

--------------------------------------------------------------------------------------------------------------------------task: 24---------------------------------------------------------
--------------------------------------------------------------------------------------------------------------------------------------------------------------------
--------------------------------------------------------------------------------------------------------------------------------------------------------------------
Step:--------------------------------------------------------------------------8-------------------------------------------------------------------------------
----------------------------------------
VLM Prompt:
Image1:
<image>
**Instruction**
1. Analyze the provided image to identify all visible household objects, focusing on those relevant to the task description "heat some tomato and put it in fridge."
2. Use the analysis of the image and the task hint "The agent must find an object of the desired type, pick it up, go to a microwave, heat the object with the microwave, then find the correct location to place it, and put it down there. The agent does not need to use the microwave button or open the microwave to heat the object, and the agent just needs to do action that is "heat the object with the microwave"." to answer the question: what is the most reasonable action in the choices for the task description "heat some tomato and put it in fridge"?
4. Decide and write the answer using the template: The answer is: (i): <selected_action>, where i is the real number. If there is no desired object in the image, search every place based on **Initial Observation** to find the object. And if no one is exactly correct, choose a similar answer.

**Initial Observation**
You are in the middle of a room. Looking quickly around you, you can see cabinet (1-14), countertop (1-2), microwave (1), drawer (1-5), sink (1), sinkbasin (1), coffeemachine (1), stoveburner (1-4), toaster (1), fridge (1), diningtable (1), garbagecan (1), safe (1)

**Answer Choices**
(1): go to cabinet 2
(2): go to countertop 1
(3): go to cabinet 4
(4): go to cabinet 5
(5): go to microwave 1
(6): go to cabinet 6
(7): go to drawer 1
(8): go to drawer 2
(9): go to drawer 3
(10): go to cabinet 7
(11): go to cabinet 8
(12): go to sink 1
(13): go to sinkbasin 1
(14): go to coffeemachine 1
(15): go to cabinet 9
(16): go to cabinet 10
(17): go to drawer 4
(18): go to cabinet 11
(19): go to stoveburner 1
(20): go to stoveburner 2
(21): go to stoveburner 3
(22): go to stoveburner 4
(23): go to cabinet 12
(24): go to toaster 1
(25): go to drawer 5
(26): go to countertop 2
(27): go to fridge 1
(28): go to cabinet 13
(29): go to cabinet 14
(30): go to diningtable 1
(31): go to garbagecan 1
(32): go to safe 1
(33): open cabinet 1
(34): close cabinet 1
(35): examine cabinet 1

**Answer**
Let's think step by step by following the instructions.
----------------------------------------

----------------------------------------

Original Response:
Firstly, we need to find the tomato, which is most likely kept in a cabinet or a fridge. Since the image doesn't show any visible tomatoes, we must search based on the initial observation. The fridge is a common place to store tomatoes, so it would be reasonable to first check there.

Secondly, after finding the tomato, we need to heat it with the microwave. Since the agent doesn't need to use the microwave button or open the microwave, the action is simplified to just "heat the object with the microwave."

Lastly, we need to put the heated tomato in the fridge. So, after heating it with the microwave, we will go back to the fridge.

Given the choices, the most reasonable action to start with is to go to the fridge and find the tomato. The answer is: (27): go to fridge 1.

----------------------------------------

----------------------------------------

>>> Refine Original VLM Response and Get Pure Action: go to fridge 1

----------------------------------------

-----------------------------------------------------------------

Running time: 8.313838243484497 seconds

Total Money: 8.647700000000006

-----------------------------------------------------------------

-----------------------------------------------------------------

Text Observation:You arrive at loc 28. The fridge 1 is open. On the fridge 1, you see a cup 1, a apple 1, and a egg 1.

--------------------------------------------------------------------------------------------------------------------------task: 24---------------------------------------------------------
--------------------------------------------------------------------------------------------------------------------------------------------------------------------
--------------------------------------------------------------------------------------------------------------------------------------------------------------------
Step:--------------------------------------------------------------------------9-------------------------------------------------------------------------------
----------------------------------------
VLM Prompt:
Image1:
<image>
**Instruction**
1. Analyze the provided image to identify all visible household objects, focusing on those relevant to the task description "heat some tomato and put it in fridge."
2. Use the analysis of the image and the task hint "The agent must find an object of the desired type, pick it up, go to a microwave, heat the object with the microwave, then find the correct location to place it, and put it down there. The agent does not need to use the microwave button or open the microwave to heat the object, and the agent just needs to do action that is "heat the object with the microwave"." to answer the question: what is the most reasonable action in the choices for the task description "heat some tomato and put it in fridge"?
4. Decide and write the answer using the template: The answer is: (i): <selected_action>, where i is the real number. If there is no desired object in the image, search every place based on **Initial Observation** to find the object. And if no one is exactly correct, choose a similar answer.

**Initial Observation**
You are in the middle of a room. Looking quickly around you, you can see cabinet (1-14), countertop (1-2), microwave (1), drawer (1-5), sink (1), sinkbasin (1), coffeemachine (1), stoveburner (1-4), toaster (1), fridge (1), diningtable (1), garbagecan (1), safe (1)

**Answer Choices**
(1): go to cabinet 2
(2): go to cabinet 3
(3): go to countertop 1
(4): go to cabinet 4
(5): go to cabinet 5
(6): go to microwave 1
(7): go to cabinet 6
(8): go to drawer 1
(9): go to drawer 2
(10): go to drawer 3
(11): go to cabinet 7
(12): go to cabinet 8
(13): go to sink 1
(14): go to sinkbasin 1
(15): go to coffeemachine 1
(16): go to cabinet 9
(17): go to cabinet 10
(18): go to drawer 4
(19): go to cabinet 11
(20): go to stoveburner 1
(21): go to stoveburner 2
(22): go to stoveburner 3
(23): go to stoveburner 4
(24): go to cabinet 12
(25): go to toaster 1
(26): go to drawer 5
(27): go to countertop 2
(28): go to cabinet 13
(29): go to cabinet 14
(30): go to diningtable 1
(31): go to garbagecan 1
(32): go to safe 1
(33): open fridge 1
(34): close fridge 1
(35): take cup 1 from fridge 1
(36): take apple 1 from fridge 1
(37): take egg 1 from fridge 1
(38): examine fridge 1

**Answer**
Let's think step by step by following the instructions.
----------------------------------------

----------------------------------------

Original Response:
Firstly, we need to find a tomato to heat. The image provided shows the inside of a fridge with an egg, an apple, and a cup. There is no tomato visible in the image. Therefore, we need to search for the tomato in the locations mentioned in the Initial Observation.

The most likely places to find a tomato would be in the cabinets or the countertop where food items are usually stored. However, since we are not given information about the contents of the cabinets or the countertop, we need to choose a location to start searching.

Considering the typical storage areas for tomatoes, they are often kept in cabinets or refrigerated if they are cut or ripe. Since the fridge in the image does not contain a tomato, we should start by searching the cabinets.

The answer is: (1): go to cabinet 2. If the tomato is not found there, continue searching the cabinets in numerical order.

----------------------------------------

----------------------------------------

>>> Refine Original VLM Response and Get Pure Action: go to cabinet 2

----------------------------------------

-----------------------------------------------------------------

Running time: 30.373819828033447 seconds

Total Money: 8.667950000000006

-----------------------------------------------------------------

-----------------------------------------------------------------

Text Observation:You arrive at loc 1. The cabinet 2 is closed. 

--------------------------------------------------------------------------------------------------------------------------task: 24---------------------------------------------------------
--------------------------------------------------------------------------------------------------------------------------------------------------------------------
--------------------------------------------------------------------------------------------------------------------------------------------------------------------
Step:--------------------------------------------------------------------------10-------------------------------------------------------------------------------
----------------------------------------
VLM Prompt:
Image1:
<image>
**Instruction**
1. Analyze the provided image to identify all visible household objects, focusing on those relevant to the task description "heat some tomato and put it in fridge."
2. Use the analysis of the image and the task hint "The agent must find an object of the desired type, pick it up, go to a microwave, heat the object with the microwave, then find the correct location to place it, and put it down there. The agent does not need to use the microwave button or open the microwave to heat the object, and the agent just needs to do action that is "heat the object with the microwave"." to answer the question: what is the most reasonable action in the choices for the task description "heat some tomato and put it in fridge"?
4. Decide and write the answer using the template: The answer is: (i): <selected_action>, where i is the real number. If there is no desired object in the image, search every place based on **Initial Observation** to find the object. And if no one is exactly correct, choose a similar answer.

**Initial Observation**
You are in the middle of a room. Looking quickly around you, you can see cabinet (1-14), countertop (1-2), microwave (1), drawer (1-5), sink (1), sinkbasin (1), coffeemachine (1), stoveburner (1-4), toaster (1), fridge (1), diningtable (1), garbagecan (1), safe (1)

**Answer Choices**
(1): go to cabinet 3
(2): go to countertop 1
(3): go to cabinet 4
(4): go to cabinet 5
(5): go to microwave 1
(6): go to cabinet 6
(7): go to drawer 1
(8): go to drawer 2
(9): go to drawer 3
(10): go to cabinet 7
(11): go to cabinet 8
(12): go to sink 1
(13): go to sinkbasin 1
(14): go to coffeemachine 1
(15): go to cabinet 9
(16): go to cabinet 10
(17): go to drawer 4
(18): go to cabinet 11
(19): go to stoveburner 1
(20): go to stoveburner 2
(21): go to stoveburner 3
(22): go to stoveburner 4
(23): go to cabinet 12
(24): go to toaster 1
(25): go to drawer 5
(26): go to countertop 2
(27): go to cabinet 13
(28): go to cabinet 14
(29): go to diningtable 1
(30): go to garbagecan 1
(31): go to safe 1
(32): open cabinet 2
(33): close cabinet 2
(34): examine cabinet 2

**Answer**
Let's think step by step by following the instructions.
----------------------------------------

----------------------------------------

Original Response:
The task is to heat some tomato and put it in the fridge. Based on the Initial Observation, tomatoes are not likely to be found in appliances like the microwave, coffeemachine, toaster, or stoveburner, nor in places like the sink, sinkbasin, diningtable, garbagecan, or safe. They are most commonly stored in cabinets or the fridge. Since the task involves heating the tomato, we can assume it's not already in the fridge. Therefore, the most reasonable action would be to look for the tomato in the cabinets. 

Given the available choices, starting with the cabinets closest to the microwave would be most efficient, as the agent will need to use the microwave after retrieving the tomato. Cabinet 1 and 2 are visible in the image, and they are empty. The next closest cabinet would be cabinet 3.

The answer is: (1): go to cabinet 3

----------------------------------------

----------------------------------------

>>> Refine Original VLM Response and Get Pure Action: go to cabinet 3

----------------------------------------

-----------------------------------------------------------------

Running time: 7.700510501861572 seconds

Total Money: 8.687690000000007

-----------------------------------------------------------------

-----------------------------------------------------------------

Text Observation:You arrive at loc 2. The cabinet 3 is closed. 

--------------------------------------------------------------------------------------------------------------------------task: 24---------------------------------------------------------
--------------------------------------------------------------------------------------------------------------------------------------------------------------------
--------------------------------------------------------------------------------------------------------------------------------------------------------------------
Step:--------------------------------------------------------------------------11-------------------------------------------------------------------------------
----------------------------------------
VLM Prompt:
Image1:
<image>
**Instruction**
1. Analyze the provided image to identify all visible household objects, focusing on those relevant to the task description "heat some tomato and put it in fridge."
2. Use the analysis of the image and the task hint "The agent must find an object of the desired type, pick it up, go to a microwave, heat the object with the microwave, then find the correct location to place it, and put it down there. The agent does not need to use the microwave button or open the microwave to heat the object, and the agent just needs to do action that is "heat the object with the microwave"." to answer the question: what is the most reasonable action in the choices for the task description "heat some tomato and put it in fridge"?
4. Decide and write the answer using the template: The answer is: (i): <selected_action>, where i is the real number. If there is no desired object in the image, search every place based on **Initial Observation** to find the object. And if no one is exactly correct, choose a similar answer.

**Initial Observation**
You are in the middle of a room. Looking quickly around you, you can see cabinet (1-14), countertop (1-2), microwave (1), drawer (1-5), sink (1), sinkbasin (1), coffeemachine (1), stoveburner (1-4), toaster (1), fridge (1), diningtable (1), garbagecan (1), safe (1)

**Answer Choices**
(1): go to cabinet 1
(2): go to countertop 1
(3): go to cabinet 4
(4): go to cabinet 5
(5): go to microwave 1
(6): go to cabinet 6
(7): go to drawer 1
(8): go to drawer 2
(9): go to drawer 3
(10): go to cabinet 7
(11): go to cabinet 8
(12): go to sink 1
(13): go to sinkbasin 1
(14): go to coffeemachine 1
(15): go to cabinet 9
(16): go to cabinet 10
(17): go to drawer 4
(18): go to cabinet 11
(19): go to stoveburner 1
(20): go to stoveburner 2
(21): go to stoveburner 3
(22): go to stoveburner 4
(23): go to cabinet 12
(24): go to toaster 1
(25): go to drawer 5
(26): go to countertop 2
(27): go to cabinet 13
(28): go to cabinet 14
(29): go to diningtable 1
(30): go to garbagecan 1
(31): go to safe 1
(32): open cabinet 3
(33): close cabinet 3
(34): examine cabinet 3

**Answer**
Let's think step by step by following the instructions.
----------------------------------------

----------------------------------------

Original Response:
First, we need to find a tomato to heat. The image provided shows cabinets 1, 6, and 14 but does not show any tomato or other objects. Therefore, we must search every place based on the Initial Observation to find the tomato. Cabinets are common places where food items are stored, so it would be reasonable to start by checking the cabinets.

Next, we need to heat the tomato. According to the task hint, we do not need to use the microwave button or open the microwave; we just need to do the action that is "heat the object with the microwave." Therefore, once we find the tomato, we should go to the microwave to heat it.

Finally, we need to put the heated tomato in the fridge. Therefore, after heating the tomato with the microwave, the next action would be to go to the fridge.

Based on the above analysis, the most reasonable actions from the choices provided for the task "heat some tomato and put it in fridge" would be to first find the tomato, then heat it with the microwave, and finally put it in the fridge. Since the image does not show a tomato, we need to search the cabinets.

The answer is: (1): go to cabinet 1. If the tomato is not there, we would continue to search other cabinets, but cabinet 1 is a reasonable starting point. After finding and heating the tomato, we would then go to the fridge, which is not an option provided in the answer choices.

----------------------------------------

----------------------------------------

>>> Refine Original VLM Response and Get Pure Action: go to cabinet 1

----------------------------------------

-----------------------------------------------------------------

Running time: 15.338834762573242 seconds

Total Money: 8.711000000000007

-----------------------------------------------------------------

-----------------------------------------------------------------

Text Observation:You arrive at loc 0. The cabinet 1 is closed. 

--------------------------------------------------------------------------------------------------------------------------task: 24---------------------------------------------------------
--------------------------------------------------------------------------------------------------------------------------------------------------------------------
--------------------------------------------------------------------------------------------------------------------------------------------------------------------
Step:--------------------------------------------------------------------------12-------------------------------------------------------------------------------
----------------------------------------
VLM Prompt:
Image1:
<image>
**Instruction**
1. Analyze the provided image to identify all visible household objects, focusing on those relevant to the task description "heat some tomato and put it in fridge."
2. Use the analysis of the image and the task hint "The agent must find an object of the desired type, pick it up, go to a microwave, heat the object with the microwave, then find the correct location to place it, and put it down there. The agent does not need to use the microwave button or open the microwave to heat the object, and the agent just needs to do action that is "heat the object with the microwave"." to answer the question: what is the most reasonable action in the choices for the task description "heat some tomato and put it in fridge"?
4. Decide and write the answer using the template: The answer is: (i): <selected_action>, where i is the real number. If there is no desired object in the image, search every place based on **Initial Observation** to find the object. And if no one is exactly correct, choose a similar answer.

**Initial Observation**
You are in the middle of a room. Looking quickly around you, you can see cabinet (1-14), countertop (1-2), microwave (1), drawer (1-5), sink (1), sinkbasin (1), coffeemachine (1), stoveburner (1-4), toaster (1), fridge (1), diningtable (1), garbagecan (1), safe (1)

**Answer Choices**
(1): go to countertop 1
(2): go to cabinet 4
(3): go to cabinet 5
(4): go to microwave 1
(5): go to cabinet 6
(6): go to drawer 1
(7): go to drawer 2
(8): go to drawer 3
(9): go to cabinet 7
(10): go to cabinet 8
(11): go to sink 1
(12): go to sinkbasin 1
(13): go to coffeemachine 1
(14): go to cabinet 9
(15): go to cabinet 10
(16): go to drawer 4
(17): go to cabinet 11
(18): go to stoveburner 1
(19): go to stoveburner 2
(20): go to stoveburner 3
(21): go to stoveburner 4
(22): go to cabinet 12
(23): go to toaster 1
(24): go to drawer 5
(25): go to countertop 2
(26): go to fridge 1
(27): go to cabinet 13
(28): go to cabinet 14
(29): go to diningtable 1
(30): go to garbagecan 1
(31): go to safe 1
(32): open cabinet 1
(33): close cabinet 1
(34): examine cabinet 1

**Answer**
Let's think step by step by following the instructions.
----------------------------------------

----------------------------------------

Original Response:
The task is to heat some tomato and put it in the fridge. Firstly, we need to find the tomato, which is likely to be stored in a cabinet or a fridge. Since the image only shows cabinets 1, 2, and 8, and we have no information on the contents, we'll have to search other locations based on the initial observation.

The most reasonable action would be to search the cabinets and the fridge for the tomato. Since we don't have any specific information about where the tomato might be, we should start with the closest storage areas, which are the cabinets.

The answer is: (2): go to cabinet 4

----------------------------------------

----------------------------------------

>>> Refine Original VLM Response and Get Pure Action: go to cabinet 4

----------------------------------------

-----------------------------------------------------------------

Running time: 7.793583869934082 seconds

Total Money: 8.729210000000007

-----------------------------------------------------------------

-----------------------------------------------------------------

Text Observation:You arrive at loc 4. The cabinet 4 is closed. 

--------------------------------------------------------------------------------------------------------------------------task: 24---------------------------------------------------------
--------------------------------------------------------------------------------------------------------------------------------------------------------------------
--------------------------------------------------------------------------------------------------------------------------------------------------------------------
Step:--------------------------------------------------------------------------13-------------------------------------------------------------------------------
----------------------------------------
VLM Prompt:
Image1:
<image>
**Instruction**
1. Analyze the provided image to identify all visible household objects, focusing on those relevant to the task description "heat some tomato and put it in fridge."
2. Use the analysis of the image and the task hint "The agent must find an object of the desired type, pick it up, go to a microwave, heat the object with the microwave, then find the correct location to place it, and put it down there. The agent does not need to use the microwave button or open the microwave to heat the object, and the agent just needs to do action that is "heat the object with the microwave"." to answer the question: what is the most reasonable action in the choices for the task description "heat some tomato and put it in fridge"?
4. Decide and write the answer using the template: The answer is: (i): <selected_action>, where i is the real number. If there is no desired object in the image, search every place based on **Initial Observation** to find the object. And if no one is exactly correct, choose a similar answer.

**Initial Observation**
You are in the middle of a room. Looking quickly around you, you can see cabinet (1-14), countertop (1-2), microwave (1), drawer (1-5), sink (1), sinkbasin (1), coffeemachine (1), stoveburner (1-4), toaster (1), fridge (1), diningtable (1), garbagecan (1), safe (1)

**Answer Choices**
(1): go to cabinet 2
(2): go to countertop 1
(3): go to cabinet 5
(4): go to microwave 1
(5): go to cabinet 6
(6): go to drawer 1
(7): go to drawer 2
(8): go to drawer 3
(9): go to cabinet 7
(10): go to cabinet 8
(11): go to sink 1
(12): go to sinkbasin 1
(13): go to coffeemachine 1
(14): go to cabinet 9
(15): go to cabinet 10
(16): go to drawer 4
(17): go to cabinet 11
(18): go to stoveburner 1
(19): go to stoveburner 2
(20): go to stoveburner 3
(21): go to stoveburner 4
(22): go to cabinet 12
(23): go to toaster 1
(24): go to drawer 5
(25): go to countertop 2
(26): go to fridge 1
(27): go to cabinet 13
(28): go to cabinet 14
(29): go to diningtable 1
(30): go to garbagecan 1
(31): go to safe 1
(32): open cabinet 4
(33): close cabinet 4
(34): examine cabinet 4

**Answer**
Let's think step by step by following the instructions.
----------------------------------------

----------------------------------------

Original Response:
First, we need to identify the tomato to heat it. From the image, we can see there is a tomato on countertop 1. So the first step would be to go to countertop 1 to pick up the tomato.

The next step is to heat the tomato with the microwave. In the image, we can see microwave 1 is right next to the tomato on countertop 1, so the agent can immediately use it to heat the tomato without needing to go anywhere else.

Finally, we need to put the heated tomato in the fridge. However, the fridge is not visible in the image, so we must refer to the initial observation, which mentions there is a fridge 1 in the room.

So the most reasonable actions in sequence for the task "heat some tomato and put it in fridge" would be:
- Go to countertop 1 to pick up the tomato.
- Heat the tomato with microwave 1.
- Go to fridge 1 to put the heated tomato inside.

Based on the answer choices provided, we can select the actions that match these steps:
(2): go to countertop 1 (to pick up the tomato)
(4): go to microwave 1 (to heat the tomato)
(26): go to fridge 1 (to put the heated tomato inside)

The answer is: (2): go to countertop 1, (4): go to microwave 1, (26): go to fridge 1.

----------------------------------------

----------------------------------------

>>> Refine Original VLM Response and Get Pure Action: go to countertop 1, (4): go to microwave 1, (26): go to fridge 1

----------------------------------------

-----------------------------------------------------------------

Running time: 21.63254690170288 seconds

Total Money: 8.752400000000007

-----------------------------------------------------------------

-----------------------------------------------------------------

Text Observation:Nothing happens.

--------------------------------------------------------------------------------------------------------------------------task: 24---------------------------------------------------------
--------------------------------------------------------------------------------------------------------------------------------------------------------------------
--------------------------------------------------------------------------------------------------------------------------------------------------------------------
Step:--------------------------------------------------------------------------14-------------------------------------------------------------------------------
----------------------------------------
VLM Prompt:
Image1:
<image>
**Instruction**
1. Analyze the provided image to identify all visible household objects, focusing on those relevant to the task description "heat some tomato and put it in fridge."
2. Use the analysis of the image and the task hint "The agent must find an object of the desired type, pick it up, go to a microwave, heat the object with the microwave, then find the correct location to place it, and put it down there. The agent does not need to use the microwave button or open the microwave to heat the object, and the agent just needs to do action that is "heat the object with the microwave"." to answer the question: what is the most reasonable action in the choices for the task description "heat some tomato and put it in fridge"?
4. Decide and write the answer using the template: The answer is: (i): <selected_action>, where i is the real number. If there is no desired object in the image, search every place based on **Initial Observation** to find the object. And if no one is exactly correct, choose a similar answer.

**Initial Observation**
You are in the middle of a room. Looking quickly around you, you can see cabinet (1-14), countertop (1-2), microwave (1), drawer (1-5), sink (1), sinkbasin (1), coffeemachine (1), stoveburner (1-4), toaster (1), fridge (1), diningtable (1), garbagecan (1), safe (1)

**Answer Choices**
(1): go to cabinet 2
(2): go to cabinet 3
(3): go to countertop 1
(4): go to cabinet 5
(5): go to microwave 1
(6): go to cabinet 6
(7): go to drawer 1
(8): go to drawer 2
(9): go to drawer 3
(10): go to cabinet 7
(11): go to cabinet 8
(12): go to sink 1
(13): go to sinkbasin 1
(14): go to coffeemachine 1
(15): go to cabinet 9
(16): go to cabinet 10
(17): go to drawer 4
(18): go to cabinet 11
(19): go to stoveburner 1
(20): go to stoveburner 2
(21): go to stoveburner 3
(22): go to stoveburner 4
(23): go to cabinet 12
(24): go to toaster 1
(25): go to drawer 5
(26): go to countertop 2
(27): go to fridge 1
(28): go to cabinet 13
(29): go to cabinet 14
(30): go to diningtable 1
(31): go to garbagecan 1
(32): go to safe 1
(33): open cabinet 4
(34): close cabinet 4
(35): examine cabinet 4

**Answer**
Let's think step by step by following the instructions.
----------------------------------------

----------------------------------------

Original Response:
First, we need to identify the tomato to be heated. In the image, we see a tomato labeled "tomato 1" on the countertop. The task hint states that the agent does not need to use the microwave button or open the microwave to heat the object. Therefore, the agent just needs to do an action that is "heat the object with the microwave." 

The most reasonable next action from the answer choices would be to go to the microwave with the tomato to heat it. The answer is: (5): go to microwave 1. After heating the tomato, the agent will then need to put it in the fridge, but that action is not listed in the provided answer choices.

----------------------------------------

----------------------------------------

>>> Refine Original VLM Response and Get Pure Action: go to microwave 1

----------------------------------------

-----------------------------------------------------------------

Running time: 8.164098739624023 seconds

Total Money: 8.771000000000006

-----------------------------------------------------------------

-----------------------------------------------------------------

Text Observation:You arrive at loc 6. The microwave 1 is closed. 

--------------------------------------------------------------------------------------------------------------------------task: 24---------------------------------------------------------
--------------------------------------------------------------------------------------------------------------------------------------------------------------------
--------------------------------------------------------------------------------------------------------------------------------------------------------------------
Step:--------------------------------------------------------------------------15-------------------------------------------------------------------------------
----------------------------------------
VLM Prompt:
Image1:
<image>
**Instruction**
1. Analyze the provided image to identify all visible household objects, focusing on those relevant to the task description "heat some tomato and put it in fridge."
2. Use the analysis of the image and the task hint "The agent must find an object of the desired type, pick it up, go to a microwave, heat the object with the microwave, then find the correct location to place it, and put it down there. The agent does not need to use the microwave button or open the microwave to heat the object, and the agent just needs to do action that is "heat the object with the microwave"." to answer the question: what is the most reasonable action in the choices for the task description "heat some tomato and put it in fridge"?
4. Decide and write the answer using the template: The answer is: (i): <selected_action>, where i is the real number. If there is no desired object in the image, search every place based on **Initial Observation** to find the object. And if no one is exactly correct, choose a similar answer.

**Initial Observation**
You are in the middle of a room. Looking quickly around you, you can see cabinet (1-14), countertop (1-2), microwave (1), drawer (1-5), sink (1), sinkbasin (1), coffeemachine (1), stoveburner (1-4), toaster (1), fridge (1), diningtable (1), garbagecan (1), safe (1)

**Answer Choices**
(1): go to cabinet 1
(2): go to cabinet 2
(3): go to cabinet 3
(4): go to countertop 1
(5): go to cabinet 5
(6): go to cabinet 6
(7): go to drawer 1
(8): go to drawer 2
(9): go to drawer 3
(10): go to cabinet 7
(11): go to cabinet 8
(12): go to sink 1
(13): go to sinkbasin 1
(14): go to coffeemachine 1
(15): go to cabinet 9
(16): go to cabinet 10
(17): go to drawer 4
(18): go to cabinet 11
(19): go to stoveburner 1
(20): go to stoveburner 2
(21): go to stoveburner 3
(22): go to stoveburner 4
(23): go to cabinet 12
(24): go to toaster 1
(25): go to drawer 5
(26): go to countertop 2
(27): go to fridge 1
(28): go to cabinet 13
(29): go to cabinet 14
(30): go to diningtable 1
(31): go to garbagecan 1
(32): go to safe 1
(33): open microwave 1
(34): close microwave 1
(35): examine microwave 1

**Answer**
Let's think step by step by following the instructions.
----------------------------------------

----------------------------------------

Original Response:
Firstly, we need to find a tomato to heat it. As the image does not show any tomatoes, we will have to search for it based on the Initial Observation. Tomatoes are usually stored in cabinets or fridges. Among the answer choices, the options to go to a cabinet or fridge are available. Since we also need to put the heated tomato in the fridge later, it is reasonable to check the fridge first for a tomato. 

The answer is: (27): go to fridge 1

----------------------------------------

----------------------------------------

>>> Refine Original VLM Response and Get Pure Action: go to fridge 1

----------------------------------------

-----------------------------------------------------------------

Running time: 7.087241172790527 seconds

Total Money: 8.788400000000006

-----------------------------------------------------------------

-----------------------------------------------------------------

Text Observation:You arrive at loc 28. The fridge 1 is open. On the fridge 1, you see a cup 1, a apple 1, and a egg 1.

--------------------------------------------------------------------------------------------------------------------------task: 24---------------------------------------------------------
--------------------------------------------------------------------------------------------------------------------------------------------------------------------
--------------------------------------------------------------------------------------------------------------------------------------------------------------------
Step:--------------------------------------------------------------------------16-------------------------------------------------------------------------------
----------------------------------------
VLM Prompt:
Image1:
<image>
**Instruction**
1. Analyze the provided image to identify all visible household objects, focusing on those relevant to the task description "heat some tomato and put it in fridge."
2. Use the analysis of the image and the task hint "The agent must find an object of the desired type, pick it up, go to a microwave, heat the object with the microwave, then find the correct location to place it, and put it down there. The agent does not need to use the microwave button or open the microwave to heat the object, and the agent just needs to do action that is "heat the object with the microwave"." to answer the question: what is the most reasonable action in the choices for the task description "heat some tomato and put it in fridge"?
4. Decide and write the answer using the template: The answer is: (i): <selected_action>, where i is the real number. If there is no desired object in the image, search every place based on **Initial Observation** to find the object. And if no one is exactly correct, choose a similar answer.

**Initial Observation**
You are in the middle of a room. Looking quickly around you, you can see cabinet (1-14), countertop (1-2), microwave (1), drawer (1-5), sink (1), sinkbasin (1), coffeemachine (1), stoveburner (1-4), toaster (1), fridge (1), diningtable (1), garbagecan (1), safe (1)

**Answer Choices**
(1): go to cabinet 1
(2): go to cabinet 2
(3): go to cabinet 3
(4): go to countertop 1
(5): go to cabinet 4
(6): go to cabinet 5
(7): go to cabinet 6
(8): go to drawer 1
(9): go to drawer 2
(10): go to drawer 3
(11): go to cabinet 7
(12): go to cabinet 8
(13): go to sink 1
(14): go to sinkbasin 1
(15): go to coffeemachine 1
(16): go to cabinet 9
(17): go to cabinet 10
(18): go to drawer 4
(19): go to cabinet 11
(20): go to stoveburner 1
(21): go to stoveburner 2
(22): go to stoveburner 3
(23): go to stoveburner 4
(24): go to cabinet 12
(25): go to toaster 1
(26): go to drawer 5
(27): go to countertop 2
(28): go to cabinet 13
(29): go to cabinet 14
(30): go to diningtable 1
(31): go to garbagecan 1
(32): go to safe 1
(33): open fridge 1
(34): close fridge 1
(35): take cup 1 from fridge 1
(36): take apple 1 from fridge 1
(37): take egg 1 from fridge 1
(38): examine fridge 1

**Answer**
Let's think step by step by following the instructions.
----------------------------------------

----------------------------------------

Original Response:
First, we need to find a tomato to heat. The image provided shows the inside of fridge 1, but there is no tomato visible inside it. Therefore, we need to search for a tomato in the other locations listed in the Initial Observation.

The most logical places to find a tomato would typically be in the fridge, on the countertop, or in a cabinet where fresh produce might be stored. Since the fridge does not contain a tomato, the next reasonable action would be to check the countertops or cabinets.

Between the answer choices given, there are multiple cabinets and two countertops listed. Since we have already examined the fridge and found no tomato, we should next check either the countertops or the cabinets.

The answer is: (4): go to countertop 1 or (27): go to countertop 2 or (1): go to cabinet 1 or (2): go to cabinet 2 or (3): go to cabinet 3 or (5): go to cabinet 4 or (6): go to cabinet 5 or (7): go to cabinet 6 or (11): go to cabinet 7 or (12): go to cabinet 8 or (16): go to cabinet 9 or (17): go to cabinet 10 or (19): go to cabinet 11 or (24): go to cabinet 12 or (28): go to cabinet 13 or (29): go to cabinet 14

Since we need to pick one, let's go with the first countertop option as it is often a place where fresh produce is placed temporarily after being taken out from the fridge or before being stored.

The answer is: (4): go to countertop 1.

----------------------------------------

----------------------------------------

>>> Refine Original VLM Response and Get Pure Action: go to countertop 1 or (27): go to countertop 2 or (1): go to cabinet 1 or (2): go to cabinet 2 or (3): go to cabinet 3 or (5): go to cabinet 4 or (6): go to cabinet 5 or (7): go to cabinet 6 or (11): go to cabinet 7 or (12): go to cabinet 8 or (16): go to cabinet 9 or (17): go to cabinet 10 or (19): go to cabinet 11 or (24): go to cabinet 12 or (28): go to cabinet 13 or (29): go to cabinet 14

Since we need to pick one, let's go with the first countertop option as it is often a place where fresh produce is placed temporarily after being taken out from the fridge or before being stored

----------------------------------------

-----------------------------------------------------------------

Running time: 11.130598545074463 seconds

Total Money: 8.813450000000007

-----------------------------------------------------------------

-----------------------------------------------------------------

Text Observation:Nothing happens.

--------------------------------------------------------------------------------------------------------------------------task: 24---------------------------------------------------------
--------------------------------------------------------------------------------------------------------------------------------------------------------------------
--------------------------------------------------------------------------------------------------------------------------------------------------------------------
Step:--------------------------------------------------------------------------17-------------------------------------------------------------------------------
----------------------------------------
VLM Prompt:
Image1:
<image>
**Instruction**
1. Analyze the provided image to identify all visible household objects, focusing on those relevant to the task description "heat some tomato and put it in fridge."
2. Use the analysis of the image and the task hint "The agent must find an object of the desired type, pick it up, go to a microwave, heat the object with the microwave, then find the correct location to place it, and put it down there. The agent does not need to use the microwave button or open the microwave to heat the object, and the agent just needs to do action that is "heat the object with the microwave"." to answer the question: what is the most reasonable action in the choices for the task description "heat some tomato and put it in fridge"?
4. Decide and write the answer using the template: The answer is: (i): <selected_action>, where i is the real number. If there is no desired object in the image, search every place based on **Initial Observation** to find the object. And if no one is exactly correct, choose a similar answer.

**Initial Observation**
You are in the middle of a room. Looking quickly around you, you can see cabinet (1-14), countertop (1-2), microwave (1), drawer (1-5), sink (1), sinkbasin (1), coffeemachine (1), stoveburner (1-4), toaster (1), fridge (1), diningtable (1), garbagecan (1), safe (1)

**Answer Choices**
(1): go to cabinet 1
(2): go to cabinet 2
(3): go to cabinet 3
(4): go to countertop 1
(5): go to cabinet 4
(6): go to cabinet 5
(7): go to cabinet 6
(8): go to drawer 1
(9): go to drawer 2
(10): go to drawer 3
(11): go to cabinet 7
(12): go to cabinet 8
(13): go to sink 1
(14): go to sinkbasin 1
(15): go to coffeemachine 1
(16): go to cabinet 9
(17): go to cabinet 10
(18): go to drawer 4
(19): go to cabinet 11
(20): go to stoveburner 1
(21): go to stoveburner 2
(22): go to stoveburner 3
(23): go to stoveburner 4
(24): go to cabinet 12
(25): go to toaster 1
(26): go to drawer 5
(27): go to countertop 2
(28): go to cabinet 13
(29): go to cabinet 14
(30): go to diningtable 1
(31): go to garbagecan 1
(32): go to safe 1
(33): open fridge 1
(34): close fridge 1
(35): take cup 1 from fridge 1
(36): take apple 1 from fridge 1
(37): take egg 1 from fridge 1
(38): examine fridge 1

**Answer**
Let's think step by step by following the instructions.
----------------------------------------

----------------------------------------

Original Response:
First, we need to identify a tomato, which is not visible in the provided image. Since the image shows the inside of a fridge and the task is to heat some tomato and then put it in the fridge, we must first find a tomato that is not currently in the fridge.

Next, we should search for the tomato in places where it is likely to be stored, such as cabinets or drawers, as these are common storage places for food items.

Considering the **Initial Observation** that mentions cabinets (1-14) and drawers (1-5), we should start by searching these locations for a tomato.

The most reasonable action from the choices provided would be to go to different cabinets and drawers to search for the tomato.

Since there is no specific clue given as to where the tomato might be, we should select an action that involves searching the cabinets or drawers. 

The answer is: (1): go to cabinet 1. If the tomato is not there, continue searching cabinets and drawers in numerical order until the tomato is found.

----------------------------------------

----------------------------------------

>>> Refine Original VLM Response and Get Pure Action: go to cabinet 1

----------------------------------------

-----------------------------------------------------------------

Running time: 10.366721630096436 seconds

Total Money: 8.834420000000007

-----------------------------------------------------------------

-----------------------------------------------------------------

Text Observation:You arrive at loc 0. The cabinet 1 is closed. 

--------------------------------------------------------------------------------------------------------------------------task: 24---------------------------------------------------------
--------------------------------------------------------------------------------------------------------------------------------------------------------------------
--------------------------------------------------------------------------------------------------------------------------------------------------------------------
Step:--------------------------------------------------------------------------18-------------------------------------------------------------------------------
----------------------------------------
VLM Prompt:
Image1:
<image>
**Instruction**
1. Analyze the provided image to identify all visible household objects, focusing on those relevant to the task description "heat some tomato and put it in fridge."
2. Use the analysis of the image and the task hint "The agent must find an object of the desired type, pick it up, go to a microwave, heat the object with the microwave, then find the correct location to place it, and put it down there. The agent does not need to use the microwave button or open the microwave to heat the object, and the agent just needs to do action that is "heat the object with the microwave"." to answer the question: what is the most reasonable action in the choices for the task description "heat some tomato and put it in fridge"?
4. Decide and write the answer using the template: The answer is: (i): <selected_action>, where i is the real number. If there is no desired object in the image, search every place based on **Initial Observation** to find the object. And if no one is exactly correct, choose a similar answer.

**Initial Observation**
You are in the middle of a room. Looking quickly around you, you can see cabinet (1-14), countertop (1-2), microwave (1), drawer (1-5), sink (1), sinkbasin (1), coffeemachine (1), stoveburner (1-4), toaster (1), fridge (1), diningtable (1), garbagecan (1), safe (1)

**Answer Choices**
(1): go to cabinet 2
(2): go to cabinet 3
(3): go to countertop 1
(4): go to cabinet 4
(5): go to cabinet 5
(6): go to microwave 1
(7): go to cabinet 6
(8): go to drawer 1
(9): go to drawer 2
(10): go to drawer 3
(11): go to cabinet 7
(12): go to cabinet 8
(13): go to sink 1
(14): go to sinkbasin 1
(15): go to coffeemachine 1
(16): go to cabinet 9
(17): go to cabinet 10
(18): go to drawer 4
(19): go to cabinet 11
(20): go to stoveburner 1
(21): go to stoveburner 2
(22): go to stoveburner 3
(23): go to stoveburner 4
(24): go to cabinet 12
(25): go to toaster 1
(26): go to drawer 5
(27): go to countertop 2
(28): go to cabinet 13
(29): go to cabinet 14
(30): go to diningtable 1
(31): go to garbagecan 1
(32): go to safe 1
(33): open cabinet 1
(34): close cabinet 1
(35): examine cabinet 1

**Answer**
Let's think step by step by following the instructions.
----------------------------------------

----------------------------------------

Original Response:
The task is to "heat some tomato and put it in fridge." 

First, we need to find a tomato. The most common place to find a tomato would be in the refrigerator or a cabinet where food is stored. The image shows cabinet 1 and cabinet 2, and we need to search every place to find the tomato as per the Initial Observation.

Given the options, the most reasonable action would be to check the cabinets first since the fridge is not shown in the image and it is common to store tomatoes in cabinets before they are used. 

The answer is: (1): go to cabinet 2. If the tomato is not found there, we would continue searching the cabinets in numerical order as they are listed in the Initial Observation.

----------------------------------------

----------------------------------------

>>> Refine Original VLM Response and Get Pure Action: go to cabinet 2

----------------------------------------

-----------------------------------------------------------------

Running time: 8.87283730506897 seconds

Total Money: 8.853290000000007

-----------------------------------------------------------------

-----------------------------------------------------------------

Text Observation:You arrive at loc 1. The cabinet 2 is closed. 

--------------------------------------------------------------------------------------------------------------------------task: 24---------------------------------------------------------
--------------------------------------------------------------------------------------------------------------------------------------------------------------------
--------------------------------------------------------------------------------------------------------------------------------------------------------------------
Step:--------------------------------------------------------------------------19-------------------------------------------------------------------------------
----------------------------------------
VLM Prompt:
Image1:
<image>
**Instruction**
1. Analyze the provided image to identify all visible household objects, focusing on those relevant to the task description "heat some tomato and put it in fridge."
2. Use the analysis of the image and the task hint "The agent must find an object of the desired type, pick it up, go to a microwave, heat the object with the microwave, then find the correct location to place it, and put it down there. The agent does not need to use the microwave button or open the microwave to heat the object, and the agent just needs to do action that is "heat the object with the microwave"." to answer the question: what is the most reasonable action in the choices for the task description "heat some tomato and put it in fridge"?
4. Decide and write the answer using the template: The answer is: (i): <selected_action>, where i is the real number. If there is no desired object in the image, search every place based on **Initial Observation** to find the object. And if no one is exactly correct, choose a similar answer.

**Initial Observation**
You are in the middle of a room. Looking quickly around you, you can see cabinet (1-14), countertop (1-2), microwave (1), drawer (1-5), sink (1), sinkbasin (1), coffeemachine (1), stoveburner (1-4), toaster (1), fridge (1), diningtable (1), garbagecan (1), safe (1)

**Answer Choices**
(1): go to cabinet 3
(2): go to countertop 1
(3): go to cabinet 4
(4): go to cabinet 5
(5): go to microwave 1
(6): go to cabinet 6
(7): go to drawer 1
(8): go to drawer 2
(9): go to drawer 3
(10): go to cabinet 7
(11): go to cabinet 8
(12): go to sink 1
(13): go to sinkbasin 1
(14): go to coffeemachine 1
(15): go to cabinet 9
(16): go to cabinet 10
(17): go to drawer 4
(18): go to cabinet 11
(19): go to stoveburner 1
(20): go to stoveburner 2
(21): go to stoveburner 3
(22): go to stoveburner 4
(23): go to cabinet 12
(24): go to toaster 1
(25): go to drawer 5
(26): go to countertop 2
(27): go to fridge 1
(28): go to cabinet 13
(29): go to cabinet 14
(30): go to diningtable 1
(31): go to garbagecan 1
(32): go to safe 1
(33): open cabinet 2
(34): close cabinet 2
(35): examine cabinet 2

**Answer**
Let's think step by step by following the instructions.
----------------------------------------

----------------------------------------

Original Response:
First, we need to find a tomato to heat. The image provided shows cabinet 1 and cabinet 2. Since we don't see any tomatoes in the image, we must search other locations based on the initial observation.

The most reasonable first action would be to check the cabinets, as tomatoes are commonly stored in cabinets or fridges and not in appliances or other areas listed. Since cabinet 1 and cabinet 2 are visible in the image and do not contain tomatoes, we can eliminate those options.

Given the choices, the next logical step would be to check the next cabinet in sequence, which is cabinet 3.

The answer is: (1): go to cabinet 3.

----------------------------------------

----------------------------------------

>>> Refine Original VLM Response and Get Pure Action: go to cabinet 3

----------------------------------------

-----------------------------------------------------------------

Running time: 11.755537033081055 seconds

Total Money: 8.871770000000007

-----------------------------------------------------------------

-----------------------------------------------------------------

Text Observation:You arrive at loc 2. The cabinet 3 is closed. 

-----------------------------------------------------------------