---------------------------------------------------------task: 5---------------------------------------------------------
--------------------------------------------------------------------------------------------------------------------------------------------------------------------
--------------------------------------------------------------------------------------------------------------------------------------------------------------------
Step:--------------------------------------------------------------------------0-------------------------------------------------------------------------------
----------------------------------------
VLM Prompt:
Image1:
<image>
**Instruction**
1. Analyze the provided image to identify all visible household objects, focusing on those relevant to the task description "put a book in armchair."
2. Use the analysis of the image and the task hint "The agent must find an object of the desired type, pick it up, find the correct location to place it, and put it down there." to answer the question: what is the most reasonable action in the choices for the task description "put a book in armchair"?
4. Decide and write the answer using the template: The answer is: (i): <selected_action>, where i is the real number. If there is no desired object in the image, search every place based on **Initial Observation** to find the object. And if no one is exactly correct, choose a similar answer.

**Initial Observation**
You are in the middle of a room. Looking quickly around you, you can see armchair (1), sofa (1), coffeetable (1), drawer (1-4), sidetable (1-3), dresser (1)

**Answer Choices**
(1): go to armchair 1
(2): go to sofa 1
(3): go to coffeetable 1
(4): go to drawer 1
(5): go to sidetable 1
(6): go to dresser 1
(7): go to drawer 2
(8): go to drawer 3
(9): go to drawer 4
(10): go to sidetable 2
(11): go to sidetable 3

**Answer**
Let's think step by step by following the instructions.
----------------------------------------

----------------------------------------

Original Response:
First, we analyze the image provided. We can see a sofa with a cardboard box and a smartphone on it. There is also a painting hanging above the sofa. However, there is no book visible in the image.

Next, we follow the task description "put a book in armchair." Since there is no book visible on the sofa, we need to search other locations based on the initial observation. The initial observation lists possible locations where a book might be found, which include a drawer, sidetable, and dresser.

Considering the task hint, we need to find an object of the desired type (a book) and then put it in the armchair. Therefore, the most reasonable action would be to search locations where a book is likely to be found. An armchair is not a typical storage place for books, while drawers, sidetables, and dressers are more likely to contain a book.

Given the options provided, the most logical first step would be to check the closest storage location where a book might be found. We can rule out going to the sofa or the coffeetable, as they are not typical storage places for books, and the image shows no book there.

The answer is: (4): go to drawer 1

----------------------------------------

----------------------------------------

>>> Refine Original VLM Response and Get Pure Action: go to drawer 1

----------------------------------------

-----------------------------------------------------------------

Running time: 12.850632905960083 seconds

Total Money: 1.3605099999999999

-----------------------------------------------------------------

-----------------------------------------------------------------

Text Observation:You arrive at loc 3. The drawer 1 is closed. 

--------------------------------------------------------------------------------------------------------------------------task: 5---------------------------------------------------------
--------------------------------------------------------------------------------------------------------------------------------------------------------------------
--------------------------------------------------------------------------------------------------------------------------------------------------------------------
Step:--------------------------------------------------------------------------1-------------------------------------------------------------------------------
----------------------------------------
VLM Prompt:
Image1:
<image>
**Instruction**
1. Analyze the provided image to identify all visible household objects, focusing on those relevant to the task description "put a book in armchair."
2. Use the analysis of the image and the task hint "The agent must find an object of the desired type, pick it up, find the correct location to place it, and put it down there." to answer the question: what is the most reasonable action in the choices for the task description "put a book in armchair"?
4. Decide and write the answer using the template: The answer is: (i): <selected_action>, where i is the real number. If there is no desired object in the image, search every place based on **Initial Observation** to find the object. And if no one is exactly correct, choose a similar answer.

**Initial Observation**
You are in the middle of a room. Looking quickly around you, you can see armchair (1), sofa (1), coffeetable (1), drawer (1-4), sidetable (1-3), dresser (1)

**Answer Choices**
(1): go to armchair 1
(2): go to sofa 1
(3): go to coffeetable 1
(4): go to sidetable 1
(5): go to dresser 1
(6): go to drawer 2
(7): go to drawer 3
(8): go to drawer 4
(9): go to sidetable 2
(10): go to sidetable 3
(11): open drawer 1
(12): close drawer 1
(13): examine drawer 1

**Answer**
Let's think step by step by following the instructions.
----------------------------------------

----------------------------------------

Original Response:
Firstly, we must identify all visible household objects related to the task "put a book in armchair." In the image provided, we can see an armchair, a table with a plant on it, and a portion of what appears to be a sofa. There is no book visible in the image.

Considering the task hint, the agent needs to find a book. Since there is no book on the armchair or visible on the table in the image, the agent must search other locations mentioned in the initial observation.

The initial observation suggests there are several places where a book might be found, such as a drawer, a sidetable, or a dresser.

Out of the answer choices, the action that would most likely lead to finding a book would be to search the drawers since books are commonly stored in drawers. The first drawer listed would be a reasonable place to start.

The answer is: (11): open drawer 1

----------------------------------------

----------------------------------------

>>> Refine Original VLM Response and Get Pure Action: open drawer 1

----------------------------------------

-----------------------------------------------------------------

Running time: 8.174211025238037 seconds

Total Money: 1.37747

-----------------------------------------------------------------

-----------------------------------------------------------------

Text Observation:You open the drawer 1. The drawer 1 is open. In it, you see a houseplant 1, a television 1, a box 1, a book 1, a wateringcan 1, a keychain 1, a pencil 1, and a pencil 2.

--------------------------------------------------------------------------------------------------------------------------task: 5---------------------------------------------------------
--------------------------------------------------------------------------------------------------------------------------------------------------------------------
--------------------------------------------------------------------------------------------------------------------------------------------------------------------
Step:--------------------------------------------------------------------------2-------------------------------------------------------------------------------
----------------------------------------
VLM Prompt:
Image1:
<image>
**Instruction**
1. Analyze the provided image to identify all visible household objects, focusing on those relevant to the task description "put a book in armchair."
2. Use the analysis of the image and the task hint "The agent must find an object of the desired type, pick it up, find the correct location to place it, and put it down there." to answer the question: what is the most reasonable action in the choices for the task description "put a book in armchair"?
4. Decide and write the answer using the template: The answer is: (i): <selected_action>, where i is the real number. If there is no desired object in the image, search every place based on **Initial Observation** to find the object. And if no one is exactly correct, choose a similar answer.

**Initial Observation**
You are in the middle of a room. Looking quickly around you, you can see armchair (1), sofa (1), coffeetable (1), drawer (1-4), sidetable (1-3), dresser (1)

**Answer Choices**
(1): go to armchair 1
(2): go to sofa 1
(3): go to coffeetable 1
(4): go to sidetable 1
(5): go to dresser 1
(6): go to drawer 2
(7): go to drawer 3
(8): go to drawer 4
(9): go to sidetable 2
(10): go to sidetable 3
(11): close drawer 1
(12): take houseplant 1 from drawer 1
(13): take television 1 from drawer 1
(14): take box 1 from drawer 1
(15): take book 1 from drawer 1
(16): take wateringcan 1 from drawer 1
(17): take keychain 1 from drawer 1
(18): take pencil 1 from drawer 1
(19): take pencil 2 from drawer 1
(20): examine drawer 1

**Answer**
Let's think step by step by following the instructions.
----------------------------------------

----------------------------------------

Original Response:
The task is to "put a book in armchair," so the first step would be finding a book. The image shows an armchair, but no book is visible on it or around it. According to the initial observation, there is an armchair, a sofa, a coffee table, drawers, a side table, and a dresser in the room. Since books are typically found in drawers or on side tables, the most reasonable action would be to search these locations for a book.

(15): take book 1 from drawer 1 seems to be the logical action, as it mentions taking a book, which is the object we need for the task. However, it is unclear if there is indeed a book in drawer 1 as we do not have a visual confirmation, so we need to verify if the book is there.

Therefore, the next best action would be to examine the drawer where a book is most likely to be found before taking anything. This leads us to:

The answer is: (20): examine drawer 1.

----------------------------------------

----------------------------------------

>>> Refine Original VLM Response and Get Pure Action: examine drawer 1

----------------------------------------

-----------------------------------------------------------------

Running time: 19.484455108642578 seconds

Total Money: 1.3960299999999999

-----------------------------------------------------------------

-----------------------------------------------------------------

Text Observation:On the drawer 1, you see a houseplant 1, a television 1, a box 1, a book 1, a wateringcan 1, a keychain 1, a pencil 1, and a pencil 2.

--------------------------------------------------------------------------------------------------------------------------task: 5---------------------------------------------------------
--------------------------------------------------------------------------------------------------------------------------------------------------------------------
--------------------------------------------------------------------------------------------------------------------------------------------------------------------
Step:--------------------------------------------------------------------------3-------------------------------------------------------------------------------
----------------------------------------
VLM Prompt:
Image1:
<image>
**Instruction**
1. Analyze the provided image to identify all visible household objects, focusing on those relevant to the task description "put a book in armchair."
2. Use the analysis of the image and the task hint "The agent must find an object of the desired type, pick it up, find the correct location to place it, and put it down there." to answer the question: what is the most reasonable action in the choices for the task description "put a book in armchair"?
4. Decide and write the answer using the template: The answer is: (i): <selected_action>, where i is the real number. If there is no desired object in the image, search every place based on **Initial Observation** to find the object. And if no one is exactly correct, choose a similar answer.

**Initial Observation**
You are in the middle of a room. Looking quickly around you, you can see armchair (1), sofa (1), coffeetable (1), drawer (1-4), sidetable (1-3), dresser (1)

**Answer Choices**
(1): go to armchair 1
(2): go to sofa 1
(3): go to coffeetable 1
(4): go to sidetable 1
(5): go to dresser 1
(6): go to drawer 2
(7): go to drawer 3
(8): go to drawer 4
(9): go to sidetable 2
(10): go to sidetable 3
(11): close drawer 1
(12): take houseplant 1 from drawer 1
(13): take television 1 from drawer 1
(14): take box 1 from drawer 1
(15): take book 1 from drawer 1
(16): take wateringcan 1 from drawer 1
(17): take keychain 1 from drawer 1
(18): take pencil 1 from drawer 1
(19): take pencil 2 from drawer 1

**Answer**
Let's think step by step by following the instructions.
----------------------------------------

----------------------------------------

Original Response:
The task is to "put a book in armchair." Looking at the image provided, there is no book visible in the image, so the agent must search for a book. Based on the Initial Observation, books are likely to be found in drawers or a dresser. 

The most reasonable action from the choices given would be to go to a location where a book might be found. The options to go to the armchair, sofa, coffee table, and side tables are not relevant as they are places to put the book after it has been found, not where a book would typically be stored.

The instructions mention that there are multiple drawers and a dresser which could contain a book. The only action that involves obtaining a book from a drawer is (15): take book 1 from drawer 1. 

The answer is: (15): take book 1 from drawer 1.

----------------------------------------

----------------------------------------

>>> Refine Original VLM Response and Get Pure Action: take book 1 from drawer 1

----------------------------------------

-----------------------------------------------------------------

Running time: 8.229024171829224 seconds

Total Money: 1.4135499999999999

-----------------------------------------------------------------

-----------------------------------------------------------------

Text Observation:You pick up the book 1 from the drawer 1.

--------------------------------------------------------------------------------------------------------------------------task: 5---------------------------------------------------------
--------------------------------------------------------------------------------------------------------------------------------------------------------------------
--------------------------------------------------------------------------------------------------------------------------------------------------------------------
Step:--------------------------------------------------------------------------4-------------------------------------------------------------------------------
----------------------------------------
VLM Prompt:
Image1:
<image>
**Instruction**
1. Analyze the provided image to identify all visible household objects, focusing on those relevant to the task description "put a book in armchair."
2. Use the analysis of the image and the task hint "The agent must find an object of the desired type, pick it up, find the correct location to place it, and put it down there." to answer the question: what is the most reasonable action in the choices for the task description "put a book in armchair"?
4. Decide and write the answer using the template: The answer is: (i): <selected_action>, where i is the real number. If there is no desired object in the image, search every place based on **Initial Observation** to find the object. And if no one is exactly correct, choose a similar answer.

**Initial Observation**
You are in the middle of a room. Looking quickly around you, you can see armchair (1), sofa (1), coffeetable (1), drawer (1-4), sidetable (1-3), dresser (1)

**Answer Choices**
(1): go to armchair 1
(2): go to sofa 1
(3): go to coffeetable 1
(4): go to sidetable 1
(5): go to dresser 1
(6): go to drawer 2
(7): go to drawer 3
(8): go to drawer 4
(9): go to sidetable 2
(10): go to sidetable 3
(11): close drawer 1
(12): put book 1 in/on drawer 1
(13): examine book 1

**Answer**
Let's think step by step by following the instructions.
----------------------------------------

----------------------------------------

Original Response:
First, we analyze the provided image for any books. There is no book visible in the image on the armchair, sofa, coffee table, or side table. There is also no book on the floor that could be picked up and placed in the armchair.

Next, based on the initial observation, we must search every place to find the book. The places listed where a book might be found are drawers (1-4), sidetable (1-3), and dresser (1). We should start with the closest and most likely places where a book might be stored or placed.

Among the answer choices, going to the drawers or the dresser seems like the most reasonable action to find a book. Since the drawers are mentioned first in the initial observation, we can assume they are closer or more likely to contain a book than the dresser. Therefore, we should start with drawer 1.

The answer is: (6): go to drawer 2.

----------------------------------------

----------------------------------------

>>> Refine Original VLM Response and Get Pure Action: go to drawer 2

----------------------------------------

-----------------------------------------------------------------

Running time: 10.979902744293213 seconds

Total Money: 1.43071

-----------------------------------------------------------------

-----------------------------------------------------------------

Text Observation:You arrive at loc 6. The drawer 2 is closed. 

--------------------------------------------------------------------------------------------------------------------------task: 5---------------------------------------------------------
--------------------------------------------------------------------------------------------------------------------------------------------------------------------
--------------------------------------------------------------------------------------------------------------------------------------------------------------------
Step:--------------------------------------------------------------------------5-------------------------------------------------------------------------------
----------------------------------------
VLM Prompt:
Image1:
<image>
**Instruction**
1. Analyze the provided image to identify all visible household objects, focusing on those relevant to the task description "put a book in armchair."
2. Use the analysis of the image and the task hint "The agent must find an object of the desired type, pick it up, find the correct location to place it, and put it down there." to answer the question: what is the most reasonable action in the choices for the task description "put a book in armchair"?
4. Decide and write the answer using the template: The answer is: (i): <selected_action>, where i is the real number. If there is no desired object in the image, search every place based on **Initial Observation** to find the object. And if no one is exactly correct, choose a similar answer.

**Initial Observation**
You are in the middle of a room. Looking quickly around you, you can see armchair (1), sofa (1), coffeetable (1), drawer (1-4), sidetable (1-3), dresser (1)

**Answer Choices**
(1): go to armchair 1
(2): go to sofa 1
(3): go to coffeetable 1
(4): go to drawer 1
(5): go to sidetable 1
(6): go to dresser 1
(7): go to drawer 3
(8): go to drawer 4
(9): go to sidetable 2
(10): go to sidetable 3
(11): open drawer 2
(12): close drawer 2
(13): put book 1 in/on drawer 2
(14): examine book 1
(15): examine drawer 2

**Answer**
Let's think step by step by following the instructions.
----------------------------------------

----------------------------------------

Original Response:
First, we need to identify all visible household objects in the image. We can see an armchair, a side table with a plant on it, a coffee table with a vase and some small objects that we cannot identify clearly, and a rug with a picture of a book titled "The Pilot." It looks like the only book in the image is the one depicted on the rug, and it is not a physical book that can be picked up.

Based on the task description "put a book in armchair," we need to find a physical book. Since there is no book visible in the image, we need to search every place based on the Initial Observation.

The most reasonable action from the choices provided would be to go to the locations where a book is most likely to be found. Generally, books are kept in drawers, on side tables, or in a dresser. Therefore, the best action would be to check these locations.

The answer is: (4): go to drawer 1. If the book is not found there, the next reasonable actions would be to go to other drawers, side tables, or the dresser, in that order.

----------------------------------------

----------------------------------------

>>> Refine Original VLM Response and Get Pure Action: go to drawer 1

----------------------------------------

-----------------------------------------------------------------

Running time: 63.01162552833557 seconds

Total Money: 1.4491999999999998

-----------------------------------------------------------------

-----------------------------------------------------------------

Text Observation:You arrive at loc 3. The drawer 1 is open. On the drawer 1, you see a houseplant 1, a television 1, a box 1, a wateringcan 1, a keychain 1, a pencil 1, and a pencil 2.

--------------------------------------------------------------------------------------------------------------------------task: 5---------------------------------------------------------
--------------------------------------------------------------------------------------------------------------------------------------------------------------------
--------------------------------------------------------------------------------------------------------------------------------------------------------------------
Step:--------------------------------------------------------------------------6-------------------------------------------------------------------------------
----------------------------------------
VLM Prompt:
Image1:
<image>
**Instruction**
1. Analyze the provided image to identify all visible household objects, focusing on those relevant to the task description "put a book in armchair."
2. Use the analysis of the image and the task hint "The agent must find an object of the desired type, pick it up, find the correct location to place it, and put it down there." to answer the question: what is the most reasonable action in the choices for the task description "put a book in armchair"?
4. Decide and write the answer using the template: The answer is: (i): <selected_action>, where i is the real number. If there is no desired object in the image, search every place based on **Initial Observation** to find the object. And if no one is exactly correct, choose a similar answer.

**Initial Observation**
You are in the middle of a room. Looking quickly around you, you can see armchair (1), sofa (1), coffeetable (1), drawer (1-4), sidetable (1-3), dresser (1)

**Answer Choices**
(1): go to armchair 1
(2): go to sofa 1
(3): go to coffeetable 1
(4): go to sidetable 1
(5): go to dresser 1
(6): go to drawer 3
(7): go to drawer 4
(8): go to sidetable 2
(9): go to sidetable 3
(10): open drawer 1
(11): close drawer 1
(12): put book 1 in/on drawer 1
(13): examine book 1
(14): examine drawer 1

**Answer**
Let's think step by step by following the instructions.
----------------------------------------

----------------------------------------

Original Response:
The task is to put a book in the armchair. From the initial observation, we can see that there is an armchair, but the image does not show any book on the armchair or in the vicinity that could be put there. Therefore, we need to search for a book. 

The image shows that there is no book on the visible coffee table or side table. There are no dressers or drawers visible in the image, but they are mentioned in the initial observation. Since books are often kept in drawers or on side tables, these would be reasonable places to look for a book. 

The answer is: (6): go to drawer 3. This action is reasonable as it involves searching for a book in a place where books are commonly kept. If no book is found in drawer 3, the next reasonable actions would be to check the other drawers, side tables, or dresser.

----------------------------------------

----------------------------------------

>>> Refine Original VLM Response and Get Pure Action: go to drawer 3

----------------------------------------

-----------------------------------------------------------------

Running time: 45.16795253753662 seconds

Total Money: 1.46616

-----------------------------------------------------------------

-----------------------------------------------------------------

Text Observation:You arrive at loc 7. The drawer 3 is closed. 

--------------------------------------------------------------------------------------------------------------------------task: 5---------------------------------------------------------
--------------------------------------------------------------------------------------------------------------------------------------------------------------------
--------------------------------------------------------------------------------------------------------------------------------------------------------------------
Step:--------------------------------------------------------------------------7-------------------------------------------------------------------------------
----------------------------------------
VLM Prompt:
Image1:
<image>
**Instruction**
1. Analyze the provided image to identify all visible household objects, focusing on those relevant to the task description "put a book in armchair."
2. Use the analysis of the image and the task hint "The agent must find an object of the desired type, pick it up, find the correct location to place it, and put it down there." to answer the question: what is the most reasonable action in the choices for the task description "put a book in armchair"?
4. Decide and write the answer using the template: The answer is: (i): <selected_action>, where i is the real number. If there is no desired object in the image, search every place based on **Initial Observation** to find the object. And if no one is exactly correct, choose a similar answer.

**Initial Observation**
You are in the middle of a room. Looking quickly around you, you can see armchair (1), sofa (1), coffeetable (1), drawer (1-4), sidetable (1-3), dresser (1)

**Answer Choices**
(1): go to armchair 1
(2): go to sofa 1
(3): go to coffeetable 1
(4): go to sidetable 1
(5): go to dresser 1
(6): go to drawer 4
(7): go to sidetable 2
(8): go to sidetable 3
(9): open drawer 3
(10): close drawer 3
(11): put book 1 in/on drawer 3
(12): examine book 1
(13): examine drawer 3

**Answer**
Let's think step by step by following the instructions.
----------------------------------------

----------------------------------------

Original Response:
First, we need to identify all visible household objects in the image relevant to the task "put a book in armchair." The image shows an armchair, a sofa, a coffee table, a side table, and a drawer within a dresser.

Based on the task hint, the agent must find a book. However, there is no book visible in the image provided. Therefore, the agent needs to search every place based on the Initial Observation to find the object.

The Initial Observation mentions several potential locations where a book might be found, including an armchair, a sofa, a coffee table, sidetables, a dresser, and drawers.

Given the choices, the most reasonable action for the agent to start searching for the book would be to check locations where books are commonly placed or stored, such as a side table, dresser, or drawer. Since the image does not show a book on the visible side table or coffee table, we can assume the book might be in a less visible location such as a drawer or dresser.

The answer is: (6): go to drawer 4. If the book is not found there, the agent should continue searching the other locations mentioned in the Initial Observation.

----------------------------------------

----------------------------------------

>>> Refine Original VLM Response and Get Pure Action: go to drawer 4

----------------------------------------

-----------------------------------------------------------------

Running time: 28.029743909835815 seconds

Total Money: 1.4848

-----------------------------------------------------------------

-----------------------------------------------------------------

Text Observation:You arrive at loc 8. The drawer 4 is closed. 

--------------------------------------------------------------------------------------------------------------------------task: 5---------------------------------------------------------
--------------------------------------------------------------------------------------------------------------------------------------------------------------------
--------------------------------------------------------------------------------------------------------------------------------------------------------------------
Step:--------------------------------------------------------------------------8-------------------------------------------------------------------------------
----------------------------------------
VLM Prompt:
Image1:
<image>
**Instruction**
1. Analyze the provided image to identify all visible household objects, focusing on those relevant to the task description "put a book in armchair."
2. Use the analysis of the image and the task hint "The agent must find an object of the desired type, pick it up, find the correct location to place it, and put it down there." to answer the question: what is the most reasonable action in the choices for the task description "put a book in armchair"?
4. Decide and write the answer using the template: The answer is: (i): <selected_action>, where i is the real number. If there is no desired object in the image, search every place based on **Initial Observation** to find the object. And if no one is exactly correct, choose a similar answer.

**Initial Observation**
You are in the middle of a room. Looking quickly around you, you can see armchair (1), sofa (1), coffeetable (1), drawer (1-4), sidetable (1-3), dresser (1)

**Answer Choices**
(1): go to armchair 1
(2): go to sofa 1
(3): go to coffeetable 1
(4): go to sidetable 1
(5): go to dresser 1
(6): go to drawer 2
(7): go to sidetable 2
(8): go to sidetable 3
(9): open drawer 4
(10): close drawer 4
(11): put book 1 in/on drawer 4
(12): examine book 1
(13): examine drawer 4

**Answer**
Let's think step by step by following the instructions.
----------------------------------------

----------------------------------------

Original Response:
First, we need to analyze the image provided. In the image, there is no visible armchair, but there is a sofa, a side table with a plant on it, a coffee table, and a TV stand. There are no books visible in the image. Therefore, we need to search for a book based on the initial observation.

According to the initial observation, we have several locations where a book might be found: a drawer, a dresser, or a side table. The task requires us to "put a book in armchair," which means we first need to find a book.

From the answer choices provided, the actions that involve searching for an object are going to the different pieces of furniture or opening a drawer. Since we do not see any book on the visible side table, sofa, or coffee table, we can rule out options 1 to 4. The dresser is not visible in the image, which leaves us with the drawers as a potential place to find a book.

Option 9, "open drawer 4," seems like the most reasonable next action, as it involves searching for an object (a book) which may be inside the drawer.

The answer is: (9): open drawer 4.

----------------------------------------

----------------------------------------

>>> Refine Original VLM Response and Get Pure Action: open drawer 4

----------------------------------------

-----------------------------------------------------------------

Running time: 10.791352987289429 seconds

Total Money: 1.50365

-----------------------------------------------------------------

-----------------------------------------------------------------

Text Observation:You open the drawer 4. The drawer 4 is open. In it, you see a television 1, a box 1, a houseplant 1, a wateringcan 1, a tissuebox 1, a keychain 1, a remotecontrol 1, a pencil 1, and a pencil 2.

--------------------------------------------------------------------------------------------------------------------------task: 5---------------------------------------------------------
--------------------------------------------------------------------------------------------------------------------------------------------------------------------
--------------------------------------------------------------------------------------------------------------------------------------------------------------------
Step:--------------------------------------------------------------------------9-------------------------------------------------------------------------------
----------------------------------------
VLM Prompt:
Image1:
<image>
**Instruction**
1. Analyze the provided image to identify all visible household objects, focusing on those relevant to the task description "put a book in armchair."
2. Use the analysis of the image and the task hint "The agent must find an object of the desired type, pick it up, find the correct location to place it, and put it down there." to answer the question: what is the most reasonable action in the choices for the task description "put a book in armchair"?
4. Decide and write the answer using the template: The answer is: (i): <selected_action>, where i is the real number. If there is no desired object in the image, search every place based on **Initial Observation** to find the object. And if no one is exactly correct, choose a similar answer.

**Initial Observation**
You are in the middle of a room. Looking quickly around you, you can see armchair (1), sofa (1), coffeetable (1), drawer (1-4), sidetable (1-3), dresser (1)

**Answer Choices**
(1): go to armchair 1
(2): go to sofa 1
(3): go to coffeetable 1
(4): go to drawer 1
(5): go to sidetable 1
(6): go to dresser 1
(7): go to drawer 2
(8): go to sidetable 2
(9): go to sidetable 3
(10): close drawer 4
(11): put book 1 in/on drawer 4
(12): examine book 1
(13): examine drawer 4

**Answer**
Let's think step by step by following the instructions.
----------------------------------------

----------------------------------------

Original Response:
First, we need to identify all visible household objects relevant to the task. In the image, there is no armchair visible, but we can see a sofa, a coffee table, a side table, and a TV stand with drawers. There is no book visible in the image.

Considering the task description "put a book in armchair" and the initial observation stating the existence of an armchair, we need to find a book before we can place it in the armchair. Since there is no book in the image, we must search every place based on the initial observation to find one.

Among the answer choices, the most reasonable action for the task description would be to go to a location where a book might be found. Drawers, sidetables, and dressers are typical places where one might find a book.

Since we cannot see an armchair or a book in the image, we can eliminate choices (1), (2), (3), (10), (11), and (12). Among the remaining choices, going to a drawer or a dresser would be the most reasonable next step to potentially find a book.

The answer is: (4): go to drawer 1.

----------------------------------------

----------------------------------------

>>> Refine Original VLM Response and Get Pure Action: go to drawer 1

----------------------------------------

-----------------------------------------------------------------

Running time: 14.118181228637695 seconds

Total Money: 1.5223

-----------------------------------------------------------------

-----------------------------------------------------------------

Text Observation:You arrive at loc 3. The drawer 1 is open. On the drawer 1, you see a houseplant 1, a television 1, a box 1, a wateringcan 1, a keychain 1, a pencil 1, and a pencil 2.

--------------------------------------------------------------------------------------------------------------------------task: 5---------------------------------------------------------
--------------------------------------------------------------------------------------------------------------------------------------------------------------------
--------------------------------------------------------------------------------------------------------------------------------------------------------------------
Step:--------------------------------------------------------------------------10-------------------------------------------------------------------------------
----------------------------------------
VLM Prompt:
Image1:
<image>
**Instruction**
1. Analyze the provided image to identify all visible household objects, focusing on those relevant to the task description "put a book in armchair."
2. Use the analysis of the image and the task hint "The agent must find an object of the desired type, pick it up, find the correct location to place it, and put it down there." to answer the question: what is the most reasonable action in the choices for the task description "put a book in armchair"?
4. Decide and write the answer using the template: The answer is: (i): <selected_action>, where i is the real number. If there is no desired object in the image, search every place based on **Initial Observation** to find the object. And if no one is exactly correct, choose a similar answer.

**Initial Observation**
You are in the middle of a room. Looking quickly around you, you can see armchair (1), sofa (1), coffeetable (1), drawer (1-4), sidetable (1-3), dresser (1)

**Answer Choices**
(1): go to armchair 1
(2): go to sofa 1
(3): go to coffeetable 1
(4): go to sidetable 1
(5): go to dresser 1
(6): go to drawer 2
(7): go to drawer 3
(8): go to sidetable 2
(9): go to sidetable 3
(10): open drawer 1
(11): close drawer 1
(12): put book 1 in/on drawer 1
(13): examine book 1
(14): examine drawer 1

**Answer**
Let's think step by step by following the instructions.
----------------------------------------

----------------------------------------

Original Response:
The task is to "put a book in armchair." In the image provided, there is no book visible. Based on the initial observation, we must search for the book in the locations mentioned. The locations given are armchair, sofa, coffee table, side tables, dresser, and drawers. Since the task is to put a book in the armchair, we first need to find a book. The most logical places to look for a book would be on the coffee table, side tables, dresser, or inside the drawers as these are common places where books are kept.

The answer is: (10): open drawer 1, as this is the first step in searching for a book inside drawers, which is a likely location to find one. If no book is found in drawer 1, the next reasonable actions would be to search the other drawers or surfaces mentioned.

----------------------------------------

----------------------------------------

>>> Refine Original VLM Response and Get Pure Action: open drawer 1, as this is the first step in searching for a book inside drawers, which is a likely location to find one

----------------------------------------

-----------------------------------------------------------------

Running time: 10.936460971832275 seconds

Total Money: 1.53905

-----------------------------------------------------------------

-----------------------------------------------------------------

Text Observation:Nothing happens.

--------------------------------------------------------------------------------------------------------------------------task: 5---------------------------------------------------------
--------------------------------------------------------------------------------------------------------------------------------------------------------------------
--------------------------------------------------------------------------------------------------------------------------------------------------------------------
Step:--------------------------------------------------------------------------11-------------------------------------------------------------------------------
----------------------------------------
VLM Prompt:
Image1:
<image>
**Instruction**
1. Analyze the provided image to identify all visible household objects, focusing on those relevant to the task description "put a book in armchair."
2. Use the analysis of the image and the task hint "The agent must find an object of the desired type, pick it up, find the correct location to place it, and put it down there." to answer the question: what is the most reasonable action in the choices for the task description "put a book in armchair"?
4. Decide and write the answer using the template: The answer is: (i): <selected_action>, where i is the real number. If there is no desired object in the image, search every place based on **Initial Observation** to find the object. And if no one is exactly correct, choose a similar answer.

**Initial Observation**
You are in the middle of a room. Looking quickly around you, you can see armchair (1), sofa (1), coffeetable (1), drawer (1-4), sidetable (1-3), dresser (1)

**Answer Choices**
(1): go to armchair 1
(2): go to sofa 1
(3): go to coffeetable 1
(4): go to sidetable 1
(5): go to dresser 1
(6): go to drawer 2
(7): go to drawer 3
(8): go to drawer 4
(9): go to sidetable 2
(10): go to sidetable 3
(11): open drawer 1
(12): close drawer 1
(13): put book 1 in/on drawer 1
(14): examine book 1
(15): examine drawer 1

**Answer**
Let's think step by step by following the instructions.
----------------------------------------

----------------------------------------

Original Response:
First, we need to identify all visible household objects relevant to the task "put a book in armchair." In the image, we can see an armchair, a side table with a plant on it, a coffee table, and a book on the floor with the title "THE PILOT."

Next, we need to decide the most reasonable action based on the task description and the hint provided. Since we have identified a book in the image ("THE PILOT" on the floor), the agent doesn't need to search every place to find a book. Instead, the agent should pick up the book and place it in the armchair.

The action that most closely matches this step would be to pick up the book and then go to the armchair to place it. However, the provided choices do not include an action for picking up the book. The closest action we have related to the book is to examine it, which could be the first step before picking it up.

Therefore, the most reasonable action from the provided choices would be to first examine the book and then proceed to place it in the armchair. But since the explicit action of picking up the book is not an option, we'll choose the action that involves the book and the armchair.

The answer is: (14): examine book 1.

----------------------------------------

----------------------------------------

>>> Refine Original VLM Response and Get Pure Action: examine book 1

----------------------------------------

-----------------------------------------------------------------

Running time: 17.17487382888794 seconds

Total Money: 1.55856

-----------------------------------------------------------------

-----------------------------------------------------------------

Text Observation:This is a normal book 1

--------------------------------------------------------------------------------------------------------------------------task: 5---------------------------------------------------------
--------------------------------------------------------------------------------------------------------------------------------------------------------------------
--------------------------------------------------------------------------------------------------------------------------------------------------------------------
Step:--------------------------------------------------------------------------12-------------------------------------------------------------------------------
----------------------------------------
VLM Prompt:
Image1:
<image>
**Instruction**
1. Analyze the provided image to identify all visible household objects, focusing on those relevant to the task description "put a book in armchair."
2. Use the analysis of the image and the task hint "The agent must find an object of the desired type, pick it up, find the correct location to place it, and put it down there." to answer the question: what is the most reasonable action in the choices for the task description "put a book in armchair"?
4. Decide and write the answer using the template: The answer is: (i): <selected_action>, where i is the real number. If there is no desired object in the image, search every place based on **Initial Observation** to find the object. And if no one is exactly correct, choose a similar answer.

**Initial Observation**
You are in the middle of a room. Looking quickly around you, you can see armchair (1), sofa (1), coffeetable (1), drawer (1-4), sidetable (1-3), dresser (1)

**Answer Choices**
(1): go to armchair 1
(2): go to sofa 1
(3): go to coffeetable 1
(4): go to sidetable 1
(5): go to dresser 1
(6): go to drawer 2
(7): go to drawer 3
(8): go to drawer 4
(9): go to sidetable 2
(10): go to sidetable 3
(11): open drawer 1
(12): close drawer 1
(13): put book 1 in/on drawer 1
(14): examine drawer 1

**Answer**
Let's think step by step by following the instructions.
----------------------------------------

----------------------------------------

Original Response:
The task is to put a book in the armchair. In the provided image, there is no book visible. Therefore, the agent must search for the book in the locations mentioned in the Initial Observation.

Since books are commonly found in drawers, sidetables, or dressers, it would be reasonable to check these locations first. Among the options given, "go to drawer 1" seems to be the most direct action to start searching for a book as it is the first drawer mentioned and typically, the first drawer would be the topmost one which is easier to access.

The answer is: (1): go to drawer 1.

----------------------------------------

----------------------------------------

>>> Refine Original VLM Response and Get Pure Action: go to drawer 1

----------------------------------------

-----------------------------------------------------------------

Running time: 8.974438905715942 seconds

Total Money: 1.57394

-----------------------------------------------------------------

-----------------------------------------------------------------

Text Observation:Nothing happens.

--------------------------------------------------------------------------------------------------------------------------task: 5---------------------------------------------------------
--------------------------------------------------------------------------------------------------------------------------------------------------------------------
--------------------------------------------------------------------------------------------------------------------------------------------------------------------
Step:--------------------------------------------------------------------------13-------------------------------------------------------------------------------
----------------------------------------
VLM Prompt:
Image1:
<image>
**Instruction**
1. Analyze the provided image to identify all visible household objects, focusing on those relevant to the task description "put a book in armchair."
2. Use the analysis of the image and the task hint "The agent must find an object of the desired type, pick it up, find the correct location to place it, and put it down there." to answer the question: what is the most reasonable action in the choices for the task description "put a book in armchair"?
4. Decide and write the answer using the template: The answer is: (i): <selected_action>, where i is the real number. If there is no desired object in the image, search every place based on **Initial Observation** to find the object. And if no one is exactly correct, choose a similar answer.

**Initial Observation**
You are in the middle of a room. Looking quickly around you, you can see armchair (1), sofa (1), coffeetable (1), drawer (1-4), sidetable (1-3), dresser (1)

**Answer Choices**
(1): go to armchair 1
(2): go to sofa 1
(3): go to coffeetable 1
(4): go to sidetable 1
(5): go to dresser 1
(6): go to drawer 2
(7): go to drawer 3
(8): go to drawer 4
(9): go to sidetable 2
(10): go to sidetable 3
(11): open drawer 1
(12): close drawer 1
(13): put book 1 in/on drawer 1
(14): examine drawer 1

**Answer**
Let's think step by step by following the instructions.
----------------------------------------

----------------------------------------

Original Response:
The task is to put a book in an armchair. From the image, we can see an armchair but no book on it or nearby. So, the first step is to find a book. Since none is visible in the image, we must search places where a book might be found based on the Initial Observation. Drawers, sidetables, and a dresser are typical places where one might find a book. 

To complete the task efficiently, we should start by searching the closest object storage locations to the armchair. The image shows a sidetable right next to the armchair, which is a likely place to start looking for a book. 

The answer is: (4): go to sidetable 1.

----------------------------------------

----------------------------------------

>>> Refine Original VLM Response and Get Pure Action: go to sidetable 1

----------------------------------------

-----------------------------------------------------------------

Running time: 47.582375049591064 seconds

Total Money: 1.5898299999999999

-----------------------------------------------------------------

-----------------------------------------------------------------

Text Observation:You arrive at loc 4. On the sidetable 1, you see a houseplant 1, and a pencil 1.

--------------------------------------------------------------------------------------------------------------------------task: 5---------------------------------------------------------
--------------------------------------------------------------------------------------------------------------------------------------------------------------------
--------------------------------------------------------------------------------------------------------------------------------------------------------------------
Step:--------------------------------------------------------------------------14-------------------------------------------------------------------------------
----------------------------------------
VLM Prompt:
Image1:
<image>
**Instruction**
1. Analyze the provided image to identify all visible household objects, focusing on those relevant to the task description "put a book in armchair."
2. Use the analysis of the image and the task hint "The agent must find an object of the desired type, pick it up, find the correct location to place it, and put it down there." to answer the question: what is the most reasonable action in the choices for the task description "put a book in armchair"?
4. Decide and write the answer using the template: The answer is: (i): <selected_action>, where i is the real number. If there is no desired object in the image, search every place based on **Initial Observation** to find the object. And if no one is exactly correct, choose a similar answer.

**Initial Observation**
You are in the middle of a room. Looking quickly around you, you can see armchair (1), sofa (1), coffeetable (1), drawer (1-4), sidetable (1-3), dresser (1)

**Answer Choices**
(1): go to armchair 1
(2): go to sofa 1
(3): go to coffeetable 1
(4): go to dresser 1
(5): go to drawer 2
(6): go to drawer 3
(7): go to drawer 4
(8): go to sidetable 2
(9): go to sidetable 3
(10): put book 1 in/on sidetable 1
(11): examine sidetable 1

**Answer**
Let's think step by step by following the instructions.
----------------------------------------

----------------------------------------

Original Response:
First, we analyze the image provided. We can see a book titled "THE PILOT" on a surface that appears to be a sidetable or a coffeetable, given its height and position next to what seems like an armchair. There's also a plate with an incense stick on the same table.

Now, referring to the task at hand, "put a book in armchair," we must identify the book and the armchair. The book is clearly visible on the table in the image, and we can infer the armchair's presence next to the table, although it is not fully visible in the image.

Given the Initial Observation, we know there's one armchair and one coffeetable in the room. Based on the image, it is reasonable to deduce that the book is already on the coffeetable or a sidetable, which is near the armchair. 

Now, looking at the Answer Choices, the most reasonable action would be to take the book from the table it is currently on and put it in the armchair. However, the choices provided do not include an action for picking up the book directly from its current location. The closest action that would allow us to proceed with the task is to examine the sidetable (where the book is) before picking it up.

The answer is: (11): examine sidetable 1. After examining, the next logical step would be to pick up the book and then place it in the armchair.

----------------------------------------

----------------------------------------

>>> Refine Original VLM Response and Get Pure Action: examine sidetable 1

----------------------------------------

-----------------------------------------------------------------

Running time: 12.315240621566772 seconds

Total Money: 1.6100999999999999

-----------------------------------------------------------------

-----------------------------------------------------------------

Text Observation:On the sidetable 1, you see a houseplant 1, and a pencil 1.

--------------------------------------------------------------------------------------------------------------------------task: 5---------------------------------------------------------
--------------------------------------------------------------------------------------------------------------------------------------------------------------------
--------------------------------------------------------------------------------------------------------------------------------------------------------------------
Step:--------------------------------------------------------------------------15-------------------------------------------------------------------------------
----------------------------------------
VLM Prompt:
Image1:
<image>
**Instruction**
1. Analyze the provided image to identify all visible household objects, focusing on those relevant to the task description "put a book in armchair."
2. Use the analysis of the image and the task hint "The agent must find an object of the desired type, pick it up, find the correct location to place it, and put it down there." to answer the question: what is the most reasonable action in the choices for the task description "put a book in armchair"?
4. Decide and write the answer using the template: The answer is: (i): <selected_action>, where i is the real number. If there is no desired object in the image, search every place based on **Initial Observation** to find the object. And if no one is exactly correct, choose a similar answer.

**Initial Observation**
You are in the middle of a room. Looking quickly around you, you can see armchair (1), sofa (1), coffeetable (1), drawer (1-4), sidetable (1-3), dresser (1)

**Answer Choices**
(1): go to armchair 1
(2): go to sofa 1
(3): go to coffeetable 1
(4): go to dresser 1
(5): go to drawer 2
(6): go to drawer 3
(7): go to drawer 4
(8): go to sidetable 2
(9): go to sidetable 3
(10): put book 1 in/on sidetable 1
(11): examine book 1

**Answer**
Let's think step by step by following the instructions.
----------------------------------------

----------------------------------------

Original Response:
First, we need to identify the visible household objects relevant to the task "put a book in armchair." In the image, we can see a book titled "THE PILOT" on a sidetable next to an armchair, and a plant on the same sidetable.

Given the task description and the hint provided, the most reasonable action would be to pick up the book that is already visible in the image and place it in the armchair.

Based on the answer choices provided, the action that aligns with this reasoning is:
(10): put book 1 in/on sidetable 1

However, this action is not entirely correct as it suggests putting the book back on the sidetable where it already is. Since the task is to put the book in the armchair and the book is already next to the armchair on the sidetable, the most similar and reasonable action would be to pick up the book and place it in the armchair. Since there is no direct option to pick up the book and place it in the armchair, we have to choose the closest possible action which is to examine the book, and possibly after examining it, the next action would be to put it in the armchair.

The answer is: (11): examine book 1

----------------------------------------

----------------------------------------

>>> Refine Original VLM Response and Get Pure Action: examine book 1

----------------------------------------

-----------------------------------------------------------------

Running time: 8.644115447998047 seconds

Total Money: 1.6290699999999998

-----------------------------------------------------------------

-----------------------------------------------------------------

Text Observation:This is a normal book 1

--------------------------------------------------------------------------------------------------------------------------task: 5---------------------------------------------------------
--------------------------------------------------------------------------------------------------------------------------------------------------------------------
--------------------------------------------------------------------------------------------------------------------------------------------------------------------
Step:--------------------------------------------------------------------------16-------------------------------------------------------------------------------
----------------------------------------
VLM Prompt:
Image1:
<image>
**Instruction**
1. Analyze the provided image to identify all visible household objects, focusing on those relevant to the task description "put a book in armchair."
2. Use the analysis of the image and the task hint "The agent must find an object of the desired type, pick it up, find the correct location to place it, and put it down there." to answer the question: what is the most reasonable action in the choices for the task description "put a book in armchair"?
4. Decide and write the answer using the template: The answer is: (i): <selected_action>, where i is the real number. If there is no desired object in the image, search every place based on **Initial Observation** to find the object. And if no one is exactly correct, choose a similar answer.

**Initial Observation**
You are in the middle of a room. Looking quickly around you, you can see armchair (1), sofa (1), coffeetable (1), drawer (1-4), sidetable (1-3), dresser (1)

**Answer Choices**
(1): go to armchair 1
(2): go to sofa 1
(3): go to coffeetable 1
(4): go to drawer 1
(5): go to dresser 1
(6): go to drawer 2
(7): go to drawer 3
(8): go to drawer 4
(9): go to sidetable 2
(10): go to sidetable 3
(11): put book 1 in/on sidetable 1

**Answer**
Let's think step by step by following the instructions.
----------------------------------------

----------------------------------------

Original Response:
Analyzing the image, we can see an armchair on the left side and a side table on the right side with a book titled "THE PILOT" on it. This book is the object relevant to the task description "put a book in armchair."

Based on the task hint, the agent must first find the book, which is already visible in the image. The next step would be to pick up the book and then find the armchair to place it in.

Since the book is already on the sidetable 1, the agent does not need to go to any other location to search for a book. Therefore, the most reasonable action would be to pick up the book from the sidetable and put it in the armchair.

The answer is: (11): put book 1 in/on sidetable 1.

----------------------------------------

----------------------------------------

>>> Refine Original VLM Response and Get Pure Action: put book 1 in/on sidetable 1

----------------------------------------

-----------------------------------------------------------------

Running time: 8.265557527542114 seconds

Total Money: 1.6453499999999999

-----------------------------------------------------------------

-----------------------------------------------------------------

Text Observation:Nothing happens.

--------------------------------------------------------------------------------------------------------------------------task: 5---------------------------------------------------------
--------------------------------------------------------------------------------------------------------------------------------------------------------------------
--------------------------------------------------------------------------------------------------------------------------------------------------------------------
Step:--------------------------------------------------------------------------17-------------------------------------------------------------------------------
----------------------------------------
VLM Prompt:
Image1:
<image>
**Instruction**
1. Analyze the provided image to identify all visible household objects, focusing on those relevant to the task description "put a book in armchair."
2. Use the analysis of the image and the task hint "The agent must find an object of the desired type, pick it up, find the correct location to place it, and put it down there." to answer the question: what is the most reasonable action in the choices for the task description "put a book in armchair"?
4. Decide and write the answer using the template: The answer is: (i): <selected_action>, where i is the real number. If there is no desired object in the image, search every place based on **Initial Observation** to find the object. And if no one is exactly correct, choose a similar answer.

**Initial Observation**
You are in the middle of a room. Looking quickly around you, you can see armchair (1), sofa (1), coffeetable (1), drawer (1-4), sidetable (1-3), dresser (1)

**Answer Choices**
(1): go to armchair 1
(2): go to sofa 1
(3): go to coffeetable 1
(4): go to drawer 1
(5): go to dresser 1
(6): go to drawer 2
(7): go to drawer 3
(8): go to drawer 4
(9): go to sidetable 2
(10): go to sidetable 3

**Answer**
Let's think step by step by following the instructions.
----------------------------------------

----------------------------------------

Original Response:
Firstly, we need to identify all visible household objects in the image that are relevant to the task "put a book in armchair." In the image, we can see a poster or book with the title "THE PILOT" on a table, a white plate with what appears to be a small object on it, an armchair, and a plant in a pot.

Since the task is to put a book in an armchair, and we can see a book-like object on the table, the most reasonable action would be to pick up the book and place it in the armchair. The armchair is also visible in the image, and since the task does not require us to search every place, we can proceed with the action.

The answer is: (1): go to armchair 1

----------------------------------------

----------------------------------------

>>> Refine Original VLM Response and Get Pure Action: go to armchair 1

----------------------------------------

-----------------------------------------------------------------

Running time: 8.785128593444824 seconds

Total Money: 1.6613399999999998

-----------------------------------------------------------------

-----------------------------------------------------------------

Text Observation:You arrive at loc 0. On the armchair 1, you see a lightswitch 1, and a floorlamp 1.

--------------------------------------------------------------------------------------------------------------------------task: 5---------------------------------------------------------
--------------------------------------------------------------------------------------------------------------------------------------------------------------------
--------------------------------------------------------------------------------------------------------------------------------------------------------------------
Step:--------------------------------------------------------------------------18-------------------------------------------------------------------------------
----------------------------------------
VLM Prompt:
Image1:
<image>
**Instruction**
1. Analyze the provided image to identify all visible household objects, focusing on those relevant to the task description "put a book in armchair."
2. Use the analysis of the image and the task hint "The agent must find an object of the desired type, pick it up, find the correct location to place it, and put it down there." to answer the question: what is the most reasonable action in the choices for the task description "put a book in armchair"?
4. Decide and write the answer using the template: The answer is: (i): <selected_action>, where i is the real number. If there is no desired object in the image, search every place based on **Initial Observation** to find the object. And if no one is exactly correct, choose a similar answer.

**Initial Observation**
You are in the middle of a room. Looking quickly around you, you can see armchair (1), sofa (1), coffeetable (1), drawer (1-4), sidetable (1-3), dresser (1)

**Answer Choices**
(1): go to sofa 1
(2): go to coffeetable 1
(3): go to drawer 1
(4): go to sidetable 1
(5): go to dresser 1
(6): go to drawer 2
(7): go to drawer 3
(8): go to drawer 4
(9): go to sidetable 2
(10): go to sidetable 3
(11): put book 1 in/on armchair 1
(12): use floorlamp 1
(13): examine armchair 1

**Answer**
Let's think step by step by following the instructions.
----------------------------------------

----------------------------------------

Original Response:
The task is to "put a book in armchair." From the image provided, we can see an armchair and a book titled "THE PILOT" already placed on it. There is no need to search for the book in other locations since it is already in the correct place according to the task description.

Therefore, the most reasonable action from the choices for the task description is to acknowledge the book is already in the right place.

The answer is: (11): put book 1 in/on armchair 1.

----------------------------------------

----------------------------------------

>>> Refine Original VLM Response and Get Pure Action: put book 1 in/on armchair 1

----------------------------------------

-----------------------------------------------------------------

Running time: 7.366564989089966 seconds

Total Money: 1.6759399999999998

-----------------------------------------------------------------

-----------------------------------------------------------------

Text Observation:Nothing happens.

--------------------------------------------------------------------------------------------------------------------------task: 5---------------------------------------------------------
--------------------------------------------------------------------------------------------------------------------------------------------------------------------
--------------------------------------------------------------------------------------------------------------------------------------------------------------------
Step:--------------------------------------------------------------------------19-------------------------------------------------------------------------------
----------------------------------------
VLM Prompt:
Image1:
<image>
**Instruction**
1. Analyze the provided image to identify all visible household objects, focusing on those relevant to the task description "put a book in armchair."
2. Use the analysis of the image and the task hint "The agent must find an object of the desired type, pick it up, find the correct location to place it, and put it down there." to answer the question: what is the most reasonable action in the choices for the task description "put a book in armchair"?
4. Decide and write the answer using the template: The answer is: (i): <selected_action>, where i is the real number. If there is no desired object in the image, search every place based on **Initial Observation** to find the object. And if no one is exactly correct, choose a similar answer.

**Initial Observation**
You are in the middle of a room. Looking quickly around you, you can see armchair (1), sofa (1), coffeetable (1), drawer (1-4), sidetable (1-3), dresser (1)

**Answer Choices**
(1): go to sofa 1
(2): go to coffeetable 1
(3): go to drawer 1
(4): go to sidetable 1
(5): go to dresser 1
(6): go to drawer 2
(7): go to drawer 3
(8): go to drawer 4
(9): go to sidetable 2
(10): go to sidetable 3
(11): use floorlamp 1
(12): examine book 1
(13): examine armchair 1

**Answer**
Let's think step by step by following the instructions.
----------------------------------------

----------------------------------------

Original Response:
The task is to put a book in an armchair. From the image provided, we can see that there is already a book with the title "THE PILOT" lying on the armchair. 

Based on the task hint, the agent must find an object of the desired type, which in this case, is already present in the image (the book on the armchair). Therefore, the agent does not need to search for the book in other locations like the sofa, coffee table, drawers, side tables, or dresser.

The most reasonable action from the choices provided for the task description "put a book in armchair" would be to examine the book that is already in the armchair to confirm if it's the correct book to be placed there.

The answer is: (12): examine book 1.

----------------------------------------

----------------------------------------

>>> Refine Original VLM Response and Get Pure Action: examine book 1

----------------------------------------

-----------------------------------------------------------------

Running time: 13.40247631072998 seconds

Total Money: 1.6922499999999998

-----------------------------------------------------------------

-----------------------------------------------------------------

Text Observation:This is a normal book 1

-----------------------------------------------------------------