---------------------------------------------------------task: 2---------------------------------------------------------
--------------------------------------------------------------------------------------------------------------------------------------------------------------------
--------------------------------------------------------------------------------------------------------------------------------------------------------------------
Step:--------------------------------------------------------------------------0-------------------------------------------------------------------------------
----------------------------------------
VLM Prompt:
**Task**  
Please perform as an embodied AI agent. Our final objective is to examine the pen with the desklamp. Below is the plan for completing the task, the current observation, alongside historical data and admissible actions for the next step. Please determine the best action for the next step!

**Plan**
Below is a detailed step-by-step plan to complete the task.
1. Find a pen.
2. Pick up the pen.
3. Locate a desklamp.
4. Turn on the desklamp.
5. Examine the pen under the light of the desklamp.

**Current Observation**
Displayed is an image capturing the current position of the agent.
<image>
Objects in The Image: ['wall', 'bedside table', 'smartphone']

**History Information**
Displayed are the previous observations with their corresponding actions.
No history.

**Admissible Actions**
(1): go to bed 1
(2): go to dresser 1
(3): go to bed 2
(4): go to drawer 1
(5): go to sidetable 1
(6): go to drawer 2
(7): go to sidetable 2
(8): go to drawer 3
(9): go to drawer 4
(10): go to desk 1
(11): go to garbagecan 1
(12): go to drawer 5
(13): go to drawer 6
(14): go to drawer 7
(15): go to drawer 8
(16): go to drawer 9
(17): go to drawer 10
(18): go to drawer 11
(19): go to safe 1

**Analysis Guideline**
1. Analyze the history and current observation, and then determine our current step in the plan and our current place. 
2. List all visible objects related to the task in the current observation, without summarizing any as "various items."
3. Analyze the objects in the current observation based on the history and the requirements for the current step, and then determine if we can complete the step with the current observation.
4. Analyze and decide on the most appropriate action to take.
5. Summarize the analysis using the following format: "Analysis: [The summarization of the analysis], The Most Appropriate Action: (i which is the integer.): [Selected action]"

**Notes**
1. We must complete each step of the plan in order and cannot skip steps when the previous ones are not finished.
2. For "Go to" actions listed as "go to xxx [n]", interpret this as there are n distinct actions available: "go to xxx 1", "go to xxx 2", ..., "go to xxx n". Select one specific action from these options instead of using "go to xxx [n]".
3. If receptacles such as drawers, cabinets, and so forth are closed in the current observation, we may try to open them.
4. Pay attention to synonyms and ensure clarity in the terms used.
5. We must determine and provide the single action which must be in the **Admissible Actions**.
6. If there is no history available, we are at the first step and the current place is "Unknown".


**Answer**
Please select the most suitable action by following the **Analysis Guideline**, keeping the above **Notes** in mind.
----------------------------------------

----------------------------------------

VLM Response:
Analysis: The current step in the plan is to find a pen, which is the first step. Since there is no history available, our current place is "Unknown." The current observation shows a wall, a bedside table, and a smartphone. None of these objects are a pen, and there are no pens visible in the current observation. Therefore, we cannot complete the current step with the current observation. The most logical locations to find a pen would be on a desk or within drawers. Among the admissible actions, going to the desk is the most likely to allow us to find a pen, as desks commonly have pens on or in them.

The Most Appropriate Action: (10): go to desk 1

----------------------------------------

----------------------------------------

>>> Refine VLM Response and Get Pure Action: go to desk 1

----------------------------------------

-----------------------------------------------------------------

Running time: 11.348470687866211 seconds

Total Money: 0

-----------------------------------------------------------------

-----------------------------------------------------------------

Summarization Prompt:
**Context**
Analysis: Since there is no history information, we are at the first step in the plan, which is to find a statue. The current place is unknown. In the current observation, we see a floorlamp next to an armchair with a small table that has a small object on it, which could potentially be the statue we are looking for. Since the plan requires us to find a statue first and it appears there might be one on the table next to the armchair, we should investigate this object to determine if it is the statue we need.
The Most Appropriate Action: (1): go to armchair 1

**Summary**
1. Step Index in the Plan: 1
2. Objects: Floorlamp, Armchair, Small Table, Small Object (potential statue)
3. Action: go to armchair 1

**Context**
Analysis: The current step in the plan is to find a pen, which is the first step. Since there is no history available, our current place is "Unknown." The current observation shows a wall, a bedside table, and a smartphone. None of these objects are a pen, and there are no pens visible in the current observation. Therefore, we cannot complete the current step with the current observation. The most logical locations to find a pen would be on a desk or within drawers. Among the admissible actions, going to the desk is the most likely to allow us to find a pen, as desks commonly have pens on or in them.

The Most Appropriate Action: (10): go to desk 1

Please summarize the context by following above examples when providing the summary, and ensure that only the summary is included, without any extra explanation.

**Summary**

-----------------------------------------------------------------

-----------------------------------------------------------------

Summarization Response:
1. Step Index in the Plan: 1
2. Objects: Wall, Bedside Table, Smartphone
3. Action: go to desk 1

-----------------------------------------------------------------

-----------------------------------------------------------------

Text Observation:You arrive at loc 9. On the desk 1, you see a bowl 1, a mug 1, and a pencil 1.

--------------------------------------------------------------------------------------------------------------------------task: 2---------------------------------------------------------
--------------------------------------------------------------------------------------------------------------------------------------------------------------------
--------------------------------------------------------------------------------------------------------------------------------------------------------------------
Step:--------------------------------------------------------------------------1-------------------------------------------------------------------------------
----------------------------------------
VLM Prompt:
**Task**  
Please perform as an embodied AI agent. Our final objective is to examine the pen with the desklamp. Below is the plan for completing the task, the current observation, alongside historical data and admissible actions for the next step. Please determine the best action for the next step!

**Plan**
Below is a detailed step-by-step plan to complete the task.
1. Find a pen.
2. Pick up the pen.
3. Locate a desklamp.
4. Turn on the desklamp.
5. Examine the pen under the light of the desklamp.

**Current Observation**
Displayed is an image capturing the current position of the agent.
<image>
Objects in The Image: ['pencil', 'hat', 'cup']

**History Information**
Displayed are the previous observations with their corresponding actions.
State 0:
No history.
State 1:
1. Step Index in the Plan: 1
2. Objects: Wall, Bedside Table, Smartphone
3. Action: go to desk 1


**Admissible Actions**
(1): go to bed 1
(2): go to dresser 1
(3): go to bed 2
(4): go to drawer 1
(5): go to sidetable 1
(6): go to drawer 2
(7): go to sidetable 2
(8): go to drawer 3
(9): go to drawer 4
(10): go to garbagecan 1
(11): go to drawer 5
(12): go to drawer 6
(13): go to drawer 7
(14): go to drawer 8
(15): go to drawer 9
(16): go to drawer 10
(17): go to drawer 11
(18): go to safe 1
(19): take bowl 1 from desk 1
(20): take mug 1 from desk 1
(21): take pencil 1 from desk 1

**Analysis Guideline**
1. Analyze the history and current observation, and then determine our current step in the plan and our current place. 
2. List all visible objects related to the task in the current observation, without summarizing any as "various items."
3. Analyze the objects in the current observation based on the history and the requirements for the current step, and then determine if we can complete the step with the current observation.
4. Analyze and decide on the most appropriate action to take.
5. Summarize the analysis using the following format: "Analysis: [The summarization of the analysis], The Most Appropriate Action: (i which is the integer.): [Selected action]"

**Notes**
1. We must complete each step of the plan in order and cannot skip steps when the previous ones are not finished.
2. For "Go to" actions listed as "go to xxx [n]", interpret this as there are n distinct actions available: "go to xxx 1", "go to xxx 2", ..., "go to xxx n". Select one specific action from these options instead of using "go to xxx [n]".
3. If receptacles such as drawers, cabinets, and so forth are closed in the current observation, we may try to open them.
4. Pay attention to synonyms and ensure clarity in the terms used.
5. We must determine and provide the single action which must be in the **Admissible Actions**.
6. If there is no history available, we are at the first step and the current place is "Unknown".


**Answer**
Please select the most suitable action by following the **Analysis Guideline**, keeping the above **Notes** in mind.
----------------------------------------

----------------------------------------

VLM Response:
Analysis: The current step in the plan is to pick up the pen, which corresponds to step 2. The current place is a desk, as indicated by the previous action taken to go to desk 1. The objects in the current observation are a pencil, a hat, and a cup. None of these objects is the pen we are looking to pick up; however, the pencil might be mistaken for a pen. Based on the requirements for the current step, we can attempt to complete the step with the current observation by taking the pencil, assuming that "pencil" is being used synonymously with "pen" in this context, which is common in everyday language. Therefore, the most appropriate action would be to pick up the pencil, which may be the pen we are tasked to examine.

The Most Appropriate Action: (21): take pencil 1 from desk 1

----------------------------------------

----------------------------------------

>>> Refine VLM Response and Get Pure Action: take pencil 1 from desk 1

----------------------------------------

-----------------------------------------------------------------

Running time: 8.204480648040771 seconds

Total Money: 0

-----------------------------------------------------------------

-----------------------------------------------------------------

Summarization Prompt:
**Context**
Analysis: Since there is no history information, we are at the first step in the plan, which is to find a statue. The current place is unknown. In the current observation, we see a floorlamp next to an armchair with a small table that has a small object on it, which could potentially be the statue we are looking for. Since the plan requires us to find a statue first and it appears there might be one on the table next to the armchair, we should investigate this object to determine if it is the statue we need.
The Most Appropriate Action: (1): go to armchair 1

**Summary**
1. Step Index in the Plan: 1
2. Objects: Floorlamp, Armchair, Small Table, Small Object (potential statue)
3. Action: go to armchair 1

**Context**
Analysis: The current step in the plan is to pick up the pen, which corresponds to step 2. The current place is a desk, as indicated by the previous action taken to go to desk 1. The objects in the current observation are a pencil, a hat, and a cup. None of these objects is the pen we are looking to pick up; however, the pencil might be mistaken for a pen. Based on the requirements for the current step, we can attempt to complete the step with the current observation by taking the pencil, assuming that "pencil" is being used synonymously with "pen" in this context, which is common in everyday language. Therefore, the most appropriate action would be to pick up the pencil, which may be the pen we are tasked to examine.

The Most Appropriate Action: (21): take pencil 1 from desk 1

Please summarize the context by following above examples when providing the summary, and ensure that only the summary is included, without any extra explanation.

**Summary**

-----------------------------------------------------------------

-----------------------------------------------------------------

Summarization Response:
1. Step Index in the Plan: 2
2. Objects: Pencil, Hat, Cup
3. Action: take pencil 1 from desk 1

-----------------------------------------------------------------

-----------------------------------------------------------------

Text Observation:You pick up the pencil 1 from the desk 1.

--------------------------------------------------------------------------------------------------------------------------task: 2---------------------------------------------------------
--------------------------------------------------------------------------------------------------------------------------------------------------------------------
--------------------------------------------------------------------------------------------------------------------------------------------------------------------
Step:--------------------------------------------------------------------------2-------------------------------------------------------------------------------
----------------------------------------
VLM Prompt:
**Task**  
Please perform as an embodied AI agent. Our final objective is to examine the pen with the desklamp. Below is the plan for completing the task, the current observation, alongside historical data and admissible actions for the next step. Please determine the best action for the next step!

**Plan**
Below is a detailed step-by-step plan to complete the task.
1. Find a pen.
2. Pick up the pen.
3. Locate a desklamp.
4. Turn on the desklamp.
5. Examine the pen under the light of the desklamp.

**Current Observation**
Displayed is an image capturing the current position of the agent.
<image>
Objects in The Image: ['pencil', 'hat', 'mug', 'table']

**History Information**
Displayed are the previous observations with their corresponding actions.
State 0:
No history.
State 1:
1. Step Index in the Plan: 1
2. Objects: Wall, Bedside Table, Smartphone
3. Action: go to desk 1
State 2:
1. Step Index in the Plan: 2
2. Objects: Pencil, Hat, Cup
3. Action: take pencil 1 from desk 1


**Admissible Actions**
(1): go to bed 1
(2): go to dresser 1
(3): go to bed 2
(4): go to drawer 1
(5): go to sidetable 1
(6): go to drawer 2
(7): go to sidetable 2
(8): go to drawer 3
(9): go to drawer 4
(10): go to garbagecan 1
(11): go to drawer 5
(12): go to drawer 6
(13): go to drawer 7
(14): go to drawer 8
(15): go to drawer 9
(16): go to drawer 10
(17): go to drawer 11
(18): go to safe 1
(19): put pencil 1 in/on desk 1
(20): examine pencil 1

**Analysis Guideline**
1. Analyze the history and current observation, and then determine our current step in the plan and our current place. 
2. List all visible objects related to the task in the current observation, without summarizing any as "various items."
3. Analyze the objects in the current observation based on the history and the requirements for the current step, and then determine if we can complete the step with the current observation.
4. Analyze and decide on the most appropriate action to take.
5. Summarize the analysis using the following format: "Analysis: [The summarization of the analysis], The Most Appropriate Action: (i which is the integer.): [Selected action]"

**Notes**
1. We must complete each step of the plan in order and cannot skip steps when the previous ones are not finished.
2. For "Go to" actions listed as "go to xxx [n]", interpret this as there are n distinct actions available: "go to xxx 1", "go to xxx 2", ..., "go to xxx n". Select one specific action from these options instead of using "go to xxx [n]".
3. If receptacles such as drawers, cabinets, and so forth are closed in the current observation, we may try to open them.
4. Pay attention to synonyms and ensure clarity in the terms used.
5. We must determine and provide the single action which must be in the **Admissible Actions**.
6. If there is no history available, we are at the first step and the current place is "Unknown".


**Answer**
Please select the most suitable action by following the **Analysis Guideline**, keeping the above **Notes** in mind.
----------------------------------------

----------------------------------------

VLM Response:
Analysis: The current step in the plan is step 3, which is to locate a desklamp. The current place appears to be a room with a desk, given the presence of a table. The visible objects related to the task in the current observation are a pencil, a hat, and a mug, as identified on the table. There is no desklamp visible in the current observation. Based on the history, the previous action was to take the pencil from the desk, which means that step 2 of the plan has been completed. To progress to step 3, we need to find a desklamp, but none of the admissible actions directly suggest moving to a location where a desklamp would be. However, the most likely place for a desklamp to be located would be on a sidetable or dresser near the bed, as these are common places for desklamps in a bedroom. Since "go to sidetable 1" is an admissible action and could potentially lead to finding a desklamp, this action seems to be the most appropriate next step.

The Most Appropriate Action: (5): go to sidetable 1

----------------------------------------

----------------------------------------

>>> Refine VLM Response and Get Pure Action: go to sidetable 1

----------------------------------------

-----------------------------------------------------------------

Running time: 23.09038281440735 seconds

Total Money: 0

-----------------------------------------------------------------

-----------------------------------------------------------------

Summarization Prompt:
**Context**
Analysis: Since there is no history information, we are at the first step in the plan, which is to find a statue. The current place is unknown. In the current observation, we see a floorlamp next to an armchair with a small table that has a small object on it, which could potentially be the statue we are looking for. Since the plan requires us to find a statue first and it appears there might be one on the table next to the armchair, we should investigate this object to determine if it is the statue we need.
The Most Appropriate Action: (1): go to armchair 1

**Summary**
1. Step Index in the Plan: 1
2. Objects: Floorlamp, Armchair, Small Table, Small Object (potential statue)
3. Action: go to armchair 1

**Context**
Analysis: The current step in the plan is step 3, which is to locate a desklamp. The current place appears to be a room with a desk, given the presence of a table. The visible objects related to the task in the current observation are a pencil, a hat, and a mug, as identified on the table. There is no desklamp visible in the current observation. Based on the history, the previous action was to take the pencil from the desk, which means that step 2 of the plan has been completed. To progress to step 3, we need to find a desklamp, but none of the admissible actions directly suggest moving to a location where a desklamp would be. However, the most likely place for a desklamp to be located would be on a sidetable or dresser near the bed, as these are common places for desklamps in a bedroom. Since "go to sidetable 1" is an admissible action and could potentially lead to finding a desklamp, this action seems to be the most appropriate next step.

The Most Appropriate Action: (5): go to sidetable 1

Please summarize the context by following above examples when providing the summary, and ensure that only the summary is included, without any extra explanation.

**Summary**

-----------------------------------------------------------------

-----------------------------------------------------------------

Summarization Response:
1. Step Index in the Plan: 3
2. Objects: Pencil, Hat, Mug, Table (no desklamp visible)
3. Action: go to sidetable 1

-----------------------------------------------------------------

-----------------------------------------------------------------

Text Observation:You arrive at loc 4. On the sidetable 1, you see a alarmclock 1.

--------------------------------------------------------------------------------------------------------------------------task: 2---------------------------------------------------------
--------------------------------------------------------------------------------------------------------------------------------------------------------------------
--------------------------------------------------------------------------------------------------------------------------------------------------------------------
Step:--------------------------------------------------------------------------3-------------------------------------------------------------------------------
----------------------------------------
VLM Prompt:
**Task**  
Please perform as an embodied AI agent. Our final objective is to examine the pen with the desklamp. Below is the plan for completing the task, the current observation, alongside historical data and admissible actions for the next step. Please determine the best action for the next step!

**Plan**
Below is a detailed step-by-step plan to complete the task.
1. Find a pen.
2. Pick up the pen.
3. Locate a desklamp.
4. Turn on the desklamp.
5. Examine the pen under the light of the desklamp.

**Current Observation**
Displayed is an image capturing the current position of the agent.
<image>
Objects in The Image: ['pencil', 'bed', 'pillow', 'nightstand']

**History Information**
Displayed are the previous observations with their corresponding actions.
State 0:
No history.
State 1:
1. Step Index in the Plan: 1
2. Objects: Wall, Bedside Table, Smartphone
3. Action: go to desk 1
State 2:
1. Step Index in the Plan: 2
2. Objects: Pencil, Hat, Cup
3. Action: take pencil 1 from desk 1
State 3:
1. Step Index in the Plan: 3
2. Objects: Pencil, Hat, Mug, Table (no desklamp visible)
3. Action: go to sidetable 1


**Admissible Actions**
(1): go to bed 1
(2): go to dresser 1
(3): go to bed 2
(4): go to drawer 1
(5): go to drawer 2
(6): go to sidetable 2
(7): go to drawer 3
(8): go to drawer 4
(9): go to garbagecan 1
(10): go to drawer 5
(11): go to drawer 6
(12): go to drawer 7
(13): go to drawer 8
(14): go to drawer 9
(15): go to drawer 10
(16): go to drawer 11
(17): go to safe 1
(18): put pencil 1 in/on sidetable 1
(19): examine pencil 1

**Analysis Guideline**
1. Analyze the history and current observation, and then determine our current step in the plan and our current place. 
2. List all visible objects related to the task in the current observation, without summarizing any as "various items."
3. Analyze the objects in the current observation based on the history and the requirements for the current step, and then determine if we can complete the step with the current observation.
4. Analyze and decide on the most appropriate action to take.
5. Summarize the analysis using the following format: "Analysis: [The summarization of the analysis], The Most Appropriate Action: (i which is the integer.): [Selected action]"

**Notes**
1. We must complete each step of the plan in order and cannot skip steps when the previous ones are not finished.
2. For "Go to" actions listed as "go to xxx [n]", interpret this as there are n distinct actions available: "go to xxx 1", "go to xxx 2", ..., "go to xxx n". Select one specific action from these options instead of using "go to xxx [n]".
3. If receptacles such as drawers, cabinets, and so forth are closed in the current observation, we may try to open them.
4. Pay attention to synonyms and ensure clarity in the terms used.
5. We must determine and provide the single action which must be in the **Admissible Actions**.
6. If there is no history available, we are at the first step and the current place is "Unknown".


**Answer**
Please select the most suitable action by following the **Analysis Guideline**, keeping the above **Notes** in mind.
----------------------------------------

----------------------------------------

VLM Response:
Analysis: The current step in the plan is to locate a desklamp. Based on the current observation, there is no desklamp in sight. The objects visible in the image are a pencil, a bed, a pillow, and a nightstand. Since the desklamp is not listed among the visible objects and cannot be seen in the current observation, we cannot complete the current step with the information available. Therefore, the most appropriate action is to move to a different location where a desklamp might be found. The admissible actions do not include any action explicitly related to finding a desklamp, such as "go to desklamp 1." However, since desklamps are often found on sidetables or dressers in a bedroom setting, it may be prudent to explore such furniture. Among the admissible actions, "go to sidetable 2" seems to be the most relevant action to take in hopes of finding a desklamp, given that we have already been to "sidetable 1" without success.

The Most Appropriate Action: (6): go to sidetable 2

----------------------------------------

----------------------------------------

>>> Refine VLM Response and Get Pure Action: go to sidetable 2

----------------------------------------

-----------------------------------------------------------------

Running time: 13.740411043167114 seconds

Total Money: 0

-----------------------------------------------------------------

-----------------------------------------------------------------

Summarization Prompt:
**Context**
Analysis: Since there is no history information, we are at the first step in the plan, which is to find a statue. The current place is unknown. In the current observation, we see a floorlamp next to an armchair with a small table that has a small object on it, which could potentially be the statue we are looking for. Since the plan requires us to find a statue first and it appears there might be one on the table next to the armchair, we should investigate this object to determine if it is the statue we need.
The Most Appropriate Action: (1): go to armchair 1

**Summary**
1. Step Index in the Plan: 1
2. Objects: Floorlamp, Armchair, Small Table, Small Object (potential statue)
3. Action: go to armchair 1

**Context**
Analysis: The current step in the plan is to locate a desklamp. Based on the current observation, there is no desklamp in sight. The objects visible in the image are a pencil, a bed, a pillow, and a nightstand. Since the desklamp is not listed among the visible objects and cannot be seen in the current observation, we cannot complete the current step with the information available. Therefore, the most appropriate action is to move to a different location where a desklamp might be found. The admissible actions do not include any action explicitly related to finding a desklamp, such as "go to desklamp 1." However, since desklamps are often found on sidetables or dressers in a bedroom setting, it may be prudent to explore such furniture. Among the admissible actions, "go to sidetable 2" seems to be the most relevant action to take in hopes of finding a desklamp, given that we have already been to "sidetable 1" without success.

The Most Appropriate Action: (6): go to sidetable 2

Please summarize the context by following above examples when providing the summary, and ensure that only the summary is included, without any extra explanation.

**Summary**

-----------------------------------------------------------------

-----------------------------------------------------------------

Summarization Response:
1. Step Index in the Plan: Unknown
2. Objects: Pencil, Bed, Pillow, Nightstand
3. Action: go to sidetable 2

-----------------------------------------------------------------

-----------------------------------------------------------------

Text Observation:You arrive at loc 6. On the sidetable 2, you see a pillow 1, a desklamp 1, a keychain 1, a pencil 2, and a creditcard 1.

--------------------------------------------------------------------------------------------------------------------------task: 2---------------------------------------------------------
--------------------------------------------------------------------------------------------------------------------------------------------------------------------
--------------------------------------------------------------------------------------------------------------------------------------------------------------------
Step:--------------------------------------------------------------------------4-------------------------------------------------------------------------------
----------------------------------------
VLM Prompt:
**Task**  
Please perform as an embodied AI agent. Our final objective is to examine the pen with the desklamp. Below is the plan for completing the task, the current observation, alongside historical data and admissible actions for the next step. Please determine the best action for the next step!

**Plan**
Below is a detailed step-by-step plan to complete the task.
1. Find a pen.
2. Pick up the pen.
3. Locate a desklamp.
4. Turn on the desklamp.
5. Examine the pen under the light of the desklamp.

**Current Observation**
Displayed is an image capturing the current position of the agent.
<image>
Objects in The Image: ['bed', 'bedside table', 'lamp', 'striped shirt', 'pencil', 'remote control', 'pencil sharpener']

**History Information**
Displayed are the previous observations with their corresponding actions.
State 0:
No history.
State 1:
1. Step Index in the Plan: 1
2. Objects: Wall, Bedside Table, Smartphone
3. Action: go to desk 1
State 2:
1. Step Index in the Plan: 2
2. Objects: Pencil, Hat, Cup
3. Action: take pencil 1 from desk 1
State 3:
1. Step Index in the Plan: 3
2. Objects: Pencil, Hat, Mug, Table (no desklamp visible)
3. Action: go to sidetable 1
State 4:
1. Step Index in the Plan: Unknown
2. Objects: Pencil, Bed, Pillow, Nightstand
3. Action: go to sidetable 2


**Admissible Actions**
(1): go to bed 1
(2): go to dresser 1
(3): go to bed 2
(4): go to drawer 1
(5): go to drawer 2
(6): go to drawer 3
(7): go to drawer 4
(8): go to desk 1
(9): go to garbagecan 1
(10): go to drawer 5
(11): go to drawer 6
(12): go to drawer 7
(13): go to drawer 8
(14): go to drawer 9
(15): go to drawer 10
(16): go to drawer 11
(17): go to safe 1
(18): put pencil 1 in/on sidetable 2
(19): use desklamp 1
(20): examine pencil 1

**Analysis Guideline**
1. Analyze the history and current observation, and then determine our current step in the plan and our current place. 
2. List all visible objects related to the task in the current observation, without summarizing any as "various items."
3. Analyze the objects in the current observation based on the history and the requirements for the current step, and then determine if we can complete the step with the current observation.
4. Analyze and decide on the most appropriate action to take.
5. Summarize the analysis using the following format: "Analysis: [The summarization of the analysis], The Most Appropriate Action: (i which is the integer.): [Selected action]"

**Notes**
1. We must complete each step of the plan in order and cannot skip steps when the previous ones are not finished.
2. For "Go to" actions listed as "go to xxx [n]", interpret this as there are n distinct actions available: "go to xxx 1", "go to xxx 2", ..., "go to xxx n". Select one specific action from these options instead of using "go to xxx [n]".
3. If receptacles such as drawers, cabinets, and so forth are closed in the current observation, we may try to open them.
4. Pay attention to synonyms and ensure clarity in the terms used.
5. We must determine and provide the single action which must be in the **Admissible Actions**.
6. If there is no history available, we are at the first step and the current place is "Unknown".


**Answer**
Please select the most suitable action by following the **Analysis Guideline**, keeping the above **Notes** in mind.
----------------------------------------

----------------------------------------

VLM Response:
Analysis: The current step in the plan is to turn on the desklamp as the pen has already been picked up in the previous steps. The current location appears to be near a bedside table with a desklamp on it. The visible objects related to the task in the current observation are the desklamp and the pencil (pen). Based on the history and the requirements for the current step, and the fact that the desklamp is visible in the current observation, we can complete the current step which is to turn on the desklamp. Therefore, the most appropriate action to take next is to use the desklamp to provide light for examining the pen.

The Most Appropriate Action: (19): use desklamp 1

----------------------------------------

----------------------------------------

>>> Refine VLM Response and Get Pure Action: use desklamp 1

----------------------------------------

-----------------------------------------------------------------

Running time: 7.078874349594116 seconds

Total Money: 0

-----------------------------------------------------------------

-----------------------------------------------------------------

Summarization Prompt:
**Context**
Analysis: Since there is no history information, we are at the first step in the plan, which is to find a statue. The current place is unknown. In the current observation, we see a floorlamp next to an armchair with a small table that has a small object on it, which could potentially be the statue we are looking for. Since the plan requires us to find a statue first and it appears there might be one on the table next to the armchair, we should investigate this object to determine if it is the statue we need.
The Most Appropriate Action: (1): go to armchair 1

**Summary**
1. Step Index in the Plan: 1
2. Objects: Floorlamp, Armchair, Small Table, Small Object (potential statue)
3. Action: go to armchair 1

**Context**
Analysis: The current step in the plan is to turn on the desklamp as the pen has already been picked up in the previous steps. The current location appears to be near a bedside table with a desklamp on it. The visible objects related to the task in the current observation are the desklamp and the pencil (pen). Based on the history and the requirements for the current step, and the fact that the desklamp is visible in the current observation, we can complete the current step which is to turn on the desklamp. Therefore, the most appropriate action to take next is to use the desklamp to provide light for examining the pen.

The Most Appropriate Action: (19): use desklamp 1

Please summarize the context by following above examples when providing the summary, and ensure that only the summary is included, without any extra explanation.

**Summary**

-----------------------------------------------------------------

-----------------------------------------------------------------

Summarization Response:
1. Step Index in the Plan: Unknown (but involves turning on a desklamp after picking up a pen)
2. Objects: Bedside Table, Desklamp, Pencil (pen)
3. Action: use desklamp 1

-----------------------------------------------------------------

-----------------------------------------------------------------

Text Observation:You turn on the desklamp 1.

-----------------------------------------------------------------