---------------------------------------------------------task: 11---------------------------------------------------------
--------------------------------------------------------------------------------------------------------------------------------------------------------------------
--------------------------------------------------------------------------------------------------------------------------------------------------------------------
Step:--------------------------------------------------------------------------0-------------------------------------------------------------------------------
----------------------------------------
VLM Prompt:
Image1:
<image>
**Instruction**
1. Analyze the provided images to identify all visible household objects and compare the difference between images (e.h. whether the object is opened or not and taken on hand or not), focusing on those relevant to the task description "clean some soapbar and put it in bathtubbasin."
2. Use the analysis of images and the task hint "The agent must find an object of the desired type, pick it up, go to a sink or a basin, clean the object with a sink or basin, and then find the correct location to place it and put it down there. The agent does not need to use soap bottle or faucet to clean the object, and the agent just needs to do action that is "clean the object with the sink or sink basin"." to answer the question: what is the most reasonable action in the choices for the task description "clean some soapbar and put it in bathtubbasin"?
3. Decide and write the answer using the template: The answer is: (i): <selected_action>, where i is the real number. If there is no desired object in images, search every place based on **Initial Observation** to find the object. And if no one is exactly correct, choose a similar answer.

**Initial Observation**
You are in the middle of a room. Looking quickly around you, you can see bathtub (1), bathtubbasin (1), toilet (1), cabinet (1-2), countertop (1), sink (1), sinkbasin (1), garbagecan (1)

**Answer Choices**
(1): go to bathtub 1
(2): go to bathtubbasin 1
(3): go to toilet 1
(4): go to cabinet 1
(5): go to countertop 1
(6): go to sink 1
(7): go to sinkbasin 1
(8): go to cabinet 2
(9): go to garbagecan 1


**Answer**
Let's think step by step by following the instructions.
----------------------------------------

----------------------------------------

Original Response:
First, we analyze the provided image. We can see a sink with a faucet, a countertop, and a cleaning spray bottle. There is no visible soap bar in the image.

Based on the task description "clean some soapbar and put it in bathtubbasin," we need to find a soap bar, clean it, and then place it in the bathtub basin. The task hint clarifies that we do not need to use the cleaning spray bottle or faucet to clean the soap bar; we just need to perform the action of cleaning it with the sink or sink basin.

Now, let's consider the initial observation and answer choices. We know there is a bathtub basin, but we need a soap bar to clean first. Since the soap bar is not visible in the image, we should search for it.

The most likely places to find a soap bar would be the cabinet or countertop in a bathroom setting. The cabinet would be a good place to start since people often store extra toiletry items there. Therefore, the most reasonable action would be to go to the cabinet first to search for the soap bar.

The answer is: (4): go to cabinet 1.

----------------------------------------

----------------------------------------

>>> Refine Original VLM Response and Get Pure Action: go to cabinet 1

----------------------------------------

-----------------------------------------------------------------

Running time: 24.98294496536255 seconds

Total Money: 4.6908100000000035

-----------------------------------------------------------------

-----------------------------------------------------------------

Text Observation:You arrive at loc 3. The cabinet 1 is closed. 

--------------------------------------------------------------------------------------------------------------------------task: 11---------------------------------------------------------
--------------------------------------------------------------------------------------------------------------------------------------------------------------------
--------------------------------------------------------------------------------------------------------------------------------------------------------------------
Step:--------------------------------------------------------------------------1-------------------------------------------------------------------------------
----------------------------------------
VLM Prompt:
Image1:
<image>
Image2:
<image>
**Instruction**
1. Analyze the provided images to identify all visible household objects and compare the difference between images (e.h. whether the object is opened or not and taken on hand or not), focusing on those relevant to the task description "clean some soapbar and put it in bathtubbasin."
2. Use the analysis of images and the task hint "The agent must find an object of the desired type, pick it up, go to a sink or a basin, clean the object with a sink or basin, and then find the correct location to place it and put it down there. The agent does not need to use soap bottle or faucet to clean the object, and the agent just needs to do action that is "clean the object with the sink or sink basin"." to answer the question: what is the most reasonable action in the choices for the task description "clean some soapbar and put it in bathtubbasin"?
3. Decide and write the answer using the template: The answer is: (i): <selected_action>, where i is the real number. If there is no desired object in images, search every place based on **Initial Observation** to find the object. And if no one is exactly correct, choose a similar answer.

**Initial Observation**
You are in the middle of a room. Looking quickly around you, you can see bathtub (1), bathtubbasin (1), toilet (1), cabinet (1-2), countertop (1), sink (1), sinkbasin (1), garbagecan (1)

**Answer Choices**
(1): go to bathtub 1
(2): go to bathtubbasin 1
(3): go to toilet 1
(4): go to countertop 1
(5): go to sink 1
(6): go to sinkbasin 1
(7): go to cabinet 2
(8): go to garbagecan 1
(9): open cabinet 1
(10): close cabinet 1
(11): examine cabinet 1


**Answer**
Let's think step by step by following the instructions.
----------------------------------------

----------------------------------------

Original Response:
First, we analyze the provided images. In both images, we can see a sink with a sinkbasin, a countertop, and a toilet. There are no soap bars visible in either image, nor is there a bathtub or bathtub basin visible. There is a cabinet visible in both images, but it is closed in both cases, so we cannot see if there is a soap bar inside.

Based on the task hint, the agent needs to find a soap bar, clean it with a sink or sink basin, and then place it in a bathtub basin. Since we cannot see a soap bar in the provided images, the agent will need to search for one. The cabinet is the most likely place to find a soap bar, as it is a common storage place for such items in a bathroom.

Considering the Initial Observation, which mentions a cabinet and the need to search every place to find the object, the most reasonable action for the task "clean some soapbar and put it in bathtubbasin" would be to first check the cabinet where the soap bar might be stored.

The answer is: (9): open cabinet 1

----------------------------------------

----------------------------------------

>>> Refine Original VLM Response and Get Pure Action: open cabinet 1

----------------------------------------

-----------------------------------------------------------------

Running time: 16.269884824752808 seconds

Total Money: 4.717450000000004

-----------------------------------------------------------------

-----------------------------------------------------------------

Text Observation:You open the cabinet 1. The cabinet 1 is open. In it, you see a faucet 1, a spraybottle 1, a toiletpaper 2, a cloth 1, a toiletpaper 1, a plunger 1, a candle 1, and a scrubbrush 1.

--------------------------------------------------------------------------------------------------------------------------task: 11---------------------------------------------------------
--------------------------------------------------------------------------------------------------------------------------------------------------------------------
--------------------------------------------------------------------------------------------------------------------------------------------------------------------
Step:--------------------------------------------------------------------------2-------------------------------------------------------------------------------
----------------------------------------
VLM Prompt:
Image1:
<image>
Image2:
<image>
**Instruction**
1. Analyze the provided images to identify all visible household objects and compare the difference between images (e.h. whether the object is opened or not and taken on hand or not), focusing on those relevant to the task description "clean some soapbar and put it in bathtubbasin."
2. Use the analysis of images and the task hint "The agent must find an object of the desired type, pick it up, go to a sink or a basin, clean the object with a sink or basin, and then find the correct location to place it and put it down there. The agent does not need to use soap bottle or faucet to clean the object, and the agent just needs to do action that is "clean the object with the sink or sink basin"." to answer the question: what is the most reasonable action in the choices for the task description "clean some soapbar and put it in bathtubbasin"?
3. Decide and write the answer using the template: The answer is: (i): <selected_action>, where i is the real number. If there is no desired object in images, search every place based on **Initial Observation** to find the object. And if no one is exactly correct, choose a similar answer.

**Initial Observation**
You are in the middle of a room. Looking quickly around you, you can see bathtub (1), bathtubbasin (1), toilet (1), cabinet (1-2), countertop (1), sink (1), sinkbasin (1), garbagecan (1)

**Answer Choices**
(1): go to bathtub 1
(2): go to bathtubbasin 1
(3): go to toilet 1
(4): go to countertop 1
(5): go to sink 1
(6): go to sinkbasin 1
(7): go to cabinet 2
(8): go to garbagecan 1
(9): close cabinet 1
(10): take faucet 1 from cabinet 1
(11): take spraybottle 1 from cabinet 1
(12): take toiletpaper 2 from cabinet 1
(13): take cloth 1 from cabinet 1
(14): take toiletpaper 1 from cabinet 1
(15): take plunger 1 from cabinet 1
(16): take candle 1 from cabinet 1
(17): take scrubbrush 1 from cabinet 1
(18): examine cabinet 1


**Answer**
Let's think step by step by following the instructions.
----------------------------------------

----------------------------------------

Original Response:
First, we analyze the provided images:
- In both images, we can see a toilet, a sink with a faucet, a countertop, and a spray bottle on top of the toilet tank. There is no visible soap bar or bathtub basin in these images.
- The difference between the images is that in Image 2, there is a bird and a cup on the countertop, which are not present in Image 1.

Based on the task description "clean some soapbar and put it in bathtubbasin" and the task hint provided, the agent must find a soap bar, clean it in a sink or basin, and then place it in the bathtub basin. Since there is no visible soap bar in the images, the agent should search for it based on the initial observation.

The most reasonable action from the answer choices, considering the task description and the initial observation, would be to go to the cabinet where the soap bar may be stored.

Since the task specifically mentions cleaning a soap bar, options related to taking objects other than the soap bar, such as a faucet, spray bottle, toilet paper, cloth, plunger, candle, or scrub brush, are not relevant to the task.

The answer is: (18): examine cabinet 1

----------------------------------------

----------------------------------------

>>> Refine Original VLM Response and Get Pure Action: examine cabinet 1

----------------------------------------

-----------------------------------------------------------------

Running time: 19.23475670814514 seconds

Total Money: 4.745800000000004

-----------------------------------------------------------------

-----------------------------------------------------------------

Text Observation:On the cabinet 1, you see a faucet 1, a spraybottle 1, a toiletpaper 2, a cloth 1, a toiletpaper 1, a plunger 1, a candle 1, and a scrubbrush 1.

--------------------------------------------------------------------------------------------------------------------------task: 11---------------------------------------------------------
--------------------------------------------------------------------------------------------------------------------------------------------------------------------
--------------------------------------------------------------------------------------------------------------------------------------------------------------------
Step:--------------------------------------------------------------------------3-------------------------------------------------------------------------------
----------------------------------------
VLM Prompt:
Image1:
<image>
Image2:
<image>
**Instruction**
1. Analyze the provided images to identify all visible household objects and compare the difference between images (e.h. whether the object is opened or not and taken on hand or not), focusing on those relevant to the task description "clean some soapbar and put it in bathtubbasin."
2. Use the analysis of images and the task hint "The agent must find an object of the desired type, pick it up, go to a sink or a basin, clean the object with a sink or basin, and then find the correct location to place it and put it down there. The agent does not need to use soap bottle or faucet to clean the object, and the agent just needs to do action that is "clean the object with the sink or sink basin"." to answer the question: what is the most reasonable action in the choices for the task description "clean some soapbar and put it in bathtubbasin"?
3. Decide and write the answer using the template: The answer is: (i): <selected_action>, where i is the real number. If there is no desired object in images, search every place based on **Initial Observation** to find the object. And if no one is exactly correct, choose a similar answer.

**Initial Observation**
You are in the middle of a room. Looking quickly around you, you can see bathtub (1), bathtubbasin (1), toilet (1), cabinet (1-2), countertop (1), sink (1), sinkbasin (1), garbagecan (1)

**Answer Choices**
(1): go to bathtub 1
(2): go to bathtubbasin 1
(3): go to toilet 1
(4): go to countertop 1
(5): go to sink 1
(6): go to sinkbasin 1
(7): go to cabinet 2
(8): go to garbagecan 1
(9): close cabinet 1
(10): take faucet 1 from cabinet 1
(11): take spraybottle 1 from cabinet 1
(12): take toiletpaper 2 from cabinet 1
(13): take cloth 1 from cabinet 1
(14): take toiletpaper 1 from cabinet 1
(15): take plunger 1 from cabinet 1
(16): take candle 1 from cabinet 1
(17): take scrubbrush 1 from cabinet 1


**Answer**
Let's think step by step by following the instructions.
----------------------------------------

----------------------------------------

Original Response:
First, we need to identify all visible household objects in the images. In both images, we can see a toilet (toilet 1), a sink with a faucet (sink 1), a countertop (countertop 1), and a spray bottle on top of the toilet (spraybottle 1). There is no visible bathtub, bathtubbasin, cabinet, sinkbasin, garbage can, or soap bar in the images.

Next, we compare the difference between the images. There is no visible difference between the two images provided. Therefore, we cannot determine if any object is opened or taken in hand based on the images.

Now, we need to decide the most reasonable action for the task description "clean some soapbar and put it in bathtubbasin." Based on the task hint, we know that the agent must find an object of the desired type (a soap bar), pick it up, go to a sink or basin, clean the object, and then find the correct location to place it (bathtubbasin) and put it down there. Since we do not see a soap bar or a bathtubbasin in the images, we must search every place based on the Initial Observation.

The initial observation mentions a bathtubbasin, but since it is not visible in the images, we must find it. The most reasonable action would be to go to the bathtubbasin, as this is where we will ultimately need to place the cleaned soap bar. However, before we can clean the soap bar, we need to find it. Since the soap bar is not visible, we should search the places where it might be, which could be in the cabinet or on the countertop. The countertop is visible, and there is no soap bar there, so the next reasonable action would be to search the cabinet.

Since there is no action mentioned specifically to search for the soap bar, we must choose the closest reasonable action from the provided choices, which is to go to the cabinet. Assuming the soap bar is inside the cabinet, the agent would then need to take it and proceed to clean it at the sink or basin.

The answer is: (7): go to cabinet 2

----------------------------------------

----------------------------------------

>>> Refine Original VLM Response and Get Pure Action: go to cabinet 2

----------------------------------------

-----------------------------------------------------------------

Running time: 18.544063329696655 seconds

Total Money: 4.779860000000004

-----------------------------------------------------------------

-----------------------------------------------------------------

Text Observation:You arrive at loc 7. The cabinet 2 is closed. 

--------------------------------------------------------------------------------------------------------------------------task: 11---------------------------------------------------------
--------------------------------------------------------------------------------------------------------------------------------------------------------------------
--------------------------------------------------------------------------------------------------------------------------------------------------------------------
Step:--------------------------------------------------------------------------4-------------------------------------------------------------------------------
----------------------------------------
VLM Prompt:
Image1:
<image>
Image2:
<image>
**Instruction**
1. Analyze the provided images to identify all visible household objects and compare the difference between images (e.h. whether the object is opened or not and taken on hand or not), focusing on those relevant to the task description "clean some soapbar and put it in bathtubbasin."
2. Use the analysis of images and the task hint "The agent must find an object of the desired type, pick it up, go to a sink or a basin, clean the object with a sink or basin, and then find the correct location to place it and put it down there. The agent does not need to use soap bottle or faucet to clean the object, and the agent just needs to do action that is "clean the object with the sink or sink basin"." to answer the question: what is the most reasonable action in the choices for the task description "clean some soapbar and put it in bathtubbasin"?
3. Decide and write the answer using the template: The answer is: (i): <selected_action>, where i is the real number. If there is no desired object in images, search every place based on **Initial Observation** to find the object. And if no one is exactly correct, choose a similar answer.

**Initial Observation**
You are in the middle of a room. Looking quickly around you, you can see bathtub (1), bathtubbasin (1), toilet (1), cabinet (1-2), countertop (1), sink (1), sinkbasin (1), garbagecan (1)

**Answer Choices**
(1): go to bathtub 1
(2): go to bathtubbasin 1
(3): go to toilet 1
(4): go to cabinet 1
(5): go to countertop 1
(6): go to sink 1
(7): go to sinkbasin 1
(8): go to garbagecan 1
(9): open cabinet 2
(10): close cabinet 2
(11): examine cabinet 2


**Answer**
Let's think step by step by following the instructions.
----------------------------------------

----------------------------------------

Original Response:
First, we identify the objects in the images. In Image 1, we can see a toilet, a sink with a sink basin, a countertop, and a cabinet. There is also a soap bottle on the countertop, but no soap bar is visible. In Image 2, the soap bottle is no longer on the countertop, and the cabinet is open, revealing a single item inside which appears to be a soap bar.

Comparing the differences, the soap bottle has been moved, and the cabinet has been opened between the two images. This suggests that the agent may have already completed the action of picking up the soap bottle.

Based on the task description "clean some soapbar and put it in bathtubbasin," and the hint provided, the agent must find a soap bar, clean it, and then put it in the bathtub basin. The analysis of the images shows that there is likely a soap bar inside cabinet 2, as seen in Image 2.

The most reasonable action choices for the task are:
- Go to cabinet 2 to find the soap bar (since it's not visible anywhere else).
- Clean the soap bar with the sink or sink basin.
- Go to the bathtub basin to place the cleaned soap bar.

Since the agent does not need to use the soap bottle or faucet to clean the object, they can directly clean the soap bar with the sink or sink basin.

Given the answer choices, the most reasonable action to start the task would be to go to cabinet 2 to find the soap bar. Therefore, the answer is:
(4): go to cabinet 1

Note: Although the choice says "cabinet 1," it is assumed to mean the cabinet where the soap bar is likely to be found, which is cabinet 2 in Image 2. There might be a discrepancy in the numbering, but the action of going to the cabinet to find the soap bar remains the same.

----------------------------------------

----------------------------------------

>>> Refine Original VLM Response and Get Pure Action: No action

----------------------------------------

-----------------------------------------------------------------

Running time: 15.660680770874023 seconds

Total Money: 4.811420000000004

-----------------------------------------------------------------

-----------------------------------------------------------------

Text Observation:Nothing happens.

--------------------------------------------------------------------------------------------------------------------------task: 11---------------------------------------------------------
--------------------------------------------------------------------------------------------------------------------------------------------------------------------
--------------------------------------------------------------------------------------------------------------------------------------------------------------------
Step:--------------------------------------------------------------------------5-------------------------------------------------------------------------------
----------------------------------------
VLM Prompt:
Image1:
<image>
Image2:
<image>
**Instruction**
1. Analyze the provided images to identify all visible household objects and compare the difference between images (e.h. whether the object is opened or not and taken on hand or not), focusing on those relevant to the task description "clean some soapbar and put it in bathtubbasin."
2. Use the analysis of images and the task hint "The agent must find an object of the desired type, pick it up, go to a sink or a basin, clean the object with a sink or basin, and then find the correct location to place it and put it down there. The agent does not need to use soap bottle or faucet to clean the object, and the agent just needs to do action that is "clean the object with the sink or sink basin"." to answer the question: what is the most reasonable action in the choices for the task description "clean some soapbar and put it in bathtubbasin"?
3. Decide and write the answer using the template: The answer is: (i): <selected_action>, where i is the real number. If there is no desired object in images, search every place based on **Initial Observation** to find the object. And if no one is exactly correct, choose a similar answer.

**Initial Observation**
You are in the middle of a room. Looking quickly around you, you can see bathtub (1), bathtubbasin (1), toilet (1), cabinet (1-2), countertop (1), sink (1), sinkbasin (1), garbagecan (1)

**Answer Choices**
(1): go to bathtub 1
(2): go to bathtubbasin 1
(3): go to toilet 1
(4): go to cabinet 1
(5): go to countertop 1
(6): go to sink 1
(7): go to sinkbasin 1
(8): go to garbagecan 1
(9): open cabinet 2
(10): close cabinet 2
(11): examine cabinet 2


**Answer**
Let's think step by step by following the instructions.
----------------------------------------

----------------------------------------

Original Response:
First, we analyze the provided images. We can see a sink with a faucet, a countertop, a cabinet with drawers, and a garbage can with a visible soap bar inside it. There is no bathtub or bathtub basin visible in the images.

Comparing both images, there is no noticeable difference between them; they both seem identical with no changes in the positions or statuses of the objects (e.g., openings or handlings). 

The task description is "clean some soapbar and put it in bathtubbasin." Based on the initial observation and the images provided, we have identified that there is a soap bar in the garbage can and a sink basin available to clean the soap bar. The agent does not need to use the soap bottle or faucet for cleaning, and the task hint suggests that the agent just needs to perform the action of cleaning the object with the sink or sink basin.

Considering the task description and the objects available, the most reasonable action would be to first retrieve the soap bar from the garbage can and then clean it in the sink basin before placing it in the bathtub basin. Since bathtub basin is not visible in the images, the agent should search every place based on the initial observation to find the bathtub basin after cleaning the soap bar.

The answer is: (8): go to garbagecan 1 to retrieve the soap bar, followed by (7): go to sinkbasin 1 to clean it, and then search for the bathtub basin to place the soap bar as per the initial observation.

----------------------------------------

----------------------------------------

>>> Refine Original VLM Response and Get Pure Action: go to garbagecan 1 to retrieve the soap bar, followed by (7): go to sinkbasin 1 to clean it, and then search for the bathtub basin to place the soap bar as per the initial observation

----------------------------------------

-----------------------------------------------------------------

Running time: 19.8986554145813 seconds

Total Money: 4.840370000000004

-----------------------------------------------------------------

-----------------------------------------------------------------

Text Observation:Nothing happens.

--------------------------------------------------------------------------------------------------------------------------task: 11---------------------------------------------------------
--------------------------------------------------------------------------------------------------------------------------------------------------------------------
--------------------------------------------------------------------------------------------------------------------------------------------------------------------
Step:--------------------------------------------------------------------------6-------------------------------------------------------------------------------
----------------------------------------
VLM Prompt:
Image1:
<image>
Image2:
<image>
**Instruction**
1. Analyze the provided images to identify all visible household objects and compare the difference between images (e.h. whether the object is opened or not and taken on hand or not), focusing on those relevant to the task description "clean some soapbar and put it in bathtubbasin."
2. Use the analysis of images and the task hint "The agent must find an object of the desired type, pick it up, go to a sink or a basin, clean the object with a sink or basin, and then find the correct location to place it and put it down there. The agent does not need to use soap bottle or faucet to clean the object, and the agent just needs to do action that is "clean the object with the sink or sink basin"." to answer the question: what is the most reasonable action in the choices for the task description "clean some soapbar and put it in bathtubbasin"?
3. Decide and write the answer using the template: The answer is: (i): <selected_action>, where i is the real number. If there is no desired object in images, search every place based on **Initial Observation** to find the object. And if no one is exactly correct, choose a similar answer.

**Initial Observation**
You are in the middle of a room. Looking quickly around you, you can see bathtub (1), bathtubbasin (1), toilet (1), cabinet (1-2), countertop (1), sink (1), sinkbasin (1), garbagecan (1)

**Answer Choices**
(1): go to bathtub 1
(2): go to bathtubbasin 1
(3): go to toilet 1
(4): go to cabinet 1
(5): go to countertop 1
(6): go to sink 1
(7): go to sinkbasin 1
(8): go to garbagecan 1
(9): open cabinet 2
(10): close cabinet 2
(11): examine cabinet 2


**Answer**
Let's think step by step by following the instructions.
----------------------------------------

----------------------------------------

Original Response:
First, we analyze the images provided. We can see a sink with a sinkbasin and a countertop in both images. There is no visible difference between the two images in terms of the objects being opened, closed, or taken by hand.

Next, we focus on the task description, which is to "clean some soapbar and put it in bathtubbasin." The task hint tells us that the agent must find an object of the desired type, which in this case is a soapbar, and then clean it using a sink or basin before placing it in the correct location.

Based on the initial observation, we know there is a bathtubbasin (1) available. However, we do not see a soapbar in the images provided. Therefore, we must search for the soapbar, likely kept in a cabinet or on the countertop.

Given the answer choices, the most reasonable action would first be to search for the soapbar. The most likely places would be the cabinet or the countertop. Since the cabinet is an area that typically stores such items, and one of the choices is to examine cabinet 2, which implies the possibility of finding something inside, we should opt for that action.

The answer is: (11): examine cabinet 2.

----------------------------------------

----------------------------------------

>>> Refine Original VLM Response and Get Pure Action: examine cabinet 2

----------------------------------------

-----------------------------------------------------------------

Running time: 33.42040657997131 seconds

Total Money: 4.867850000000003

-----------------------------------------------------------------

-----------------------------------------------------------------

Text Observation:On the cabinet 2, you see a faucet 2, a handtowel 1, a soapbottle 1, and a candle 2.

--------------------------------------------------------------------------------------------------------------------------task: 11---------------------------------------------------------
--------------------------------------------------------------------------------------------------------------------------------------------------------------------
--------------------------------------------------------------------------------------------------------------------------------------------------------------------
Step:--------------------------------------------------------------------------7-------------------------------------------------------------------------------
----------------------------------------
VLM Prompt:
Image1:
<image>
Image2:
<image>
**Instruction**
1. Analyze the provided images to identify all visible household objects and compare the difference between images (e.h. whether the object is opened or not and taken on hand or not), focusing on those relevant to the task description "clean some soapbar and put it in bathtubbasin."
2. Use the analysis of images and the task hint "The agent must find an object of the desired type, pick it up, go to a sink or a basin, clean the object with a sink or basin, and then find the correct location to place it and put it down there. The agent does not need to use soap bottle or faucet to clean the object, and the agent just needs to do action that is "clean the object with the sink or sink basin"." to answer the question: what is the most reasonable action in the choices for the task description "clean some soapbar and put it in bathtubbasin"?
3. Decide and write the answer using the template: The answer is: (i): <selected_action>, where i is the real number. If there is no desired object in images, search every place based on **Initial Observation** to find the object. And if no one is exactly correct, choose a similar answer.

**Initial Observation**
You are in the middle of a room. Looking quickly around you, you can see bathtub (1), bathtubbasin (1), toilet (1), cabinet (1-2), countertop (1), sink (1), sinkbasin (1), garbagecan (1)

**Answer Choices**
(1): go to bathtub 1
(2): go to bathtubbasin 1
(3): go to toilet 1
(4): go to cabinet 1
(5): go to countertop 1
(6): go to sink 1
(7): go to sinkbasin 1
(8): go to garbagecan 1
(9): open cabinet 2
(10): close cabinet 2
(11): take faucet 2 from cabinet 2
(12): take handtowel 1 from cabinet 2
(13): take soapbottle 1 from cabinet 2
(14): take candle 2 from cabinet 2


**Answer**
Let's think step by step by following the instructions.
----------------------------------------

----------------------------------------

Original Response:
Firstly, from the images provided, we can see a sink with a sink basin and a mirror above it. There are also drawers underneath the sink, which could be part of a cabinet. There is no visible soap bar, bathtub, or bathtub basin in either of the images.

Based on the task description "clean some soapbar and put it in bathtubbasin" and the hint provided, we need to find a soap bar, clean it in a sink or basin, and then put it in the bathtub basin. Since there is no soap bar visible in the images, we need to search for it. The initial observation mentions a cabinet, which could potentially store a soap bar.

The most reasonable action to start with would be to search for the soap bar in the cabinet. Therefore, the answer is:

The answer is: (4): go to cabinet 1

----------------------------------------

----------------------------------------

>>> Refine Original VLM Response and Get Pure Action: go to cabinet 1

----------------------------------------

-----------------------------------------------------------------

Running time: 10.06978726387024 seconds

Total Money: 4.893340000000003

-----------------------------------------------------------------

-----------------------------------------------------------------

Text Observation:You arrive at loc 3. The cabinet 1 is open. On the cabinet 1, you see a faucet 1, a spraybottle 1, a toiletpaper 2, a cloth 1, a toiletpaper 1, a plunger 1, a candle 1, and a scrubbrush 1.

--------------------------------------------------------------------------------------------------------------------------task: 11---------------------------------------------------------
--------------------------------------------------------------------------------------------------------------------------------------------------------------------
--------------------------------------------------------------------------------------------------------------------------------------------------------------------
Step:--------------------------------------------------------------------------8-------------------------------------------------------------------------------
----------------------------------------
VLM Prompt:
Image1:
<image>
Image2:
<image>
**Instruction**
1. Analyze the provided images to identify all visible household objects and compare the difference between images (e.h. whether the object is opened or not and taken on hand or not), focusing on those relevant to the task description "clean some soapbar and put it in bathtubbasin."
2. Use the analysis of images and the task hint "The agent must find an object of the desired type, pick it up, go to a sink or a basin, clean the object with a sink or basin, and then find the correct location to place it and put it down there. The agent does not need to use soap bottle or faucet to clean the object, and the agent just needs to do action that is "clean the object with the sink or sink basin"." to answer the question: what is the most reasonable action in the choices for the task description "clean some soapbar and put it in bathtubbasin"?
3. Decide and write the answer using the template: The answer is: (i): <selected_action>, where i is the real number. If there is no desired object in images, search every place based on **Initial Observation** to find the object. And if no one is exactly correct, choose a similar answer.

**Initial Observation**
You are in the middle of a room. Looking quickly around you, you can see bathtub (1), bathtubbasin (1), toilet (1), cabinet (1-2), countertop (1), sink (1), sinkbasin (1), garbagecan (1)

**Answer Choices**
(1): go to bathtub 1
(2): go to bathtubbasin 1
(3): go to toilet 1
(4): go to countertop 1
(5): go to sink 1
(6): go to sinkbasin 1
(7): go to cabinet 2
(8): go to garbagecan 1
(9): open cabinet 1
(10): close cabinet 1
(11): take faucet 1 from cabinet 1
(12): take spraybottle 1 from cabinet 1
(13): take toiletpaper 2 from cabinet 1
(14): take cloth 1 from cabinet 1
(15): take toiletpaper 1 from cabinet 1
(16): take plunger 1 from cabinet 1
(17): take candle 1 from cabinet 1
(18): take scrubbrush 1 from cabinet 1
(19): examine cabinet 1


**Answer**
Let's think step by step by following the instructions.
----------------------------------------

----------------------------------------

Original Response:
First, we identify all visible household objects in the images:
- Image 1: Sink with faucet, countertop, cabinet with drawers, and a small object that looks like a soap bar in the sink basin.
- Image 2: Toilet with a spray bottle on the tank, sink with faucet, countertop, cabinet with drawers, and a small object that looks like a soap bar in the sink basin.

Comparing the two images, we see that the small object resembling a soap bar is present in both images and located in the sink basin. This object is relevant to the task description "clean some soapbar and put it in bathtubbasin."

Based on the task hint, the agent must find the soap bar, clean it in the sink or basin, and then put it in the bathtub basin. The agent does not need to use a soap bottle or faucet for cleaning; just the action "clean the object with the sink or sink basin" is required.

From the initial observation, we know that there is a bathtub basin (1) available, and from the images, we see that there is a soap bar in the sink basin.

Given the task and the options provided, the most reasonable action is to:
- Take the soap bar from the sink basin (which is already there, so we don't need an action to take it).
- Clean the soap bar using the sink basin (which doesn't require a specific action from the choices).
- Put the cleaned soap bar in the bathtub basin (which is our target location).

From the answer choices, the action that corresponds to the final step of putting the soap bar in the bathtub basin is:
(2): go to bathtubbasin 1

The answer is: (2): go to bathtubbasin 1

----------------------------------------

----------------------------------------

>>> Refine Original VLM Response and Get Pure Action: go to bathtubbasin 1

----------------------------------------

-----------------------------------------------------------------

Running time: 15.539528369903564 seconds

Total Money: 4.924950000000003

-----------------------------------------------------------------

-----------------------------------------------------------------

Text Observation:You arrive at loc 1. On the bathtubbasin 1, you see a cloth 2, a faucet 3, and a candle 3.

--------------------------------------------------------------------------------------------------------------------------task: 11---------------------------------------------------------
--------------------------------------------------------------------------------------------------------------------------------------------------------------------
--------------------------------------------------------------------------------------------------------------------------------------------------------------------
Step:--------------------------------------------------------------------------9-------------------------------------------------------------------------------
----------------------------------------
VLM Prompt:
Image1:
<image>
Image2:
<image>
**Instruction**
1. Analyze the provided images to identify all visible household objects and compare the difference between images (e.h. whether the object is opened or not and taken on hand or not), focusing on those relevant to the task description "clean some soapbar and put it in bathtubbasin."
2. Use the analysis of images and the task hint "The agent must find an object of the desired type, pick it up, go to a sink or a basin, clean the object with a sink or basin, and then find the correct location to place it and put it down there. The agent does not need to use soap bottle or faucet to clean the object, and the agent just needs to do action that is "clean the object with the sink or sink basin"." to answer the question: what is the most reasonable action in the choices for the task description "clean some soapbar and put it in bathtubbasin"?
3. Decide and write the answer using the template: The answer is: (i): <selected_action>, where i is the real number. If there is no desired object in images, search every place based on **Initial Observation** to find the object. And if no one is exactly correct, choose a similar answer.

**Initial Observation**
You are in the middle of a room. Looking quickly around you, you can see bathtub (1), bathtubbasin (1), toilet (1), cabinet (1-2), countertop (1), sink (1), sinkbasin (1), garbagecan (1)

**Answer Choices**
(1): go to bathtub 1
(2): go to toilet 1
(3): go to countertop 1
(4): go to sink 1
(5): go to sinkbasin 1
(6): go to cabinet 2
(7): go to garbagecan 1
(8): take cloth 2 from bathtubbasin 1
(9): take faucet 3 from bathtubbasin 1
(10): take candle 3 from bathtubbasin 1
(11): examine bathtubbasin 1


**Answer**
Let's think step by step by following the instructions.
----------------------------------------

----------------------------------------

Original Response:
Firstly, in Image 1, we can see a toilet, a sink with a sink basin, a countertop, a window, and some objects like a spray bottle and a plunger. There is no visible bathtub or bathtub basin in this image. In Image 2, we can see a bathtub with a bathtub basin, and there seems to be a soap bar inside it.

Comparing the two images, we can see that the soap bar is already in the bathtub basin, which is relevant to the task description of "clean some soapbar and put it in bathtubbasin."

According to the task hint, the agent does not need to use a soap bottle or faucet to clean the object; they just need to perform the action "clean the object with the sink or sink basin." However, since the soap bar is already in the bathtub basin, the agent does not need to clean it again.

Based on the initial observation, we know there is a bathtub basin present in the room. Since the soap bar is already in the bathtub basin and no further cleaning action is required, the most reasonable next step for the agent would be to examine the bathtub basin to verify the soap bar's presence and ensure the task is complete.

Therefore, the answer is: (11): examine bathtubbasin 1.

----------------------------------------

----------------------------------------

>>> Refine Original VLM Response and Get Pure Action: No action

----------------------------------------

-----------------------------------------------------------------

Running time: 12.060800313949585 seconds

Total Money: 4.952840000000003

-----------------------------------------------------------------

-----------------------------------------------------------------

Text Observation:Nothing happens.

--------------------------------------------------------------------------------------------------------------------------task: 11---------------------------------------------------------
--------------------------------------------------------------------------------------------------------------------------------------------------------------------
--------------------------------------------------------------------------------------------------------------------------------------------------------------------
Step:--------------------------------------------------------------------------10-------------------------------------------------------------------------------
----------------------------------------
VLM Prompt:
Image1:
<image>
Image2:
<image>
**Instruction**
1. Analyze the provided images to identify all visible household objects and compare the difference between images (e.h. whether the object is opened or not and taken on hand or not), focusing on those relevant to the task description "clean some soapbar and put it in bathtubbasin."
2. Use the analysis of images and the task hint "The agent must find an object of the desired type, pick it up, go to a sink or a basin, clean the object with a sink or basin, and then find the correct location to place it and put it down there. The agent does not need to use soap bottle or faucet to clean the object, and the agent just needs to do action that is "clean the object with the sink or sink basin"." to answer the question: what is the most reasonable action in the choices for the task description "clean some soapbar and put it in bathtubbasin"?
3. Decide and write the answer using the template: The answer is: (i): <selected_action>, where i is the real number. If there is no desired object in images, search every place based on **Initial Observation** to find the object. And if no one is exactly correct, choose a similar answer.

**Initial Observation**
You are in the middle of a room. Looking quickly around you, you can see bathtub (1), bathtubbasin (1), toilet (1), cabinet (1-2), countertop (1), sink (1), sinkbasin (1), garbagecan (1)

**Answer Choices**
(1): go to bathtub 1
(2): go to toilet 1
(3): go to countertop 1
(4): go to sink 1
(5): go to sinkbasin 1
(6): go to cabinet 2
(7): go to garbagecan 1
(8): take cloth 2 from bathtubbasin 1
(9): take faucet 3 from bathtubbasin 1
(10): take candle 3 from bathtubbasin 1
(11): examine bathtubbasin 1


**Answer**
Let's think step by step by following the instructions.
----------------------------------------

----------------------------------------

Original Response:
Firstly, we need to identify the visible household objects in the images. In both images, we can see a bathtub basin with a soap bar inside it. There are no other significant differences between the two images, and no other objects are visible that would be relevant to the task of cleaning a soap bar and putting it in the bathtub basin.

Based on the task description, the agent must find a soap bar, pick it up, go to a sink or basin, clean it, and then place it in the correct location, which in this case would be the bathtub basin. Since the soap bar is already in the bathtub basin, there is no need to find or pick up a soap bar. The agent does not need to use a soap bottle or faucet to clean the object, and the cleaning action is simply "clean the object with the sink or sink basin."

Considering the **Initial Observation** and the fact that the soap bar is already in the bathtub basin, the most reasonable action to perform next would be to clean the soap bar with the sink basin. However, there is no action choice that specifies cleaning the object. The closest action related to the task would be to examine the bathtub basin, which could imply checking the soap bar's condition before or after cleaning it.

The answer is: (11): examine bathtubbasin 1.

----------------------------------------

----------------------------------------

>>> Refine Original VLM Response and Get Pure Action: examine bathtubbasin 1

----------------------------------------

-----------------------------------------------------------------

Running time: 11.24046277999878 seconds

Total Money: 4.980910000000002

-----------------------------------------------------------------

-----------------------------------------------------------------

Text Observation:On the bathtubbasin 1, you see a cloth 2, a faucet 3, and a candle 3.

--------------------------------------------------------------------------------------------------------------------------task: 11---------------------------------------------------------
--------------------------------------------------------------------------------------------------------------------------------------------------------------------
--------------------------------------------------------------------------------------------------------------------------------------------------------------------
Step:--------------------------------------------------------------------------11-------------------------------------------------------------------------------
----------------------------------------
VLM Prompt:
Image1:
<image>
Image2:
<image>
**Instruction**
1. Analyze the provided images to identify all visible household objects and compare the difference between images (e.h. whether the object is opened or not and taken on hand or not), focusing on those relevant to the task description "clean some soapbar and put it in bathtubbasin."
2. Use the analysis of images and the task hint "The agent must find an object of the desired type, pick it up, go to a sink or a basin, clean the object with a sink or basin, and then find the correct location to place it and put it down there. The agent does not need to use soap bottle or faucet to clean the object, and the agent just needs to do action that is "clean the object with the sink or sink basin"." to answer the question: what is the most reasonable action in the choices for the task description "clean some soapbar and put it in bathtubbasin"?
3. Decide and write the answer using the template: The answer is: (i): <selected_action>, where i is the real number. If there is no desired object in images, search every place based on **Initial Observation** to find the object. And if no one is exactly correct, choose a similar answer.

**Initial Observation**
You are in the middle of a room. Looking quickly around you, you can see bathtub (1), bathtubbasin (1), toilet (1), cabinet (1-2), countertop (1), sink (1), sinkbasin (1), garbagecan (1)

**Answer Choices**
(1): go to bathtub 1
(2): go to toilet 1
(3): go to cabinet 1
(4): go to countertop 1
(5): go to sink 1
(6): go to sinkbasin 1
(7): go to cabinet 2
(8): go to garbagecan 1
(9): take cloth 2 from bathtubbasin 1
(10): take faucet 3 from bathtubbasin 1
(11): take candle 3 from bathtubbasin 1


**Answer**
Let's think step by step by following the instructions.
----------------------------------------

----------------------------------------

Original Response:
First, we analyze the provided images. Both images show a bathtub with a bathtubbasin. There is an object in the bathtubbasin, which appears to be a soapbar with some foam or residue on it. There are no other household objects visible in the images, and there are no visible differences between the two images.

Next, we use the analysis and the task hint to determine the most reasonable action. The task description is to "clean some soapbar and put it in bathtubbasin." From the initial observation, we know there is a sink (1) and a sinkbasin (1) available in the room. According to the task hint, the agent must find the soapbar, clean it with a sink or sinkbasin, and then place it in the correct location, which is the bathtubbasin.

The soapbar is already in the bathtubbasin, so the agent does not need to find it. The next step is to clean the soapbar. Since the agent does not need to use a soap bottle or faucet to clean the object, they just need to perform the action of cleaning the object with the sink or sinkbasin.

Given the answer choices, the most reasonable action to perform the task is to go to the sink or sinkbasin to clean the soapbar. There is no specific action listed to clean the soapbar, so the closest actions would be to go to the sink or sinkbasin.

The answer is: (5): go to sink 1 or (6): go to sinkbasin 1.

----------------------------------------

----------------------------------------

>>> Refine Original VLM Response and Get Pure Action: go to sink 1 or (6): go to sinkbasin 1

----------------------------------------

-----------------------------------------------------------------

Running time: 26.337865829467773 seconds

Total Money: 5.010380000000002

-----------------------------------------------------------------

-----------------------------------------------------------------

Text Observation:Nothing happens.

--------------------------------------------------------------------------------------------------------------------------task: 11---------------------------------------------------------
--------------------------------------------------------------------------------------------------------------------------------------------------------------------
--------------------------------------------------------------------------------------------------------------------------------------------------------------------
Step:--------------------------------------------------------------------------12-------------------------------------------------------------------------------
----------------------------------------
VLM Prompt:
Image1:
<image>
Image2:
<image>
**Instruction**
1. Analyze the provided images to identify all visible household objects and compare the difference between images (e.h. whether the object is opened or not and taken on hand or not), focusing on those relevant to the task description "clean some soapbar and put it in bathtubbasin."
2. Use the analysis of images and the task hint "The agent must find an object of the desired type, pick it up, go to a sink or a basin, clean the object with a sink or basin, and then find the correct location to place it and put it down there. The agent does not need to use soap bottle or faucet to clean the object, and the agent just needs to do action that is "clean the object with the sink or sink basin"." to answer the question: what is the most reasonable action in the choices for the task description "clean some soapbar and put it in bathtubbasin"?
3. Decide and write the answer using the template: The answer is: (i): <selected_action>, where i is the real number. If there is no desired object in images, search every place based on **Initial Observation** to find the object. And if no one is exactly correct, choose a similar answer.

**Initial Observation**
You are in the middle of a room. Looking quickly around you, you can see bathtub (1), bathtubbasin (1), toilet (1), cabinet (1-2), countertop (1), sink (1), sinkbasin (1), garbagecan (1)

**Answer Choices**
(1): go to bathtub 1
(2): go to toilet 1
(3): go to cabinet 1
(4): go to countertop 1
(5): go to sink 1
(6): go to sinkbasin 1
(7): go to cabinet 2
(8): go to garbagecan 1
(9): take cloth 2 from bathtubbasin 1
(10): take faucet 3 from bathtubbasin 1
(11): take candle 3 from bathtubbasin 1


**Answer**
Let's think step by step by following the instructions.
----------------------------------------

----------------------------------------

Original Response:
- First, we analyze the images provided. In both images, we can see a bathtub with a bathtub basin, and inside the basin, there is a soapbar. There are no other visible objects relevant to the task description.
- Based on the task hint, the agent needs to clean the soapbar and place it in the bathtub basin. In the images, the soapbar is already in the bathtub basin, so we can assume that the agent has already placed it there. The next step would be to clean it.
- Since the agent does not need to use a soap bottle or faucet to clean the object, the most reasonable action would be to "clean the object with the sink or sink basin." However, there is no option provided for cleaning the object, only options for going to different locations or taking objects from the bathtub basin.
- Given the answer choices, the closest action to cleaning the soapbar in the bathtub basin is to go to the sink or sink basin. Since the soapbar is already in the bathtub basin, going to the sink basin would be the most logical choice to clean the soapbar.

The answer is: (6): go to sinkbasin 1.

----------------------------------------

----------------------------------------

>>> Refine Original VLM Response and Get Pure Action: go to sinkbasin 1

----------------------------------------

-----------------------------------------------------------------

Running time: 9.472283363342285 seconds

Total Money: 5.037540000000003

-----------------------------------------------------------------

-----------------------------------------------------------------

Text Observation:You arrive at loc 6. On the sinkbasin 1, you see a faucet 1, and a faucet 2.

--------------------------------------------------------------------------------------------------------------------------task: 11---------------------------------------------------------
--------------------------------------------------------------------------------------------------------------------------------------------------------------------
--------------------------------------------------------------------------------------------------------------------------------------------------------------------
Step:--------------------------------------------------------------------------13-------------------------------------------------------------------------------
----------------------------------------
VLM Prompt:
Image1:
<image>
Image2:
<image>
**Instruction**
1. Analyze the provided images to identify all visible household objects and compare the difference between images (e.h. whether the object is opened or not and taken on hand or not), focusing on those relevant to the task description "clean some soapbar and put it in bathtubbasin."
2. Use the analysis of images and the task hint "The agent must find an object of the desired type, pick it up, go to a sink or a basin, clean the object with a sink or basin, and then find the correct location to place it and put it down there. The agent does not need to use soap bottle or faucet to clean the object, and the agent just needs to do action that is "clean the object with the sink or sink basin"." to answer the question: what is the most reasonable action in the choices for the task description "clean some soapbar and put it in bathtubbasin"?
3. Decide and write the answer using the template: The answer is: (i): <selected_action>, where i is the real number. If there is no desired object in images, search every place based on **Initial Observation** to find the object. And if no one is exactly correct, choose a similar answer.

**Initial Observation**
You are in the middle of a room. Looking quickly around you, you can see bathtub (1), bathtubbasin (1), toilet (1), cabinet (1-2), countertop (1), sink (1), sinkbasin (1), garbagecan (1)

**Answer Choices**
(1): go to bathtub 1
(2): go to bathtubbasin 1
(3): go to toilet 1
(4): go to cabinet 1
(5): go to countertop 1
(6): go to sink 1
(7): go to cabinet 2
(8): go to garbagecan 1
(9): take faucet 1 from sinkbasin 1
(10): take faucet 2 from sinkbasin 1
(11): examine sinkbasin 1


**Answer**
Let's think step by step by following the instructions.
----------------------------------------

----------------------------------------

Original Response:
First, we identify all visible household objects in the images:
- In Image 1, we see a bathtub with a soap bar inside it. There is no faucet or water visible, so we can assume the bathtub is not currently being used to clean the soap bar.
- In Image 2, we see a sink with a faucet and handles. There is also a sink basin visible with some water and bubbles, indicating that it might have been used for cleaning purposes.

Comparing the differences between the images, we do not see the soap bar being held or cleaned in Image 2, but we do see a sink basin that could be used for cleaning.

Based on the task description "clean some soapbar and put it in bathtubbasin," we need to find a soap bar, clean it, and then put it in the bathtub basin. Since we already see a soap bar in the bathtub in Image 1, we can assume that the soap bar to be cleaned is the same one.

Given the task hint, we understand that the agent does not need to use a soap bottle or faucet to clean the object, but just needs to perform the action of cleaning the object with the sink or sink basin.

Considering the Initial Observation, we have identified that there is a sink (1) and a sink basin (1) available in the room.

Now, we can determine the most reasonable action for the task:
- Since there is already a soap bar in the bathtub, we do not need to search for another one.
- The next step would be to clean the soap bar. Since the agent does not need to use the faucet or soap bottle, the action of going to the sink (6) would be most appropriate to clean the soap bar with the sink basin.
- After cleaning, the agent would need to put the soap bar in the bathtub basin, but since it's already there, this step is unnecessary.

The answer is: (6): go to sink 1.

----------------------------------------

----------------------------------------

>>> Refine Original VLM Response and Get Pure Action: go to sink 1

----------------------------------------

-----------------------------------------------------------------

Running time: 15.85168719291687 seconds

Total Money: 5.069430000000002

-----------------------------------------------------------------

-----------------------------------------------------------------

Text Observation:You arrive at loc 5. On the sink 1, you see a faucet 1, and a faucet 2.

--------------------------------------------------------------------------------------------------------------------------task: 11---------------------------------------------------------
--------------------------------------------------------------------------------------------------------------------------------------------------------------------
--------------------------------------------------------------------------------------------------------------------------------------------------------------------
Step:--------------------------------------------------------------------------14-------------------------------------------------------------------------------
----------------------------------------
VLM Prompt:
Image1:
<image>
Image2:
<image>
**Instruction**
1. Analyze the provided images to identify all visible household objects and compare the difference between images (e.h. whether the object is opened or not and taken on hand or not), focusing on those relevant to the task description "clean some soapbar and put it in bathtubbasin."
2. Use the analysis of images and the task hint "The agent must find an object of the desired type, pick it up, go to a sink or a basin, clean the object with a sink or basin, and then find the correct location to place it and put it down there. The agent does not need to use soap bottle or faucet to clean the object, and the agent just needs to do action that is "clean the object with the sink or sink basin"." to answer the question: what is the most reasonable action in the choices for the task description "clean some soapbar and put it in bathtubbasin"?
3. Decide and write the answer using the template: The answer is: (i): <selected_action>, where i is the real number. If there is no desired object in images, search every place based on **Initial Observation** to find the object. And if no one is exactly correct, choose a similar answer.

**Initial Observation**
You are in the middle of a room. Looking quickly around you, you can see bathtub (1), bathtubbasin (1), toilet (1), cabinet (1-2), countertop (1), sink (1), sinkbasin (1), garbagecan (1)

**Answer Choices**
(1): go to bathtub 1
(2): go to bathtubbasin 1
(3): go to toilet 1
(4): go to cabinet 1
(5): go to countertop 1
(6): go to cabinet 2
(7): go to garbagecan 1
(8): take faucet 1 from sink 1
(9): take faucet 2 from sink 1
(10): examine sink 1


**Answer**
Let's think step by step by following the instructions.
----------------------------------------

----------------------------------------

Original Response:
Firstly, we should identify all visible household objects in the images. In both images, we can see a sink with two faucets, a sink basin, and a bathtub basin through the mirror reflection. There is no visible soapbar or other objects that could be associated with the task of "clean some soapbar and put it in bathtubbasin."

Based on the task description and hint, the agent must find a soapbar, clean it, and put it in the bathtub basin. However, since no soapbar is visible in the images provided, we must search every place based on the Initial Observation.

Given the answer choices and the task at hand, the most reasonable action would be to go to a location where a soapbar might be found, such as a cabinet or countertop. Since the task does not require using a faucet, taking a faucet would not be a relevant action. Examining the sink might be useful if there was a soapbar present, but since there isn't, it would not be the most reasonable next step.

Therefore, the most reasonable action to find the soapbar for the task of "clean some soapbar and put it in bathtubbasin" would be to search the locations where a soapbar might be stored, such as cabinets or countertops.

The answer is: (4): go to cabinet 1.

----------------------------------------

----------------------------------------

>>> Refine Original VLM Response and Get Pure Action: go to cabinet 1

----------------------------------------

-----------------------------------------------------------------

Running time: 15.158447504043579 seconds

Total Money: 5.097330000000002

-----------------------------------------------------------------

-----------------------------------------------------------------

Text Observation:You arrive at loc 3. The cabinet 1 is open. On the cabinet 1, you see a faucet 1, a spraybottle 1, a toiletpaper 2, a cloth 1, a toiletpaper 1, a plunger 1, a candle 1, and a scrubbrush 1.

--------------------------------------------------------------------------------------------------------------------------task: 11---------------------------------------------------------
--------------------------------------------------------------------------------------------------------------------------------------------------------------------
--------------------------------------------------------------------------------------------------------------------------------------------------------------------
Step:--------------------------------------------------------------------------15-------------------------------------------------------------------------------
----------------------------------------
VLM Prompt:
Image1:
<image>
Image2:
<image>
**Instruction**
1. Analyze the provided images to identify all visible household objects and compare the difference between images (e.h. whether the object is opened or not and taken on hand or not), focusing on those relevant to the task description "clean some soapbar and put it in bathtubbasin."
2. Use the analysis of images and the task hint "The agent must find an object of the desired type, pick it up, go to a sink or a basin, clean the object with a sink or basin, and then find the correct location to place it and put it down there. The agent does not need to use soap bottle or faucet to clean the object, and the agent just needs to do action that is "clean the object with the sink or sink basin"." to answer the question: what is the most reasonable action in the choices for the task description "clean some soapbar and put it in bathtubbasin"?
3. Decide and write the answer using the template: The answer is: (i): <selected_action>, where i is the real number. If there is no desired object in images, search every place based on **Initial Observation** to find the object. And if no one is exactly correct, choose a similar answer.

**Initial Observation**
You are in the middle of a room. Looking quickly around you, you can see bathtub (1), bathtubbasin (1), toilet (1), cabinet (1-2), countertop (1), sink (1), sinkbasin (1), garbagecan (1)

**Answer Choices**
(1): go to bathtub 1
(2): go to bathtubbasin 1
(3): go to toilet 1
(4): go to countertop 1
(5): go to cabinet 2
(6): go to garbagecan 1
(7): open cabinet 1
(8): close cabinet 1
(9): take faucet 1 from cabinet 1
(10): take spraybottle 1 from cabinet 1
(11): take toiletpaper 2 from cabinet 1
(12): take cloth 1 from cabinet 1
(13): take toiletpaper 1 from cabinet 1
(14): take plunger 1 from cabinet 1
(15): take candle 1 from cabinet 1
(16): take scrubbrush 1 from cabinet 1
(17): examine cabinet 1


**Answer**
Let's think step by step by following the instructions.
----------------------------------------

----------------------------------------

Original Response:
First, we need to identify all visible household objects in the images. In Image 1, we can see a sink with a faucet and two handles, a countertop, and a reflection of a bathtub basin in the mirror above the sink. In Image 2, we see a toilet with a cleaning spray bottle on the tank, a countertop with a sink, and a garbage can with some trash next to it.

Comparing the differences between images, there are no significant changes that would indicate an object has been opened, taken, or used. The task description requires us to "clean some soapbar and put it in bathtubbasin." However, there is no soapbar visible in either of the images.

Given the task hint, we need to find a soapbar, clean it, and place it in the bathtub basin. The agent does not need to use soap or a faucet for cleaning the object. Based on the Initial Observation, there is a bathtub basin and a cabinet that we have not yet seen inside. The soapbar could be inside the cabinet.

The most reasonable action from the provided choices, given that we cannot see a soapbar, would be to search the cabinet for the soapbar. Therefore, the correct course of action would be to first open the cabinet to look for the soapbar.

The answer is: (7): open cabinet 1

----------------------------------------

----------------------------------------

>>> Refine Original VLM Response and Get Pure Action: open cabinet 1

----------------------------------------

-----------------------------------------------------------------

Running time: 12.217397212982178 seconds

Total Money: 5.126250000000002

-----------------------------------------------------------------

-----------------------------------------------------------------

Text Observation:Nothing happens.

--------------------------------------------------------------------------------------------------------------------------task: 11---------------------------------------------------------
--------------------------------------------------------------------------------------------------------------------------------------------------------------------
--------------------------------------------------------------------------------------------------------------------------------------------------------------------
Step:--------------------------------------------------------------------------16-------------------------------------------------------------------------------
----------------------------------------
VLM Prompt:
Image1:
<image>
Image2:
<image>
**Instruction**
1. Analyze the provided images to identify all visible household objects and compare the difference between images (e.h. whether the object is opened or not and taken on hand or not), focusing on those relevant to the task description "clean some soapbar and put it in bathtubbasin."
2. Use the analysis of images and the task hint "The agent must find an object of the desired type, pick it up, go to a sink or a basin, clean the object with a sink or basin, and then find the correct location to place it and put it down there. The agent does not need to use soap bottle or faucet to clean the object, and the agent just needs to do action that is "clean the object with the sink or sink basin"." to answer the question: what is the most reasonable action in the choices for the task description "clean some soapbar and put it in bathtubbasin"?
3. Decide and write the answer using the template: The answer is: (i): <selected_action>, where i is the real number. If there is no desired object in images, search every place based on **Initial Observation** to find the object. And if no one is exactly correct, choose a similar answer.

**Initial Observation**
You are in the middle of a room. Looking quickly around you, you can see bathtub (1), bathtubbasin (1), toilet (1), cabinet (1-2), countertop (1), sink (1), sinkbasin (1), garbagecan (1)

**Answer Choices**
(1): go to bathtub 1
(2): go to bathtubbasin 1
(3): go to toilet 1
(4): go to countertop 1
(5): go to sinkbasin 1
(6): go to cabinet 2
(7): go to garbagecan 1
(8): close cabinet 1
(9): take faucet 1 from cabinet 1
(10): take spraybottle 1 from cabinet 1
(11): take toiletpaper 2 from cabinet 1
(12): take cloth 1 from cabinet 1
(13): take toiletpaper 1 from cabinet 1
(14): take plunger 1 from cabinet 1
(15): take candle 1 from cabinet 1
(16): take scrubbrush 1 from cabinet 1
(17): examine cabinet 1


**Answer**
Let's think step by step by following the instructions.
----------------------------------------

----------------------------------------

Original Response:
Firstly, we need to identify all visible household objects in the images provided. From Image1 and Image2, we can see the following objects:

- A toilet
- A sink with a faucet
- A countertop
- A spray bottle on top of the toilet tank
- A plunger next to the toilet
- A window with a view outside
- A garbage can with a toilet paper roll and a cloth inside it

There is no visible difference between Image1 and Image2.

According to the task description "clean some soapbar and put it in bathtubbasin," the agent needs to find a soapbar, clean it, and put it in the bathtub basin. There is no soapbar visible in the images, so we need to search every place based on the Initial Observation to find the object.

Considering the task hint and the objects available, the most reasonable action would be to go to the sink basin, where the agent can clean the soapbar. However, since there is no soapbar visible, the agent would first need to find the soapbar. The soapbar could likely be in the cabinet, as that is a common storage place for such items.

Given the answer choices and the task at hand, the agent should first search the cabinet to find the soapbar before proceeding to clean it in the sink basin. Therefore, the most reasonable action would be:

The answer is: (17): examine cabinet 1

----------------------------------------

----------------------------------------

>>> Refine Original VLM Response and Get Pure Action: examine cabinet 1

----------------------------------------

-----------------------------------------------------------------

Running time: 14.65869927406311 seconds

Total Money: 5.155650000000002

-----------------------------------------------------------------

-----------------------------------------------------------------

Text Observation:On the cabinet 1, you see a faucet 1, a spraybottle 1, a toiletpaper 2, a cloth 1, a toiletpaper 1, a plunger 1, a candle 1, and a scrubbrush 1.

--------------------------------------------------------------------------------------------------------------------------task: 11---------------------------------------------------------
--------------------------------------------------------------------------------------------------------------------------------------------------------------------
--------------------------------------------------------------------------------------------------------------------------------------------------------------------
Step:--------------------------------------------------------------------------17-------------------------------------------------------------------------------
----------------------------------------
VLM Prompt:
Image1:
<image>
Image2:
<image>
**Instruction**
1. Analyze the provided images to identify all visible household objects and compare the difference between images (e.h. whether the object is opened or not and taken on hand or not), focusing on those relevant to the task description "clean some soapbar and put it in bathtubbasin."
2. Use the analysis of images and the task hint "The agent must find an object of the desired type, pick it up, go to a sink or a basin, clean the object with a sink or basin, and then find the correct location to place it and put it down there. The agent does not need to use soap bottle or faucet to clean the object, and the agent just needs to do action that is "clean the object with the sink or sink basin"." to answer the question: what is the most reasonable action in the choices for the task description "clean some soapbar and put it in bathtubbasin"?
3. Decide and write the answer using the template: The answer is: (i): <selected_action>, where i is the real number. If there is no desired object in images, search every place based on **Initial Observation** to find the object. And if no one is exactly correct, choose a similar answer.

**Initial Observation**
You are in the middle of a room. Looking quickly around you, you can see bathtub (1), bathtubbasin (1), toilet (1), cabinet (1-2), countertop (1), sink (1), sinkbasin (1), garbagecan (1)

**Answer Choices**
(1): go to bathtub 1
(2): go to bathtubbasin 1
(3): go to toilet 1
(4): go to countertop 1
(5): go to sink 1
(6): go to sinkbasin 1
(7): go to cabinet 2
(8): go to garbagecan 1
(9): close cabinet 1
(10): take faucet 1 from cabinet 1
(11): take spraybottle 1 from cabinet 1
(12): take toiletpaper 2 from cabinet 1
(13): take cloth 1 from cabinet 1
(14): take toiletpaper 1 from cabinet 1
(15): take plunger 1 from cabinet 1
(16): take candle 1 from cabinet 1
(17): take scrubbrush 1 from cabinet 1


**Answer**
Let's think step by step by following the instructions.
----------------------------------------

----------------------------------------

Original Response:
First, we analyze the provided images to identify all visible household objects. In both images, we can see a toilet, a spray bottle on top of the toilet tank, a sink with a faucet, and a countertop. There is no visible soap bar in either image.

Next, we consider the task description "clean some soapbar and put it in bathtubbasin" and the hint provided. The agent must find a soap bar, clean it with a sink or basin, and then place it in the bathtub basin.

Based on the **Initial Observation**, we know there is a bathtub basin (1) in the room. Since there is no soap bar visible in the images, the agent should search for the soap bar in places where it is likely to be found, such as the cabinet.

The most reasonable action from the choices provided, considering the agent must first find a soap bar, would be to look in the cabinet. The option to go to the cabinet is (7): go to cabinet 2. Since there is no specific action to "search cabinet" or "take soapbar," going to the cabinet is the closest action the agent can take to find the soap bar.

The answer is: (7): go to cabinet 2.

----------------------------------------

----------------------------------------

>>> Refine Original VLM Response and Get Pure Action: go to cabinet 2

----------------------------------------

-----------------------------------------------------------------

Running time: 12.308245420455933 seconds

Total Money: 5.1838900000000026

-----------------------------------------------------------------

-----------------------------------------------------------------

Text Observation:You arrive at loc 7. The cabinet 2 is closed. 

--------------------------------------------------------------------------------------------------------------------------task: 11---------------------------------------------------------
--------------------------------------------------------------------------------------------------------------------------------------------------------------------
--------------------------------------------------------------------------------------------------------------------------------------------------------------------
Step:--------------------------------------------------------------------------18-------------------------------------------------------------------------------
----------------------------------------
VLM Prompt:
Image1:
<image>
Image2:
<image>
**Instruction**
1. Analyze the provided images to identify all visible household objects and compare the difference between images (e.h. whether the object is opened or not and taken on hand or not), focusing on those relevant to the task description "clean some soapbar and put it in bathtubbasin."
2. Use the analysis of images and the task hint "The agent must find an object of the desired type, pick it up, go to a sink or a basin, clean the object with a sink or basin, and then find the correct location to place it and put it down there. The agent does not need to use soap bottle or faucet to clean the object, and the agent just needs to do action that is "clean the object with the sink or sink basin"." to answer the question: what is the most reasonable action in the choices for the task description "clean some soapbar and put it in bathtubbasin"?
3. Decide and write the answer using the template: The answer is: (i): <selected_action>, where i is the real number. If there is no desired object in images, search every place based on **Initial Observation** to find the object. And if no one is exactly correct, choose a similar answer.

**Initial Observation**
You are in the middle of a room. Looking quickly around you, you can see bathtub (1), bathtubbasin (1), toilet (1), cabinet (1-2), countertop (1), sink (1), sinkbasin (1), garbagecan (1)

**Answer Choices**
(1): go to bathtub 1
(2): go to bathtubbasin 1
(3): go to toilet 1
(4): go to cabinet 1
(5): go to countertop 1
(6): go to sink 1
(7): go to sinkbasin 1
(8): go to garbagecan 1
(9): open cabinet 2
(10): close cabinet 2
(11): examine cabinet 2


**Answer**
Let's think step by step by following the instructions.
----------------------------------------

----------------------------------------

Original Response:
Firstly, we analyze the images to identify all visible household objects. In Image 1, we can see a toilet, a sink with a countertop, a cabinet above the sink, a soap bottle on top of the toilet tank, and a soap bar on the countertop. In Image 2, the soap bar is no longer on the countertop, indicating that it has been picked up.

The task description "clean some soapbar and put it in bathtubbasin" suggests that the agent must find the soap bar, clean it, and then place it in the bathtub basin. Since the soap bar is not visible in Image 2, we can infer that the agent has already picked it up. The agent does not need to use the soap bottle or faucet to clean the object, and since the sink and sink basin are visible, those are the likely places to clean the object.

Based on the Initial Observation, there is a bathtub basin in the room, but it is not visible in the images provided. However, since the soap bar has been picked up, the next reasonable action would be to go to a location where the agent can clean the object. The agent must find the correct location to place it and put it down there, which would be the bathtub basin.

Considering the Answer Choices, the most reasonable action for the task description "clean some soapbar and put it in bathtubbasin" would be to first go to the sink or sink basin to clean the soap bar and then go to the bathtub basin to place it.

The answer is: (7): go to sinkbasin 1. If the bathtub basin is not accessible or visible, the agent should search every place based on Initial Observation to find it.

----------------------------------------

----------------------------------------

>>> Refine Original VLM Response and Get Pure Action: go to sinkbasin 1

----------------------------------------

-----------------------------------------------------------------

Running time: 13.343586921691895 seconds

Total Money: 5.214190000000003

-----------------------------------------------------------------

-----------------------------------------------------------------

Text Observation:You arrive at loc 6. On the sinkbasin 1, you see a faucet 1, and a faucet 2.

--------------------------------------------------------------------------------------------------------------------------task: 11---------------------------------------------------------
--------------------------------------------------------------------------------------------------------------------------------------------------------------------
--------------------------------------------------------------------------------------------------------------------------------------------------------------------
Step:--------------------------------------------------------------------------19-------------------------------------------------------------------------------
----------------------------------------
VLM Prompt:
Image1:
<image>
Image2:
<image>
**Instruction**
1. Analyze the provided images to identify all visible household objects and compare the difference between images (e.h. whether the object is opened or not and taken on hand or not), focusing on those relevant to the task description "clean some soapbar and put it in bathtubbasin."
2. Use the analysis of images and the task hint "The agent must find an object of the desired type, pick it up, go to a sink or a basin, clean the object with a sink or basin, and then find the correct location to place it and put it down there. The agent does not need to use soap bottle or faucet to clean the object, and the agent just needs to do action that is "clean the object with the sink or sink basin"." to answer the question: what is the most reasonable action in the choices for the task description "clean some soapbar and put it in bathtubbasin"?
3. Decide and write the answer using the template: The answer is: (i): <selected_action>, where i is the real number. If there is no desired object in images, search every place based on **Initial Observation** to find the object. And if no one is exactly correct, choose a similar answer.

**Initial Observation**
You are in the middle of a room. Looking quickly around you, you can see bathtub (1), bathtubbasin (1), toilet (1), cabinet (1-2), countertop (1), sink (1), sinkbasin (1), garbagecan (1)

**Answer Choices**
(1): go to bathtub 1
(2): go to bathtubbasin 1
(3): go to toilet 1
(4): go to cabinet 1
(5): go to countertop 1
(6): go to sink 1
(7): go to garbagecan 1
(8): take faucet 1 from sinkbasin 1
(9): take faucet 2 from sinkbasin 1
(10): examine sinkbasin 1


**Answer**
Let's think step by step by following the instructions.
----------------------------------------

----------------------------------------

Original Response:
Firstly, we need to identify all visible household objects in the images. In both images, we can see a sink with faucets and a sinkbasin. There is also a reflection in the mirror that shows a bathtub and possibly a bathtubbasin, but it's not very clear. The task requires us to clean a soapbar and put it in the bathtubbasin.

From the initial observation, we know there is a bathtubbasin, which is likely to be the correct location to place the cleaned soapbar. However, we do not see any soapbar in the images provided, so we need to search for it based on the initial observation.

The task hint tells us that the agent must find an object of the desired type (soapbar), pick it up, go to a sink or basin, clean the object, and then find the correct location to place it (bathtubbasin). Since we don't see the soapbar in the images, we need to search for it, likely in a cabinet or on the countertop.

Based on the task description and the information we have, the most reasonable action would be to look for the soapbar first. Since we don't see it in the images, it might be in the cabinet or on the countertop.

The answer is: (4): go to cabinet 1

----------------------------------------

----------------------------------------

>>> Refine Original VLM Response and Get Pure Action: go to cabinet 1

----------------------------------------

-----------------------------------------------------------------

Running time: 22.490073442459106 seconds

Total Money: 5.242150000000003

-----------------------------------------------------------------

-----------------------------------------------------------------

Text Observation:You arrive at loc 3. The cabinet 1 is open. On the cabinet 1, you see a faucet 1, a spraybottle 1, a toiletpaper 2, a cloth 1, a toiletpaper 1, a plunger 1, a candle 1, and a scrubbrush 1.

-----------------------------------------------------------------