---------------------------------------------------------task: 6---------------------------------------------------------
--------------------------------------------------------------------------------------------------------------------------------------------------------------------
--------------------------------------------------------------------------------------------------------------------------------------------------------------------
Step:--------------------------------------------------------------------------0-------------------------------------------------------------------------------
----------------------------------------
VLM Prompt:
Image1:
<image>
**Instruction**
1. Analyze the provided image to identify all visible household objects, focusing on those relevant to the task description "put a cd in safe."
2. Use the analysis of the image and the task hint "The agent must find an object of the desired type, pick it up, find the correct location to place it, and put it down there." to answer the question: what is the most reasonable action in the choices for the task description "put a cd in safe"?
4. Decide and write the answer using the template: The answer is: (i): <selected_action>, where i is the real number. If there is no desired object in the image, search every place based on **Initial Observation** to find the object. And if no one is exactly correct, choose a similar answer.

**Initial Observation**
You are in the middle of a room. Looking quickly around you, you can see bed (1-2), dresser (1), sidetable (1-2), drawer (1-11), desk (1), garbagecan (1), safe (1)

**Answer Choices**
(1): go to bed 1
(2): go to dresser 1
(3): go to bed 2
(4): go to sidetable 1
(5): go to drawer 1
(6): go to drawer 2
(7): go to sidetable 2
(8): go to drawer 3
(9): go to drawer 4
(10): go to desk 1
(11): go to garbagecan 1
(12): go to drawer 5
(13): go to drawer 6
(14): go to drawer 7
(15): go to drawer 8
(16): go to drawer 9
(17): go to drawer 10
(18): go to drawer 11
(19): go to safe 1

**Answer**
Let's think step by step by following the instructions.
----------------------------------------

----------------------------------------

Original Response:
The task is to "put a cd in safe." The image shows a sidetable and a part of a bed. There is no CD visible on the sidetable or the bed. Based on the **Initial Observation**, there is a safe in the room, which is the final location to place the CD, but first, we need to find the CD.

CDs are usually stored in drawers or on a desk. Thus, we should check these locations first. Starting with the closest and most logical options:

- Drawers are common storage places for CDs, so we should start by searching there.
- The desk is another place where one might keep a CD, especially if it's related to work or study.

Since the image doesn't provide enough information about where the CD might be and no CD is visible, we should search every place based on **Initial Observation**. 

The most reasonable action to start with would be to go to the desk, as it's a common place to keep CDs that are frequently used or needed at hand.

The answer is: (10): go to desk 1

----------------------------------------

----------------------------------------

>>> Refine Original VLM Response and Get Pure Action: go to desk 1

----------------------------------------

-----------------------------------------------------------------

Running time: 11.10378646850586 seconds

Total Money: 1.6191600000000004

-----------------------------------------------------------------

-----------------------------------------------------------------

Text Observation:You arrive at loc 9. On the desk 1, you see a alarmclock 1, a bowl 1, a mug 1, a keychain 1, and a pencil 1.

--------------------------------------------------------------------------------------------------------------------------task: 6---------------------------------------------------------
--------------------------------------------------------------------------------------------------------------------------------------------------------------------
--------------------------------------------------------------------------------------------------------------------------------------------------------------------
Step:--------------------------------------------------------------------------1-------------------------------------------------------------------------------
----------------------------------------
VLM Prompt:
Image1:
<image>
**Instruction**
1. Analyze the provided image to identify all visible household objects, focusing on those relevant to the task description "put a cd in safe."
2. Use the analysis of the image and the task hint "The agent must find an object of the desired type, pick it up, find the correct location to place it, and put it down there." to answer the question: what is the most reasonable action in the choices for the task description "put a cd in safe"?
4. Decide and write the answer using the template: The answer is: (i): <selected_action>, where i is the real number. If there is no desired object in the image, search every place based on **Initial Observation** to find the object. And if no one is exactly correct, choose a similar answer.

**Initial Observation**
You are in the middle of a room. Looking quickly around you, you can see bed (1-2), dresser (1), sidetable (1-2), drawer (1-11), desk (1), garbagecan (1), safe (1)

**Answer Choices**
(1): go to bed 1
(2): go to dresser 1
(3): go to bed 2
(4): go to sidetable 1
(5): go to drawer 1
(6): go to drawer 2
(7): go to sidetable 2
(8): go to drawer 3
(9): go to drawer 4
(10): go to garbagecan 1
(11): go to drawer 5
(12): go to drawer 6
(13): go to drawer 7
(14): go to drawer 8
(15): go to drawer 9
(16): go to drawer 10
(17): go to drawer 11
(18): go to safe 1
(19): take alarmclock 1 from desk 1
(20): take bowl 1 from desk 1
(21): take mug 1 from desk 1
(22): take keychain 1 from desk 1
(23): take pencil 1 from desk 1
(24): examine desk 1

**Answer**
Let's think step by step by following the instructions.
----------------------------------------

----------------------------------------

Original Response:
First, we analyze the image to identify visible household objects. We can see a desk labeled "desk 1" with several items on it, including a bowl labeled "bowl 1," a mug labeled "mug 1," an alarm clock labeled "alarmclock 1," a keychain labeled "keychain 1," and a pencil labeled "pencil 1." There is no CD visible in the image.

Now, using the task hint, we know we need to find an object of the desired type, which is a CD. Since there is no CD on the desk, we must search every place based on the Initial Observation to find one.

Considering the usual places where a CD might be found, it's less likely to be in places like the bed, garbage can, or bowl. Dressers, side tables, and drawers are more common places where one might keep a CD.

Therefore, the most reasonable action would be to check the drawers first. Since there are multiple drawers, we can start from the first one and continue until we find a CD.

The answer is: (5): go to drawer 1. If the CD is not there, we would continue with the subsequent drawers.

----------------------------------------

----------------------------------------

>>> Refine Original VLM Response and Get Pure Action: go to drawer 1

----------------------------------------

-----------------------------------------------------------------

Running time: 10.225930452346802 seconds

Total Money: 1.6390600000000004

-----------------------------------------------------------------

-----------------------------------------------------------------

Text Observation:You arrive at loc 4. The drawer 1 is closed. 

--------------------------------------------------------------------------------------------------------------------------task: 6---------------------------------------------------------
--------------------------------------------------------------------------------------------------------------------------------------------------------------------
--------------------------------------------------------------------------------------------------------------------------------------------------------------------
Step:--------------------------------------------------------------------------2-------------------------------------------------------------------------------
----------------------------------------
VLM Prompt:
Image1:
<image>
**Instruction**
1. Analyze the provided image to identify all visible household objects, focusing on those relevant to the task description "put a cd in safe."
2. Use the analysis of the image and the task hint "The agent must find an object of the desired type, pick it up, find the correct location to place it, and put it down there." to answer the question: what is the most reasonable action in the choices for the task description "put a cd in safe"?
4. Decide and write the answer using the template: The answer is: (i): <selected_action>, where i is the real number. If there is no desired object in the image, search every place based on **Initial Observation** to find the object. And if no one is exactly correct, choose a similar answer.

**Initial Observation**
You are in the middle of a room. Looking quickly around you, you can see bed (1-2), dresser (1), sidetable (1-2), drawer (1-11), desk (1), garbagecan (1), safe (1)

**Answer Choices**
(1): go to bed 1
(2): go to dresser 1
(3): go to bed 2
(4): go to sidetable 1
(5): go to drawer 2
(6): go to sidetable 2
(7): go to drawer 3
(8): go to drawer 4
(9): go to garbagecan 1
(10): go to drawer 5
(11): go to drawer 6
(12): go to drawer 7
(13): go to drawer 8
(14): go to drawer 9
(15): go to drawer 10
(16): go to drawer 11
(17): go to safe 1
(18): open drawer 1
(19): close drawer 1
(20): examine drawer 1

**Answer**
Let's think step by step by following the instructions.
----------------------------------------

----------------------------------------

Original Response:
First, we need to identify all visible household objects relevant to the task of "putting a cd in safe." In the image, we can see a sidetable with two drawers labeled drawer 1 and drawer 2. On top of the sidetable, there are objects labeled cellphone 1, cellphone 2, pencil 2, and creditcard 1. There are no CDs visible in the image.

Based on the initial observation, we know there is a safe (safe 1) in the room, but it is not visible in the image. Since we cannot see a CD on the sidetable or any other visible area, we need to search other places where a CD might be stored, which could be in drawers or a dresser.

Considering the task hint, we must find a CD first to put it in the safe. The most logical step is to begin by searching the drawers closest to us, which are drawer 1 and drawer 2 on the sidetable.

The answer is: (18): open drawer 1

This action will allow us to check if there is a CD inside drawer 1, and if we find one, we can then proceed to "go to safe 1" to complete the task. If there is no CD in drawer 1, the next reasonable action would be to check drawer 2 and continue searching in other drawers or the dresser until we find a CD.

----------------------------------------

----------------------------------------

>>> Refine Original VLM Response and Get Pure Action: open drawer 1

This action will allow us to check if there is a CD inside drawer 1, and if we find one, we can then proceed to "go to safe 1" to complete the task

----------------------------------------

-----------------------------------------------------------------

Running time: 10.126573085784912 seconds

Total Money: 1.6596100000000005

-----------------------------------------------------------------

-----------------------------------------------------------------

Text Observation:Nothing happens.

--------------------------------------------------------------------------------------------------------------------------task: 6---------------------------------------------------------
--------------------------------------------------------------------------------------------------------------------------------------------------------------------
--------------------------------------------------------------------------------------------------------------------------------------------------------------------
Step:--------------------------------------------------------------------------3-------------------------------------------------------------------------------
----------------------------------------
VLM Prompt:
Image1:
<image>
**Instruction**
1. Analyze the provided image to identify all visible household objects, focusing on those relevant to the task description "put a cd in safe."
2. Use the analysis of the image and the task hint "The agent must find an object of the desired type, pick it up, find the correct location to place it, and put it down there." to answer the question: what is the most reasonable action in the choices for the task description "put a cd in safe"?
4. Decide and write the answer using the template: The answer is: (i): <selected_action>, where i is the real number. If there is no desired object in the image, search every place based on **Initial Observation** to find the object. And if no one is exactly correct, choose a similar answer.

**Initial Observation**
You are in the middle of a room. Looking quickly around you, you can see bed (1-2), dresser (1), sidetable (1-2), drawer (1-11), desk (1), garbagecan (1), safe (1)

**Answer Choices**
(1): go to bed 1
(2): go to dresser 1
(3): go to bed 2
(4): go to sidetable 1
(5): go to drawer 2
(6): go to sidetable 2
(7): go to drawer 3
(8): go to drawer 4
(9): go to garbagecan 1
(10): go to drawer 5
(11): go to drawer 6
(12): go to drawer 7
(13): go to drawer 8
(14): go to drawer 9
(15): go to drawer 10
(16): go to drawer 11
(17): go to safe 1
(18): open drawer 1
(19): close drawer 1
(20): examine drawer 1

**Answer**
Let's think step by step by following the instructions.
----------------------------------------

----------------------------------------

Original Response:
Firstly, there is no CD visible in the provided image. However, we are in a room with multiple drawers, which are common places to store a CD. Since the task is to "put a cd in safe," the first reasonable action would be to find a CD. We should search in the drawers as they are likely places for a CD to be stored. The image shows drawer 1 and drawer 2 of sidetable 1, but we don't see the contents of the drawers. We should start by examining or opening a drawer to find a CD. 

The most reasonable action from the choices provided would be to open a drawer since examining it may not reveal if there is a CD inside without opening it. The drawer 1 is the closest and most visible in the image, so it's logical to start there.

The answer is: (18): open drawer 1.

----------------------------------------

----------------------------------------

>>> Refine Original VLM Response and Get Pure Action: open drawer 1

----------------------------------------

-----------------------------------------------------------------

Running time: 8.116737365722656 seconds

Total Money: 1.6769800000000006

-----------------------------------------------------------------

-----------------------------------------------------------------

Text Observation:You open the drawer 1. The drawer 1 is open. In it, you see a pillow 1, a cellphone 1, a cellphone 2, a creditcard 1, and a pencil 2.

--------------------------------------------------------------------------------------------------------------------------task: 6---------------------------------------------------------
--------------------------------------------------------------------------------------------------------------------------------------------------------------------
--------------------------------------------------------------------------------------------------------------------------------------------------------------------
Step:--------------------------------------------------------------------------4-------------------------------------------------------------------------------
----------------------------------------
VLM Prompt:
Image1:
<image>
**Instruction**
1. Analyze the provided image to identify all visible household objects, focusing on those relevant to the task description "put a cd in safe."
2. Use the analysis of the image and the task hint "The agent must find an object of the desired type, pick it up, find the correct location to place it, and put it down there." to answer the question: what is the most reasonable action in the choices for the task description "put a cd in safe"?
4. Decide and write the answer using the template: The answer is: (i): <selected_action>, where i is the real number. If there is no desired object in the image, search every place based on **Initial Observation** to find the object. And if no one is exactly correct, choose a similar answer.

**Initial Observation**
You are in the middle of a room. Looking quickly around you, you can see bed (1-2), dresser (1), sidetable (1-2), drawer (1-11), desk (1), garbagecan (1), safe (1)

**Answer Choices**
(1): go to bed 1
(2): go to dresser 1
(3): go to bed 2
(4): go to sidetable 1
(5): go to drawer 2
(6): go to sidetable 2
(7): go to drawer 3
(8): go to drawer 4
(9): go to desk 1
(10): go to garbagecan 1
(11): go to drawer 5
(12): go to drawer 6
(13): go to drawer 7
(14): go to drawer 8
(15): go to drawer 9
(16): go to drawer 10
(17): go to drawer 11
(18): go to safe 1
(19): close drawer 1
(20): take pillow 1 from drawer 1
(21): take cellphone 1 from drawer 1
(22): take cellphone 2 from drawer 1
(23): take creditcard 1 from drawer 1
(24): take pencil 2 from drawer 1
(25): examine drawer 1

**Answer**
Let's think step by step by following the instructions.
----------------------------------------

----------------------------------------

Original Response:
The task is to "put a cd in safe." From the initial observation, we know there's a safe 1 in the room. The image does not show a CD, so we must search every place to find one. 

The most reasonable action to start the task would be to look for the CD in the storage spaces available, which are the drawers and the dresser. Since the image shows drawer 1 open with no CD visible, we can exclude that and move on to the next storage spaces.

The answer is: (2): go to dresser 1, as this could be a place where a CD might be stored. If the CD is not found there, the next reasonable actions would be to check the other drawers.

----------------------------------------

----------------------------------------

>>> Refine Original VLM Response and Get Pure Action: go to dresser 1, as this could be a place where a CD might be stored

----------------------------------------

-----------------------------------------------------------------

Running time: 9.084600925445557 seconds

Total Money: 1.6940100000000007

-----------------------------------------------------------------

-----------------------------------------------------------------

Text Observation:Nothing happens.

--------------------------------------------------------------------------------------------------------------------------task: 6---------------------------------------------------------
--------------------------------------------------------------------------------------------------------------------------------------------------------------------
--------------------------------------------------------------------------------------------------------------------------------------------------------------------
Step:--------------------------------------------------------------------------5-------------------------------------------------------------------------------
----------------------------------------
VLM Prompt:
Image1:
<image>
**Instruction**
1. Analyze the provided image to identify all visible household objects, focusing on those relevant to the task description "put a cd in safe."
2. Use the analysis of the image and the task hint "The agent must find an object of the desired type, pick it up, find the correct location to place it, and put it down there." to answer the question: what is the most reasonable action in the choices for the task description "put a cd in safe"?
4. Decide and write the answer using the template: The answer is: (i): <selected_action>, where i is the real number. If there is no desired object in the image, search every place based on **Initial Observation** to find the object. And if no one is exactly correct, choose a similar answer.

**Initial Observation**
You are in the middle of a room. Looking quickly around you, you can see bed (1-2), dresser (1), sidetable (1-2), drawer (1-11), desk (1), garbagecan (1), safe (1)

**Answer Choices**
(1): go to bed 1
(2): go to dresser 1
(3): go to bed 2
(4): go to sidetable 1
(5): go to drawer 2
(6): go to sidetable 2
(7): go to drawer 3
(8): go to drawer 4
(9): go to desk 1
(10): go to garbagecan 1
(11): go to drawer 5
(12): go to drawer 6
(13): go to drawer 7
(14): go to drawer 8
(15): go to drawer 9
(16): go to drawer 10
(17): go to drawer 11
(18): go to safe 1
(19): close drawer 1
(20): take pillow 1 from drawer 1
(21): take cellphone 1 from drawer 1
(22): take cellphone 2 from drawer 1
(23): take creditcard 1 from drawer 1
(24): take pencil 2 from drawer 1
(25): examine drawer 1

**Answer**
Let's think step by step by following the instructions.
----------------------------------------

----------------------------------------

Original Response:
The task is to put a CD in the safe. The image shows a sidetable with two drawers, one of which is open (drawer 1), revealing objects like cellphones, a pencil, and a credit card. There is no CD visible in the image. 

Based on the **Initial Observation**, we know there is a safe (1) in the room, and the task hint suggests that we need to find an object of the desired type (a CD) before placing it in the safe. Since no CD is visible in the image, the most reasonable action would be to search all possible locations where a CD might be found. 

Starting with the places closest to the sidetable, the most reasonable options would be to go to the dresser, sidetable, or drawers, as these are typical places where one might store a CD. Among the answer choices, the closest options related to these objects are:

(2): go to dresser 1
(4): go to sidetable 1
(5): go to drawer 2
(6): go to sidetable 2
(7): go to drawer 3
... and so on for other drawers.

Since the agent is already at sidetable 1, and drawer 1 is open with no CD inside, the next logical step would be to check the closed drawer 2 of the same sidetable, which has not been examined yet.

The answer is: (5): go to drawer 2.

----------------------------------------

----------------------------------------

>>> Refine Original VLM Response and Get Pure Action: go to drawer 2

----------------------------------------

-----------------------------------------------------------------

Running time: 17.290533542633057 seconds

Total Money: 1.7156000000000007

-----------------------------------------------------------------

-----------------------------------------------------------------

Text Observation:You arrive at loc 5. The drawer 2 is closed. 

--------------------------------------------------------------------------------------------------------------------------task: 6---------------------------------------------------------
--------------------------------------------------------------------------------------------------------------------------------------------------------------------
--------------------------------------------------------------------------------------------------------------------------------------------------------------------
Step:--------------------------------------------------------------------------6-------------------------------------------------------------------------------
----------------------------------------
VLM Prompt:
Image1:
<image>
**Instruction**
1. Analyze the provided image to identify all visible household objects, focusing on those relevant to the task description "put a cd in safe."
2. Use the analysis of the image and the task hint "The agent must find an object of the desired type, pick it up, find the correct location to place it, and put it down there." to answer the question: what is the most reasonable action in the choices for the task description "put a cd in safe"?
4. Decide and write the answer using the template: The answer is: (i): <selected_action>, where i is the real number. If there is no desired object in the image, search every place based on **Initial Observation** to find the object. And if no one is exactly correct, choose a similar answer.

**Initial Observation**
You are in the middle of a room. Looking quickly around you, you can see bed (1-2), dresser (1), sidetable (1-2), drawer (1-11), desk (1), garbagecan (1), safe (1)

**Answer Choices**
(1): go to bed 1
(2): go to dresser 1
(3): go to bed 2
(4): go to sidetable 1
(5): go to drawer 1
(6): go to sidetable 2
(7): go to drawer 3
(8): go to drawer 4
(9): go to desk 1
(10): go to garbagecan 1
(11): go to drawer 5
(12): go to drawer 6
(13): go to drawer 7
(14): go to drawer 8
(15): go to drawer 9
(16): go to drawer 10
(17): go to drawer 11
(18): go to safe 1
(19): open drawer 2
(20): close drawer 2
(21): examine drawer 2

**Answer**
Let's think step by step by following the instructions.
----------------------------------------

----------------------------------------

Original Response:
Firstly, we need to identify all visible household objects relevant to the task "put a cd in safe." In the image, we can see a sidetable and two drawers of the sidetable, with one drawer open. There are also labels for a bed and a sidetable that are not visible in the image.

Since we are looking for a CD, it's reasonable to assume that the CD could be inside one of the drawers, as CDs are often stored in such places. The task hint suggests that we must first find the object before we can place it in the safe.

Considering the **Initial Observation**, which mentions multiple drawers, it's logical to start by searching the drawers.

The image shows us drawer 1 and 2 of the sidetable. Drawer 1 is closed, and drawer 2 is open with no CD visible inside. Therefore, continuing the search in other drawers would be the next step.

Based on the instructions and the **Answer Choices**, the most reasonable action to find a CD would be to go to or examine the other drawers. Since the image only shows drawer 1 and 2, and drawer 2 is already open and examined, we can rule out actions related to drawer 2 (19, 20, 21). Action (5) is to go to drawer 1, which is already partially visible and likely empty as it's part of the sidetable in the image. Therefore, we should consider searching the drawers that are not visible in the image.

The answer is: (11): go to drawer 5, which is the next sequential drawer that we have not yet seen or explored in the image. If the CD is not there, we would continue with the subsequent drawers.

----------------------------------------

----------------------------------------

>>> Refine Original VLM Response and Get Pure Action: go to drawer 5, which is the next sequential drawer that we have not yet seen or explored in the image

----------------------------------------

-----------------------------------------------------------------

Running time: 15.469958066940308 seconds

Total Money: 1.7381300000000006

-----------------------------------------------------------------

-----------------------------------------------------------------

Text Observation:Nothing happens.

--------------------------------------------------------------------------------------------------------------------------task: 6---------------------------------------------------------
--------------------------------------------------------------------------------------------------------------------------------------------------------------------
--------------------------------------------------------------------------------------------------------------------------------------------------------------------
Step:--------------------------------------------------------------------------7-------------------------------------------------------------------------------
----------------------------------------
VLM Prompt:
Image1:
<image>
**Instruction**
1. Analyze the provided image to identify all visible household objects, focusing on those relevant to the task description "put a cd in safe."
2. Use the analysis of the image and the task hint "The agent must find an object of the desired type, pick it up, find the correct location to place it, and put it down there." to answer the question: what is the most reasonable action in the choices for the task description "put a cd in safe"?
4. Decide and write the answer using the template: The answer is: (i): <selected_action>, where i is the real number. If there is no desired object in the image, search every place based on **Initial Observation** to find the object. And if no one is exactly correct, choose a similar answer.

**Initial Observation**
You are in the middle of a room. Looking quickly around you, you can see bed (1-2), dresser (1), sidetable (1-2), drawer (1-11), desk (1), garbagecan (1), safe (1)

**Answer Choices**
(1): go to bed 1
(2): go to dresser 1
(3): go to bed 2
(4): go to sidetable 1
(5): go to drawer 1
(6): go to sidetable 2
(7): go to drawer 3
(8): go to drawer 4
(9): go to desk 1
(10): go to garbagecan 1
(11): go to drawer 5
(12): go to drawer 6
(13): go to drawer 7
(14): go to drawer 8
(15): go to drawer 9
(16): go to drawer 10
(17): go to drawer 11
(18): go to safe 1
(19): open drawer 2
(20): close drawer 2
(21): examine drawer 2

**Answer**
Let's think step by step by following the instructions.
----------------------------------------

----------------------------------------

Original Response:
The task is to put a CD in a safe. First, we need to find a CD. The image shows sidetable 1 with two drawers (drawer 1 and drawer 2), with drawer 2 being open. There are no visible CDs on the sidetable or in the open drawer. According to the initial observation, there are various other places to search for a CD.

The most reasonable action from the choices given, to complete the task of putting a CD in a safe, would be to search the locations where a CD might be stored. Since we cannot see a CD in the open drawer (drawer 2), we should start by searching the other drawers.

The answer is: (5): go to drawer 1. If no CD is found there, continue to the next drawer and so on until the CD is found. Once the CD is found, the next action would be to go to safe 1 to put the CD in it.

----------------------------------------

----------------------------------------

>>> Refine Original VLM Response and Get Pure Action: go to drawer 1

----------------------------------------

-----------------------------------------------------------------

Running time: 8.941042423248291 seconds

Total Money: 1.7560100000000005

-----------------------------------------------------------------

-----------------------------------------------------------------

Text Observation:You arrive at loc 4. The drawer 1 is open. On the drawer 1, you see a pillow 1, a cellphone 1, a cellphone 2, a creditcard 1, and a pencil 2.

--------------------------------------------------------------------------------------------------------------------------task: 6---------------------------------------------------------
--------------------------------------------------------------------------------------------------------------------------------------------------------------------
--------------------------------------------------------------------------------------------------------------------------------------------------------------------
Step:--------------------------------------------------------------------------8-------------------------------------------------------------------------------
----------------------------------------
VLM Prompt:
Image1:
<image>
**Instruction**
1. Analyze the provided image to identify all visible household objects, focusing on those relevant to the task description "put a cd in safe."
2. Use the analysis of the image and the task hint "The agent must find an object of the desired type, pick it up, find the correct location to place it, and put it down there." to answer the question: what is the most reasonable action in the choices for the task description "put a cd in safe"?
4. Decide and write the answer using the template: The answer is: (i): <selected_action>, where i is the real number. If there is no desired object in the image, search every place based on **Initial Observation** to find the object. And if no one is exactly correct, choose a similar answer.

**Initial Observation**
You are in the middle of a room. Looking quickly around you, you can see bed (1-2), dresser (1), sidetable (1-2), drawer (1-11), desk (1), garbagecan (1), safe (1)

**Answer Choices**
(1): go to bed 1
(2): go to dresser 1
(3): go to bed 2
(4): go to sidetable 1
(5): go to sidetable 2
(6): go to drawer 3
(7): go to drawer 4
(8): go to desk 1
(9): go to garbagecan 1
(10): go to drawer 5
(11): go to drawer 6
(12): go to drawer 7
(13): go to drawer 8
(14): go to drawer 9
(15): go to drawer 10
(16): go to drawer 11
(17): go to safe 1
(18): open drawer 1
(19): close drawer 1
(20): take pillow 1 from drawer 1
(21): take cellphone 1 from drawer 1
(22): take cellphone 2 from drawer 1
(23): take creditcard 1 from drawer 1
(24): take pencil 2 from drawer 1
(25): examine drawer 1

**Answer**
Let's think step by step by following the instructions.
----------------------------------------

----------------------------------------

Original Response:
The task is to "put a cd in safe." The image shows a sidetable with two drawers, but neither of them is open. There is no visible CD in the image, so we must search for it based on the Initial Observation. The most reasonable action would be to search the drawers that have not been opened yet to find a CD. Since drawer 1 is already open and does not contain a CD, we can eliminate options 18-25. The safe is also an option, but since we do not have the CD yet, going to the safe (option 17) would not be the most reasonable action at this moment.

The answer is: (6): go to drawer 3, as it is the next logical step to search for the CD based on the Initial Observation list.

----------------------------------------

----------------------------------------

>>> Refine Original VLM Response and Get Pure Action: go to drawer 3, as it is the next logical step to search for the CD based on the Initial Observation list

----------------------------------------

-----------------------------------------------------------------

Running time: 18.903244256973267 seconds

Total Money: 1.7734500000000004

-----------------------------------------------------------------

-----------------------------------------------------------------

Text Observation:Nothing happens.

--------------------------------------------------------------------------------------------------------------------------task: 6---------------------------------------------------------
--------------------------------------------------------------------------------------------------------------------------------------------------------------------
--------------------------------------------------------------------------------------------------------------------------------------------------------------------
Step:--------------------------------------------------------------------------9-------------------------------------------------------------------------------
----------------------------------------
VLM Prompt:
Image1:
<image>
**Instruction**
1. Analyze the provided image to identify all visible household objects, focusing on those relevant to the task description "put a cd in safe."
2. Use the analysis of the image and the task hint "The agent must find an object of the desired type, pick it up, find the correct location to place it, and put it down there." to answer the question: what is the most reasonable action in the choices for the task description "put a cd in safe"?
4. Decide and write the answer using the template: The answer is: (i): <selected_action>, where i is the real number. If there is no desired object in the image, search every place based on **Initial Observation** to find the object. And if no one is exactly correct, choose a similar answer.

**Initial Observation**
You are in the middle of a room. Looking quickly around you, you can see bed (1-2), dresser (1), sidetable (1-2), drawer (1-11), desk (1), garbagecan (1), safe (1)

**Answer Choices**
(1): go to bed 1
(2): go to dresser 1
(3): go to bed 2
(4): go to sidetable 1
(5): go to drawer 2
(6): go to sidetable 2
(7): go to drawer 3
(8): go to drawer 4
(9): go to desk 1
(10): go to garbagecan 1
(11): go to drawer 5
(12): go to drawer 6
(13): go to drawer 7
(14): go to drawer 8
(15): go to drawer 9
(16): go to drawer 10
(17): go to drawer 11
(18): go to safe 1
(19): open drawer 1
(20): close drawer 1
(21): take pillow 1 from drawer 1
(22): take cellphone 1 from drawer 1
(23): take cellphone 2 from drawer 1
(24): take creditcard 1 from drawer 1
(25): take pencil 2 from drawer 1
(26): examine drawer 1

**Answer**
Let's think step by step by following the instructions.
----------------------------------------

----------------------------------------

Original Response:
First, we analyze the image for visible household objects. We can see a sidetable with two drawers, labeled as drawer 1 and drawer 2. On the sidetable, there are labeled objects: cellphone 1, cellphone 2, creditcard 1, and pencil 2. There is no CD visible in the image.

Based on the task description "put a cd in safe" and the hint provided, we need to find a CD, pick it up, and then put it in the safe.

From the **Initial Observation**, we know there is a safe (1) in the room, but we do not see a CD in the image provided. Therefore, we would need to search every place listed in the **Initial Observation** to find a CD.

Since the image shows drawer 1 already open and we can see its contents, it is not necessary to examine it again. We should move on to search other drawers or places where a CD might be.

Considering all the answer choices, the most reasonable next action would be to go to another drawer or place that has not been searched yet, which could potentially contain a CD.

The answer is: (5): go to drawer 2.

----------------------------------------

----------------------------------------

>>> Refine Original VLM Response and Get Pure Action: go to drawer 2

----------------------------------------

-----------------------------------------------------------------

Running time: 37.24263310432434 seconds

Total Money: 1.7934400000000004

-----------------------------------------------------------------

-----------------------------------------------------------------

Text Observation:You arrive at loc 5. The drawer 2 is closed. 

--------------------------------------------------------------------------------------------------------------------------task: 6---------------------------------------------------------
--------------------------------------------------------------------------------------------------------------------------------------------------------------------
--------------------------------------------------------------------------------------------------------------------------------------------------------------------
Step:--------------------------------------------------------------------------10-------------------------------------------------------------------------------
----------------------------------------
VLM Prompt:
Image1:
<image>
**Instruction**
1. Analyze the provided image to identify all visible household objects, focusing on those relevant to the task description "put a cd in safe."
2. Use the analysis of the image and the task hint "The agent must find an object of the desired type, pick it up, find the correct location to place it, and put it down there." to answer the question: what is the most reasonable action in the choices for the task description "put a cd in safe"?
4. Decide and write the answer using the template: The answer is: (i): <selected_action>, where i is the real number. If there is no desired object in the image, search every place based on **Initial Observation** to find the object. And if no one is exactly correct, choose a similar answer.

**Initial Observation**
You are in the middle of a room. Looking quickly around you, you can see bed (1-2), dresser (1), sidetable (1-2), drawer (1-11), desk (1), garbagecan (1), safe (1)

**Answer Choices**
(1): go to bed 1
(2): go to dresser 1
(3): go to bed 2
(4): go to sidetable 1
(5): go to sidetable 2
(6): go to drawer 3
(7): go to drawer 4
(8): go to desk 1
(9): go to garbagecan 1
(10): go to drawer 5
(11): go to drawer 6
(12): go to drawer 7
(13): go to drawer 8
(14): go to drawer 9
(15): go to drawer 10
(16): go to drawer 11
(17): go to safe 1
(18): open drawer 2
(19): close drawer 2
(20): examine drawer 2

**Answer**
Let's think step by step by following the instructions.
----------------------------------------

----------------------------------------

Original Response:
The task is to put a CD in a safe. CDs are usually stored in drawers, desks, or places where other small items are kept. In the image provided, we can see an open drawer (drawer 1), but there's no visible CD inside it. We do not see a safe in the image either, so we must rely on the Initial Observation to guide us.

The Initial Observation lists several drawers, among other furniture items. Since we are looking for a CD, the most reasonable action would be to search through the drawers that have not yet been opened or examined. Starting with the closest unopened drawer makes the most sense.

The answer is: (18): open drawer 2, as it is the next unopened drawer visible in the image, and it could potentially contain the CD we need to put in the safe. If the CD is not in drawer 2, then we would proceed to search every place based on Initial Observation to find the object.

----------------------------------------

----------------------------------------

>>> Refine Original VLM Response and Get Pure Action: open drawer 2, as it is the next unopened drawer visible in the image, and it could potentially contain the CD we need to put in the safe

----------------------------------------

-----------------------------------------------------------------

Running time: 8.308582782745361 seconds

Total Money: 1.8112900000000003

-----------------------------------------------------------------

-----------------------------------------------------------------

Text Observation:Nothing happens.

--------------------------------------------------------------------------------------------------------------------------task: 6---------------------------------------------------------
--------------------------------------------------------------------------------------------------------------------------------------------------------------------
--------------------------------------------------------------------------------------------------------------------------------------------------------------------
Step:--------------------------------------------------------------------------11-------------------------------------------------------------------------------
----------------------------------------
VLM Prompt:
Image1:
<image>
**Instruction**
1. Analyze the provided image to identify all visible household objects, focusing on those relevant to the task description "put a cd in safe."
2. Use the analysis of the image and the task hint "The agent must find an object of the desired type, pick it up, find the correct location to place it, and put it down there." to answer the question: what is the most reasonable action in the choices for the task description "put a cd in safe"?
4. Decide and write the answer using the template: The answer is: (i): <selected_action>, where i is the real number. If there is no desired object in the image, search every place based on **Initial Observation** to find the object. And if no one is exactly correct, choose a similar answer.

**Initial Observation**
You are in the middle of a room. Looking quickly around you, you can see bed (1-2), dresser (1), sidetable (1-2), drawer (1-11), desk (1), garbagecan (1), safe (1)

**Answer Choices**
(1): go to bed 1
(2): go to dresser 1
(3): go to bed 2
(4): go to sidetable 1
(5): go to drawer 1
(6): go to sidetable 2
(7): go to drawer 3
(8): go to drawer 4
(9): go to desk 1
(10): go to garbagecan 1
(11): go to drawer 5
(12): go to drawer 6
(13): go to drawer 7
(14): go to drawer 8
(15): go to drawer 9
(16): go to drawer 10
(17): go to drawer 11
(18): go to safe 1
(19): open drawer 2
(20): close drawer 2
(21): examine drawer 2

**Answer**
Let's think step by step by following the instructions.
----------------------------------------

----------------------------------------

Original Response:
First, we analyze the image to identify visible household objects. In the image, we can see a sidetable with an open drawer, a closed drawer, and some items on top of it including a cellphone and a pencil. There is also a part of the bed visible, but no CDs are in sight.

Next, considering the task description "put a cd in safe" and the initial observation that mentions the locations of various items including a safe, the most reasonable action would be to search for a CD first since it is not visible in the provided image.

Since the image does not show a CD, we'll have to search every place based on the initial observation to find the object. The locations listed in the initial observation that could possibly contain a CD would be the dresser, drawers, or desk, as these are typical places where one might store a CD.

Therefore, the most reasonable action from the choices given would be to start looking through the drawers, as they are the most likely place to find a CD. Since drawer 2 is already open, it would be logical to examine it first before opening other drawers.

The answer is: (21): examine drawer 2.

----------------------------------------

----------------------------------------

>>> Refine Original VLM Response and Get Pure Action: examine drawer 2

----------------------------------------

-----------------------------------------------------------------

Running time: 13.898445844650269 seconds

Total Money: 1.8304600000000002

-----------------------------------------------------------------

-----------------------------------------------------------------

Text Observation:On the drawer 2, you see a pillow 1, a cellphone 1, a cellphone 2, a creditcard 1, and a pencil 2.

--------------------------------------------------------------------------------------------------------------------------task: 6---------------------------------------------------------
--------------------------------------------------------------------------------------------------------------------------------------------------------------------
--------------------------------------------------------------------------------------------------------------------------------------------------------------------
Step:--------------------------------------------------------------------------12-------------------------------------------------------------------------------
----------------------------------------
VLM Prompt:
Image1:
<image>
**Instruction**
1. Analyze the provided image to identify all visible household objects, focusing on those relevant to the task description "put a cd in safe."
2. Use the analysis of the image and the task hint "The agent must find an object of the desired type, pick it up, find the correct location to place it, and put it down there." to answer the question: what is the most reasonable action in the choices for the task description "put a cd in safe"?
4. Decide and write the answer using the template: The answer is: (i): <selected_action>, where i is the real number. If there is no desired object in the image, search every place based on **Initial Observation** to find the object. And if no one is exactly correct, choose a similar answer.

**Initial Observation**
You are in the middle of a room. Looking quickly around you, you can see bed (1-2), dresser (1), sidetable (1-2), drawer (1-11), desk (1), garbagecan (1), safe (1)

**Answer Choices**
(1): go to bed 1
(2): go to dresser 1
(3): go to bed 2
(4): go to sidetable 1
(5): go to drawer 1
(6): go to sidetable 2
(7): go to drawer 3
(8): go to drawer 4
(9): go to desk 1
(10): go to garbagecan 1
(11): go to drawer 5
(12): go to drawer 6
(13): go to drawer 7
(14): go to drawer 8
(15): go to drawer 9
(16): go to drawer 10
(17): go to drawer 11
(18): go to safe 1
(19): open drawer 2
(20): close drawer 2
(21): take pillow 1 from drawer 2
(22): take cellphone 1 from drawer 2
(23): take cellphone 2 from drawer 2
(24): take creditcard 1 from drawer 2
(25): take pencil 2 from drawer 2

**Answer**
Let's think step by step by following the instructions.
----------------------------------------

----------------------------------------

Original Response:
Firstly, the task is to "put a cd in safe." Looking at the image, we do not see any CDs on the visible surfaces or in the open drawer. Therefore, we need to search other places based on the **Initial Observation** list to find a CD.

Since the image shows the open drawer (drawer 1) without any CDs, we can rule out options (5) and (19)-(25) as these relate to the drawer already visible in the image. Options (1), (2), (3), (4), (6), (9), and (10) involve going to places which may not contain CDs based on typical household organization.

The task description does not include finding the CD, so going directly to the safe (option 18) would be premature without first having the CD. 

We are left with options that involve checking other drawers, which are (7), (8), (11)-(17). Since we do not have information on where the CD might be, the most reasonable next action would be to systematically search through the drawers, starting with the closest number following the initially visible drawer 1.

The answer is: (7): go to drawer 3.

----------------------------------------

----------------------------------------

>>> Refine Original VLM Response and Get Pure Action: go to drawer 3

----------------------------------------

-----------------------------------------------------------------

Running time: 10.72402834892273 seconds

Total Money: 1.8503700000000003

-----------------------------------------------------------------

-----------------------------------------------------------------

Text Observation:You arrive at loc 7. The drawer 3 is closed. 

--------------------------------------------------------------------------------------------------------------------------task: 6---------------------------------------------------------
--------------------------------------------------------------------------------------------------------------------------------------------------------------------
--------------------------------------------------------------------------------------------------------------------------------------------------------------------
Step:--------------------------------------------------------------------------13-------------------------------------------------------------------------------
----------------------------------------
VLM Prompt:
Image1:
<image>
**Instruction**
1. Analyze the provided image to identify all visible household objects, focusing on those relevant to the task description "put a cd in safe."
2. Use the analysis of the image and the task hint "The agent must find an object of the desired type, pick it up, find the correct location to place it, and put it down there." to answer the question: what is the most reasonable action in the choices for the task description "put a cd in safe"?
4. Decide and write the answer using the template: The answer is: (i): <selected_action>, where i is the real number. If there is no desired object in the image, search every place based on **Initial Observation** to find the object. And if no one is exactly correct, choose a similar answer.

**Initial Observation**
You are in the middle of a room. Looking quickly around you, you can see bed (1-2), dresser (1), sidetable (1-2), drawer (1-11), desk (1), garbagecan (1), safe (1)

**Answer Choices**
(1): go to bed 1
(2): go to dresser 1
(3): go to bed 2
(4): go to sidetable 1
(5): go to drawer 1
(6): go to drawer 2
(7): go to sidetable 2
(8): go to drawer 4
(9): go to desk 1
(10): go to garbagecan 1
(11): go to drawer 5
(12): go to drawer 6
(13): go to drawer 7
(14): go to drawer 8
(15): go to drawer 9
(16): go to drawer 10
(17): go to drawer 11
(18): go to safe 1
(19): open drawer 3
(20): close drawer 3
(21): examine drawer 3

**Answer**
Let's think step by step by following the instructions.
----------------------------------------

----------------------------------------

Original Response:
First, we analyze the image provided. There is no CD visible in the image. We see a bed, pillows, a sidetable, a desk lamp, a cellphone, and drawers that are part of the sidetable. None of these objects is a CD.

According to the task description "put a cd in safe," we must locate a CD first. The initial observation informs us that there are multiple drawers and other furniture items in the room, which could potentially contain a CD. Since the image does not show a CD, we need to search the room.

As per the task hint, we need to find the object of the desired type (a CD in this case). We should start by searching places where a CD is likely to be stored, such as drawers.

Considering the options given, the most reasonable action is to start searching the drawers since they are common storage places for small objects like CDs. Out of the drawer options, we should start with the drawers that are part of the sidetable since they are closest to the safe, which would make the task of putting the CD in the safe more efficient once it is found.

The answer is: (19): open drawer 3.

----------------------------------------

----------------------------------------

>>> Refine Original VLM Response and Get Pure Action: open drawer 3

----------------------------------------

-----------------------------------------------------------------

Running time: 10.470019817352295 seconds

Total Money: 1.8696300000000003

-----------------------------------------------------------------

-----------------------------------------------------------------

Text Observation:You open the drawer 3. The drawer 3 is open. In it, you see a pillow 2, a desklamp 1, a pillow 1, and a cellphone 3.

--------------------------------------------------------------------------------------------------------------------------task: 6---------------------------------------------------------
--------------------------------------------------------------------------------------------------------------------------------------------------------------------
--------------------------------------------------------------------------------------------------------------------------------------------------------------------
Step:--------------------------------------------------------------------------14-------------------------------------------------------------------------------
----------------------------------------
VLM Prompt:
Image1:
<image>
**Instruction**
1. Analyze the provided image to identify all visible household objects, focusing on those relevant to the task description "put a cd in safe."
2. Use the analysis of the image and the task hint "The agent must find an object of the desired type, pick it up, find the correct location to place it, and put it down there." to answer the question: what is the most reasonable action in the choices for the task description "put a cd in safe"?
4. Decide and write the answer using the template: The answer is: (i): <selected_action>, where i is the real number. If there is no desired object in the image, search every place based on **Initial Observation** to find the object. And if no one is exactly correct, choose a similar answer.

**Initial Observation**
You are in the middle of a room. Looking quickly around you, you can see bed (1-2), dresser (1), sidetable (1-2), drawer (1-11), desk (1), garbagecan (1), safe (1)

**Answer Choices**
(1): go to bed 1
(2): go to dresser 1
(3): go to bed 2
(4): go to sidetable 1
(5): go to drawer 1
(6): go to drawer 2
(7): go to sidetable 2
(8): go to drawer 4
(9): go to desk 1
(10): go to garbagecan 1
(11): go to drawer 5
(12): go to drawer 6
(13): go to drawer 7
(14): go to drawer 8
(15): go to drawer 9
(16): go to drawer 10
(17): go to drawer 11
(18): go to safe 1
(19): close drawer 3
(20): take pillow 2 from drawer 3
(21): take pillow 1 from drawer 3
(22): take cellphone 3 from drawer 3
(23): use desklamp 1
(24): examine drawer 3

**Answer**
Let's think step by step by following the instructions.
----------------------------------------

----------------------------------------

Original Response:
First, we analyze the image to identify all visible household objects. We can see a bed (labeled as bed 2), two pillows (pillow 1 and pillow 2), a sidetable (sidetable 2), a drawer (drawer 3 and 4), a desklamp (desklamp 1), and a cellphone (cellphone 3).

Next, we use the analysis of the image and the task hint. We need to find a CD and put it in a safe. There is no CD visible in the image, so we must search every place based on the Initial Observation to find the object.

Since we are looking for a CD and not any of the objects labeled in the image, we can rule out actions that involve interacting with these objects (such as taking pillows or using the desklamp).

The most logical places to look for a CD would be in drawers or a dresser, as CDs are typically stored in such places. The safe is also mentioned in the Initial Observation, which is our ultimate location to place the CD once found.

Based on this, the most reasonable actions from the choices provided would be to search through the drawers or go to the dresser, as these are common storage locations for CDs. Since the dresser is labeled as dresser 1 in the Initial Observation, we should choose the action related to the dresser.

The answer is: (2): go to dresser 1.

----------------------------------------

----------------------------------------

>>> Refine Original VLM Response and Get Pure Action: go to dresser 1

----------------------------------------

-----------------------------------------------------------------

Running time: 10.648793458938599 seconds

Total Money: 1.8907400000000003

-----------------------------------------------------------------

-----------------------------------------------------------------

Text Observation:You arrive at loc 1. On the dresser 1, you see a bowl 2, a mug 2, a cd 1, and a pen 1.

--------------------------------------------------------------------------------------------------------------------------task: 6---------------------------------------------------------
--------------------------------------------------------------------------------------------------------------------------------------------------------------------
--------------------------------------------------------------------------------------------------------------------------------------------------------------------
Step:--------------------------------------------------------------------------15-------------------------------------------------------------------------------
----------------------------------------
VLM Prompt:
Image1:
<image>
**Instruction**
1. Analyze the provided image to identify all visible household objects, focusing on those relevant to the task description "put a cd in safe."
2. Use the analysis of the image and the task hint "The agent must find an object of the desired type, pick it up, find the correct location to place it, and put it down there." to answer the question: what is the most reasonable action in the choices for the task description "put a cd in safe"?
4. Decide and write the answer using the template: The answer is: (i): <selected_action>, where i is the real number. If there is no desired object in the image, search every place based on **Initial Observation** to find the object. And if no one is exactly correct, choose a similar answer.

**Initial Observation**
You are in the middle of a room. Looking quickly around you, you can see bed (1-2), dresser (1), sidetable (1-2), drawer (1-11), desk (1), garbagecan (1), safe (1)

**Answer Choices**
(1): go to bed 1
(2): go to bed 2
(3): go to sidetable 1
(4): go to drawer 1
(5): go to drawer 2
(6): go to sidetable 2
(7): go to drawer 4
(8): go to desk 1
(9): go to garbagecan 1
(10): go to drawer 5
(11): go to drawer 6
(12): go to drawer 7
(13): go to drawer 8
(14): go to drawer 9
(15): go to drawer 10
(16): go to drawer 11
(17): go to safe 1
(18): take bowl 2 from dresser 1
(19): take mug 2 from dresser 1
(20): take cd 1 from dresser 1
(21): take pen 1 from dresser 1
(22): examine dresser 1

**Answer**
Let's think step by step by following the instructions.
----------------------------------------

----------------------------------------

Original Response:
First, we need to identify all visible household objects relevant to the task "put a cd in safe." In the image provided, we can see a dresser labeled "dresser 1" with various objects on top of it. Among those objects, there is a "cd 1." This is the object we need to complete the task. 

The safe, labeled "safe 1," is also visible in the image. This is the location where we need to put the cd. 

Now, considering the task hint, which states that the agent must find the object, pick it up, find the correct location to place it, and put it down there, the most reasonable action would be to take the cd from the dresser and then go to the safe to place it inside.

Based on the initial observation, the safe is labeled "safe 1," so we do not need to search every place to find the safe or the cd since they are both visible in the image.

Among the answer choices, the action that directly addresses the task description is:
(20): take cd 1 from dresser 1

After taking the cd, the next logical step would be to go to the safe. However, since that specific action is not listed as a choice, we will select the action that allows us to progress towards completing the task.

The answer is: (20): take cd 1 from dresser 1.

----------------------------------------

----------------------------------------

>>> Refine Original VLM Response and Get Pure Action: take cd 1 from dresser 1

----------------------------------------

-----------------------------------------------------------------

Running time: 52.24134683609009 seconds

Total Money: 1.9116100000000003

-----------------------------------------------------------------

-----------------------------------------------------------------

Text Observation:You pick up the cd 1 from the dresser 1.

--------------------------------------------------------------------------------------------------------------------------task: 6---------------------------------------------------------
--------------------------------------------------------------------------------------------------------------------------------------------------------------------
--------------------------------------------------------------------------------------------------------------------------------------------------------------------
Step:--------------------------------------------------------------------------16-------------------------------------------------------------------------------
----------------------------------------
VLM Prompt:
Image1:
<image>
**Instruction**
1. Analyze the provided image to identify all visible household objects, focusing on those relevant to the task description "put a cd in safe."
2. Use the analysis of the image and the task hint "The agent must find an object of the desired type, pick it up, find the correct location to place it, and put it down there." to answer the question: what is the most reasonable action in the choices for the task description "put a cd in safe"?
4. Decide and write the answer using the template: The answer is: (i): <selected_action>, where i is the real number. If there is no desired object in the image, search every place based on **Initial Observation** to find the object. And if no one is exactly correct, choose a similar answer.

**Initial Observation**
You are in the middle of a room. Looking quickly around you, you can see bed (1-2), dresser (1), sidetable (1-2), drawer (1-11), desk (1), garbagecan (1), safe (1)

**Answer Choices**
(1): go to bed 1
(2): go to bed 2
(3): go to sidetable 1
(4): go to drawer 1
(5): go to drawer 2
(6): go to sidetable 2
(7): go to drawer 3
(8): go to drawer 4
(9): go to desk 1
(10): go to garbagecan 1
(11): go to drawer 5
(12): go to drawer 6
(13): go to drawer 7
(14): go to drawer 8
(15): go to drawer 9
(16): go to drawer 10
(17): go to drawer 11
(18): go to safe 1
(19): put cd 1 in/on dresser 1
(20): examine cd 1
(21): examine dresser 1

**Answer**
Let's think step by step by following the instructions.
----------------------------------------

----------------------------------------

Original Response:
The task is to "put a cd in safe." First, we need to identify if there is a CD and a safe in the image. In the image, we can see a CD labeled as "cd 1" on the floor near drawer 9, and there is also a safe labeled as "safe 1" on top of dresser 1. 

Since the CD is already visible in the image, we do not need to search for it. The next step is to pick up the CD and then place it into the safe. The correct location for the CD is inside safe 1. Therefore, the most reasonable action from the choices provided would be to pick up the CD.

However, there is no direct action provided in the choices for picking up the CD. The closest action available is to "examine cd 1," which may involve picking it up to examine it closely. 

The answer is: (20): examine cd 1

----------------------------------------

----------------------------------------

>>> Refine Original VLM Response and Get Pure Action: examine cd 1

----------------------------------------

-----------------------------------------------------------------

Running time: 25.14322018623352 seconds

Total Money: 1.9295100000000003

-----------------------------------------------------------------

-----------------------------------------------------------------

Text Observation:This is a normal cd 1

--------------------------------------------------------------------------------------------------------------------------task: 6---------------------------------------------------------
--------------------------------------------------------------------------------------------------------------------------------------------------------------------
--------------------------------------------------------------------------------------------------------------------------------------------------------------------
Step:--------------------------------------------------------------------------17-------------------------------------------------------------------------------
----------------------------------------
VLM Prompt:
Image1:
<image>
**Instruction**
1. Analyze the provided image to identify all visible household objects, focusing on those relevant to the task description "put a cd in safe."
2. Use the analysis of the image and the task hint "The agent must find an object of the desired type, pick it up, find the correct location to place it, and put it down there." to answer the question: what is the most reasonable action in the choices for the task description "put a cd in safe"?
4. Decide and write the answer using the template: The answer is: (i): <selected_action>, where i is the real number. If there is no desired object in the image, search every place based on **Initial Observation** to find the object. And if no one is exactly correct, choose a similar answer.

**Initial Observation**
You are in the middle of a room. Looking quickly around you, you can see bed (1-2), dresser (1), sidetable (1-2), drawer (1-11), desk (1), garbagecan (1), safe (1)

**Answer Choices**
(1): go to bed 1
(2): go to bed 2
(3): go to sidetable 1
(4): go to drawer 1
(5): go to drawer 2
(6): go to sidetable 2
(7): go to drawer 3
(8): go to drawer 4
(9): go to desk 1
(10): go to garbagecan 1
(11): go to drawer 5
(12): go to drawer 6
(13): go to drawer 7
(14): go to drawer 8
(15): go to drawer 9
(16): go to drawer 10
(17): go to drawer 11
(18): go to safe 1
(19): put cd 1 in/on dresser 1
(20): examine dresser 1

**Answer**
Let's think step by step by following the instructions.
----------------------------------------

----------------------------------------

Original Response:
The task is to "put a cd in safe." From the image provided, we can see a cd labeled "cd 1" lying on what seems to be a drawer labeled "drawer 9." The safe is labeled "safe 1" and is also visible in the image.

Based on the task description and the hint provided, the agent must pick up the cd and put it in the safe. The most reasonable action from the choices given would be to first go to the location of the cd.

The answer is: (15): go to drawer 9.

----------------------------------------

----------------------------------------

>>> Refine Original VLM Response and Get Pure Action: go to drawer 9

----------------------------------------

-----------------------------------------------------------------

Running time: 8.07181191444397 seconds

Total Money: 1.9449900000000002

-----------------------------------------------------------------

-----------------------------------------------------------------

Text Observation:You arrive at loc 15. The drawer 9 is closed. 

--------------------------------------------------------------------------------------------------------------------------task: 6---------------------------------------------------------
--------------------------------------------------------------------------------------------------------------------------------------------------------------------
--------------------------------------------------------------------------------------------------------------------------------------------------------------------
Step:--------------------------------------------------------------------------18-------------------------------------------------------------------------------
----------------------------------------
VLM Prompt:
Image1:
<image>
**Instruction**
1. Analyze the provided image to identify all visible household objects, focusing on those relevant to the task description "put a cd in safe."
2. Use the analysis of the image and the task hint "The agent must find an object of the desired type, pick it up, find the correct location to place it, and put it down there." to answer the question: what is the most reasonable action in the choices for the task description "put a cd in safe"?
4. Decide and write the answer using the template: The answer is: (i): <selected_action>, where i is the real number. If there is no desired object in the image, search every place based on **Initial Observation** to find the object. And if no one is exactly correct, choose a similar answer.

**Initial Observation**
You are in the middle of a room. Looking quickly around you, you can see bed (1-2), dresser (1), sidetable (1-2), drawer (1-11), desk (1), garbagecan (1), safe (1)

**Answer Choices**
(1): go to bed 1
(2): go to dresser 1
(3): go to bed 2
(4): go to sidetable 1
(5): go to drawer 1
(6): go to drawer 2
(7): go to sidetable 2
(8): go to drawer 3
(9): go to drawer 4
(10): go to desk 1
(11): go to garbagecan 1
(12): go to drawer 5
(13): go to drawer 6
(14): go to drawer 7
(15): go to drawer 8
(16): go to drawer 10
(17): go to drawer 11
(18): go to safe 1
(19): open drawer 9
(20): close drawer 9
(21): put cd 1 in/on drawer 9
(22): examine drawer 9

**Answer**
Let's think step by step by following the instructions.
----------------------------------------

----------------------------------------

Original Response:
The task is to "put a cd in safe." Looking at the image, we can see a cd labeled "cd 1" on top of a dresser, which is labeled "dresser 1." The safe, labeled "safe 1," is also visible next to the dresser.

According to the task description and hint, the most reasonable action would be to pick up the cd and then place it in the safe. However, the given choices do not include an action for picking up the cd. The closest action related to the task is to go to the dresser where the cd is located.

The answer is: (2): go to dresser 1.

----------------------------------------

----------------------------------------

>>> Refine Original VLM Response and Get Pure Action: go to dresser 1

----------------------------------------

-----------------------------------------------------------------

Running time: 8.061774253845215 seconds

Total Money: 1.9612000000000003

-----------------------------------------------------------------

-----------------------------------------------------------------

Text Observation:You arrive at loc 1. On the dresser 1, you see a bowl 2, a mug 2, and a pen 1.

--------------------------------------------------------------------------------------------------------------------------task: 6---------------------------------------------------------
--------------------------------------------------------------------------------------------------------------------------------------------------------------------
--------------------------------------------------------------------------------------------------------------------------------------------------------------------
Step:--------------------------------------------------------------------------19-------------------------------------------------------------------------------
----------------------------------------
VLM Prompt:
Image1:
<image>
**Instruction**
1. Analyze the provided image to identify all visible household objects, focusing on those relevant to the task description "put a cd in safe."
2. Use the analysis of the image and the task hint "The agent must find an object of the desired type, pick it up, find the correct location to place it, and put it down there." to answer the question: what is the most reasonable action in the choices for the task description "put a cd in safe"?
4. Decide and write the answer using the template: The answer is: (i): <selected_action>, where i is the real number. If there is no desired object in the image, search every place based on **Initial Observation** to find the object. And if no one is exactly correct, choose a similar answer.

**Initial Observation**
You are in the middle of a room. Looking quickly around you, you can see bed (1-2), dresser (1), sidetable (1-2), drawer (1-11), desk (1), garbagecan (1), safe (1)

**Answer Choices**
(1): go to bed 1
(2): go to bed 2
(3): go to sidetable 1
(4): go to drawer 1
(5): go to drawer 2
(6): go to sidetable 2
(7): go to drawer 3
(8): go to drawer 4
(9): go to desk 1
(10): go to garbagecan 1
(11): go to drawer 5
(12): go to drawer 6
(13): go to drawer 7
(14): go to drawer 8
(15): go to drawer 10
(16): go to drawer 11
(17): go to safe 1
(18): put cd 1 in/on dresser 1
(19): examine dresser 1

**Answer**
Let's think step by step by following the instructions.
----------------------------------------

----------------------------------------

Original Response:
First, we need to identify all visible household objects relevant to the task "put a cd in safe." In the image, we can see a cd labeled "cd 1" on the surface of dresser 1, close to drawer 6 and drawer 9.

Next, we need to use the analysis of the image and the task hint to decide the most reasonable action for the task "put a cd in safe." The agent must find the cd, pick it up, and then find the safe to place it inside. Since we have already located the cd on the dresser, the next reasonable action would be to go to the safe to complete the task.

From the given answer choices, the closest action to complete the task is to go to the safe, which is labeled as "safe 1" in the image.

Therefore, the answer is: (17): go to safe 1.

----------------------------------------

----------------------------------------

>>> Refine Original VLM Response and Get Pure Action: No action

----------------------------------------

-----------------------------------------------------------------

Running time: 7.316990852355957 seconds

Total Money: 1.9785700000000004

-----------------------------------------------------------------

-----------------------------------------------------------------

Text Observation:Nothing happens.

-----------------------------------------------------------------