---------------------------------------------------------task: 23---------------------------------------------------------
--------------------------------------------------------------------------------------------------------------------------------------------------------------------
--------------------------------------------------------------------------------------------------------------------------------------------------------------------
Step:--------------------------------------------------------------------------0-------------------------------------------------------------------------------
----------------------------------------
VLM Prompt:
Image1:
<image>
**Instruction**
1. Analyze the provided image to identify all visible household objects, focusing on those relevant to the task description "put a hot mug in coffeemachine."
2. Use the analysis of the image and the task hint "The agent must find an object of the desired type, pick it up, go to a microwave, heat the object with the microwave, then find the correct location to place it, and put it down there. The agent does not need to use the microwave button or open the microwave to heat the object, and the agent just needs to do action that is "heat the object with the microwave"." to answer the question: what is the most reasonable action in the choices for the task description "put a hot mug in coffeemachine"?
4. Decide and write the answer using the template: The answer is: (i): <selected_action>, where i is the real number. If there is no desired object in the image, search every place based on **Initial Observation** to find the object. And if no one is exactly correct, choose a similar answer.

**Initial Observation**
You are in the middle of a room. Looking quickly around you, you can see cabinet (1-15), fridge (1), countertop (1-4), drawer (1-4), microwave (1), toaster (1), coffeemachine (1), garbagecan (1), sink (1), stoveburner (1-3), sinkbasin (1)

**Answer Choices**
(1): go to cabinet 1
(2): go to cabinet 2
(3): go to cabinet 3
(4): go to fridge 1
(5): go to countertop 1
(6): go to cabinet 4
(7): go to cabinet 5
(8): go to cabinet 6
(9): go to cabinet 7
(10): go to drawer 1
(11): go to drawer 2
(12): go to cabinet 8
(13): go to drawer 3
(14): go to cabinet 9
(15): go to cabinet 10
(16): go to drawer 4
(17): go to microwave 1
(18): go to cabinet 11
(19): go to toaster 1
(20): go to cabinet 12
(21): go to cabinet 13
(22): go to cabinet 14
(23): go to cabinet 15
(24): go to countertop 2
(25): go to coffeemachine 1
(26): go to garbagecan 1
(27): go to countertop 3
(28): go to countertop 4
(29): go to sink 1
(30): go to stoveburner 1
(31): go to stoveburner 2
(32): go to stoveburner 3
(33): go to sinkbasin 1

**Answer**
Let's think step by step by following the instructions.
----------------------------------------

----------------------------------------

Original Response:
The task is to "put a hot mug in coffeemachine." To achieve this, the agent must first find a mug, heat it, and then place it in the coffeemachine. Based on the initial observation, mugs are not typically stored in cabinets, fridges, drawers, microwaves, toasters, garbage cans, sinks, stove burners, or sink basins. They are usually found on countertops or sometimes in cabinets or drawers.

Looking at the image provided, we can see a coffeemachine 1 on the countertop 2 and a sinkbasin 1. There is no mug in sight. Since the image does not show any cabinets or drawers where a mug might be stored, the agent should search for the mug in those locations based on the initial observation.

The most reasonable action would be to check the cabinets or drawers first to find a mug. Since the agent is already at countertop 2, where coffeemachine 1 is located, it is logical to check the closest storage areas first. Therefore, the agent should start with the nearest cabinet or drawer to countertop 2.

The answer is: (6): go to cabinet 4.

----------------------------------------

----------------------------------------

>>> Refine Original VLM Response and Get Pure Action: go to cabinet 4

----------------------------------------

-----------------------------------------------------------------

Running time: 16.45582890510559 seconds

Total Money: 8.054590000000006

-----------------------------------------------------------------

-----------------------------------------------------------------

Text Observation:You arrive at loc 5. The cabinet 4 is closed. 

--------------------------------------------------------------------------------------------------------------------------task: 23---------------------------------------------------------
--------------------------------------------------------------------------------------------------------------------------------------------------------------------
--------------------------------------------------------------------------------------------------------------------------------------------------------------------
Step:--------------------------------------------------------------------------1-------------------------------------------------------------------------------
----------------------------------------
VLM Prompt:
Image1:
<image>
**Instruction**
1. Analyze the provided image to identify all visible household objects, focusing on those relevant to the task description "put a hot mug in coffeemachine."
2. Use the analysis of the image and the task hint "The agent must find an object of the desired type, pick it up, go to a microwave, heat the object with the microwave, then find the correct location to place it, and put it down there. The agent does not need to use the microwave button or open the microwave to heat the object, and the agent just needs to do action that is "heat the object with the microwave"." to answer the question: what is the most reasonable action in the choices for the task description "put a hot mug in coffeemachine"?
4. Decide and write the answer using the template: The answer is: (i): <selected_action>, where i is the real number. If there is no desired object in the image, search every place based on **Initial Observation** to find the object. And if no one is exactly correct, choose a similar answer.

**Initial Observation**
You are in the middle of a room. Looking quickly around you, you can see cabinet (1-15), fridge (1), countertop (1-4), drawer (1-4), microwave (1), toaster (1), coffeemachine (1), garbagecan (1), sink (1), stoveburner (1-3), sinkbasin (1)

**Answer Choices**
(1): go to cabinet 1
(2): go to cabinet 2
(3): go to cabinet 3
(4): go to fridge 1
(5): go to countertop 1
(6): go to cabinet 5
(7): go to cabinet 6
(8): go to cabinet 7
(9): go to drawer 1
(10): go to drawer 2
(11): go to cabinet 8
(12): go to drawer 3
(13): go to cabinet 9
(14): go to cabinet 10
(15): go to drawer 4
(16): go to microwave 1
(17): go to cabinet 11
(18): go to toaster 1
(19): go to cabinet 12
(20): go to cabinet 13
(21): go to cabinet 14
(22): go to cabinet 15
(23): go to countertop 2
(24): go to coffeemachine 1
(25): go to garbagecan 1
(26): go to countertop 3
(27): go to countertop 4
(28): go to sink 1
(29): go to stoveburner 1
(30): go to stoveburner 2
(31): go to stoveburner 3
(32): go to sinkbasin 1
(33): open cabinet 4
(34): close cabinet 4
(35): examine cabinet 4

**Answer**
Let's think step by step by following the instructions.
----------------------------------------

----------------------------------------

Original Response:
First, we need to identify all visible household objects relevant to the task description "put a hot mug in coffeemachine." In the image, we can see a countertop with various objects, cabinets, drawers, and a fridge. However, there is no microwave or mug visible in the image.

As per the task hint, the agent needs to find a mug, heat it in the microwave, and then put it in the coffeemachine. Since the mug is not visible, we need to search every place based on the initial observation to find the object.

None of the answer choices directly mention finding a mug or using the microwave. However, since the mug is not visible on the countertop or in the immediate vicinity, the most reasonable action would be to start searching the cabinets, as mugs are commonly stored there.

The answer is: (1): go to cabinet 1.

----------------------------------------

----------------------------------------

>>> Refine Original VLM Response and Get Pure Action: go to cabinet 1

----------------------------------------

-----------------------------------------------------------------

Running time: 7.708377361297607 seconds

Total Money: 8.074200000000006

-----------------------------------------------------------------

-----------------------------------------------------------------

Text Observation:You arrive at loc 0. The cabinet 1 is closed. 

--------------------------------------------------------------------------------------------------------------------------task: 23---------------------------------------------------------
--------------------------------------------------------------------------------------------------------------------------------------------------------------------
--------------------------------------------------------------------------------------------------------------------------------------------------------------------
Step:--------------------------------------------------------------------------2-------------------------------------------------------------------------------
----------------------------------------
VLM Prompt:
Image1:
<image>
**Instruction**
1. Analyze the provided image to identify all visible household objects, focusing on those relevant to the task description "put a hot mug in coffeemachine."
2. Use the analysis of the image and the task hint "The agent must find an object of the desired type, pick it up, go to a microwave, heat the object with the microwave, then find the correct location to place it, and put it down there. The agent does not need to use the microwave button or open the microwave to heat the object, and the agent just needs to do action that is "heat the object with the microwave"." to answer the question: what is the most reasonable action in the choices for the task description "put a hot mug in coffeemachine"?
4. Decide and write the answer using the template: The answer is: (i): <selected_action>, where i is the real number. If there is no desired object in the image, search every place based on **Initial Observation** to find the object. And if no one is exactly correct, choose a similar answer.

**Initial Observation**
You are in the middle of a room. Looking quickly around you, you can see cabinet (1-15), fridge (1), countertop (1-4), drawer (1-4), microwave (1), toaster (1), coffeemachine (1), garbagecan (1), sink (1), stoveburner (1-3), sinkbasin (1)

**Answer Choices**
(1): go to cabinet 2
(2): go to cabinet 3
(3): go to fridge 1
(4): go to countertop 1
(5): go to cabinet 5
(6): go to cabinet 6
(7): go to cabinet 7
(8): go to drawer 1
(9): go to drawer 2
(10): go to cabinet 8
(11): go to drawer 3
(12): go to cabinet 9
(13): go to cabinet 10
(14): go to drawer 4
(15): go to microwave 1
(16): go to cabinet 11
(17): go to toaster 1
(18): go to cabinet 12
(19): go to cabinet 13
(20): go to cabinet 14
(21): go to cabinet 15
(22): go to countertop 2
(23): go to coffeemachine 1
(24): go to garbagecan 1
(25): go to countertop 3
(26): go to countertop 4
(27): go to sink 1
(28): go to stoveburner 1
(29): go to stoveburner 2
(30): go to stoveburner 3
(31): go to sinkbasin 1
(32): open cabinet 1
(33): close cabinet 1
(34): examine cabinet 1

**Answer**
Let's think step by step by following the instructions.
----------------------------------------

----------------------------------------

Original Response:
Firstly, we need to find a mug, which would typically be stored in a cabinet or on a countertop. The image provided shows cabinet 1, and the task description does not indicate that a mug has already been found or picked up. Therefore, we should first search for a mug in the available storage locations.

Next, we need to heat the mug, which implies that after finding the mug, we need to go to the microwave to heat it. However, the task description specifies that we do not need to use the microwave button or open the microwave to heat the object. Therefore, we can assume that the action of heating the mug will be automatically done once we find the mug and go to the microwave.

Finally, the task is to put a hot mug in the coffeemachine. This would usually be done after the mug has been heated in the microwave.

Based on the **Initial Observation**, cabinet 1 is visible in the image but we do not know if it contains a mug. Since the instructions state to search every place if there is no desired object in the image, we must continue our search. Therefore, we should check other cabinets for a mug before going to the microwave and then to the coffeemachine.

The answer is: (2): go to cabinet 3

----------------------------------------

----------------------------------------

>>> Refine Original VLM Response and Get Pure Action: go to cabinet 3

----------------------------------------

-----------------------------------------------------------------

Running time: 12.74888014793396 seconds

Total Money: 8.096180000000006

-----------------------------------------------------------------

-----------------------------------------------------------------

Text Observation:You arrive at loc 2. The cabinet 3 is closed. 

--------------------------------------------------------------------------------------------------------------------------task: 23---------------------------------------------------------
--------------------------------------------------------------------------------------------------------------------------------------------------------------------
--------------------------------------------------------------------------------------------------------------------------------------------------------------------
Step:--------------------------------------------------------------------------3-------------------------------------------------------------------------------
----------------------------------------
VLM Prompt:
Image1:
<image>
**Instruction**
1. Analyze the provided image to identify all visible household objects, focusing on those relevant to the task description "put a hot mug in coffeemachine."
2. Use the analysis of the image and the task hint "The agent must find an object of the desired type, pick it up, go to a microwave, heat the object with the microwave, then find the correct location to place it, and put it down there. The agent does not need to use the microwave button or open the microwave to heat the object, and the agent just needs to do action that is "heat the object with the microwave"." to answer the question: what is the most reasonable action in the choices for the task description "put a hot mug in coffeemachine"?
4. Decide and write the answer using the template: The answer is: (i): <selected_action>, where i is the real number. If there is no desired object in the image, search every place based on **Initial Observation** to find the object. And if no one is exactly correct, choose a similar answer.

**Initial Observation**
You are in the middle of a room. Looking quickly around you, you can see cabinet (1-15), fridge (1), countertop (1-4), drawer (1-4), microwave (1), toaster (1), coffeemachine (1), garbagecan (1), sink (1), stoveburner (1-3), sinkbasin (1)

**Answer Choices**
(1): go to cabinet 2
(2): go to fridge 1
(3): go to countertop 1
(4): go to cabinet 5
(5): go to cabinet 6
(6): go to cabinet 7
(7): go to drawer 1
(8): go to drawer 2
(9): go to cabinet 8
(10): go to drawer 3
(11): go to cabinet 9
(12): go to cabinet 10
(13): go to drawer 4
(14): go to microwave 1
(15): go to cabinet 11
(16): go to toaster 1
(17): go to cabinet 12
(18): go to cabinet 13
(19): go to cabinet 14
(20): go to cabinet 15
(21): go to countertop 2
(22): go to coffeemachine 1
(23): go to garbagecan 1
(24): go to countertop 3
(25): go to countertop 4
(26): go to sink 1
(27): go to stoveburner 1
(28): go to stoveburner 2
(29): go to stoveburner 3
(30): go to sinkbasin 1
(31): open cabinet 3
(32): close cabinet 3
(33): examine cabinet 3

**Answer**
Let's think step by step by following the instructions.
----------------------------------------

----------------------------------------

Original Response:
The task is to "put a hot mug in coffeemachine," which implies that we need to first find a mug, heat it, and then place it in the coffeemachine. The task hint suggests that we need to use the microwave to heat the object, but we do not need to interact with the microwave buttons or door.

From the initial observation, we know there is a microwave (1) present in the room. However, based on the image provided, we cannot see any mugs or the microwave; we only see cabinet 3 and cabinet 2. Since we cannot identify any mugs in the image, we need to search the cabinets, drawers, and countertops based on the initial observation to locate a mug.

None of the answer choices directly suggest heating a mug with the microwave, so we must choose the action that will lead us to find a mug. Cabinets and drawers are typical storage places for mugs in a household setting.

The answer is: (1): go to cabinet 2. This choice is made as it is one of the cabinets visible in the image, and it could potentially contain a mug that we need for the task. If a mug is not found in cabinet 2, we would continue the search in other cabinets and drawers.

----------------------------------------

----------------------------------------

>>> Refine Original VLM Response and Get Pure Action: go to cabinet 2

----------------------------------------

-----------------------------------------------------------------

Running time: 13.106348037719727 seconds

Total Money: 8.117950000000006

-----------------------------------------------------------------

-----------------------------------------------------------------

Text Observation:You arrive at loc 1. The cabinet 2 is closed. 

--------------------------------------------------------------------------------------------------------------------------task: 23---------------------------------------------------------
--------------------------------------------------------------------------------------------------------------------------------------------------------------------
--------------------------------------------------------------------------------------------------------------------------------------------------------------------
Step:--------------------------------------------------------------------------4-------------------------------------------------------------------------------
----------------------------------------
VLM Prompt:
Image1:
<image>
**Instruction**
1. Analyze the provided image to identify all visible household objects, focusing on those relevant to the task description "put a hot mug in coffeemachine."
2. Use the analysis of the image and the task hint "The agent must find an object of the desired type, pick it up, go to a microwave, heat the object with the microwave, then find the correct location to place it, and put it down there. The agent does not need to use the microwave button or open the microwave to heat the object, and the agent just needs to do action that is "heat the object with the microwave"." to answer the question: what is the most reasonable action in the choices for the task description "put a hot mug in coffeemachine"?
4. Decide and write the answer using the template: The answer is: (i): <selected_action>, where i is the real number. If there is no desired object in the image, search every place based on **Initial Observation** to find the object. And if no one is exactly correct, choose a similar answer.

**Initial Observation**
You are in the middle of a room. Looking quickly around you, you can see cabinet (1-15), fridge (1), countertop (1-4), drawer (1-4), microwave (1), toaster (1), coffeemachine (1), garbagecan (1), sink (1), stoveburner (1-3), sinkbasin (1)

**Answer Choices**
(1): go to fridge 1
(2): go to countertop 1
(3): go to cabinet 4
(4): go to cabinet 5
(5): go to cabinet 6
(6): go to cabinet 7
(7): go to drawer 1
(8): go to drawer 2
(9): go to cabinet 8
(10): go to drawer 3
(11): go to cabinet 9
(12): go to cabinet 10
(13): go to drawer 4
(14): go to microwave 1
(15): go to cabinet 11
(16): go to toaster 1
(17): go to cabinet 12
(18): go to cabinet 13
(19): go to cabinet 14
(20): go to cabinet 15
(21): go to countertop 2
(22): go to coffeemachine 1
(23): go to garbagecan 1
(24): go to countertop 3
(25): go to countertop 4
(26): go to sink 1
(27): go to stoveburner 1
(28): go to stoveburner 2
(29): go to stoveburner 3
(30): go to sinkbasin 1
(31): open cabinet 2
(32): close cabinet 2
(33): examine cabinet 2

**Answer**
Let's think step by step by following the instructions.
----------------------------------------

----------------------------------------

Original Response:
The task is to "put a hot mug in coffeemachine." This implies that the agent must first find a mug, heat it up, and then place it in the coffeemachine.

Analyzing the image, we can see two cabinets labeled "cabinet 2" and "cabinet 3," and a plate on the countertop labeled "plate 1." There are no visible mugs, microwaves, or coffeemachines in this image. Therefore, we must search based on the Initial Observation.

Based on the Initial Observation, the agent must find a mug first. Mugs are typically stored in cabinets or on countertops near a coffeemachine. Since the image doesn't show a coffeemachine, and the most common location for mugs is in a cabinet, the most reasonable next action would be to search a cabinet. 

From the answer choices, we do not have the option to search cabinet 2 or cabinet 3, which are the ones visible in the image. The next best option is to choose a cabinet closest to the coffeemachine based on standard kitchen layouts. Without specific information on the layout, it's a guess, but a common placement for a coffeemachine would be on a countertop near cabinets where mugs would be stored.

The answer is: (11): go to cabinet 9, which is a guess based on typical kitchen organization, as it is the first cabinet option after the ones visible in the image. If a mug is not found in cabinet 9, the agent should continue searching the cabinets based on the initial observation list.

----------------------------------------

----------------------------------------

>>> Refine Original VLM Response and Get Pure Action: go to cabinet 9, which is a guess based on typical kitchen organization, as it is the first cabinet option after the ones visible in the image

----------------------------------------

-----------------------------------------------------------------

Running time: 17.734468936920166 seconds

Total Money: 8.141730000000006

-----------------------------------------------------------------

-----------------------------------------------------------------

Text Observation:Nothing happens.

--------------------------------------------------------------------------------------------------------------------------task: 23---------------------------------------------------------
--------------------------------------------------------------------------------------------------------------------------------------------------------------------
--------------------------------------------------------------------------------------------------------------------------------------------------------------------
Step:--------------------------------------------------------------------------5-------------------------------------------------------------------------------
----------------------------------------
VLM Prompt:
Image1:
<image>
**Instruction**
1. Analyze the provided image to identify all visible household objects, focusing on those relevant to the task description "put a hot mug in coffeemachine."
2. Use the analysis of the image and the task hint "The agent must find an object of the desired type, pick it up, go to a microwave, heat the object with the microwave, then find the correct location to place it, and put it down there. The agent does not need to use the microwave button or open the microwave to heat the object, and the agent just needs to do action that is "heat the object with the microwave"." to answer the question: what is the most reasonable action in the choices for the task description "put a hot mug in coffeemachine"?
4. Decide and write the answer using the template: The answer is: (i): <selected_action>, where i is the real number. If there is no desired object in the image, search every place based on **Initial Observation** to find the object. And if no one is exactly correct, choose a similar answer.

**Initial Observation**
You are in the middle of a room. Looking quickly around you, you can see cabinet (1-15), fridge (1), countertop (1-4), drawer (1-4), microwave (1), toaster (1), coffeemachine (1), garbagecan (1), sink (1), stoveburner (1-3), sinkbasin (1)

**Answer Choices**
(1): go to cabinet 1
(2): go to fridge 1
(3): go to countertop 1
(4): go to cabinet 4
(5): go to cabinet 5
(6): go to cabinet 6
(7): go to cabinet 7
(8): go to drawer 1
(9): go to drawer 2
(10): go to cabinet 8
(11): go to drawer 3
(12): go to cabinet 9
(13): go to cabinet 10
(14): go to drawer 4
(15): go to microwave 1
(16): go to cabinet 11
(17): go to toaster 1
(18): go to cabinet 12
(19): go to cabinet 13
(20): go to cabinet 14
(21): go to cabinet 15
(22): go to countertop 2
(23): go to coffeemachine 1
(24): go to garbagecan 1
(25): go to countertop 3
(26): go to countertop 4
(27): go to sink 1
(28): go to stoveburner 1
(29): go to stoveburner 2
(30): go to stoveburner 3
(31): go to sinkbasin 1
(32): open cabinet 2
(33): close cabinet 2
(34): examine cabinet 2

**Answer**
Let's think step by step by following the instructions.
----------------------------------------

----------------------------------------

Original Response:
Firstly, we need to identify if there is a mug in the image. The image provided shows cabinet 2 and cabinet 3, neither of which have a mug visible. Based on the initial observation, the mug could be in any of the cabinets, drawers, or countertops, or already in the coffeemachine if not visible in the image. To heat the mug, the agent must go to the microwave.

Given that the mug is not visible in the image, the agent should search for it based on the initial observation. The most reasonable action would be to start looking in the cabinets or drawers, as these are common storage places for mugs. Once the mug is found, the agent will then go to the microwave to heat it, as per the task hint.

The answer, therefore, is to search for the mug in the places not shown in the image. Since we cannot see the mug, we need to find it first before we can put it in the coffeemachine. The closest options related to the task are:

(1): go to cabinet 1
(4): go to cabinet 4
(5): go to cabinet 5
(6): go to cabinet 6
(7): go to cabinet 7
(8): go to drawer 1
(9): go to drawer 2
(10): go to cabinet 8
(11): go to drawer 3
(12): go to cabinet 9
(13): go to cabinet 10
(14): go to drawer 4
(16): go to cabinet 11
(18): go to cabinet 12
(19): go to cabinet 13
(20): go to cabinet 14
(21): go to cabinet 15

Since no one action is most reasonable without additional context or knowledge of where the mug is located, we could choose a series of actions that involve searching the cabinets and drawers, starting with the ones closest to the microwave for efficiency. However, for the sake of selecting one action, we will choose the first cabinet to start the search.

The answer is: (1): go to cabinet 1

----------------------------------------

----------------------------------------

>>> Refine Original VLM Response and Get Pure Action: go to cabinet 1

----------------------------------------

-----------------------------------------------------------------

Running time: 21.65920615196228 seconds

Total Money: 8.169080000000006

-----------------------------------------------------------------

-----------------------------------------------------------------

Text Observation:You arrive at loc 0. The cabinet 1 is closed. 

--------------------------------------------------------------------------------------------------------------------------task: 23---------------------------------------------------------
--------------------------------------------------------------------------------------------------------------------------------------------------------------------
--------------------------------------------------------------------------------------------------------------------------------------------------------------------
Step:--------------------------------------------------------------------------6-------------------------------------------------------------------------------
----------------------------------------
VLM Prompt:
Image1:
<image>
**Instruction**
1. Analyze the provided image to identify all visible household objects, focusing on those relevant to the task description "put a hot mug in coffeemachine."
2. Use the analysis of the image and the task hint "The agent must find an object of the desired type, pick it up, go to a microwave, heat the object with the microwave, then find the correct location to place it, and put it down there. The agent does not need to use the microwave button or open the microwave to heat the object, and the agent just needs to do action that is "heat the object with the microwave"." to answer the question: what is the most reasonable action in the choices for the task description "put a hot mug in coffeemachine"?
4. Decide and write the answer using the template: The answer is: (i): <selected_action>, where i is the real number. If there is no desired object in the image, search every place based on **Initial Observation** to find the object. And if no one is exactly correct, choose a similar answer.

**Initial Observation**
You are in the middle of a room. Looking quickly around you, you can see cabinet (1-15), fridge (1), countertop (1-4), drawer (1-4), microwave (1), toaster (1), coffeemachine (1), garbagecan (1), sink (1), stoveburner (1-3), sinkbasin (1)

**Answer Choices**
(1): go to cabinet 3
(2): go to fridge 1
(3): go to countertop 1
(4): go to cabinet 4
(5): go to cabinet 5
(6): go to cabinet 6
(7): go to cabinet 7
(8): go to drawer 1
(9): go to drawer 2
(10): go to cabinet 8
(11): go to drawer 3
(12): go to cabinet 9
(13): go to cabinet 10
(14): go to drawer 4
(15): go to microwave 1
(16): go to cabinet 11
(17): go to toaster 1
(18): go to cabinet 12
(19): go to cabinet 13
(20): go to cabinet 14
(21): go to cabinet 15
(22): go to countertop 2
(23): go to coffeemachine 1
(24): go to garbagecan 1
(25): go to countertop 3
(26): go to countertop 4
(27): go to sink 1
(28): go to stoveburner 1
(29): go to stoveburner 2
(30): go to stoveburner 3
(31): go to sinkbasin 1
(32): open cabinet 1
(33): close cabinet 1
(34): examine cabinet 1

**Answer**
Let's think step by step by following the instructions.
----------------------------------------

----------------------------------------

Original Response:
The task is to "put a hot mug in coffeemachine." Based on the task hint, the agent must find a mug, heat it with the microwave, then put it in the coffeemachine. Since the image shows cabinet 1, and the task does not specify where the mug is located, the agent should first search the cabinets, drawers, and countertop for a mug. 

From the initial observation, we know there are multiple cabinets, drawers, and a microwave available to search. Since the image only shows cabinet 1, and we don't have information about the contents of each cabinet or drawer, the best action is to start searching the nearest possible locations where a mug might be found. The microwave is also mentioned, which is necessary for heating the mug.

The most reasonable action from the choices would be to first open cabinet 1 to search for a mug before heating it since the image provided shows cabinet 1 and it is the closest and most visible object relevant to the task. If the mug is not there, the agent can proceed to search other cabinets or drawers. 

The answer is: (32): open cabinet 1.

----------------------------------------

----------------------------------------

>>> Refine Original VLM Response and Get Pure Action: open cabinet 1

----------------------------------------

-----------------------------------------------------------------

Running time: 15.512268304824829 seconds

Total Money: 8.190220000000007

-----------------------------------------------------------------

-----------------------------------------------------------------

Text Observation:You open the cabinet 1. The cabinet 1 is open. In it, you see a plate 2.

--------------------------------------------------------------------------------------------------------------------------task: 23---------------------------------------------------------
--------------------------------------------------------------------------------------------------------------------------------------------------------------------
--------------------------------------------------------------------------------------------------------------------------------------------------------------------
Step:--------------------------------------------------------------------------7-------------------------------------------------------------------------------
----------------------------------------
VLM Prompt:
Image1:
<image>
**Instruction**
1. Analyze the provided image to identify all visible household objects, focusing on those relevant to the task description "put a hot mug in coffeemachine."
2. Use the analysis of the image and the task hint "The agent must find an object of the desired type, pick it up, go to a microwave, heat the object with the microwave, then find the correct location to place it, and put it down there. The agent does not need to use the microwave button or open the microwave to heat the object, and the agent just needs to do action that is "heat the object with the microwave"." to answer the question: what is the most reasonable action in the choices for the task description "put a hot mug in coffeemachine"?
4. Decide and write the answer using the template: The answer is: (i): <selected_action>, where i is the real number. If there is no desired object in the image, search every place based on **Initial Observation** to find the object. And if no one is exactly correct, choose a similar answer.

**Initial Observation**
You are in the middle of a room. Looking quickly around you, you can see cabinet (1-15), fridge (1), countertop (1-4), drawer (1-4), microwave (1), toaster (1), coffeemachine (1), garbagecan (1), sink (1), stoveburner (1-3), sinkbasin (1)

**Answer Choices**
(1): go to cabinet 2
(2): go to cabinet 3
(3): go to fridge 1
(4): go to countertop 1
(5): go to cabinet 4
(6): go to cabinet 5
(7): go to cabinet 6
(8): go to cabinet 7
(9): go to drawer 1
(10): go to drawer 2
(11): go to cabinet 8
(12): go to drawer 3
(13): go to cabinet 9
(14): go to cabinet 10
(15): go to drawer 4
(16): go to microwave 1
(17): go to cabinet 11
(18): go to toaster 1
(19): go to cabinet 12
(20): go to cabinet 13
(21): go to cabinet 14
(22): go to cabinet 15
(23): go to countertop 2
(24): go to coffeemachine 1
(25): go to garbagecan 1
(26): go to countertop 3
(27): go to countertop 4
(28): go to sink 1
(29): go to stoveburner 1
(30): go to stoveburner 2
(31): go to stoveburner 3
(32): go to sinkbasin 1
(33): close cabinet 1
(34): take plate 2 from cabinet 1
(35): examine cabinet 1

**Answer**
Let's think step by step by following the instructions.
----------------------------------------

----------------------------------------

Original Response:
The task is to put a hot mug in the coffee machine. Based on the instruction, the agent must find a mug, heat it in the microwave, and then place it in the coffee machine. In the provided image, we can see the inside of cabinet 1 where there is a plate labeled as "Plate 2". There is no mug visible in this image.

Based on the Initial Observation, we know there are several cabinets, a fridge, countertops, drawers, a microwave, a toaster, a coffee machine, a garbage can, a sink, stove burners, and a sink basin in the room. Since the image shows cabinet 1 and there is no mug in it, the agent should continue searching other locations to find a mug. The most likely places to find a mug would be in other cabinets or possibly on countertops where mugs are usually stored or placed.

Given the answer choices, the most reasonable next action for the agent would be to search the cabinets closest to cabinet 1, as the agent is currently examining cabinet 1. 

The answer is: (2): go to cabinet 3.

----------------------------------------

----------------------------------------

>>> Refine Original VLM Response and Get Pure Action: go to cabinet 3

----------------------------------------

-----------------------------------------------------------------

Running time: 8.42632532119751 seconds

Total Money: 8.211280000000007

-----------------------------------------------------------------

-----------------------------------------------------------------

Text Observation:You arrive at loc 2. The cabinet 3 is closed. 

--------------------------------------------------------------------------------------------------------------------------task: 23---------------------------------------------------------
--------------------------------------------------------------------------------------------------------------------------------------------------------------------
--------------------------------------------------------------------------------------------------------------------------------------------------------------------
Step:--------------------------------------------------------------------------8-------------------------------------------------------------------------------
----------------------------------------
VLM Prompt:
Image1:
<image>
**Instruction**
1. Analyze the provided image to identify all visible household objects, focusing on those relevant to the task description "put a hot mug in coffeemachine."
2. Use the analysis of the image and the task hint "The agent must find an object of the desired type, pick it up, go to a microwave, heat the object with the microwave, then find the correct location to place it, and put it down there. The agent does not need to use the microwave button or open the microwave to heat the object, and the agent just needs to do action that is "heat the object with the microwave"." to answer the question: what is the most reasonable action in the choices for the task description "put a hot mug in coffeemachine"?
4. Decide and write the answer using the template: The answer is: (i): <selected_action>, where i is the real number. If there is no desired object in the image, search every place based on **Initial Observation** to find the object. And if no one is exactly correct, choose a similar answer.

**Initial Observation**
You are in the middle of a room. Looking quickly around you, you can see cabinet (1-15), fridge (1), countertop (1-4), drawer (1-4), microwave (1), toaster (1), coffeemachine (1), garbagecan (1), sink (1), stoveburner (1-3), sinkbasin (1)

**Answer Choices**
(1): go to cabinet 2
(2): go to fridge 1
(3): go to countertop 1
(4): go to cabinet 4
(5): go to cabinet 5
(6): go to cabinet 6
(7): go to cabinet 7
(8): go to drawer 1
(9): go to drawer 2
(10): go to cabinet 8
(11): go to drawer 3
(12): go to cabinet 9
(13): go to cabinet 10
(14): go to drawer 4
(15): go to microwave 1
(16): go to cabinet 11
(17): go to toaster 1
(18): go to cabinet 12
(19): go to cabinet 13
(20): go to cabinet 14
(21): go to cabinet 15
(22): go to countertop 2
(23): go to coffeemachine 1
(24): go to garbagecan 1
(25): go to countertop 3
(26): go to countertop 4
(27): go to sink 1
(28): go to stoveburner 1
(29): go to stoveburner 2
(30): go to stoveburner 3
(31): go to sinkbasin 1
(32): open cabinet 3
(33): close cabinet 3
(34): examine cabinet 3

**Answer**
Let's think step by step by following the instructions.
----------------------------------------

----------------------------------------

Original Response:
The task description is "put a hot mug in coffeemachine," and the task hint provides that the agent must find an object of the desired type, which in this case would be a mug. The agent must then go to a microwave to heat the object and find the correct location to place it, which is the coffeemachine.

In the provided image, there are no visible mugs or objects that would be relevant to heating and placing in a coffeemachine. Therefore, we must search every place based on the Initial Observation to find the object. 

Since the task requires using a microwave, which is mentioned in the Initial Observation, we should select the action related to going to the microwave.

The answer is: (15): go to microwave 1.

----------------------------------------

----------------------------------------

>>> Refine Original VLM Response and Get Pure Action: go to microwave 1

----------------------------------------

-----------------------------------------------------------------

Running time: 6.913783550262451 seconds

Total Money: 8.230050000000007

-----------------------------------------------------------------

-----------------------------------------------------------------

Text Observation:You arrive at loc 16. The microwave 1 is closed. 

--------------------------------------------------------------------------------------------------------------------------task: 23---------------------------------------------------------
--------------------------------------------------------------------------------------------------------------------------------------------------------------------
--------------------------------------------------------------------------------------------------------------------------------------------------------------------
Step:--------------------------------------------------------------------------9-------------------------------------------------------------------------------
----------------------------------------
VLM Prompt:
Image1:
<image>
**Instruction**
1. Analyze the provided image to identify all visible household objects, focusing on those relevant to the task description "put a hot mug in coffeemachine."
2. Use the analysis of the image and the task hint "The agent must find an object of the desired type, pick it up, go to a microwave, heat the object with the microwave, then find the correct location to place it, and put it down there. The agent does not need to use the microwave button or open the microwave to heat the object, and the agent just needs to do action that is "heat the object with the microwave"." to answer the question: what is the most reasonable action in the choices for the task description "put a hot mug in coffeemachine"?
4. Decide and write the answer using the template: The answer is: (i): <selected_action>, where i is the real number. If there is no desired object in the image, search every place based on **Initial Observation** to find the object. And if no one is exactly correct, choose a similar answer.

**Initial Observation**
You are in the middle of a room. Looking quickly around you, you can see cabinet (1-15), fridge (1), countertop (1-4), drawer (1-4), microwave (1), toaster (1), coffeemachine (1), garbagecan (1), sink (1), stoveburner (1-3), sinkbasin (1)

**Answer Choices**
(1): go to cabinet 1
(2): go to cabinet 2
(3): go to fridge 1
(4): go to countertop 1
(5): go to cabinet 4
(6): go to cabinet 5
(7): go to cabinet 6
(8): go to cabinet 7
(9): go to drawer 1
(10): go to drawer 2
(11): go to cabinet 8
(12): go to drawer 3
(13): go to cabinet 9
(14): go to cabinet 10
(15): go to drawer 4
(16): go to cabinet 11
(17): go to toaster 1
(18): go to cabinet 12
(19): go to cabinet 13
(20): go to cabinet 14
(21): go to cabinet 15
(22): go to countertop 2
(23): go to coffeemachine 1
(24): go to garbagecan 1
(25): go to countertop 3
(26): go to countertop 4
(27): go to sink 1
(28): go to stoveburner 1
(29): go to stoveburner 2
(30): go to stoveburner 3
(31): go to sinkbasin 1
(32): open microwave 1
(33): close microwave 1
(34): examine microwave 1

**Answer**
Let's think step by step by following the instructions.
----------------------------------------

----------------------------------------

Original Response:
The task description is "put a hot mug in coffeemachine," and the task hint tells us that the agent must find a mug, heat it with the microwave, and then put it in the coffeemachine. From the image provided, we can see a microwave, but no mug is visible. Based on the initial observation, the agent can look in cabinets, drawers, and countertops for a mug. Since the image shows cabinet 11 and cabinet 12, we can assume the agent has already checked these locations. The next logical step would be to continue searching nearby storage areas.

The most reasonable actions from the choices provided would be to go to nearby cabinets or drawers to look for a mug. The options to go to the coffeemachine, garbagecan, sink, stoveburner, or sinkbasin are not relevant yet since we first need to find the mug. Opening or examining the microwave isn't necessary at this point, as per the task hint. 

Therefore, the answer is: (16): go to cabinet 11. If the mug is not found there, the agent should proceed to check the next closest storage areas.

----------------------------------------

----------------------------------------

>>> Refine Original VLM Response and Get Pure Action: No action

----------------------------------------

-----------------------------------------------------------------

Running time: 12.837469100952148 seconds

Total Money: 8.251130000000007

-----------------------------------------------------------------

-----------------------------------------------------------------

Text Observation:Nothing happens.

--------------------------------------------------------------------------------------------------------------------------task: 23---------------------------------------------------------
--------------------------------------------------------------------------------------------------------------------------------------------------------------------
--------------------------------------------------------------------------------------------------------------------------------------------------------------------
Step:--------------------------------------------------------------------------10-------------------------------------------------------------------------------
----------------------------------------
VLM Prompt:
Image1:
<image>
**Instruction**
1. Analyze the provided image to identify all visible household objects, focusing on those relevant to the task description "put a hot mug in coffeemachine."
2. Use the analysis of the image and the task hint "The agent must find an object of the desired type, pick it up, go to a microwave, heat the object with the microwave, then find the correct location to place it, and put it down there. The agent does not need to use the microwave button or open the microwave to heat the object, and the agent just needs to do action that is "heat the object with the microwave"." to answer the question: what is the most reasonable action in the choices for the task description "put a hot mug in coffeemachine"?
4. Decide and write the answer using the template: The answer is: (i): <selected_action>, where i is the real number. If there is no desired object in the image, search every place based on **Initial Observation** to find the object. And if no one is exactly correct, choose a similar answer.

**Initial Observation**
You are in the middle of a room. Looking quickly around you, you can see cabinet (1-15), fridge (1), countertop (1-4), drawer (1-4), microwave (1), toaster (1), coffeemachine (1), garbagecan (1), sink (1), stoveburner (1-3), sinkbasin (1)

**Answer Choices**
(1): go to cabinet 1
(2): go to cabinet 2
(3): go to fridge 1
(4): go to countertop 1
(5): go to cabinet 4
(6): go to cabinet 5
(7): go to cabinet 6
(8): go to cabinet 7
(9): go to drawer 1
(10): go to drawer 2
(11): go to cabinet 8
(12): go to drawer 3
(13): go to cabinet 9
(14): go to cabinet 10
(15): go to drawer 4
(16): go to cabinet 11
(17): go to toaster 1
(18): go to cabinet 12
(19): go to cabinet 13
(20): go to cabinet 14
(21): go to cabinet 15
(22): go to countertop 2
(23): go to coffeemachine 1
(24): go to garbagecan 1
(25): go to countertop 3
(26): go to countertop 4
(27): go to sink 1
(28): go to stoveburner 1
(29): go to stoveburner 2
(30): go to stoveburner 3
(31): go to sinkbasin 1
(32): open microwave 1
(33): close microwave 1
(34): examine microwave 1

**Answer**
Let's think step by step by following the instructions.
----------------------------------------

----------------------------------------

Original Response:
The task description is to "put a hot mug in coffeemachine," which means we need to first find a mug, heat it, and then place it in the coffeemachine. The hint tells us that we need to use a microwave to heat the object but do not need to interact with the microwave buttons or door.

Analyzing the provided image, we see a microwave (microwave 1) on the countertop (countertop 1). There is no mug visible in the image, so we must search for one based on the Initial Observation.

Since we are looking for a mug, which is typically found in cabinets or on countertops, we can eliminate some choices that are not likely to have a mug, such as the fridge, toaster, garbage can, sink, stove burners, and sink basin.

Among the remaining choices, going to a cabinet or a countertop makes the most sense to find a mug. Since countertop 1 is already visible and does not have a mug, we can look at the other countertops.

Considering the task and the analysis, the most reasonable action would be to search the cabinets or countertops where a mug is most likely to be found. Since we cannot see any mugs on the countertops in the image, we will choose to search the cabinets.

The answer is: (1): go to cabinet 1.

----------------------------------------

----------------------------------------

>>> Refine Original VLM Response and Get Pure Action: go to cabinet 1

----------------------------------------

-----------------------------------------------------------------

Running time: 12.173491954803467 seconds

Total Money: 8.273530000000006

-----------------------------------------------------------------

-----------------------------------------------------------------

Text Observation:You arrive at loc 0. The cabinet 1 is open. On the cabinet 1, you see a plate 2.

--------------------------------------------------------------------------------------------------------------------------task: 23---------------------------------------------------------
--------------------------------------------------------------------------------------------------------------------------------------------------------------------
--------------------------------------------------------------------------------------------------------------------------------------------------------------------
Step:--------------------------------------------------------------------------11-------------------------------------------------------------------------------
----------------------------------------
VLM Prompt:
Image1:
<image>
**Instruction**
1. Analyze the provided image to identify all visible household objects, focusing on those relevant to the task description "put a hot mug in coffeemachine."
2. Use the analysis of the image and the task hint "The agent must find an object of the desired type, pick it up, go to a microwave, heat the object with the microwave, then find the correct location to place it, and put it down there. The agent does not need to use the microwave button or open the microwave to heat the object, and the agent just needs to do action that is "heat the object with the microwave"." to answer the question: what is the most reasonable action in the choices for the task description "put a hot mug in coffeemachine"?
4. Decide and write the answer using the template: The answer is: (i): <selected_action>, where i is the real number. If there is no desired object in the image, search every place based on **Initial Observation** to find the object. And if no one is exactly correct, choose a similar answer.

**Initial Observation**
You are in the middle of a room. Looking quickly around you, you can see cabinet (1-15), fridge (1), countertop (1-4), drawer (1-4), microwave (1), toaster (1), coffeemachine (1), garbagecan (1), sink (1), stoveburner (1-3), sinkbasin (1)

**Answer Choices**
(1): go to cabinet 2
(2): go to cabinet 3
(3): go to fridge 1
(4): go to countertop 1
(5): go to cabinet 4
(6): go to cabinet 5
(7): go to cabinet 6
(8): go to cabinet 7
(9): go to drawer 1
(10): go to drawer 2
(11): go to cabinet 8
(12): go to drawer 3
(13): go to cabinet 9
(14): go to cabinet 10
(15): go to drawer 4
(16): go to cabinet 11
(17): go to toaster 1
(18): go to cabinet 12
(19): go to cabinet 13
(20): go to cabinet 14
(21): go to cabinet 15
(22): go to countertop 2
(23): go to coffeemachine 1
(24): go to garbagecan 1
(25): go to countertop 3
(26): go to countertop 4
(27): go to sink 1
(28): go to stoveburner 1
(29): go to stoveburner 2
(30): go to stoveburner 3
(31): go to sinkbasin 1
(32): open cabinet 1
(33): close cabinet 1
(34): take plate 2 from cabinet 1
(35): examine cabinet 1

**Answer**
Let's think step by step by following the instructions.
----------------------------------------

----------------------------------------

Original Response:
First, we need to find a mug to put in the coffeemachine. The provided image shows cabinet 1 open with a plate inside, but no mug is visible. Since the mug is not in cabinet 1, we need to search other locations based on the Initial Observation.

The most logical place to find a mug would be in the cabinets or on the countertop near the coffeemachine. Cabinets are usually where mugs are stored in a household. Since we cannot see the coffeemachine in the image, we should choose to go to the cabinet closest to the coffeemachine number mentioned in the Initial Observation.

The answer is: (23): go to coffeemachine 1

----------------------------------------

----------------------------------------

>>> Refine Original VLM Response and Get Pure Action: go to coffeemachine 1

----------------------------------------

-----------------------------------------------------------------

Running time: 10.967291593551636 seconds

Total Money: 8.292000000000007

-----------------------------------------------------------------

-----------------------------------------------------------------

Text Observation:You arrive at loc 24. On the coffeemachine 1, you see a mug 1.

--------------------------------------------------------------------------------------------------------------------------task: 23---------------------------------------------------------
--------------------------------------------------------------------------------------------------------------------------------------------------------------------
--------------------------------------------------------------------------------------------------------------------------------------------------------------------
Step:--------------------------------------------------------------------------12-------------------------------------------------------------------------------
----------------------------------------
VLM Prompt:
Image1:
<image>
**Instruction**
1. Analyze the provided image to identify all visible household objects, focusing on those relevant to the task description "put a hot mug in coffeemachine."
2. Use the analysis of the image and the task hint "The agent must find an object of the desired type, pick it up, go to a microwave, heat the object with the microwave, then find the correct location to place it, and put it down there. The agent does not need to use the microwave button or open the microwave to heat the object, and the agent just needs to do action that is "heat the object with the microwave"." to answer the question: what is the most reasonable action in the choices for the task description "put a hot mug in coffeemachine"?
4. Decide and write the answer using the template: The answer is: (i): <selected_action>, where i is the real number. If there is no desired object in the image, search every place based on **Initial Observation** to find the object. And if no one is exactly correct, choose a similar answer.

**Initial Observation**
You are in the middle of a room. Looking quickly around you, you can see cabinet (1-15), fridge (1), countertop (1-4), drawer (1-4), microwave (1), toaster (1), coffeemachine (1), garbagecan (1), sink (1), stoveburner (1-3), sinkbasin (1)

**Answer Choices**
(1): go to cabinet 2
(2): go to cabinet 3
(3): go to fridge 1
(4): go to countertop 1
(5): go to cabinet 4
(6): go to cabinet 5
(7): go to cabinet 6
(8): go to cabinet 7
(9): go to drawer 1
(10): go to drawer 2
(11): go to cabinet 8
(12): go to drawer 3
(13): go to cabinet 9
(14): go to cabinet 10
(15): go to drawer 4
(16): go to microwave 1
(17): go to cabinet 11
(18): go to toaster 1
(19): go to cabinet 12
(20): go to cabinet 13
(21): go to cabinet 14
(22): go to cabinet 15
(23): go to countertop 2
(24): go to garbagecan 1
(25): go to countertop 3
(26): go to countertop 4
(27): go to sink 1
(28): go to stoveburner 1
(29): go to stoveburner 2
(30): go to stoveburner 3
(31): go to sinkbasin 1
(32): take mug 1 from coffeemachine 1
(33): examine coffeemachine 1

**Answer**
Let's think step by step by following the instructions.
----------------------------------------

----------------------------------------

Original Response:
The task description is "put a hot mug in coffeemachine." According to the task hint, the agent needs to find a mug, heat it in the microwave, and then place it in the coffeemachine. Analyzing the image, we can see a coffeemachine (labeled as coffeemachine 1) and a mug (labeled as mug 1) already placed in the coffeemachine. Since there is already a mug in the coffeemachine, the task would be to heat this mug. 

The most reasonable action from the choices provided would be to first take the mug from the coffeemachine. Therefore, the answer is: (32): take mug 1 from coffeemachine 1. After this, the agent should go to the microwave to heat the mug, but this action is not listed in the answer choices. However, since the task hint specifies that the agent does not need to use the microwave button or open the microwave to heat the object, the assumption is that the agent would perform the heating action after taking the mug.

----------------------------------------

----------------------------------------

>>> Refine Original VLM Response and Get Pure Action: No action

----------------------------------------

-----------------------------------------------------------------

Running time: 10.895596742630005 seconds

Total Money: 8.312640000000007

-----------------------------------------------------------------

-----------------------------------------------------------------

Text Observation:Nothing happens.

--------------------------------------------------------------------------------------------------------------------------task: 23---------------------------------------------------------
--------------------------------------------------------------------------------------------------------------------------------------------------------------------
--------------------------------------------------------------------------------------------------------------------------------------------------------------------
Step:--------------------------------------------------------------------------13-------------------------------------------------------------------------------
----------------------------------------
VLM Prompt:
Image1:
<image>
**Instruction**
1. Analyze the provided image to identify all visible household objects, focusing on those relevant to the task description "put a hot mug in coffeemachine."
2. Use the analysis of the image and the task hint "The agent must find an object of the desired type, pick it up, go to a microwave, heat the object with the microwave, then find the correct location to place it, and put it down there. The agent does not need to use the microwave button or open the microwave to heat the object, and the agent just needs to do action that is "heat the object with the microwave"." to answer the question: what is the most reasonable action in the choices for the task description "put a hot mug in coffeemachine"?
4. Decide and write the answer using the template: The answer is: (i): <selected_action>, where i is the real number. If there is no desired object in the image, search every place based on **Initial Observation** to find the object. And if no one is exactly correct, choose a similar answer.

**Initial Observation**
You are in the middle of a room. Looking quickly around you, you can see cabinet (1-15), fridge (1), countertop (1-4), drawer (1-4), microwave (1), toaster (1), coffeemachine (1), garbagecan (1), sink (1), stoveburner (1-3), sinkbasin (1)

**Answer Choices**
(1): go to cabinet 2
(2): go to cabinet 3
(3): go to fridge 1
(4): go to countertop 1
(5): go to cabinet 4
(6): go to cabinet 5
(7): go to cabinet 6
(8): go to cabinet 7
(9): go to drawer 1
(10): go to drawer 2
(11): go to cabinet 8
(12): go to drawer 3
(13): go to cabinet 9
(14): go to cabinet 10
(15): go to drawer 4
(16): go to microwave 1
(17): go to cabinet 11
(18): go to toaster 1
(19): go to cabinet 12
(20): go to cabinet 13
(21): go to cabinet 14
(22): go to cabinet 15
(23): go to countertop 2
(24): go to garbagecan 1
(25): go to countertop 3
(26): go to countertop 4
(27): go to sink 1
(28): go to stoveburner 1
(29): go to stoveburner 2
(30): go to stoveburner 3
(31): go to sinkbasin 1
(32): take mug 1 from coffeemachine 1
(33): examine coffeemachine 1

**Answer**
Let's think step by step by following the instructions.
----------------------------------------

----------------------------------------

Original Response:
The task is to put a hot mug in the coffeemachine. In the image, we can see a coffeemachine (1) and a mug (1) already in the coffeemachine. Since the task requires the mug to be hot, the agent needs to heat the mug. According to the task hint, the agent does not need to use the microwave button or open the microwave, they only need to perform the action "heat the object with the microwave." Therefore, the most reasonable action is to go to the microwave to heat the mug.

From the **Initial Observation**, there is only one microwave listed, which is microwave (1). Therefore, the appropriate action from the answer choices is:

The answer is: (16): go to microwave 1.

----------------------------------------

----------------------------------------

>>> Refine Original VLM Response and Get Pure Action: go to microwave 1

----------------------------------------

-----------------------------------------------------------------

Running time: 10.39711594581604 seconds

Total Money: 8.331420000000007

-----------------------------------------------------------------

-----------------------------------------------------------------

Text Observation:You arrive at loc 16. The microwave 1 is closed. 

--------------------------------------------------------------------------------------------------------------------------task: 23---------------------------------------------------------
--------------------------------------------------------------------------------------------------------------------------------------------------------------------
--------------------------------------------------------------------------------------------------------------------------------------------------------------------
Step:--------------------------------------------------------------------------14-------------------------------------------------------------------------------
----------------------------------------
VLM Prompt:
Image1:
<image>
**Instruction**
1. Analyze the provided image to identify all visible household objects, focusing on those relevant to the task description "put a hot mug in coffeemachine."
2. Use the analysis of the image and the task hint "The agent must find an object of the desired type, pick it up, go to a microwave, heat the object with the microwave, then find the correct location to place it, and put it down there. The agent does not need to use the microwave button or open the microwave to heat the object, and the agent just needs to do action that is "heat the object with the microwave"." to answer the question: what is the most reasonable action in the choices for the task description "put a hot mug in coffeemachine"?
4. Decide and write the answer using the template: The answer is: (i): <selected_action>, where i is the real number. If there is no desired object in the image, search every place based on **Initial Observation** to find the object. And if no one is exactly correct, choose a similar answer.

**Initial Observation**
You are in the middle of a room. Looking quickly around you, you can see cabinet (1-15), fridge (1), countertop (1-4), drawer (1-4), microwave (1), toaster (1), coffeemachine (1), garbagecan (1), sink (1), stoveburner (1-3), sinkbasin (1)

**Answer Choices**
(1): go to cabinet 1
(2): go to cabinet 2
(3): go to cabinet 3
(4): go to fridge 1
(5): go to countertop 1
(6): go to cabinet 4
(7): go to cabinet 5
(8): go to cabinet 6
(9): go to cabinet 7
(10): go to drawer 1
(11): go to drawer 2
(12): go to cabinet 8
(13): go to drawer 3
(14): go to cabinet 9
(15): go to cabinet 10
(16): go to drawer 4
(17): go to cabinet 11
(18): go to toaster 1
(19): go to cabinet 12
(20): go to cabinet 13
(21): go to cabinet 14
(22): go to cabinet 15
(23): go to countertop 2
(24): go to garbagecan 1
(25): go to countertop 3
(26): go to countertop 4
(27): go to sink 1
(28): go to stoveburner 1
(29): go to stoveburner 2
(30): go to stoveburner 3
(31): go to sinkbasin 1
(32): open microwave 1
(33): close microwave 1
(34): examine microwave 1

**Answer**
Let's think step by step by following the instructions.
----------------------------------------

----------------------------------------

Original Response:
The task is to put a hot mug in the coffeemachine. To accomplish this, the agent must find a mug, heat it in the microwave, and then place it in the coffeemachine. In the provided image, we can see a microwave labeled "microwave 1" on "countertop 1". Since the agent does not need to use the microwave button or open the microwave to heat the object, the action of "go to countertop 1" seems the most relevant to the task, as it is the location of the microwave where the agent will heat the mug.

The answer is: (5): go to countertop 1.

----------------------------------------

----------------------------------------

>>> Refine Original VLM Response and Get Pure Action: go to countertop 1

----------------------------------------

-----------------------------------------------------------------

Running time: 11.590447187423706 seconds

Total Money: 8.349600000000006

-----------------------------------------------------------------

-----------------------------------------------------------------

Text Observation:You arrive at loc 4. On the countertop 1, you see a lettuce 1, a peppershaker 1, a soapbottle 1, a butterknife 1, and a spoon 1.

--------------------------------------------------------------------------------------------------------------------------task: 23---------------------------------------------------------
--------------------------------------------------------------------------------------------------------------------------------------------------------------------
--------------------------------------------------------------------------------------------------------------------------------------------------------------------
Step:--------------------------------------------------------------------------15-------------------------------------------------------------------------------
----------------------------------------
VLM Prompt:
Image1:
<image>
**Instruction**
1. Analyze the provided image to identify all visible household objects, focusing on those relevant to the task description "put a hot mug in coffeemachine."
2. Use the analysis of the image and the task hint "The agent must find an object of the desired type, pick it up, go to a microwave, heat the object with the microwave, then find the correct location to place it, and put it down there. The agent does not need to use the microwave button or open the microwave to heat the object, and the agent just needs to do action that is "heat the object with the microwave"." to answer the question: what is the most reasonable action in the choices for the task description "put a hot mug in coffeemachine"?
4. Decide and write the answer using the template: The answer is: (i): <selected_action>, where i is the real number. If there is no desired object in the image, search every place based on **Initial Observation** to find the object. And if no one is exactly correct, choose a similar answer.

**Initial Observation**
You are in the middle of a room. Looking quickly around you, you can see cabinet (1-15), fridge (1), countertop (1-4), drawer (1-4), microwave (1), toaster (1), coffeemachine (1), garbagecan (1), sink (1), stoveburner (1-3), sinkbasin (1)

**Answer Choices**
(1): go to cabinet 1
(2): go to cabinet 2
(3): go to cabinet 3
(4): go to fridge 1
(5): go to cabinet 4
(6): go to cabinet 5
(7): go to cabinet 6
(8): go to cabinet 7
(9): go to drawer 1
(10): go to drawer 2
(11): go to cabinet 8
(12): go to drawer 3
(13): go to cabinet 9
(14): go to cabinet 10
(15): go to drawer 4
(16): go to cabinet 11
(17): go to toaster 1
(18): go to cabinet 12
(19): go to cabinet 13
(20): go to cabinet 14
(21): go to cabinet 15
(22): go to countertop 2
(23): go to coffeemachine 1
(24): go to garbagecan 1
(25): go to countertop 3
(26): go to countertop 4
(27): go to sink 1
(28): go to stoveburner 1
(29): go to stoveburner 2
(30): go to stoveburner 3
(31): go to sinkbasin 1
(32): take lettuce 1 from countertop 1
(33): take peppershaker 1 from countertop 1
(34): take soapbottle 1 from countertop 1
(35): take butterknife 1 from countertop 1
(36): take spoon 1 from countertop 1
(37): examine countertop 1

**Answer**
Let's think step by step by following the instructions.
----------------------------------------

----------------------------------------

Original Response:
The task is to "put a hot mug in coffeemachine." To achieve this, we need to find a mug, heat it, and then place it in the coffeemachine. Since the image does not show any mugs, we will have to search other places. 

The initial observation lists all the places we can search. Since mugs are commonly found in cabinets or drawers in a kitchen, it is reasonable to search these locations first. The coffeemachine is already mentioned in the initial observation; once we find and heat the mug, we will go there.

The most reasonable action from the choices to find a mug would be to check the cabinets or drawers. Since we start checking from the lowest number, the answer would be:

The answer is: (1): go to cabinet 1

----------------------------------------

----------------------------------------

>>> Refine Original VLM Response and Get Pure Action: go to cabinet 1

----------------------------------------

-----------------------------------------------------------------

Running time: 11.197494745254517 seconds

Total Money: 8.369140000000005

-----------------------------------------------------------------

-----------------------------------------------------------------

Text Observation:You arrive at loc 0. The cabinet 1 is open. On the cabinet 1, you see a plate 2.

--------------------------------------------------------------------------------------------------------------------------task: 23---------------------------------------------------------
--------------------------------------------------------------------------------------------------------------------------------------------------------------------
--------------------------------------------------------------------------------------------------------------------------------------------------------------------
Step:--------------------------------------------------------------------------16-------------------------------------------------------------------------------
----------------------------------------
VLM Prompt:
Image1:
<image>
**Instruction**
1. Analyze the provided image to identify all visible household objects, focusing on those relevant to the task description "put a hot mug in coffeemachine."
2. Use the analysis of the image and the task hint "The agent must find an object of the desired type, pick it up, go to a microwave, heat the object with the microwave, then find the correct location to place it, and put it down there. The agent does not need to use the microwave button or open the microwave to heat the object, and the agent just needs to do action that is "heat the object with the microwave"." to answer the question: what is the most reasonable action in the choices for the task description "put a hot mug in coffeemachine"?
4. Decide and write the answer using the template: The answer is: (i): <selected_action>, where i is the real number. If there is no desired object in the image, search every place based on **Initial Observation** to find the object. And if no one is exactly correct, choose a similar answer.

**Initial Observation**
You are in the middle of a room. Looking quickly around you, you can see cabinet (1-15), fridge (1), countertop (1-4), drawer (1-4), microwave (1), toaster (1), coffeemachine (1), garbagecan (1), sink (1), stoveburner (1-3), sinkbasin (1)

**Answer Choices**
(1): go to cabinet 2
(2): go to cabinet 3
(3): go to fridge 1
(4): go to cabinet 4
(5): go to cabinet 5
(6): go to cabinet 6
(7): go to cabinet 7
(8): go to drawer 1
(9): go to drawer 2
(10): go to cabinet 8
(11): go to drawer 3
(12): go to cabinet 9
(13): go to cabinet 10
(14): go to drawer 4
(15): go to cabinet 11
(16): go to toaster 1
(17): go to cabinet 12
(18): go to cabinet 13
(19): go to cabinet 14
(20): go to cabinet 15
(21): go to countertop 2
(22): go to coffeemachine 1
(23): go to garbagecan 1
(24): go to countertop 3
(25): go to countertop 4
(26): go to sink 1
(27): go to stoveburner 1
(28): go to stoveburner 2
(29): go to stoveburner 3
(30): go to sinkbasin 1
(31): open cabinet 1
(32): close cabinet 1
(33): take plate 2 from cabinet 1
(34): examine cabinet 1

**Answer**
Let's think step by step by following the instructions.
----------------------------------------

----------------------------------------

Original Response:
The task is to put a hot mug in the coffeemachine. To achieve this, we need to find a mug, heat it in the microwave, and then place it in the coffeemachine. In the provided image, cabinet 1 is open and we see a plate inside, which is not relevant to the task. Therefore, we need to search for a mug.

Looking at the initial observation, there is no mention of a mug being visible in the immediate surroundings. Thus, we would need to search within cabinets, drawers, or on countertops where a mug could be stored. Since we need to find a mug before proceeding with heating it, the most reasonable action would be to start searching in the places where mugs are most likely to be found, which are usually cabinets or drawers near the coffeemachine.

Considering the answer choices, opening and searching through cabinets near the coffeemachine or the microwave would be a logical starting point. Since cabinet 1 is already open and does not contain a mug, we can eliminate choice (31) and (34). We also do not need to close cabinet 1, so we can eliminate choice (32). The choice of taking plate 2 from cabinet 1 (choice 33) is irrelevant to the task.

The answer is: (4): go to cabinet 4.

----------------------------------------

----------------------------------------

>>> Refine Original VLM Response and Get Pure Action: go to cabinet 4

----------------------------------------

-----------------------------------------------------------------

Running time: 16.12042236328125 seconds

Total Money: 8.391380000000005

-----------------------------------------------------------------

-----------------------------------------------------------------

Text Observation:You arrive at loc 5. The cabinet 4 is closed. 

--------------------------------------------------------------------------------------------------------------------------task: 23---------------------------------------------------------
--------------------------------------------------------------------------------------------------------------------------------------------------------------------
--------------------------------------------------------------------------------------------------------------------------------------------------------------------
Step:--------------------------------------------------------------------------17-------------------------------------------------------------------------------
----------------------------------------
VLM Prompt:
Image1:
<image>
**Instruction**
1. Analyze the provided image to identify all visible household objects, focusing on those relevant to the task description "put a hot mug in coffeemachine."
2. Use the analysis of the image and the task hint "The agent must find an object of the desired type, pick it up, go to a microwave, heat the object with the microwave, then find the correct location to place it, and put it down there. The agent does not need to use the microwave button or open the microwave to heat the object, and the agent just needs to do action that is "heat the object with the microwave"." to answer the question: what is the most reasonable action in the choices for the task description "put a hot mug in coffeemachine"?
4. Decide and write the answer using the template: The answer is: (i): <selected_action>, where i is the real number. If there is no desired object in the image, search every place based on **Initial Observation** to find the object. And if no one is exactly correct, choose a similar answer.

**Initial Observation**
You are in the middle of a room. Looking quickly around you, you can see cabinet (1-15), fridge (1), countertop (1-4), drawer (1-4), microwave (1), toaster (1), coffeemachine (1), garbagecan (1), sink (1), stoveburner (1-3), sinkbasin (1)

**Answer Choices**
(1): go to cabinet 2
(2): go to cabinet 3
(3): go to fridge 1
(4): go to cabinet 5
(5): go to cabinet 6
(6): go to cabinet 7
(7): go to drawer 1
(8): go to drawer 2
(9): go to cabinet 8
(10): go to drawer 3
(11): go to cabinet 9
(12): go to cabinet 10
(13): go to drawer 4
(14): go to microwave 1
(15): go to cabinet 11
(16): go to toaster 1
(17): go to cabinet 12
(18): go to cabinet 13
(19): go to cabinet 14
(20): go to cabinet 15
(21): go to countertop 2
(22): go to coffeemachine 1
(23): go to garbagecan 1
(24): go to countertop 3
(25): go to countertop 4
(26): go to sink 1
(27): go to stoveburner 1
(28): go to stoveburner 2
(29): go to stoveburner 3
(30): go to sinkbasin 1
(31): open cabinet 4
(32): close cabinet 4
(33): examine cabinet 4

**Answer**
Let's think step by step by following the instructions.
----------------------------------------

----------------------------------------

Original Response:
The task is to put a hot mug in the coffeemachine. Since there is no mug visible on the countertop in the image, the agent must search for it. Mugs are typically stored in cabinets or sometimes left in the dishwasher or drying rack near the sink after washing. Since the dishwasher and drying rack are not mentioned in the initial observation and none of the cabinets are visibly open in the image provided, the agent must look inside the cabinets.

The most reasonable action from the choices given would be to go to a cabinet where mugs are most likely stored. Cabinet 5 and 6 are under the countertop and are less likely to store mugs. Cabinet 7 is higher up and closer to where one might keep mugs. However, without specific knowledge of the contents of each cabinet, the agent would have to search each one.

The answer is: (6): go to cabinet 7.

----------------------------------------

----------------------------------------

>>> Refine Original VLM Response and Get Pure Action: go to cabinet 7

----------------------------------------

-----------------------------------------------------------------

Running time: 17.206334590911865 seconds

Total Money: 8.410950000000005

-----------------------------------------------------------------

-----------------------------------------------------------------

Text Observation:You arrive at loc 8. The cabinet 7 is closed. 

--------------------------------------------------------------------------------------------------------------------------task: 23---------------------------------------------------------
--------------------------------------------------------------------------------------------------------------------------------------------------------------------
--------------------------------------------------------------------------------------------------------------------------------------------------------------------
Step:--------------------------------------------------------------------------18-------------------------------------------------------------------------------
----------------------------------------
VLM Prompt:
Image1:
<image>
**Instruction**
1. Analyze the provided image to identify all visible household objects, focusing on those relevant to the task description "put a hot mug in coffeemachine."
2. Use the analysis of the image and the task hint "The agent must find an object of the desired type, pick it up, go to a microwave, heat the object with the microwave, then find the correct location to place it, and put it down there. The agent does not need to use the microwave button or open the microwave to heat the object, and the agent just needs to do action that is "heat the object with the microwave"." to answer the question: what is the most reasonable action in the choices for the task description "put a hot mug in coffeemachine"?
4. Decide and write the answer using the template: The answer is: (i): <selected_action>, where i is the real number. If there is no desired object in the image, search every place based on **Initial Observation** to find the object. And if no one is exactly correct, choose a similar answer.

**Initial Observation**
You are in the middle of a room. Looking quickly around you, you can see cabinet (1-15), fridge (1), countertop (1-4), drawer (1-4), microwave (1), toaster (1), coffeemachine (1), garbagecan (1), sink (1), stoveburner (1-3), sinkbasin (1)

**Answer Choices**
(1): go to cabinet 2
(2): go to cabinet 3
(3): go to fridge 1
(4): go to countertop 1
(5): go to cabinet 5
(6): go to cabinet 6
(7): go to drawer 1
(8): go to drawer 2
(9): go to cabinet 8
(10): go to drawer 3
(11): go to cabinet 9
(12): go to cabinet 10
(13): go to drawer 4
(14): go to microwave 1
(15): go to cabinet 11
(16): go to toaster 1
(17): go to cabinet 12
(18): go to cabinet 13
(19): go to cabinet 14
(20): go to cabinet 15
(21): go to countertop 2
(22): go to coffeemachine 1
(23): go to garbagecan 1
(24): go to countertop 3
(25): go to countertop 4
(26): go to sink 1
(27): go to stoveburner 1
(28): go to stoveburner 2
(29): go to stoveburner 3
(30): go to sinkbasin 1
(31): open cabinet 7
(32): close cabinet 7
(33): examine cabinet 7

**Answer**
Let's think step by step by following the instructions.
----------------------------------------

----------------------------------------

Original Response:
The task is to put a hot mug in the coffeemachine. To complete this task, the agent must find a mug, heat it in the microwave, and then put it in the coffeemachine. The image shows cabinet 7, cabinet 9, and cabinet 14, as well as a fridge, countertop, and some items on the countertop, including a butter knife and lettuce. Since mugs are typically found in cabinets or on countertops and none are visible on the countertop in the image, the agent should first check the cabinets.

None of the cabinets shown in the image are open, so the agent cannot see inside them to locate a mug. Therefore, the agent must search the cabinets based on the Initial Observation list provided. The image does not show a microwave, but since we know there is one from the Initial Observation list, the agent will need to go to the microwave eventually to heat the mug.

Based on the above analysis, the most reasonable action from the choices provided is to go to a cabinet that has not been shown in the image yet, as it might contain a mug. Once the agent has the mug, the next step would be to go to the microwave to heat it. However, since the image does not show the coffeemachine or the microwave, the agent must rely on the Initial Observation to determine their locations.

Given the task description and the information at hand, the most reasonable action to start with is to go to one of the cabinets not visible in the image to find a mug. Looking at the answer choices, we can eliminate all actions related to the visible cabinets (cabinet 7, 9, and 14), the countertop (since no mug is visible), and other irrelevant objects and locations.

The answer is: (1): go to cabinet 2. This action is chosen as it is the first cabinet that is not visible in the image, where a mug might be found. If the mug is not in cabinet 2, the agent can proceed to search other cabinets following the Initial Observation.

----------------------------------------

----------------------------------------

>>> Refine Original VLM Response and Get Pure Action: go to cabinet 2

----------------------------------------

-----------------------------------------------------------------

Running time: 22.19548010826111 seconds

Total Money: 8.437520000000005

-----------------------------------------------------------------

-----------------------------------------------------------------

Text Observation:You arrive at loc 1. The cabinet 2 is closed. 

--------------------------------------------------------------------------------------------------------------------------task: 23---------------------------------------------------------
--------------------------------------------------------------------------------------------------------------------------------------------------------------------
--------------------------------------------------------------------------------------------------------------------------------------------------------------------
Step:--------------------------------------------------------------------------19-------------------------------------------------------------------------------
----------------------------------------
VLM Prompt:
Image1:
<image>
**Instruction**
1. Analyze the provided image to identify all visible household objects, focusing on those relevant to the task description "put a hot mug in coffeemachine."
2. Use the analysis of the image and the task hint "The agent must find an object of the desired type, pick it up, go to a microwave, heat the object with the microwave, then find the correct location to place it, and put it down there. The agent does not need to use the microwave button or open the microwave to heat the object, and the agent just needs to do action that is "heat the object with the microwave"." to answer the question: what is the most reasonable action in the choices for the task description "put a hot mug in coffeemachine"?
4. Decide and write the answer using the template: The answer is: (i): <selected_action>, where i is the real number. If there is no desired object in the image, search every place based on **Initial Observation** to find the object. And if no one is exactly correct, choose a similar answer.

**Initial Observation**
You are in the middle of a room. Looking quickly around you, you can see cabinet (1-15), fridge (1), countertop (1-4), drawer (1-4), microwave (1), toaster (1), coffeemachine (1), garbagecan (1), sink (1), stoveburner (1-3), sinkbasin (1)

**Answer Choices**
(1): go to cabinet 1
(2): go to cabinet 3
(3): go to fridge 1
(4): go to countertop 1
(5): go to cabinet 5
(6): go to cabinet 6
(7): go to drawer 1
(8): go to drawer 2
(9): go to cabinet 8
(10): go to drawer 3
(11): go to cabinet 9
(12): go to cabinet 10
(13): go to drawer 4
(14): go to microwave 1
(15): go to cabinet 11
(16): go to toaster 1
(17): go to cabinet 12
(18): go to cabinet 13
(19): go to cabinet 14
(20): go to cabinet 15
(21): go to countertop 2
(22): go to coffeemachine 1
(23): go to garbagecan 1
(24): go to countertop 3
(25): go to countertop 4
(26): go to sink 1
(27): go to stoveburner 1
(28): go to stoveburner 2
(29): go to stoveburner 3
(30): go to sinkbasin 1
(31): open cabinet 2
(32): close cabinet 2
(33): examine cabinet 2

**Answer**
Let's think step by step by following the instructions.
----------------------------------------

----------------------------------------

Original Response:
The task description is "put a hot mug in coffeemachine." According to the task hint, the agent must first find a mug, heat it in the microwave, and then place it in the coffeemachine.

In the image provided, we can see two cabinets labeled "cabinet 2" and "cabinet 3." Since mugs are commonly kept in cabinets, it is logical to start by searching there. The task hint indicates that the agent does not need to interact with the microwave buttons or open the microwave; instead, they perform an action that symbolizes "heat the object with the microwave."

The most reasonable action from the answer choices, considering the task description and the initial observation, would be to first find a mug. Since we can only see two cabinets in the image, we should choose the action that leads us to one of them. Between cabinet 2 and cabinet 3, we do not have an explicit instruction to open cabinet 3, but we have an option to open cabinet 2.

The answer is: (31): open cabinet 2.

----------------------------------------

----------------------------------------

>>> Refine Original VLM Response and Get Pure Action: open cabinet 2

----------------------------------------

-----------------------------------------------------------------

Running time: 17.44379734992981 seconds

Total Money: 8.458150000000005

-----------------------------------------------------------------

-----------------------------------------------------------------

Text Observation:You open the cabinet 2. The cabinet 2 is open. In it, you see a plate 1.

-----------------------------------------------------------------