---------------------------------------------------------task: 2---------------------------------------------------------
--------------------------------------------------------------------------------------------------------------------------------------------------------------------
--------------------------------------------------------------------------------------------------------------------------------------------------------------------
Step:--------------------------------------------------------------------------0-------------------------------------------------------------------------------
----------------------------------------
VLM Prompt:
Image1:
<image>
**Instruction**
1. Analyze the provided images to identify all visible household objects and compare the difference between images (e.h. whether the object is opened or not and taken on hand or not), focusing on those relevant to the task description "examine the pen with the desklamp."
2. Use the analysis of images and the task hint "The agent must find an object of the desired type, locate and turn on a light source with the desired object in-hand." to answer the question: what is the most reasonable action in the choices for the task description "examine the pen with the desklamp"?
3. Decide and write the answer using the template: The answer is: (i): <selected_action>, where i is the real number. If there is no desired object in images, search every place based on **Initial Observation** to find the object. And if no one is exactly correct, choose a similar answer.

**Initial Observation**
You are in the middle of a room. Looking quickly around you, you can see bed (1-2), dresser (1), drawer (1-11), sidetable (1-2), desk (1), garbagecan (1), safe (1)

**Answer Choices**
(1): go to bed 1
(2): go to dresser 1
(3): go to bed 2
(4): go to drawer 1
(5): go to sidetable 1
(6): go to drawer 2
(7): go to sidetable 2
(8): go to drawer 3
(9): go to drawer 4
(10): go to desk 1
(11): go to garbagecan 1
(12): go to drawer 5
(13): go to drawer 6
(14): go to drawer 7
(15): go to drawer 8
(16): go to drawer 9
(17): go to drawer 10
(18): go to drawer 11
(19): go to safe 1


**Answer**
Let's think step by step by following the instructions.
----------------------------------------

----------------------------------------

Original Response:
Image Analysis:
- No pen or desklamp is visible in the provided image.
- The visible objects in the image are a portion of what appears to be a bed and a sidetable with a phone on it.

Task Hint Analysis:
- The task requires the agent to find a pen and examine it with the help of a desklamp.
- The agent must locate and turn on a light source, implying the desklamp, while having the desired object, the pen, in hand.

Based on the Initial Observation, the agent is in the middle of a room with various pieces of furniture listed.

The most reasonable action for the task description "examine the pen with the desklamp" would be to first locate the pen and then the desklamp. Since neither a pen nor a desklamp is visible in the provided image, the agent must search the listed furniture items where these objects are likely to be found. A pen is likely to be found on a desk or in a drawer, and a desklamp is likely to be on a desk or a sidetable.

The answer is: (10): go to desk 1. The desk is a likely location to find both a pen and a desklamp. If the pen is not found on the desk, the agent should then proceed to search the drawers. If the desklamp is not on the desk, the agent should check the sidetables.

----------------------------------------

----------------------------------------

>>> Refine Original VLM Response and Get Pure Action: go to desk 1

----------------------------------------

-----------------------------------------------------------------

Running time: 50.61546993255615 seconds

Total Money: 0.6870899999999999

-----------------------------------------------------------------

-----------------------------------------------------------------

Text Observation:You arrive at loc 9. On the desk 1, you see a bowl 1, a mug 1, and a pencil 1.

--------------------------------------------------------------------------------------------------------------------------task: 2---------------------------------------------------------
--------------------------------------------------------------------------------------------------------------------------------------------------------------------
--------------------------------------------------------------------------------------------------------------------------------------------------------------------
Step:--------------------------------------------------------------------------1-------------------------------------------------------------------------------
----------------------------------------
VLM Prompt:
Image1:
<image>
Image2:
<image>
**Instruction**
1. Analyze the provided images to identify all visible household objects and compare the difference between images (e.h. whether the object is opened or not and taken on hand or not), focusing on those relevant to the task description "examine the pen with the desklamp."
2. Use the analysis of images and the task hint "The agent must find an object of the desired type, locate and turn on a light source with the desired object in-hand." to answer the question: what is the most reasonable action in the choices for the task description "examine the pen with the desklamp"?
3. Decide and write the answer using the template: The answer is: (i): <selected_action>, where i is the real number. If there is no desired object in images, search every place based on **Initial Observation** to find the object. And if no one is exactly correct, choose a similar answer.

**Initial Observation**
You are in the middle of a room. Looking quickly around you, you can see bed (1-2), dresser (1), drawer (1-11), sidetable (1-2), desk (1), garbagecan (1), safe (1)

**Answer Choices**
(1): go to bed 1
(2): go to dresser 1
(3): go to bed 2
(4): go to drawer 1
(5): go to sidetable 1
(6): go to drawer 2
(7): go to sidetable 2
(8): go to drawer 3
(9): go to drawer 4
(10): go to garbagecan 1
(11): go to drawer 5
(12): go to drawer 6
(13): go to drawer 7
(14): go to drawer 8
(15): go to drawer 9
(16): go to drawer 10
(17): go to drawer 11
(18): go to safe 1
(19): take bowl 1 from desk 1
(20): take mug 1 from desk 1
(21): take pencil 1 from desk 1
(22): examine desk 1


**Answer**
Let's think step by step by following the instructions.
----------------------------------------

----------------------------------------

Original Response:
Image 1:
- No visible household objects on the desk.

Image 2:
- Visible household objects on the desk include a bowl, a mug, and a pencil.

Difference between images:
- In Image 2, the bowl, mug, and pencil are present on the desk, while in Image 1, they are not.

Task description analysis:
- The task is to "examine the pen with the desklamp." This means the agent needs to find a pen and a desklamp to examine the pen with light.

Task hint analysis:
- The agent must find a pen, locate and turn on a light source with the pen in hand to examine it.

Based on the initial observation, the desklamp is not mentioned, but it is reasonable to assume it might be on or near the desk since that's a common location for a desklamp.

Answer Choices analysis:
- Choices (1) through (18) involve going to various furniture pieces, which does not directly address the task of examining the pen with the desklamp.
- Choice (19) is to take the bowl, which is not relevant.
- Choice (20) is to take the mug, which is not relevant.
- Choice (21) is to take the pencil, but the task specifies a pen, not a pencil, so it may not be correct. However, it is common to confuse pens and pencils in casual speech, so it's still a potential action.
- Choice (22) is to examine the desk, which could lead to finding the pen and desklamp.

Considering all the details, the most reasonable action to accomplish the task would be to examine the desk, which may lead to finding both the pen and the desklamp. If the pen is indeed the pencil mentioned, then taking the pencil would be the next reasonable step.

The answer is: (22): examine desk 1

----------------------------------------

----------------------------------------

>>> Refine Original VLM Response and Get Pure Action: examine desk 1

----------------------------------------

-----------------------------------------------------------------

Running time: 14.190203189849854 seconds

Total Money: 0.7188399999999999

-----------------------------------------------------------------

-----------------------------------------------------------------

Text Observation:On the desk 1, you see a bowl 1, a mug 1, and a pencil 1.

--------------------------------------------------------------------------------------------------------------------------task: 2---------------------------------------------------------
--------------------------------------------------------------------------------------------------------------------------------------------------------------------
--------------------------------------------------------------------------------------------------------------------------------------------------------------------
Step:--------------------------------------------------------------------------2-------------------------------------------------------------------------------
----------------------------------------
VLM Prompt:
Image1:
<image>
Image2:
<image>
Image3:
<image>
**Instruction**
1. Analyze the provided images to identify all visible household objects and compare the difference between images (e.h. whether the object is opened or not and taken on hand or not), focusing on those relevant to the task description "examine the pen with the desklamp."
2. Use the analysis of images and the task hint "The agent must find an object of the desired type, locate and turn on a light source with the desired object in-hand." to answer the question: what is the most reasonable action in the choices for the task description "examine the pen with the desklamp"?
3. Decide and write the answer using the template: The answer is: (i): <selected_action>, where i is the real number. If there is no desired object in images, search every place based on **Initial Observation** to find the object. And if no one is exactly correct, choose a similar answer.

**Initial Observation**
You are in the middle of a room. Looking quickly around you, you can see bed (1-2), dresser (1), drawer (1-11), sidetable (1-2), desk (1), garbagecan (1), safe (1)

**Answer Choices**
(1): go to bed 1
(2): go to dresser 1
(3): go to bed 2
(4): go to drawer 1
(5): go to sidetable 1
(6): go to drawer 2
(7): go to sidetable 2
(8): go to drawer 3
(9): go to drawer 4
(10): go to garbagecan 1
(11): go to drawer 5
(12): go to drawer 6
(13): go to drawer 7
(14): go to drawer 8
(15): go to drawer 9
(16): go to drawer 10
(17): go to drawer 11
(18): go to safe 1
(19): take bowl 1 from desk 1
(20): take mug 1 from desk 1
(21): take pencil 1 from desk 1


**Answer**
Let's think step by step by following the instructions.
----------------------------------------

----------------------------------------

Original Response:
Firstly, analyzing the images, we can see that there are three objects visible on the desk in images 2 and 3: a bowl, a mug, and a pencil. There is no significant difference between images 2 and 3, as they appear to be identical. Image 1 does not show the desk's surface, so we cannot compare it with the other two images regarding the objects on the desk.

Next, considering the task description "examine the pen with the desklamp," we need to find a pen and a desklamp. However, among the visible objects in the images, there is no pen; instead, there is a pencil (pencil 1). Since the task hint suggests that the agent needs to find an object of the desired type (a pen or a similar writing instrument) and locate and turn on a light source with the desired object in-hand, the most reasonable action would be to take the pencil from the desk as it is the closest object to a pen and then look for the desklamp.

There is no desklamp visible in the images, and the task does not provide specific instructions for locating or identifying a desklamp. Therefore, we must rely on the initial observation, which mentions various furniture items but not a desklamp. Since the desklamp is typically found on a desk or a sidetable, we should consider checking these locations.

Out of the given answer choices, the only action related to the task of examining an object with a light source is taking the pencil from the desk, as it is the closest object to a pen.

The answer is: (21): take pencil 1 from desk 1.

----------------------------------------

----------------------------------------

>>> Refine Original VLM Response and Get Pure Action: take pencil 1 from desk 1

----------------------------------------

-----------------------------------------------------------------

Running time: 12.13599157333374 seconds

Total Money: 0.75691

-----------------------------------------------------------------

-----------------------------------------------------------------

Text Observation:You pick up the pencil 1 from the desk 1.

--------------------------------------------------------------------------------------------------------------------------task: 2---------------------------------------------------------
--------------------------------------------------------------------------------------------------------------------------------------------------------------------
--------------------------------------------------------------------------------------------------------------------------------------------------------------------
Step:--------------------------------------------------------------------------3-------------------------------------------------------------------------------
----------------------------------------
VLM Prompt:
Image1:
<image>
Image2:
<image>
Image3:
<image>
**Instruction**
1. Analyze the provided images to identify all visible household objects and compare the difference between images (e.h. whether the object is opened or not and taken on hand or not), focusing on those relevant to the task description "examine the pen with the desklamp."
2. Use the analysis of images and the task hint "The agent must find an object of the desired type, locate and turn on a light source with the desired object in-hand." to answer the question: what is the most reasonable action in the choices for the task description "examine the pen with the desklamp"?
3. Decide and write the answer using the template: The answer is: (i): <selected_action>, where i is the real number. If there is no desired object in images, search every place based on **Initial Observation** to find the object. And if no one is exactly correct, choose a similar answer.

**Initial Observation**
You are in the middle of a room. Looking quickly around you, you can see bed (1-2), dresser (1), drawer (1-11), sidetable (1-2), desk (1), garbagecan (1), safe (1)

**Answer Choices**
(1): go to bed 1
(2): go to dresser 1
(3): go to bed 2
(4): go to drawer 1
(5): go to sidetable 1
(6): go to drawer 2
(7): go to sidetable 2
(8): go to drawer 3
(9): go to drawer 4
(10): go to garbagecan 1
(11): go to drawer 5
(12): go to drawer 6
(13): go to drawer 7
(14): go to drawer 8
(15): go to drawer 9
(16): go to drawer 10
(17): go to drawer 11
(18): go to safe 1
(19): put pencil 1 in/on desk 1
(20): examine pencil 1


**Answer**
Let's think step by step by following the instructions.
----------------------------------------

----------------------------------------

Original Response:
1. Analyzing the images, we can see a pencil (which could be referred to as a pen in the task description) on a desk, a hat, and a mug. There is no visible difference between the images concerning the pencil. The pencil is not opened, taken in hand, or altered in any way. There is no desklamp visible in the images.

2. Based on the analysis, to complete the task "examine the pen with the desklamp," the agent must first locate a desklamp to examine the pen (pencil) with it. The task hint suggests finding a light source and turning it on with the desired object (pencil) in-hand. Since no desklamp is visible in the images, the agent should search the room to find one.

3. Using the Initial Observation, the agent must search around the room to find the desklamp. None of the answer choices directly involves finding or turning on a desklamp, so the agent must choose an action that involves searching for the desklamp in places it might be located, such as on a desk or sidetable.

The answer is: (5): go to sidetable 1

----------------------------------------

----------------------------------------

>>> Refine Original VLM Response and Get Pure Action: go to sidetable 1

----------------------------------------

-----------------------------------------------------------------

Running time: 14.728907346725464 seconds

Total Money: 0.79186

-----------------------------------------------------------------

-----------------------------------------------------------------

Text Observation:You arrive at loc 4. On the sidetable 1, you see a alarmclock 1.

--------------------------------------------------------------------------------------------------------------------------task: 2---------------------------------------------------------
--------------------------------------------------------------------------------------------------------------------------------------------------------------------
--------------------------------------------------------------------------------------------------------------------------------------------------------------------
Step:--------------------------------------------------------------------------4-------------------------------------------------------------------------------
----------------------------------------
VLM Prompt:
Image1:
<image>
Image2:
<image>
Image3:
<image>
**Instruction**
1. Analyze the provided images to identify all visible household objects and compare the difference between images (e.h. whether the object is opened or not and taken on hand or not), focusing on those relevant to the task description "examine the pen with the desklamp."
2. Use the analysis of images and the task hint "The agent must find an object of the desired type, locate and turn on a light source with the desired object in-hand." to answer the question: what is the most reasonable action in the choices for the task description "examine the pen with the desklamp"?
3. Decide and write the answer using the template: The answer is: (i): <selected_action>, where i is the real number. If there is no desired object in images, search every place based on **Initial Observation** to find the object. And if no one is exactly correct, choose a similar answer.

**Initial Observation**
You are in the middle of a room. Looking quickly around you, you can see bed (1-2), dresser (1), drawer (1-11), sidetable (1-2), desk (1), garbagecan (1), safe (1)

**Answer Choices**
(1): go to bed 1
(2): go to dresser 1
(3): go to bed 2
(4): go to drawer 1
(5): go to drawer 2
(6): go to sidetable 2
(7): go to drawer 3
(8): go to drawer 4
(9): go to desk 1
(10): go to garbagecan 1
(11): go to drawer 5
(12): go to drawer 6
(13): go to drawer 7
(14): go to drawer 8
(15): go to drawer 9
(16): go to drawer 10
(17): go to drawer 11
(18): go to safe 1
(19): put pencil 1 in/on sidetable 1
(20): examine pencil 1
(21): examine sidetable 1


**Answer**
Let's think step by step by following the instructions.
----------------------------------------

----------------------------------------

Original Response:
Image Analysis:
- In all three images, a pencil (referred to as a pen in the task description) is visible on the desk.
- There is no desklamp visible in any of the images.
- The pencil remains in the same position in images 1 and 2, but image 3 is taken from a different angle, showing the pencil from above.

Task Hint Analysis:
- The task requires the agent to find a desklamp to examine the pencil with it.
- The agent needs to locate and turn on a light source, presumably the desklamp, while holding the pencil.

Given the task description "examine the pen with the desklamp" and the hint provided, the most reasonable action would be to first locate the desklamp. Since the desklamp is not visible in any of the images, the agent must search the room to find it. 

Based on the **Initial Observation**, the most likely places a desklamp could be located are on or near the desk or the sidetables, as these are common locations for desklamps in a room. The agent is already at the desk where the pencil is located, so the next logical step would be to check the sidetables for a desklamp.

The answer is: (6): go to sidetable 2.

----------------------------------------

----------------------------------------

>>> Refine Original VLM Response and Get Pure Action: go to sidetable 2

----------------------------------------

-----------------------------------------------------------------

Running time: 23.607567071914673 seconds

Total Money: 0.82774

-----------------------------------------------------------------

-----------------------------------------------------------------

Text Observation:You arrive at loc 6. On the sidetable 2, you see a pillow 1, a desklamp 1, a keychain 1, a pencil 2, and a creditcard 1.

--------------------------------------------------------------------------------------------------------------------------task: 2---------------------------------------------------------
--------------------------------------------------------------------------------------------------------------------------------------------------------------------
--------------------------------------------------------------------------------------------------------------------------------------------------------------------
Step:--------------------------------------------------------------------------5-------------------------------------------------------------------------------
----------------------------------------
VLM Prompt:
Image1:
<image>
Image2:
<image>
Image3:
<image>
**Instruction**
1. Analyze the provided images to identify all visible household objects and compare the difference between images (e.h. whether the object is opened or not and taken on hand or not), focusing on those relevant to the task description "examine the pen with the desklamp."
2. Use the analysis of images and the task hint "The agent must find an object of the desired type, locate and turn on a light source with the desired object in-hand." to answer the question: what is the most reasonable action in the choices for the task description "examine the pen with the desklamp"?
3. Decide and write the answer using the template: The answer is: (i): <selected_action>, where i is the real number. If there is no desired object in images, search every place based on **Initial Observation** to find the object. And if no one is exactly correct, choose a similar answer.

**Initial Observation**
You are in the middle of a room. Looking quickly around you, you can see bed (1-2), dresser (1), drawer (1-11), sidetable (1-2), desk (1), garbagecan (1), safe (1)

**Answer Choices**
(1): go to bed 1
(2): go to dresser 1
(3): go to bed 2
(4): go to drawer 1
(5): go to drawer 2
(6): go to drawer 3
(7): go to drawer 4
(8): go to desk 1
(9): go to garbagecan 1
(10): go to drawer 5
(11): go to drawer 6
(12): go to drawer 7
(13): go to drawer 8
(14): go to drawer 9
(15): go to drawer 10
(16): go to drawer 11
(17): go to safe 1
(18): put pencil 1 in/on sidetable 2
(19): use desklamp 1
(20): examine pencil 1
(21): examine sidetable 2


**Answer**
Let's think step by step by following the instructions.
----------------------------------------

----------------------------------------

Original Response:
1. In Image 1, we can see a desk with a pencil, a cap, and a mug on it. In Image 2, the mug and cap are removed, and the pencil remains on the desk. In Image 3, we see the same desk with a pencil, but now there is also a lamp and a notepad with a pen on top of the desk. The desk lamp appears to be turned off.

2. Based on the task description "examine the pen with the desklamp," the agent must find a pen, which is visible in Image 3 on the desk, and then locate and turn on a light source, which is the desk lamp also visible in Image 3.

3. The most reasonable action for the task "examine the pen with the desklamp" would be to first go to the desk where the pen and desklamp are located, and then use the desklamp to examine the pen. 

The answer is: (19): use desklamp 1.

----------------------------------------

----------------------------------------

>>> Refine Original VLM Response and Get Pure Action: use desklamp 1

----------------------------------------

-----------------------------------------------------------------

Running time: 11.441537141799927 seconds

Total Money: 0.86182

-----------------------------------------------------------------

-----------------------------------------------------------------

Text Observation:You turn on the desklamp 1.

-----------------------------------------------------------------