---------------------------------------------------------task: 23---------------------------------------------------------
--------------------------------------------------------------------------------------------------------------------------------------------------------------------
--------------------------------------------------------------------------------------------------------------------------------------------------------------------
Step:--------------------------------------------------------------------------0-------------------------------------------------------------------------------
----------------------------------------
VLM Prompt:
Image1:
<image>
**Instruction**
1. Analyze the provided images to identify all visible household objects and compare the difference between images (e.h. whether the object is opened or not and taken on hand or not), focusing on those relevant to the task description "put a hot mug in coffeemachine."
2. Use the analysis of images and the task hint "The agent must find an object of the desired type, pick it up, go to a microwave, heat the object with the microwave, then find the correct location to place it, and put it down there. The agent does not need to use the microwave button or open the microwave to heat the object, and the agent just needs to do action that is "heat the object with the microwave"." to answer the question: what is the most reasonable action in the choices for the task description "put a hot mug in coffeemachine"?
3. Decide and write the answer using the template: The answer is: (i): <selected_action>, where i is the real number. If there is no desired object in images, search every place based on **Initial Observation** to find the object. And if no one is exactly correct, choose a similar answer.

**Initial Observation**
You are in the middle of a room. Looking quickly around you, you can see cabinet (1-15), fridge (1), countertop (1-4), drawer (1-4), microwave (1), toaster (1), coffeemachine (1), garbagecan (1), sink (1), stoveburner (1-3), sinkbasin (1)

**Answer Choices**
(1): go to cabinet 1
(2): go to cabinet 2
(3): go to cabinet 3
(4): go to fridge 1
(5): go to countertop 1
(6): go to cabinet 4
(7): go to cabinet 5
(8): go to cabinet 6
(9): go to cabinet 7
(10): go to drawer 1
(11): go to drawer 2
(12): go to cabinet 8
(13): go to drawer 3
(14): go to cabinet 9
(15): go to cabinet 10
(16): go to drawer 4
(17): go to microwave 1
(18): go to cabinet 11
(19): go to toaster 1
(20): go to cabinet 12
(21): go to cabinet 13
(22): go to cabinet 14
(23): go to cabinet 15
(24): go to countertop 2
(25): go to coffeemachine 1
(26): go to garbagecan 1
(27): go to countertop 3
(28): go to countertop 4
(29): go to sink 1
(30): go to stoveburner 1
(31): go to stoveburner 2
(32): go to stoveburner 3
(33): go to sinkbasin 1


**Answer**
Let's think step by step by following the instructions.
----------------------------------------

----------------------------------------

Original Response:
Image 1 shows a kitchen with a countertop, a sink, and a coffeemachine. The coffeemachine is visible on the countertop, but there is no mug visible in the image. 

Based on the task description "put a hot mug in coffeemachine," the most reasonable action would be to first find a mug. Since none is visible in the image provided, we need to search every place based on the Initial Observation to find the object. 

The places where we might find a mug could be in the cabinets, drawers, or possibly on the countertop. The microwave is also mentioned, which is relevant for heating the mug once we find it.

Given the answer choices, we can disregard actions related to the fridge, toaster, garbage can, sink, stove burner, and sink basin, as these are not likely places to find a mug. The most reasonable action would be to search the cabinets and drawers first.

Since there is no specific indication of where the mug might be found, we should choose a starting point that is closest to the coffeemachine and microwave for efficiency. 

The answer is: (5): go to countertop 1. This action is chosen as it is the closest location to the coffeemachine where a mug might be placed. If the mug is not found there, we will continue to search the cabinets and drawers.

----------------------------------------

----------------------------------------

>>> Refine Original VLM Response and Get Pure Action: go to countertop 1

----------------------------------------

-----------------------------------------------------------------

Running time: 11.550732851028442 seconds

Total Money: 11.481600000000004

-----------------------------------------------------------------

-----------------------------------------------------------------

Text Observation:You arrive at loc 4. On the countertop 1, you see a lettuce 1, a peppershaker 1, a soapbottle 1, a butterknife 1, and a spoon 1.

--------------------------------------------------------------------------------------------------------------------------task: 23---------------------------------------------------------
--------------------------------------------------------------------------------------------------------------------------------------------------------------------
--------------------------------------------------------------------------------------------------------------------------------------------------------------------
Step:--------------------------------------------------------------------------1-------------------------------------------------------------------------------
----------------------------------------
VLM Prompt:
Image1:
<image>
Image2:
<image>
**Instruction**
1. Analyze the provided images to identify all visible household objects and compare the difference between images (e.h. whether the object is opened or not and taken on hand or not), focusing on those relevant to the task description "put a hot mug in coffeemachine."
2. Use the analysis of images and the task hint "The agent must find an object of the desired type, pick it up, go to a microwave, heat the object with the microwave, then find the correct location to place it, and put it down there. The agent does not need to use the microwave button or open the microwave to heat the object, and the agent just needs to do action that is "heat the object with the microwave"." to answer the question: what is the most reasonable action in the choices for the task description "put a hot mug in coffeemachine"?
3. Decide and write the answer using the template: The answer is: (i): <selected_action>, where i is the real number. If there is no desired object in images, search every place based on **Initial Observation** to find the object. And if no one is exactly correct, choose a similar answer.

**Initial Observation**
You are in the middle of a room. Looking quickly around you, you can see cabinet (1-15), fridge (1), countertop (1-4), drawer (1-4), microwave (1), toaster (1), coffeemachine (1), garbagecan (1), sink (1), stoveburner (1-3), sinkbasin (1)

**Answer Choices**
(1): go to cabinet 1
(2): go to cabinet 2
(3): go to cabinet 3
(4): go to fridge 1
(5): go to cabinet 4
(6): go to cabinet 5
(7): go to cabinet 6
(8): go to cabinet 7
(9): go to drawer 1
(10): go to drawer 2
(11): go to cabinet 8
(12): go to drawer 3
(13): go to cabinet 9
(14): go to cabinet 10
(15): go to drawer 4
(16): go to microwave 1
(17): go to cabinet 11
(18): go to toaster 1
(19): go to cabinet 12
(20): go to cabinet 13
(21): go to cabinet 14
(22): go to cabinet 15
(23): go to countertop 2
(24): go to coffeemachine 1
(25): go to garbagecan 1
(26): go to countertop 3
(27): go to countertop 4
(28): go to sink 1
(29): go to stoveburner 1
(30): go to stoveburner 2
(31): go to stoveburner 3
(32): go to sinkbasin 1
(33): take lettuce 1 from countertop 1
(34): take peppershaker 1 from countertop 1
(35): take soapbottle 1 from countertop 1
(36): take butterknife 1 from countertop 1
(37): take spoon 1 from countertop 1
(38): examine countertop 1


**Answer**
Let's think step by step by following the instructions.
----------------------------------------

----------------------------------------

Original Response:
Image Analysis:
In Image 1, we can see a sink, a sinkbasin, and a coffeemachine on countertop 1. There is no mug visible in this image.
In Image 2, we can see a peppershaker and a lettuce on countertop 1. Again, there is no mug visible in this image.

Task Analysis:
According to the task description "put a hot mug in coffeemachine," we need to find a mug, possibly heat it in the microwave, and then place it in the coffeemachine. However, there is no mug visible on the countertops in the provided images.

Initial Observation:
Based on the initial observation, there are several locations where a mug could be found, such as cabinets, drawers, or possibly even the microwave.

Answer Choices:
We need to find a mug, which is not visible on the countertop. Therefore, we should look in places where a mug is likely to be stored, such as cabinets or drawers. The microwave is also mentioned, but since we need to find the mug first before heating it, we should not go there yet.

The most reasonable action to find a mug would be to search the cabinets or drawers. Since no specific cabinet or drawer is indicated to have a higher likelihood of containing a mug, we can start by checking one of them.

The answer is: (1): go to cabinet 1

----------------------------------------

----------------------------------------

>>> Refine Original VLM Response and Get Pure Action: go to cabinet 1

----------------------------------------

-----------------------------------------------------------------

Running time: 13.29218077659607 seconds

Total Money: 11.512760000000004

-----------------------------------------------------------------

-----------------------------------------------------------------

Text Observation:You arrive at loc 0. The cabinet 1 is closed. 

--------------------------------------------------------------------------------------------------------------------------task: 23---------------------------------------------------------
--------------------------------------------------------------------------------------------------------------------------------------------------------------------
--------------------------------------------------------------------------------------------------------------------------------------------------------------------
Step:--------------------------------------------------------------------------2-------------------------------------------------------------------------------
----------------------------------------
VLM Prompt:
Image1:
<image>
Image2:
<image>
**Instruction**
1. Analyze the provided images to identify all visible household objects and compare the difference between images (e.h. whether the object is opened or not and taken on hand or not), focusing on those relevant to the task description "put a hot mug in coffeemachine."
2. Use the analysis of images and the task hint "The agent must find an object of the desired type, pick it up, go to a microwave, heat the object with the microwave, then find the correct location to place it, and put it down there. The agent does not need to use the microwave button or open the microwave to heat the object, and the agent just needs to do action that is "heat the object with the microwave"." to answer the question: what is the most reasonable action in the choices for the task description "put a hot mug in coffeemachine"?
3. Decide and write the answer using the template: The answer is: (i): <selected_action>, where i is the real number. If there is no desired object in images, search every place based on **Initial Observation** to find the object. And if no one is exactly correct, choose a similar answer.

**Initial Observation**
You are in the middle of a room. Looking quickly around you, you can see cabinet (1-15), fridge (1), countertop (1-4), drawer (1-4), microwave (1), toaster (1), coffeemachine (1), garbagecan (1), sink (1), stoveburner (1-3), sinkbasin (1)

**Answer Choices**
(1): go to cabinet 2
(2): go to cabinet 3
(3): go to fridge 1
(4): go to cabinet 4
(5): go to cabinet 5
(6): go to cabinet 6
(7): go to cabinet 7
(8): go to drawer 1
(9): go to drawer 2
(10): go to cabinet 8
(11): go to drawer 3
(12): go to cabinet 9
(13): go to cabinet 10
(14): go to drawer 4
(15): go to microwave 1
(16): go to cabinet 11
(17): go to toaster 1
(18): go to cabinet 12
(19): go to cabinet 13
(20): go to cabinet 14
(21): go to cabinet 15
(22): go to countertop 2
(23): go to coffeemachine 1
(24): go to garbagecan 1
(25): go to countertop 3
(26): go to countertop 4
(27): go to sink 1
(28): go to stoveburner 1
(29): go to stoveburner 2
(30): go to stoveburner 3
(31): go to sinkbasin 1
(32): open cabinet 1
(33): close cabinet 1
(34): examine cabinet 1


**Answer**
Let's think step by step by following the instructions.
----------------------------------------

----------------------------------------

Original Response:
First, we analyze the images. Image 1 shows a countertop with a pepper grinder, a green vegetable, and a transparent object that appears to be a mug or glass. Image 2 shows a closed cabinet. There is no visible microwave or coffee machine in these images.

Considering the task "put a hot mug in coffeemachine," we need to find a mug, heat it, and place it in the coffee machine. Since there is no mug visible in the cabinet (Image 2), and the transparent object on the countertop (Image 1) could be a mug, the most reasonable action would be to check the countertops.

The task hint suggests that we do not need to interact with the microwave or open it; we just need to perform the action to "heat the object with the microwave." Therefore, we don't need to open any cabinets or drawers to search for a microwave. We can assume that the agent knows where the microwave is located.

Based on the Initial Observation, there are multiple countertops to check. The transparent object that could be a mug is on a countertop, but we do not know which numbered countertop it is. Therefore, we should check all countertops.

The answer is: (22): go to countertop 2,
(25): go to countertop 3,
(26): go to countertop 4.

These actions are the most reasonable to find a mug, assuming the transparent object on the countertop is the mug we need to heat and put in the coffee machine. If it is not found on these countertops, we should continue to search the remaining countertops.

----------------------------------------

----------------------------------------

>>> Refine Original VLM Response and Get Pure Action: go to countertop 2,
(25): go to countertop 3,
(26): go to countertop 4

----------------------------------------

-----------------------------------------------------------------

Running time: 13.715351819992065 seconds

Total Money: 11.544610000000004

-----------------------------------------------------------------

-----------------------------------------------------------------

Text Observation:Nothing happens.

--------------------------------------------------------------------------------------------------------------------------task: 23---------------------------------------------------------
--------------------------------------------------------------------------------------------------------------------------------------------------------------------
--------------------------------------------------------------------------------------------------------------------------------------------------------------------
Step:--------------------------------------------------------------------------3-------------------------------------------------------------------------------
----------------------------------------
VLM Prompt:
Image1:
<image>
Image2:
<image>
**Instruction**
1. Analyze the provided images to identify all visible household objects and compare the difference between images (e.h. whether the object is opened or not and taken on hand or not), focusing on those relevant to the task description "put a hot mug in coffeemachine."
2. Use the analysis of images and the task hint "The agent must find an object of the desired type, pick it up, go to a microwave, heat the object with the microwave, then find the correct location to place it, and put it down there. The agent does not need to use the microwave button or open the microwave to heat the object, and the agent just needs to do action that is "heat the object with the microwave"." to answer the question: what is the most reasonable action in the choices for the task description "put a hot mug in coffeemachine"?
3. Decide and write the answer using the template: The answer is: (i): <selected_action>, where i is the real number. If there is no desired object in images, search every place based on **Initial Observation** to find the object. And if no one is exactly correct, choose a similar answer.

**Initial Observation**
You are in the middle of a room. Looking quickly around you, you can see cabinet (1-15), fridge (1), countertop (1-4), drawer (1-4), microwave (1), toaster (1), coffeemachine (1), garbagecan (1), sink (1), stoveburner (1-3), sinkbasin (1)

**Answer Choices**
(1): go to cabinet 2
(2): go to cabinet 3
(3): go to fridge 1
(4): go to cabinet 4
(5): go to cabinet 5
(6): go to cabinet 6
(7): go to cabinet 7
(8): go to drawer 1
(9): go to drawer 2
(10): go to cabinet 8
(11): go to drawer 3
(12): go to cabinet 9
(13): go to cabinet 10
(14): go to drawer 4
(15): go to microwave 1
(16): go to cabinet 11
(17): go to toaster 1
(18): go to cabinet 12
(19): go to cabinet 13
(20): go to cabinet 14
(21): go to cabinet 15
(22): go to countertop 2
(23): go to coffeemachine 1
(24): go to garbagecan 1
(25): go to countertop 3
(26): go to countertop 4
(27): go to sink 1
(28): go to stoveburner 1
(29): go to stoveburner 2
(30): go to stoveburner 3
(31): go to sinkbasin 1
(32): open cabinet 1
(33): close cabinet 1
(34): examine cabinet 1


**Answer**
Let's think step by step by following the instructions.
----------------------------------------

----------------------------------------

Original Response:
The task description is "put a hot mug in coffeemachine," which implies that the agent needs to find a mug, heat it, and then place it in the coffeemachine.

Analyzing the provided images, there are no visible household objects that can be identified as a mug or a coffeemachine. Both images appear to be identical and show a closed cabinet door, which does not provide any information about the contents inside or the location of the coffeemachine.

Based on the Initial Observation, the agent is in a room with various household objects, including a microwave and a coffeemachine. To complete the task, the agent must first find a mug. Mugs are commonly found in cabinets or drawers in a kitchen.

Since the images do not show a mug or indicate which cabinet or drawer might contain one, the agent should search the likely locations for a mug based on the Initial Observation list. The coffeemachine is mentioned in the list, so we know its location (coffeemachine 1).

Considering the task hint about using the microwave to heat the object without the need to open the microwave or use the button, the most reasonable action is to first find a mug. Once the mug is found and heated with the microwave, the agent can then go to the coffeemachine to complete the task.

Since the images do not provide any clues and we need to find a mug, the most reasonable action from the answer choices is to search the cabinets and drawers where a mug is most likely to be found. Starting with the cabinets closest to the coffeemachine might be the most efficient strategy.

The answer is: (1): go to cabinet 2

----------------------------------------

----------------------------------------

>>> Refine Original VLM Response and Get Pure Action: go to cabinet 2

----------------------------------------

-----------------------------------------------------------------

Running time: 26.169902801513672 seconds

Total Money: 11.576700000000004

-----------------------------------------------------------------

-----------------------------------------------------------------

Text Observation:You arrive at loc 1. The cabinet 2 is closed. 

--------------------------------------------------------------------------------------------------------------------------task: 23---------------------------------------------------------
--------------------------------------------------------------------------------------------------------------------------------------------------------------------
--------------------------------------------------------------------------------------------------------------------------------------------------------------------
Step:--------------------------------------------------------------------------4-------------------------------------------------------------------------------
----------------------------------------
VLM Prompt:
Image1:
<image>
Image2:
<image>
**Instruction**
1. Analyze the provided images to identify all visible household objects and compare the difference between images (e.h. whether the object is opened or not and taken on hand or not), focusing on those relevant to the task description "put a hot mug in coffeemachine."
2. Use the analysis of images and the task hint "The agent must find an object of the desired type, pick it up, go to a microwave, heat the object with the microwave, then find the correct location to place it, and put it down there. The agent does not need to use the microwave button or open the microwave to heat the object, and the agent just needs to do action that is "heat the object with the microwave"." to answer the question: what is the most reasonable action in the choices for the task description "put a hot mug in coffeemachine"?
3. Decide and write the answer using the template: The answer is: (i): <selected_action>, where i is the real number. If there is no desired object in images, search every place based on **Initial Observation** to find the object. And if no one is exactly correct, choose a similar answer.

**Initial Observation**
You are in the middle of a room. Looking quickly around you, you can see cabinet (1-15), fridge (1), countertop (1-4), drawer (1-4), microwave (1), toaster (1), coffeemachine (1), garbagecan (1), sink (1), stoveburner (1-3), sinkbasin (1)

**Answer Choices**
(1): go to cabinet 3
(2): go to fridge 1
(3): go to countertop 1
(4): go to cabinet 4
(5): go to cabinet 5
(6): go to cabinet 6
(7): go to cabinet 7
(8): go to drawer 1
(9): go to drawer 2
(10): go to cabinet 8
(11): go to drawer 3
(12): go to cabinet 9
(13): go to cabinet 10
(14): go to drawer 4
(15): go to microwave 1
(16): go to cabinet 11
(17): go to toaster 1
(18): go to cabinet 12
(19): go to cabinet 13
(20): go to cabinet 14
(21): go to cabinet 15
(22): go to countertop 2
(23): go to coffeemachine 1
(24): go to garbagecan 1
(25): go to countertop 3
(26): go to countertop 4
(27): go to sink 1
(28): go to stoveburner 1
(29): go to stoveburner 2
(30): go to stoveburner 3
(31): go to sinkbasin 1
(32): open cabinet 2
(33): close cabinet 2
(34): examine cabinet 2


**Answer**
Let's think step by step by following the instructions.
----------------------------------------

----------------------------------------

Original Response:
Image Analysis:
- Image1: Displays a closed cabinet (appears to be cabinet 2 based on the numbering in initial observation).
- Image2: Displays the same cabinet (cabinet 2) in an open state.

Comparison:
- The visible difference between the images is the state of the cabinet (closed in Image1 and open in Image2).

Task Analysis:
- For the task "put a hot mug in coffeemachine," the agent needs to find a mug, heat it in the microwave, and then place it in the coffeemachine.
- Since the images provided only show a closed and then opened cabinet, there is no direct evidence of a mug or coffeemachine.
- Based on the initial observation, we need to search for a mug, potentially in the cabinets, drawers, or on the countertops, then use the microwave to heat it.

Based on the images and task description, the most reasonable action is to first locate a mug. The opened cabinet in Image2 could contain mugs, but we cannot confirm this without examining the content.

The answer is: (34): examine cabinet 2

This action will allow the agent to check the content of cabinet 2, which is currently open and may contain the mug needed for the task. If a mug is found, the agent can then proceed to heat it in the microwave and continue with the task. If no mug is found, the agent should search other locations based on the initial observation.

----------------------------------------

----------------------------------------

>>> Refine Original VLM Response and Get Pure Action: examine cabinet 2

This action will allow the agent to check the content of cabinet 2, which is currently open and may contain the mug needed for the task

----------------------------------------

-----------------------------------------------------------------

Running time: 44.13259291648865 seconds

Total Money: 11.607660000000005

-----------------------------------------------------------------

-----------------------------------------------------------------

Text Observation:Nothing happens.

--------------------------------------------------------------------------------------------------------------------------task: 23---------------------------------------------------------
--------------------------------------------------------------------------------------------------------------------------------------------------------------------
--------------------------------------------------------------------------------------------------------------------------------------------------------------------
Step:--------------------------------------------------------------------------5-------------------------------------------------------------------------------
----------------------------------------
VLM Prompt:
Image1:
<image>
Image2:
<image>
**Instruction**
1. Analyze the provided images to identify all visible household objects and compare the difference between images (e.h. whether the object is opened or not and taken on hand or not), focusing on those relevant to the task description "put a hot mug in coffeemachine."
2. Use the analysis of images and the task hint "The agent must find an object of the desired type, pick it up, go to a microwave, heat the object with the microwave, then find the correct location to place it, and put it down there. The agent does not need to use the microwave button or open the microwave to heat the object, and the agent just needs to do action that is "heat the object with the microwave"." to answer the question: what is the most reasonable action in the choices for the task description "put a hot mug in coffeemachine"?
3. Decide and write the answer using the template: The answer is: (i): <selected_action>, where i is the real number. If there is no desired object in images, search every place based on **Initial Observation** to find the object. And if no one is exactly correct, choose a similar answer.

**Initial Observation**
You are in the middle of a room. Looking quickly around you, you can see cabinet (1-15), fridge (1), countertop (1-4), drawer (1-4), microwave (1), toaster (1), coffeemachine (1), garbagecan (1), sink (1), stoveburner (1-3), sinkbasin (1)

**Answer Choices**
(1): go to cabinet 1
(2): go to cabinet 3
(3): go to fridge 1
(4): go to countertop 1
(5): go to cabinet 4
(6): go to cabinet 5
(7): go to cabinet 6
(8): go to cabinet 7
(9): go to drawer 1
(10): go to drawer 2
(11): go to cabinet 8
(12): go to drawer 3
(13): go to cabinet 9
(14): go to cabinet 10
(15): go to drawer 4
(16): go to microwave 1
(17): go to cabinet 11
(18): go to toaster 1
(19): go to cabinet 12
(20): go to cabinet 13
(21): go to cabinet 14
(22): go to cabinet 15
(23): go to countertop 2
(24): go to coffeemachine 1
(25): go to garbagecan 1
(26): go to countertop 3
(27): go to countertop 4
(28): go to sink 1
(29): go to stoveburner 1
(30): go to stoveburner 2
(31): go to stoveburner 3
(32): go to sinkbasin 1
(33): open cabinet 2
(34): close cabinet 2
(35): examine cabinet 2


**Answer**
Let's think step by step by following the instructions.
----------------------------------------

----------------------------------------

Original Response:
The provided images show two views of what appears to be cabinet 2. There is no visible change between Image1 and Image2, meaning the cabinet is not opened or interacted with in any way.

Based on the task description "put a hot mug in coffeemachine" and the hint provided, the agent needs to find a mug, heat it in the microwave, and then place it in the coffeemachine. Since the images do not show a mug or any other objects, we must rely on the Initial Observation to guide our actions.

The answer is not to open or close cabinet 2, as we are not instructed to look for something inside it, nor to examine cabinet 2, as it does not seem to be relevant to our current task.

The most reasonable action to begin with would be to find a mug, which would likely be stored in a cabinet or on a countertop. The action that involves going to the microwave (16) is also relevant, but we need to find the mug first before we can heat it.

Since there is no clear indication of which cabinet or countertop the mug might be on, we must search every place based on the Initial Observation. The cabinets are the most likely place to find a mug, so we should start by looking there.

The answer is: (1): go to cabinet 1. If the mug is not there, we would continue to search the cabinets in numerical order until we find it.

----------------------------------------

----------------------------------------

>>> Refine Original VLM Response and Get Pure Action: go to cabinet 1

----------------------------------------

-----------------------------------------------------------------

Running time: 12.455782651901245 seconds

Total Money: 11.638650000000004

-----------------------------------------------------------------

-----------------------------------------------------------------

Text Observation:You arrive at loc 0. The cabinet 1 is closed. 

--------------------------------------------------------------------------------------------------------------------------task: 23---------------------------------------------------------
--------------------------------------------------------------------------------------------------------------------------------------------------------------------
--------------------------------------------------------------------------------------------------------------------------------------------------------------------
Step:--------------------------------------------------------------------------6-------------------------------------------------------------------------------
----------------------------------------
VLM Prompt:
Image1:
<image>
Image2:
<image>
**Instruction**
1. Analyze the provided images to identify all visible household objects and compare the difference between images (e.h. whether the object is opened or not and taken on hand or not), focusing on those relevant to the task description "put a hot mug in coffeemachine."
2. Use the analysis of images and the task hint "The agent must find an object of the desired type, pick it up, go to a microwave, heat the object with the microwave, then find the correct location to place it, and put it down there. The agent does not need to use the microwave button or open the microwave to heat the object, and the agent just needs to do action that is "heat the object with the microwave"." to answer the question: what is the most reasonable action in the choices for the task description "put a hot mug in coffeemachine"?
3. Decide and write the answer using the template: The answer is: (i): <selected_action>, where i is the real number. If there is no desired object in images, search every place based on **Initial Observation** to find the object. And if no one is exactly correct, choose a similar answer.

**Initial Observation**
You are in the middle of a room. Looking quickly around you, you can see cabinet (1-15), fridge (1), countertop (1-4), drawer (1-4), microwave (1), toaster (1), coffeemachine (1), garbagecan (1), sink (1), stoveburner (1-3), sinkbasin (1)

**Answer Choices**
(1): go to cabinet 3
(2): go to fridge 1
(3): go to countertop 1
(4): go to cabinet 4
(5): go to cabinet 5
(6): go to cabinet 6
(7): go to cabinet 7
(8): go to drawer 1
(9): go to drawer 2
(10): go to cabinet 8
(11): go to drawer 3
(12): go to cabinet 9
(13): go to cabinet 10
(14): go to drawer 4
(15): go to microwave 1
(16): go to cabinet 11
(17): go to toaster 1
(18): go to cabinet 12
(19): go to cabinet 13
(20): go to cabinet 14
(21): go to cabinet 15
(22): go to countertop 2
(23): go to coffeemachine 1
(24): go to garbagecan 1
(25): go to countertop 3
(26): go to countertop 4
(27): go to sink 1
(28): go to stoveburner 1
(29): go to stoveburner 2
(30): go to stoveburner 3
(31): go to sinkbasin 1
(32): open cabinet 1
(33): close cabinet 1
(34): examine cabinet 1


**Answer**
Let's think step by step by following the instructions.
----------------------------------------

----------------------------------------

Original Response:
The provided images show a closed cabinet, specifically cabinet 1, from two different angles. There is no mug visible in either image, so we must search for the mug based on the initial observation.

Since the task is to put a hot mug in the coffeemachine, the agent must first find a mug. It's reasonable to assume that a mug might be found in a cabinet near other kitchen items like cups or plates. Among the answer choices, the agent can explore various cabinets to search for a mug.

After finding a mug, the agent must heat it in the microwave, as per the task hint. Therefore, the agent will go to microwave 1 to complete this part of the task.

Lastly, the agent must put the hot mug in the coffeemachine. Therefore, the final action will be to go to coffeemachine 1.

Since the images do not show any mug, the agent must search for it. Cabinets are likely places to find a mug, so the agent should check the cabinets first. Given the options available, the most reasonable first action would be to search the cabinets closest to the coffeemachine for efficiency. The closest cabinet to the coffeemachine that we can see in the choices provided would likely be cabinet 3 or cabinet 4, as they are often positioned above or near these appliances in a kitchen setting.

The answer is: (1): go to cabinet 3

----------------------------------------

----------------------------------------

>>> Refine Original VLM Response and Get Pure Action: go to cabinet 3

----------------------------------------

-----------------------------------------------------------------

Running time: 34.139644145965576 seconds

Total Money: 11.669250000000003

-----------------------------------------------------------------

-----------------------------------------------------------------

Text Observation:You arrive at loc 2. The cabinet 3 is closed. 

--------------------------------------------------------------------------------------------------------------------------task: 23---------------------------------------------------------
--------------------------------------------------------------------------------------------------------------------------------------------------------------------
--------------------------------------------------------------------------------------------------------------------------------------------------------------------
Step:--------------------------------------------------------------------------7-------------------------------------------------------------------------------
----------------------------------------
VLM Prompt:
Image1:
<image>
Image2:
<image>
**Instruction**
1. Analyze the provided images to identify all visible household objects and compare the difference between images (e.h. whether the object is opened or not and taken on hand or not), focusing on those relevant to the task description "put a hot mug in coffeemachine."
2. Use the analysis of images and the task hint "The agent must find an object of the desired type, pick it up, go to a microwave, heat the object with the microwave, then find the correct location to place it, and put it down there. The agent does not need to use the microwave button or open the microwave to heat the object, and the agent just needs to do action that is "heat the object with the microwave"." to answer the question: what is the most reasonable action in the choices for the task description "put a hot mug in coffeemachine"?
3. Decide and write the answer using the template: The answer is: (i): <selected_action>, where i is the real number. If there is no desired object in images, search every place based on **Initial Observation** to find the object. And if no one is exactly correct, choose a similar answer.

**Initial Observation**
You are in the middle of a room. Looking quickly around you, you can see cabinet (1-15), fridge (1), countertop (1-4), drawer (1-4), microwave (1), toaster (1), coffeemachine (1), garbagecan (1), sink (1), stoveburner (1-3), sinkbasin (1)

**Answer Choices**
(1): go to cabinet 2
(2): go to fridge 1
(3): go to countertop 1
(4): go to cabinet 4
(5): go to cabinet 5
(6): go to cabinet 6
(7): go to cabinet 7
(8): go to drawer 1
(9): go to drawer 2
(10): go to cabinet 8
(11): go to drawer 3
(12): go to cabinet 9
(13): go to cabinet 10
(14): go to drawer 4
(15): go to microwave 1
(16): go to cabinet 11
(17): go to toaster 1
(18): go to cabinet 12
(19): go to cabinet 13
(20): go to cabinet 14
(21): go to cabinet 15
(22): go to countertop 2
(23): go to coffeemachine 1
(24): go to garbagecan 1
(25): go to countertop 3
(26): go to countertop 4
(27): go to sink 1
(28): go to stoveburner 1
(29): go to stoveburner 2
(30): go to stoveburner 3
(31): go to sinkbasin 1
(32): open cabinet 3
(33): close cabinet 3
(34): examine cabinet 3


**Answer**
Let's think step by step by following the instructions.
----------------------------------------

----------------------------------------

Original Response:
Firstly, we need to analyze the images provided to identify any visible household objects. In Image 1 and Image 2, we can see a wooden cabinet (cabinet 3) from below. The only difference between the two images is that in Image 2, the cabinet appears to be slightly open, while in Image 1, it is closed. 

Based on the task description "put a hot mug in coffeemachine," we need to find a mug, heat it in a microwave, and then place it in the coffeemachine. However, there are no mugs visible in either of the provided images. Therefore, we must search every place based on the **Initial Observation** to find the object.

Since we are looking for a mug, it's likely to be found in a cabinet or on a countertop. The microwave is also mentioned as a necessary step for heating the mug. The coffeemachine is the final destination where the hot mug needs to be placed.

Considering the answer choices and the task description, the most reasonable action would be to first find the mug. It is common to store mugs in cabinets or drawers near the coffeemachine for easy access. Therefore, we should check the cabinets and drawers first. Since cabinet 3 is the only cabinet mentioned in the images and is partially open, it makes sense to start there.

The answer is: (34): examine cabinet 3.

----------------------------------------

----------------------------------------

>>> Refine Original VLM Response and Get Pure Action: examine cabinet 3

----------------------------------------

-----------------------------------------------------------------

Running time: 14.794265270233154 seconds

Total Money: 11.699940000000003

-----------------------------------------------------------------

-----------------------------------------------------------------

Text Observation:

--------------------------------------------------------------------------------------------------------------------------task: 23---------------------------------------------------------
--------------------------------------------------------------------------------------------------------------------------------------------------------------------
--------------------------------------------------------------------------------------------------------------------------------------------------------------------
Step:--------------------------------------------------------------------------8-------------------------------------------------------------------------------
----------------------------------------
VLM Prompt:
Image1:
<image>
Image2:
<image>
**Instruction**
1. Analyze the provided images to identify all visible household objects and compare the difference between images (e.h. whether the object is opened or not and taken on hand or not), focusing on those relevant to the task description "put a hot mug in coffeemachine."
2. Use the analysis of images and the task hint "The agent must find an object of the desired type, pick it up, go to a microwave, heat the object with the microwave, then find the correct location to place it, and put it down there. The agent does not need to use the microwave button or open the microwave to heat the object, and the agent just needs to do action that is "heat the object with the microwave"." to answer the question: what is the most reasonable action in the choices for the task description "put a hot mug in coffeemachine"?
3. Decide and write the answer using the template: The answer is: (i): <selected_action>, where i is the real number. If there is no desired object in images, search every place based on **Initial Observation** to find the object. And if no one is exactly correct, choose a similar answer.

**Initial Observation**
You are in the middle of a room. Looking quickly around you, you can see cabinet (1-15), fridge (1), countertop (1-4), drawer (1-4), microwave (1), toaster (1), coffeemachine (1), garbagecan (1), sink (1), stoveburner (1-3), sinkbasin (1)

**Answer Choices**
(1): go to cabinet 2
(2): go to fridge 1
(3): go to countertop 1
(4): go to cabinet 4
(5): go to cabinet 5
(6): go to cabinet 6
(7): go to cabinet 7
(8): go to drawer 1
(9): go to drawer 2
(10): go to cabinet 8
(11): go to drawer 3
(12): go to cabinet 9
(13): go to cabinet 10
(14): go to drawer 4
(15): go to microwave 1
(16): go to cabinet 11
(17): go to toaster 1
(18): go to cabinet 12
(19): go to cabinet 13
(20): go to cabinet 14
(21): go to cabinet 15
(22): go to countertop 2
(23): go to coffeemachine 1
(24): go to garbagecan 1
(25): go to countertop 3
(26): go to countertop 4
(27): go to sink 1
(28): go to stoveburner 1
(29): go to stoveburner 2
(30): go to stoveburner 3
(31): go to sinkbasin 1
(32): open cabinet 3
(33): close cabinet 3


**Answer**
Let's think step by step by following the instructions.
----------------------------------------

----------------------------------------

Original Response:
The provided images show cabinet 3, which appears to be closed in both images. There is no visible difference between the two images, and no other household objects are visible in the provided images. Since the task description is to put a hot mug in the coffeemachine, and the analysis of images does not show any mugs or the coffeemachine, we need to search every place based on the Initial Observation to find the mug and the coffeemachine.

Based on the task hint, the agent must first find a mug, heat it in the microwave, and then place it in the coffeemachine. Since the images do not provide any information about the location of the mug, we must rely on the Initial Observation list to decide the most reasonable action. Looking at the list, the coffeemachine is mentioned, so we can assume it is present in the room. However, the mug is not explicitly mentioned, so we must choose a location where a mug is likely to be found.

Cabinets and drawers are common places where mugs are stored. Since cabinet 3 is already in the images and appears to be closed, it makes sense to start there.

The answer is: (32): open cabinet 3

----------------------------------------

----------------------------------------

>>> Refine Original VLM Response and Get Pure Action: open cabinet 3

----------------------------------------

-----------------------------------------------------------------

Running time: 11.15921139717102 seconds

Total Money: 11.729320000000003

-----------------------------------------------------------------

-----------------------------------------------------------------

Text Observation:You open the cabinet 3. The cabinet 3 is open. In it, you see nothing.

--------------------------------------------------------------------------------------------------------------------------task: 23---------------------------------------------------------
--------------------------------------------------------------------------------------------------------------------------------------------------------------------
--------------------------------------------------------------------------------------------------------------------------------------------------------------------
Step:--------------------------------------------------------------------------9-------------------------------------------------------------------------------
----------------------------------------
VLM Prompt:
Image1:
<image>
Image2:
<image>
**Instruction**
1. Analyze the provided images to identify all visible household objects and compare the difference between images (e.h. whether the object is opened or not and taken on hand or not), focusing on those relevant to the task description "put a hot mug in coffeemachine."
2. Use the analysis of images and the task hint "The agent must find an object of the desired type, pick it up, go to a microwave, heat the object with the microwave, then find the correct location to place it, and put it down there. The agent does not need to use the microwave button or open the microwave to heat the object, and the agent just needs to do action that is "heat the object with the microwave"." to answer the question: what is the most reasonable action in the choices for the task description "put a hot mug in coffeemachine"?
3. Decide and write the answer using the template: The answer is: (i): <selected_action>, where i is the real number. If there is no desired object in images, search every place based on **Initial Observation** to find the object. And if no one is exactly correct, choose a similar answer.

**Initial Observation**
You are in the middle of a room. Looking quickly around you, you can see cabinet (1-15), fridge (1), countertop (1-4), drawer (1-4), microwave (1), toaster (1), coffeemachine (1), garbagecan (1), sink (1), stoveburner (1-3), sinkbasin (1)

**Answer Choices**
(1): go to cabinet 1
(2): go to cabinet 2
(3): go to fridge 1
(4): go to countertop 1
(5): go to cabinet 4
(6): go to cabinet 5
(7): go to cabinet 6
(8): go to cabinet 7
(9): go to drawer 1
(10): go to drawer 2
(11): go to cabinet 8
(12): go to drawer 3
(13): go to cabinet 9
(14): go to cabinet 10
(15): go to drawer 4
(16): go to microwave 1
(17): go to cabinet 11
(18): go to toaster 1
(19): go to cabinet 12
(20): go to cabinet 13
(21): go to cabinet 14
(22): go to cabinet 15
(23): go to countertop 2
(24): go to coffeemachine 1
(25): go to garbagecan 1
(26): go to countertop 3
(27): go to countertop 4
(28): go to sink 1
(29): go to stoveburner 1
(30): go to stoveburner 2
(31): go to stoveburner 3
(32): go to sinkbasin 1
(33): close cabinet 3
(34): take nothing from cabinet 3


**Answer**
Let's think step by step by following the instructions.
----------------------------------------

----------------------------------------

Original Response:
Image Analysis:
- Image 1 shows a closed wooden cabinet, which seems like cabinet 3 based on the numbering provided in the initial observation.
- Image 2 shows the same wooden cabinet but it is open, revealing the inside which is empty.

Task Description Analysis:
- The task is to "put a hot mug in coffeemachine," which implies that we need to find a mug, heat it in the microwave, and then place it in the coffeemachine.
- The hint provided mentions that the agent just needs to perform the action "heat the object with the microwave" without specifically opening the microwave or using the button.

Based on the analysis, the most logical step to accomplish the task description would be to first find a mug. Since neither image shows a mug, we must search other places.

Considering the initial observation, which mentions the location of various objects, the mug is most likely to be found in a cabinet or on a countertop rather than in places like the fridge or drawers which typically don't store mugs. Additionally, since we have already seen inside cabinet 3 and it is empty, we can rule out that option.

The answer is: (4): go to countertop 1. This choice is selected because countertops are common places to place mugs temporarily, especially if one needs to be heated and then placed in a coffeemachine. If the mug is not found on countertop 1, the next reasonable locations to check would be the other countertops or cabinets near the coffeemachine or microwave.

----------------------------------------

----------------------------------------

>>> Refine Original VLM Response and Get Pure Action: go to countertop 1

----------------------------------------

-----------------------------------------------------------------

Running time: 12.12117862701416 seconds

Total Money: 11.760670000000003

-----------------------------------------------------------------

-----------------------------------------------------------------

Text Observation:You arrive at loc 4. On the countertop 1, you see a lettuce 1, a peppershaker 1, a soapbottle 1, a butterknife 1, and a spoon 1.

--------------------------------------------------------------------------------------------------------------------------task: 23---------------------------------------------------------
--------------------------------------------------------------------------------------------------------------------------------------------------------------------
--------------------------------------------------------------------------------------------------------------------------------------------------------------------
Step:--------------------------------------------------------------------------10-------------------------------------------------------------------------------
----------------------------------------
VLM Prompt:
Image1:
<image>
Image2:
<image>
**Instruction**
1. Analyze the provided images to identify all visible household objects and compare the difference between images (e.h. whether the object is opened or not and taken on hand or not), focusing on those relevant to the task description "put a hot mug in coffeemachine."
2. Use the analysis of images and the task hint "The agent must find an object of the desired type, pick it up, go to a microwave, heat the object with the microwave, then find the correct location to place it, and put it down there. The agent does not need to use the microwave button or open the microwave to heat the object, and the agent just needs to do action that is "heat the object with the microwave"." to answer the question: what is the most reasonable action in the choices for the task description "put a hot mug in coffeemachine"?
3. Decide and write the answer using the template: The answer is: (i): <selected_action>, where i is the real number. If there is no desired object in images, search every place based on **Initial Observation** to find the object. And if no one is exactly correct, choose a similar answer.

**Initial Observation**
You are in the middle of a room. Looking quickly around you, you can see cabinet (1-15), fridge (1), countertop (1-4), drawer (1-4), microwave (1), toaster (1), coffeemachine (1), garbagecan (1), sink (1), stoveburner (1-3), sinkbasin (1)

**Answer Choices**
(1): go to cabinet 1
(2): go to cabinet 2
(3): go to cabinet 3
(4): go to fridge 1
(5): go to cabinet 4
(6): go to cabinet 5
(7): go to cabinet 6
(8): go to cabinet 7
(9): go to drawer 1
(10): go to drawer 2
(11): go to cabinet 8
(12): go to drawer 3
(13): go to cabinet 9
(14): go to cabinet 10
(15): go to drawer 4
(16): go to microwave 1
(17): go to cabinet 11
(18): go to toaster 1
(19): go to cabinet 12
(20): go to cabinet 13
(21): go to cabinet 14
(22): go to cabinet 15
(23): go to countertop 2
(24): go to coffeemachine 1
(25): go to garbagecan 1
(26): go to countertop 3
(27): go to countertop 4
(28): go to sink 1
(29): go to stoveburner 1
(30): go to stoveburner 2
(31): go to stoveburner 3
(32): go to sinkbasin 1
(33): take lettuce 1 from countertop 1
(34): take peppershaker 1 from countertop 1
(35): take soapbottle 1 from countertop 1
(36): take butterknife 1 from countertop 1
(37): take spoon 1 from countertop 1
(38): examine countertop 1


**Answer**
Let's think step by step by following the instructions.
----------------------------------------

----------------------------------------

Original Response:
First, we analyze the provided images to identify all visible household objects and compare the difference between images. In Image 1, we see an open empty cabinet. In Image 2, we see countertop 1 with a pepper shaker and lettuce on it.

Next, we use the analysis of images and the task hint to answer the question. The task description "put a hot mug in coffeemachine" implies we need to find a mug, heat it in the microwave, and then place it in the coffeemachine.

From the Initial Observation, we know there is a microwave (1) and a coffeemachine (1) in the room, but we do not see a mug in the provided images. Therefore, the agent must search for a mug.

Looking at the answer choices, none directly mention finding or taking a mug. However, mugs are often kept in cabinets or drawers in a kitchen. Since the agent must find an object of the desired type (a mug in this case), the most reasonable action would be to search the cabinets.

The answer is: (1): go to cabinet 1. If the mug is not found there, the agent should continue to search the cabinets and drawers systematically until the mug is found.

----------------------------------------

----------------------------------------

>>> Refine Original VLM Response and Get Pure Action: go to cabinet 1

----------------------------------------

-----------------------------------------------------------------

Running time: 14.186011552810669 seconds

Total Money: 11.790900000000002

-----------------------------------------------------------------

-----------------------------------------------------------------

Text Observation:You arrive at loc 0. The cabinet 1 is closed. 

--------------------------------------------------------------------------------------------------------------------------task: 23---------------------------------------------------------
--------------------------------------------------------------------------------------------------------------------------------------------------------------------
--------------------------------------------------------------------------------------------------------------------------------------------------------------------
Step:--------------------------------------------------------------------------11-------------------------------------------------------------------------------
----------------------------------------
VLM Prompt:
Image1:
<image>
Image2:
<image>
**Instruction**
1. Analyze the provided images to identify all visible household objects and compare the difference between images (e.h. whether the object is opened or not and taken on hand or not), focusing on those relevant to the task description "put a hot mug in coffeemachine."
2. Use the analysis of images and the task hint "The agent must find an object of the desired type, pick it up, go to a microwave, heat the object with the microwave, then find the correct location to place it, and put it down there. The agent does not need to use the microwave button or open the microwave to heat the object, and the agent just needs to do action that is "heat the object with the microwave"." to answer the question: what is the most reasonable action in the choices for the task description "put a hot mug in coffeemachine"?
3. Decide and write the answer using the template: The answer is: (i): <selected_action>, where i is the real number. If there is no desired object in images, search every place based on **Initial Observation** to find the object. And if no one is exactly correct, choose a similar answer.

**Initial Observation**
You are in the middle of a room. Looking quickly around you, you can see cabinet (1-15), fridge (1), countertop (1-4), drawer (1-4), microwave (1), toaster (1), coffeemachine (1), garbagecan (1), sink (1), stoveburner (1-3), sinkbasin (1)

**Answer Choices**
(1): go to cabinet 2
(2): go to cabinet 3
(3): go to fridge 1
(4): go to cabinet 4
(5): go to cabinet 5
(6): go to cabinet 6
(7): go to cabinet 7
(8): go to drawer 1
(9): go to drawer 2
(10): go to cabinet 8
(11): go to drawer 3
(12): go to cabinet 9
(13): go to cabinet 10
(14): go to drawer 4
(15): go to microwave 1
(16): go to cabinet 11
(17): go to toaster 1
(18): go to cabinet 12
(19): go to cabinet 13
(20): go to cabinet 14
(21): go to cabinet 15
(22): go to countertop 2
(23): go to coffeemachine 1
(24): go to garbagecan 1
(25): go to countertop 3
(26): go to countertop 4
(27): go to sink 1
(28): go to stoveburner 1
(29): go to stoveburner 2
(30): go to stoveburner 3
(31): go to sinkbasin 1
(32): open cabinet 1
(33): close cabinet 1
(34): examine cabinet 1


**Answer**
Let's think step by step by following the instructions.
----------------------------------------

----------------------------------------

Original Response:
Image Analysis:
In Image 1, we see a countertop with a pepper shaker and a green vegetable (possibly lettuce). No mug is visible in this image.
In Image 2, we see cabinet 1, which is closed.

Task Analysis:
The task requires us to "put a hot mug in coffeemachine." To accomplish this, we first need to find a mug, heat it in the microwave, and then place it in the coffeemachine. The task hint clarifies that we do not need to use the microwave button or open the microwave to heat the object; we need to perform the action "heat the object with the microwave."

Action Analysis:
Since no mug is visible in the images, we need to search for it. Based on the Initial Observation, the mug is likely to be found in a cabinet or on a countertop. The coffeemachine is mentioned in the list, so we know its location. The microwave is also mentioned, which is needed to heat the mug.

Considering the task description and the Initial Observation list, the most reasonable action to begin with is to find the mug. However, none of the answer choices involves picking up or heating a mug. Since we need to find a mug first, the most logical choice would be to check the cabinets, as they are common storage places for mugs.

The answer is: (1): go to cabinet 2

----------------------------------------

----------------------------------------

>>> Refine Original VLM Response and Get Pure Action: go to cabinet 2

----------------------------------------

-----------------------------------------------------------------

Running time: 14.877034902572632 seconds

Total Money: 11.821460000000002

-----------------------------------------------------------------

-----------------------------------------------------------------

Text Observation:You arrive at loc 1. The cabinet 2 is closed. 

--------------------------------------------------------------------------------------------------------------------------task: 23---------------------------------------------------------
--------------------------------------------------------------------------------------------------------------------------------------------------------------------
--------------------------------------------------------------------------------------------------------------------------------------------------------------------
Step:--------------------------------------------------------------------------12-------------------------------------------------------------------------------
----------------------------------------
VLM Prompt:
Image1:
<image>
Image2:
<image>
**Instruction**
1. Analyze the provided images to identify all visible household objects and compare the difference between images (e.h. whether the object is opened or not and taken on hand or not), focusing on those relevant to the task description "put a hot mug in coffeemachine."
2. Use the analysis of images and the task hint "The agent must find an object of the desired type, pick it up, go to a microwave, heat the object with the microwave, then find the correct location to place it, and put it down there. The agent does not need to use the microwave button or open the microwave to heat the object, and the agent just needs to do action that is "heat the object with the microwave"." to answer the question: what is the most reasonable action in the choices for the task description "put a hot mug in coffeemachine"?
3. Decide and write the answer using the template: The answer is: (i): <selected_action>, where i is the real number. If there is no desired object in images, search every place based on **Initial Observation** to find the object. And if no one is exactly correct, choose a similar answer.

**Initial Observation**
You are in the middle of a room. Looking quickly around you, you can see cabinet (1-15), fridge (1), countertop (1-4), drawer (1-4), microwave (1), toaster (1), coffeemachine (1), garbagecan (1), sink (1), stoveburner (1-3), sinkbasin (1)

**Answer Choices**
(1): go to cabinet 3
(2): go to fridge 1
(3): go to cabinet 4
(4): go to cabinet 5
(5): go to cabinet 6
(6): go to cabinet 7
(7): go to drawer 1
(8): go to drawer 2
(9): go to cabinet 8
(10): go to drawer 3
(11): go to cabinet 9
(12): go to cabinet 10
(13): go to drawer 4
(14): go to microwave 1
(15): go to cabinet 11
(16): go to toaster 1
(17): go to cabinet 12
(18): go to cabinet 13
(19): go to cabinet 14
(20): go to cabinet 15
(21): go to countertop 2
(22): go to coffeemachine 1
(23): go to garbagecan 1
(24): go to countertop 3
(25): go to countertop 4
(26): go to sink 1
(27): go to stoveburner 1
(28): go to stoveburner 2
(29): go to stoveburner 3
(30): go to sinkbasin 1
(31): open cabinet 2
(32): close cabinet 2
(33): examine cabinet 2


**Answer**
Let's think step by step by following the instructions.
----------------------------------------

----------------------------------------

Original Response:
Image Analysis:
- Image 1 shows a closed cabinet (cabinet 2).
- Image 2 shows the same cabinet (cabinet 2) now opened, revealing its interior with no visible mug or object relevant to the task.

Task Description Analysis:
- The task is to "put a hot mug in coffeemachine."
- Based on the task hint, the agent must find a mug, heat it in the microwave, and then place it in the coffeemachine.

Initial Observation:
- The locations mentioned where a mug could possibly be found are cabinet (1-15), drawer (1-4), and countertop (1-4).

Answer Choices Analysis:
- The agent should look for a mug first. Since the images show cabinet 2, and it is empty, we can rule out the actions related to cabinet 2 (31, 32, 33).
- The agent should not go to the microwave (14) yet, as it has not found a mug to heat.
- The agent should not go to the coffeemachine (22) yet, as it does not have the hot mug.

Most Reasonable Action:
- The most reasonable action is to search for a mug in the remaining cabinets, drawers, or countertops.

The answer is: (1): go to cabinet 3.

----------------------------------------

----------------------------------------

>>> Refine Original VLM Response and Get Pure Action: go to cabinet 3

----------------------------------------

-----------------------------------------------------------------

Running time: 11.45223093032837 seconds

Total Money: 11.851420000000003

-----------------------------------------------------------------

-----------------------------------------------------------------

Text Observation:You arrive at loc 2. The cabinet 3 is open. On the cabinet 3, you see nothing.

--------------------------------------------------------------------------------------------------------------------------task: 23---------------------------------------------------------
--------------------------------------------------------------------------------------------------------------------------------------------------------------------
--------------------------------------------------------------------------------------------------------------------------------------------------------------------
Step:--------------------------------------------------------------------------13-------------------------------------------------------------------------------
----------------------------------------
VLM Prompt:
Image1:
<image>
Image2:
<image>
**Instruction**
1. Analyze the provided images to identify all visible household objects and compare the difference between images (e.h. whether the object is opened or not and taken on hand or not), focusing on those relevant to the task description "put a hot mug in coffeemachine."
2. Use the analysis of images and the task hint "The agent must find an object of the desired type, pick it up, go to a microwave, heat the object with the microwave, then find the correct location to place it, and put it down there. The agent does not need to use the microwave button or open the microwave to heat the object, and the agent just needs to do action that is "heat the object with the microwave"." to answer the question: what is the most reasonable action in the choices for the task description "put a hot mug in coffeemachine"?
3. Decide and write the answer using the template: The answer is: (i): <selected_action>, where i is the real number. If there is no desired object in images, search every place based on **Initial Observation** to find the object. And if no one is exactly correct, choose a similar answer.

**Initial Observation**
You are in the middle of a room. Looking quickly around you, you can see cabinet (1-15), fridge (1), countertop (1-4), drawer (1-4), microwave (1), toaster (1), coffeemachine (1), garbagecan (1), sink (1), stoveburner (1-3), sinkbasin (1)

**Answer Choices**
(1): go to fridge 1
(2): go to countertop 1
(3): go to cabinet 4
(4): go to cabinet 5
(5): go to cabinet 6
(6): go to cabinet 7
(7): go to drawer 1
(8): go to drawer 2
(9): go to cabinet 8
(10): go to drawer 3
(11): go to cabinet 9
(12): go to cabinet 10
(13): go to drawer 4
(14): go to microwave 1
(15): go to cabinet 11
(16): go to toaster 1
(17): go to cabinet 12
(18): go to cabinet 13
(19): go to cabinet 14
(20): go to cabinet 15
(21): go to countertop 2
(22): go to coffeemachine 1
(23): go to garbagecan 1
(24): go to countertop 3
(25): go to countertop 4
(26): go to sink 1
(27): go to stoveburner 1
(28): go to stoveburner 2
(29): go to stoveburner 3
(30): go to sinkbasin 1
(31): open cabinet 3
(32): close cabinet 3
(33): take nothing from cabinet 3
(34): examine cabinet 3


**Answer**
Let's think step by step by following the instructions.
----------------------------------------

----------------------------------------

Original Response:
Image Analysis:
- Image 1 shows a closed cabinet with wood texture.
- Image 2 shows the same cabinet 3, but now it is open, revealing an empty space with no objects inside.

Task Description Analysis:
- The task is to put a hot mug in the coffeemachine.
- According to the task hint, the agent must find a mug, heat it in the microwave, and then place it in the coffeemachine.

Based on the Initial Observation, the most logical locations to find a mug would be in a cabinet or on a countertop, not inside a fridge, drawer, or other appliances.

Since Image 1 and Image 2 show cabinet 3, and it is empty, we can exclude options related to cabinet 3 (31, 32, 33, 34).

Based on the provided information and the task at hand, the most reasonable action would be to search for a mug in a location where mugs are likely to be stored, such as another cabinet or on a countertop.

The answer is: (3): go to cabinet 4

----------------------------------------

----------------------------------------

>>> Refine Original VLM Response and Get Pure Action: go to cabinet 4

----------------------------------------

-----------------------------------------------------------------

Running time: 16.392492532730103 seconds

Total Money: 11.880110000000002

-----------------------------------------------------------------

-----------------------------------------------------------------

Text Observation:You arrive at loc 5. The cabinet 4 is closed. 

--------------------------------------------------------------------------------------------------------------------------task: 23---------------------------------------------------------
--------------------------------------------------------------------------------------------------------------------------------------------------------------------
--------------------------------------------------------------------------------------------------------------------------------------------------------------------
Step:--------------------------------------------------------------------------14-------------------------------------------------------------------------------
----------------------------------------
VLM Prompt:
Image1:
<image>
Image2:
<image>
**Instruction**
1. Analyze the provided images to identify all visible household objects and compare the difference between images (e.h. whether the object is opened or not and taken on hand or not), focusing on those relevant to the task description "put a hot mug in coffeemachine."
2. Use the analysis of images and the task hint "The agent must find an object of the desired type, pick it up, go to a microwave, heat the object with the microwave, then find the correct location to place it, and put it down there. The agent does not need to use the microwave button or open the microwave to heat the object, and the agent just needs to do action that is "heat the object with the microwave"." to answer the question: what is the most reasonable action in the choices for the task description "put a hot mug in coffeemachine"?
3. Decide and write the answer using the template: The answer is: (i): <selected_action>, where i is the real number. If there is no desired object in images, search every place based on **Initial Observation** to find the object. And if no one is exactly correct, choose a similar answer.

**Initial Observation**
You are in the middle of a room. Looking quickly around you, you can see cabinet (1-15), fridge (1), countertop (1-4), drawer (1-4), microwave (1), toaster (1), coffeemachine (1), garbagecan (1), sink (1), stoveburner (1-3), sinkbasin (1)

**Answer Choices**
(1): go to cabinet 1
(2): go to fridge 1
(3): go to countertop 1
(4): go to cabinet 5
(5): go to cabinet 6
(6): go to cabinet 7
(7): go to drawer 1
(8): go to drawer 2
(9): go to cabinet 8
(10): go to drawer 3
(11): go to cabinet 9
(12): go to cabinet 10
(13): go to drawer 4
(14): go to microwave 1
(15): go to cabinet 11
(16): go to toaster 1
(17): go to cabinet 12
(18): go to cabinet 13
(19): go to cabinet 14
(20): go to cabinet 15
(21): go to countertop 2
(22): go to coffeemachine 1
(23): go to garbagecan 1
(24): go to countertop 3
(25): go to countertop 4
(26): go to sink 1
(27): go to stoveburner 1
(28): go to stoveburner 2
(29): go to stoveburner 3
(30): go to sinkbasin 1
(31): open cabinet 4
(32): close cabinet 4
(33): examine cabinet 4


**Answer**
Let's think step by step by following the instructions.
----------------------------------------

----------------------------------------

Original Response:
Image1 shows an open cabinet (cabinet 4) with no objects inside, while Image2 shows a countertop with a mug, a chocolate bar, a vegetable, and some other unidentifiable objects. The task description mentions "put a hot mug in coffeemachine," and the task hint clarifies that the agent must heat the object with the microwave before placing it in the correct location.

From the provided images and initial observation, it is clear that the agent needs to first find a mug, heat it in the microwave, and then put it in the coffeemachine. Since Image2 shows a mug on the countertop 1, the most reasonable action would be to pick up the mug from there. However, since the answer choices do not include an action to pick up the mug, we need to choose the next reasonable action based on the task hint.

The task hint states that the agent does not need to use the microwave button or open the microwave to heat the object; they just need to perform the action "heat the object with the microwave." Therefore, the agent should go to the microwave to heat the mug.

The answer is: (14): go to microwave 1.

----------------------------------------

----------------------------------------

>>> Refine Original VLM Response and Get Pure Action: go to microwave 1

----------------------------------------

-----------------------------------------------------------------

Running time: 14.792775869369507 seconds

Total Money: 11.909330000000002

-----------------------------------------------------------------

-----------------------------------------------------------------

Text Observation:You arrive at loc 16. The microwave 1 is closed. 

--------------------------------------------------------------------------------------------------------------------------task: 23---------------------------------------------------------
--------------------------------------------------------------------------------------------------------------------------------------------------------------------
--------------------------------------------------------------------------------------------------------------------------------------------------------------------
Step:--------------------------------------------------------------------------15-------------------------------------------------------------------------------
----------------------------------------
VLM Prompt:
Image1:
<image>
Image2:
<image>
**Instruction**
1. Analyze the provided images to identify all visible household objects and compare the difference between images (e.h. whether the object is opened or not and taken on hand or not), focusing on those relevant to the task description "put a hot mug in coffeemachine."
2. Use the analysis of images and the task hint "The agent must find an object of the desired type, pick it up, go to a microwave, heat the object with the microwave, then find the correct location to place it, and put it down there. The agent does not need to use the microwave button or open the microwave to heat the object, and the agent just needs to do action that is "heat the object with the microwave"." to answer the question: what is the most reasonable action in the choices for the task description "put a hot mug in coffeemachine"?
3. Decide and write the answer using the template: The answer is: (i): <selected_action>, where i is the real number. If there is no desired object in images, search every place based on **Initial Observation** to find the object. And if no one is exactly correct, choose a similar answer.

**Initial Observation**
You are in the middle of a room. Looking quickly around you, you can see cabinet (1-15), fridge (1), countertop (1-4), drawer (1-4), microwave (1), toaster (1), coffeemachine (1), garbagecan (1), sink (1), stoveburner (1-3), sinkbasin (1)

**Answer Choices**
(1): go to cabinet 1
(2): go to cabinet 2
(3): go to fridge 1
(4): go to countertop 1
(5): go to cabinet 5
(6): go to cabinet 6
(7): go to cabinet 7
(8): go to drawer 1
(9): go to drawer 2
(10): go to cabinet 8
(11): go to drawer 3
(12): go to cabinet 9
(13): go to cabinet 10
(14): go to drawer 4
(15): go to cabinet 11
(16): go to toaster 1
(17): go to cabinet 12
(18): go to cabinet 13
(19): go to cabinet 14
(20): go to cabinet 15
(21): go to countertop 2
(22): go to coffeemachine 1
(23): go to garbagecan 1
(24): go to countertop 3
(25): go to countertop 4
(26): go to sink 1
(27): go to stoveburner 1
(28): go to stoveburner 2
(29): go to stoveburner 3
(30): go to sinkbasin 1
(31): open microwave 1
(32): close microwave 1
(33): examine microwave 1


**Answer**
Let's think step by step by following the instructions.
----------------------------------------

----------------------------------------

Original Response:
First, we analyze the provided images:

Image1: We can see a countertop with a coffee grinder, a piece of chocolate, and a green mug. The cabinet above the countertop is closed, and the fridge beside it is also closed.

Image2: We have a close-up of a microwave on a countertop. The microwave is currently off, and its door is closed.

Now, let's apply this to the task description "put a hot mug in coffeemachine." We need to find a mug, heat it, and then place it in the coffeemachine. According to the task hint, we do not need to interact with the microwave buttons or door to heat the object.

From the Initial Observation, we know the locations of various objects and appliances in the room. Since we already see a mug in Image1 on countertop 1 and no mug is visible inside the microwave in Image2, we can deduce that the mug has not been heated yet.

Given that the task does not require us to open the microwave, the next reasonable action would be to "heat the object with the microwave," but since this option is not available, we need to choose an action that would imply heating the mug without interaction with the microwave.

Since none of the answer choices directly indicate heating the mug, and only one choice is related to the microwave, the closest reasonable action would be to go to the microwave as the first step in heating the mug. Therefore:

The answer is: (31): open microwave 1.

----------------------------------------

----------------------------------------

>>> Refine Original VLM Response and Get Pure Action: open microwave 1

----------------------------------------

-----------------------------------------------------------------

Running time: 14.986218452453613 seconds

Total Money: 11.940530000000003

-----------------------------------------------------------------

-----------------------------------------------------------------

Text Observation:You open the microwave 1. The microwave 1 is open. In it, you see nothing.

--------------------------------------------------------------------------------------------------------------------------task: 23---------------------------------------------------------
--------------------------------------------------------------------------------------------------------------------------------------------------------------------
--------------------------------------------------------------------------------------------------------------------------------------------------------------------
Step:--------------------------------------------------------------------------16-------------------------------------------------------------------------------
----------------------------------------
VLM Prompt:
Image1:
<image>
Image2:
<image>
**Instruction**
1. Analyze the provided images to identify all visible household objects and compare the difference between images (e.h. whether the object is opened or not and taken on hand or not), focusing on those relevant to the task description "put a hot mug in coffeemachine."
2. Use the analysis of images and the task hint "The agent must find an object of the desired type, pick it up, go to a microwave, heat the object with the microwave, then find the correct location to place it, and put it down there. The agent does not need to use the microwave button or open the microwave to heat the object, and the agent just needs to do action that is "heat the object with the microwave"." to answer the question: what is the most reasonable action in the choices for the task description "put a hot mug in coffeemachine"?
3. Decide and write the answer using the template: The answer is: (i): <selected_action>, where i is the real number. If there is no desired object in images, search every place based on **Initial Observation** to find the object. And if no one is exactly correct, choose a similar answer.

**Initial Observation**
You are in the middle of a room. Looking quickly around you, you can see cabinet (1-15), fridge (1), countertop (1-4), drawer (1-4), microwave (1), toaster (1), coffeemachine (1), garbagecan (1), sink (1), stoveburner (1-3), sinkbasin (1)

**Answer Choices**
(1): go to cabinet 1
(2): go to cabinet 2
(3): go to cabinet 3
(4): go to fridge 1
(5): go to countertop 1
(6): go to cabinet 5
(7): go to cabinet 6
(8): go to cabinet 7
(9): go to drawer 1
(10): go to drawer 2
(11): go to cabinet 8
(12): go to drawer 3
(13): go to cabinet 9
(14): go to cabinet 10
(15): go to drawer 4
(16): go to cabinet 11
(17): go to toaster 1
(18): go to cabinet 12
(19): go to cabinet 13
(20): go to cabinet 14
(21): go to cabinet 15
(22): go to countertop 2
(23): go to coffeemachine 1
(24): go to garbagecan 1
(25): go to countertop 3
(26): go to countertop 4
(27): go to sink 1
(28): go to stoveburner 1
(29): go to stoveburner 2
(30): go to stoveburner 3
(31): go to sinkbasin 1
(32): close microwave 1
(33): take nothing from microwave 1
(34): examine microwave 1


**Answer**
Let's think step by step by following the instructions.
----------------------------------------

----------------------------------------

Original Response:
Image Analysis:
- In Image 1, the microwave door is closed, and there is no visible object inside or outside the microwave.
- In Image 2, the microwave door is open, revealing a plate inside. There is no mug visible in either image.

Task Analysis:
- The task is to put a hot mug in a coffee machine. 
- Based on the task hint, the agent does not need to use the microwave buttons or open the microwave door to heat the object; the action is simply "heat the object with the microwave."

Initial Observation Analysis:
- There is no mug visible in the images provided, so the agent must search the locations mentioned in the initial observation to find a mug.

Answer Selection:
- Based on the task description and initial observation, the agent needs to find a mug first before it can be heated and placed in the coffee machine. 
- None of the answer choices directly mention finding a mug, so the agent must choose a location where a mug is most likely to be found. 
- Cabinets and countertops are common places to store mugs, so the agent should start searching there.

The answer is: (5): go to countertop 1.

----------------------------------------

----------------------------------------

>>> Refine Original VLM Response and Get Pure Action: go to countertop 1

----------------------------------------

-----------------------------------------------------------------

Running time: 18.797255992889404 seconds

Total Money: 11.969800000000003

-----------------------------------------------------------------

-----------------------------------------------------------------

Text Observation:You arrive at loc 4. On the countertop 1, you see a lettuce 1, a peppershaker 1, a soapbottle 1, a butterknife 1, and a spoon 1.

--------------------------------------------------------------------------------------------------------------------------task: 23---------------------------------------------------------
--------------------------------------------------------------------------------------------------------------------------------------------------------------------
--------------------------------------------------------------------------------------------------------------------------------------------------------------------
Step:--------------------------------------------------------------------------17-------------------------------------------------------------------------------
----------------------------------------
VLM Prompt:
Image1:
<image>
Image2:
<image>
**Instruction**
1. Analyze the provided images to identify all visible household objects and compare the difference between images (e.h. whether the object is opened or not and taken on hand or not), focusing on those relevant to the task description "put a hot mug in coffeemachine."
2. Use the analysis of images and the task hint "The agent must find an object of the desired type, pick it up, go to a microwave, heat the object with the microwave, then find the correct location to place it, and put it down there. The agent does not need to use the microwave button or open the microwave to heat the object, and the agent just needs to do action that is "heat the object with the microwave"." to answer the question: what is the most reasonable action in the choices for the task description "put a hot mug in coffeemachine"?
3. Decide and write the answer using the template: The answer is: (i): <selected_action>, where i is the real number. If there is no desired object in images, search every place based on **Initial Observation** to find the object. And if no one is exactly correct, choose a similar answer.

**Initial Observation**
You are in the middle of a room. Looking quickly around you, you can see cabinet (1-15), fridge (1), countertop (1-4), drawer (1-4), microwave (1), toaster (1), coffeemachine (1), garbagecan (1), sink (1), stoveburner (1-3), sinkbasin (1)

**Answer Choices**
(1): go to cabinet 1
(2): go to cabinet 2
(3): go to cabinet 3
(4): go to fridge 1
(5): go to cabinet 4
(6): go to cabinet 5
(7): go to cabinet 6
(8): go to cabinet 7
(9): go to drawer 1
(10): go to drawer 2
(11): go to cabinet 8
(12): go to drawer 3
(13): go to cabinet 9
(14): go to cabinet 10
(15): go to drawer 4
(16): go to cabinet 11
(17): go to toaster 1
(18): go to cabinet 12
(19): go to cabinet 13
(20): go to cabinet 14
(21): go to cabinet 15
(22): go to countertop 2
(23): go to coffeemachine 1
(24): go to garbagecan 1
(25): go to countertop 3
(26): go to countertop 4
(27): go to sink 1
(28): go to stoveburner 1
(29): go to stoveburner 2
(30): go to stoveburner 3
(31): go to sinkbasin 1
(32): take lettuce 1 from countertop 1
(33): take peppershaker 1 from countertop 1
(34): take soapbottle 1 from countertop 1
(35): take butterknife 1 from countertop 1
(36): take spoon 1 from countertop 1
(37): examine countertop 1


**Answer**
Let's think step by step by following the instructions.
----------------------------------------

----------------------------------------

Original Response:
Firstly, we must identify the objects in the images provided. In Image 1, we see a microwave with a plate inside it, and in Image 2, we see a pepper shaker and lettuce on the countertop. 

The task description mentions "put a hot mug in coffeemachine," but there is no mug visible in either of the images provided. Therefore, we must search every place based on the Initial Observation to find a mug. 

The most likely locations for finding a mug would be in the cabinets or on the countertops, as they are common places to store such items. The coffeemachine is mentioned in the task, so it could also be nearby. 

Based on the task hint, we don't need to interact with the microwave buttons or open the microwave to heat the object; we only need to perform the action "heat the object with the microwave."

Since we cannot see a mug in the images provided, we should go to a location where a mug is likely to be found. 

The answer is: (1): go to cabinet 1.

----------------------------------------

----------------------------------------

>>> Refine Original VLM Response and Get Pure Action: go to cabinet 1

----------------------------------------

-----------------------------------------------------------------

Running time: 9.67555284500122 seconds

Total Money: 11.998950000000002

-----------------------------------------------------------------

-----------------------------------------------------------------

Text Observation:You arrive at loc 0. The cabinet 1 is closed. 

--------------------------------------------------------------------------------------------------------------------------task: 23---------------------------------------------------------
--------------------------------------------------------------------------------------------------------------------------------------------------------------------
--------------------------------------------------------------------------------------------------------------------------------------------------------------------
Step:--------------------------------------------------------------------------18-------------------------------------------------------------------------------
----------------------------------------
VLM Prompt:
Image1:
<image>
Image2:
<image>
**Instruction**
1. Analyze the provided images to identify all visible household objects and compare the difference between images (e.h. whether the object is opened or not and taken on hand or not), focusing on those relevant to the task description "put a hot mug in coffeemachine."
2. Use the analysis of images and the task hint "The agent must find an object of the desired type, pick it up, go to a microwave, heat the object with the microwave, then find the correct location to place it, and put it down there. The agent does not need to use the microwave button or open the microwave to heat the object, and the agent just needs to do action that is "heat the object with the microwave"." to answer the question: what is the most reasonable action in the choices for the task description "put a hot mug in coffeemachine"?
3. Decide and write the answer using the template: The answer is: (i): <selected_action>, where i is the real number. If there is no desired object in images, search every place based on **Initial Observation** to find the object. And if no one is exactly correct, choose a similar answer.

**Initial Observation**
You are in the middle of a room. Looking quickly around you, you can see cabinet (1-15), fridge (1), countertop (1-4), drawer (1-4), microwave (1), toaster (1), coffeemachine (1), garbagecan (1), sink (1), stoveburner (1-3), sinkbasin (1)

**Answer Choices**
(1): go to cabinet 2
(2): go to cabinet 3
(3): go to fridge 1
(4): go to cabinet 4
(5): go to cabinet 5
(6): go to cabinet 6
(7): go to cabinet 7
(8): go to drawer 1
(9): go to drawer 2
(10): go to cabinet 8
(11): go to drawer 3
(12): go to cabinet 9
(13): go to cabinet 10
(14): go to drawer 4
(15): go to microwave 1
(16): go to cabinet 11
(17): go to toaster 1
(18): go to cabinet 12
(19): go to cabinet 13
(20): go to cabinet 14
(21): go to cabinet 15
(22): go to countertop 2
(23): go to coffeemachine 1
(24): go to garbagecan 1
(25): go to countertop 3
(26): go to countertop 4
(27): go to sink 1
(28): go to stoveburner 1
(29): go to stoveburner 2
(30): go to stoveburner 3
(31): go to sinkbasin 1
(32): open cabinet 1
(33): close cabinet 1
(34): examine cabinet 1


**Answer**
Let's think step by step by following the instructions.
----------------------------------------

----------------------------------------

Original Response:
Image 1 shows a countertop with a pepper shaker and a piece of lettuce. Image 2 is an image of a closed cabinet (cabinet 1).

Since the task is to "put a hot mug in coffeemachine," we need to first find a mug. Neither of the provided images show a mug, so we need to search other places based on the **Initial Observation**.

Given the hint, "The agent must find an object of the desired type, pick it up, go to a microwave, heat the object with the microwave," we should look for the mug first, then the microwave. Since mugs are usually kept in cabinets or on countertops near coffeemachines, we should check these locations.

However, the images do not show the inside of the cabinets or the full view of the countertops. Therefore, we need to search for the mug in the cabinets near the coffeemachine.

Since cabinet 1 is already closed (as seen in image 2), and the task mentions a microwave which is also not visible in the images, it is most likely that the mug is in a different cabinet near the coffeemachine and microwave.

The answer is: (23): go to coffeemachine 1 to check for the mug on the countertop near it, and if not found, then proceed to search the nearby cabinets and use the microwave as instructed.

----------------------------------------

----------------------------------------

>>> Refine Original VLM Response and Get Pure Action: go to coffeemachine 1 to check for the mug on the countertop near it, and if not found, then proceed to search the nearby cabinets and use the microwave as instructed

----------------------------------------

-----------------------------------------------------------------

Running time: 11.002103567123413 seconds

Total Money: 12.029420000000002

-----------------------------------------------------------------

-----------------------------------------------------------------

Text Observation:Nothing happens.

--------------------------------------------------------------------------------------------------------------------------task: 23---------------------------------------------------------
--------------------------------------------------------------------------------------------------------------------------------------------------------------------
--------------------------------------------------------------------------------------------------------------------------------------------------------------------
Step:--------------------------------------------------------------------------19-------------------------------------------------------------------------------
----------------------------------------
VLM Prompt:
Image1:
<image>
Image2:
<image>
**Instruction**
1. Analyze the provided images to identify all visible household objects and compare the difference between images (e.h. whether the object is opened or not and taken on hand or not), focusing on those relevant to the task description "put a hot mug in coffeemachine."
2. Use the analysis of images and the task hint "The agent must find an object of the desired type, pick it up, go to a microwave, heat the object with the microwave, then find the correct location to place it, and put it down there. The agent does not need to use the microwave button or open the microwave to heat the object, and the agent just needs to do action that is "heat the object with the microwave"." to answer the question: what is the most reasonable action in the choices for the task description "put a hot mug in coffeemachine"?
3. Decide and write the answer using the template: The answer is: (i): <selected_action>, where i is the real number. If there is no desired object in images, search every place based on **Initial Observation** to find the object. And if no one is exactly correct, choose a similar answer.

**Initial Observation**
You are in the middle of a room. Looking quickly around you, you can see cabinet (1-15), fridge (1), countertop (1-4), drawer (1-4), microwave (1), toaster (1), coffeemachine (1), garbagecan (1), sink (1), stoveburner (1-3), sinkbasin (1)

**Answer Choices**
(1): go to cabinet 2
(2): go to cabinet 3
(3): go to fridge 1
(4): go to cabinet 4
(5): go to cabinet 5
(6): go to cabinet 6
(7): go to cabinet 7
(8): go to drawer 1
(9): go to drawer 2
(10): go to cabinet 8
(11): go to drawer 3
(12): go to cabinet 9
(13): go to cabinet 10
(14): go to drawer 4
(15): go to microwave 1
(16): go to cabinet 11
(17): go to toaster 1
(18): go to cabinet 12
(19): go to cabinet 13
(20): go to cabinet 14
(21): go to cabinet 15
(22): go to countertop 2
(23): go to coffeemachine 1
(24): go to garbagecan 1
(25): go to countertop 3
(26): go to countertop 4
(27): go to sink 1
(28): go to stoveburner 1
(29): go to stoveburner 2
(30): go to stoveburner 3
(31): go to sinkbasin 1
(32): open cabinet 1
(33): close cabinet 1
(34): examine cabinet 1


**Answer**
Let's think step by step by following the instructions.
----------------------------------------

----------------------------------------

Original Response:
The provided images show a closed cabinet, which is not directly relevant to the task description "put a hot mug in coffeemachine." However, based on the task hint, we need to find a mug, heat it in the microwave, and then put it in the coffeemachine.

From the Initial Observation, we know the locations of various objects in the room. Since we need a mug, we should start by looking in places where a mug is likely to be stored, such as the cabinets or the countertop. After obtaining the mug, we would go to the microwave to heat it.

Since the images do not show any mugs, we must search for one. Based on typical kitchen storage, we can start by checking the cabinets. Cabinet 1 is mentioned in the answer choices, but there is no action to pick up a mug, so we must continue searching.

The most reasonable action in the choices for the task description "put a hot mug in coffeemachine" would be to first find a mug. We can assume that a mug might be found in the cabinets close to the coffeemachine for easy access.

The answer is: (10): go to cabinet 8. This choice is based on the assumption that a cabinet near the coffeemachine may contain mugs. If cabinet 8 does not contain a mug, we would continue to search the other cabinets and countertops based on the Initial Observation until we find one.

----------------------------------------

----------------------------------------

>>> Refine Original VLM Response and Get Pure Action: go to cabinet 8

----------------------------------------

-----------------------------------------------------------------

Running time: 13.956473350524902 seconds

Total Money: 12.060190000000002

-----------------------------------------------------------------

-----------------------------------------------------------------

Text Observation:You arrive at loc 11. The cabinet 8 is closed. 

-----------------------------------------------------------------