---------------------------------------------------------task: 27---------------------------------------------------------
--------------------------------------------------------------------------------------------------------------------------------------------------------------------
--------------------------------------------------------------------------------------------------------------------------------------------------------------------
Step:--------------------------------------------------------------------------0-------------------------------------------------------------------------------
----------------------------------------
VLM Prompt:
Image1:
<image>
**Instruction**
1. Analyze the provided image to identify all visible household objects, focusing on those relevant to the task description "find two soapbottle and put them in garbagecan."
2. Use the analysis of the image and the task hint "The agent must find an object of the desired type, pick it up, find the correct location to place it, put it down there, then look for another object of the desired type, pick it up, return to previous location, and put it down there with the other object." to answer the question: what is the most reasonable action in the choices for the task description "find two soapbottle and put them in garbagecan"?
4. Decide and write the answer using the template: The answer is: (i): <selected_action>, where i is the real number. If there is no desired object in the image, search every place based on **Initial Observation** to find the object. And if no one is exactly correct, choose a similar answer.

**Initial Observation**
You are in the middle of a room. Looking quickly around you, you can see countertop (1), sinkbasin (1-2), sink (1-2), garbagecan (1), drawer (1-2), toilet (1), handtowelholder (1)

**Answer Choices**
(1): go to countertop 1
(2): go to sinkbasin 1
(3): go to sink 1
(4): go to garbagecan 1
(5): go to drawer 1
(6): go to drawer 2
(7): go to sink 2
(8): go to sinkbasin 2
(9): go to toilet 1
(10): go to handtowelholder 1

**Answer**
Let's think step by step by following the instructions.
----------------------------------------

----------------------------------------

Original Response:
Firstly, we need to find two soap bottles. Since none are visible in the provided image, we must search every place based on the Initial Observation to find the object. 

The most common places where soap bottles may be found are on countertops, sink basins, or in drawers. Therefore, we should check these locations first. 

Given the task description and the Initial Observation, we can eliminate some options as they are less likely to have soap bottles. For example, it is less common for soap bottles to be on a toilet, handtowelholder, or inside a garbagecan.

Considering the remaining options, the most reasonable next action would be to go to either the countertop or sinkbasin, as these are the places where soap bottles are most likely to be found. Since countertop 1 is the first option listed and because countertops generally provide more storage or placement space for items like soap bottles, it might be slightly more likely for the soap bottles to be there.

The answer is: (1): go to countertop 1.

----------------------------------------

----------------------------------------

>>> Refine Original VLM Response and Get Pure Action: go to countertop 1

----------------------------------------

-----------------------------------------------------------------

Running time: 10.919076919555664 seconds

Total Money: 17.231180000000002

-----------------------------------------------------------------

-----------------------------------------------------------------

Text Observation:You arrive at loc 0. On the countertop 1, you see a faucet 1, a cloth 1, a soapbar 1, and a soapbottle 1.

--------------------------------------------------------------------------------------------------------------------------task: 27---------------------------------------------------------
--------------------------------------------------------------------------------------------------------------------------------------------------------------------
--------------------------------------------------------------------------------------------------------------------------------------------------------------------
Step:--------------------------------------------------------------------------1-------------------------------------------------------------------------------
----------------------------------------
VLM Prompt:
Image1:
<image>
Image2:
<image>
**Instruction**
1. Analyze the provided image to identify all visible household objects, focusing on those relevant to the task description "find two soapbottle and put them in garbagecan."
2. Use the analysis of the image and the task hint "The agent must find an object of the desired type, pick it up, find the correct location to place it, put it down there, then look for another object of the desired type, pick it up, return to previous location, and put it down there with the other object." to answer the question: what is the most reasonable action in the choices for the task description "find two soapbottle and put them in garbagecan"?
4. Decide and write the answer using the template: The answer is: (i): <selected_action>, where i is the real number. If there is no desired object in the image, search every place based on **Initial Observation** to find the object. And if no one is exactly correct, choose a similar answer.

**Initial Observation**
You are in the middle of a room. Looking quickly around you, you can see countertop (1), sinkbasin (1-2), sink (1-2), garbagecan (1), drawer (1-2), toilet (1), handtowelholder (1)

**Answer Choices**
(1): go to sinkbasin 1
(2): go to sink 1
(3): go to garbagecan 1
(4): go to drawer 1
(5): go to drawer 2
(6): go to sink 2
(7): go to sinkbasin 2
(8): go to toilet 1
(9): go to handtowelholder 1
(10): take faucet 1 from countertop 1
(11): take cloth 1 from countertop 1
(12): take soapbar 1 from countertop 1
(13): take soapbottle 1 from countertop 1
(14): examine countertop 1

**Answer**
Let's think step by step by following the instructions.
----------------------------------------

----------------------------------------

Original Response:
First, we need to identify if there are any soapbottles visible in the provided images. In Image 1, we do not see any soapbottles. In Image 2, we can see a soapbottle labeled "soapbottle 1" on the countertop 1. 

Since we have identified one soapbottle, the next step would be to pick it up. The instructions indicate that we should find the object, pick it up, and then find the location to place it which is the garbagecan. 

So, the most reasonable action from the choices would be to take the identified soapbottle from its location. 

The answer is: (13): take soapbottle 1 from countertop 1

After this action, we would then proceed to go to the garbagecan and place the soapbottle in it, and then look for the second soapbottle following the same steps.

----------------------------------------

----------------------------------------

>>> Refine Original VLM Response and Get Pure Action: take soapbottle 1 from countertop 1

After this action, we would then proceed to go to the garbagecan and place the soapbottle in it, and then look for the second soapbottle following the same steps

----------------------------------------

-----------------------------------------------------------------

Running time: 11.539880514144897 seconds

Total Money: 17.25672

-----------------------------------------------------------------

-----------------------------------------------------------------

Text Observation:Nothing happens.

--------------------------------------------------------------------------------------------------------------------------task: 27---------------------------------------------------------
--------------------------------------------------------------------------------------------------------------------------------------------------------------------
--------------------------------------------------------------------------------------------------------------------------------------------------------------------
Step:--------------------------------------------------------------------------2-------------------------------------------------------------------------------
----------------------------------------
VLM Prompt:
Image1:
<image>
Image2:
<image>
Image3:
<image>
**Instruction**
1. Analyze the provided image to identify all visible household objects, focusing on those relevant to the task description "find two soapbottle and put them in garbagecan."
2. Use the analysis of the image and the task hint "The agent must find an object of the desired type, pick it up, find the correct location to place it, put it down there, then look for another object of the desired type, pick it up, return to previous location, and put it down there with the other object." to answer the question: what is the most reasonable action in the choices for the task description "find two soapbottle and put them in garbagecan"?
4. Decide and write the answer using the template: The answer is: (i): <selected_action>, where i is the real number. If there is no desired object in the image, search every place based on **Initial Observation** to find the object. And if no one is exactly correct, choose a similar answer.

**Initial Observation**
You are in the middle of a room. Looking quickly around you, you can see countertop (1), sinkbasin (1-2), sink (1-2), garbagecan (1), drawer (1-2), toilet (1), handtowelholder (1)

**Answer Choices**
(1): go to sinkbasin 1
(2): go to sink 1
(3): go to garbagecan 1
(4): go to drawer 1
(5): go to drawer 2
(6): go to sink 2
(7): go to sinkbasin 2
(8): go to toilet 1
(9): go to handtowelholder 1
(10): take faucet 1 from countertop 1
(11): take cloth 1 from countertop 1
(12): take soapbar 1 from countertop 1
(13): take soapbottle 1 from countertop 1
(14): examine countertop 1

**Answer**
Let's think step by step by following the instructions.
----------------------------------------

----------------------------------------

Original Response:
Firstly, we need to identify the soapbottles visible in the images.
In Image 2 and 3, on the countertop 1, there is a soapbar but no soapbottle is visible. Therefore, we need to search other places based on the Initial Observation.

The most reasonable next action would be to search the places where a soapbottle might be located, which are not visible in the images provided. We can rule out options like taking the faucet, cloth, or soapbar, as they are not the objects we are looking for. We can also rule out going to places where objects are already visible and are not soapbottles, like the sinkbasin, sink, toilet, and handtowelholder.

The remaining options are to check the drawers or the garbagecan. Since the task is to ultimately put the soapbottles into the garbagecan, it doesn't make sense to go there first. Therefore, the most reasonable action is to check the drawers.

The answer is: (4): go to drawer 1.

----------------------------------------

----------------------------------------

>>> Refine Original VLM Response and Get Pure Action: go to drawer 1

----------------------------------------

-----------------------------------------------------------------

Running time: 16.05364727973938 seconds

Total Money: 17.290760000000002

-----------------------------------------------------------------

-----------------------------------------------------------------

Text Observation:You arrive at loc 4. The drawer 1 is closed. 

--------------------------------------------------------------------------------------------------------------------------task: 27---------------------------------------------------------
--------------------------------------------------------------------------------------------------------------------------------------------------------------------
--------------------------------------------------------------------------------------------------------------------------------------------------------------------
Step:--------------------------------------------------------------------------3-------------------------------------------------------------------------------
----------------------------------------
VLM Prompt:
Image1:
<image>
Image2:
<image>
Image3:
<image>
**Instruction**
1. Analyze the provided image to identify all visible household objects, focusing on those relevant to the task description "find two soapbottle and put them in garbagecan."
2. Use the analysis of the image and the task hint "The agent must find an object of the desired type, pick it up, find the correct location to place it, put it down there, then look for another object of the desired type, pick it up, return to previous location, and put it down there with the other object." to answer the question: what is the most reasonable action in the choices for the task description "find two soapbottle and put them in garbagecan"?
4. Decide and write the answer using the template: The answer is: (i): <selected_action>, where i is the real number. If there is no desired object in the image, search every place based on **Initial Observation** to find the object. And if no one is exactly correct, choose a similar answer.

**Initial Observation**
You are in the middle of a room. Looking quickly around you, you can see countertop (1), sinkbasin (1-2), sink (1-2), garbagecan (1), drawer (1-2), toilet (1), handtowelholder (1)

**Answer Choices**
(1): go to sinkbasin 1
(2): go to sink 1
(3): go to garbagecan 1
(4): go to drawer 2
(5): go to sink 2
(6): go to sinkbasin 2
(7): go to toilet 1
(8): go to handtowelholder 1
(9): open drawer 1
(10): close drawer 1
(11): examine drawer 1

**Answer**
Let's think step by step by following the instructions.
----------------------------------------

----------------------------------------

Original Response:
First, we need to identify all visible household objects related to the task of finding two soap bottles and putting them in the garbage can. Looking at the images provided, we can see:

- Image 1: soapbottle 1 in sinkbasin 1
- Image 2: (Same as Image 1)
- Image 3: soapbottle 1 in sinkbasin 1 and soapbottle 2 in sinkbasin 2

With this information, we know where the two soap bottles are located. The task hint suggests we need to pick up an object, find the correct location to place it, and then repeat the process with the second object.

Given the task and the initial observation that we are in the middle of the room with a view of the garbage can, the most reasonable action from the choices provided would be to go to the location of the first soap bottle.

The answer is: (1): go to sinkbasin 1

Once the first soap bottle is picked up and placed in the garbage can, the next action would be to go to the location of the second soap bottle, which would be sinkbasin 2. However, this action is not part of the current question.

----------------------------------------

----------------------------------------

>>> Refine Original VLM Response and Get Pure Action: go to sinkbasin 1

Once the first soap bottle is picked up and placed in the garbage can, the next action would be to go to the location of the second soap bottle, which would be sinkbasin 2

----------------------------------------

-----------------------------------------------------------------

Running time: 17.290937185287476 seconds

Total Money: 17.32533

-----------------------------------------------------------------

-----------------------------------------------------------------

Text Observation:Nothing happens.

--------------------------------------------------------------------------------------------------------------------------task: 27---------------------------------------------------------
--------------------------------------------------------------------------------------------------------------------------------------------------------------------
--------------------------------------------------------------------------------------------------------------------------------------------------------------------
Step:--------------------------------------------------------------------------4-------------------------------------------------------------------------------
----------------------------------------
VLM Prompt:
Image1:
<image>
Image2:
<image>
Image3:
<image>
**Instruction**
1. Analyze the provided image to identify all visible household objects, focusing on those relevant to the task description "find two soapbottle and put them in garbagecan."
2. Use the analysis of the image and the task hint "The agent must find an object of the desired type, pick it up, find the correct location to place it, put it down there, then look for another object of the desired type, pick it up, return to previous location, and put it down there with the other object." to answer the question: what is the most reasonable action in the choices for the task description "find two soapbottle and put them in garbagecan"?
4. Decide and write the answer using the template: The answer is: (i): <selected_action>, where i is the real number. If there is no desired object in the image, search every place based on **Initial Observation** to find the object. And if no one is exactly correct, choose a similar answer.

**Initial Observation**
You are in the middle of a room. Looking quickly around you, you can see countertop (1), sinkbasin (1-2), sink (1-2), garbagecan (1), drawer (1-2), toilet (1), handtowelholder (1)

**Answer Choices**
(1): go to countertop 1
(2): go to sinkbasin 1
(3): go to sink 1
(4): go to garbagecan 1
(5): go to drawer 2
(6): go to sink 2
(7): go to sinkbasin 2
(8): go to toilet 1
(9): go to handtowelholder 1
(10): open drawer 1
(11): close drawer 1
(12): examine drawer 1

**Answer**
Let's think step by step by following the instructions.
----------------------------------------

----------------------------------------

Original Response:
First, we need to identify all visible household objects relevant to the task description "find two soapbottle and put them in garbagecan." From the images provided, we can see two soap bottles (soapbottle 1 and soapbottle 3) on the countertop and near sink 2.

Next, we consider the task hint, which indicates that the agent must first find an object of the desired type, pick it up, and then find the correct location to place it. In this case, the desired objects are soapbottle 1 and soapbottle 3, and the correct location to place them is garbagecan 1.

Given the initial observation, we know the location of the garbagecan 1, and we can see the soap bottles in the images. The most reasonable next action would be to go to the location of the first soap bottle to pick it up.

The answer is: (1): go to countertop 1

----------------------------------------

----------------------------------------

>>> Refine Original VLM Response and Get Pure Action: go to countertop 1

----------------------------------------

-----------------------------------------------------------------

Running time: 8.98526930809021 seconds

Total Money: 17.35829

-----------------------------------------------------------------

-----------------------------------------------------------------

Text Observation:You arrive at loc 0. On the countertop 1, you see a faucet 1, a cloth 1, a soapbar 1, and a soapbottle 1.

--------------------------------------------------------------------------------------------------------------------------task: 27---------------------------------------------------------
--------------------------------------------------------------------------------------------------------------------------------------------------------------------
--------------------------------------------------------------------------------------------------------------------------------------------------------------------
Step:--------------------------------------------------------------------------5-------------------------------------------------------------------------------
----------------------------------------
VLM Prompt:
Image1:
<image>
Image2:
<image>
Image3:
<image>
**Instruction**
1. Analyze the provided image to identify all visible household objects, focusing on those relevant to the task description "find two soapbottle and put them in garbagecan."
2. Use the analysis of the image and the task hint "The agent must find an object of the desired type, pick it up, find the correct location to place it, put it down there, then look for another object of the desired type, pick it up, return to previous location, and put it down there with the other object." to answer the question: what is the most reasonable action in the choices for the task description "find two soapbottle and put them in garbagecan"?
4. Decide and write the answer using the template: The answer is: (i): <selected_action>, where i is the real number. If there is no desired object in the image, search every place based on **Initial Observation** to find the object. And if no one is exactly correct, choose a similar answer.

**Initial Observation**
You are in the middle of a room. Looking quickly around you, you can see countertop (1), sinkbasin (1-2), sink (1-2), garbagecan (1), drawer (1-2), toilet (1), handtowelholder (1)

**Answer Choices**
(1): go to sinkbasin 1
(2): go to sink 1
(3): go to garbagecan 1
(4): go to drawer 2
(5): go to sink 2
(6): go to sinkbasin 2
(7): go to toilet 1
(8): go to handtowelholder 1
(9): take faucet 1 from countertop 1
(10): take cloth 1 from countertop 1
(11): take soapbar 1 from countertop 1
(12): take soapbottle 1 from countertop 1
(13): examine countertop 1

**Answer**
Let's think step by step by following the instructions.
----------------------------------------

----------------------------------------

Original Response:
The task is to find two soapbottles and put them in the garbagecan. From the initial observations, we see that there is a garbagecan and two sinkbasins mentioned. The images provided show two soapbottles, one on each sinkbasin. 

To accomplish the task, the agent must first go to where the soapbottles are located, pick up each one, and then go to the garbagecan to dispose of them.

Starting with the first soapbottle:
- Soapbottle 1 is on the countertop near sinkbasin 1 (visible in Image1 and Image2).
- The agent should go to sinkbasin 1 to be close to the soapbottle.
- The next step would be to take soapbottle 1 from the countertop.

Then, for the second soapbottle:
- Soapbottle 2 is on the countertop near sinkbasin 2 (visible in Image1).
- The agent should go to sinkbasin 2 to be close to the second soapbottle after disposing of the first one in the garbagecan.

Therefore, the most reasonable first action for the agent to take according to the task description "find two soapbottle and put them in garbagecan" is to go to sinkbasin 1 where soapbottle 1 is located.

The answer is: (1): go to sinkbasin 1

----------------------------------------

----------------------------------------

>>> Refine Original VLM Response and Get Pure Action: go to sinkbasin 1

----------------------------------------

-----------------------------------------------------------------

Running time: 22.792585611343384 seconds

Total Money: 17.39443

-----------------------------------------------------------------

-----------------------------------------------------------------

Text Observation:You arrive at loc 1. On the sinkbasin 1, you see a faucet 1, a cloth 1, a soapbar 1, and a soapbottle 1.

--------------------------------------------------------------------------------------------------------------------------task: 27---------------------------------------------------------
--------------------------------------------------------------------------------------------------------------------------------------------------------------------
--------------------------------------------------------------------------------------------------------------------------------------------------------------------
Step:--------------------------------------------------------------------------6-------------------------------------------------------------------------------
----------------------------------------
VLM Prompt:
Image1:
<image>
Image2:
<image>
Image3:
<image>
**Instruction**
1. Analyze the provided image to identify all visible household objects, focusing on those relevant to the task description "find two soapbottle and put them in garbagecan."
2. Use the analysis of the image and the task hint "The agent must find an object of the desired type, pick it up, find the correct location to place it, put it down there, then look for another object of the desired type, pick it up, return to previous location, and put it down there with the other object." to answer the question: what is the most reasonable action in the choices for the task description "find two soapbottle and put them in garbagecan"?
4. Decide and write the answer using the template: The answer is: (i): <selected_action>, where i is the real number. If there is no desired object in the image, search every place based on **Initial Observation** to find the object. And if no one is exactly correct, choose a similar answer.

**Initial Observation**
You are in the middle of a room. Looking quickly around you, you can see countertop (1), sinkbasin (1-2), sink (1-2), garbagecan (1), drawer (1-2), toilet (1), handtowelholder (1)

**Answer Choices**
(1): go to sink 1
(2): go to garbagecan 1
(3): go to drawer 1
(4): go to drawer 2
(5): go to sink 2
(6): go to sinkbasin 2
(7): go to toilet 1
(8): go to handtowelholder 1
(9): take faucet 1 from sinkbasin 1
(10): take cloth 1 from sinkbasin 1
(11): take soapbar 1 from sinkbasin 1
(12): take soapbottle 1 from sinkbasin 1
(13): examine sinkbasin 1

**Answer**
Let's think step by step by following the instructions.
----------------------------------------

----------------------------------------

Original Response:
The task is to find two soapbottles and put them in the garbagecan. Looking at the images provided, we can identify various objects, but we need to focus on the soapbottles and garbagecan for the task at hand.

Image 1 shows two soapbottles labeled as "soapbottle 1" and "soapbottle 3" on the countertop near sink 1 and sink 2, respectively. Additionally, there is a garbagecan labeled as "garbagecan 1" under the countertop near drawer 1.

Based on the Initial Observation, we are in the middle of the room and can see all the relevant objects for our task, including the soapbottles and garbagecan.

The most reasonable actions to complete the task would be to go to the soapbottles, take them, and then go to the garbagecan to put them in. Since Image 1 shows the location of the soapbottles and garbagecan, we can proceed with these actions.

The answer is: (12): take soapbottle 1 from sinkbasin 1. After taking soapbottle 1, the next reasonable action would be to go to sink 2 to take soapbottle 3 and then go to garbagecan 1 to put them in. However, the choices provided do not include taking soapbottle 3 or going to garbagecan 1 directly after taking soapbottle 1. Since we can only choose one action at a time, we start with taking the first soapbottle.

----------------------------------------

----------------------------------------

>>> Refine Original VLM Response and Get Pure Action: take soapbottle 1 from sinkbasin 1

----------------------------------------

-----------------------------------------------------------------

Running time: 17.386720895767212 seconds

Total Money: 17.4315

-----------------------------------------------------------------

-----------------------------------------------------------------

Text Observation:You pick up the soapbottle 1 from the sinkbasin 1.

--------------------------------------------------------------------------------------------------------------------------task: 27---------------------------------------------------------
--------------------------------------------------------------------------------------------------------------------------------------------------------------------
--------------------------------------------------------------------------------------------------------------------------------------------------------------------
Step:--------------------------------------------------------------------------7-------------------------------------------------------------------------------
----------------------------------------
VLM Prompt:
Image1:
<image>
Image2:
<image>
Image3:
<image>
**Instruction**
1. Analyze the provided image to identify all visible household objects, focusing on those relevant to the task description "find two soapbottle and put them in garbagecan."
2. Use the analysis of the image and the task hint "The agent must find an object of the desired type, pick it up, find the correct location to place it, put it down there, then look for another object of the desired type, pick it up, return to previous location, and put it down there with the other object." to answer the question: what is the most reasonable action in the choices for the task description "find two soapbottle and put them in garbagecan"?
4. Decide and write the answer using the template: The answer is: (i): <selected_action>, where i is the real number. If there is no desired object in the image, search every place based on **Initial Observation** to find the object. And if no one is exactly correct, choose a similar answer.

**Initial Observation**
You are in the middle of a room. Looking quickly around you, you can see countertop (1), sinkbasin (1-2), sink (1-2), garbagecan (1), drawer (1-2), toilet (1), handtowelholder (1)

**Answer Choices**
(1): go to sink 1
(2): go to garbagecan 1
(3): go to drawer 1
(4): go to drawer 2
(5): go to sink 2
(6): go to sinkbasin 2
(7): go to toilet 1
(8): go to handtowelholder 1
(9): put soapbottle 1 in/on sinkbasin 1
(10): clean soapbottle 1 with sinkbasin 1
(11): clean soapbottle 1 with sink 1
(12): clean soapbottle 1 with sink 2
(13): clean soapbottle 1 with sinkbasin 2
(14): examine soapbottle 1
(15): examine sinkbasin 1

**Answer**
Let's think step by step by following the instructions.
----------------------------------------

----------------------------------------

Original Response:
First, we need to identify all visible household objects relevant to the task description "find two soapbottle and put them in garbagecan." From Image1 and Image2, we see no soapbottle, but in Image3, we can see a soapbottle 1 on the countertop 1 near the sink 1. 

Following the task hint, the agent's most reasonable action is to go to the location of the soapbottle, pick it up, and then move to the garbagecan to dispose of it. Since we have identified soapbottle 1 in Image3, the first action should be to go to soapbottle 1. However, there is no direct action available in the answer choices to pick up soapbottle 1. The closest relevant action would be to examine soapbottle 1, which would imply the agent is interacting with it and could lead to picking it up. 

Therefore, the most reasonable action based on the given choices would be:
The answer is: (14): examine soapbottle 1.

----------------------------------------

----------------------------------------

>>> Refine Original VLM Response and Get Pure Action: examine soapbottle 1

----------------------------------------

-----------------------------------------------------------------

Running time: 25.016242742538452 seconds

Total Money: 17.46573

-----------------------------------------------------------------

-----------------------------------------------------------------

Text Observation:This is a normal soapbottle 1

--------------------------------------------------------------------------------------------------------------------------task: 27---------------------------------------------------------
--------------------------------------------------------------------------------------------------------------------------------------------------------------------
--------------------------------------------------------------------------------------------------------------------------------------------------------------------
Step:--------------------------------------------------------------------------8-------------------------------------------------------------------------------
----------------------------------------
VLM Prompt:
Image1:
<image>
Image2:
<image>
Image3:
<image>
**Instruction**
1. Analyze the provided image to identify all visible household objects, focusing on those relevant to the task description "find two soapbottle and put them in garbagecan."
2. Use the analysis of the image and the task hint "The agent must find an object of the desired type, pick it up, find the correct location to place it, put it down there, then look for another object of the desired type, pick it up, return to previous location, and put it down there with the other object." to answer the question: what is the most reasonable action in the choices for the task description "find two soapbottle and put them in garbagecan"?
4. Decide and write the answer using the template: The answer is: (i): <selected_action>, where i is the real number. If there is no desired object in the image, search every place based on **Initial Observation** to find the object. And if no one is exactly correct, choose a similar answer.

**Initial Observation**
You are in the middle of a room. Looking quickly around you, you can see countertop (1), sinkbasin (1-2), sink (1-2), garbagecan (1), drawer (1-2), toilet (1), handtowelholder (1)

**Answer Choices**
(1): go to countertop 1
(2): go to sink 1
(3): go to garbagecan 1
(4): go to drawer 1
(5): go to drawer 2
(6): go to sink 2
(7): go to sinkbasin 2
(8): go to toilet 1
(9): go to handtowelholder 1
(10): put soapbottle 1 in/on sinkbasin 1
(11): clean soapbottle 1 with sinkbasin 1
(12): clean soapbottle 1 with sink 1
(13): clean soapbottle 1 with sink 2
(14): clean soapbottle 1 with sinkbasin 2
(15): examine sinkbasin 1

**Answer**
Let's think step by step by following the instructions.
----------------------------------------

----------------------------------------

Original Response:
The task is to find two soap bottles and put them in the garbage can. Starting with Image 1, we can see that there is a soap bottle (soapbottle 1) on the countertop next to the sink. Therefore, the first step is to go to the soap bottle and pick it up.

Looking at the answer choices, there is no option to pick up the soap bottle. However, there is an option to go to the location where the soap bottle is. The most logical action to take first would be to go to the location of the soap bottle to pick it up.

The answer is: (1): go to countertop 1

----------------------------------------

----------------------------------------

>>> Refine Original VLM Response and Get Pure Action: go to countertop 1

----------------------------------------

-----------------------------------------------------------------

Running time: 29.57271385192871 seconds

Total Money: 17.497500000000002

-----------------------------------------------------------------

-----------------------------------------------------------------

Text Observation:You arrive at loc 0. On the countertop 1, you see a faucet 1, a cloth 1, and a soapbar 1.

--------------------------------------------------------------------------------------------------------------------------task: 27---------------------------------------------------------
--------------------------------------------------------------------------------------------------------------------------------------------------------------------
--------------------------------------------------------------------------------------------------------------------------------------------------------------------
Step:--------------------------------------------------------------------------9-------------------------------------------------------------------------------
----------------------------------------
VLM Prompt:
Image1:
<image>
Image2:
<image>
Image3:
<image>
**Instruction**
1. Analyze the provided image to identify all visible household objects, focusing on those relevant to the task description "find two soapbottle and put them in garbagecan."
2. Use the analysis of the image and the task hint "The agent must find an object of the desired type, pick it up, find the correct location to place it, put it down there, then look for another object of the desired type, pick it up, return to previous location, and put it down there with the other object." to answer the question: what is the most reasonable action in the choices for the task description "find two soapbottle and put them in garbagecan"?
4. Decide and write the answer using the template: The answer is: (i): <selected_action>, where i is the real number. If there is no desired object in the image, search every place based on **Initial Observation** to find the object. And if no one is exactly correct, choose a similar answer.

**Initial Observation**
You are in the middle of a room. Looking quickly around you, you can see countertop (1), sinkbasin (1-2), sink (1-2), garbagecan (1), drawer (1-2), toilet (1), handtowelholder (1)

**Answer Choices**
(1): go to sinkbasin 1
(2): go to sink 1
(3): go to garbagecan 1
(4): go to drawer 1
(5): go to drawer 2
(6): go to sink 2
(7): go to sinkbasin 2
(8): go to toilet 1
(9): go to handtowelholder 1
(10): put soapbottle 1 in/on countertop 1
(11): examine countertop 1

**Answer**
Let's think step by step by following the instructions.
----------------------------------------

----------------------------------------

Original Response:
Firstly, from the task description "find two soapbottle and put them in garbagecan," we need to locate the soapbottles. From the initial observation, we are in the middle of a room with various household objects. 

Looking at the images provided, we can see one soapbottle labeled "soapbottle 1" on the countertop next to the sink. This is the object we need to pick up first. We do not see another soapbottle in the image, so we may need to search other locations after picking up the first one.

The task hint guides us to find an object of the desired type, pick it up, and put it in the correct location. Since we have spotted "soapbottle 1," the most reasonable next action would be to pick it up.

However, among the answer choices provided, there is no option to pick up the soapbottle. The closest action related to manipulating the soapbottle is to put it in/on the countertop, which is not the required action since it is already on the countertop. The correct action should be to pick up the soapbottle and then go to the garbagecan to dispose of it.

Since there is no option to pick up the soapbottle, but the soapbottle is already examined as it is visible and labeled in the image, the next best action according to the choices would be to go to the garbagecan to prepare to dispose of the soapbottle.

The answer is: (3): go to garbagecan 1

----------------------------------------

----------------------------------------

>>> Refine Original VLM Response and Get Pure Action: go to garbagecan 1

----------------------------------------

-----------------------------------------------------------------

Running time: 13.163216829299927 seconds

Total Money: 17.534090000000003

-----------------------------------------------------------------

-----------------------------------------------------------------

Text Observation:You arrive at loc 3. On the garbagecan 1, you see a handtowel 1, a soapbottle 3, a toiletpaper 1, a cloth 1, a scrubbrush 1, and a plunger 1.

--------------------------------------------------------------------------------------------------------------------------task: 27---------------------------------------------------------
--------------------------------------------------------------------------------------------------------------------------------------------------------------------
--------------------------------------------------------------------------------------------------------------------------------------------------------------------
Step:--------------------------------------------------------------------------10-------------------------------------------------------------------------------
----------------------------------------
VLM Prompt:
Image1:
<image>
Image2:
<image>
Image3:
<image>
**Instruction**
1. Analyze the provided image to identify all visible household objects, focusing on those relevant to the task description "find two soapbottle and put them in garbagecan."
2. Use the analysis of the image and the task hint "The agent must find an object of the desired type, pick it up, find the correct location to place it, put it down there, then look for another object of the desired type, pick it up, return to previous location, and put it down there with the other object." to answer the question: what is the most reasonable action in the choices for the task description "find two soapbottle and put them in garbagecan"?
4. Decide and write the answer using the template: The answer is: (i): <selected_action>, where i is the real number. If there is no desired object in the image, search every place based on **Initial Observation** to find the object. And if no one is exactly correct, choose a similar answer.

**Initial Observation**
You are in the middle of a room. Looking quickly around you, you can see countertop (1), sinkbasin (1-2), sink (1-2), garbagecan (1), drawer (1-2), toilet (1), handtowelholder (1)

**Answer Choices**
(1): go to sinkbasin 1
(2): go to sink 1
(3): go to drawer 1
(4): go to drawer 2
(5): go to sink 2
(6): go to sinkbasin 2
(7): go to toilet 1
(8): go to handtowelholder 1
(9): put soapbottle 1 in/on garbagecan 1
(10): examine garbagecan 1

**Answer**
Let's think step by step by following the instructions.
----------------------------------------

----------------------------------------

Original Response:
Firstly, we need to identify all visible household objects related to the task description "find two soapbottle and put them in garbagecan." In the provided images, we can see soapbottle 1 in Image 1 and 2, and soapbottle 3 in Image 3. We can also see garbagecan 1 in Image 1 and 3.

Following the task hint, the agent must first find a soapbottle, pick it up, and then find the garbagecan to place it in. After that, the agent will need to find another soapbottle, pick it up, and return to the garbagecan to put it down with the other soapbottle.

Given this information and the initial observation of the room layout, the most reasonable action from the choices provided is to go to the location of a soapbottle, pick it up, and then go to the garbagecan to put it in. Since soapbottle 1 is visible in Image 1 and 2, the agent does not need to search every place. Therefore, the action of picking up soapbottle 1 should be selected.

However, none of the answer choices directly state to pick up soapbottle 1. The closest action related to this would be to go to the location of soapbottle 1, which is on sink 1. Therefore, the most reasonable action to start the task would be to go to sink 1 where soapbottle 1 is located.

The answer is: (2): go to sink 1

----------------------------------------

----------------------------------------

>>> Refine Original VLM Response and Get Pure Action: go to sink 1

----------------------------------------

-----------------------------------------------------------------

Running time: 20.720258951187134 seconds

Total Money: 17.570610000000002

-----------------------------------------------------------------

-----------------------------------------------------------------

Text Observation:You arrive at loc 2. On the sink 1, you see a faucet 1, a cloth 1, and a soapbar 1.

--------------------------------------------------------------------------------------------------------------------------task: 27---------------------------------------------------------
--------------------------------------------------------------------------------------------------------------------------------------------------------------------
--------------------------------------------------------------------------------------------------------------------------------------------------------------------
Step:--------------------------------------------------------------------------11-------------------------------------------------------------------------------
----------------------------------------
VLM Prompt:
Image1:
<image>
Image2:
<image>
Image3:
<image>
**Instruction**
1. Analyze the provided image to identify all visible household objects, focusing on those relevant to the task description "find two soapbottle and put them in garbagecan."
2. Use the analysis of the image and the task hint "The agent must find an object of the desired type, pick it up, find the correct location to place it, put it down there, then look for another object of the desired type, pick it up, return to previous location, and put it down there with the other object." to answer the question: what is the most reasonable action in the choices for the task description "find two soapbottle and put them in garbagecan"?
4. Decide and write the answer using the template: The answer is: (i): <selected_action>, where i is the real number. If there is no desired object in the image, search every place based on **Initial Observation** to find the object. And if no one is exactly correct, choose a similar answer.

**Initial Observation**
You are in the middle of a room. Looking quickly around you, you can see countertop (1), sinkbasin (1-2), sink (1-2), garbagecan (1), drawer (1-2), toilet (1), handtowelholder (1)

**Answer Choices**
(1): go to sinkbasin 1
(2): go to drawer 1
(3): go to drawer 2
(4): go to sink 2
(5): go to sinkbasin 2
(6): go to toilet 1
(7): go to handtowelholder 1
(8): put soapbottle 1 in/on sink 1
(9): clean soapbottle 1 with sinkbasin 1
(10): clean soapbottle 1 with sink 1
(11): clean soapbottle 1 with sink 2
(12): clean soapbottle 1 with sinkbasin 2
(13): examine soapbottle 1
(14): examine sink 1

**Answer**
Let's think step by step by following the instructions.
----------------------------------------

----------------------------------------

Original Response:
First, we need to find two soapbottles. In the images provided, we can see soapbottle 1 in image 1 and soapbottle 3 in image 2. The task requires us to put them in garbagecan 1. The garbagecan is not visible in the images, but based on the initial observation, we know there is one garbagecan in the room.

The most reasonable action to complete this task would be to pick up the soapbottles and put them in the garbagecan. However, none of the answer choices directly state picking up the soapbottles or putting them in the garbagecan. The closest actions related to the soapbottles would be to "examine soapbottle 1" or "go to sinkbasin 1" or "go to sinkbasin 2" where the soapbottles are located near.

Since "examine soapbottle 1" doesn't imply any interaction that progresses the task of moving the bottles, and the goal is to eventually move them to the garbagecan, the best option is to go to the location of a soapbottle in preparation to pick it up.

Therefore, the answer is: (1): go to sinkbasin 1, where soapbottle 1 is located. This action will bring the agent closer to one of the soapbottles, which is the first step in completing the task.

----------------------------------------

----------------------------------------

>>> Refine Original VLM Response and Get Pure Action: No action

----------------------------------------

-----------------------------------------------------------------

Running time: 21.034024238586426 seconds

Total Money: 17.60703

-----------------------------------------------------------------

-----------------------------------------------------------------

Text Observation:Nothing happens.

--------------------------------------------------------------------------------------------------------------------------task: 27---------------------------------------------------------
--------------------------------------------------------------------------------------------------------------------------------------------------------------------
--------------------------------------------------------------------------------------------------------------------------------------------------------------------
Step:--------------------------------------------------------------------------12-------------------------------------------------------------------------------
----------------------------------------
VLM Prompt:
Image1:
<image>
Image2:
<image>
Image3:
<image>
**Instruction**
1. Analyze the provided image to identify all visible household objects, focusing on those relevant to the task description "find two soapbottle and put them in garbagecan."
2. Use the analysis of the image and the task hint "The agent must find an object of the desired type, pick it up, find the correct location to place it, put it down there, then look for another object of the desired type, pick it up, return to previous location, and put it down there with the other object." to answer the question: what is the most reasonable action in the choices for the task description "find two soapbottle and put them in garbagecan"?
4. Decide and write the answer using the template: The answer is: (i): <selected_action>, where i is the real number. If there is no desired object in the image, search every place based on **Initial Observation** to find the object. And if no one is exactly correct, choose a similar answer.

**Initial Observation**
You are in the middle of a room. Looking quickly around you, you can see countertop (1), sinkbasin (1-2), sink (1-2), garbagecan (1), drawer (1-2), toilet (1), handtowelholder (1)

**Answer Choices**
(1): go to countertop 1
(2): go to sinkbasin 1
(3): go to drawer 1
(4): go to drawer 2
(5): go to sink 2
(6): go to sinkbasin 2
(7): go to toilet 1
(8): go to handtowelholder 1
(9): put soapbottle 1 in/on sink 1
(10): clean soapbottle 1 with sinkbasin 1
(11): clean soapbottle 1 with sink 1
(12): clean soapbottle 1 with sink 2
(13): clean soapbottle 1 with sinkbasin 2
(14): examine soapbottle 1
(15): examine sink 1

**Answer**
Let's think step by step by following the instructions.
----------------------------------------

----------------------------------------

Original Response:
The task is to find two soapbottle and put them in garbagecan. From the initial observation, we can see there is a garbagecan mentioned in the room, so we know where to put the soapbottles once we find them.

In the provided images, we can see two soapbottles. In Image 1, soapbottle 1 is on the countertop, and in Image 2 and Image 3, soapbottle 1 is near sink 1. There is no other soapbottle visible in the images. Since we need to find two soapbottles, we must search other places based on the initial observation.

None of the answer choices involve searching for another soapbottle, but we can start by going to the soapbottle that we can see. The most reasonable action would be to go to the visible soapbottle, pick it up, and then continue searching for the second one.

The answer is: (1): go to countertop 1.

----------------------------------------

----------------------------------------

>>> Refine Original VLM Response and Get Pure Action: go to countertop 1

----------------------------------------

-----------------------------------------------------------------

Running time: 15.422862529754639 seconds

Total Money: 17.64094

-----------------------------------------------------------------

-----------------------------------------------------------------

Text Observation:You arrive at loc 0. On the countertop 1, you see a faucet 1, a cloth 1, and a soapbar 1.

--------------------------------------------------------------------------------------------------------------------------task: 27---------------------------------------------------------
--------------------------------------------------------------------------------------------------------------------------------------------------------------------
--------------------------------------------------------------------------------------------------------------------------------------------------------------------
Step:--------------------------------------------------------------------------13-------------------------------------------------------------------------------
----------------------------------------
VLM Prompt:
Image1:
<image>
Image2:
<image>
Image3:
<image>
**Instruction**
1. Analyze the provided image to identify all visible household objects, focusing on those relevant to the task description "find two soapbottle and put them in garbagecan."
2. Use the analysis of the image and the task hint "The agent must find an object of the desired type, pick it up, find the correct location to place it, put it down there, then look for another object of the desired type, pick it up, return to previous location, and put it down there with the other object." to answer the question: what is the most reasonable action in the choices for the task description "find two soapbottle and put them in garbagecan"?
4. Decide and write the answer using the template: The answer is: (i): <selected_action>, where i is the real number. If there is no desired object in the image, search every place based on **Initial Observation** to find the object. And if no one is exactly correct, choose a similar answer.

**Initial Observation**
You are in the middle of a room. Looking quickly around you, you can see countertop (1), sinkbasin (1-2), sink (1-2), garbagecan (1), drawer (1-2), toilet (1), handtowelholder (1)

**Answer Choices**
(1): go to sinkbasin 1
(2): go to garbagecan 1
(3): go to drawer 1
(4): go to drawer 2
(5): go to sink 2
(6): go to sinkbasin 2
(7): go to toilet 1
(8): go to handtowelholder 1
(9): put soapbottle 1 in/on countertop 1
(10): examine soapbottle 1
(11): examine countertop 1

**Answer**
Let's think step by step by following the instructions.
----------------------------------------

----------------------------------------

Original Response:
Firstly, we need to identify all visible household objects relevant to the task description. In the images, we can see:

- soapbottle 1
- sink 1
- sinkbasin 1
- countertop 1
- cloth 1
- garbagecan 1 (mentioned in the initial observation but not visible in the image)

Given the task is to find two soap bottles and put them in the garbage can, the most logical first step would be to examine or pick up the soap bottle we can see, which is soapbottle 1. Once we have soapbottle 1, we would look for another soap bottle, which is not visible in the current image. The initial observation hints at other locations that we could search, such as drawers or the other sink basin.

With the task hint in mind, we need to pick up the first soap bottle before searching for the second one. Therefore, the most reasonable next action from the choices provided would be to examine soapbottle 1 to pick it up.

The answer is: (10): examine soapbottle 1.

----------------------------------------

----------------------------------------

>>> Refine Original VLM Response and Get Pure Action: examine soapbottle 1

----------------------------------------

-----------------------------------------------------------------

Running time: 38.608898878097534 seconds

Total Money: 17.674870000000002

-----------------------------------------------------------------

-----------------------------------------------------------------

Text Observation:This is a normal soapbottle 1

--------------------------------------------------------------------------------------------------------------------------task: 27---------------------------------------------------------
--------------------------------------------------------------------------------------------------------------------------------------------------------------------
--------------------------------------------------------------------------------------------------------------------------------------------------------------------
Step:--------------------------------------------------------------------------14-------------------------------------------------------------------------------
----------------------------------------
VLM Prompt:
Image1:
<image>
Image2:
<image>
Image3:
<image>
**Instruction**
1. Analyze the provided image to identify all visible household objects, focusing on those relevant to the task description "find two soapbottle and put them in garbagecan."
2. Use the analysis of the image and the task hint "The agent must find an object of the desired type, pick it up, find the correct location to place it, put it down there, then look for another object of the desired type, pick it up, return to previous location, and put it down there with the other object." to answer the question: what is the most reasonable action in the choices for the task description "find two soapbottle and put them in garbagecan"?
4. Decide and write the answer using the template: The answer is: (i): <selected_action>, where i is the real number. If there is no desired object in the image, search every place based on **Initial Observation** to find the object. And if no one is exactly correct, choose a similar answer.

**Initial Observation**
You are in the middle of a room. Looking quickly around you, you can see countertop (1), sinkbasin (1-2), sink (1-2), garbagecan (1), drawer (1-2), toilet (1), handtowelholder (1)

**Answer Choices**
(1): go to sinkbasin 1
(2): go to sink 1
(3): go to garbagecan 1
(4): go to drawer 1
(5): go to drawer 2
(6): go to sink 2
(7): go to sinkbasin 2
(8): go to toilet 1
(9): go to handtowelholder 1
(10): put soapbottle 1 in/on countertop 1
(11): examine countertop 1

**Answer**
Let's think step by step by following the instructions.
----------------------------------------

----------------------------------------

Original Response:
The task is to find two soapbottles and put them in the garbagecan. From the initial observation, we know there is a garbagecan in the room. Analyzing the image, we can see there is a soapbottle labeled "soapbottle 1" on the countertop next to the sink. 

To accomplish the task, the first logical step would be to pick up the visible soapbottle. However, none of the answer choices explicitly state "pick up soapbottle 1." The closest action related to the soapbottle would be to examine it, which may imply picking it up afterward. Therefore, the most reasonable action to begin completing the task is to examine the countertop where the soapbottle is located.

The answer is: (11): examine countertop 1

----------------------------------------

----------------------------------------

>>> Refine Original VLM Response and Get Pure Action: examine countertop 1

----------------------------------------

-----------------------------------------------------------------

Running time: 9.490889072418213 seconds

Total Money: 17.706930000000003

-----------------------------------------------------------------

-----------------------------------------------------------------

Text Observation:On the countertop 1, you see a faucet 1, a cloth 1, and a soapbar 1.

--------------------------------------------------------------------------------------------------------------------------task: 27---------------------------------------------------------
--------------------------------------------------------------------------------------------------------------------------------------------------------------------
--------------------------------------------------------------------------------------------------------------------------------------------------------------------
Step:--------------------------------------------------------------------------15-------------------------------------------------------------------------------
----------------------------------------
VLM Prompt:
Image1:
<image>
Image2:
<image>
Image3:
<image>
**Instruction**
1. Analyze the provided image to identify all visible household objects, focusing on those relevant to the task description "find two soapbottle and put them in garbagecan."
2. Use the analysis of the image and the task hint "The agent must find an object of the desired type, pick it up, find the correct location to place it, put it down there, then look for another object of the desired type, pick it up, return to previous location, and put it down there with the other object." to answer the question: what is the most reasonable action in the choices for the task description "find two soapbottle and put them in garbagecan"?
4. Decide and write the answer using the template: The answer is: (i): <selected_action>, where i is the real number. If there is no desired object in the image, search every place based on **Initial Observation** to find the object. And if no one is exactly correct, choose a similar answer.

**Initial Observation**
You are in the middle of a room. Looking quickly around you, you can see countertop (1), sinkbasin (1-2), sink (1-2), garbagecan (1), drawer (1-2), toilet (1), handtowelholder (1)

**Answer Choices**
(1): go to sinkbasin 1
(2): go to sink 1
(3): go to garbagecan 1
(4): go to drawer 1
(5): go to drawer 2
(6): go to sink 2
(7): go to sinkbasin 2
(8): go to toilet 1
(9): go to handtowelholder 1
(10): put soapbottle 1 in/on countertop 1

**Answer**
Let's think step by step by following the instructions.
----------------------------------------

----------------------------------------

Original Response:
Firstly, we need to identify all visible household objects related to the task. In the image, we can see a soapbottle 1 on the countertop 1 and another soapbottle 1 near the sink 1. We also see a garbagecan 1 to the left of the image, which is the location where we need to put the soapbottles.

Given the task description "find two soapbottle and put them in garbagecan," the most reasonable action from the choices would be to go to one of the soapbottles. Since the soapbottle on the countertop is labeled and visible, it's the best option to start with.

The answer is: (1): go to sinkbasin 1.

----------------------------------------

----------------------------------------

>>> Refine Original VLM Response and Get Pure Action: go to sinkbasin 1

----------------------------------------

-----------------------------------------------------------------

Running time: 15.628508567810059 seconds

Total Money: 17.738570000000003

-----------------------------------------------------------------

-----------------------------------------------------------------

Text Observation:You arrive at loc 1. On the sinkbasin 1, you see a faucet 1, a cloth 1, and a soapbar 1.

--------------------------------------------------------------------------------------------------------------------------task: 27---------------------------------------------------------
--------------------------------------------------------------------------------------------------------------------------------------------------------------------
--------------------------------------------------------------------------------------------------------------------------------------------------------------------
Step:--------------------------------------------------------------------------16-------------------------------------------------------------------------------
----------------------------------------
VLM Prompt:
Image1:
<image>
Image2:
<image>
Image3:
<image>
**Instruction**
1. Analyze the provided image to identify all visible household objects, focusing on those relevant to the task description "find two soapbottle and put them in garbagecan."
2. Use the analysis of the image and the task hint "The agent must find an object of the desired type, pick it up, find the correct location to place it, put it down there, then look for another object of the desired type, pick it up, return to previous location, and put it down there with the other object." to answer the question: what is the most reasonable action in the choices for the task description "find two soapbottle and put them in garbagecan"?
4. Decide and write the answer using the template: The answer is: (i): <selected_action>, where i is the real number. If there is no desired object in the image, search every place based on **Initial Observation** to find the object. And if no one is exactly correct, choose a similar answer.

**Initial Observation**
You are in the middle of a room. Looking quickly around you, you can see countertop (1), sinkbasin (1-2), sink (1-2), garbagecan (1), drawer (1-2), toilet (1), handtowelholder (1)

**Answer Choices**
(1): go to countertop 1
(2): go to sink 1
(3): go to garbagecan 1
(4): go to drawer 1
(5): go to drawer 2
(6): go to sink 2
(7): go to sinkbasin 2
(8): go to toilet 1
(9): go to handtowelholder 1
(10): put soapbottle 1 in/on sinkbasin 1
(11): clean soapbottle 1 with sinkbasin 1
(12): clean soapbottle 1 with sink 1
(13): clean soapbottle 1 with sink 2
(14): clean soapbottle 1 with sinkbasin 2
(15): examine sinkbasin 1

**Answer**
Let's think step by step by following the instructions.
----------------------------------------

----------------------------------------

Original Response:
First, we need to identify all visible household objects relevant to the task. In the image, we can see a soapbottle (1), a sink (1), a sinkbasin (1), a garbagecan (1), and a cloth (1).

The task is to find two soapbottles and put them in the garbagecan. We can see only one soapbottle in the image, so we need to search for another one. Since there is no other soapbottle visible in the image, we should search every place based on the Initial Observation to find the second soapbottle.

The most reasonable action to start with would be to go to the garbagecan to put the visible soapbottle (1) in it, as this is part of the task description. However, since we need to find another soapbottle first, we should explore other locations where the second soapbottle might be found.

Given the answer choices, the most reasonable action would be to check locations like the countertop, drawers, or sinkbasin, which are common places to find such items. Since we only see one soapbottle and have already analyzed the sink and sinkbasin area, we can rule out actions related to cleaning the soapbottle or examining the sinkbasin again.

Therefore, the most reasonable next action would be to check other storage spaces like drawers. The answer is: (4): go to drawer 1.

----------------------------------------

----------------------------------------

>>> Refine Original VLM Response and Get Pure Action: go to drawer 1

----------------------------------------

-----------------------------------------------------------------

Running time: 14.316283702850342 seconds

Total Money: 17.77511

-----------------------------------------------------------------

-----------------------------------------------------------------

Text Observation:You arrive at loc 4. The drawer 1 is closed. 

--------------------------------------------------------------------------------------------------------------------------task: 27---------------------------------------------------------
--------------------------------------------------------------------------------------------------------------------------------------------------------------------
--------------------------------------------------------------------------------------------------------------------------------------------------------------------
Step:--------------------------------------------------------------------------17-------------------------------------------------------------------------------
----------------------------------------
VLM Prompt:
Image1:
<image>
Image2:
<image>
Image3:
<image>
**Instruction**
1. Analyze the provided image to identify all visible household objects, focusing on those relevant to the task description "find two soapbottle and put them in garbagecan."
2. Use the analysis of the image and the task hint "The agent must find an object of the desired type, pick it up, find the correct location to place it, put it down there, then look for another object of the desired type, pick it up, return to previous location, and put it down there with the other object." to answer the question: what is the most reasonable action in the choices for the task description "find two soapbottle and put them in garbagecan"?
4. Decide and write the answer using the template: The answer is: (i): <selected_action>, where i is the real number. If there is no desired object in the image, search every place based on **Initial Observation** to find the object. And if no one is exactly correct, choose a similar answer.

**Initial Observation**
You are in the middle of a room. Looking quickly around you, you can see countertop (1), sinkbasin (1-2), sink (1-2), garbagecan (1), drawer (1-2), toilet (1), handtowelholder (1)

**Answer Choices**
(1): go to countertop 1
(2): go to sink 1
(3): go to garbagecan 1
(4): go to drawer 2
(5): go to sink 2
(6): go to sinkbasin 2
(7): go to toilet 1
(8): go to handtowelholder 1
(9): open drawer 1
(10): close drawer 1
(11): put soapbottle 1 in/on drawer 1
(12): examine soapbottle 1
(13): examine drawer 1

**Answer**
Let's think step by step by following the instructions.
----------------------------------------

----------------------------------------

Original Response:
First, we need to find two soap bottles. In the images, we can see soapbottle 1 in Image1 and soapbottle 3 in Image3. So we have located two soap bottles.

Next, according to the task description and hint, we must pick up the soap bottles and put them in the garbagecan 1. Before we can put them in the garbagecan, we need to go to their location and pick them up.

Since soapbottle 1 is visible and closer in the image, the most reasonable first action would be to go to the location of soapbottle 1 and then pick it up. The garbagecan 1 is also visible in Image3, so after picking up soapbottle 1, we would proceed to put it in garbagecan 1. Afterward, we would need to go to the location of soapbottle 3, pick it up, and put it in the garbagecan 1 with soapbottle 1.

The answer is: (2): go to sink 1

----------------------------------------

----------------------------------------

>>> Refine Original VLM Response and Get Pure Action: go to sink 1

----------------------------------------

-----------------------------------------------------------------

Running time: 14.328833103179932 seconds

Total Money: 17.80881

-----------------------------------------------------------------

-----------------------------------------------------------------

Text Observation:You arrive at loc 2. On the sink 1, you see a faucet 1, a cloth 1, and a soapbar 1.

--------------------------------------------------------------------------------------------------------------------------task: 27---------------------------------------------------------
--------------------------------------------------------------------------------------------------------------------------------------------------------------------
--------------------------------------------------------------------------------------------------------------------------------------------------------------------
Step:--------------------------------------------------------------------------18-------------------------------------------------------------------------------
----------------------------------------
VLM Prompt:
Image1:
<image>
Image2:
<image>
Image3:
<image>
**Instruction**
1. Analyze the provided image to identify all visible household objects, focusing on those relevant to the task description "find two soapbottle and put them in garbagecan."
2. Use the analysis of the image and the task hint "The agent must find an object of the desired type, pick it up, find the correct location to place it, put it down there, then look for another object of the desired type, pick it up, return to previous location, and put it down there with the other object." to answer the question: what is the most reasonable action in the choices for the task description "find two soapbottle and put them in garbagecan"?
4. Decide and write the answer using the template: The answer is: (i): <selected_action>, where i is the real number. If there is no desired object in the image, search every place based on **Initial Observation** to find the object. And if no one is exactly correct, choose a similar answer.

**Initial Observation**
You are in the middle of a room. Looking quickly around you, you can see countertop (1), sinkbasin (1-2), sink (1-2), garbagecan (1), drawer (1-2), toilet (1), handtowelholder (1)

**Answer Choices**
(1): go to countertop 1
(2): go to garbagecan 1
(3): go to drawer 2
(4): go to sink 2
(5): go to sinkbasin 2
(6): go to toilet 1
(7): go to handtowelholder 1
(8): put soapbottle 1 in/on sink 1
(9): clean soapbottle 1 with sinkbasin 1
(10): clean soapbottle 1 with sink 1
(11): clean soapbottle 1 with sink 2
(12): clean soapbottle 1 with sinkbasin 2
(13): examine soapbottle 1
(14): examine sink 1

**Answer**
Let's think step by step by following the instructions.
----------------------------------------

----------------------------------------

Original Response:
First, we need to identify all visible household objects related to the task "find two soapbottle and put them in garbagecan." From the images provided, we can see soapbottle 1 in front of sink 1 on countertop 1 in Image 1 and Image 3. In Image 2, we can see soapbottle 3 near faucet 2 on countertop 1.

Now, following the task hint, the agent must first find an object of the desired type (soapbottle), pick it up, and then find the correct location to place it (garbagecan). 

Therefore, the most reasonable action from the choices given for the task description would be to go to the location where the soapbottle is visible. In this case, we can see soapbottle 1 on countertop 1, so the first action should be to go there.

The answer is: (1): go to countertop 1

----------------------------------------

----------------------------------------

>>> Refine Original VLM Response and Get Pure Action: go to countertop 1

----------------------------------------

-----------------------------------------------------------------

Running time: 15.497222423553467 seconds

Total Money: 17.842290000000002

-----------------------------------------------------------------

-----------------------------------------------------------------

Text Observation:You arrive at loc 0. On the countertop 1, you see a faucet 1, a cloth 1, and a soapbar 1.

--------------------------------------------------------------------------------------------------------------------------task: 27---------------------------------------------------------
--------------------------------------------------------------------------------------------------------------------------------------------------------------------
--------------------------------------------------------------------------------------------------------------------------------------------------------------------
Step:--------------------------------------------------------------------------19-------------------------------------------------------------------------------
----------------------------------------
VLM Prompt:
Image1:
<image>
Image2:
<image>
Image3:
<image>
**Instruction**
1. Analyze the provided image to identify all visible household objects, focusing on those relevant to the task description "find two soapbottle and put them in garbagecan."
2. Use the analysis of the image and the task hint "The agent must find an object of the desired type, pick it up, find the correct location to place it, put it down there, then look for another object of the desired type, pick it up, return to previous location, and put it down there with the other object." to answer the question: what is the most reasonable action in the choices for the task description "find two soapbottle and put them in garbagecan"?
4. Decide and write the answer using the template: The answer is: (i): <selected_action>, where i is the real number. If there is no desired object in the image, search every place based on **Initial Observation** to find the object. And if no one is exactly correct, choose a similar answer.

**Initial Observation**
You are in the middle of a room. Looking quickly around you, you can see countertop (1), sinkbasin (1-2), sink (1-2), garbagecan (1), drawer (1-2), toilet (1), handtowelholder (1)

**Answer Choices**
(1): go to sinkbasin 1
(2): go to garbagecan 1
(3): go to drawer 2
(4): go to sink 2
(5): go to sinkbasin 2
(6): go to toilet 1
(7): go to handtowelholder 1
(8): put soapbottle 1 in/on countertop 1
(9): examine soapbottle 1
(10): examine countertop 1

**Answer**
Let's think step by step by following the instructions.
----------------------------------------

----------------------------------------

Original Response:
First, we need to identify the soap bottles. In Image 1, we can see soapbottle 1 and soapbottle 3 clearly labelled on the countertop 1 near sinkbasin 1 and sinkbasin 2 respectively. 

Next, we need to find the garbagecan to know where to put the soapbottles once we have picked them up. From the initial observation, we know there is a garbagecan 1 in the room.

Since the task description says "find two soapbottle and put them in garbagecan," the most reasonable action would be to first go to where the soap bottles are located. We can see soapbottle 1 in Image 1, which is near sinkbasin 1.

Therefore, the answer is: (1): go to sinkbasin 1.

----------------------------------------

----------------------------------------

>>> Refine Original VLM Response and Get Pure Action: No action

----------------------------------------

-----------------------------------------------------------------

Running time: 12.754354238510132 seconds

Total Money: 17.874450000000003

-----------------------------------------------------------------

-----------------------------------------------------------------

Text Observation:Nothing happens.

-----------------------------------------------------------------