---------------------------------------------------------task: 21---------------------------------------------------------
--------------------------------------------------------------------------------------------------------------------------------------------------------------------
--------------------------------------------------------------------------------------------------------------------------------------------------------------------
Step:--------------------------------------------------------------------------0-------------------------------------------------------------------------------
----------------------------------------
VLM Prompt:
Image1:
<image>
**Instruction**
1. Analyze the provided images to identify all visible household objects and compare the difference between images (e.h. whether the object is opened or not and taken on hand or not), focusing on those relevant to the task description "put a hot cup in countertop."
2. Use the analysis of images and the task hint "The agent must find an object of the desired type, pick it up, go to a microwave, heat the object with the microwave, then find the correct location to place it, and put it down there. The agent does not need to use the microwave button or open the microwave to heat the object, and the agent just needs to do action that is "heat the object with the microwave"." to answer the question: what is the most reasonable action in the choices for the task description "put a hot cup in countertop"?
3. Decide and write the answer using the template: The answer is: (i): <selected_action>, where i is the real number. If there is no desired object in images, search every place based on **Initial Observation** to find the object. And if no one is exactly correct, choose a similar answer.

**Initial Observation**
You are in the middle of a room. Looking quickly around you, you can see cabinet (1-6), microwave (1), countertop (1-2), coffeemachine (1), toaster (1), sink (1), sinkbasin (1), fridge (1)

**Answer Choices**
(1): go to cabinet 1
(2): go to cabinet 2
(3): go to cabinet 3
(4): go to microwave 1
(5): go to cabinet 4
(6): go to cabinet 5
(7): go to cabinet 6
(8): go to countertop 1
(9): go to coffeemachine 1
(10): go to toaster 1
(11): go to countertop 2
(12): go to sink 1
(13): go to sinkbasin 1
(14): go to fridge 1


**Answer**
Let's think step by step by following the instructions.
----------------------------------------

----------------------------------------

Original Response:
Firstly, we need to find a cup to put on the countertop. Looking at the provided image, there is no cup visible in the sink or on the countertop near the sink; only a fork and a spoon are visible. Therefore, we need to search other places based on the Initial Observation.

Since a cup is not an object typically stored in a microwave, coffeemachine, toaster, sink, sinkbasin, or fridge, the most likely places to find a cup would be in one of the cabinets. There's no information given that suggests which cabinet might contain cups, so any of them could be the correct choice.

After finding a cup, the task description mentions that the cup needs to be hot, which implies that we need to heat it in the microwave. Therefore, the next logical step after finding a cup would be to go to the microwave to heat it.

Once the cup is heated, the final step would be to place it on the countertop. Since there are two countertops mentioned in the Initial Observation, we can choose either of them.

Based on this analysis, the most reasonable action would be:
The answer is: (1): go to cabinet 1

If the cup is not found in cabinet 1, the search should continue in the next cabinets until the cup is found, followed by going to the microwave to heat it, and then placing it on the countertop.

----------------------------------------

----------------------------------------

>>> Refine Original VLM Response and Get Pure Action: go to cabinet 1

If the cup is not found in cabinet 1, the search should continue in the next cabinets until the cup is found, followed by going to the microwave to heat it, and then placing it on the countertop

----------------------------------------

-----------------------------------------------------------------

Running time: 15.572157621383667 seconds

Total Money: 10.358880000000001

-----------------------------------------------------------------

-----------------------------------------------------------------

Text Observation:Nothing happens.

--------------------------------------------------------------------------------------------------------------------------task: 21---------------------------------------------------------
--------------------------------------------------------------------------------------------------------------------------------------------------------------------
--------------------------------------------------------------------------------------------------------------------------------------------------------------------
Step:--------------------------------------------------------------------------1-------------------------------------------------------------------------------
----------------------------------------
VLM Prompt:
Image1:
<image>
Image2:
<image>
**Instruction**
1. Analyze the provided images to identify all visible household objects and compare the difference between images (e.h. whether the object is opened or not and taken on hand or not), focusing on those relevant to the task description "put a hot cup in countertop."
2. Use the analysis of images and the task hint "The agent must find an object of the desired type, pick it up, go to a microwave, heat the object with the microwave, then find the correct location to place it, and put it down there. The agent does not need to use the microwave button or open the microwave to heat the object, and the agent just needs to do action that is "heat the object with the microwave"." to answer the question: what is the most reasonable action in the choices for the task description "put a hot cup in countertop"?
3. Decide and write the answer using the template: The answer is: (i): <selected_action>, where i is the real number. If there is no desired object in images, search every place based on **Initial Observation** to find the object. And if no one is exactly correct, choose a similar answer.

**Initial Observation**
You are in the middle of a room. Looking quickly around you, you can see cabinet (1-6), microwave (1), countertop (1-2), coffeemachine (1), toaster (1), sink (1), sinkbasin (1), fridge (1)

**Answer Choices**
(1): go to cabinet 1
(2): go to cabinet 2
(3): go to cabinet 3
(4): go to microwave 1
(5): go to cabinet 4
(6): go to cabinet 5
(7): go to cabinet 6
(8): go to countertop 1
(9): go to coffeemachine 1
(10): go to toaster 1
(11): go to countertop 2
(12): go to sink 1
(13): go to sinkbasin 1
(14): go to fridge 1


**Answer**
Let's think step by step by following the instructions.
----------------------------------------

----------------------------------------

Original Response:
Firstly, we need to identify all visible household objects in the provided images. In both images, we can see a sink, a sinkbasin, and what appears to be a trash can or a kitchen appliance to the right. However, there is no visible cup or microwave in either image. 

Since the task is to "put a hot cup in countertop," we need to find a cup, heat it in the microwave, and then place it on the countertop. The images do not show a cup, so we must search every place based on the Initial Observation to find one. 

According to the task hint, the agent does not need to use the microwave button or open the microwave to heat the object. Instead, the action is "heat the object with the microwave". So, the first step is to find a cup.

None of the answer choices directly mention finding a cup, but it is reasonable to assume that a cup might be found in a cabinet or the fridge. Since the fridge is less likely to contain a cup, we should check the cabinets first.

The most reasonable action for the task description "put a hot cup in countertop" would be to first find a cup. Therefore, the answer is:

The answer is: (1): go to cabinet 1

If a cup is not found in cabinet 1, the agent would then proceed to check the other cabinets in numerical order.

----------------------------------------

----------------------------------------

>>> Refine Original VLM Response and Get Pure Action: go to cabinet 1

If a cup is not found in cabinet 1, the agent would then proceed to check the other cabinets in numerical order

----------------------------------------

-----------------------------------------------------------------

Running time: 15.35554552078247 seconds

Total Money: 10.38747

-----------------------------------------------------------------

-----------------------------------------------------------------

Text Observation:Nothing happens.

--------------------------------------------------------------------------------------------------------------------------task: 21---------------------------------------------------------
--------------------------------------------------------------------------------------------------------------------------------------------------------------------
--------------------------------------------------------------------------------------------------------------------------------------------------------------------
Step:--------------------------------------------------------------------------2-------------------------------------------------------------------------------
----------------------------------------
VLM Prompt:
Image1:
<image>
Image2:
<image>
**Instruction**
1. Analyze the provided images to identify all visible household objects and compare the difference between images (e.h. whether the object is opened or not and taken on hand or not), focusing on those relevant to the task description "put a hot cup in countertop."
2. Use the analysis of images and the task hint "The agent must find an object of the desired type, pick it up, go to a microwave, heat the object with the microwave, then find the correct location to place it, and put it down there. The agent does not need to use the microwave button or open the microwave to heat the object, and the agent just needs to do action that is "heat the object with the microwave"." to answer the question: what is the most reasonable action in the choices for the task description "put a hot cup in countertop"?
3. Decide and write the answer using the template: The answer is: (i): <selected_action>, where i is the real number. If there is no desired object in images, search every place based on **Initial Observation** to find the object. And if no one is exactly correct, choose a similar answer.

**Initial Observation**
You are in the middle of a room. Looking quickly around you, you can see cabinet (1-6), microwave (1), countertop (1-2), coffeemachine (1), toaster (1), sink (1), sinkbasin (1), fridge (1)

**Answer Choices**
(1): go to cabinet 1
(2): go to cabinet 2
(3): go to cabinet 3
(4): go to microwave 1
(5): go to cabinet 4
(6): go to cabinet 5
(7): go to cabinet 6
(8): go to countertop 1
(9): go to coffeemachine 1
(10): go to toaster 1
(11): go to countertop 2
(12): go to sink 1
(13): go to sinkbasin 1
(14): go to fridge 1


**Answer**
Let's think step by step by following the instructions.
----------------------------------------

----------------------------------------

Original Response:
Image Analysis:
- In both images, there is no visible cup or any object that resembles a cup.
- The objects visible in the images are a sink with a faucet, a spoon, and a fork inside it, and a trash can beside the sink.
- There are no noticeable differences between the two images; the objects remain the same and in the same state (no object appears to be opened or held).

Task Analysis:
- Based on the task description, the agent needs to find a cup, heat it in the microwave, and then place it on the countertop.
- Since the images do not show a cup, the agent needs to search for it.
- The task hint indicates that the agent does not need to use the microwave button or open the microwave to heat the object.

Action Decision:
- Cabinets are typically where cups are stored, so the agent should first look in the cabinets.
- The agent does not need to go to the microwave yet because it needs to find the cup before heating it.
- The agent does not need to go to the countertop yet because it needs the hot cup first to place it there.
- The agent does not need to go to the coffeemachine, toaster, sink, sinkbasin, or fridge as these are not relevant to finding a cup.

The answer is: (1): go to cabinet 1

This choice is made because the agent needs to search for a cup, and the cabinet is a logical place to start looking. If the cup is not in cabinet 1, the agent can then proceed to check the other cabinets.

----------------------------------------

----------------------------------------

>>> Refine Original VLM Response and Get Pure Action: go to cabinet 1

This choice is made because the agent needs to search for a cup, and the cabinet is a logical place to start looking

----------------------------------------

-----------------------------------------------------------------

Running time: 17.2761447429657 seconds

Total Money: 10.417110000000001

-----------------------------------------------------------------

-----------------------------------------------------------------

Text Observation:Nothing happens.

--------------------------------------------------------------------------------------------------------------------------task: 21---------------------------------------------------------
--------------------------------------------------------------------------------------------------------------------------------------------------------------------
--------------------------------------------------------------------------------------------------------------------------------------------------------------------
Step:--------------------------------------------------------------------------3-------------------------------------------------------------------------------
----------------------------------------
VLM Prompt:
Image1:
<image>
Image2:
<image>
**Instruction**
1. Analyze the provided images to identify all visible household objects and compare the difference between images (e.h. whether the object is opened or not and taken on hand or not), focusing on those relevant to the task description "put a hot cup in countertop."
2. Use the analysis of images and the task hint "The agent must find an object of the desired type, pick it up, go to a microwave, heat the object with the microwave, then find the correct location to place it, and put it down there. The agent does not need to use the microwave button or open the microwave to heat the object, and the agent just needs to do action that is "heat the object with the microwave"." to answer the question: what is the most reasonable action in the choices for the task description "put a hot cup in countertop"?
3. Decide and write the answer using the template: The answer is: (i): <selected_action>, where i is the real number. If there is no desired object in images, search every place based on **Initial Observation** to find the object. And if no one is exactly correct, choose a similar answer.

**Initial Observation**
You are in the middle of a room. Looking quickly around you, you can see cabinet (1-6), microwave (1), countertop (1-2), coffeemachine (1), toaster (1), sink (1), sinkbasin (1), fridge (1)

**Answer Choices**
(1): go to cabinet 1
(2): go to cabinet 2
(3): go to cabinet 3
(4): go to microwave 1
(5): go to cabinet 4
(6): go to cabinet 5
(7): go to cabinet 6
(8): go to countertop 1
(9): go to coffeemachine 1
(10): go to toaster 1
(11): go to countertop 2
(12): go to sink 1
(13): go to sinkbasin 1
(14): go to fridge 1


**Answer**
Let's think step by step by following the instructions.
----------------------------------------

----------------------------------------

Original Response:
Firstly, we analyze the provided images. Upon examination, we see a sink with a fork and a spoon inside it and a trash can beside it. There is no visible cup or any object that can be associated with "put a hot cup in countertop."

Now, let's use the analysis and the task hint. The agent needs to find a cup, heat it in the microwave, and then put it on the countertop. Since there is no cup in the images, we must search for it based on the initial observation. The most likely places to find a cup would be in the cabinets or possibly in the sink basin if it's dirty. Since the sink in the image does not contain a cup, the next reasonable action would be to look in the cabinets. 

After finding the cup, the next steps would be to go to the microwave to heat the cup and then go to the countertop to place the hot cup. However, the task only requires us to choose the next immediate action.

Given the options, the most reasonable next action would be to look for the cup in the cabinets. Therefore, the answer is:

The answer is: (i): <selected_action>, where i is the real number. If there is no desired object in images, search every place based on **Initial Observation** to find the object. And if no one is exactly correct, choose a similar answer.

Since we need to find a cup and the cabinets are the most likely place to find one, we choose an action that involves searching a cabinet. Any of the "go to cabinet" options could be correct, but since we don't have specific information on which cabinet contains cups, we can choose any of them. For the purpose of this exercise, let's choose cabinet 1.

The answer is: (1): go to cabinet 1.

----------------------------------------

----------------------------------------

>>> Refine Original VLM Response and Get Pure Action: No action

----------------------------------------

-----------------------------------------------------------------

Running time: 17.62183141708374 seconds

Total Money: 10.44828

-----------------------------------------------------------------

-----------------------------------------------------------------

Text Observation:Nothing happens.

--------------------------------------------------------------------------------------------------------------------------task: 21---------------------------------------------------------
--------------------------------------------------------------------------------------------------------------------------------------------------------------------
--------------------------------------------------------------------------------------------------------------------------------------------------------------------
Step:--------------------------------------------------------------------------4-------------------------------------------------------------------------------
----------------------------------------
VLM Prompt:
Image1:
<image>
Image2:
<image>
**Instruction**
1. Analyze the provided images to identify all visible household objects and compare the difference between images (e.h. whether the object is opened or not and taken on hand or not), focusing on those relevant to the task description "put a hot cup in countertop."
2. Use the analysis of images and the task hint "The agent must find an object of the desired type, pick it up, go to a microwave, heat the object with the microwave, then find the correct location to place it, and put it down there. The agent does not need to use the microwave button or open the microwave to heat the object, and the agent just needs to do action that is "heat the object with the microwave"." to answer the question: what is the most reasonable action in the choices for the task description "put a hot cup in countertop"?
3. Decide and write the answer using the template: The answer is: (i): <selected_action>, where i is the real number. If there is no desired object in images, search every place based on **Initial Observation** to find the object. And if no one is exactly correct, choose a similar answer.

**Initial Observation**
You are in the middle of a room. Looking quickly around you, you can see cabinet (1-6), microwave (1), countertop (1-2), coffeemachine (1), toaster (1), sink (1), sinkbasin (1), fridge (1)

**Answer Choices**
(1): go to cabinet 1
(2): go to cabinet 2
(3): go to cabinet 3
(4): go to microwave 1
(5): go to cabinet 4
(6): go to cabinet 5
(7): go to cabinet 6
(8): go to countertop 1
(9): go to coffeemachine 1
(10): go to toaster 1
(11): go to countertop 2
(12): go to sink 1
(13): go to sinkbasin 1
(14): go to fridge 1


**Answer**
Let's think step by step by following the instructions.
----------------------------------------

----------------------------------------

Original Response:
Firstly, we need to identify all visible household objects in the images provided. In both images, we can see a sink, a tap, a fork, a spoon, and a trash can. However, there are no visible cups or microwaves in either of the images. 

Given the task description "put a hot cup in countertop," and the hint provided, the agent must find a cup, heat it in the microwave, and then place it on the countertop. As there is no cup in the images, we need to search for it based on the initial observation locations.

Since we are looking for a cup, it is most likely to be found in a cabinet or possibly in the sink. However, the task does not require us to wash the cup, so we can eliminate the sink and sinkbasin options. The microwave is needed only to heat the object, which is not the first step, so we can skip it for now. The countertops are the final location to place the cup, so we will not go there yet. The coffeemachine and toaster are not relevant to the task at hand. The fridge is also an unlikely place to find a cup.

Considering the above analysis, the most reasonable first action would be to look into the cabinets to find a cup. We can start with cabinet 1 and work our way through if needed.

The answer is: (1): go to cabinet 1.

----------------------------------------

----------------------------------------

>>> Refine Original VLM Response and Get Pure Action: go to cabinet 1

----------------------------------------

-----------------------------------------------------------------

Running time: 15.604053020477295 seconds

Total Money: 10.47696

-----------------------------------------------------------------

-----------------------------------------------------------------

Text Observation:You arrive at loc 0. The cabinet 1 is closed. 

--------------------------------------------------------------------------------------------------------------------------task: 21---------------------------------------------------------
--------------------------------------------------------------------------------------------------------------------------------------------------------------------
--------------------------------------------------------------------------------------------------------------------------------------------------------------------
Step:--------------------------------------------------------------------------5-------------------------------------------------------------------------------
----------------------------------------
VLM Prompt:
Image1:
<image>
Image2:
<image>
**Instruction**
1. Analyze the provided images to identify all visible household objects and compare the difference between images (e.h. whether the object is opened or not and taken on hand or not), focusing on those relevant to the task description "put a hot cup in countertop."
2. Use the analysis of images and the task hint "The agent must find an object of the desired type, pick it up, go to a microwave, heat the object with the microwave, then find the correct location to place it, and put it down there. The agent does not need to use the microwave button or open the microwave to heat the object, and the agent just needs to do action that is "heat the object with the microwave"." to answer the question: what is the most reasonable action in the choices for the task description "put a hot cup in countertop"?
3. Decide and write the answer using the template: The answer is: (i): <selected_action>, where i is the real number. If there is no desired object in images, search every place based on **Initial Observation** to find the object. And if no one is exactly correct, choose a similar answer.

**Initial Observation**
You are in the middle of a room. Looking quickly around you, you can see cabinet (1-6), microwave (1), countertop (1-2), coffeemachine (1), toaster (1), sink (1), sinkbasin (1), fridge (1)

**Answer Choices**
(1): go to cabinet 2
(2): go to cabinet 3
(3): go to microwave 1
(4): go to cabinet 4
(5): go to cabinet 5
(6): go to cabinet 6
(7): go to countertop 1
(8): go to coffeemachine 1
(9): go to toaster 1
(10): go to countertop 2
(11): go to sink 1
(12): go to sinkbasin 1
(13): go to fridge 1
(14): open cabinet 1
(15): close cabinet 1
(16): examine cabinet 1


**Answer**
Let's think step by step by following the instructions.
----------------------------------------

----------------------------------------

Original Response:
First, we need to identify all visible household objects in the images and compare the differences. 

In Image 1, we see a sink with a fork and spoon, a window above the sink, and a trash can to the right. There's no visible cup in the sink or on the countertops.

In Image 2, we see a close-up of a cabinet with a handle, which seems to be closed. There's no cup or any other object in this image.

Based on the Initial Observation, we know there are multiple cabinets, a microwave, countertops, a coffee machine, a toaster, a sink, a sink basin, and a fridge in the room.

Given the task description "put a hot cup in countertop" and the hint about using the microwave to heat the object without the need to open the microwave, we should first find a cup. Since no cup is visible in the images, we need to search the cabinets and other places listed in the Initial Observation.

The most reasonable action to start with is to search the cabinets to find a cup. Once we have the cup, we can proceed to heat it with the microwave and then place it on the countertop. Since the task does not specify which cabinet the cup is in, we can choose any cabinet. Cabinet 1 is not in the options, and the options do not include searching or picking up an object, only going to specific locations.

The answer is: (1): go to cabinet 2. This is a starting point to search for the cup. If the cup is not there, we can then try other cabinets or locations based on the Initial Observation.

----------------------------------------

----------------------------------------

>>> Refine Original VLM Response and Get Pure Action: go to cabinet 2

----------------------------------------

-----------------------------------------------------------------

Running time: 14.401780128479004 seconds

Total Money: 10.50702

-----------------------------------------------------------------

-----------------------------------------------------------------

Text Observation:You arrive at loc 1. The cabinet 2 is closed. 

--------------------------------------------------------------------------------------------------------------------------task: 21---------------------------------------------------------
--------------------------------------------------------------------------------------------------------------------------------------------------------------------
--------------------------------------------------------------------------------------------------------------------------------------------------------------------
Step:--------------------------------------------------------------------------6-------------------------------------------------------------------------------
----------------------------------------
VLM Prompt:
Image1:
<image>
Image2:
<image>
**Instruction**
1. Analyze the provided images to identify all visible household objects and compare the difference between images (e.h. whether the object is opened or not and taken on hand or not), focusing on those relevant to the task description "put a hot cup in countertop."
2. Use the analysis of images and the task hint "The agent must find an object of the desired type, pick it up, go to a microwave, heat the object with the microwave, then find the correct location to place it, and put it down there. The agent does not need to use the microwave button or open the microwave to heat the object, and the agent just needs to do action that is "heat the object with the microwave"." to answer the question: what is the most reasonable action in the choices for the task description "put a hot cup in countertop"?
3. Decide and write the answer using the template: The answer is: (i): <selected_action>, where i is the real number. If there is no desired object in images, search every place based on **Initial Observation** to find the object. And if no one is exactly correct, choose a similar answer.

**Initial Observation**
You are in the middle of a room. Looking quickly around you, you can see cabinet (1-6), microwave (1), countertop (1-2), coffeemachine (1), toaster (1), sink (1), sinkbasin (1), fridge (1)

**Answer Choices**
(1): go to cabinet 3
(2): go to microwave 1
(3): go to cabinet 4
(4): go to cabinet 5
(5): go to cabinet 6
(6): go to countertop 1
(7): go to coffeemachine 1
(8): go to toaster 1
(9): go to countertop 2
(10): go to sink 1
(11): go to sinkbasin 1
(12): go to fridge 1
(13): open cabinet 2
(14): close cabinet 2
(15): examine cabinet 2


**Answer**
Let's think step by step by following the instructions.
----------------------------------------

----------------------------------------

Original Response:
First, analyzing the images, we can see that they are identical and show a closed cabinet with no visible cup or any other object that can be heated in a microwave. Since there is no difference between the images and no visible cup, we have to search every place based on the initial observation.

We need to find an object of the desired type, which is a cup, so we should check places where a cup is likely to be found. Cabinets are common places to store cups. Since the task description doesn't specify a particular cabinet, we have to go through them one by one until we find a cup.

The answer is: (1): go to cabinet 3. If the cup is not found there, continue with (3): go to cabinet 4, and so on through the cabinets. Once the cup is found, we would then need to go to the microwave to heat it and then place it on the countertop.

----------------------------------------

----------------------------------------

>>> Refine Original VLM Response and Get Pure Action: go to cabinet 3

----------------------------------------

-----------------------------------------------------------------

Running time: 37.63782453536987 seconds

Total Money: 10.53273

-----------------------------------------------------------------

-----------------------------------------------------------------

Text Observation:You arrive at loc 2. The cabinet 3 is closed. 

--------------------------------------------------------------------------------------------------------------------------task: 21---------------------------------------------------------
--------------------------------------------------------------------------------------------------------------------------------------------------------------------
--------------------------------------------------------------------------------------------------------------------------------------------------------------------
Step:--------------------------------------------------------------------------7-------------------------------------------------------------------------------
----------------------------------------
VLM Prompt:
Image1:
<image>
Image2:
<image>
**Instruction**
1. Analyze the provided images to identify all visible household objects and compare the difference between images (e.h. whether the object is opened or not and taken on hand or not), focusing on those relevant to the task description "put a hot cup in countertop."
2. Use the analysis of images and the task hint "The agent must find an object of the desired type, pick it up, go to a microwave, heat the object with the microwave, then find the correct location to place it, and put it down there. The agent does not need to use the microwave button or open the microwave to heat the object, and the agent just needs to do action that is "heat the object with the microwave"." to answer the question: what is the most reasonable action in the choices for the task description "put a hot cup in countertop"?
3. Decide and write the answer using the template: The answer is: (i): <selected_action>, where i is the real number. If there is no desired object in images, search every place based on **Initial Observation** to find the object. And if no one is exactly correct, choose a similar answer.

**Initial Observation**
You are in the middle of a room. Looking quickly around you, you can see cabinet (1-6), microwave (1), countertop (1-2), coffeemachine (1), toaster (1), sink (1), sinkbasin (1), fridge (1)

**Answer Choices**
(1): go to microwave 1
(2): go to cabinet 4
(3): go to cabinet 5
(4): go to cabinet 6
(5): go to countertop 1
(6): go to coffeemachine 1
(7): go to toaster 1
(8): go to countertop 2
(9): go to sink 1
(10): go to sinkbasin 1
(11): go to fridge 1
(12): open cabinet 3
(13): close cabinet 3
(14): examine cabinet 3


**Answer**
Let's think step by step by following the instructions.
----------------------------------------

----------------------------------------

Original Response:
The provided images display a closed cabinet with two doors, each with a handle. There is a light reflection on one of the doors, but no significant difference between the two images. The task description "put a hot cup in countertop" implies that we need to find a cup, possibly heat it in the microwave, and then place it on the countertop.

Based on the task hint, the agent must find a cup, use the microwave to heat it without the need for specific interactions with the microwave, and then place the heated cup on the countertop.

Given the initial observation, we know the locations of various household objects, including the microwave and countertops. Since the images do not show any cups or other objects relevant to the task, we must search other places.

Considering the answer choices, the most reasonable action would be to first find a cup. Since the cabinets are typically where cups are stored, we should check there. However, the task does not specify which cabinet the cup may be in, so we must choose based on the given options.

(2): go to cabinet 4, (3): go to cabinet 5, and (4): go to cabinet 6 are all actions that involve going to a cabinet, which aligns with our need to find a cup. Since we cannot determine which cabinet contains the cup, we must choose one of these actions.

The answer is: (2): go to cabinet 4. This action is chosen as a starting point to search for a cup, which can then be heated and placed on the countertop to complete the task. If the cup is not found in cabinet 4, the agent can proceed to check cabinets 5 and 6.

----------------------------------------

----------------------------------------

>>> Refine Original VLM Response and Get Pure Action: go to cabinet 4

----------------------------------------

-----------------------------------------------------------------

Running time: 14.757329225540161 seconds

Total Money: 10.563030000000001

-----------------------------------------------------------------

-----------------------------------------------------------------

Text Observation:You arrive at loc 4. The cabinet 4 is closed. 

--------------------------------------------------------------------------------------------------------------------------task: 21---------------------------------------------------------
--------------------------------------------------------------------------------------------------------------------------------------------------------------------
--------------------------------------------------------------------------------------------------------------------------------------------------------------------
Step:--------------------------------------------------------------------------8-------------------------------------------------------------------------------
----------------------------------------
VLM Prompt:
Image1:
<image>
Image2:
<image>
**Instruction**
1. Analyze the provided images to identify all visible household objects and compare the difference between images (e.h. whether the object is opened or not and taken on hand or not), focusing on those relevant to the task description "put a hot cup in countertop."
2. Use the analysis of images and the task hint "The agent must find an object of the desired type, pick it up, go to a microwave, heat the object with the microwave, then find the correct location to place it, and put it down there. The agent does not need to use the microwave button or open the microwave to heat the object, and the agent just needs to do action that is "heat the object with the microwave"." to answer the question: what is the most reasonable action in the choices for the task description "put a hot cup in countertop"?
3. Decide and write the answer using the template: The answer is: (i): <selected_action>, where i is the real number. If there is no desired object in images, search every place based on **Initial Observation** to find the object. And if no one is exactly correct, choose a similar answer.

**Initial Observation**
You are in the middle of a room. Looking quickly around you, you can see cabinet (1-6), microwave (1), countertop (1-2), coffeemachine (1), toaster (1), sink (1), sinkbasin (1), fridge (1)

**Answer Choices**
(1): go to cabinet 1
(2): go to microwave 1
(3): go to cabinet 5
(4): go to cabinet 6
(5): go to countertop 1
(6): go to coffeemachine 1
(7): go to toaster 1
(8): go to countertop 2
(9): go to sink 1
(10): go to sinkbasin 1
(11): go to fridge 1
(12): open cabinet 4
(13): close cabinet 4
(14): examine cabinet 4


**Answer**
Let's think step by step by following the instructions.
----------------------------------------

----------------------------------------

Original Response:
Analyzing the images, we can see that image 1 shows a closed cabinet with no visible objects on the countertop or in hand. Image 2 also shows a closed cabinet, but with a clear view of a countertop and no objects on it or in hand. Since we are looking for a hot cup, the cup is not visible in either image. 

Based on the task description, the agent needs to find a cup, heat it in the microwave, and then put it on the countertop. Since we don't see the cup in the images, we need to search for it. The initial observation mentions a microwave and a coffeemachine, which are both likely places to find a cup. 

Given the answer choices, the most reasonable action for the task description "put a hot cup in countertop" is to first find a cup. Since the cup is not in the visible cabinets, the agent should search in locations where a cup is likely to be found, such as near the coffeemachine or inside a cabinet. 

However, none of the answer choices directly suggest finding a cup. The closest action related to interacting with an object that could hold a cup is opening a cabinet. Therefore, the most reasonable action from the choices given would be to open a cabinet where a cup might be stored.

The answer is: (12): open cabinet 4.

----------------------------------------

----------------------------------------

>>> Refine Original VLM Response and Get Pure Action: open cabinet 4

----------------------------------------

-----------------------------------------------------------------

Running time: 12.016296625137329 seconds

Total Money: 10.591320000000001

-----------------------------------------------------------------

-----------------------------------------------------------------

Text Observation:You open the cabinet 4. The cabinet 4 is open. In it, you see a saltshaker 1.

--------------------------------------------------------------------------------------------------------------------------task: 21---------------------------------------------------------
--------------------------------------------------------------------------------------------------------------------------------------------------------------------
--------------------------------------------------------------------------------------------------------------------------------------------------------------------
Step:--------------------------------------------------------------------------9-------------------------------------------------------------------------------
----------------------------------------
VLM Prompt:
Image1:
<image>
Image2:
<image>
**Instruction**
1. Analyze the provided images to identify all visible household objects and compare the difference between images (e.h. whether the object is opened or not and taken on hand or not), focusing on those relevant to the task description "put a hot cup in countertop."
2. Use the analysis of images and the task hint "The agent must find an object of the desired type, pick it up, go to a microwave, heat the object with the microwave, then find the correct location to place it, and put it down there. The agent does not need to use the microwave button or open the microwave to heat the object, and the agent just needs to do action that is "heat the object with the microwave"." to answer the question: what is the most reasonable action in the choices for the task description "put a hot cup in countertop"?
3. Decide and write the answer using the template: The answer is: (i): <selected_action>, where i is the real number. If there is no desired object in images, search every place based on **Initial Observation** to find the object. And if no one is exactly correct, choose a similar answer.

**Initial Observation**
You are in the middle of a room. Looking quickly around you, you can see cabinet (1-6), microwave (1), countertop (1-2), coffeemachine (1), toaster (1), sink (1), sinkbasin (1), fridge (1)

**Answer Choices**
(1): go to cabinet 1
(2): go to cabinet 2
(3): go to microwave 1
(4): go to cabinet 5
(5): go to cabinet 6
(6): go to countertop 1
(7): go to coffeemachine 1
(8): go to toaster 1
(9): go to countertop 2
(10): go to sink 1
(11): go to sinkbasin 1
(12): go to fridge 1
(13): close cabinet 4
(14): take saltshaker 1 from cabinet 4
(15): examine cabinet 4


**Answer**
Let's think step by step by following the instructions.
----------------------------------------

----------------------------------------

Original Response:
Image Analysis:
- In Image 1, we can see a part of a kitchen with a cabinet that has a handle and is likely to be closed. There are no objects on the countertop.
- In Image 2, we see the same part of the kitchen, but this time there is a salt shaker on the countertop, which was not present in Image 1.

Task Analysis:
Based on the task description, "put a hot cup in countertop," the agent needs to find a cup, heat it in the microwave, and then place it on the countertop. Since the task does not require interaction with the microwave buttons or opening the microwave, we can assume the agent has the ability to "heat the object with the microwave" through an implied action.

Comparing the provided images, we can determine that the cabinet shown (assumed to be cabinet 4 based on the answer choices) is not relevant to the task, as it contains a salt shaker and the task requires a cup. Additionally, the countertop shown does not have a cup on it in either image.

Answer Choice Analysis:
The task requires a cup to be heated and placed on the countertop. Therefore, the agent must first find a cup. The initial observation mentions various cabinets, a microwave, a coffeemachine, and a fridge, among other things. The most likely places to find a cup would be in a cabinet or possibly in the microwave if there's already a cup inside. Since the task does not mention where the cup is initially located, we must search for it. The coffeemachine is another potential location, as cups are often stored nearby.

Based on this reasoning, the most reasonable actions would be to go to the cabinets or the coffeemachine to find a cup. However, since the agent does not need to interact with the coffeemachine and only needs to find a cup, we can rule out option (7). The microwave (option 3) could be the next step after acquiring a cup.

The answer is: (1): go to cabinet 1, as it is the first cabinet in the list, and it is a logical starting point for searching for a cup. If the cup is not found in cabinet 1, the agent should proceed to search the other cabinets based on the initial observation.

----------------------------------------

----------------------------------------

>>> Refine Original VLM Response and Get Pure Action: go to cabinet 1, as it is the first cabinet in the list, and it is a logical starting point for searching for a cup

----------------------------------------

-----------------------------------------------------------------

Running time: 19.93016791343689 seconds

Total Money: 10.625550000000002

-----------------------------------------------------------------

-----------------------------------------------------------------

Text Observation:Nothing happens.

--------------------------------------------------------------------------------------------------------------------------task: 21---------------------------------------------------------
--------------------------------------------------------------------------------------------------------------------------------------------------------------------
--------------------------------------------------------------------------------------------------------------------------------------------------------------------
Step:--------------------------------------------------------------------------10-------------------------------------------------------------------------------
----------------------------------------
VLM Prompt:
Image1:
<image>
Image2:
<image>
**Instruction**
1. Analyze the provided images to identify all visible household objects and compare the difference between images (e.h. whether the object is opened or not and taken on hand or not), focusing on those relevant to the task description "put a hot cup in countertop."
2. Use the analysis of images and the task hint "The agent must find an object of the desired type, pick it up, go to a microwave, heat the object with the microwave, then find the correct location to place it, and put it down there. The agent does not need to use the microwave button or open the microwave to heat the object, and the agent just needs to do action that is "heat the object with the microwave"." to answer the question: what is the most reasonable action in the choices for the task description "put a hot cup in countertop"?
3. Decide and write the answer using the template: The answer is: (i): <selected_action>, where i is the real number. If there is no desired object in images, search every place based on **Initial Observation** to find the object. And if no one is exactly correct, choose a similar answer.

**Initial Observation**
You are in the middle of a room. Looking quickly around you, you can see cabinet (1-6), microwave (1), countertop (1-2), coffeemachine (1), toaster (1), sink (1), sinkbasin (1), fridge (1)

**Answer Choices**
(1): go to cabinet 1
(2): go to cabinet 2
(3): go to cabinet 3
(4): go to microwave 1
(5): go to cabinet 5
(6): go to cabinet 6
(7): go to countertop 1
(8): go to coffeemachine 1
(9): go to toaster 1
(10): go to countertop 2
(11): go to sink 1
(12): go to sinkbasin 1
(13): go to fridge 1
(14): close cabinet 4
(15): take saltshaker 1 from cabinet 4
(16): examine cabinet 4


**Answer**
Let's think step by step by following the instructions.
----------------------------------------

----------------------------------------

Original Response:
Analyzing the provided images, we can see a saltshaker on the countertop in both images. There are no other visible household objects that would be relevant to the task of putting a hot cup on the countertop. There is no visible difference between the two images concerning the saltshaker; it is neither opened nor taken in hand in either image.

Based on the task hint, the agent needs to find a cup, heat it in the microwave, and then place it on the countertop. Since there is no cup visible in the images, the agent must search for one. The most likely places to find a cup would be in the cabinets or possibly in the dishwasher if there is one, which is not listed in the initial observation.

Considering the initial observation and the task at hand, the agent should first look for a cup in the cabinets before heating it in the microwave and placing it on the countertop.

The answer is: (1): go to cabinet 1

----------------------------------------

----------------------------------------

>>> Refine Original VLM Response and Get Pure Action: go to cabinet 1

----------------------------------------

-----------------------------------------------------------------

Running time: 10.460663557052612 seconds

Total Money: 10.651650000000002

-----------------------------------------------------------------

-----------------------------------------------------------------

Text Observation:You arrive at loc 0. The cabinet 1 is closed. 

--------------------------------------------------------------------------------------------------------------------------task: 21---------------------------------------------------------
--------------------------------------------------------------------------------------------------------------------------------------------------------------------
--------------------------------------------------------------------------------------------------------------------------------------------------------------------
Step:--------------------------------------------------------------------------11-------------------------------------------------------------------------------
----------------------------------------
VLM Prompt:
Image1:
<image>
Image2:
<image>
**Instruction**
1. Analyze the provided images to identify all visible household objects and compare the difference between images (e.h. whether the object is opened or not and taken on hand or not), focusing on those relevant to the task description "put a hot cup in countertop."
2. Use the analysis of images and the task hint "The agent must find an object of the desired type, pick it up, go to a microwave, heat the object with the microwave, then find the correct location to place it, and put it down there. The agent does not need to use the microwave button or open the microwave to heat the object, and the agent just needs to do action that is "heat the object with the microwave"." to answer the question: what is the most reasonable action in the choices for the task description "put a hot cup in countertop"?
3. Decide and write the answer using the template: The answer is: (i): <selected_action>, where i is the real number. If there is no desired object in images, search every place based on **Initial Observation** to find the object. And if no one is exactly correct, choose a similar answer.

**Initial Observation**
You are in the middle of a room. Looking quickly around you, you can see cabinet (1-6), microwave (1), countertop (1-2), coffeemachine (1), toaster (1), sink (1), sinkbasin (1), fridge (1)

**Answer Choices**
(1): go to cabinet 2
(2): go to cabinet 3
(3): go to microwave 1
(4): go to cabinet 4
(5): go to cabinet 5
(6): go to cabinet 6
(7): go to countertop 1
(8): go to coffeemachine 1
(9): go to toaster 1
(10): go to countertop 2
(11): go to sink 1
(12): go to sinkbasin 1
(13): go to fridge 1
(14): open cabinet 1
(15): close cabinet 1
(16): examine cabinet 1


**Answer**
Let's think step by step by following the instructions.
----------------------------------------

----------------------------------------

Original Response:
Image Analysis:
Image 1 shows a countertop with a single object that appears to be a salt or pepper grinder. There is no cup or any other object that can be associated with the task of "put a hot cup in countertop."
Image 2 is a close-up of cabinet doors with no visible objects, and nothing indicates that any object has been taken or moved.

Task Analysis:
Based on the task description and hint, the agent must first find a cup, then heat it in the microwave, and finally place it on the countertop. Since the images do not show a cup or the microwave, we must rely on the Initial Observation to guide the agent's actions.

The answer is: (3): go to microwave 1

This action makes the most sense because, although we have not seen a cup in the images, the Initial Observation confirms there is a microwave in the environment. Since the agent does not need to use the microwave button or open the microwave, the logical first step is to go to the microwave with the cup to "heat the object with the microwave." Once the cup is heated, the agent can then proceed to place it on the countertop. If the agent does not already have the cup, they would need to search the cabinets or other locations listed in the Initial Observation to find one. However, since the choices do not include searching or picking up a cup, the most reasonable next action is to go to the microwave.

----------------------------------------

----------------------------------------

>>> Refine Original VLM Response and Get Pure Action: go to microwave 1

This action makes the most sense because, although we have not seen a cup in the images, the Initial Observation confirms there is a microwave in the environment

----------------------------------------

-----------------------------------------------------------------

Running time: 13.265642881393433 seconds

Total Money: 10.680600000000002

-----------------------------------------------------------------

-----------------------------------------------------------------

Text Observation:Nothing happens.

--------------------------------------------------------------------------------------------------------------------------task: 21---------------------------------------------------------
--------------------------------------------------------------------------------------------------------------------------------------------------------------------
--------------------------------------------------------------------------------------------------------------------------------------------------------------------
Step:--------------------------------------------------------------------------12-------------------------------------------------------------------------------
----------------------------------------
VLM Prompt:
Image1:
<image>
Image2:
<image>
**Instruction**
1. Analyze the provided images to identify all visible household objects and compare the difference between images (e.h. whether the object is opened or not and taken on hand or not), focusing on those relevant to the task description "put a hot cup in countertop."
2. Use the analysis of images and the task hint "The agent must find an object of the desired type, pick it up, go to a microwave, heat the object with the microwave, then find the correct location to place it, and put it down there. The agent does not need to use the microwave button or open the microwave to heat the object, and the agent just needs to do action that is "heat the object with the microwave"." to answer the question: what is the most reasonable action in the choices for the task description "put a hot cup in countertop"?
3. Decide and write the answer using the template: The answer is: (i): <selected_action>, where i is the real number. If there is no desired object in images, search every place based on **Initial Observation** to find the object. And if no one is exactly correct, choose a similar answer.

**Initial Observation**
You are in the middle of a room. Looking quickly around you, you can see cabinet (1-6), microwave (1), countertop (1-2), coffeemachine (1), toaster (1), sink (1), sinkbasin (1), fridge (1)

**Answer Choices**
(1): go to cabinet 2
(2): go to cabinet 3
(3): go to microwave 1
(4): go to cabinet 4
(5): go to cabinet 5
(6): go to cabinet 6
(7): go to countertop 1
(8): go to coffeemachine 1
(9): go to toaster 1
(10): go to countertop 2
(11): go to sink 1
(12): go to sinkbasin 1
(13): go to fridge 1
(14): open cabinet 1
(15): close cabinet 1
(16): examine cabinet 1


**Answer**
Let's think step by step by following the instructions.
----------------------------------------

----------------------------------------

Original Response:
Image Analysis:
Both Image1 and Image2 appear to show the same view of a closed cabinet with handles. There is no visible difference between the two images, and no object appears to be opened or held in hand.

Task Hint Analysis:
The task hint suggests that the agent needs to pick up a cup, heat it in the microwave, and then place it on the countertop. The agent does not need to interact with the microwave buttons or open the microwave door.

Based on the Initial Observation, the agent is surrounded by various household items, including cabinets, a microwave, countertops, a coffee machine, a toaster, a sink, a sink basin, and a fridge.

Answer:
Given that the images do not show any cups or objects that can be heated, the agent must search for a cup. According to the Initial Observation, cabinets are a likely place to find cups. Since the task involves heating the object, it is most reasonable for the agent to go to the microwave first to perform the "heat the object with the microwave" action. After heating the cup, the agent will need to place it on the countertop. Therefore, the most reasonable action for the task "put a hot cup in countertop" would be to first go to the microwave, heat the cup, and then go to a countertop to place it.

The answer is: (3): go to microwave 1

----------------------------------------

----------------------------------------

>>> Refine Original VLM Response and Get Pure Action: go to microwave 1

----------------------------------------

-----------------------------------------------------------------

Running time: 15.433995246887207 seconds

Total Money: 10.709160000000002

-----------------------------------------------------------------

-----------------------------------------------------------------

Text Observation:Nothing happens.

--------------------------------------------------------------------------------------------------------------------------task: 21---------------------------------------------------------
--------------------------------------------------------------------------------------------------------------------------------------------------------------------
--------------------------------------------------------------------------------------------------------------------------------------------------------------------
Step:--------------------------------------------------------------------------13-------------------------------------------------------------------------------
----------------------------------------
VLM Prompt:
Image1:
<image>
Image2:
<image>
**Instruction**
1. Analyze the provided images to identify all visible household objects and compare the difference between images (e.h. whether the object is opened or not and taken on hand or not), focusing on those relevant to the task description "put a hot cup in countertop."
2. Use the analysis of images and the task hint "The agent must find an object of the desired type, pick it up, go to a microwave, heat the object with the microwave, then find the correct location to place it, and put it down there. The agent does not need to use the microwave button or open the microwave to heat the object, and the agent just needs to do action that is "heat the object with the microwave"." to answer the question: what is the most reasonable action in the choices for the task description "put a hot cup in countertop"?
3. Decide and write the answer using the template: The answer is: (i): <selected_action>, where i is the real number. If there is no desired object in images, search every place based on **Initial Observation** to find the object. And if no one is exactly correct, choose a similar answer.

**Initial Observation**
You are in the middle of a room. Looking quickly around you, you can see cabinet (1-6), microwave (1), countertop (1-2), coffeemachine (1), toaster (1), sink (1), sinkbasin (1), fridge (1)

**Answer Choices**
(1): go to cabinet 2
(2): go to cabinet 3
(3): go to cabinet 4
(4): go to cabinet 5
(5): go to cabinet 6
(6): go to countertop 1
(7): go to coffeemachine 1
(8): go to toaster 1
(9): go to countertop 2
(10): go to sink 1
(11): go to sinkbasin 1
(12): go to fridge 1
(13): open microwave 1
(14): close microwave 1
(15): examine microwave 1


**Answer**
Let's think step by step by following the instructions.
----------------------------------------

----------------------------------------

Original Response:
Firstly, we analyze the images provided. Both images seem to be the same, showing a set of closed cabinets. Since we do not see the inside of the cabinets, we cannot determine if there is a cup inside them or not. There is no visible difference between the two images, and no objects are opened or in hand.

Considering the task description "put a hot cup in countertop" and the task hint provided, the agent needs to find a cup, heat it in the microwave, and then place it on the countertop. However, we do not see a cup or a microwave in the images provided. Therefore, we must rely on the initial observation to decide the next action.

Based on the initial observation, we know the locations of various objects in the room, including cabinets, microwave, countertop, and other appliances.

Since we need a cup to heat and place on the countertop, we first need to find a cup. The most logical place to find a cup would be in a cabinet. As there is no information on which cabinet might contain cups, we should start by searching the cabinets closest to the microwave for efficiency.

The answer is: (1): go to cabinet 2.

----------------------------------------

----------------------------------------

>>> Refine Original VLM Response and Get Pure Action: go to cabinet 2

----------------------------------------

-----------------------------------------------------------------

Running time: 17.138925313949585 seconds

Total Money: 10.736520000000002

-----------------------------------------------------------------

-----------------------------------------------------------------

Text Observation:You arrive at loc 1. The cabinet 2 is closed. 

--------------------------------------------------------------------------------------------------------------------------task: 21---------------------------------------------------------
--------------------------------------------------------------------------------------------------------------------------------------------------------------------
--------------------------------------------------------------------------------------------------------------------------------------------------------------------
Step:--------------------------------------------------------------------------14-------------------------------------------------------------------------------
----------------------------------------
VLM Prompt:
Image1:
<image>
Image2:
<image>
**Instruction**
1. Analyze the provided images to identify all visible household objects and compare the difference between images (e.h. whether the object is opened or not and taken on hand or not), focusing on those relevant to the task description "put a hot cup in countertop."
2. Use the analysis of images and the task hint "The agent must find an object of the desired type, pick it up, go to a microwave, heat the object with the microwave, then find the correct location to place it, and put it down there. The agent does not need to use the microwave button or open the microwave to heat the object, and the agent just needs to do action that is "heat the object with the microwave"." to answer the question: what is the most reasonable action in the choices for the task description "put a hot cup in countertop"?
3. Decide and write the answer using the template: The answer is: (i): <selected_action>, where i is the real number. If there is no desired object in images, search every place based on **Initial Observation** to find the object. And if no one is exactly correct, choose a similar answer.

**Initial Observation**
You are in the middle of a room. Looking quickly around you, you can see cabinet (1-6), microwave (1), countertop (1-2), coffeemachine (1), toaster (1), sink (1), sinkbasin (1), fridge (1)

**Answer Choices**
(1): go to cabinet 1
(2): go to cabinet 3
(3): go to cabinet 4
(4): go to cabinet 5
(5): go to cabinet 6
(6): go to countertop 1
(7): go to coffeemachine 1
(8): go to toaster 1
(9): go to countertop 2
(10): go to sink 1
(11): go to sinkbasin 1
(12): go to fridge 1
(13): open cabinet 2
(14): close cabinet 2
(15): examine cabinet 2


**Answer**
Let's think step by step by following the instructions.
----------------------------------------

----------------------------------------

Original Response:
Image Analysis:
Both Image 1 and Image 2 appear to be practically identical, showing a closed cabinet with no visible difference in the state of any objects. There is no cup visible in either image.

Task Analysis:
The task requires finding a cup, heating it in the microwave, and then placing it on the countertop. Since there is no cup visible in the provided images, the agent must search for one. The images do not show the microwave, coffeemachine, toaster, sink, sinkbasin, fridge, or the countertops, so the agent must explore these areas as well based on the "Initial Observation."

The most reasonable action to find a cup and accomplish the task would be to search the cabinets, as cups are commonly stored there. Since cabinet 2 appears in both images but is not an option to open in the answer choices, we must consider other cabinets.

The answer is: (1): go to cabinet 1, as it is the first cabinet that should be checked for the presence of a cup. If the cup is not found in cabinet 1, the agent should proceed to check other cabinets following the order of the answer choices.

----------------------------------------

----------------------------------------

>>> Refine Original VLM Response and Get Pure Action: go to cabinet 1, as it is the first cabinet that should be checked for the presence of a cup

----------------------------------------

-----------------------------------------------------------------

Running time: 24.836092233657837 seconds

Total Money: 10.763610000000002

-----------------------------------------------------------------

-----------------------------------------------------------------

Text Observation:Nothing happens.

--------------------------------------------------------------------------------------------------------------------------task: 21---------------------------------------------------------
--------------------------------------------------------------------------------------------------------------------------------------------------------------------
--------------------------------------------------------------------------------------------------------------------------------------------------------------------
Step:--------------------------------------------------------------------------15-------------------------------------------------------------------------------
----------------------------------------
VLM Prompt:
Image1:
<image>
Image2:
<image>
**Instruction**
1. Analyze the provided images to identify all visible household objects and compare the difference between images (e.h. whether the object is opened or not and taken on hand or not), focusing on those relevant to the task description "put a hot cup in countertop."
2. Use the analysis of images and the task hint "The agent must find an object of the desired type, pick it up, go to a microwave, heat the object with the microwave, then find the correct location to place it, and put it down there. The agent does not need to use the microwave button or open the microwave to heat the object, and the agent just needs to do action that is "heat the object with the microwave"." to answer the question: what is the most reasonable action in the choices for the task description "put a hot cup in countertop"?
3. Decide and write the answer using the template: The answer is: (i): <selected_action>, where i is the real number. If there is no desired object in images, search every place based on **Initial Observation** to find the object. And if no one is exactly correct, choose a similar answer.

**Initial Observation**
You are in the middle of a room. Looking quickly around you, you can see cabinet (1-6), microwave (1), countertop (1-2), coffeemachine (1), toaster (1), sink (1), sinkbasin (1), fridge (1)

**Answer Choices**
(1): go to cabinet 1
(2): go to cabinet 3
(3): go to cabinet 4
(4): go to cabinet 5
(5): go to cabinet 6
(6): go to countertop 1
(7): go to coffeemachine 1
(8): go to toaster 1
(9): go to countertop 2
(10): go to sink 1
(11): go to sinkbasin 1
(12): go to fridge 1
(13): open cabinet 2
(14): close cabinet 2
(15): examine cabinet 2


**Answer**
Let's think step by step by following the instructions.
----------------------------------------

----------------------------------------

Original Response:
First, we analyze the images provided. Both Image1 and Image2 appear to be of a closed cabinet, specifically what seems to be cabinet 2. There is no visible difference between the two images concerning the state of the cabinet or any other object.

Since the task description involves putting a hot cup on the countertop, the agent must first find a cup. The images do not show any cup; therefore, the agent needs to search for it. According to the initial observation, there are several cabinets, a microwave, a countertop, a coffee machine, a toaster, a sink, a sink basin, and a fridge in the room. Cups are commonly found in cabinets, so it's reasonable to start by searching there.

The task hint indicates that the agent does not need to use the microwave button or open the microwave to heat the object. Therefore, the agent only needs to perform the action "heat the object with the microwave" after finding the cup.

Considering the answer choices and the information provided, the most reasonable action for the agent to perform next would be to open a cabinet to look for a cup. Since cabinet 2 is already in view, it would make sense to interact with it first.

The answer is: (13): open cabinet 2.

----------------------------------------

----------------------------------------

>>> Refine Original VLM Response and Get Pure Action: open cabinet 2

----------------------------------------

-----------------------------------------------------------------

Running time: 15.657006025314331 seconds

Total Money: 10.791330000000002

-----------------------------------------------------------------

-----------------------------------------------------------------

Text Observation:You open the cabinet 2. The cabinet 2 is open. In it, you see nothing.

--------------------------------------------------------------------------------------------------------------------------task: 21---------------------------------------------------------
--------------------------------------------------------------------------------------------------------------------------------------------------------------------
--------------------------------------------------------------------------------------------------------------------------------------------------------------------
Step:--------------------------------------------------------------------------16-------------------------------------------------------------------------------
----------------------------------------
VLM Prompt:
Image1:
<image>
Image2:
<image>
**Instruction**
1. Analyze the provided images to identify all visible household objects and compare the difference between images (e.h. whether the object is opened or not and taken on hand or not), focusing on those relevant to the task description "put a hot cup in countertop."
2. Use the analysis of images and the task hint "The agent must find an object of the desired type, pick it up, go to a microwave, heat the object with the microwave, then find the correct location to place it, and put it down there. The agent does not need to use the microwave button or open the microwave to heat the object, and the agent just needs to do action that is "heat the object with the microwave"." to answer the question: what is the most reasonable action in the choices for the task description "put a hot cup in countertop"?
3. Decide and write the answer using the template: The answer is: (i): <selected_action>, where i is the real number. If there is no desired object in images, search every place based on **Initial Observation** to find the object. And if no one is exactly correct, choose a similar answer.

**Initial Observation**
You are in the middle of a room. Looking quickly around you, you can see cabinet (1-6), microwave (1), countertop (1-2), coffeemachine (1), toaster (1), sink (1), sinkbasin (1), fridge (1)

**Answer Choices**
(1): go to cabinet 1
(2): go to cabinet 3
(3): go to microwave 1
(4): go to cabinet 4
(5): go to cabinet 5
(6): go to cabinet 6
(7): go to countertop 1
(8): go to coffeemachine 1
(9): go to toaster 1
(10): go to countertop 2
(11): go to sink 1
(12): go to sinkbasin 1
(13): go to fridge 1
(14): close cabinet 2
(15): take nothing from cabinet 2
(16): examine cabinet 2


**Answer**
Let's think step by step by following the instructions.
----------------------------------------

----------------------------------------

Original Response:
Analysis of Images:
- Both images show a cabinet with two doors, each with a handle.
- The cabinet is closed in both images.
- No cup or other object is visible in the images.
- No microwave or countertop is visible in the images.

Task Description Analysis:
- The task is to put a hot cup on the countertop.
- The agent must find a cup, heat it in the microwave, and then place it on the countertop.
- The images do not show the cup or the microwave, so the agent needs to search for these items based on the initial observation.

Based on the Initial Observation:
- The agent needs to find a cup, which could be in a cabinet or the fridge.
- The agent then needs to heat the cup in the microwave.
- Finally, the agent needs to place the hot cup on the countertop.

Answer Choices Analysis:
- Options (1), (2), (4), (5), (6), and (13) are actions to go to different cabinets or the fridge to search for a cup.
- Option (3) is to go to the microwave, but the agent should first find the cup before going to the microwave.
- Options (7) and (10) are actions to go to the countertop, but the agent should only go there after heating the cup in the microwave.
- Options (8) and (9) are irrelevant as the task does not involve a coffee machine or toaster.
- Options (11) and (12) are also irrelevant as they involve going to the sink and sink basin, which are not part of the task.
- Option (14) is irrelevant as the cabinet is already closed in the images.
- Option (15) is irrelevant as there is nothing to take from the cabinet in the images.
- Option (16) is to examine cabinet 2, which could be helpful to find a cup, but it is not specified that cabinet 2 contains cups.

The most reasonable action to start the task is to search for the cup in a cabinet or the fridge. Since there is no information on which cabinet or the fridge might contain a cup, we can start with any of the options that involve searching for a cup.

The answer is: (1): go to cabinet 1

It's necessary to begin by looking for the cup, and cabinet 1 is as likely a place to find it as any other cabinet or the fridge. Once the cup is found, the agent can then proceed to heat it in the microwave and place it on the countertop.

----------------------------------------

----------------------------------------

>>> Refine Original VLM Response and Get Pure Action: go to cabinet 1

It's necessary to begin by looking for the cup, and cabinet 1 is as likely a place to find it as any other cabinet or the fridge

----------------------------------------

-----------------------------------------------------------------

Running time: 18.038870573043823 seconds

Total Money: 10.827050000000002

-----------------------------------------------------------------

-----------------------------------------------------------------

Text Observation:Nothing happens.

--------------------------------------------------------------------------------------------------------------------------task: 21---------------------------------------------------------
--------------------------------------------------------------------------------------------------------------------------------------------------------------------
--------------------------------------------------------------------------------------------------------------------------------------------------------------------
Step:--------------------------------------------------------------------------17-------------------------------------------------------------------------------
----------------------------------------
VLM Prompt:
Image1:
<image>
Image2:
<image>
**Instruction**
1. Analyze the provided images to identify all visible household objects and compare the difference between images (e.h. whether the object is opened or not and taken on hand or not), focusing on those relevant to the task description "put a hot cup in countertop."
2. Use the analysis of images and the task hint "The agent must find an object of the desired type, pick it up, go to a microwave, heat the object with the microwave, then find the correct location to place it, and put it down there. The agent does not need to use the microwave button or open the microwave to heat the object, and the agent just needs to do action that is "heat the object with the microwave"." to answer the question: what is the most reasonable action in the choices for the task description "put a hot cup in countertop"?
3. Decide and write the answer using the template: The answer is: (i): <selected_action>, where i is the real number. If there is no desired object in images, search every place based on **Initial Observation** to find the object. And if no one is exactly correct, choose a similar answer.

**Initial Observation**
You are in the middle of a room. Looking quickly around you, you can see cabinet (1-6), microwave (1), countertop (1-2), coffeemachine (1), toaster (1), sink (1), sinkbasin (1), fridge (1)

**Answer Choices**
(1): go to cabinet 1
(2): go to cabinet 3
(3): go to microwave 1
(4): go to cabinet 4
(5): go to cabinet 5
(6): go to cabinet 6
(7): go to countertop 1
(8): go to coffeemachine 1
(9): go to toaster 1
(10): go to countertop 2
(11): go to sink 1
(12): go to sinkbasin 1
(13): go to fridge 1
(14): close cabinet 2
(15): take nothing from cabinet 2
(16): examine cabinet 2


**Answer**
Let's think step by step by following the instructions.
----------------------------------------

----------------------------------------

Original Response:
- Firstly, we need to identify if there is any visible cup in the images provided. Looking at Image1 and Image2, it is clear that they are identical and no objects are visible inside or outside the cabinets. There is no indication of a cup or any other object related to the task.

- Secondly, based on the task description, we need to heat an object (presumably a cup) with the microwave and then put it on the countertop. Given the images do not show the desired object, we have to search for it.

- The initial observation lists several household objects and locations in the room. To heat the object with the microwave, we first need to find a cup. Since the images do not show any cups, we would need to search the cabinets, as they are typical storage places for cups.

- The most reasonable action to take from the answer choices would be to go to one of the cabinets to search for a cup. Since the task doesn't specify which cabinet to check, we can choose one that has not been mentioned in the images. Options 1, 3, 4, 5, and 6 are all actions that involve going to a cabinet, but since cabinet 2 is the only one shown in the images (and it appears closed in both), it would be logical to check a different cabinet.

The answer is: (1): go to cabinet 1

----------------------------------------

----------------------------------------

>>> Refine Original VLM Response and Get Pure Action: go to cabinet 1

----------------------------------------

-----------------------------------------------------------------

Running time: 14.522391557693481 seconds

Total Money: 10.855750000000002

-----------------------------------------------------------------

-----------------------------------------------------------------

Text Observation:You arrive at loc 0. The cabinet 1 is closed. 

--------------------------------------------------------------------------------------------------------------------------task: 21---------------------------------------------------------
--------------------------------------------------------------------------------------------------------------------------------------------------------------------
--------------------------------------------------------------------------------------------------------------------------------------------------------------------
Step:--------------------------------------------------------------------------18-------------------------------------------------------------------------------
----------------------------------------
VLM Prompt:
Image1:
<image>
Image2:
<image>
**Instruction**
1. Analyze the provided images to identify all visible household objects and compare the difference between images (e.h. whether the object is opened or not and taken on hand or not), focusing on those relevant to the task description "put a hot cup in countertop."
2. Use the analysis of images and the task hint "The agent must find an object of the desired type, pick it up, go to a microwave, heat the object with the microwave, then find the correct location to place it, and put it down there. The agent does not need to use the microwave button or open the microwave to heat the object, and the agent just needs to do action that is "heat the object with the microwave"." to answer the question: what is the most reasonable action in the choices for the task description "put a hot cup in countertop"?
3. Decide and write the answer using the template: The answer is: (i): <selected_action>, where i is the real number. If there is no desired object in images, search every place based on **Initial Observation** to find the object. And if no one is exactly correct, choose a similar answer.

**Initial Observation**
You are in the middle of a room. Looking quickly around you, you can see cabinet (1-6), microwave (1), countertop (1-2), coffeemachine (1), toaster (1), sink (1), sinkbasin (1), fridge (1)

**Answer Choices**
(1): go to cabinet 2
(2): go to cabinet 3
(3): go to microwave 1
(4): go to cabinet 4
(5): go to cabinet 5
(6): go to cabinet 6
(7): go to countertop 1
(8): go to coffeemachine 1
(9): go to toaster 1
(10): go to countertop 2
(11): go to sink 1
(12): go to sinkbasin 1
(13): go to fridge 1
(14): open cabinet 1
(15): close cabinet 1
(16): examine cabinet 1


**Answer**
Let's think step by step by following the instructions.
----------------------------------------

----------------------------------------

Original Response:
The task is to "put a hot cup in countertop." Based on the task hint, the agent must find a cup, heat it in the microwave, and then place it on the countertop. 

Looking at Image1 and Image2, they are identical and show a closed cabinet. There is no visible cup or any other household object that can be heated in the images. Therefore, we must search for the cup based on the Initial Observation.

Since the agent is in the middle of a room surrounded by cabinets, a microwave, a countertop, a coffee machine, a toaster, a sink, a sink basin, and a fridge, the first step is to find a cup. It is reasonable to assume that a cup might be in a cabinet or on a countertop.

The most reasonable action from the choices given for the task description "put a hot cup in countertop" is to find a cup. Since we cannot see inside the cabinets, we should search inside them. Starting with cabinet closest to the microwave would be most efficient as we will need to use the microwave next. Therefore, the most reasonable action is:

The answer is: (1): go to cabinet 2

----------------------------------------

----------------------------------------

>>> Refine Original VLM Response and Get Pure Action: go to cabinet 2

----------------------------------------

-----------------------------------------------------------------

Running time: 9.338119745254517 seconds

Total Money: 10.883080000000001

-----------------------------------------------------------------

-----------------------------------------------------------------

Text Observation:You arrive at loc 1. The cabinet 2 is open. On the cabinet 2, you see nothing.

--------------------------------------------------------------------------------------------------------------------------task: 21---------------------------------------------------------
--------------------------------------------------------------------------------------------------------------------------------------------------------------------
--------------------------------------------------------------------------------------------------------------------------------------------------------------------
Step:--------------------------------------------------------------------------19-------------------------------------------------------------------------------
----------------------------------------
VLM Prompt:
Image1:
<image>
Image2:
<image>
**Instruction**
1. Analyze the provided images to identify all visible household objects and compare the difference between images (e.h. whether the object is opened or not and taken on hand or not), focusing on those relevant to the task description "put a hot cup in countertop."
2. Use the analysis of images and the task hint "The agent must find an object of the desired type, pick it up, go to a microwave, heat the object with the microwave, then find the correct location to place it, and put it down there. The agent does not need to use the microwave button or open the microwave to heat the object, and the agent just needs to do action that is "heat the object with the microwave"." to answer the question: what is the most reasonable action in the choices for the task description "put a hot cup in countertop"?
3. Decide and write the answer using the template: The answer is: (i): <selected_action>, where i is the real number. If there is no desired object in images, search every place based on **Initial Observation** to find the object. And if no one is exactly correct, choose a similar answer.

**Initial Observation**
You are in the middle of a room. Looking quickly around you, you can see cabinet (1-6), microwave (1), countertop (1-2), coffeemachine (1), toaster (1), sink (1), sinkbasin (1), fridge (1)

**Answer Choices**
(1): go to cabinet 3
(2): go to microwave 1
(3): go to cabinet 4
(4): go to cabinet 5
(5): go to cabinet 6
(6): go to countertop 1
(7): go to coffeemachine 1
(8): go to toaster 1
(9): go to countertop 2
(10): go to sink 1
(11): go to sinkbasin 1
(12): go to fridge 1
(13): open cabinet 2
(14): close cabinet 2
(15): take nothing from cabinet 2
(16): examine cabinet 2


**Answer**
Let's think step by step by following the instructions.
----------------------------------------

----------------------------------------

Original Response:
First, we analyze the provided images. Both images appear to be identical and show a closed cabinet, presumably cabinet 2, based on the task description that involves cabinets 1-6. There are no visible objects in the images relevant to the task of "put a hot cup in countertop," such as a cup or a microwave.

Given the task description and hint, the agent must find a cup, heat it in the microwave, and place it on the countertop. Since there is no visible cup in the images and the cabinet in the image is closed, the agent must search for the cup.

Based on the initial observation, the agent is in a room with several cabinets, a microwave, countertops, and other appliances. Since the agent needs to heat a cup, the logical locations to search for a cup would be the cabinets or possibly the sink basin if the cup has been used before.

Considering the answer choices and the fact that the agent does not need to use the microwave button or open the microwave to heat the object, the most reasonable action would be to first find the cup. Therefore, the agent should go to one of the cabinets that have not been shown in the image to search for the cup.

The answer is: (1): go to cabinet 3. This action is chosen because it is the next sequential cabinet number after the one shown in the images, and it is a reasonable place to start searching for a cup. If the cup is not found in cabinet 3, the agent can continue searching the other cabinets.

----------------------------------------

----------------------------------------

>>> Refine Original VLM Response and Get Pure Action: go to cabinet 3

----------------------------------------

-----------------------------------------------------------------

Running time: 15.796280145645142 seconds

Total Money: 10.912550000000001

-----------------------------------------------------------------

-----------------------------------------------------------------

Text Observation:You arrive at loc 2. The cabinet 3 is closed. 

-----------------------------------------------------------------