---------------------------------------------------------task: 16---------------------------------------------------------
--------------------------------------------------------------------------------------------------------------------------------------------------------------------
--------------------------------------------------------------------------------------------------------------------------------------------------------------------
Step:--------------------------------------------------------------------------0-------------------------------------------------------------------------------
----------------------------------------
VLM Prompt:
Image1:
<image>
**Instruction**
1. Analyze the provided image to identify all visible household objects, focusing on those relevant to the task description "cool some pan and put it in sinkbasin."
2. Use the analysis of the image and the task hint "The agent must find an object of the desired type, pick it up, go to a fridge, cool the object with the fridge, then find the correct location to place it, and put it down there. The agent does not need to use the fridge button or open the fridge to cool the object, and the agent just needs to do action that is "cool the object with the fridge"." to answer the question: what is the most reasonable action in the choices for the task description "cool some pan and put it in sinkbasin"?
4. Decide and write the answer using the template: The answer is: (i): <selected_action>, where i is the real number. If there is no desired object in the image, search every place based on **Initial Observation** to find the object. And if no one is exactly correct, choose a similar answer.

**Initial Observation**
You are in the middle of a room. Looking quickly around you, you can see cabinet (1-9), countertop (1-3), drawer (1-9), stoveburner (1-4), microwave (1), sink (1), fridge (1), toaster (1), coffeemachine (1), sinkbasin (1), shelf (1-3), garbagecan (1)

**Answer Choices**
(1): go to cabinet 1
(2): go to countertop 1
(3): go to cabinet 2
(4): go to countertop 2
(5): go to drawer 1
(6): go to drawer 2
(7): go to drawer 3
(8): go to drawer 4
(9): go to stoveburner 1
(10): go to drawer 5
(11): go to stoveburner 2
(12): go to stoveburner 3
(13): go to stoveburner 4
(14): go to cabinet 3
(15): go to cabinet 4
(16): go to microwave 1
(17): go to cabinet 5
(18): go to cabinet 6
(19): go to cabinet 7
(20): go to sink 1
(21): go to fridge 1
(22): go to toaster 1
(23): go to coffeemachine 1
(24): go to cabinet 8
(25): go to drawer 6
(26): go to drawer 7
(27): go to drawer 8
(28): go to sinkbasin 1
(29): go to shelf 1
(30): go to shelf 2
(31): go to countertop 3
(32): go to shelf 3
(33): go to drawer 9
(34): go to cabinet 9
(35): go to garbagecan 1

**Answer**
Let's think step by step by following the instructions.
----------------------------------------

----------------------------------------

Original Response:
First, we need to find a pan that we can cool. Based on the initial observation list, pans are not typically stored in cabinets, countertops, drawers, or the other listed objects except possibly on a stoveburner. 

In the image provided, there is no pan visible, so we must search for it. Since the stoveburners are where pans are commonly found, it would make sense to search there first.

Once we have found a pan on a stoveburner, we would then go to the fridge to cool it, as per the task hint. After cooling the pan, the final step would be to put it in the sinkbasin, which is labeled and visible in the image.

The answer is: (9): go to stoveburner 1. If there is no pan on stoveburner 1, continue with (11): go to stoveburner 2, (12): go to stoveburner 3, and (13): go to stoveburner 4, until the pan is found. Then, execute the task of cooling the pan with the fridge and placing it in the sinkbasin.

----------------------------------------

----------------------------------------

>>> Refine Original VLM Response and Get Pure Action: go to stoveburner 1

----------------------------------------

-----------------------------------------------------------------

Running time: 9.76932406425476 seconds

Total Money: 9.664970000000002

-----------------------------------------------------------------

-----------------------------------------------------------------

Text Observation:You arrive at loc 8. On the stoveburner 1, you see a pot 1, a houseplant 1, a kettle 1, a dishsponge 1, a stoveknob 1, a stoveknob 2, a fork 1, a spoon 1, a stoveknob 3, and a kettle 2.

--------------------------------------------------------------------------------------------------------------------------task: 16---------------------------------------------------------
--------------------------------------------------------------------------------------------------------------------------------------------------------------------
--------------------------------------------------------------------------------------------------------------------------------------------------------------------
Step:--------------------------------------------------------------------------1-------------------------------------------------------------------------------
----------------------------------------
VLM Prompt:
Image1:
<image>
Image2:
<image>
**Instruction**
1. Analyze the provided image to identify all visible household objects, focusing on those relevant to the task description "cool some pan and put it in sinkbasin."
2. Use the analysis of the image and the task hint "The agent must find an object of the desired type, pick it up, go to a fridge, cool the object with the fridge, then find the correct location to place it, and put it down there. The agent does not need to use the fridge button or open the fridge to cool the object, and the agent just needs to do action that is "cool the object with the fridge"." to answer the question: what is the most reasonable action in the choices for the task description "cool some pan and put it in sinkbasin"?
4. Decide and write the answer using the template: The answer is: (i): <selected_action>, where i is the real number. If there is no desired object in the image, search every place based on **Initial Observation** to find the object. And if no one is exactly correct, choose a similar answer.

**Initial Observation**
You are in the middle of a room. Looking quickly around you, you can see cabinet (1-9), countertop (1-3), drawer (1-9), stoveburner (1-4), microwave (1), sink (1), fridge (1), toaster (1), coffeemachine (1), sinkbasin (1), shelf (1-3), garbagecan (1)

**Answer Choices**
(1): go to cabinet 1
(2): go to countertop 1
(3): go to cabinet 2
(4): go to countertop 2
(5): go to drawer 1
(6): go to drawer 2
(7): go to drawer 3
(8): go to drawer 4
(9): go to drawer 5
(10): go to stoveburner 2
(11): go to stoveburner 3
(12): go to stoveburner 4
(13): go to cabinet 3
(14): go to cabinet 4
(15): go to microwave 1
(16): go to cabinet 5
(17): go to cabinet 6
(18): go to cabinet 7
(19): go to sink 1
(20): go to fridge 1
(21): go to toaster 1
(22): go to coffeemachine 1
(23): go to cabinet 8
(24): go to drawer 6
(25): go to drawer 7
(26): go to drawer 8
(27): go to sinkbasin 1
(28): go to shelf 1
(29): go to shelf 2
(30): go to countertop 3
(31): go to shelf 3
(32): go to drawer 9
(33): go to cabinet 9
(34): go to garbagecan 1
(35): take pot 1 from stoveburner 1
(36): take houseplant 1 from stoveburner 1
(37): take kettle 1 from stoveburner 1
(38): take dishsponge 1 from stoveburner 1
(39): take stoveknob 1 from stoveburner 1
(40): take stoveknob 2 from stoveburner 1
(41): take fork 1 from stoveburner 1
(42): take spoon 1 from stoveburner 1
(43): take stoveknob 3 from stoveburner 1
(44): take kettle 2 from stoveburner 1
(45): examine stoveburner 1

**Answer**
Let's think step by step by following the instructions.
----------------------------------------

----------------------------------------

Original Response:
Firstly, we need to identify a pan to cool and put in the sinkbasin as per the task description. In Image 2, we can see a pot on stoveburner 1, which can be considered similar to a pan for the purpose of this task. Therefore, we need to pick up the pot.

Next, according to the task hint, we need to go to the fridge to cool the object. Since the fridge is not visible in the provided images, we need to search for it based on the Initial Observation, which lists a fridge (1).

Finally, after cooling the pot with the fridge, we need to put it in the sinkbasin. In Image 1, we can see the sinkbasin, which is labeled as sinkbasin 1.

Based on the analysis and the steps required to complete the task, the most reasonable action would be to first take the pot from the stoveburner, then go to the fridge, cool it, and finally go to the sinkbasin to place the cooled pot.

The answer is: (35): take pot 1 from stoveburner 1. After this, we would go to the fridge (not listed in answer choices), cool the pot, and then go to (27): go to sinkbasin 1 to complete the task.

----------------------------------------

----------------------------------------

>>> Refine Original VLM Response and Get Pure Action: take pot 1 from stoveburner 1

----------------------------------------

-----------------------------------------------------------------

Running time: 14.539233207702637 seconds

Total Money: 9.696620000000003

-----------------------------------------------------------------

-----------------------------------------------------------------

Text Observation:You pick up the pot 1 from the stoveburner 1.

--------------------------------------------------------------------------------------------------------------------------task: 16---------------------------------------------------------
--------------------------------------------------------------------------------------------------------------------------------------------------------------------
--------------------------------------------------------------------------------------------------------------------------------------------------------------------
Step:--------------------------------------------------------------------------2-------------------------------------------------------------------------------
----------------------------------------
VLM Prompt:
Image1:
<image>
Image2:
<image>
Image3:
<image>
**Instruction**
1. Analyze the provided image to identify all visible household objects, focusing on those relevant to the task description "cool some pan and put it in sinkbasin."
2. Use the analysis of the image and the task hint "The agent must find an object of the desired type, pick it up, go to a fridge, cool the object with the fridge, then find the correct location to place it, and put it down there. The agent does not need to use the fridge button or open the fridge to cool the object, and the agent just needs to do action that is "cool the object with the fridge"." to answer the question: what is the most reasonable action in the choices for the task description "cool some pan and put it in sinkbasin"?
4. Decide and write the answer using the template: The answer is: (i): <selected_action>, where i is the real number. If there is no desired object in the image, search every place based on **Initial Observation** to find the object. And if no one is exactly correct, choose a similar answer.

**Initial Observation**
You are in the middle of a room. Looking quickly around you, you can see cabinet (1-9), countertop (1-3), drawer (1-9), stoveburner (1-4), microwave (1), sink (1), fridge (1), toaster (1), coffeemachine (1), sinkbasin (1), shelf (1-3), garbagecan (1)

**Answer Choices**
(1): go to cabinet 1
(2): go to countertop 1
(3): go to cabinet 2
(4): go to countertop 2
(5): go to drawer 1
(6): go to drawer 2
(7): go to drawer 3
(8): go to drawer 4
(9): go to drawer 5
(10): go to stoveburner 2
(11): go to stoveburner 3
(12): go to stoveburner 4
(13): go to cabinet 3
(14): go to cabinet 4
(15): go to microwave 1
(16): go to cabinet 5
(17): go to cabinet 6
(18): go to cabinet 7
(19): go to sink 1
(20): go to fridge 1
(21): go to toaster 1
(22): go to coffeemachine 1
(23): go to cabinet 8
(24): go to drawer 6
(25): go to drawer 7
(26): go to drawer 8
(27): go to sinkbasin 1
(28): go to shelf 1
(29): go to shelf 2
(30): go to countertop 3
(31): go to shelf 3
(32): go to drawer 9
(33): go to cabinet 9
(34): go to garbagecan 1
(35): put pot 1 in/on stoveburner 1
(36): examine pot 1
(37): examine stoveburner 1

**Answer**
Let's think step by step by following the instructions.
----------------------------------------

----------------------------------------

Original Response:
First, we need to identify a pan that can be used to complete the task. Looking at the images provided, we can see a pot on countertop 2 in Image2 and Image3. This pot is likely the object that needs to be cooled and placed in the sinkbasin.

Next, we need to find the fridge to cool the pot. The fridge is not visible in the images, but based on the initial observation, we know there is a fridge in the room.

Finally, we need to place the cooled pot in the sinkbasin. In Image1, we can see the sink and the sinkbasin is labeled as sinkbasin 1.

Considering the task description and the hint provided, the most reasonable action to take would be to first go to the pot, which is on countertop 2, then cool it with the fridge, and finally put it in sinkbasin 1.

The answer is: (4): go to countertop 2

----------------------------------------

----------------------------------------

>>> Refine Original VLM Response and Get Pure Action: go to countertop 2

----------------------------------------

-----------------------------------------------------------------

Running time: 10.897485733032227 seconds

Total Money: 9.732570000000003

-----------------------------------------------------------------

-----------------------------------------------------------------

Text Observation:You arrive at loc 3. On the countertop 2, you see a fork 1, a kettle 1, and a dishsponge 1.

--------------------------------------------------------------------------------------------------------------------------task: 16---------------------------------------------------------
--------------------------------------------------------------------------------------------------------------------------------------------------------------------
--------------------------------------------------------------------------------------------------------------------------------------------------------------------
Step:--------------------------------------------------------------------------3-------------------------------------------------------------------------------
----------------------------------------
VLM Prompt:
Image1:
<image>
Image2:
<image>
Image3:
<image>
**Instruction**
1. Analyze the provided image to identify all visible household objects, focusing on those relevant to the task description "cool some pan and put it in sinkbasin."
2. Use the analysis of the image and the task hint "The agent must find an object of the desired type, pick it up, go to a fridge, cool the object with the fridge, then find the correct location to place it, and put it down there. The agent does not need to use the fridge button or open the fridge to cool the object, and the agent just needs to do action that is "cool the object with the fridge"." to answer the question: what is the most reasonable action in the choices for the task description "cool some pan and put it in sinkbasin"?
4. Decide and write the answer using the template: The answer is: (i): <selected_action>, where i is the real number. If there is no desired object in the image, search every place based on **Initial Observation** to find the object. And if no one is exactly correct, choose a similar answer.

**Initial Observation**
You are in the middle of a room. Looking quickly around you, you can see cabinet (1-9), countertop (1-3), drawer (1-9), stoveburner (1-4), microwave (1), sink (1), fridge (1), toaster (1), coffeemachine (1), sinkbasin (1), shelf (1-3), garbagecan (1)

**Answer Choices**
(1): go to cabinet 1
(2): go to countertop 1
(3): go to cabinet 2
(4): go to drawer 1
(5): go to drawer 2
(6): go to drawer 3
(7): go to drawer 4
(8): go to drawer 5
(9): go to stoveburner 2
(10): go to stoveburner 3
(11): go to stoveburner 4
(12): go to cabinet 3
(13): go to cabinet 4
(14): go to microwave 1
(15): go to cabinet 5
(16): go to cabinet 6
(17): go to cabinet 7
(18): go to sink 1
(19): go to fridge 1
(20): go to toaster 1
(21): go to coffeemachine 1
(22): go to cabinet 8
(23): go to drawer 6
(24): go to drawer 7
(25): go to drawer 8
(26): go to sinkbasin 1
(27): go to shelf 1
(28): go to shelf 2
(29): go to countertop 3
(30): go to shelf 3
(31): go to drawer 9
(32): go to cabinet 9
(33): go to garbagecan 1
(34): put pot 1 in/on countertop 2
(35): examine pot 1
(36): examine countertop 2

**Answer**
Let's think step by step by following the instructions.
----------------------------------------

----------------------------------------

Original Response:
- First, we need to identify all visible household objects relevant to the task "cool some pan and put it in sinkbasin." From Image 1, we can see a pot (pot 1) on countertop 2, which is likely the object we need to cool and then put in the sinkbasin.
- According to the task hint, the agent must find the object (pot 1), pick it up, cool it with the fridge, and then place it in the correct location (sinkbasin 1).
- Since the agent does not need to use the fridge button or open the fridge to cool the object, we can skip the steps involving interaction with the fridge directly.
- The most reasonable action from the choices would be to first pick up pot 1 from countertop 2, cool it (assuming the agent knows how to do it without direct interaction with the fridge), and then go to sinkbasin 1 to put it down there.

The answer is: (34): put pot 1 in/on countertop 2. This action allows the agent to pick up the pot, which is the next logical step in completing the task.

----------------------------------------

----------------------------------------

>>> Refine Original VLM Response and Get Pure Action: put pot 1 in/on countertop 2

----------------------------------------

-----------------------------------------------------------------

Running time: 14.501631498336792 seconds

Total Money: 9.769570000000003

-----------------------------------------------------------------

-----------------------------------------------------------------

Text Observation:Nothing happens.

--------------------------------------------------------------------------------------------------------------------------task: 16---------------------------------------------------------
--------------------------------------------------------------------------------------------------------------------------------------------------------------------
--------------------------------------------------------------------------------------------------------------------------------------------------------------------
Step:--------------------------------------------------------------------------4-------------------------------------------------------------------------------
----------------------------------------
VLM Prompt:
Image1:
<image>
Image2:
<image>
Image3:
<image>
**Instruction**
1. Analyze the provided image to identify all visible household objects, focusing on those relevant to the task description "cool some pan and put it in sinkbasin."
2. Use the analysis of the image and the task hint "The agent must find an object of the desired type, pick it up, go to a fridge, cool the object with the fridge, then find the correct location to place it, and put it down there. The agent does not need to use the fridge button or open the fridge to cool the object, and the agent just needs to do action that is "cool the object with the fridge"." to answer the question: what is the most reasonable action in the choices for the task description "cool some pan and put it in sinkbasin"?
4. Decide and write the answer using the template: The answer is: (i): <selected_action>, where i is the real number. If there is no desired object in the image, search every place based on **Initial Observation** to find the object. And if no one is exactly correct, choose a similar answer.

**Initial Observation**
You are in the middle of a room. Looking quickly around you, you can see cabinet (1-9), countertop (1-3), drawer (1-9), stoveburner (1-4), microwave (1), sink (1), fridge (1), toaster (1), coffeemachine (1), sinkbasin (1), shelf (1-3), garbagecan (1)

**Answer Choices**
(1): go to cabinet 1
(2): go to countertop 1
(3): go to cabinet 2
(4): go to drawer 1
(5): go to drawer 2
(6): go to drawer 3
(7): go to drawer 4
(8): go to stoveburner 1
(9): go to drawer 5
(10): go to stoveburner 2
(11): go to stoveburner 3
(12): go to stoveburner 4
(13): go to cabinet 3
(14): go to cabinet 4
(15): go to microwave 1
(16): go to cabinet 5
(17): go to cabinet 6
(18): go to cabinet 7
(19): go to sink 1
(20): go to fridge 1
(21): go to toaster 1
(22): go to coffeemachine 1
(23): go to cabinet 8
(24): go to drawer 6
(25): go to drawer 7
(26): go to drawer 8
(27): go to sinkbasin 1
(28): go to shelf 1
(29): go to shelf 2
(30): go to countertop 3
(31): go to shelf 3
(32): go to drawer 9
(33): go to cabinet 9
(34): go to garbagecan 1
(35): examine pot 1
(36): examine countertop 2

**Answer**
Let's think step by step by following the instructions.
----------------------------------------

----------------------------------------

Original Response:
Firstly, we need to identify the objects that are relevant to the task description "cool some pan and put it in sinkbasin." In Image 1, we can see a "pot 1" on the countertop, which is likely the object we need to cool. The task hint tells us that the agent must find the object, which we have identified as "pot 1," then the agent must go to a fridge to cool the object. From the Initial Observation, we know there is a fridge (1) in the room. The agent does not need to use the fridge button or open the fridge, just needs to perform an action that is "cool the object with the fridge." After cooling the object, the agent needs to find the correct location to place it, which would be the sinkbasin (1) as per the task description.

Given the answer choices, the most reasonable action to perform next would be to go to the fridge (1) to cool the pot, as we have already identified the pot in the image. Therefore, the answer is:

The answer is: (20): go to fridge 1

----------------------------------------

----------------------------------------

>>> Refine Original VLM Response and Get Pure Action: go to fridge 1

----------------------------------------

-----------------------------------------------------------------

Running time: 10.31293272972107 seconds

Total Money: 9.806330000000003

-----------------------------------------------------------------

-----------------------------------------------------------------

Text Observation:You arrive at loc 20. The fridge 1 is closed. 

--------------------------------------------------------------------------------------------------------------------------task: 16---------------------------------------------------------
--------------------------------------------------------------------------------------------------------------------------------------------------------------------
--------------------------------------------------------------------------------------------------------------------------------------------------------------------
Step:--------------------------------------------------------------------------5-------------------------------------------------------------------------------
----------------------------------------
VLM Prompt:
Image1:
<image>
Image2:
<image>
Image3:
<image>
**Instruction**
1. Analyze the provided image to identify all visible household objects, focusing on those relevant to the task description "cool some pan and put it in sinkbasin."
2. Use the analysis of the image and the task hint "The agent must find an object of the desired type, pick it up, go to a fridge, cool the object with the fridge, then find the correct location to place it, and put it down there. The agent does not need to use the fridge button or open the fridge to cool the object, and the agent just needs to do action that is "cool the object with the fridge"." to answer the question: what is the most reasonable action in the choices for the task description "cool some pan and put it in sinkbasin"?
4. Decide and write the answer using the template: The answer is: (i): <selected_action>, where i is the real number. If there is no desired object in the image, search every place based on **Initial Observation** to find the object. And if no one is exactly correct, choose a similar answer.

**Initial Observation**
You are in the middle of a room. Looking quickly around you, you can see cabinet (1-9), countertop (1-3), drawer (1-9), stoveburner (1-4), microwave (1), sink (1), fridge (1), toaster (1), coffeemachine (1), sinkbasin (1), shelf (1-3), garbagecan (1)

**Answer Choices**
(1): go to cabinet 1
(2): go to countertop 1
(3): go to cabinet 2
(4): go to drawer 1
(5): go to drawer 2
(6): go to drawer 3
(7): go to drawer 4
(8): go to stoveburner 1
(9): go to drawer 5
(10): go to stoveburner 2
(11): go to stoveburner 3
(12): go to stoveburner 4
(13): go to cabinet 3
(14): go to cabinet 4
(15): go to microwave 1
(16): go to cabinet 5
(17): go to cabinet 6
(18): go to cabinet 7
(19): go to sink 1
(20): go to toaster 1
(21): go to coffeemachine 1
(22): go to cabinet 8
(23): go to drawer 6
(24): go to drawer 7
(25): go to drawer 8
(26): go to sinkbasin 1
(27): go to shelf 1
(28): go to shelf 2
(29): go to countertop 3
(30): go to shelf 3
(31): go to drawer 9
(32): go to cabinet 9
(33): go to garbagecan 1
(34): open fridge 1
(35): close fridge 1
(36): put pot 1 in/on fridge 1
(37): cool pot 1 with fridge 1
(38): examine pot 1
(39): examine fridge 1

**Answer**
Let's think step by step by following the instructions.
----------------------------------------

----------------------------------------

Original Response:
Firstly, we need to find a pan to cool and then put it in the sinkbasin. From the initial observation, we know there is a fridge available to perform the cooling action.

Looking at Image 1 and Image 2, we can see a "pot 1" which can be considered as the pan we need to cool. Since the task description does not require us to use the fridge button or open the fridge, we will ignore those actions.

In Image 3, we can see the fridge labeled "Frost Aid," which indicates we are near the fridge where we can perform the cooling action.

After cooling the pan (pot 1) with the fridge, the next step is to put it in the sinkbasin. From the initial observation, there is a sinkbasin 1 available for this action.

Given the task description and the objects available in the images, the most reasonable action to perform next would be to cool the pot with the fridge and then place it in the sinkbasin. Therefore, the answer is:

The answer is: (37): cool pot 1 with fridge 1

----------------------------------------

----------------------------------------

>>> Refine Original VLM Response and Get Pure Action: cool pot 1 with fridge 1

----------------------------------------

-----------------------------------------------------------------

Running time: 8.717155694961548 seconds

Total Money: 9.843310000000002

-----------------------------------------------------------------

-----------------------------------------------------------------

Text Observation:You cool the pot 1 using the fridge 1.

--------------------------------------------------------------------------------------------------------------------------task: 16---------------------------------------------------------
--------------------------------------------------------------------------------------------------------------------------------------------------------------------
--------------------------------------------------------------------------------------------------------------------------------------------------------------------
Step:--------------------------------------------------------------------------6-------------------------------------------------------------------------------
----------------------------------------
VLM Prompt:
Image1:
<image>
Image2:
<image>
Image3:
<image>
**Instruction**
1. Analyze the provided image to identify all visible household objects, focusing on those relevant to the task description "cool some pan and put it in sinkbasin."
2. Use the analysis of the image and the task hint "The agent must find an object of the desired type, pick it up, go to a fridge, cool the object with the fridge, then find the correct location to place it, and put it down there. The agent does not need to use the fridge button or open the fridge to cool the object, and the agent just needs to do action that is "cool the object with the fridge"." to answer the question: what is the most reasonable action in the choices for the task description "cool some pan and put it in sinkbasin"?
4. Decide and write the answer using the template: The answer is: (i): <selected_action>, where i is the real number. If there is no desired object in the image, search every place based on **Initial Observation** to find the object. And if no one is exactly correct, choose a similar answer.

**Initial Observation**
You are in the middle of a room. Looking quickly around you, you can see cabinet (1-9), countertop (1-3), drawer (1-9), stoveburner (1-4), microwave (1), sink (1), fridge (1), toaster (1), coffeemachine (1), sinkbasin (1), shelf (1-3), garbagecan (1)

**Answer Choices**
(1): go to cabinet 1
(2): go to countertop 1
(3): go to cabinet 2
(4): go to countertop 2
(5): go to drawer 1
(6): go to drawer 2
(7): go to drawer 3
(8): go to drawer 4
(9): go to stoveburner 1
(10): go to drawer 5
(11): go to stoveburner 2
(12): go to stoveburner 3
(13): go to stoveburner 4
(14): go to cabinet 3
(15): go to cabinet 4
(16): go to microwave 1
(17): go to cabinet 5
(18): go to cabinet 6
(19): go to cabinet 7
(20): go to sink 1
(21): go to toaster 1
(22): go to coffeemachine 1
(23): go to cabinet 8
(24): go to drawer 6
(25): go to drawer 7
(26): go to drawer 8
(27): go to sinkbasin 1
(28): go to shelf 1
(29): go to shelf 2
(30): go to countertop 3
(31): go to shelf 3
(32): go to drawer 9
(33): go to cabinet 9
(34): go to garbagecan 1
(35): open fridge 1
(36): close fridge 1
(37): put pot 1 in/on fridge 1
(38): examine pot 1
(39): examine fridge 1

**Answer**
Let's think step by step by following the instructions.
----------------------------------------

----------------------------------------

Original Response:
First, we need to identify the relevant household objects for the task "cool some pan and put it in sinkbasin." In the images provided, we can see a pot (pot 1) which is similar to a pan and a fridge (fridge 1). According to the task hint, we don't need to open the fridge; we just need to "cool the object with the fridge." After cooling the pot, we need to put it in the sinkbasin. However, the sinkbasin is not visible in the provided images, but based on the initial observation, there is one sinkbasin (sinkbasin 1) in the room.

The most reasonable action from the choices given for the task description would be to first cool the pot with the fridge and then place it in the sinkbasin. The action that directly relates to cooling the pot with the fridge is (37): put pot 1 in/on fridge 1. After cooling the pot, we would go to the sinkbasin to place it there, but that action is not listed in the choices. Therefore, we'll choose the action that involves cooling the pot.

The answer is: (37): put pot 1 in/on fridge 1.

----------------------------------------

----------------------------------------

>>> Refine Original VLM Response and Get Pure Action: put pot 1 in/on fridge 1

----------------------------------------

-----------------------------------------------------------------

Running time: 15.078665733337402 seconds

Total Money: 9.880990000000002

-----------------------------------------------------------------

-----------------------------------------------------------------

Text Observation:Nothing happens.

--------------------------------------------------------------------------------------------------------------------------task: 16---------------------------------------------------------
--------------------------------------------------------------------------------------------------------------------------------------------------------------------
--------------------------------------------------------------------------------------------------------------------------------------------------------------------
Step:--------------------------------------------------------------------------7-------------------------------------------------------------------------------
----------------------------------------
VLM Prompt:
Image1:
<image>
Image2:
<image>
Image3:
<image>
**Instruction**
1. Analyze the provided image to identify all visible household objects, focusing on those relevant to the task description "cool some pan and put it in sinkbasin."
2. Use the analysis of the image and the task hint "The agent must find an object of the desired type, pick it up, go to a fridge, cool the object with the fridge, then find the correct location to place it, and put it down there. The agent does not need to use the fridge button or open the fridge to cool the object, and the agent just needs to do action that is "cool the object with the fridge"." to answer the question: what is the most reasonable action in the choices for the task description "cool some pan and put it in sinkbasin"?
4. Decide and write the answer using the template: The answer is: (i): <selected_action>, where i is the real number. If there is no desired object in the image, search every place based on **Initial Observation** to find the object. And if no one is exactly correct, choose a similar answer.

**Initial Observation**
You are in the middle of a room. Looking quickly around you, you can see cabinet (1-9), countertop (1-3), drawer (1-9), stoveburner (1-4), microwave (1), sink (1), fridge (1), toaster (1), coffeemachine (1), sinkbasin (1), shelf (1-3), garbagecan (1)

**Answer Choices**
(1): go to cabinet 1
(2): go to countertop 1
(3): go to cabinet 2
(4): go to countertop 2
(5): go to drawer 1
(6): go to drawer 2
(7): go to drawer 3
(8): go to drawer 4
(9): go to stoveburner 1
(10): go to drawer 5
(11): go to stoveburner 2
(12): go to stoveburner 3
(13): go to stoveburner 4
(14): go to cabinet 3
(15): go to cabinet 4
(16): go to microwave 1
(17): go to cabinet 5
(18): go to cabinet 6
(19): go to cabinet 7
(20): go to sink 1
(21): go to toaster 1
(22): go to coffeemachine 1
(23): go to cabinet 8
(24): go to drawer 6
(25): go to drawer 7
(26): go to drawer 8
(27): go to sinkbasin 1
(28): go to shelf 1
(29): go to shelf 2
(30): go to countertop 3
(31): go to shelf 3
(32): go to drawer 9
(33): go to cabinet 9
(34): go to garbagecan 1
(35): open fridge 1
(36): close fridge 1
(37): examine pot 1
(38): examine fridge 1

**Answer**
Let's think step by step by following the instructions.
----------------------------------------

----------------------------------------

Original Response:
The task is to cool some pan and put it in the sinkbasin. From the initial observation, we know there is a fridge and a sinkbasin in the room. We also know from the task hint that the agent does not need to use the fridge button or open the fridge to cool the object; they just need to perform the action "cool the object with the fridge."

Analyzing the images provided, we can see a pot, which is similar to a pan, in front of the fridge labeled "Frost Aid." This suggests that the pot is already being cooled by the fridge or is in the process of cooling. There is no need to perform any actions with the fridge, such as opening or closing it, as per the task hint.

The next step in the task is to put the cooled pot in the sinkbasin. From the initial observation, we know there is a sinkbasin (1) in the room.

Based on this analysis, the most reasonable action to complete the task "cool some pan and put it in sinkbasin" is to pick up the cooled pot (which is the object similar to the desired pan) and place it in the sinkbasin.

The answer is: (27): go to sinkbasin 1.

----------------------------------------

----------------------------------------

>>> Refine Original VLM Response and Get Pure Action: go to sinkbasin 1

----------------------------------------

-----------------------------------------------------------------

Running time: 16.29756450653076 seconds

Total Money: 9.918720000000002

-----------------------------------------------------------------

-----------------------------------------------------------------

Text Observation:You arrive at loc 27. On the sinkbasin 1, you see a vase 1, a fork 1, a faucet 1, and a knife 1.

--------------------------------------------------------------------------------------------------------------------------task: 16---------------------------------------------------------
--------------------------------------------------------------------------------------------------------------------------------------------------------------------
--------------------------------------------------------------------------------------------------------------------------------------------------------------------
Step:--------------------------------------------------------------------------8-------------------------------------------------------------------------------
----------------------------------------
VLM Prompt:
Image1:
<image>
Image2:
<image>
Image3:
<image>
**Instruction**
1. Analyze the provided image to identify all visible household objects, focusing on those relevant to the task description "cool some pan and put it in sinkbasin."
2. Use the analysis of the image and the task hint "The agent must find an object of the desired type, pick it up, go to a fridge, cool the object with the fridge, then find the correct location to place it, and put it down there. The agent does not need to use the fridge button or open the fridge to cool the object, and the agent just needs to do action that is "cool the object with the fridge"." to answer the question: what is the most reasonable action in the choices for the task description "cool some pan and put it in sinkbasin"?
4. Decide and write the answer using the template: The answer is: (i): <selected_action>, where i is the real number. If there is no desired object in the image, search every place based on **Initial Observation** to find the object. And if no one is exactly correct, choose a similar answer.

**Initial Observation**
You are in the middle of a room. Looking quickly around you, you can see cabinet (1-9), countertop (1-3), drawer (1-9), stoveburner (1-4), microwave (1), sink (1), fridge (1), toaster (1), coffeemachine (1), sinkbasin (1), shelf (1-3), garbagecan (1)

**Answer Choices**
(1): go to cabinet 1
(2): go to countertop 1
(3): go to cabinet 2
(4): go to countertop 2
(5): go to drawer 1
(6): go to drawer 2
(7): go to drawer 3
(8): go to drawer 4
(9): go to stoveburner 1
(10): go to drawer 5
(11): go to stoveburner 2
(12): go to stoveburner 3
(13): go to stoveburner 4
(14): go to cabinet 3
(15): go to cabinet 4
(16): go to microwave 1
(17): go to cabinet 5
(18): go to cabinet 6
(19): go to cabinet 7
(20): go to sink 1
(21): go to fridge 1
(22): go to toaster 1
(23): go to coffeemachine 1
(24): go to cabinet 8
(25): go to drawer 6
(26): go to drawer 7
(27): go to drawer 8
(28): go to shelf 1
(29): go to shelf 2
(30): go to countertop 3
(31): go to shelf 3
(32): go to drawer 9
(33): go to cabinet 9
(34): go to garbagecan 1
(35): put pot 1 in/on sinkbasin 1
(36): clean pot 1 with sink 1
(37): clean pot 1 with sinkbasin 1
(38): examine pot 1
(39): examine sinkbasin 1

**Answer**
Let's think step by step by following the instructions.
----------------------------------------

----------------------------------------

Original Response:
Firstly, from the task description "cool some pan and put it in sinkbasin," we need to identify a pan and a sinkbasin in the images. In all three images, we can see "pot 1" which is the object we need to cool and "sinkbasin 1" which is where we need to place the pot after cooling it.

According to the task hint, the agent needs to find the pot, go to the fridge to cool it, and then find the sinkbasin to place it in. From the initial observation, we know there is a fridge (1) and a sinkbasin (1) in the room.

From the images, we can see the pot is already out and visible, so we don't need to go to any cabinets, drawers, or countertops to find it. The next step according to the task description is to cool the pot with the fridge. Since we don't need to use the fridge button or open the fridge, we skip those actions. The final step would be to put the pot in the sinkbasin.

Looking at the answer choices, the most reasonable action that follows the task description and hint is to put the pot in the sinkbasin.

The answer is: (35): put pot 1 in/on sinkbasin 1.

----------------------------------------

----------------------------------------

>>> Refine Original VLM Response and Get Pure Action: put pot 1 in/on sinkbasin 1

----------------------------------------

-----------------------------------------------------------------

Running time: 12.200182676315308 seconds

Total Money: 9.957030000000001

-----------------------------------------------------------------

-----------------------------------------------------------------

Text Observation:Nothing happens.

--------------------------------------------------------------------------------------------------------------------------task: 16---------------------------------------------------------
--------------------------------------------------------------------------------------------------------------------------------------------------------------------
--------------------------------------------------------------------------------------------------------------------------------------------------------------------
Step:--------------------------------------------------------------------------9-------------------------------------------------------------------------------
----------------------------------------
VLM Prompt:
Image1:
<image>
Image2:
<image>
Image3:
<image>
**Instruction**
1. Analyze the provided image to identify all visible household objects, focusing on those relevant to the task description "cool some pan and put it in sinkbasin."
2. Use the analysis of the image and the task hint "The agent must find an object of the desired type, pick it up, go to a fridge, cool the object with the fridge, then find the correct location to place it, and put it down there. The agent does not need to use the fridge button or open the fridge to cool the object, and the agent just needs to do action that is "cool the object with the fridge"." to answer the question: what is the most reasonable action in the choices for the task description "cool some pan and put it in sinkbasin"?
4. Decide and write the answer using the template: The answer is: (i): <selected_action>, where i is the real number. If there is no desired object in the image, search every place based on **Initial Observation** to find the object. And if no one is exactly correct, choose a similar answer.

**Initial Observation**
You are in the middle of a room. Looking quickly around you, you can see cabinet (1-9), countertop (1-3), drawer (1-9), stoveburner (1-4), microwave (1), sink (1), fridge (1), toaster (1), coffeemachine (1), sinkbasin (1), shelf (1-3), garbagecan (1)

**Answer Choices**
(1): go to cabinet 1
(2): go to countertop 1
(3): go to cabinet 2
(4): go to countertop 2
(5): go to drawer 1
(6): go to drawer 2
(7): go to drawer 3
(8): go to drawer 4
(9): go to stoveburner 1
(10): go to drawer 5
(11): go to stoveburner 2
(12): go to stoveburner 3
(13): go to stoveburner 4
(14): go to cabinet 3
(15): go to cabinet 4
(16): go to microwave 1
(17): go to cabinet 5
(18): go to cabinet 6
(19): go to cabinet 7
(20): go to sink 1
(21): go to fridge 1
(22): go to toaster 1
(23): go to coffeemachine 1
(24): go to cabinet 8
(25): go to drawer 6
(26): go to drawer 7
(27): go to drawer 8
(28): go to shelf 1
(29): go to shelf 2
(30): go to countertop 3
(31): go to shelf 3
(32): go to drawer 9
(33): go to cabinet 9
(34): go to garbagecan 1
(35): clean pot 1 with sink 1
(36): clean pot 1 with sinkbasin 1
(37): examine pot 1
(38): examine sinkbasin 1

**Answer**
Let's think step by step by following the instructions.
----------------------------------------

----------------------------------------

Original Response:
Firstly, we need to identify all visible household objects relevant to the task description "cool some pan and put it in sinkbasin." From the images provided, we can see a pot (pot 1), a fridge (fridge 1), a sink (sink 1), and a sinkbasin (sinkbasin 1).

Based on the task hint, the agent must find an object of the desired type, which in this case is a pot or pan. The agent needs to pick it up, go to a fridge, cool the object with the fridge, then find the correct location to place it, which is the sinkbasin, and put it down there.

Considering the initial observation that tells us the objects present in the room and the relevant objects we identified in the images, the most reasonable action for the agent would be to:
- Pick up the pot (pot 1) since it's the desired object for the task.
- Go to the fridge (fridge 1) to cool the pot.
- Go to the sinkbasin (sinkbasin 1) to place the cooled pot.

None of the answer choices directly specify these actions, but the closest actions that would initiate this sequence are picking up the pot and examining the sink basin where it will be placed. Since the action of cooling the pot with the fridge does not require interaction with the fridge button or opening the fridge, the next relevant action is placing the pot in the sink basin.

The answer is: (38): examine sinkbasin 1, since examining the sinkbasin is part of the sequence of actions needed to complete the task.

----------------------------------------

----------------------------------------

>>> Refine Original VLM Response and Get Pure Action: examine sinkbasin 1, since examining the sinkbasin is part of the sequence of actions needed to complete the task

----------------------------------------

-----------------------------------------------------------------

Running time: 22.26352047920227 seconds

Total Money: 9.997110000000001

-----------------------------------------------------------------

-----------------------------------------------------------------

Text Observation:Nothing happens.

--------------------------------------------------------------------------------------------------------------------------task: 16---------------------------------------------------------
--------------------------------------------------------------------------------------------------------------------------------------------------------------------
--------------------------------------------------------------------------------------------------------------------------------------------------------------------
Step:--------------------------------------------------------------------------10-------------------------------------------------------------------------------
----------------------------------------
VLM Prompt:
Image1:
<image>
Image2:
<image>
Image3:
<image>
**Instruction**
1. Analyze the provided image to identify all visible household objects, focusing on those relevant to the task description "cool some pan and put it in sinkbasin."
2. Use the analysis of the image and the task hint "The agent must find an object of the desired type, pick it up, go to a fridge, cool the object with the fridge, then find the correct location to place it, and put it down there. The agent does not need to use the fridge button or open the fridge to cool the object, and the agent just needs to do action that is "cool the object with the fridge"." to answer the question: what is the most reasonable action in the choices for the task description "cool some pan and put it in sinkbasin"?
4. Decide and write the answer using the template: The answer is: (i): <selected_action>, where i is the real number. If there is no desired object in the image, search every place based on **Initial Observation** to find the object. And if no one is exactly correct, choose a similar answer.

**Initial Observation**
You are in the middle of a room. Looking quickly around you, you can see cabinet (1-9), countertop (1-3), drawer (1-9), stoveburner (1-4), microwave (1), sink (1), fridge (1), toaster (1), coffeemachine (1), sinkbasin (1), shelf (1-3), garbagecan (1)

**Answer Choices**
(1): go to cabinet 1
(2): go to countertop 1
(3): go to cabinet 2
(4): go to countertop 2
(5): go to drawer 1
(6): go to drawer 2
(7): go to drawer 3
(8): go to drawer 4
(9): go to stoveburner 1
(10): go to drawer 5
(11): go to stoveburner 2
(12): go to stoveburner 3
(13): go to stoveburner 4
(14): go to cabinet 3
(15): go to cabinet 4
(16): go to microwave 1
(17): go to cabinet 5
(18): go to cabinet 6
(19): go to cabinet 7
(20): go to sink 1
(21): go to fridge 1
(22): go to toaster 1
(23): go to coffeemachine 1
(24): go to cabinet 8
(25): go to drawer 6
(26): go to drawer 7
(27): go to drawer 8
(28): go to shelf 1
(29): go to shelf 2
(30): go to countertop 3
(31): go to shelf 3
(32): go to drawer 9
(33): go to cabinet 9
(34): go to garbagecan 1
(35): clean pot 1 with sink 1
(36): clean pot 1 with sinkbasin 1
(37): examine pot 1
(38): examine sinkbasin 1

**Answer**
Let's think step by step by following the instructions.
----------------------------------------

----------------------------------------

Original Response:
First, we need to identify all visible household objects relevant to the task description "cool some pan and put it in sinkbasin." In the provided images, we can see a "pot 1" which may be referred to as a "pan" in the task description, and a "sinkbasin 1" where the pot is supposed to be placed after cooling.

According to the task hint, the agent must find an object of the desired type, pick it up, go to a fridge, cool the object with the fridge, then find the correct location to place it, and put it down there. The agent does not need to use the fridge button or open the fridge to cool the object, and the agent just needs to do action that is "cool the object with the fridge".

Given the Initial Observation, we have a "fridge 1" in the room as well.

Now, analyzing the answer choices, we need to find the most reasonable action related to cooling the pot with the fridge and placing it in the sinkbasin. Since the task does not require interaction with the fridge other than cooling the object, we can ignore actions related to opening or using the fridge button.

The action of "cleaning" the pot with the sink or sinkbasin is not relevant to the task of cooling the pot. Examining the pot or sinkbasin also does not progress the task of cooling and placing the pot.

Therefore, the most reasonable action from the given choices would be to go to the fridge to cool the pot, as it is a direct action related to the task description. However, since there is no explicit action to "cool the pot with the fridge," we must choose the action that involves going to the fridge.

The answer is: (21): go to fridge 1.

----------------------------------------

----------------------------------------

>>> Refine Original VLM Response and Get Pure Action: go to fridge 1

----------------------------------------

-----------------------------------------------------------------

Running time: 17.603870153427124 seconds

Total Money: 10.03818

-----------------------------------------------------------------

-----------------------------------------------------------------

Text Observation:You arrive at loc 20. The fridge 1 is closed. 

--------------------------------------------------------------------------------------------------------------------------task: 16---------------------------------------------------------
--------------------------------------------------------------------------------------------------------------------------------------------------------------------
--------------------------------------------------------------------------------------------------------------------------------------------------------------------
Step:--------------------------------------------------------------------------11-------------------------------------------------------------------------------
----------------------------------------
VLM Prompt:
Image1:
<image>
Image2:
<image>
Image3:
<image>
**Instruction**
1. Analyze the provided image to identify all visible household objects, focusing on those relevant to the task description "cool some pan and put it in sinkbasin."
2. Use the analysis of the image and the task hint "The agent must find an object of the desired type, pick it up, go to a fridge, cool the object with the fridge, then find the correct location to place it, and put it down there. The agent does not need to use the fridge button or open the fridge to cool the object, and the agent just needs to do action that is "cool the object with the fridge"." to answer the question: what is the most reasonable action in the choices for the task description "cool some pan and put it in sinkbasin"?
4. Decide and write the answer using the template: The answer is: (i): <selected_action>, where i is the real number. If there is no desired object in the image, search every place based on **Initial Observation** to find the object. And if no one is exactly correct, choose a similar answer.

**Initial Observation**
You are in the middle of a room. Looking quickly around you, you can see cabinet (1-9), countertop (1-3), drawer (1-9), stoveburner (1-4), microwave (1), sink (1), fridge (1), toaster (1), coffeemachine (1), sinkbasin (1), shelf (1-3), garbagecan (1)

**Answer Choices**
(1): go to cabinet 1
(2): go to countertop 1
(3): go to cabinet 2
(4): go to countertop 2
(5): go to drawer 1
(6): go to drawer 2
(7): go to drawer 3
(8): go to drawer 4
(9): go to stoveburner 1
(10): go to drawer 5
(11): go to stoveburner 2
(12): go to stoveburner 3
(13): go to stoveburner 4
(14): go to cabinet 3
(15): go to cabinet 4
(16): go to microwave 1
(17): go to cabinet 5
(18): go to cabinet 6
(19): go to cabinet 7
(20): go to sink 1
(21): go to toaster 1
(22): go to coffeemachine 1
(23): go to cabinet 8
(24): go to drawer 6
(25): go to drawer 7
(26): go to drawer 8
(27): go to sinkbasin 1
(28): go to shelf 1
(29): go to shelf 2
(30): go to countertop 3
(31): go to shelf 3
(32): go to drawer 9
(33): go to cabinet 9
(34): go to garbagecan 1
(35): open fridge 1
(36): close fridge 1
(37): put pot 1 in/on fridge 1
(38): cool pot 1 with fridge 1
(39): examine pot 1
(40): examine fridge 1

**Answer**
Let's think step by step by following the instructions.
----------------------------------------

----------------------------------------

Original Response:
First, we need to cool a pan, which in this case is referred to as "pot 1" in the images. The images show that the pot is already in the desired location, which is the sinkbasin. Since the task description mentions cooling the pan with the fridge, the most reasonable action would be to cool pot 1 with the fridge. However, according to the task hint, the agent does not need to use the fridge button or open the fridge; it just needs to perform the action of cooling the object with the fridge. 

Therefore, the answer is: (38): cool pot 1 with fridge 1.

----------------------------------------

----------------------------------------

>>> Refine Original VLM Response and Get Pure Action: No action

----------------------------------------

-----------------------------------------------------------------

Running time: 7.7400124073028564 seconds

Total Money: 10.072320000000001

-----------------------------------------------------------------

-----------------------------------------------------------------

Text Observation:Nothing happens.

--------------------------------------------------------------------------------------------------------------------------task: 16---------------------------------------------------------
--------------------------------------------------------------------------------------------------------------------------------------------------------------------
--------------------------------------------------------------------------------------------------------------------------------------------------------------------
Step:--------------------------------------------------------------------------12-------------------------------------------------------------------------------
----------------------------------------
VLM Prompt:
Image1:
<image>
Image2:
<image>
Image3:
<image>
**Instruction**
1. Analyze the provided image to identify all visible household objects, focusing on those relevant to the task description "cool some pan and put it in sinkbasin."
2. Use the analysis of the image and the task hint "The agent must find an object of the desired type, pick it up, go to a fridge, cool the object with the fridge, then find the correct location to place it, and put it down there. The agent does not need to use the fridge button or open the fridge to cool the object, and the agent just needs to do action that is "cool the object with the fridge"." to answer the question: what is the most reasonable action in the choices for the task description "cool some pan and put it in sinkbasin"?
4. Decide and write the answer using the template: The answer is: (i): <selected_action>, where i is the real number. If there is no desired object in the image, search every place based on **Initial Observation** to find the object. And if no one is exactly correct, choose a similar answer.

**Initial Observation**
You are in the middle of a room. Looking quickly around you, you can see cabinet (1-9), countertop (1-3), drawer (1-9), stoveburner (1-4), microwave (1), sink (1), fridge (1), toaster (1), coffeemachine (1), sinkbasin (1), shelf (1-3), garbagecan (1)

**Answer Choices**
(1): go to cabinet 1
(2): go to countertop 1
(3): go to cabinet 2
(4): go to countertop 2
(5): go to drawer 1
(6): go to drawer 2
(7): go to drawer 3
(8): go to drawer 4
(9): go to stoveburner 1
(10): go to drawer 5
(11): go to stoveburner 2
(12): go to stoveburner 3
(13): go to stoveburner 4
(14): go to cabinet 3
(15): go to cabinet 4
(16): go to microwave 1
(17): go to cabinet 5
(18): go to cabinet 6
(19): go to cabinet 7
(20): go to sink 1
(21): go to toaster 1
(22): go to coffeemachine 1
(23): go to cabinet 8
(24): go to drawer 6
(25): go to drawer 7
(26): go to drawer 8
(27): go to sinkbasin 1
(28): go to shelf 1
(29): go to shelf 2
(30): go to countertop 3
(31): go to shelf 3
(32): go to drawer 9
(33): go to cabinet 9
(34): go to garbagecan 1
(35): open fridge 1
(36): close fridge 1
(37): put pot 1 in/on fridge 1
(38): cool pot 1 with fridge 1
(39): examine pot 1
(40): examine fridge 1

**Answer**
Let's think step by step by following the instructions.
----------------------------------------

----------------------------------------

Original Response:
The task description is "cool some pan and put it in sinkbasin." According to the task hint, the agent must find an object of the desired type, pick it up, go to a fridge, cool the object with the fridge, then find the correct location to place it, and put it down there. The agent does not need to use the fridge button or open the fridge to cool the object, and the agent just needs to do an action that is "cool the object with the fridge."

Looking at Image1, we can see a pot (which can be considered as a type of pan) on the countertop next to the sink. Since the pot is the desired object for the task, the agent does not need to search every place. The agent needs to pick up this pot and cool it with the fridge.

Image2 and Image3 show the same scene, with the pot placed on top of the fridge, suggesting the cooling action has been completed.

Given the choices, the most reasonable next action to fulfill the task of "cool some pan and put it in sinkbasin" is to go to sinkbasin 1 and place the cooled pot there.

The answer is: (27): go to sinkbasin 1.

----------------------------------------

----------------------------------------

>>> Refine Original VLM Response and Get Pure Action: go to sinkbasin 1

----------------------------------------

-----------------------------------------------------------------

Running time: 14.067152976989746 seconds

Total Money: 10.11015

-----------------------------------------------------------------

-----------------------------------------------------------------

Text Observation:You arrive at loc 27. On the sinkbasin 1, you see a vase 1, a fork 1, a faucet 1, and a knife 1.

--------------------------------------------------------------------------------------------------------------------------task: 16---------------------------------------------------------
--------------------------------------------------------------------------------------------------------------------------------------------------------------------
--------------------------------------------------------------------------------------------------------------------------------------------------------------------
Step:--------------------------------------------------------------------------13-------------------------------------------------------------------------------
----------------------------------------
VLM Prompt:
Image1:
<image>
Image2:
<image>
Image3:
<image>
**Instruction**
1. Analyze the provided image to identify all visible household objects, focusing on those relevant to the task description "cool some pan and put it in sinkbasin."
2. Use the analysis of the image and the task hint "The agent must find an object of the desired type, pick it up, go to a fridge, cool the object with the fridge, then find the correct location to place it, and put it down there. The agent does not need to use the fridge button or open the fridge to cool the object, and the agent just needs to do action that is "cool the object with the fridge"." to answer the question: what is the most reasonable action in the choices for the task description "cool some pan and put it in sinkbasin"?
4. Decide and write the answer using the template: The answer is: (i): <selected_action>, where i is the real number. If there is no desired object in the image, search every place based on **Initial Observation** to find the object. And if no one is exactly correct, choose a similar answer.

**Initial Observation**
You are in the middle of a room. Looking quickly around you, you can see cabinet (1-9), countertop (1-3), drawer (1-9), stoveburner (1-4), microwave (1), sink (1), fridge (1), toaster (1), coffeemachine (1), sinkbasin (1), shelf (1-3), garbagecan (1)

**Answer Choices**
(1): go to cabinet 1
(2): go to countertop 1
(3): go to cabinet 2
(4): go to countertop 2
(5): go to drawer 1
(6): go to drawer 2
(7): go to drawer 3
(8): go to drawer 4
(9): go to stoveburner 1
(10): go to drawer 5
(11): go to stoveburner 2
(12): go to stoveburner 3
(13): go to stoveburner 4
(14): go to cabinet 3
(15): go to cabinet 4
(16): go to microwave 1
(17): go to cabinet 5
(18): go to cabinet 6
(19): go to cabinet 7
(20): go to sink 1
(21): go to toaster 1
(22): go to coffeemachine 1
(23): go to cabinet 8
(24): go to drawer 6
(25): go to drawer 7
(26): go to drawer 8
(27): go to shelf 1
(28): go to shelf 2
(29): go to countertop 3
(30): go to shelf 3
(31): go to drawer 9
(32): go to cabinet 9
(33): go to garbagecan 1
(34): put pot 1 in/on sinkbasin 1
(35): clean pot 1 with sink 1
(36): clean pot 1 with sinkbasin 1
(37): examine pot 1
(38): examine sinkbasin 1

**Answer**
Let's think step by step by following the instructions.
----------------------------------------

----------------------------------------

Original Response:
The task description is "cool some pan and put it in sinkbasin." From the initial observation, we know there is a fridge (1) and a sinkbasin (1) in the room. 

Looking at the images provided:
- Image 1 shows a pot labeled "pot 1" on top of a green surface, which is likely the fridge, given the hint in the instructions. This indicates that the pot has already been cooled using the fridge.
- Image 2 is identical to Image 1, which doesn't provide any additional information.
- Image 3 shows the same pot labeled "pot 1" now located near a sinkbasin labeled "sinkbasin 1."

Given the analysis of the images and the initial observation, we can see that the pot has already been cooled and is now near the sinkbasin, which is the final desired location according to the task description.

Therefore, the most reasonable action from the choices provided would be to put the cooled pot in the sinkbasin.

The answer is: (34): put pot 1 in/on sinkbasin 1.

----------------------------------------

----------------------------------------

>>> Refine Original VLM Response and Get Pure Action: put pot 1 in/on sinkbasin 1

----------------------------------------

-----------------------------------------------------------------

Running time: 13.652528047561646 seconds

Total Money: 10.147110000000001

-----------------------------------------------------------------

-----------------------------------------------------------------

Text Observation:Nothing happens.

--------------------------------------------------------------------------------------------------------------------------task: 16---------------------------------------------------------
--------------------------------------------------------------------------------------------------------------------------------------------------------------------
--------------------------------------------------------------------------------------------------------------------------------------------------------------------
Step:--------------------------------------------------------------------------14-------------------------------------------------------------------------------
----------------------------------------
VLM Prompt:
Image1:
<image>
Image2:
<image>
Image3:
<image>
**Instruction**
1. Analyze the provided image to identify all visible household objects, focusing on those relevant to the task description "cool some pan and put it in sinkbasin."
2. Use the analysis of the image and the task hint "The agent must find an object of the desired type, pick it up, go to a fridge, cool the object with the fridge, then find the correct location to place it, and put it down there. The agent does not need to use the fridge button or open the fridge to cool the object, and the agent just needs to do action that is "cool the object with the fridge"." to answer the question: what is the most reasonable action in the choices for the task description "cool some pan and put it in sinkbasin"?
4. Decide and write the answer using the template: The answer is: (i): <selected_action>, where i is the real number. If there is no desired object in the image, search every place based on **Initial Observation** to find the object. And if no one is exactly correct, choose a similar answer.

**Initial Observation**
You are in the middle of a room. Looking quickly around you, you can see cabinet (1-9), countertop (1-3), drawer (1-9), stoveburner (1-4), microwave (1), sink (1), fridge (1), toaster (1), coffeemachine (1), sinkbasin (1), shelf (1-3), garbagecan (1)

**Answer Choices**
(1): go to cabinet 1
(2): go to countertop 1
(3): go to cabinet 2
(4): go to countertop 2
(5): go to drawer 1
(6): go to drawer 2
(7): go to drawer 3
(8): go to drawer 4
(9): go to stoveburner 1
(10): go to drawer 5
(11): go to stoveburner 2
(12): go to stoveburner 3
(13): go to stoveburner 4
(14): go to cabinet 3
(15): go to cabinet 4
(16): go to microwave 1
(17): go to cabinet 5
(18): go to cabinet 6
(19): go to cabinet 7
(20): go to sink 1
(21): go to fridge 1
(22): go to toaster 1
(23): go to coffeemachine 1
(24): go to cabinet 8
(25): go to drawer 6
(26): go to drawer 7
(27): go to drawer 8
(28): go to shelf 1
(29): go to shelf 2
(30): go to countertop 3
(31): go to shelf 3
(32): go to drawer 9
(33): go to cabinet 9
(34): go to garbagecan 1
(35): clean pot 1 with sink 1
(36): clean pot 1 with sinkbasin 1
(37): examine pot 1
(38): examine sinkbasin 1

**Answer**
Let's think step by step by following the instructions.
----------------------------------------

----------------------------------------

Original Response:
First, we need to find a pan, which in this case is labeled as "pot 1" in all the images provided. This satisfies the "some pan" part of the task description. Next, according to the task hint, the agent must cool the object with the fridge. The fridge is labeled as "fridge 1" in Image1. Lastly, the agent needs to put the cooled pan in the "sinkbasin," which is labeled as "sinkbasin 1" in Image2 and Image3.

Based on the task description and the analysis of the images, the most reasonable action for the agent to perform would be to pick up "pot 1," go to "fridge 1" to cool it, and then put it in "sinkbasin 1." However, as the answer choices do not provide the option to pick up the pot or cool it with the fridge directly, we must choose the action that involves placing the pot in the sinkbasin after it has been assumed to be cooled.

Out of the given answer choices, the closest action to the final step of the task description is to put the pot in the sinkbasin. 

The answer is: (38): examine sinkbasin 1.

----------------------------------------

----------------------------------------

>>> Refine Original VLM Response and Get Pure Action: examine sinkbasin 1

----------------------------------------

-----------------------------------------------------------------

Running time: 18.097345113754272 seconds

Total Money: 10.18485

-----------------------------------------------------------------

-----------------------------------------------------------------

Text Observation:On the sinkbasin 1, you see a vase 1, a fork 1, a faucet 1, and a knife 1.

--------------------------------------------------------------------------------------------------------------------------task: 16---------------------------------------------------------
--------------------------------------------------------------------------------------------------------------------------------------------------------------------
--------------------------------------------------------------------------------------------------------------------------------------------------------------------
Step:--------------------------------------------------------------------------15-------------------------------------------------------------------------------
----------------------------------------
VLM Prompt:
Image1:
<image>
Image2:
<image>
Image3:
<image>
**Instruction**
1. Analyze the provided image to identify all visible household objects, focusing on those relevant to the task description "cool some pan and put it in sinkbasin."
2. Use the analysis of the image and the task hint "The agent must find an object of the desired type, pick it up, go to a fridge, cool the object with the fridge, then find the correct location to place it, and put it down there. The agent does not need to use the fridge button or open the fridge to cool the object, and the agent just needs to do action that is "cool the object with the fridge"." to answer the question: what is the most reasonable action in the choices for the task description "cool some pan and put it in sinkbasin"?
4. Decide and write the answer using the template: The answer is: (i): <selected_action>, where i is the real number. If there is no desired object in the image, search every place based on **Initial Observation** to find the object. And if no one is exactly correct, choose a similar answer.

**Initial Observation**
You are in the middle of a room. Looking quickly around you, you can see cabinet (1-9), countertop (1-3), drawer (1-9), stoveburner (1-4), microwave (1), sink (1), fridge (1), toaster (1), coffeemachine (1), sinkbasin (1), shelf (1-3), garbagecan (1)

**Answer Choices**
(1): go to cabinet 1
(2): go to countertop 1
(3): go to cabinet 2
(4): go to countertop 2
(5): go to drawer 1
(6): go to drawer 2
(7): go to drawer 3
(8): go to drawer 4
(9): go to stoveburner 1
(10): go to drawer 5
(11): go to stoveburner 2
(12): go to stoveburner 3
(13): go to stoveburner 4
(14): go to cabinet 3
(15): go to cabinet 4
(16): go to microwave 1
(17): go to cabinet 5
(18): go to cabinet 6
(19): go to cabinet 7
(20): go to sink 1
(21): go to fridge 1
(22): go to toaster 1
(23): go to coffeemachine 1
(24): go to cabinet 8
(25): go to drawer 6
(26): go to drawer 7
(27): go to drawer 8
(28): go to shelf 1
(29): go to shelf 2
(30): go to countertop 3
(31): go to shelf 3
(32): go to drawer 9
(33): go to cabinet 9
(34): go to garbagecan 1
(35): clean pot 1 with sink 1
(36): clean pot 1 with sinkbasin 1
(37): examine pot 1

**Answer**
Let's think step by step by following the instructions.
----------------------------------------

----------------------------------------

Original Response:
The task description is to "cool some pan and put it in sinkbasin." Based on the task hint, the agent must find a pan, cool it with the fridge, and then put it in the sinkbasin.

Analyzing the image, we can see a pot (which can be considered similar to a pan for this task) on the countertop next to the sink, labeled as "pot 1." There is also a sinkbasin labeled "sinkbasin 1."

The task does not require the use of the fridge button or opening the fridge; the agent just needs to perform the action "cool the object with the fridge." Since the image already has the pot and the sinkbasin visible, the most reasonable actions from the choices provided would be to cool the pot with the fridge and then place it in the sinkbasin.

However, the answer choices do not include an action that directly states "cool pot 1 with fridge 1," so we must choose the closest reasonable action that can contribute to the completion of the task.

The answer is: (21): go to fridge 1. This action is necessary to complete the task of cooling the pot, even though the action of cooling is not explicitly stated. After cooling the pot, the agent would then need to go to sinkbasin 1 to place it there, which is not listed as an option but is implied as the next step after cooling.

----------------------------------------

----------------------------------------

>>> Refine Original VLM Response and Get Pure Action: go to fridge 1

----------------------------------------

-----------------------------------------------------------------

Running time: 12.497541427612305 seconds

Total Money: 10.22357

-----------------------------------------------------------------

-----------------------------------------------------------------

Text Observation:You arrive at loc 20. The fridge 1 is closed. 

--------------------------------------------------------------------------------------------------------------------------task: 16---------------------------------------------------------
--------------------------------------------------------------------------------------------------------------------------------------------------------------------
--------------------------------------------------------------------------------------------------------------------------------------------------------------------
Step:--------------------------------------------------------------------------16-------------------------------------------------------------------------------
----------------------------------------
VLM Prompt:
Image1:
<image>
Image2:
<image>
Image3:
<image>
**Instruction**
1. Analyze the provided image to identify all visible household objects, focusing on those relevant to the task description "cool some pan and put it in sinkbasin."
2. Use the analysis of the image and the task hint "The agent must find an object of the desired type, pick it up, go to a fridge, cool the object with the fridge, then find the correct location to place it, and put it down there. The agent does not need to use the fridge button or open the fridge to cool the object, and the agent just needs to do action that is "cool the object with the fridge"." to answer the question: what is the most reasonable action in the choices for the task description "cool some pan and put it in sinkbasin"?
4. Decide and write the answer using the template: The answer is: (i): <selected_action>, where i is the real number. If there is no desired object in the image, search every place based on **Initial Observation** to find the object. And if no one is exactly correct, choose a similar answer.

**Initial Observation**
You are in the middle of a room. Looking quickly around you, you can see cabinet (1-9), countertop (1-3), drawer (1-9), stoveburner (1-4), microwave (1), sink (1), fridge (1), toaster (1), coffeemachine (1), sinkbasin (1), shelf (1-3), garbagecan (1)

**Answer Choices**
(1): go to cabinet 1
(2): go to countertop 1
(3): go to cabinet 2
(4): go to countertop 2
(5): go to drawer 1
(6): go to drawer 2
(7): go to drawer 3
(8): go to drawer 4
(9): go to stoveburner 1
(10): go to drawer 5
(11): go to stoveburner 2
(12): go to stoveburner 3
(13): go to stoveburner 4
(14): go to cabinet 3
(15): go to cabinet 4
(16): go to microwave 1
(17): go to cabinet 5
(18): go to cabinet 6
(19): go to cabinet 7
(20): go to sink 1
(21): go to toaster 1
(22): go to coffeemachine 1
(23): go to cabinet 8
(24): go to drawer 6
(25): go to drawer 7
(26): go to drawer 8
(27): go to sinkbasin 1
(28): go to shelf 1
(29): go to shelf 2
(30): go to countertop 3
(31): go to shelf 3
(32): go to drawer 9
(33): go to cabinet 9
(34): go to garbagecan 1
(35): open fridge 1
(36): close fridge 1
(37): put pot 1 in/on fridge 1
(38): cool pot 1 with fridge 1
(39): examine pot 1
(40): examine fridge 1

**Answer**
Let's think step by step by following the instructions.
----------------------------------------

----------------------------------------

Original Response:
First, we need to identify all visible household objects relevant to the task "cool some pan and put it in sinkbasin." In the images provided, we can see the following relevant objects:

- pot 1 (visible in all three images)
- sinkbasin 1 (labeled in Image 1)
- fridge 1 (labeled in Image 3)

Since the task hint indicates that the agent does not need to use the fridge button or open the fridge to cool the object, and just needs to "cool the object with the fridge," the most reasonable action is to cool pot 1 with fridge 1 and then put it in sinkbasin 1.

The answer is: (38): cool pot 1 with fridge 1 and then (27): go to sinkbasin 1 to place pot 1 there.

----------------------------------------

----------------------------------------

>>> Refine Original VLM Response and Get Pure Action: cool pot 1 with fridge 1 and then (27): go to sinkbasin 1 to place pot 1 there

----------------------------------------

-----------------------------------------------------------------

Running time: 9.19880986213684 seconds

Total Money: 10.25897

-----------------------------------------------------------------

-----------------------------------------------------------------

Text Observation:Nothing happens.

--------------------------------------------------------------------------------------------------------------------------task: 16---------------------------------------------------------
--------------------------------------------------------------------------------------------------------------------------------------------------------------------
--------------------------------------------------------------------------------------------------------------------------------------------------------------------
Step:--------------------------------------------------------------------------17-------------------------------------------------------------------------------
----------------------------------------
VLM Prompt:
Image1:
<image>
Image2:
<image>
Image3:
<image>
**Instruction**
1. Analyze the provided image to identify all visible household objects, focusing on those relevant to the task description "cool some pan and put it in sinkbasin."
2. Use the analysis of the image and the task hint "The agent must find an object of the desired type, pick it up, go to a fridge, cool the object with the fridge, then find the correct location to place it, and put it down there. The agent does not need to use the fridge button or open the fridge to cool the object, and the agent just needs to do action that is "cool the object with the fridge"." to answer the question: what is the most reasonable action in the choices for the task description "cool some pan and put it in sinkbasin"?
4. Decide and write the answer using the template: The answer is: (i): <selected_action>, where i is the real number. If there is no desired object in the image, search every place based on **Initial Observation** to find the object. And if no one is exactly correct, choose a similar answer.

**Initial Observation**
You are in the middle of a room. Looking quickly around you, you can see cabinet (1-9), countertop (1-3), drawer (1-9), stoveburner (1-4), microwave (1), sink (1), fridge (1), toaster (1), coffeemachine (1), sinkbasin (1), shelf (1-3), garbagecan (1)

**Answer Choices**
(1): go to cabinet 1
(2): go to countertop 1
(3): go to cabinet 2
(4): go to countertop 2
(5): go to drawer 1
(6): go to drawer 2
(7): go to drawer 3
(8): go to drawer 4
(9): go to stoveburner 1
(10): go to drawer 5
(11): go to stoveburner 2
(12): go to stoveburner 3
(13): go to stoveburner 4
(14): go to cabinet 3
(15): go to cabinet 4
(16): go to microwave 1
(17): go to cabinet 5
(18): go to cabinet 6
(19): go to cabinet 7
(20): go to sink 1
(21): go to toaster 1
(22): go to coffeemachine 1
(23): go to cabinet 8
(24): go to drawer 6
(25): go to drawer 7
(26): go to drawer 8
(27): go to sinkbasin 1
(28): go to shelf 1
(29): go to shelf 2
(30): go to countertop 3
(31): go to shelf 3
(32): go to drawer 9
(33): go to cabinet 9
(34): go to garbagecan 1
(35): open fridge 1
(36): close fridge 1
(37): put pot 1 in/on fridge 1
(38): cool pot 1 with fridge 1
(39): examine pot 1
(40): examine fridge 1

**Answer**
Let's think step by step by following the instructions.
----------------------------------------

----------------------------------------

Original Response:
First, we identify all visible household objects relevant to the task "cool some pan and put it in sinkbasin." In the images provided, we can see a pot (which is similar to a pan), a fridge, and a sinkbasin. These are relevant to the task.

Next, based on the task hint, the agent must find a pan (in this case, a pot), cool it with the fridge, and then put it in the sinkbasin. The agent does not need to use the fridge button or open the fridge; they only need to perform the action of cooling the object with the fridge.

Given the initial observation that we are in the middle of a room with access to various household items including the fridge and sinkbasin, and considering the answer choices provided:

(20): go to sink 1 - This action does not involve cooling the pot or placing it in the sinkbasin.
(27): go to sinkbasin 1 - This action is part of the task but only after cooling the pot with the fridge.
(37): put pot 1 in/on fridge 1 - This action is not correct as we only need to cool the pot with the fridge, not put it in or on the fridge.
(38): cool pot 1 with fridge 1 - This action aligns with the task hint, as we need to cool the pot with the fridge.
(39): examine pot 1 - This action is not relevant to the task at hand.
(40): examine fridge 1 - This action is not relevant to the task at hand.

The most reasonable action from the choices given for the task description "cool some pan and put it in sinkbasin" is to cool the pot with the fridge and then place it in the sinkbasin.

The answer is: (38): cool pot 1 with fridge 1

----------------------------------------

----------------------------------------

>>> Refine Original VLM Response and Get Pure Action: cool pot 1 with fridge 1

----------------------------------------

-----------------------------------------------------------------

Running time: 14.312229633331299 seconds

Total Money: 10.300609999999999

-----------------------------------------------------------------

-----------------------------------------------------------------

Text Observation:You cool the pot 1 using the fridge 1.

--------------------------------------------------------------------------------------------------------------------------task: 16---------------------------------------------------------
--------------------------------------------------------------------------------------------------------------------------------------------------------------------
--------------------------------------------------------------------------------------------------------------------------------------------------------------------
Step:--------------------------------------------------------------------------18-------------------------------------------------------------------------------
----------------------------------------
VLM Prompt:
Image1:
<image>
Image2:
<image>
Image3:
<image>
**Instruction**
1. Analyze the provided image to identify all visible household objects, focusing on those relevant to the task description "cool some pan and put it in sinkbasin."
2. Use the analysis of the image and the task hint "The agent must find an object of the desired type, pick it up, go to a fridge, cool the object with the fridge, then find the correct location to place it, and put it down there. The agent does not need to use the fridge button or open the fridge to cool the object, and the agent just needs to do action that is "cool the object with the fridge"." to answer the question: what is the most reasonable action in the choices for the task description "cool some pan and put it in sinkbasin"?
4. Decide and write the answer using the template: The answer is: (i): <selected_action>, where i is the real number. If there is no desired object in the image, search every place based on **Initial Observation** to find the object. And if no one is exactly correct, choose a similar answer.

**Initial Observation**
You are in the middle of a room. Looking quickly around you, you can see cabinet (1-9), countertop (1-3), drawer (1-9), stoveburner (1-4), microwave (1), sink (1), fridge (1), toaster (1), coffeemachine (1), sinkbasin (1), shelf (1-3), garbagecan (1)

**Answer Choices**
(1): go to cabinet 1
(2): go to countertop 1
(3): go to cabinet 2
(4): go to countertop 2
(5): go to drawer 1
(6): go to drawer 2
(7): go to drawer 3
(8): go to drawer 4
(9): go to stoveburner 1
(10): go to drawer 5
(11): go to stoveburner 2
(12): go to stoveburner 3
(13): go to stoveburner 4
(14): go to cabinet 3
(15): go to cabinet 4
(16): go to microwave 1
(17): go to cabinet 5
(18): go to cabinet 6
(19): go to cabinet 7
(20): go to sink 1
(21): go to toaster 1
(22): go to coffeemachine 1
(23): go to cabinet 8
(24): go to drawer 6
(25): go to drawer 7
(26): go to drawer 8
(27): go to sinkbasin 1
(28): go to shelf 1
(29): go to shelf 2
(30): go to countertop 3
(31): go to shelf 3
(32): go to drawer 9
(33): go to cabinet 9
(34): go to garbagecan 1
(35): open fridge 1
(36): close fridge 1
(37): put pot 1 in/on fridge 1
(38): examine pot 1
(39): examine fridge 1

**Answer**
Let's think step by step by following the instructions.
----------------------------------------

----------------------------------------

Original Response:
Firstly, we need to identify all visible household objects related to the task description "cool some pan and put it in sinkbasin." In the images, we can see a fridge labeled "Frost Aid" and a pot labeled "pot 1" on the countertop. The task hint mentions that the agent does not need to use the fridge button or open the fridge to cool the object, implying that the pot is already in a position to be cooled by the fridge. Therefore, the fridge and the pot are the relevant objects for this task.

Secondly, based on the task hint, the agent must find the pot (which is already visible), cool it with the fridge (the fridge is also visible), and then find the correct location to place it, which is the sinkbasin. As per the initial observation, there is only one sinkbasin mentioned, which is sinkbasin 1.

Considering the information provided and the actions the agent can take, the most reasonable action for the task description "cool some pan and put it in sinkbasin" would be to first cool the pot with the fridge, which is already done according to the task hint, and then go to the sinkbasin to place the cooled pot inside.

The answer is: (27): go to sinkbasin 1.

----------------------------------------

----------------------------------------

>>> Refine Original VLM Response and Get Pure Action: go to sinkbasin 1

----------------------------------------

-----------------------------------------------------------------

Running time: 13.588504791259766 seconds

Total Money: 10.338769999999998

-----------------------------------------------------------------

-----------------------------------------------------------------

Text Observation:You arrive at loc 27. On the sinkbasin 1, you see a vase 1, a fork 1, a faucet 1, and a knife 1.

--------------------------------------------------------------------------------------------------------------------------task: 16---------------------------------------------------------
--------------------------------------------------------------------------------------------------------------------------------------------------------------------
--------------------------------------------------------------------------------------------------------------------------------------------------------------------
Step:--------------------------------------------------------------------------19-------------------------------------------------------------------------------
----------------------------------------
VLM Prompt:
Image1:
<image>
Image2:
<image>
Image3:
<image>
**Instruction**
1. Analyze the provided image to identify all visible household objects, focusing on those relevant to the task description "cool some pan and put it in sinkbasin."
2. Use the analysis of the image and the task hint "The agent must find an object of the desired type, pick it up, go to a fridge, cool the object with the fridge, then find the correct location to place it, and put it down there. The agent does not need to use the fridge button or open the fridge to cool the object, and the agent just needs to do action that is "cool the object with the fridge"." to answer the question: what is the most reasonable action in the choices for the task description "cool some pan and put it in sinkbasin"?
4. Decide and write the answer using the template: The answer is: (i): <selected_action>, where i is the real number. If there is no desired object in the image, search every place based on **Initial Observation** to find the object. And if no one is exactly correct, choose a similar answer.

**Initial Observation**
You are in the middle of a room. Looking quickly around you, you can see cabinet (1-9), countertop (1-3), drawer (1-9), stoveburner (1-4), microwave (1), sink (1), fridge (1), toaster (1), coffeemachine (1), sinkbasin (1), shelf (1-3), garbagecan (1)

**Answer Choices**
(1): go to cabinet 1
(2): go to countertop 1
(3): go to cabinet 2
(4): go to countertop 2
(5): go to drawer 1
(6): go to drawer 2
(7): go to drawer 3
(8): go to drawer 4
(9): go to stoveburner 1
(10): go to drawer 5
(11): go to stoveburner 2
(12): go to stoveburner 3
(13): go to stoveburner 4
(14): go to cabinet 3
(15): go to cabinet 4
(16): go to microwave 1
(17): go to cabinet 5
(18): go to cabinet 6
(19): go to cabinet 7
(20): go to sink 1
(21): go to fridge 1
(22): go to toaster 1
(23): go to coffeemachine 1
(24): go to cabinet 8
(25): go to drawer 6
(26): go to drawer 7
(27): go to drawer 8
(28): go to shelf 1
(29): go to shelf 2
(30): go to countertop 3
(31): go to shelf 3
(32): go to drawer 9
(33): go to cabinet 9
(34): go to garbagecan 1
(35): put pot 1 in/on sinkbasin 1
(36): clean pot 1 with sink 1
(37): clean pot 1 with sinkbasin 1
(38): examine pot 1
(39): examine sinkbasin 1

**Answer**
Let's think step by step by following the instructions.
----------------------------------------

----------------------------------------

Original Response:
The task is to "cool some pan and put it in sinkbasin." Image 3 shows a pot (pot 1) and a sink basin (sinkbasin 1), which are relevant to the task. We can also see a fridge (fridge 1) in Image 1 and Image 2, which is needed to cool the pot. According to the task hint, the agent needs to find the pot, cool it with the fridge, and then put it in the sink basin.

Based on the **Initial Observation**, the agent is already in the middle of the room with a pot (pot 1) and a sink basin (sinkbasin 1) visible. The fridge (fridge 1) is also present in the images, which means the agent does not need to search further for these objects.

Now, following the task description and hint, the most reasonable action from the given choices is to cool the pot with the fridge and then put it in the sink basin. Since the agent does not need to use any buttons or open the fridge to cool the object, the next logical step is to place the cooled pot in the sink basin. 

Therefore, the answer is: (35): put pot 1 in/on sinkbasin 1.

----------------------------------------

----------------------------------------

>>> Refine Original VLM Response and Get Pure Action: No action

----------------------------------------

-----------------------------------------------------------------

Running time: 15.248923063278198 seconds

Total Money: 10.376809999999999

-----------------------------------------------------------------

-----------------------------------------------------------------

Text Observation:Nothing happens.

-----------------------------------------------------------------